Params: n= 4
Tactic call rewrite_strat-topdown ran for 0.001 secs (0.u,0.s) (success)
Tactic call rewrite_strat-topdown-noop ran for 0. secs (0.u,0.s) (success)
Tactic call abstract+rewrite_strat-topdown ran for 0.002 secs (0.001u,0.s) (success)
Tactic call close-abstract+rewrite_strat-topdown ran for 0. secs (0.u,0.s)
Params: n= 5
Tactic call rewrite_strat-topdown ran for 0.001 secs (0.001u,0.s) (success)
Tactic call rewrite_strat-topdown-noop ran for 0. secs (0.u,0.s) (success)
Tactic call abstract+rewrite_strat-topdown ran for 0.002 secs (0.002u,0.s) (success)
Tactic call close-abstract+rewrite_strat-topdown ran for 0. secs (0.u,0.s)
Params: n= 6
Tactic call rewrite_strat-topdown ran for 0.001 secs (0.u,0.001s) (success)
Tactic call rewrite_strat-topdown-noop ran for 0. secs (0.u,0.s) (success)
Tactic call abstract+rewrite_strat-topdown ran for 0.002 secs (0.u,0.002s) (success)
Tactic call close-abstract+rewrite_strat-topdown ran for 0.001 secs (0.u,0.001s)
Params: n= 7
Tactic call rewrite_strat-topdown ran for 0.002 secs (0.002u,0.s) (success)
Tactic call rewrite_strat-topdown-noop ran for 0. secs (0.u,0.s) (success)
Tactic call abstract+rewrite_strat-topdown ran for 0.003 secs (0.002u,0.s) (success)
Tactic call close-abstract+rewrite_strat-topdown ran for 0. secs (0.u,0.s)
Params: n= 8
Tactic call rewrite_strat-topdown ran for 0.002 secs (0.002u,0.s) (success)
Tactic call rewrite_strat-topdown-noop ran for 0. secs (0.u,0.s) (success)
Tactic call abstract+rewrite_strat-topdown ran for 0.003 secs (0.003u,0.s) (success)
Tactic call close-abstract+rewrite_strat-topdown ran for 0.001 secs (0.001u,0.s)
Params: n= 9
Tactic call rewrite_strat-topdown ran for 0.002 secs (0.002u,0.s) (success)
Tactic call rewrite_strat-topdown-noop ran for 0. secs (0.u,0.s) (success)
Tactic call abstract+rewrite_strat-topdown ran for 0.004 secs (0.004u,0.s) (success)
Tactic call close-abstract+rewrite_strat-topdown ran for 0.001 secs (0.001u,0.s)
Params: n= 10
Tactic call rewrite_strat-topdown ran for 0.003 secs (0.003u,0.s) (success)
Tactic call rewrite_strat-topdown-noop ran for 0. secs (0.u,0.s) (success)
Tactic call abstract+rewrite_strat-topdown ran for 0.005 secs (0.005u,0.s) (success)
Tactic call close-abstract+rewrite_strat-topdown ran for 0.001 secs (0.001u,0.s)
Params: n= 11
Tactic call rewrite_strat-topdown ran for 0.003 secs (0.u,0.003s) (success)
Tactic call rewrite_strat-topdown-noop ran for 0. secs (0.u,0.s) (success)
Tactic call abstract+rewrite_strat-topdown ran for 0.005 secs (0.001u,0.003s) (success)
Tactic call close-abstract+rewrite_strat-topdown ran for 0.001 secs (0.001u,0.s)
Params: n= 12
Tactic call rewrite_strat-topdown ran for 0.003 secs (0.u,0.003s) (success)
Tactic call rewrite_strat-topdown-noop ran for 0. secs (0.u,0.s) (success)
Tactic call abstract+rewrite_strat-topdown ran for 0.005 secs (0.u,0.005s) (success)
Tactic call close-abstract+rewrite_strat-topdown ran for 0.001 secs (0.u,0.001s)
Params: n= 13
Tactic call rewrite_strat-topdown ran for 0.048 secs (0.035u,0.013s) (success)
Tactic call rewrite_strat-topdown-noop ran for 0. secs (0.u,0.s) (success)
Tactic call abstract+rewrite_strat-topdown ran for 0.05 secs (0.037u,0.013s) (success)
Tactic call close-abstract+rewrite_strat-topdown ran for 0.001 secs (0.001u,0.s)
Params: n= 14
Tactic call rewrite_strat-topdown ran for 0.003 secs (0.003u,0.s) (success)
Tactic call rewrite_strat-topdown-noop ran for 0. secs (0.u,0.s) (success)
Tactic call abstract+rewrite_strat-topdown ran for 0.005 secs (0.005u,0.s) (success)
Tactic call close-abstract+rewrite_strat-topdown ran for 0.001 secs (0.001u,0.s)
Params: n= 15
Tactic call rewrite_strat-topdown ran for 0.003 secs (0.003u,0.s) (success)
Tactic call rewrite_strat-topdown-noop ran for 0. secs (0.u,0.s) (success)
Tactic call abstract+rewrite_strat-topdown ran for 0.005 secs (0.005u,0.s) (success)
Tactic call close-abstract+rewrite_strat-topdown ran for 0.001 secs (0.001u,0.s)
Params: n= 16
Tactic call rewrite_strat-topdown ran for 0.003 secs (0.003u,0.s) (success)
Tactic call rewrite_strat-topdown-noop ran for 0. secs (0.u,0.s) (success)
Tactic call abstract+rewrite_strat-topdown ran for 0.006 secs (0.006u,0.s) (success)
Tactic call close-abstract+rewrite_strat-topdown ran for 0.002 secs (0.002u,0.s)
Params: n= 17
Tactic call rewrite_strat-topdown ran for 0.003 secs (0.003u,0.s) (success)
Tactic call rewrite_strat-topdown-noop ran for 0. secs (0.u,0.s) (success)
Tactic call abstract+rewrite_strat-topdown ran for 0.006 secs (0.006u,0.s) (success)
Tactic call close-abstract+rewrite_strat-topdown ran for 0.002 secs (0.002u,0.s)
Params: n= 18
Tactic call rewrite_strat-topdown ran for 0.004 secs (0.004u,0.s) (success)
Tactic call rewrite_strat-topdown-noop ran for 0. secs (0.u,0.s) (success)
Tactic call abstract+rewrite_strat-topdown ran for 0.007 secs (0.007u,0.s) (success)
Tactic call close-abstract+rewrite_strat-topdown ran for 0.002 secs (0.002u,0.s)
Params: n= 19
Tactic call rewrite_strat-topdown ran for 0.004 secs (0.004u,0.s) (success)
Tactic call rewrite_strat-topdown-noop ran for 0. secs (0.u,0.s) (success)
Tactic call abstract+rewrite_strat-topdown ran for 0.007 secs (0.007u,0.s) (success)
Tactic call close-abstract+rewrite_strat-topdown ran for 0.002 secs (0.002u,0.s)
Params: n= 20
Tactic call rewrite_strat-topdown ran for 0.005 secs (0.005u,0.s) (success)
Tactic call rewrite_strat-topdown-noop ran for 0. secs (0.u,0.s) (success)
Tactic call abstract+rewrite_strat-topdown ran for 0.008 secs (0.008u,0.s) (success)
Tactic call close-abstract+rewrite_strat-topdown ran for 0.003 secs (0.003u,0.s)
Params: n= 21
Tactic call rewrite_strat-topdown ran for 0.006 secs (0.003u,0.003s) (success)
Tactic call rewrite_strat-topdown-noop ran for 0. secs (0.u,0.s) (success)
Tactic call abstract+rewrite_strat-topdown ran for 0.011 secs (0.007u,0.003s) (success)
Tactic call close-abstract+rewrite_strat-topdown ran for 0.003 secs (0.003u,0.s)
Params: n= 22
Tactic call rewrite_strat-topdown ran for 0.005 secs (0.005u,0.s) (success)
Tactic call rewrite_strat-topdown-noop ran for 0. secs (0.u,0.s) (success)
Tactic call abstract+rewrite_strat-topdown ran for 0.01 secs (0.01u,0.s) (success)
Tactic call close-abstract+rewrite_strat-topdown ran for 0.003 secs (0.003u,0.s)
Params: n= 23
Tactic call rewrite_strat-topdown ran for 0.006 secs (0.005u,0.s) (success)
Tactic call rewrite_strat-topdown-noop ran for 0. secs (0.u,0.s) (success)
Tactic call abstract+rewrite_strat-topdown ran for 0.01 secs (0.01u,0.s) (success)
Tactic call close-abstract+rewrite_strat-topdown ran for 0.004 secs (0.004u,0.s)
Params: n= 24
Tactic call rewrite_strat-topdown ran for 0.006 secs (0.006u,0.s) (success)
Tactic call rewrite_strat-topdown-noop ran for 0. secs (0.u,0.s) (success)
Tactic call abstract+rewrite_strat-topdown ran for 0.011 secs (0.011u,0.s) (success)
Tactic call close-abstract+rewrite_strat-topdown ran for 0.004 secs (0.004u,0.s)
Params: n= 25
Tactic call rewrite_strat-topdown ran for 0.006 secs (0.006u,0.s) (success)
Tactic call rewrite_strat-topdown-noop ran for 0. secs (0.u,0.s) (success)
Tactic call abstract+rewrite_strat-topdown ran for 0.012 secs (0.012u,0.s) (success)
Tactic call close-abstract+rewrite_strat-topdown ran for 0.004 secs (0.004u,0.s)
Params: n= 26
Tactic call rewrite_strat-topdown ran for 0.009 secs (0.009u,0.s) (success)
Tactic call rewrite_strat-topdown-noop ran for 0. secs (0.u,0.s) (success)
Tactic call abstract+rewrite_strat-topdown ran for 0.015 secs (0.015u,0.s) (success)
Tactic call close-abstract+rewrite_strat-topdown ran for 0.005 secs (0.005u,0.s)
Params: n= 27
Tactic call rewrite_strat-topdown ran for 0.007 secs (0.007u,0.s) (success)
Tactic call rewrite_strat-topdown-noop ran for 0. secs (0.u,0.s) (success)
Tactic call abstract+rewrite_strat-topdown ran for 0.013 secs (0.013u,0.s) (success)
Tactic call close-abstract+rewrite_strat-topdown ran for 0.005 secs (0.005u,0.s)
Params: n= 28
Tactic call rewrite_strat-topdown ran for 0.008 secs (0.008u,0.s) (success)
Tactic call rewrite_strat-topdown-noop ran for 0. secs (0.u,0.s) (success)
Tactic call abstract+rewrite_strat-topdown ran for 0.014 secs (0.011u,0.003s) (success)
Tactic call close-abstract+rewrite_strat-topdown ran for 0.005 secs (0.002u,0.003s)
Params: n= 29
Tactic call rewrite_strat-topdown ran for 0.008 secs (0.008u,0.s) (success)
Tactic call rewrite_strat-topdown-noop ran for 0. secs (0.u,0.s) (success)
Tactic call abstract+rewrite_strat-topdown ran for 0.015 secs (0.015u,0.s) (success)
Tactic call close-abstract+rewrite_strat-topdown ran for 0.006 secs (0.006u,0.s)
Params: n= 30
Tactic call rewrite_strat-topdown ran for 0.011 secs (0.007u,0.003s) (success)
Tactic call rewrite_strat-topdown-noop ran for 0. secs (0.u,0.s) (success)
Tactic call abstract+rewrite_strat-topdown ran for 0.018 secs (0.014u,0.003s) (success)
Tactic call close-abstract+rewrite_strat-topdown ran for 0.006 secs (0.006u,0.s)
Params: n= 31
Tactic call rewrite_strat-topdown ran for 0.009 secs (0.009u,0.s) (success)
Tactic call rewrite_strat-topdown-noop ran for 0. secs (0.u,0.s) (success)
Tactic call abstract+rewrite_strat-topdown ran for 0.017 secs (0.017u,0.s) (success)
Tactic call close-abstract+rewrite_strat-topdown ran for 0.007 secs (0.007u,0.s)
Params: n= 32
Tactic call rewrite_strat-topdown ran for 0.01 secs (0.01u,0.s) (success)
Tactic call rewrite_strat-topdown-noop ran for 0. secs (0.u,0.s) (success)
Tactic call abstract+rewrite_strat-topdown ran for 0.018 secs (0.018u,0.s) (success)
Tactic call close-abstract+rewrite_strat-topdown ran for 0.007 secs (0.007u,0.s)
Params: n= 33
Tactic call rewrite_strat-topdown ran for 0.013 secs (0.013u,0.s) (success)
Tactic call rewrite_strat-topdown-noop ran for 0. secs (0.u,0.s) (success)
Tactic call abstract+rewrite_strat-topdown ran for 0.022 secs (0.022u,0.s) (success)
Tactic call close-abstract+rewrite_strat-topdown ran for 0.007 secs (0.007u,0.s)
Params: n= 34
Tactic call rewrite_strat-topdown ran for 0.011 secs (0.011u,0.s) (success)
Tactic call rewrite_strat-topdown-noop ran for 0. secs (0.u,0.s) (success)
Tactic call abstract+rewrite_strat-topdown ran for 0.02 secs (0.02u,0.s) (success)
Tactic call close-abstract+rewrite_strat-topdown ran for 0.008 secs (0.008u,0.s)
Params: n= 35
Tactic call rewrite_strat-topdown ran for 0.011 secs (0.011u,0.s) (success)
Tactic call rewrite_strat-topdown-noop ran for 0. secs (0.u,0.s) (success)
Tactic call abstract+rewrite_strat-topdown ran for 0.021 secs (0.021u,0.s) (success)
Tactic call close-abstract+rewrite_strat-topdown ran for 0.008 secs (0.008u,0.s)
Params: n= 36
Tactic call rewrite_strat-topdown ran for 0.013 secs (0.013u,0.s) (success)
Tactic call rewrite_strat-topdown-noop ran for 0. secs (0.u,0.s) (success)
Tactic call abstract+rewrite_strat-topdown ran for 0.023 secs (0.023u,0.s) (success)
Tactic call close-abstract+rewrite_strat-topdown ran for 0.009 secs (0.009u,0.s)
Params: n= 37
Tactic call rewrite_strat-topdown ran for 0.013 secs (0.013u,0.s) (success)
Tactic call rewrite_strat-topdown-noop ran for 0. secs (0.u,0.s) (success)
Tactic call abstract+rewrite_strat-topdown ran for 0.023 secs (0.023u,0.s) (success)
Tactic call close-abstract+rewrite_strat-topdown ran for 0.009 secs (0.009u,0.s)
Params: n= 38
Tactic call rewrite_strat-topdown ran for 0.015 secs (0.015u,0.s) (success)
Tactic call rewrite_strat-topdown-noop ran for 0. secs (0.u,0.s) (success)
Tactic call abstract+rewrite_strat-topdown ran for 0.026 secs (0.026u,0.s) (success)
Tactic call close-abstract+rewrite_strat-topdown ran for 0.01 secs (0.01u,0.s)
Params: n= 39
Tactic call rewrite_strat-topdown ran for 0.014 secs (0.014u,0.s) (success)
Tactic call rewrite_strat-topdown-noop ran for 0. secs (0.u,0.s) (success)
Tactic call abstract+rewrite_strat-topdown ran for 0.026 secs (0.026u,0.s) (success)
Tactic call close-abstract+rewrite_strat-topdown ran for 0.01 secs (0.01u,0.s)
Params: n= 40
Tactic call rewrite_strat-topdown ran for 0.014 secs (0.014u,0.s) (success)
Tactic call rewrite_strat-topdown-noop ran for 0. secs (0.u,0.s) (success)
Tactic call abstract+rewrite_strat-topdown ran for 0.028 secs (0.028u,0.s) (success)
Tactic call close-abstract+rewrite_strat-topdown ran for 0.012 secs (0.012u,0.s)
Params: n= 41
Tactic call rewrite_strat-topdown ran for 0.015 secs (0.015u,0.s) (success)
Tactic call rewrite_strat-topdown-noop ran for 0. secs (0.u,0.s) (success)
Tactic call abstract+rewrite_strat-topdown ran for 0.028 secs (0.028u,0.s) (success)
Tactic call close-abstract+rewrite_strat-topdown ran for 0.011 secs (0.011u,0.s)
Params: n= 42
Tactic call rewrite_strat-topdown ran for 0.016 secs (0.016u,0.s) (success)
Tactic call rewrite_strat-topdown-noop ran for 0. secs (0.u,0.s) (success)
Tactic call abstract+rewrite_strat-topdown ran for 0.032 secs (0.032u,0.s) (success)
Tactic call close-abstract+rewrite_strat-topdown ran for 0.015 secs (0.015u,0.s)
Params: n= 43
Tactic call rewrite_strat-topdown ran for 0.016 secs (0.016u,0.s) (success)
Tactic call rewrite_strat-topdown-noop ran for 0. secs (0.u,0.s) (success)
Tactic call abstract+rewrite_strat-topdown ran for 0.03 secs (0.03u,0.s) (success)
Tactic call close-abstract+rewrite_strat-topdown ran for 0.012 secs (0.012u,0.s)
Params: n= 44
Tactic call rewrite_strat-topdown ran for 0.019 secs (0.019u,0.s) (success)
Tactic call rewrite_strat-topdown-noop ran for 0. secs (0.u,0.s) (success)
Tactic call abstract+rewrite_strat-topdown ran for 0.033 secs (0.033u,0.s) (success)
Tactic call close-abstract+rewrite_strat-topdown ran for 0.013 secs (0.013u,0.s)
Params: n= 45
Tactic call rewrite_strat-topdown ran for 0.018 secs (0.018u,0.s) (success)
Tactic call rewrite_strat-topdown-noop ran for 0. secs (0.u,0.s) (success)
Tactic call abstract+rewrite_strat-topdown ran for 0.033 secs (0.033u,0.s) (success)
Tactic call close-abstract+rewrite_strat-topdown ran for 0.014 secs (0.014u,0.s)
Params: n= 46
Tactic call rewrite_strat-topdown ran for 0.022 secs (0.022u,0.s) (success)
Tactic call rewrite_strat-topdown-noop ran for 0. secs (0.u,0.s) (success)
Tactic call abstract+rewrite_strat-topdown ran for 0.038 secs (0.038u,0.s) (success)
Tactic call close-abstract+rewrite_strat-topdown ran for 0.014 secs (0.014u,0.s)
Params: n= 47
Tactic call rewrite_strat-topdown ran for 0.019 secs (0.019u,0.s) (success)
Tactic call rewrite_strat-topdown-noop ran for 0. secs (0.u,0.s) (success)
Tactic call abstract+rewrite_strat-topdown ran for 0.036 secs (0.036u,0.s) (success)
Tactic call close-abstract+rewrite_strat-topdown ran for 0.016 secs (0.016u,0.s)
Params: n= 48
Tactic call rewrite_strat-topdown ran for 0.02 secs (0.02u,0.s) (success)
Tactic call rewrite_strat-topdown-noop ran for 0. secs (0.u,0.s) (success)
Tactic call abstract+rewrite_strat-topdown ran for 0.037 secs (0.037u,0.s) (success)
Tactic call close-abstract+rewrite_strat-topdown ran for 0.015 secs (0.015u,0.s)
Params: n= 49
Tactic call rewrite_strat-topdown ran for 0.022 secs (0.022u,0.s) (success)
Tactic call rewrite_strat-topdown-noop ran for 0. secs (0.u,0.s) (success)
Tactic call abstract+rewrite_strat-topdown ran for 0.039 secs (0.039u,0.s) (success)
Tactic call close-abstract+rewrite_strat-topdown ran for 0.016 secs (0.016u,0.s)
Params: n= 51
Tactic call rewrite_strat-topdown ran for 0.022 secs (0.022u,0.s) (success)
Tactic call rewrite_strat-topdown-noop ran for 0. secs (0.u,0.s) (success)
Tactic call abstract+rewrite_strat-topdown ran for 0.042 secs (0.042u,0.s) (success)
Tactic call close-abstract+rewrite_strat-topdown ran for 0.018 secs (0.018u,0.s)
Params: n= 52
Tactic call rewrite_strat-topdown ran for 0.023 secs (0.023u,0.s) (success)
Tactic call rewrite_strat-topdown-noop ran for 0. secs (0.u,0.s) (success)
Tactic call abstract+rewrite_strat-topdown ran for 0.043 secs (0.043u,0.s) (success)
Tactic call close-abstract+rewrite_strat-topdown ran for 0.018 secs (0.018u,0.s)
Params: n= 53
Tactic call rewrite_strat-topdown ran for 0.025 secs (0.025u,0.s) (success)
Tactic call rewrite_strat-topdown-noop ran for 0. secs (0.u,0.s) (success)
Tactic call abstract+rewrite_strat-topdown ran for 0.046 secs (0.046u,0.s) (success)
Tactic call close-abstract+rewrite_strat-topdown ran for 0.019 secs (0.019u,0.s)
Params: n= 54
Tactic call rewrite_strat-topdown ran for 0.027 secs (0.027u,0.s) (success)
Tactic call rewrite_strat-topdown-noop ran for 0. secs (0.u,0.s) (success)
Tactic call abstract+rewrite_strat-topdown ran for 0.047 secs (0.047u,0.s) (success)
Tactic call close-abstract+rewrite_strat-topdown ran for 0.019 secs (0.019u,0.s)
Params: n= 55
Tactic call rewrite_strat-topdown ran for 0.026 secs (0.026u,0.s) (success)
Tactic call rewrite_strat-topdown-noop ran for 0. secs (0.u,0.s) (success)
Tactic call abstract+rewrite_strat-topdown ran for 0.051 secs (0.051u,0.s) (success)
Tactic call close-abstract+rewrite_strat-topdown ran for 0.02 secs (0.02u,0.s)
Params: n= 56
Tactic call rewrite_strat-topdown ran for 0.027 secs (0.027u,0.s) (success)
Tactic call rewrite_strat-topdown-noop ran for 0. secs (0.u,0.s) (success)
Tactic call abstract+rewrite_strat-topdown ran for 0.052 secs (0.052u,0.s) (success)
Tactic call close-abstract+rewrite_strat-topdown ran for 0.023 secs (0.023u,0.s)
Params: n= 57
Tactic call rewrite_strat-topdown ran for 0.028 secs (0.028u,0.s) (success)
Tactic call rewrite_strat-topdown-noop ran for 0. secs (0.u,0.s) (success)
Tactic call abstract+rewrite_strat-topdown ran for 0.054 secs (0.054u,0.s) (success)
Tactic call close-abstract+rewrite_strat-topdown ran for 0.025 secs (0.025u,0.s)
Params: n= 58
Tactic call rewrite_strat-topdown ran for 0.029 secs (0.029u,0.s) (success)
Tactic call rewrite_strat-topdown-noop ran for 0. secs (0.u,0.s) (success)
Tactic call abstract+rewrite_strat-topdown ran for 0.053 secs (0.053u,0.s) (success)
Tactic call close-abstract+rewrite_strat-topdown ran for 0.022 secs (0.022u,0.s)
Params: n= 59
Tactic call rewrite_strat-topdown ran for 0.03 secs (0.03u,0.s) (success)
Tactic call rewrite_strat-topdown-noop ran for 0. secs (0.u,0.s) (success)
Tactic call abstract+rewrite_strat-topdown ran for 0.055 secs (0.055u,0.s) (success)
Tactic call close-abstract+rewrite_strat-topdown ran for 0.023 secs (0.023u,0.s)
Params: n= 60
Tactic call rewrite_strat-topdown ran for 0.031 secs (0.031u,0.s) (success)
Tactic call rewrite_strat-topdown-noop ran for 0. secs (0.u,0.s) (success)
Tactic call abstract+rewrite_strat-topdown ran for 0.057 secs (0.057u,0.s) (success)
Tactic call close-abstract+rewrite_strat-topdown ran for 0.024 secs (0.024u,0.s)
Params: n= 61
Tactic call rewrite_strat-topdown ran for 0.032 secs (0.032u,0.s) (success)
Tactic call rewrite_strat-topdown-noop ran for 0. secs (0.u,0.s) (success)
Tactic call abstract+rewrite_strat-topdown ran for 0.059 secs (0.059u,0.s) (success)
Tactic call close-abstract+rewrite_strat-topdown ran for 0.025 secs (0.025u,0.s)
Params: n= 62
Tactic call rewrite_strat-topdown ran for 0.034 secs (0.034u,0.s) (success)
Tactic call rewrite_strat-topdown-noop ran for 0. secs (0.u,0.s) (success)
Tactic call abstract+rewrite_strat-topdown ran for 0.061 secs (0.061u,0.s) (success)
Tactic call close-abstract+rewrite_strat-topdown ran for 0.026 secs (0.026u,0.s)
Params: n= 63
Tactic call rewrite_strat-topdown ran for 0.034 secs (0.034u,0.s) (success)
Tactic call rewrite_strat-topdown-noop ran for 0. secs (0.u,0.s) (success)
Tactic call abstract+rewrite_strat-topdown ran for 0.063 secs (0.063u,0.s) (success)
Tactic call close-abstract+rewrite_strat-topdown ran for 0.027 secs (0.027u,0.s)
Params: n= 64
Tactic call rewrite_strat-topdown ran for 0.035 secs (0.035u,0.s) (success)
Tactic call rewrite_strat-topdown-noop ran for 0. secs (0.u,0.s) (success)
Tactic call abstract+rewrite_strat-topdown ran for 0.065 secs (0.065u,0.s) (success)
Tactic call close-abstract+rewrite_strat-topdown ran for 0.028 secs (0.028u,0.s)
Params: n= 65
Tactic call rewrite_strat-topdown ran for 0.036 secs (0.036u,0.s) (success)
Tactic call rewrite_strat-topdown-noop ran for 0. secs (0.u,0.s) (success)
Tactic call abstract+rewrite_strat-topdown ran for 0.068 secs (0.068u,0.s) (success)
Tactic call close-abstract+rewrite_strat-topdown ran for 0.03 secs (0.03u,0.s)
Params: n= 66
Tactic call rewrite_strat-topdown ran for 0.037 secs (0.037u,0.s) (success)
Tactic call rewrite_strat-topdown-noop ran for 0. secs (0.u,0.s) (success)
Tactic call abstract+rewrite_strat-topdown ran for 0.07 secs (0.07u,0.s) (success)
Tactic call close-abstract+rewrite_strat-topdown ran for 0.03 secs (0.03u,0.s)
Params: n= 67
Tactic call rewrite_strat-topdown ran for 0.041 secs (0.041u,0.s) (success)
Tactic call rewrite_strat-topdown-noop ran for 0. secs (0.u,0.s) (success)
Tactic call abstract+rewrite_strat-topdown ran for 0.073 secs (0.073u,0.s) (success)
Tactic call close-abstract+rewrite_strat-topdown ran for 0.03 secs (0.03u,0.s)
Params: n= 68
Tactic call rewrite_strat-topdown ran for 0.04 secs (0.04u,0.s) (success)
Tactic call rewrite_strat-topdown-noop ran for 0. secs (0.u,0.s) (success)
Tactic call abstract+rewrite_strat-topdown ran for 0.073 secs (0.073u,0.s) (success)
Tactic call close-abstract+rewrite_strat-topdown ran for 0.03 secs (0.03u,0.s)
Params: n= 69
Tactic call rewrite_strat-topdown ran for 0.042 secs (0.042u,0.s) (success)
Tactic call rewrite_strat-topdown-noop ran for 0. secs (0.u,0.s) (success)
Tactic call abstract+rewrite_strat-topdown ran for 0.077 secs (0.077u,0.s) (success)
Tactic call close-abstract+rewrite_strat-topdown ran for 0.032 secs (0.032u,0.s)
Params: n= 70
Tactic call rewrite_strat-topdown ran for 0.042 secs (0.042u,0.s) (success)
Tactic call rewrite_strat-topdown-noop ran for 0. secs (0.u,0.s) (success)
Tactic call abstract+rewrite_strat-topdown ran for 0.078 secs (0.078u,0.s) (success)
Tactic call close-abstract+rewrite_strat-topdown ran for 0.034 secs (0.034u,0.s)
Params: n= 71
Tactic call rewrite_strat-topdown ran for 0.045 secs (0.045u,0.s) (success)
Tactic call rewrite_strat-topdown-noop ran for 0. secs (0.u,0.s) (success)
Tactic call abstract+rewrite_strat-topdown ran for 0.08 secs (0.08u,0.s) (success)
Tactic call close-abstract+rewrite_strat-topdown ran for 0.033 secs (0.033u,0.s)
Params: n= 72
Tactic call rewrite_strat-topdown ran for 0.048 secs (0.048u,0.s) (success)
Tactic call rewrite_strat-topdown-noop ran for 0. secs (0.u,0.s) (success)
Tactic call abstract+rewrite_strat-topdown ran for 0.086 secs (0.086u,0.s) (success)
Tactic call close-abstract+rewrite_strat-topdown ran for 0.036 secs (0.036u,0.s)
Params: n= 73
Tactic call rewrite_strat-topdown ran for 0.045 secs (0.045u,0.s) (success)
Tactic call rewrite_strat-topdown-noop ran for 0. secs (0.u,0.s) (success)
Tactic call abstract+rewrite_strat-topdown ran for 0.085 secs (0.085u,0.s) (success)
Tactic call close-abstract+rewrite_strat-topdown ran for 0.038 secs (0.038u,0.s)
Params: n= 74
Tactic call rewrite_strat-topdown ran for 0.048 secs (0.048u,0.s) (success)
Tactic call rewrite_strat-topdown-noop ran for 0. secs (0.u,0.s) (success)
Tactic call abstract+rewrite_strat-topdown ran for 0.086 secs (0.086u,0.s) (success)
Tactic call close-abstract+rewrite_strat-topdown ran for 0.036 secs (0.036u,0.s)
Params: n= 75
Tactic call rewrite_strat-topdown ran for 0.05 secs (0.05u,0.s) (success)
Tactic call rewrite_strat-topdown-noop ran for 0. secs (0.u,0.s) (success)
Tactic call abstract+rewrite_strat-topdown ran for 0.095 secs (0.091u,0.003s) (success)
Tactic call close-abstract+rewrite_strat-topdown ran for 0.042 secs (0.038u,0.003s)
Params: n= 76
Tactic call rewrite_strat-topdown ran for 0.059 secs (0.059u,0.s) (success)
Tactic call rewrite_strat-topdown-noop ran for 0. secs (0.u,0.s) (success)
Tactic call abstract+rewrite_strat-topdown ran for 0.1 secs (0.1u,0.s) (success)
Tactic call close-abstract+rewrite_strat-topdown ran for 0.038 secs (0.038u,0.s)
Params: n= 77
Tactic call rewrite_strat-topdown ran for 0.051 secs (0.051u,0.s) (success)
Tactic call rewrite_strat-topdown-noop ran for 0. secs (0.u,0.s) (success)
Tactic call abstract+rewrite_strat-topdown ran for 0.094 secs (0.094u,0.s) (success)
Tactic call close-abstract+rewrite_strat-topdown ran for 0.04 secs (0.04u,0.s)
Params: n= 78
Tactic call rewrite_strat-topdown ran for 0.052 secs (0.052u,0.s) (success)
Tactic call rewrite_strat-topdown-noop ran for 0. secs (0.u,0.s) (success)
Tactic call abstract+rewrite_strat-topdown ran for 0.097 secs (0.097u,0.s) (success)
Tactic call close-abstract+rewrite_strat-topdown ran for 0.042 secs (0.042u,0.s)
Params: n= 79
Tactic call rewrite_strat-topdown ran for 0.056 secs (0.052u,0.003s) (success)
Tactic call rewrite_strat-topdown-noop ran for 0. secs (0.u,0.s) (success)
Tactic call abstract+rewrite_strat-topdown ran for 0.099 secs (0.095u,0.003s) (success)
Tactic call close-abstract+rewrite_strat-topdown ran for 0.04 secs (0.04u,0.s)
Params: n= 80
Tactic call rewrite_strat-topdown ran for 0.06 secs (0.06u,0.s) (success)
Tactic call rewrite_strat-topdown-noop ran for 0. secs (0.u,0.s) (success)
Tactic call abstract+rewrite_strat-topdown ran for 0.107 secs (0.107u,0.s) (success)
Tactic call close-abstract+rewrite_strat-topdown ran for 0.044 secs (0.044u,0.s)
Params: n= 81
Tactic call rewrite_strat-topdown ran for 0.059 secs (0.059u,0.s) (success)
Tactic call rewrite_strat-topdown-noop ran for 0. secs (0.u,0.s) (success)
Tactic call abstract+rewrite_strat-topdown ran for 0.105 secs (0.105u,0.s) (success)
Tactic call close-abstract+rewrite_strat-topdown ran for 0.044 secs (0.044u,0.s)
Params: n= 82
Tactic call rewrite_strat-topdown ran for 0.058 secs (0.058u,0.s) (success)
Tactic call rewrite_strat-topdown-noop ran for 0. secs (0.u,0.s) (success)
Tactic call abstract+rewrite_strat-topdown ran for 0.104 secs (0.104u,0.s) (success)
Tactic call close-abstract+rewrite_strat-topdown ran for 0.044 secs (0.044u,0.s)
Params: n= 83
Tactic call rewrite_strat-topdown ran for 0.059 secs (0.059u,0.s) (success)
Tactic call rewrite_strat-topdown-noop ran for 0. secs (0.u,0.s) (success)
Tactic call abstract+rewrite_strat-topdown ran for 0.108 secs (0.108u,0.s) (success)
Tactic call close-abstract+rewrite_strat-topdown ran for 0.046 secs (0.046u,0.s)
Params: n= 84
Tactic call rewrite_strat-topdown ran for 0.06 secs (0.06u,0.s) (success)
Tactic call rewrite_strat-topdown-noop ran for 0.001 secs (0.001u,0.s) (success)
Tactic call abstract+rewrite_strat-topdown ran for 0.109 secs (0.109u,0.s) (success)
Tactic call close-abstract+rewrite_strat-topdown ran for 0.047 secs (0.047u,0.s)
Params: n= 85
Tactic call rewrite_strat-topdown ran for 0.063 secs (0.063u,0.s) (success)
Tactic call rewrite_strat-topdown-noop ran for 0.001 secs (0.001u,0.s) (success)
Tactic call abstract+rewrite_strat-topdown ran for 0.115 secs (0.115u,0.s) (success)
Tactic call close-abstract+rewrite_strat-topdown ran for 0.05 secs (0.05u,0.s)
Params: n= 86
Tactic call rewrite_strat-topdown ran for 0.067 secs (0.067u,0.s) (success)
Tactic call rewrite_strat-topdown-noop ran for 0.001 secs (0.001u,0.s) (success)
Tactic call abstract+rewrite_strat-topdown ran for 0.13 secs (0.13u,0.s) (success)
Tactic call close-abstract+rewrite_strat-topdown ran for 0.06 secs (0.06u,0.s)
Params: n= 87
Tactic call rewrite_strat-topdown ran for 0.066 secs (0.063u,0.003s) (success)
Tactic call rewrite_strat-topdown-noop ran for 0.001 secs (0.001u,0.s) (success)
Tactic call abstract+rewrite_strat-topdown ran for 0.123 secs (0.12u,0.003s) (success)
Tactic call close-abstract+rewrite_strat-topdown ran for 0.055 secs (0.055u,0.s)
Params: n= 88
Tactic call rewrite_strat-topdown ran for 0.07 secs (0.07u,0.s) (success)
Tactic call rewrite_strat-topdown-noop ran for 0.001 secs (0.001u,0.s) (success)
Tactic call abstract+rewrite_strat-topdown ran for 0.132 secs (0.132u,0.s) (success)
Tactic call close-abstract+rewrite_strat-topdown ran for 0.059 secs (0.059u,0.s)
Params: n= 89
Tactic call rewrite_strat-topdown ran for 0.071 secs (0.071u,0.s) (success)
Tactic call rewrite_strat-topdown-noop ran for 0.001 secs (0.001u,0.s) (success)
Tactic call abstract+rewrite_strat-topdown ran for 0.132 secs (0.132u,0.s) (success)
Tactic call close-abstract+rewrite_strat-topdown ran for 0.059 secs (0.059u,0.s)
Params: n= 90
Tactic call rewrite_strat-topdown ran for 0.073 secs (0.073u,0.s) (success)
Tactic call rewrite_strat-topdown-noop ran for 0.001 secs (0.001u,0.s) (success)
Tactic call abstract+rewrite_strat-topdown ran for 0.128 secs (0.128u,0.s) (success)
Tactic call close-abstract+rewrite_strat-topdown ran for 0.052 secs (0.052u,0.s)
Params: n= 91
Tactic call rewrite_strat-topdown ran for 0.076 secs (0.072u,0.003s) (success)
Tactic call rewrite_strat-topdown-noop ran for 0.001 secs (0.001u,0.s) (success)
Tactic call abstract+rewrite_strat-topdown ran for 0.129 secs (0.125u,0.004s) (success)
Tactic call close-abstract+rewrite_strat-topdown ran for 0.051 secs (0.051u,0.s)
Params: n= 92
Tactic call rewrite_strat-topdown ran for 0.076 secs (0.076u,0.s) (success)
Tactic call rewrite_strat-topdown-noop ran for 0.001 secs (0.001u,0.s) (success)
Tactic call abstract+rewrite_strat-topdown ran for 0.133 secs (0.133u,0.s) (success)
Tactic call close-abstract+rewrite_strat-topdown ran for 0.054 secs (0.054u,0.s)
Params: n= 93
Tactic call rewrite_strat-topdown ran for 0.074 secs (0.074u,0.s) (success)
Tactic call rewrite_strat-topdown-noop ran for 0.001 secs (0.001u,0.s) (success)
Tactic call abstract+rewrite_strat-topdown ran for 0.13 secs (0.13u,0.s) (success)
Tactic call close-abstract+rewrite_strat-topdown ran for 0.053 secs (0.053u,0.s)
Params: n= 94
Tactic call rewrite_strat-topdown ran for 0.076 secs (0.076u,0.s) (success)
Tactic call rewrite_strat-topdown-noop ran for 0.001 secs (0.001u,0.s) (success)
Tactic call abstract+rewrite_strat-topdown ran for 0.132 secs (0.132u,0.s) (success)
Tactic call close-abstract+rewrite_strat-topdown ran for 0.054 secs (0.054u,0.s)
Params: n= 95
Tactic call rewrite_strat-topdown ran for 0.076 secs (0.076u,0.s) (success)
Tactic call rewrite_strat-topdown-noop ran for 0.001 secs (0.001u,0.s) (success)
Tactic call abstract+rewrite_strat-topdown ran for 0.136 secs (0.136u,0.s) (success)
Tactic call close-abstract+rewrite_strat-topdown ran for 0.057 secs (0.057u,0.s)
Params: n= 96
Tactic call rewrite_strat-topdown ran for 0.08 secs (0.08u,0.s) (success)
Tactic call rewrite_strat-topdown-noop ran for 0.001 secs (0.001u,0.s) (success)
Tactic call abstract+rewrite_strat-topdown ran for 0.141 secs (0.141u,0.s) (success)
Tactic call close-abstract+rewrite_strat-topdown ran for 0.058 secs (0.058u,0.s)
Params: n= 97
Tactic call rewrite_strat-topdown ran for 0.086 secs (0.086u,0.s) (success)
Tactic call rewrite_strat-topdown-noop ran for 0.001 secs (0.001u,0.s) (success)
Tactic call abstract+rewrite_strat-topdown ran for 0.149 secs (0.149u,0.s) (success)
Tactic call close-abstract+rewrite_strat-topdown ran for 0.06 secs (0.06u,0.s)
Params: n= 98
Tactic call rewrite_strat-topdown ran for 0.087 secs (0.087u,0.s) (success)
Tactic call rewrite_strat-topdown-noop ran for 0.001 secs (0.001u,0.s) (success)
Tactic call abstract+rewrite_strat-topdown ran for 0.152 secs (0.152u,0.s) (success)
Tactic call close-abstract+rewrite_strat-topdown ran for 0.062 secs (0.062u,0.s)
Params: n= 99
Tactic call rewrite_strat-topdown ran for 0.084 secs (0.084u,0.s) (success)
Tactic call rewrite_strat-topdown-noop ran for 0.001 secs (0.001u,0.s) (success)
Tactic call abstract+rewrite_strat-topdown ran for 0.148 secs (0.148u,0.s) (success)
Tactic call close-abstract+rewrite_strat-topdown ran for 0.061 secs (0.061u,0.s)
Params: n= 110
Tactic call rewrite_strat-topdown ran for 0.104 secs (0.104u,0.s) (success)
Tactic call rewrite_strat-topdown-noop ran for 0.001 secs (0.001u,0.s) (success)
Tactic call abstract+rewrite_strat-topdown ran for 0.185 secs (0.185u,0.s) (success)
Tactic call close-abstract+rewrite_strat-topdown ran for 0.078 secs (0.078u,0.s)
Params: n= 120
Tactic call rewrite_strat-topdown ran for 0.125 secs (0.125u,0.s) (success)
Tactic call rewrite_strat-topdown-noop ran for 0.001 secs (0.001u,0.s) (success)
Tactic call abstract+rewrite_strat-topdown ran for 0.22 secs (0.22u,0.s) (success)
Tactic call close-abstract+rewrite_strat-topdown ran for 0.091 secs (0.091u,0.s)
Params: n= 130
Tactic call rewrite_strat-topdown ran for 0.151 secs (0.151u,0.s) (success)
Tactic call rewrite_strat-topdown-noop ran for 0.001 secs (0.001u,0.s) (success)
Tactic call abstract+rewrite_strat-topdown ran for 0.262 secs (0.262u,0.s) (success)
Tactic call close-abstract+rewrite_strat-topdown ran for 0.108 secs (0.108u,0.s)
Params: n= 140
Tactic call rewrite_strat-topdown ran for 0.171 secs (0.171u,0.s) (success)
Tactic call rewrite_strat-topdown-noop ran for 0.002 secs (0.002u,0.s) (success)
Tactic call abstract+rewrite_strat-topdown ran for 0.307 secs (0.303u,0.003s) (success)
Tactic call close-abstract+rewrite_strat-topdown ran for 0.132 secs (0.128u,0.003s)
Params: n= 160
Tactic call rewrite_strat-topdown ran for 0.23 secs (0.226u,0.003s) (success)
Tactic call rewrite_strat-topdown-noop ran for 0.002 secs (0.002u,0.s) (success)
Tactic call abstract+rewrite_strat-topdown ran for 0.431 secs (0.427u,0.003s) (success)
Tactic call close-abstract+rewrite_strat-topdown ran for 0.196 secs (0.196u,0.s)
Params: n= 170
Tactic call rewrite_strat-topdown ran for 0.281 secs (0.277u,0.003s) (success)
Tactic call rewrite_strat-topdown-noop ran for 0.002 secs (0.002u,0.s) (success)
Tactic call abstract+rewrite_strat-topdown ran for 0.512 secs (0.508u,0.004s) (success)
Tactic call close-abstract+rewrite_strat-topdown ran for 0.226 secs (0.226u,0.s)
Params: n= 180
Tactic call rewrite_strat-topdown ran for 0.32 secs (0.32u,0.s) (success)
Tactic call rewrite_strat-topdown-noop ran for 0.002 secs (0.002u,0.s) (success)
Tactic call abstract+rewrite_strat-topdown ran for 0.57 secs (0.566u,0.003s) (success)
Tactic call close-abstract+rewrite_strat-topdown ran for 0.245 secs (0.241u,0.003s)
Params: n= 190
Tactic call rewrite_strat-topdown ran for 0.377 secs (0.361u,0.015s) (success)
Tactic call rewrite_strat-topdown-noop ran for 0.003 secs (0.003u,0.s) (success)
Tactic call abstract+rewrite_strat-topdown ran for 0.605 secs (0.589u,0.015s) (success)
Tactic call close-abstract+rewrite_strat-topdown ran for 0.223 secs (0.223u,0.s)
Params: n= 210
Tactic call rewrite_strat-topdown ran for 0.427 secs (0.427u,0.s) (success)
Tactic call rewrite_strat-topdown-noop ran for 0.003 secs (0.003u,0.s) (success)
Tactic call abstract+rewrite_strat-topdown ran for 0.719 secs (0.719u,0.s) (success)
Tactic call close-abstract+rewrite_strat-topdown ran for 0.286 secs (0.286u,0.s)
Params: n= 220
Tactic call rewrite_strat-topdown ran for 0.48 secs (0.476u,0.003s) (success)
Tactic call rewrite_strat-topdown-noop ran for 0.004 secs (0.004u,0.s) (success)
Tactic call abstract+rewrite_strat-topdown ran for 0.792 secs (0.789u,0.003s) (success)
Tactic call close-abstract+rewrite_strat-topdown ran for 0.307 secs (0.307u,0.s)
Params: n= 230
Tactic call rewrite_strat-topdown ran for 0.578 secs (0.574u,0.003s) (success)
Tactic call rewrite_strat-topdown-noop ran for 0.004 secs (0.004u,0.s) (success)
Tactic call abstract+rewrite_strat-topdown ran for 0.959 secs (0.955u,0.004s) (success)
Tactic call close-abstract+rewrite_strat-topdown ran for 0.375 secs (0.375u,0.s)
Params: n= 240
Tactic call rewrite_strat-topdown ran for 0.59 secs (0.59u,0.s) (success)
Tactic call rewrite_strat-topdown-noop ran for 0.004 secs (0.004u,0.s) (success)
Tactic call abstract+rewrite_strat-topdown ran for 0.956 secs (0.956u,0.s) (success)
Tactic call close-abstract+rewrite_strat-topdown ran for 0.36 secs (0.36u,0.s)
Params: n= 260
Tactic call rewrite_strat-topdown ran for 0.691 secs (0.691u,0.s) (success)
Tactic call rewrite_strat-topdown-noop ran for 0.005 secs (0.005u,0.s) (success)
Tactic call abstract+rewrite_strat-topdown ran for 1.145 secs (1.145u,0.s) (success)
Tactic call close-abstract+rewrite_strat-topdown ran for 0.446 secs (0.446u,0.s)
Params: n= 270
Tactic call rewrite_strat-topdown ran for 0.779 secs (0.779u,0.s) (success)
Tactic call rewrite_strat-topdown-noop ran for 0.005 secs (0.005u,0.s) (success)
Tactic call abstract+rewrite_strat-topdown ran for 1.311 secs (1.311u,0.s) (success)
Tactic call close-abstract+rewrite_strat-topdown ran for 0.524 secs (0.524u,0.s)
Params: n= 280
Tactic call rewrite_strat-topdown ran for 0.832 secs (0.832u,0.s) (success)
Tactic call rewrite_strat-topdown-noop ran for 0.005 secs (0.005u,0.s) (success)
Tactic call abstract+rewrite_strat-topdown ran for 1.335 secs (1.335u,0.s) (success)
Tactic call close-abstract+rewrite_strat-topdown ran for 0.495 secs (0.495u,0.s)
Params: n= 290
Tactic call rewrite_strat-topdown ran for 0.86 secs (0.855u,0.003s) (success)
Tactic call rewrite_strat-topdown-noop ran for 0.006 secs (0.006u,0.s) (success)
Tactic call abstract+rewrite_strat-topdown ran for 1.424 secs (1.411u,0.011s) (success)
Tactic call close-abstract+rewrite_strat-topdown ran for 0.556 secs (0.548u,0.007s)
Params: n= 310
Tactic call rewrite_strat-topdown ran for 1.016 secs (1.016u,0.s) (success)
Tactic call rewrite_strat-topdown-noop ran for 0.007 secs (0.007u,0.s) (success)
Tactic call abstract+rewrite_strat-topdown ran for 1.686 secs (1.685u,0.s) (success)
Tactic call close-abstract+rewrite_strat-topdown ran for 0.66 secs (0.66u,0.s)
Params: n= 320
Tactic call rewrite_strat-topdown ran for 1.13 secs (1.129u,0.s) (success)
Tactic call rewrite_strat-topdown-noop ran for 0.007 secs (0.007u,0.s) (success)
Tactic call abstract+rewrite_strat-topdown ran for 1.792 secs (1.791u,0.s) (success)
Tactic call close-abstract+rewrite_strat-topdown ran for 0.652 secs (0.652u,0.s)
Params: n= 330
Tactic call rewrite_strat-topdown ran for 1.177 secs (1.177u,0.s) (success)
Tactic call rewrite_strat-topdown-noop ran for 0.007 secs (0.007u,0.s) (success)
Tactic call abstract+rewrite_strat-topdown ran for 1.888 secs (1.888u,0.s) (success)
Tactic call close-abstract+rewrite_strat-topdown ran for 0.701 secs (0.701u,0.s)
Params: n= 340
Tactic call rewrite_strat-topdown ran for 1.376 secs (1.376u,0.s) (success)
Tactic call rewrite_strat-topdown-noop ran for 0.008 secs (0.008u,0.s) (success)
Tactic call abstract+rewrite_strat-topdown ran for 2.141 secs (2.141u,0.s) (success)
Tactic call close-abstract+rewrite_strat-topdown ran for 0.754 secs (0.754u,0.s)
Params: n= 360
Tactic call rewrite_strat-topdown ran for 1.498 secs (1.498u,0.s) (success)
Tactic call rewrite_strat-topdown-noop ran for 0.009 secs (0.009u,0.s) (success)
Tactic call abstract+rewrite_strat-topdown ran for 2.432 secs (2.431u,0.s) (success)
Tactic call close-abstract+rewrite_strat-topdown ran for 0.923 secs (0.923u,0.s)
Params: n= 370
Tactic call rewrite_strat-topdown ran for 1.545 secs (1.537u,0.007s) (success)
Tactic call rewrite_strat-topdown-noop ran for 0.009 secs (0.009u,0.s) (success)
Tactic call abstract+rewrite_strat-topdown ran for 2.448 secs (2.432u,0.015s) (success)
Tactic call close-abstract+rewrite_strat-topdown ran for 0.891 secs (0.883u,0.007s)
Params: n= 380
Tactic call rewrite_strat-topdown ran for 1.611 secs (1.607u,0.004s) (success)
Tactic call rewrite_strat-topdown-noop ran for 0.009 secs (0.009u,0.s) (success)
Tactic call abstract+rewrite_strat-topdown ran for 2.647 secs (2.643u,0.004s) (success)
Tactic call close-abstract+rewrite_strat-topdown ran for 1.023 secs (1.023u,0.s)
Params: n= 390
Tactic call rewrite_strat-topdown ran for 1.767 secs (1.743u,0.023s) (success)
Tactic call rewrite_strat-topdown-noop ran for 0.01 secs (0.01u,0.s) (success)
Tactic call abstract+rewrite_strat-topdown ran for 2.768 secs (2.744u,0.023s) (success)
Tactic call close-abstract+rewrite_strat-topdown ran for 0.988 secs (0.988u,0.s)
