Params: n= 50
Tactic call rewrite_strat-topdown ran for 0.036 secs (0.024u,0.012s) (success)
Tactic call rewrite_strat-topdown-noop ran for 0.001 secs (0.u,0.s) (success)
Tactic call abstract+rewrite_strat-topdown ran for 0.108 secs (0.076u,0.032s) (success)
Tactic call close-abstract+rewrite_strat-topdown ran for 0.07 secs (0.051u,0.019s)
Params: n= 100
Tactic call rewrite_strat-topdown ran for 0.098 secs (0.098u,0.s) (success)
Tactic call rewrite_strat-topdown-noop ran for 0.001 secs (0.001u,0.s) (success)
Tactic call abstract+rewrite_strat-topdown ran for 0.183 secs (0.182u,0.s) (success)
Tactic call close-abstract+rewrite_strat-topdown ran for 0.082 secs (0.082u,0.s)
Params: n= 150
Tactic call rewrite_strat-topdown ran for 0.253 secs (0.251u,0.001s) (success)
Tactic call rewrite_strat-topdown-noop ran for 0.002 secs (0.001u,0.s) (success)
Tactic call abstract+rewrite_strat-topdown ran for 0.434 secs (0.428u,0.005s) (success)
Tactic call close-abstract+rewrite_strat-topdown ran for 0.178 secs (0.174u,0.003s)
Params: n= 200
Tactic call rewrite_strat-topdown ran for 0.426 secs (0.426u,0.s) (success)
Tactic call rewrite_strat-topdown-noop ran for 0.004 secs (0.004u,0.s) (success)
Tactic call abstract+rewrite_strat-topdown ran for 0.762 secs (0.762u,0.s) (success)
Tactic call close-abstract+rewrite_strat-topdown ran for 0.33 secs (0.33u,0.s)
Params: n= 250
Tactic call rewrite_strat-topdown ran for 0.678 secs (0.675u,0.003s) (success)
Tactic call rewrite_strat-topdown-noop ran for 0.004 secs (0.004u,0.s) (success)
Tactic call abstract+rewrite_strat-topdown ran for 1.135 secs (1.124u,0.011s) (success)
Tactic call close-abstract+rewrite_strat-topdown ran for 0.45 secs (0.443u,0.007s)
Params: n= 300
Tactic call rewrite_strat-topdown ran for 1.143 secs (1.117u,0.019s) (success)
Tactic call rewrite_strat-topdown-noop ran for 0.006 secs (0.006u,0.s) (success)
Tactic call abstract+rewrite_strat-topdown ran for 1.796 secs (1.766u,0.023s) (success)
Tactic call close-abstract+rewrite_strat-topdown ran for 0.646 secs (0.642u,0.003s)
Params: n= 350
Tactic call rewrite_strat-topdown ran for 1.49 secs (1.473u,0.015s) (success)
Tactic call rewrite_strat-topdown-noop ran for 0.017 secs (0.017u,0.s) (success)
Tactic call abstract+rewrite_strat-topdown ran for 2.454 secs (2.429u,0.024s) (success)
Tactic call close-abstract+rewrite_strat-topdown ran for 0.946 secs (0.937u,0.008s)
Params: n= 400
Tactic call rewrite_strat-topdown ran for 1.989 secs (1.979u,0.007s) (success)
Tactic call rewrite_strat-topdown-noop ran for 0.01 secs (0.01u,0.s) (success)
Tactic call abstract+rewrite_strat-topdown ran for 3.147 secs (3.136u,0.007s) (success)
Tactic call close-abstract+rewrite_strat-topdown ran for 1.146 secs (1.146u,0.s)
