Params: n= 4
Tactic call rewrite_strat-bottomup ran for 0.003 secs (0.u,0.003s) (success)
Tactic call rewrite_strat-bottomup-noop ran for 0. secs (0.u,0.s) (success)
Tactic call abstract+rewrite_strat-bottomup ran for 0.004 secs (0.u,0.003s) (success)
Tactic call close-abstract+rewrite_strat-bottomup ran for 0. secs (0.u,0.s)
Params: n= 5
Tactic call rewrite_strat-bottomup ran for 0.003 secs (0.u,0.003s) (success)
Tactic call rewrite_strat-bottomup-noop ran for 0. secs (0.u,0.s) (success)
Tactic call abstract+rewrite_strat-bottomup ran for 0.004 secs (0.u,0.004s) (success)
Tactic call close-abstract+rewrite_strat-bottomup ran for 0. secs (0.u,0.s)
Params: n= 6
Tactic call rewrite_strat-bottomup ran for 0.003 secs (0.003u,0.s) (success)
Tactic call rewrite_strat-bottomup-noop ran for 0. secs (0.u,0.s) (success)
Tactic call abstract+rewrite_strat-bottomup ran for 0.005 secs (0.005u,0.s) (success)
Tactic call close-abstract+rewrite_strat-bottomup ran for 0.001 secs (0.001u,0.s)
Params: n= 7
Tactic call rewrite_strat-bottomup ran for 0.004 secs (0.004u,0.s) (success)
Tactic call rewrite_strat-bottomup-noop ran for 0. secs (0.u,0.s) (success)
Tactic call abstract+rewrite_strat-bottomup ran for 0.006 secs (0.005u,0.001s) (success)
Tactic call close-abstract+rewrite_strat-bottomup ran for 0.001 secs (0.u,0.001s)
Params: n= 8
Tactic call rewrite_strat-bottomup ran for 0.005 secs (0.003u,0.001s) (success)
Tactic call rewrite_strat-bottomup-noop ran for 0. secs (0.u,0.s) (success)
Tactic call abstract+rewrite_strat-bottomup ran for 0.007 secs (0.005u,0.001s) (success)
Tactic call close-abstract+rewrite_strat-bottomup ran for 0.001 secs (0.001u,0.s)
Params: n= 9
Tactic call rewrite_strat-bottomup ran for 0.008 secs (0.008u,0.s) (success)
Tactic call rewrite_strat-bottomup-noop ran for 0. secs (0.u,0.s) (success)
Tactic call abstract+rewrite_strat-bottomup ran for 0.011 secs (0.009u,0.002s) (success)
Tactic call close-abstract+rewrite_strat-bottomup ran for 0.002 secs (0.u,0.002s)
Params: n= 10
Tactic call rewrite_strat-bottomup ran for 0.008 secs (0.003u,0.004s) (success)
Tactic call rewrite_strat-bottomup-noop ran for 0. secs (0.u,0.s) (success)
Tactic call abstract+rewrite_strat-bottomup ran for 0.01 secs (0.005u,0.004s) (success)
Tactic call close-abstract+rewrite_strat-bottomup ran for 0.002 secs (0.002u,0.s)
Params: n= 11
Tactic call rewrite_strat-bottomup ran for 0.055 secs (0.031u,0.023s) (success)
Tactic call rewrite_strat-bottomup-noop ran for 0. secs (0.u,0.s) (success)
Tactic call abstract+rewrite_strat-bottomup ran for 0.058 secs (0.034u,0.024s) (success)
Tactic call close-abstract+rewrite_strat-bottomup ran for 0.002 secs (0.001u,0.s)
Params: n= 12
Tactic call rewrite_strat-bottomup ran for 0.007 secs (0.007u,0.s) (success)
Tactic call rewrite_strat-bottomup-noop ran for 0. secs (0.u,0.s) (success)
Tactic call abstract+rewrite_strat-bottomup ran for 0.01 secs (0.01u,0.s) (success)
Tactic call close-abstract+rewrite_strat-bottomup ran for 0.002 secs (0.002u,0.s)
Params: n= 13
Tactic call rewrite_strat-bottomup ran for 0.008 secs (0.008u,0.s) (success)
Tactic call rewrite_strat-bottomup-noop ran for 0. secs (0.u,0.s) (success)
Tactic call abstract+rewrite_strat-bottomup ran for 0.011 secs (0.011u,0.s) (success)
Tactic call close-abstract+rewrite_strat-bottomup ran for 0.002 secs (0.002u,0.s)
Params: n= 14
Tactic call rewrite_strat-bottomup ran for 0.009 secs (0.009u,0.s) (success)
Tactic call rewrite_strat-bottomup-noop ran for 0. secs (0.u,0.s) (success)
Tactic call abstract+rewrite_strat-bottomup ran for 0.013 secs (0.013u,0.s) (success)
Tactic call close-abstract+rewrite_strat-bottomup ran for 0.002 secs (0.002u,0.s)
Params: n= 15
Tactic call rewrite_strat-bottomup ran for 0.01 secs (0.01u,0.s) (success)
Tactic call rewrite_strat-bottomup-noop ran for 0. secs (0.u,0.s) (success)
Tactic call abstract+rewrite_strat-bottomup ran for 0.014 secs (0.014u,0.s) (success)
Tactic call close-abstract+rewrite_strat-bottomup ran for 0.003 secs (0.003u,0.s)
Params: n= 16
Tactic call rewrite_strat-bottomup ran for 0.01 secs (0.01u,0.s) (success)
Tactic call rewrite_strat-bottomup-noop ran for 0. secs (0.u,0.s) (success)
Tactic call abstract+rewrite_strat-bottomup ran for 0.014 secs (0.014u,0.s) (success)
Tactic call close-abstract+rewrite_strat-bottomup ran for 0.003 secs (0.003u,0.s)
Params: n= 17
Tactic call rewrite_strat-bottomup ran for 0.011 secs (0.011u,0.s) (success)
Tactic call rewrite_strat-bottomup-noop ran for 0. secs (0.u,0.s) (success)
Tactic call abstract+rewrite_strat-bottomup ran for 0.018 secs (0.018u,0.s) (success)
Tactic call close-abstract+rewrite_strat-bottomup ran for 0.005 secs (0.005u,0.s)
Params: n= 18
Tactic call rewrite_strat-bottomup ran for 0.012 secs (0.012u,0.s) (success)
Tactic call rewrite_strat-bottomup-noop ran for 0. secs (0.u,0.s) (success)
Tactic call abstract+rewrite_strat-bottomup ran for 0.018 secs (0.018u,0.s) (success)
Tactic call close-abstract+rewrite_strat-bottomup ran for 0.004 secs (0.004u,0.s)
Params: n= 19
Tactic call rewrite_strat-bottomup ran for 0.013 secs (0.013u,0.s) (success)
Tactic call rewrite_strat-bottomup-noop ran for 0. secs (0.u,0.s) (success)
Tactic call abstract+rewrite_strat-bottomup ran for 0.019 secs (0.019u,0.s) (success)
Tactic call close-abstract+rewrite_strat-bottomup ran for 0.005 secs (0.005u,0.s)
Params: n= 20
Tactic call rewrite_strat-bottomup ran for 0.014 secs (0.014u,0.s) (success)
Tactic call rewrite_strat-bottomup-noop ran for 0. secs (0.u,0.s) (success)
Tactic call abstract+rewrite_strat-bottomup ran for 0.021 secs (0.021u,0.s) (success)
Tactic call close-abstract+rewrite_strat-bottomup ran for 0.005 secs (0.005u,0.s)
Params: n= 21
Tactic call rewrite_strat-bottomup ran for 0.015 secs (0.015u,0.s) (success)
Tactic call rewrite_strat-bottomup-noop ran for 0. secs (0.u,0.s) (success)
Tactic call abstract+rewrite_strat-bottomup ran for 0.024 secs (0.024u,0.s) (success)
Tactic call close-abstract+rewrite_strat-bottomup ran for 0.007 secs (0.007u,0.s)
Params: n= 22
Tactic call rewrite_strat-bottomup ran for 0.016 secs (0.016u,0.s) (success)
Tactic call rewrite_strat-bottomup-noop ran for 0. secs (0.u,0.s) (success)
Tactic call abstract+rewrite_strat-bottomup ran for 0.024 secs (0.024u,0.s) (success)
Tactic call close-abstract+rewrite_strat-bottomup ran for 0.006 secs (0.006u,0.s)
Params: n= 23
Tactic call rewrite_strat-bottomup ran for 0.018 secs (0.018u,0.s) (success)
Tactic call rewrite_strat-bottomup-noop ran for 0. secs (0.u,0.s) (success)
Tactic call abstract+rewrite_strat-bottomup ran for 0.026 secs (0.026u,0.s) (success)
Tactic call close-abstract+rewrite_strat-bottomup ran for 0.007 secs (0.007u,0.s)
Params: n= 24
Tactic call rewrite_strat-bottomup ran for 0.019 secs (0.019u,0.s) (success)
Tactic call rewrite_strat-bottomup-noop ran for 0. secs (0.u,0.s) (success)
Tactic call abstract+rewrite_strat-bottomup ran for 0.028 secs (0.028u,0.s) (success)
Tactic call close-abstract+rewrite_strat-bottomup ran for 0.008 secs (0.008u,0.s)
Params: n= 25
Tactic call rewrite_strat-bottomup ran for 0.021 secs (0.021u,0.s) (success)
Tactic call rewrite_strat-bottomup-noop ran for 0. secs (0.u,0.s) (success)
Tactic call abstract+rewrite_strat-bottomup ran for 0.03 secs (0.03u,0.s) (success)
Tactic call close-abstract+rewrite_strat-bottomup ran for 0.008 secs (0.008u,0.s)
Params: n= 26
Tactic call rewrite_strat-bottomup ran for 0.021 secs (0.021u,0.s) (success)
Tactic call rewrite_strat-bottomup-noop ran for 0. secs (0.u,0.s) (success)
Tactic call abstract+rewrite_strat-bottomup ran for 0.031 secs (0.031u,0.s) (success)
Tactic call close-abstract+rewrite_strat-bottomup ran for 0.009 secs (0.009u,0.s)
Params: n= 27
Tactic call rewrite_strat-bottomup ran for 0.022 secs (0.022u,0.s) (success)
Tactic call rewrite_strat-bottomup-noop ran for 0. secs (0.u,0.s) (success)
Tactic call abstract+rewrite_strat-bottomup ran for 0.035 secs (0.035u,0.s) (success)
Tactic call close-abstract+rewrite_strat-bottomup ran for 0.011 secs (0.011u,0.s)
Params: n= 28
Tactic call rewrite_strat-bottomup ran for 0.024 secs (0.024u,0.s) (success)
Tactic call rewrite_strat-bottomup-noop ran for 0. secs (0.u,0.s) (success)
Tactic call abstract+rewrite_strat-bottomup ran for 0.035 secs (0.035u,0.s) (success)
Tactic call close-abstract+rewrite_strat-bottomup ran for 0.01 secs (0.01u,0.s)
Params: n= 29
Tactic call rewrite_strat-bottomup ran for 0.025 secs (0.025u,0.s) (success)
Tactic call rewrite_strat-bottomup-noop ran for 0. secs (0.u,0.s) (success)
Tactic call abstract+rewrite_strat-bottomup ran for 0.037 secs (0.037u,0.s) (success)
Tactic call close-abstract+rewrite_strat-bottomup ran for 0.011 secs (0.011u,0.s)
Params: n= 30
Tactic call rewrite_strat-bottomup ran for 0.03 secs (0.03u,0.s) (success)
Tactic call rewrite_strat-bottomup-noop ran for 0. secs (0.u,0.s) (success)
Tactic call abstract+rewrite_strat-bottomup ran for 0.046 secs (0.046u,0.s) (success)
Tactic call close-abstract+rewrite_strat-bottomup ran for 0.014 secs (0.014u,0.s)
Params: n= 31
Tactic call rewrite_strat-bottomup ran for 0.032 secs (0.032u,0.s) (success)
Tactic call rewrite_strat-bottomup-noop ran for 0. secs (0.u,0.s) (success)
Tactic call abstract+rewrite_strat-bottomup ran for 0.047 secs (0.047u,0.s) (success)
Tactic call close-abstract+rewrite_strat-bottomup ran for 0.013 secs (0.013u,0.s)
Params: n= 32
Tactic call rewrite_strat-bottomup ran for 0.033 secs (0.033u,0.s) (success)
Tactic call rewrite_strat-bottomup-noop ran for 0. secs (0.u,0.s) (success)
Tactic call abstract+rewrite_strat-bottomup ran for 0.048 secs (0.048u,0.s) (success)
Tactic call close-abstract+rewrite_strat-bottomup ran for 0.014 secs (0.014u,0.s)
Params: n= 33
Tactic call rewrite_strat-bottomup ran for 0.032 secs (0.032u,0.s) (success)
Tactic call rewrite_strat-bottomup-noop ran for 0. secs (0.u,0.s) (success)
Tactic call abstract+rewrite_strat-bottomup ran for 0.048 secs (0.048u,0.s) (success)
Tactic call close-abstract+rewrite_strat-bottomup ran for 0.015 secs (0.015u,0.s)
Params: n= 34
Tactic call rewrite_strat-bottomup ran for 0.035 secs (0.032u,0.003s) (success)
Tactic call rewrite_strat-bottomup-noop ran for 0. secs (0.u,0.s) (success)
Tactic call abstract+rewrite_strat-bottomup ran for 0.052 secs (0.049u,0.003s) (success)
Tactic call close-abstract+rewrite_strat-bottomup ran for 0.015 secs (0.015u,0.s)
Params: n= 35
Tactic call rewrite_strat-bottomup ran for 0.035 secs (0.035u,0.s) (success)
Tactic call rewrite_strat-bottomup-noop ran for 0. secs (0.u,0.s) (success)
Tactic call abstract+rewrite_strat-bottomup ran for 0.053 secs (0.053u,0.s) (success)
Tactic call close-abstract+rewrite_strat-bottomup ran for 0.017 secs (0.017u,0.s)
Params: n= 36
Tactic call rewrite_strat-bottomup ran for 0.041 secs (0.041u,0.s) (success)
Tactic call rewrite_strat-bottomup-noop ran for 0. secs (0.u,0.s) (success)
Tactic call abstract+rewrite_strat-bottomup ran for 0.063 secs (0.063u,0.s) (success)
Tactic call close-abstract+rewrite_strat-bottomup ran for 0.02 secs (0.021u,0.s)
Params: n= 37
Tactic call rewrite_strat-bottomup ran for 0.045 secs (0.045u,0.s) (success)
Tactic call rewrite_strat-bottomup-noop ran for 0. secs (0.u,0.s) (success)
Tactic call abstract+rewrite_strat-bottomup ran for 0.067 secs (0.067u,0.s) (success)
Tactic call close-abstract+rewrite_strat-bottomup ran for 0.021 secs (0.02u,0.s)
Params: n= 38
Tactic call rewrite_strat-bottomup ran for 0.04 secs (0.04u,0.s) (success)
Tactic call rewrite_strat-bottomup-noop ran for 0. secs (0.u,0.s) (success)
Tactic call abstract+rewrite_strat-bottomup ran for 0.062 secs (0.062u,0.s) (success)
Tactic call close-abstract+rewrite_strat-bottomup ran for 0.02 secs (0.02u,0.s)
Params: n= 39
Tactic call rewrite_strat-bottomup ran for 0.044 secs (0.044u,0.s) (success)
Tactic call rewrite_strat-bottomup-noop ran for 0. secs (0.u,0.s) (success)
Tactic call abstract+rewrite_strat-bottomup ran for 0.067 secs (0.067u,0.s) (success)
Tactic call close-abstract+rewrite_strat-bottomup ran for 0.021 secs (0.021u,0.s)
Params: n= 40
Tactic call rewrite_strat-bottomup ran for 0.044 secs (0.044u,0.s) (success)
Tactic call rewrite_strat-bottomup-noop ran for 0. secs (0.u,0.s) (success)
Tactic call abstract+rewrite_strat-bottomup ran for 0.066 secs (0.066u,0.s) (success)
Tactic call close-abstract+rewrite_strat-bottomup ran for 0.021 secs (0.021u,0.s)
Params: n= 41
Tactic call rewrite_strat-bottomup ran for 0.046 secs (0.046u,0.s) (success)
Tactic call rewrite_strat-bottomup-noop ran for 0. secs (0.u,0.s) (success)
Tactic call abstract+rewrite_strat-bottomup ran for 0.069 secs (0.069u,0.s) (success)
Tactic call close-abstract+rewrite_strat-bottomup ran for 0.022 secs (0.022u,0.s)
Params: n= 42
Tactic call rewrite_strat-bottomup ran for 0.048 secs (0.048u,0.s) (success)
Tactic call rewrite_strat-bottomup-noop ran for 0. secs (0.u,0.s) (success)
Tactic call abstract+rewrite_strat-bottomup ran for 0.073 secs (0.073u,0.s) (success)
Tactic call close-abstract+rewrite_strat-bottomup ran for 0.023 secs (0.023u,0.s)
Params: n= 43
Tactic call rewrite_strat-bottomup ran for 0.051 secs (0.05u,0.s) (success)
Tactic call rewrite_strat-bottomup-noop ran for 0. secs (0.u,0.s) (success)
Tactic call abstract+rewrite_strat-bottomup ran for 0.08 secs (0.08u,0.s) (success)
Tactic call close-abstract+rewrite_strat-bottomup ran for 0.028 secs (0.028u,0.s)
Params: n= 44
Tactic call rewrite_strat-bottomup ran for 0.051 secs (0.051u,0.s) (success)
Tactic call rewrite_strat-bottomup-noop ran for 0. secs (0.u,0.s) (success)
Tactic call abstract+rewrite_strat-bottomup ran for 0.079 secs (0.079u,0.s) (success)
Tactic call close-abstract+rewrite_strat-bottomup ran for 0.026 secs (0.026u,0.s)
Params: n= 45
Tactic call rewrite_strat-bottomup ran for 0.053 secs (0.053u,0.s) (success)
Tactic call rewrite_strat-bottomup-noop ran for 0. secs (0.u,0.s) (success)
Tactic call abstract+rewrite_strat-bottomup ran for 0.081 secs (0.081u,0.s) (success)
Tactic call close-abstract+rewrite_strat-bottomup ran for 0.026 secs (0.026u,0.s)
Params: n= 46
Tactic call rewrite_strat-bottomup ran for 0.063 secs (0.063u,0.s) (success)
Tactic call rewrite_strat-bottomup-noop ran for 0. secs (0.u,0.s) (success)
Tactic call abstract+rewrite_strat-bottomup ran for 0.092 secs (0.092u,0.s) (success)
Tactic call close-abstract+rewrite_strat-bottomup ran for 0.027 secs (0.027u,0.s)
Params: n= 47
Tactic call rewrite_strat-bottomup ran for 0.057 secs (0.057u,0.s) (success)
Tactic call rewrite_strat-bottomup-noop ran for 0. secs (0.u,0.s) (success)
Tactic call abstract+rewrite_strat-bottomup ran for 0.087 secs (0.087u,0.s) (success)
Tactic call close-abstract+rewrite_strat-bottomup ran for 0.029 secs (0.029u,0.s)
Params: n= 48
Tactic call rewrite_strat-bottomup ran for 0.061 secs (0.061u,0.s) (success)
Tactic call rewrite_strat-bottomup-noop ran for 0. secs (0.u,0.s) (success)
Tactic call abstract+rewrite_strat-bottomup ran for 0.092 secs (0.092u,0.s) (success)
Tactic call close-abstract+rewrite_strat-bottomup ran for 0.029 secs (0.029u,0.s)
Params: n= 49
Tactic call rewrite_strat-bottomup ran for 0.062 secs (0.062u,0.s) (success)
Tactic call rewrite_strat-bottomup-noop ran for 0. secs (0.u,0.s) (success)
Tactic call abstract+rewrite_strat-bottomup ran for 0.096 secs (0.092u,0.003s) (success)
Tactic call close-abstract+rewrite_strat-bottomup ran for 0.033 secs (0.03u,0.002s)
Params: n= 51
Tactic call rewrite_strat-bottomup ran for 0.066 secs (0.066u,0.s) (success)
Tactic call rewrite_strat-bottomup-noop ran for 0. secs (0.u,0.s) (success)
Tactic call abstract+rewrite_strat-bottomup ran for 0.102 secs (0.102u,0.s) (success)
Tactic call close-abstract+rewrite_strat-bottomup ran for 0.034 secs (0.034u,0.s)
Params: n= 52
Tactic call rewrite_strat-bottomup ran for 0.071 secs (0.071u,0.s) (success)
Tactic call rewrite_strat-bottomup-noop ran for 0.003 secs (0.003u,0.s) (success)
Tactic call abstract+rewrite_strat-bottomup ran for 0.111 secs (0.111u,0.s) (success)
Tactic call close-abstract+rewrite_strat-bottomup ran for 0.036 secs (0.036u,0.s)
Params: n= 53
Tactic call rewrite_strat-bottomup ran for 0.082 secs (0.082u,0.s) (success)
Tactic call rewrite_strat-bottomup-noop ran for 0. secs (0.u,0.s) (success)
Tactic call abstract+rewrite_strat-bottomup ran for 0.121 secs (0.121u,0.s) (success)
Tactic call close-abstract+rewrite_strat-bottomup ran for 0.036 secs (0.036u,0.s)
Params: n= 54
Tactic call rewrite_strat-bottomup ran for 0.078 secs (0.078u,0.s) (success)
Tactic call rewrite_strat-bottomup-noop ran for 0. secs (0.u,0.s) (success)
Tactic call abstract+rewrite_strat-bottomup ran for 0.118 secs (0.118u,0.s) (success)
Tactic call close-abstract+rewrite_strat-bottomup ran for 0.037 secs (0.037u,0.s)
Params: n= 55
Tactic call rewrite_strat-bottomup ran for 0.076 secs (0.076u,0.s) (success)
Tactic call rewrite_strat-bottomup-noop ran for 0. secs (0.u,0.s) (success)
Tactic call abstract+rewrite_strat-bottomup ran for 0.119 secs (0.119u,0.s) (success)
Tactic call close-abstract+rewrite_strat-bottomup ran for 0.041 secs (0.041u,0.s)
Params: n= 56
Tactic call rewrite_strat-bottomup ran for 0.079 secs (0.079u,0.s) (success)
Tactic call rewrite_strat-bottomup-noop ran for 0. secs (0.u,0.s) (success)
Tactic call abstract+rewrite_strat-bottomup ran for 0.121 secs (0.121u,0.s) (success)
Tactic call close-abstract+rewrite_strat-bottomup ran for 0.04 secs (0.04u,0.s)
Params: n= 57
Tactic call rewrite_strat-bottomup ran for 0.085 secs (0.085u,0.s) (success)
Tactic call rewrite_strat-bottomup-noop ran for 0. secs (0.u,0.s) (success)
Tactic call abstract+rewrite_strat-bottomup ran for 0.129 secs (0.129u,0.s) (success)
Tactic call close-abstract+rewrite_strat-bottomup ran for 0.042 secs (0.042u,0.s)
Params: n= 58
Tactic call rewrite_strat-bottomup ran for 0.083 secs (0.083u,0.s) (success)
Tactic call rewrite_strat-bottomup-noop ran for 0. secs (0.u,0.s) (success)
Tactic call abstract+rewrite_strat-bottomup ran for 0.13 secs (0.13u,0.s) (success)
Tactic call close-abstract+rewrite_strat-bottomup ran for 0.045 secs (0.045u,0.s)
Params: n= 59
Tactic call rewrite_strat-bottomup ran for 0.086 secs (0.086u,0.s) (success)
Tactic call rewrite_strat-bottomup-noop ran for 0. secs (0.u,0.s) (success)
Tactic call abstract+rewrite_strat-bottomup ran for 0.132 secs (0.132u,0.s) (success)
Tactic call close-abstract+rewrite_strat-bottomup ran for 0.044 secs (0.044u,0.s)
Params: n= 60
Tactic call rewrite_strat-bottomup ran for 0.092 secs (0.092u,0.s) (success)
Tactic call rewrite_strat-bottomup-noop ran for 0.001 secs (0.001u,0.s) (success)
Tactic call abstract+rewrite_strat-bottomup ran for 0.142 secs (0.139u,0.003s) (success)
Tactic call close-abstract+rewrite_strat-bottomup ran for 0.048 secs (0.044u,0.003s)
Params: n= 61
Tactic call rewrite_strat-bottomup ran for 0.096 secs (0.096u,0.s) (success)
Tactic call rewrite_strat-bottomup-noop ran for 0. secs (0.u,0.s) (success)
Tactic call abstract+rewrite_strat-bottomup ran for 0.147 secs (0.146u,0.s) (success)
Tactic call close-abstract+rewrite_strat-bottomup ran for 0.049 secs (0.049u,0.s)
Params: n= 62
Tactic call rewrite_strat-bottomup ran for 0.1 secs (0.1u,0.s) (success)
Tactic call rewrite_strat-bottomup-noop ran for 0. secs (0.u,0.s) (success)
Tactic call abstract+rewrite_strat-bottomup ran for 0.15 secs (0.15u,0.s) (success)
Tactic call close-abstract+rewrite_strat-bottomup ran for 0.049 secs (0.048u,0.s)
Params: n= 63
Tactic call rewrite_strat-bottomup ran for 0.094 secs (0.094u,0.s) (success)
Tactic call rewrite_strat-bottomup-noop ran for 0. secs (0.u,0.s) (success)
Tactic call abstract+rewrite_strat-bottomup ran for 0.149 secs (0.149u,0.s) (success)
Tactic call close-abstract+rewrite_strat-bottomup ran for 0.053 secs (0.053u,0.s)
Params: n= 64
Tactic call rewrite_strat-bottomup ran for 0.1 secs (0.1u,0.s) (success)
Tactic call rewrite_strat-bottomup-noop ran for 0. secs (0.u,0.s) (success)
Tactic call abstract+rewrite_strat-bottomup ran for 0.158 secs (0.158u,0.s) (success)
Tactic call close-abstract+rewrite_strat-bottomup ran for 0.056 secs (0.056u,0.s)
Params: n= 65
Tactic call rewrite_strat-bottomup ran for 0.109 secs (0.105u,0.003s) (success)
Tactic call rewrite_strat-bottomup-noop ran for 0.001 secs (0.001u,0.s) (success)
Tactic call abstract+rewrite_strat-bottomup ran for 0.169 secs (0.165u,0.003s) (success)
Tactic call close-abstract+rewrite_strat-bottomup ran for 0.057 secs (0.057u,0.s)
Params: n= 66
Tactic call rewrite_strat-bottomup ran for 0.113 secs (0.113u,0.s) (success)
Tactic call rewrite_strat-bottomup-noop ran for 0. secs (0.u,0.s) (success)
Tactic call abstract+rewrite_strat-bottomup ran for 0.171 secs (0.171u,0.s) (success)
Tactic call close-abstract+rewrite_strat-bottomup ran for 0.056 secs (0.056u,0.s)
Params: n= 67
Tactic call rewrite_strat-bottomup ran for 0.123 secs (0.123u,0.s) (success)
Tactic call rewrite_strat-bottomup-noop ran for 0. secs (0.u,0.s) (success)
Tactic call abstract+rewrite_strat-bottomup ran for 0.182 secs (0.182u,0.s) (success)
Tactic call close-abstract+rewrite_strat-bottomup ran for 0.056 secs (0.056u,0.s)
Params: n= 68
Tactic call rewrite_strat-bottomup ran for 0.126 secs (0.126u,0.s) (success)
Tactic call rewrite_strat-bottomup-noop ran for 0.001 secs (0.001u,0.s) (success)
Tactic call abstract+rewrite_strat-bottomup ran for 0.198 secs (0.198u,0.s) (success)
Tactic call close-abstract+rewrite_strat-bottomup ran for 0.069 secs (0.069u,0.s)
Params: n= 69
Tactic call rewrite_strat-bottomup ran for 0.124 secs (0.124u,0.s) (success)
Tactic call rewrite_strat-bottomup-noop ran for 0.003 secs (0.003u,0.s) (success)
Tactic call abstract+rewrite_strat-bottomup ran for 0.196 secs (0.194u,0.s) (success)
Tactic call close-abstract+rewrite_strat-bottomup ran for 0.066 secs (0.064u,0.s)
Params: n= 70
Tactic call rewrite_strat-bottomup ran for 0.133 secs (0.136u,0.s) (success)
Tactic call rewrite_strat-bottomup-noop ran for 0. secs (0.u,0.s) (success)
Tactic call abstract+rewrite_strat-bottomup ran for 0.199 secs (0.202u,0.s) (success)
Tactic call close-abstract+rewrite_strat-bottomup ran for 0.064 secs (0.064u,0.s)
Params: n= 71
Tactic call rewrite_strat-bottomup ran for 0.142 secs (0.142u,0.s) (success)
Tactic call rewrite_strat-bottomup-noop ran for 0.001 secs (0.001u,0.s) (success)
Tactic call abstract+rewrite_strat-bottomup ran for 0.209 secs (0.209u,0.s) (success)
Tactic call close-abstract+rewrite_strat-bottomup ran for 0.064 secs (0.064u,0.s)
Params: n= 72
Tactic call rewrite_strat-bottomup ran for 0.142 secs (0.138u,0.003s) (success)
Tactic call rewrite_strat-bottomup-noop ran for 0.001 secs (0.u,0.s) (success)
Tactic call abstract+rewrite_strat-bottomup ran for 0.209 secs (0.205u,0.003s) (success)
Tactic call close-abstract+rewrite_strat-bottomup ran for 0.064 secs (0.064u,0.s)
Params: n= 73
Tactic call rewrite_strat-bottomup ran for 0.14 secs (0.14u,0.s) (success)
Tactic call rewrite_strat-bottomup-noop ran for 0. secs (0.u,0.s) (success)
Tactic call abstract+rewrite_strat-bottomup ran for 0.219 secs (0.219u,0.s) (success)
Tactic call close-abstract+rewrite_strat-bottomup ran for 0.077 secs (0.077u,0.s)
Params: n= 74
Tactic call rewrite_strat-bottomup ran for 0.139 secs (0.139u,0.s) (success)
Tactic call rewrite_strat-bottomup-noop ran for 0.001 secs (0.001u,0.s) (success)
Tactic call abstract+rewrite_strat-bottomup ran for 0.213 secs (0.213u,0.s) (success)
Tactic call close-abstract+rewrite_strat-bottomup ran for 0.072 secs (0.072u,0.s)
Params: n= 75
Tactic call rewrite_strat-bottomup ran for 0.135 secs (0.134u,0.s) (success)
Tactic call rewrite_strat-bottomup-noop ran for 0.001 secs (0.001u,0.s) (success)
Tactic call abstract+rewrite_strat-bottomup ran for 0.205 secs (0.205u,0.s) (success)
Tactic call close-abstract+rewrite_strat-bottomup ran for 0.068 secs (0.068u,0.s)
Params: n= 76
Tactic call rewrite_strat-bottomup ran for 0.149 secs (0.149u,0.s) (success)
Tactic call rewrite_strat-bottomup-noop ran for 0.001 secs (0.001u,0.s) (success)
Tactic call abstract+rewrite_strat-bottomup ran for 0.231 secs (0.231u,0.s) (success)
Tactic call close-abstract+rewrite_strat-bottomup ran for 0.08 secs (0.08u,0.s)
Params: n= 77
Tactic call rewrite_strat-bottomup ran for 0.146 secs (0.146u,0.s) (success)
Tactic call rewrite_strat-bottomup-noop ran for 0.001 secs (0.001u,0.s) (success)
Tactic call abstract+rewrite_strat-bottomup ran for 0.223 secs (0.219u,0.003s) (success)
Tactic call close-abstract+rewrite_strat-bottomup ran for 0.074 secs (0.07u,0.003s)
Params: n= 78
Tactic call rewrite_strat-bottomup ran for 0.155 secs (0.151u,0.003s) (success)
Tactic call rewrite_strat-bottomup-noop ran for 0.001 secs (0.001u,0.s) (success)
Tactic call abstract+rewrite_strat-bottomup ran for 0.23 secs (0.226u,0.003s) (success)
Tactic call close-abstract+rewrite_strat-bottomup ran for 0.073 secs (0.073u,0.s)
Params: n= 79
Tactic call rewrite_strat-bottomup ran for 0.152 secs (0.152u,0.s) (success)
Tactic call rewrite_strat-bottomup-noop ran for 0.001 secs (0.001u,0.s) (success)
Tactic call abstract+rewrite_strat-bottomup ran for 0.232 secs (0.232u,0.s) (success)
Tactic call close-abstract+rewrite_strat-bottomup ran for 0.077 secs (0.077u,0.s)
Params: n= 80
Tactic call rewrite_strat-bottomup ran for 0.149 secs (0.149u,0.s) (success)
Tactic call rewrite_strat-bottomup-noop ran for 0.001 secs (0.001u,0.s) (success)
Tactic call abstract+rewrite_strat-bottomup ran for 0.23 secs (0.23u,0.s) (success)
Tactic call close-abstract+rewrite_strat-bottomup ran for 0.078 secs (0.078u,0.s)
Params: n= 81
Tactic call rewrite_strat-bottomup ran for 0.158 secs (0.158u,0.s) (success)
Tactic call rewrite_strat-bottomup-noop ran for 0.001 secs (0.001u,0.s) (success)
Tactic call abstract+rewrite_strat-bottomup ran for 0.241 secs (0.24u,0.s) (success)
Tactic call close-abstract+rewrite_strat-bottomup ran for 0.08 secs (0.08u,0.s)
Params: n= 82
Tactic call rewrite_strat-bottomup ran for 0.164 secs (0.164u,0.s) (success)
Tactic call rewrite_strat-bottomup-noop ran for 0.001 secs (0.001u,0.s) (success)
Tactic call abstract+rewrite_strat-bottomup ran for 0.249 secs (0.249u,0.s) (success)
Tactic call close-abstract+rewrite_strat-bottomup ran for 0.082 secs (0.082u,0.s)
Params: n= 83
Tactic call rewrite_strat-bottomup ran for 0.176 secs (0.168u,0.007s) (success)
Tactic call rewrite_strat-bottomup-noop ran for 0.001 secs (0.001u,0.s) (success)
Tactic call abstract+rewrite_strat-bottomup ran for 0.263 secs (0.255u,0.007s) (success)
Tactic call close-abstract+rewrite_strat-bottomup ran for 0.084 secs (0.084u,0.s)
Params: n= 84
Tactic call rewrite_strat-bottomup ran for 0.174 secs (0.174u,0.s) (success)
Tactic call rewrite_strat-bottomup-noop ran for 0.001 secs (0.001u,0.s) (success)
Tactic call abstract+rewrite_strat-bottomup ran for 0.262 secs (0.262u,0.s) (success)
Tactic call close-abstract+rewrite_strat-bottomup ran for 0.086 secs (0.086u,0.s)
Params: n= 85
Tactic call rewrite_strat-bottomup ran for 0.17 secs (0.17u,0.s) (success)
Tactic call rewrite_strat-bottomup-noop ran for 0.001 secs (0.001u,0.s) (success)
Tactic call abstract+rewrite_strat-bottomup ran for 0.26 secs (0.26u,0.s) (success)
Tactic call close-abstract+rewrite_strat-bottomup ran for 0.087 secs (0.087u,0.s)
Params: n= 86
Tactic call rewrite_strat-bottomup ran for 0.183 secs (0.183u,0.s) (success)
Tactic call rewrite_strat-bottomup-noop ran for 0.001 secs (0.001u,0.s) (success)
Tactic call abstract+rewrite_strat-bottomup ran for 0.276 secs (0.276u,0.s) (success)
Tactic call close-abstract+rewrite_strat-bottomup ran for 0.09 secs (0.09u,0.s)
Params: n= 87
Tactic call rewrite_strat-bottomup ran for 0.179 secs (0.179u,0.s) (success)
Tactic call rewrite_strat-bottomup-noop ran for 0.001 secs (0.001u,0.s) (success)
Tactic call abstract+rewrite_strat-bottomup ran for 0.272 secs (0.272u,0.s) (success)
Tactic call close-abstract+rewrite_strat-bottomup ran for 0.09 secs (0.09u,0.s)
Params: n= 88
Tactic call rewrite_strat-bottomup ran for 0.187 secs (0.18u,0.s) (success)
Tactic call rewrite_strat-bottomup-noop ran for 0.001 secs (0.008u,0.s) (success)
Tactic call abstract+rewrite_strat-bottomup ran for 0.284 secs (0.284u,0.s) (success)
Tactic call close-abstract+rewrite_strat-bottomup ran for 0.094 secs (0.094u,0.s)
Params: n= 89
Tactic call rewrite_strat-bottomup ran for 0.185 secs (0.181u,0.003s) (success)
Tactic call rewrite_strat-bottomup-noop ran for 0.001 secs (0.001u,0.s) (success)
Tactic call abstract+rewrite_strat-bottomup ran for 0.284 secs (0.28u,0.003s) (success)
Tactic call close-abstract+rewrite_strat-bottomup ran for 0.096 secs (0.096u,0.s)
Params: n= 90
Tactic call rewrite_strat-bottomup ran for 0.198 secs (0.194u,0.003s) (success)
Tactic call rewrite_strat-bottomup-noop ran for 0.001 secs (0.001u,0.s) (success)
Tactic call abstract+rewrite_strat-bottomup ran for 0.3 secs (0.296u,0.004s) (success)
Tactic call close-abstract+rewrite_strat-bottomup ran for 0.099 secs (0.099u,0.s)
Params: n= 91
Tactic call rewrite_strat-bottomup ran for 0.204 secs (0.204u,0.s) (success)
Tactic call rewrite_strat-bottomup-noop ran for 0.001 secs (0.001u,0.s) (success)
Tactic call abstract+rewrite_strat-bottomup ran for 0.313 secs (0.313u,0.s) (success)
Tactic call close-abstract+rewrite_strat-bottomup ran for 0.106 secs (0.106u,0.s)
Params: n= 92
Tactic call rewrite_strat-bottomup ran for 0.208 secs (0.208u,0.s) (success)
Tactic call rewrite_strat-bottomup-noop ran for 0.001 secs (0.001u,0.s) (success)
Tactic call abstract+rewrite_strat-bottomup ran for 0.329 secs (0.329u,0.s) (success)
Tactic call close-abstract+rewrite_strat-bottomup ran for 0.118 secs (0.118u,0.s)
Params: n= 93
Tactic call rewrite_strat-bottomup ran for 0.203 secs (0.203u,0.s) (success)
Tactic call rewrite_strat-bottomup-noop ran for 0.001 secs (0.001u,0.s) (success)
Tactic call abstract+rewrite_strat-bottomup ran for 0.327 secs (0.327u,0.s) (success)
Tactic call close-abstract+rewrite_strat-bottomup ran for 0.121 secs (0.121u,0.s)
Params: n= 94
Tactic call rewrite_strat-bottomup ran for 0.208 secs (0.208u,0.s) (success)
Tactic call rewrite_strat-bottomup-noop ran for 0.001 secs (0.001u,0.s) (success)
Tactic call abstract+rewrite_strat-bottomup ran for 0.325 secs (0.321u,0.003s) (success)
Tactic call close-abstract+rewrite_strat-bottomup ran for 0.115 secs (0.111u,0.003s)
Params: n= 95
Tactic call rewrite_strat-bottomup ran for 0.223 secs (0.223u,0.s) (success)
Tactic call rewrite_strat-bottomup-noop ran for 0.006 secs (0.006u,0.s) (success)
Tactic call abstract+rewrite_strat-bottomup ran for 0.347 secs (0.347u,0.s) (success)
Tactic call close-abstract+rewrite_strat-bottomup ran for 0.115 secs (0.115u,0.s)
Params: n= 96
Tactic call rewrite_strat-bottomup ran for 0.222 secs (0.222u,0.s) (success)
Tactic call rewrite_strat-bottomup-noop ran for 0.001 secs (0.001u,0.s) (success)
Tactic call abstract+rewrite_strat-bottomup ran for 0.352 secs (0.352u,0.s) (success)
Tactic call close-abstract+rewrite_strat-bottomup ran for 0.127 secs (0.127u,0.s)
Params: n= 97
Tactic call rewrite_strat-bottomup ran for 0.24 secs (0.236u,0.003s) (success)
Tactic call rewrite_strat-bottomup-noop ran for 0.001 secs (0.001u,0.s) (success)
Tactic call abstract+rewrite_strat-bottomup ran for 0.369 secs (0.365u,0.003s) (success)
Tactic call close-abstract+rewrite_strat-bottomup ran for 0.126 secs (0.126u,0.s)
Params: n= 98
Tactic call rewrite_strat-bottomup ran for 0.238 secs (0.234u,0.004s) (success)
Tactic call rewrite_strat-bottomup-noop ran for 0.001 secs (0.001u,0.s) (success)
Tactic call abstract+rewrite_strat-bottomup ran for 0.372 secs (0.368u,0.004s) (success)
Tactic call close-abstract+rewrite_strat-bottomup ran for 0.131 secs (0.131u,0.s)
Params: n= 99
Tactic call rewrite_strat-bottomup ran for 0.241 secs (0.237u,0.003s) (success)
Tactic call rewrite_strat-bottomup-noop ran for 0.001 secs (0.001u,0.s) (success)
Tactic call abstract+rewrite_strat-bottomup ran for 0.38 secs (0.376u,0.003s) (success)
Tactic call close-abstract+rewrite_strat-bottomup ran for 0.135 secs (0.135u,0.s)
Params: n= 110
Tactic call rewrite_strat-bottomup ran for 0.289 secs (0.289u,0.s) (success)
Tactic call rewrite_strat-bottomup-noop ran for 0.001 secs (0.001u,0.s) (success)
Tactic call abstract+rewrite_strat-bottomup ran for 0.457 secs (0.457u,0.s) (success)
Tactic call close-abstract+rewrite_strat-bottomup ran for 0.165 secs (0.165u,0.s)
Params: n= 120
Tactic call rewrite_strat-bottomup ran for 0.335 secs (0.335u,0.s) (success)
Tactic call rewrite_strat-bottomup-noop ran for 0.008 secs (0.008u,0.s) (success)
Tactic call abstract+rewrite_strat-bottomup ran for 0.514 secs (0.513u,0.s) (success)
Tactic call close-abstract+rewrite_strat-bottomup ran for 0.168 secs (0.168u,0.s)
Params: n= 130
Tactic call rewrite_strat-bottomup ran for 0.401 secs (0.401u,0.s) (success)
Tactic call rewrite_strat-bottomup-noop ran for 0.002 secs (0.002u,0.s) (success)
Tactic call abstract+rewrite_strat-bottomup ran for 0.608 secs (0.608u,0.s) (success)
Tactic call close-abstract+rewrite_strat-bottomup ran for 0.203 secs (0.203u,0.s)
Params: n= 140
Tactic call rewrite_strat-bottomup ran for 0.468 secs (0.46u,0.007s) (success)
Tactic call rewrite_strat-bottomup-noop ran for 0.002 secs (0.002u,0.s) (success)
Tactic call abstract+rewrite_strat-bottomup ran for 0.721 secs (0.705u,0.015s) (success)
Tactic call close-abstract+rewrite_strat-bottomup ran for 0.249 secs (0.241u,0.008s)
Params: n= 160
Tactic call rewrite_strat-bottomup ran for 0.596 secs (0.591u,0.004s) (success)
Tactic call rewrite_strat-bottomup-noop ran for 0.002 secs (0.002u,0.s) (success)
Tactic call abstract+rewrite_strat-bottomup ran for 0.924 secs (0.92u,0.004s) (success)
Tactic call close-abstract+rewrite_strat-bottomup ran for 0.324 secs (0.324u,0.s)
Params: n= 170
Tactic call rewrite_strat-bottomup ran for 0.679 secs (0.679u,0.s) (success)
Tactic call rewrite_strat-bottomup-noop ran for 0.003 secs (0.003u,0.s) (success)
Tactic call abstract+rewrite_strat-bottomup ran for 1.077 secs (1.077u,0.s) (success)
Tactic call close-abstract+rewrite_strat-bottomup ran for 0.393 secs (0.393u,0.s)
Params: n= 180
Tactic call rewrite_strat-bottomup ran for 0.815 secs (0.815u,0.s) (success)
Tactic call rewrite_strat-bottomup-noop ran for 0.003 secs (0.003u,0.s) (success)
Tactic call abstract+rewrite_strat-bottomup ran for 1.202 secs (1.201u,0.s) (success)
Tactic call close-abstract+rewrite_strat-bottomup ran for 0.381 secs (0.381u,0.s)
Params: n= 190
Tactic call rewrite_strat-bottomup ran for 0.859 secs (0.859u,0.s) (success)
Tactic call rewrite_strat-bottomup-noop ran for 0.003 secs (0.003u,0.s) (success)
Tactic call abstract+rewrite_strat-bottomup ran for 1.312 secs (1.312u,0.s) (success)
Tactic call close-abstract+rewrite_strat-bottomup ran for 0.448 secs (0.448u,0.s)
Params: n= 210
Tactic call rewrite_strat-bottomup ran for 1.091 secs (1.091u,0.s) (success)
Tactic call rewrite_strat-bottomup-noop ran for 0.004 secs (0.004u,0.s) (success)
Tactic call abstract+rewrite_strat-bottomup ran for 1.659 secs (1.659u,0.s) (success)
Tactic call close-abstract+rewrite_strat-bottomup ran for 0.562 secs (0.562u,0.s)
Params: n= 220
Tactic call rewrite_strat-bottomup ran for 1.185 secs (1.18u,0.003s) (success)
Tactic call rewrite_strat-bottomup-noop ran for 0.004 secs (0.004u,0.s) (success)
Tactic call abstract+rewrite_strat-bottomup ran for 1.753 secs (1.749u,0.003s) (success)
Tactic call close-abstract+rewrite_strat-bottomup ran for 0.561 secs (0.561u,0.s)
Params: n= 230
Tactic call rewrite_strat-bottomup ran for 1.251 secs (1.246u,0.004s) (success)
Tactic call rewrite_strat-bottomup-noop ran for 0.004 secs (0.004u,0.s) (success)
Tactic call abstract+rewrite_strat-bottomup ran for 1.879 secs (1.875u,0.004s) (success)
Tactic call close-abstract+rewrite_strat-bottomup ran for 0.621 secs (0.621u,0.s)
Params: n= 240
Tactic call rewrite_strat-bottomup ran for 1.372 secs (1.372u,0.s) (success)
Tactic call rewrite_strat-bottomup-noop ran for 0.005 secs (0.005u,0.s) (success)
Tactic call abstract+rewrite_strat-bottomup ran for 2.076 secs (2.076u,0.s) (success)
Tactic call close-abstract+rewrite_strat-bottomup ran for 0.696 secs (0.696u,0.s)
Params: n= 260
Tactic call rewrite_strat-bottomup ran for 1.751 secs (1.747u,0.003s) (success)
Tactic call rewrite_strat-bottomup-noop ran for 0.005 secs (0.005u,0.s) (success)
Tactic call abstract+rewrite_strat-bottomup ran for 2.546 secs (2.537u,0.007s) (success)
Tactic call close-abstract+rewrite_strat-bottomup ran for 0.787 secs (0.783u,0.003s)
Params: n= 270
Tactic call rewrite_strat-bottomup ran for 1.845 secs (1.837u,0.007s) (success)
Tactic call rewrite_strat-bottomup-noop ran for 0.006 secs (0.006u,0.s) (success)
Tactic call abstract+rewrite_strat-bottomup ran for 2.773 secs (2.764u,0.007s) (success)
Tactic call close-abstract+rewrite_strat-bottomup ran for 0.919 secs (0.919u,0.s)
Params: n= 280
Tactic call rewrite_strat-bottomup ran for 1.967 secs (1.967u,0.s) (success)
Tactic call rewrite_strat-bottomup-noop ran for 0.006 secs (0.006u,0.s) (success)
Tactic call abstract+rewrite_strat-bottomup ran for 2.894 secs (2.886u,0.008s) (success)
Tactic call close-abstract+rewrite_strat-bottomup ran for 0.918 secs (0.91u,0.008s)
Params: n= 290
Tactic call rewrite_strat-bottomup ran for 2.077 secs (2.072u,0.003s) (success)
Tactic call rewrite_strat-bottomup-noop ran for 0.007 secs (0.007u,0.s) (success)
Tactic call abstract+rewrite_strat-bottomup ran for 3.122 secs (3.117u,0.003s) (success)
Tactic call close-abstract+rewrite_strat-bottomup ran for 1.035 secs (1.035u,0.s)
Params: n= 310
Tactic call rewrite_strat-bottomup ran for 2.498 secs (2.498u,0.s) (success)
Tactic call rewrite_strat-bottomup-noop ran for 0.007 secs (0.007u,0.s) (success)
Tactic call abstract+rewrite_strat-bottomup ran for 3.638 secs (3.637u,0.s) (success)
Tactic call close-abstract+rewrite_strat-bottomup ran for 1.13 secs (1.129u,0.s)
Params: n= 320
Tactic call rewrite_strat-bottomup ran for 2.564 secs (2.564u,0.s) (success)
Tactic call rewrite_strat-bottomup-noop ran for 0.008 secs (0.008u,0.s) (success)
Tactic call abstract+rewrite_strat-bottomup ran for 3.858 secs (3.853u,0.003s) (success)
Tactic call close-abstract+rewrite_strat-bottomup ran for 1.283 secs (1.279u,0.003s)
Params: n= 330
Tactic call rewrite_strat-bottomup ran for 2.828 secs (2.828u,0.s) (success)
Tactic call rewrite_strat-bottomup-noop ran for 0.008 secs (0.008u,0.s) (success)
Tactic call abstract+rewrite_strat-bottomup ran for 4.091 secs (4.082u,0.008s) (success)
Tactic call close-abstract+rewrite_strat-bottomup ran for 1.252 secs (1.243u,0.008s)
Params: n= 340
Tactic call rewrite_strat-bottomup ran for 3.056 secs (3.056u,0.s) (success)
Tactic call rewrite_strat-bottomup-noop ran for 0.009 secs (0.009u,0.s) (success)
Tactic call abstract+rewrite_strat-bottomup ran for 4.427 secs (4.426u,0.s) (success)
Tactic call close-abstract+rewrite_strat-bottomup ran for 1.359 secs (1.359u,0.s)
Params: n= 360
Tactic call rewrite_strat-bottomup ran for 3.499 secs (3.498u,0.s) (success)
Tactic call rewrite_strat-bottomup-noop ran for 0.02 secs (0.02u,0.s) (success)
Tactic call abstract+rewrite_strat-bottomup ran for 5.143 secs (5.142u,0.s) (success)
Tactic call close-abstract+rewrite_strat-bottomup ran for 1.621 secs (1.62u,0.s)
Params: n= 370
Tactic call rewrite_strat-bottomup ran for 3.566 secs (3.566u,0.s) (success)
Tactic call rewrite_strat-bottomup-noop ran for 0.01 secs (0.01u,0.s) (success)
Tactic call abstract+rewrite_strat-bottomup ran for 5.137 secs (5.133u,0.003s) (success)
Tactic call close-abstract+rewrite_strat-bottomup ran for 1.558 secs (1.554u,0.003s)
Params: n= 380
Tactic call rewrite_strat-bottomup ran for 3.899 secs (3.887u,0.012s) (success)
Tactic call rewrite_strat-bottomup-noop ran for 0.011 secs (0.011u,0.s) (success)
Tactic call abstract+rewrite_strat-bottomup ran for 5.582 secs (5.561u,0.02s) (success)
Tactic call close-abstract+rewrite_strat-bottomup ran for 1.668 secs (1.66u,0.008s)
Params: n= 390
Tactic call rewrite_strat-bottomup ran for 4.497 secs (4.473u,0.024s) (success)
Tactic call rewrite_strat-bottomup-noop ran for 0.024 secs (0.024u,0.s) (success)
Tactic call abstract+rewrite_strat-bottomup ran for 6.335 secs (6.306u,0.028s) (success)
Tactic call close-abstract+rewrite_strat-bottomup ran for 1.811 secs (1.807u,0.003s)
