Params: n= 50
Tactic call rewrite_strat-bottomup ran for 0.132 secs (0.09u,0.041s) (success)
Tactic call rewrite_strat-bottomup-noop ran for 0. secs (0.u,0.s) (success)
Tactic call abstract+rewrite_strat-bottomup ran for 0.158 secs (0.116u,0.041s) (success)
Tactic call close-abstract+rewrite_strat-bottomup ran for 0.025 secs (0.025u,0.s)
Params: n= 100
Tactic call rewrite_strat-bottomup ran for 0.213 secs (0.213u,0.s) (success)
Tactic call rewrite_strat-bottomup-noop ran for 0.001 secs (0.001u,0.s) (success)
Tactic call abstract+rewrite_strat-bottomup ran for 0.326 secs (0.326u,0.s) (success)
Tactic call close-abstract+rewrite_strat-bottomup ran for 0.11 secs (0.11u,0.s)
Params: n= 150
Tactic call rewrite_strat-bottomup ran for 0.491 secs (0.486u,0.004s) (success)
Tactic call rewrite_strat-bottomup-noop ran for 0.002 secs (0.001u,0.s) (success)
Tactic call abstract+rewrite_strat-bottomup ran for 0.757 secs (0.752u,0.005s) (success)
Tactic call close-abstract+rewrite_strat-bottomup ran for 0.263 secs (0.263u,0.s)
Params: n= 200
Tactic call rewrite_strat-bottomup ran for 0.871 secs (0.868u,0.003s) (success)
Tactic call rewrite_strat-bottomup-noop ran for 0.003 secs (0.003u,0.s) (success)
Tactic call abstract+rewrite_strat-bottomup ran for 1.251 secs (1.247u,0.003s) (success)
Tactic call close-abstract+rewrite_strat-bottomup ran for 0.375 secs (0.375u,0.s)
Params: n= 250
Tactic call rewrite_strat-bottomup ran for 1.404 secs (1.4u,0.003s) (success)
Tactic call rewrite_strat-bottomup-noop ran for 0.004 secs (0.004u,0.s) (success)
Tactic call abstract+rewrite_strat-bottomup ran for 2.09 secs (2.082u,0.007s) (success)
Tactic call close-abstract+rewrite_strat-bottomup ran for 0.68 secs (0.676u,0.003s)
Params: n= 300
Tactic call rewrite_strat-bottomup ran for 2.127 secs (2.098u,0.028s) (success)
Tactic call rewrite_strat-bottomup-noop ran for 0.006 secs (0.006u,0.s) (success)
Tactic call abstract+rewrite_strat-bottomup ran for 3.027 secs (2.991u,0.036s) (success)
Tactic call close-abstract+rewrite_strat-bottomup ran for 0.893 secs (0.885u,0.008s)
Params: n= 350
Tactic call rewrite_strat-bottomup ran for 3.014 secs (2.989u,0.024s) (success)
Tactic call rewrite_strat-bottomup-noop ran for 0.008 secs (0.008u,0.s) (success)
Tactic call abstract+rewrite_strat-bottomup ran for 4.255 secs (4.221u,0.032s) (success)
Tactic call close-abstract+rewrite_strat-bottomup ran for 1.231 secs (1.223u,0.008s)
Params: n= 400
Tactic call rewrite_strat-bottomup ran for 4.162 secs (4.12u,0.04s) (success)
Tactic call rewrite_strat-bottomup-noop ran for 0.012 secs (0.012u,0.s) (success)
Tactic call abstract+rewrite_strat-bottomup ran for 5.806 secs (5.763u,0.04s) (success)
Tactic call close-abstract+rewrite_strat-bottomup ran for 1.629 secs (1.629u,0.s)
