Params: n= 50
Tactic call refine-regression-quadratic-regression-linear ran for 0.001 secs (0.u,0.s) (success)
Tactic call pose-build-and-refine-regression-cubic ran for 0.011 secs (0.003u,0.007s) (success)
Tactic call fast_rewrite-regression-cubic ran for 0.011 secs (0.003u,0.007s) (success)
Tactic call abstract-regression-cubic ran for 0.016 secs (0.008u,0.008s) (success)
Tactic call close-abstract-regression-cubic ran for 0.004 secs (0.004u,0.s)
Params: n= 100
Tactic call refine-regression-quadratic-regression-linear ran for 0.001 secs (0.u,0.s) (success)
Tactic call pose-build-and-refine-regression-cubic ran for 0.085 secs (0.073u,0.011s) (success)
Tactic call fast_rewrite-regression-cubic ran for 0.085 secs (0.073u,0.011s) (success)
Tactic call abstract-regression-cubic ran for 0.1 secs (0.088u,0.011s) (success)
Tactic call close-abstract-regression-cubic ran for 0.014 secs (0.014u,0.s)
Params: n= 150
Tactic call refine-regression-quadratic-regression-linear ran for 0.001 secs (0.001u,0.s) (success)
Tactic call pose-build-and-refine-regression-cubic ran for 0.041 secs (0.041u,0.s) (success)
Tactic call fast_rewrite-regression-cubic ran for 0.041 secs (0.041u,0.s) (success)
Tactic call abstract-regression-cubic ran for 0.081 secs (0.081u,0.s) (success)
Tactic call close-abstract-regression-cubic ran for 0.039 secs (0.039u,0.s)
Params: n= 200
Tactic call refine-regression-quadratic-regression-linear ran for 0.002 secs (0.002u,0.s) (success)
Tactic call pose-build-and-refine-regression-cubic ran for 0.087 secs (0.084u,0.003s) (success)
Tactic call fast_rewrite-regression-cubic ran for 0.087 secs (0.084u,0.003s) (success)
Tactic call abstract-regression-cubic ran for 0.174 secs (0.17u,0.003s) (success)
Tactic call close-abstract-regression-cubic ran for 0.086 secs (0.086u,0.s)
Params: n= 250
Tactic call refine-regression-quadratic-regression-linear ran for 0.003 secs (0.002u,0.s) (success)
Tactic call pose-build-and-refine-regression-cubic ran for 0.13 secs (0.126u,0.003s) (success)
Tactic call fast_rewrite-regression-cubic ran for 0.13 secs (0.126u,0.003s) (success)
Tactic call abstract-regression-cubic ran for 0.296 secs (0.292u,0.003s) (success)
Tactic call close-abstract-regression-cubic ran for 0.165 secs (0.165u,0.s)
Params: n= 300
Tactic call refine-regression-quadratic-regression-linear ran for 0.003 secs (0.003u,0.s) (success)
Tactic call pose-build-and-refine-regression-cubic ran for 0.177 secs (0.177u,0.s) (success)
Tactic call fast_rewrite-regression-cubic ran for 0.177 secs (0.177u,0.s) (success)
Tactic call abstract-regression-cubic ran for 0.449 secs (0.449u,0.s) (success)
Tactic call close-abstract-regression-cubic ran for 0.271 secs (0.271u,0.s)
Params: n= 350
Tactic call refine-regression-quadratic-regression-linear ran for 0.004 secs (0.004u,0.s) (success)
Tactic call pose-build-and-refine-regression-cubic ran for 0.208 secs (0.204u,0.003s) (success)
Tactic call fast_rewrite-regression-cubic ran for 0.208 secs (0.205u,0.003s) (success)
Tactic call abstract-regression-cubic ran for 0.629 secs (0.626u,0.003s) (success)
Tactic call close-abstract-regression-cubic ran for 0.42 secs (0.42u,0.s)
Params: n= 400
Tactic call refine-regression-quadratic-regression-linear ran for 0.004 secs (0.004u,0.s) (success)
Tactic call pose-build-and-refine-regression-cubic ran for 0.232 secs (0.224u,0.007s) (success)
Tactic call fast_rewrite-regression-cubic ran for 0.232 secs (0.225u,0.007s) (success)
Tactic call abstract-regression-cubic ran for 0.865 secs (0.854u,0.011s) (success)
Tactic call close-abstract-regression-cubic ran for 0.632 secs (0.628u,0.003s)
