Params: n= 4
Tactic call refine-regression-quadratic-regression-linear ran for 0. secs (0.u,0.s) (success)
Tactic call pose-build-and-refine-regression-cubic ran for 0.001 secs (0.001u,0.s) (success)
Tactic call fast_rewrite-regression-cubic ran for 0.001 secs (0.001u,0.s) (success)
Tactic call abstract-regression-cubic ran for 0.001 secs (0.001u,0.s) (success)
Tactic call close-abstract-regression-cubic ran for 0. secs (0.u,0.s)
Params: n= 5
Tactic call refine-regression-quadratic-regression-linear ran for 0. secs (0.u,0.s) (success)
Tactic call pose-build-and-refine-regression-cubic ran for 0. secs (0.u,0.s) (success)
Tactic call fast_rewrite-regression-cubic ran for 0. secs (0.u,0.s) (success)
Tactic call abstract-regression-cubic ran for 0.002 secs (0.002u,0.s) (success)
Tactic call close-abstract-regression-cubic ran for 0. secs (0.u,0.s)
Params: n= 6
Tactic call refine-regression-quadratic-regression-linear ran for 0. secs (0.u,0.s) (success)
Tactic call pose-build-and-refine-regression-cubic ran for 0.001 secs (0.u,0.001s) (success)
Tactic call fast_rewrite-regression-cubic ran for 0.001 secs (0.u,0.001s) (success)
Tactic call abstract-regression-cubic ran for 0.002 secs (0.u,0.002s) (success)
Tactic call close-abstract-regression-cubic ran for 0. secs (0.u,0.s)
Params: n= 7
Tactic call refine-regression-quadratic-regression-linear ran for 0. secs (0.u,0.s) (success)
Tactic call pose-build-and-refine-regression-cubic ran for 0.001 secs (0.u,0.001s) (success)
Tactic call fast_rewrite-regression-cubic ran for 0.001 secs (0.u,0.001s) (success)
Tactic call abstract-regression-cubic ran for 0.002 secs (0.001u,0.001s) (success)
Tactic call close-abstract-regression-cubic ran for 0.001 secs (0.001u,0.s)
Params: n= 8
Tactic call refine-regression-quadratic-regression-linear ran for 0. secs (0.u,0.s) (success)
Tactic call pose-build-and-refine-regression-cubic ran for 0.002 secs (0.002u,0.s) (success)
Tactic call fast_rewrite-regression-cubic ran for 0.002 secs (0.002u,0.s) (success)
Tactic call abstract-regression-cubic ran for 0.002 secs (0.002u,0.s) (success)
Tactic call close-abstract-regression-cubic ran for 0. secs (0.u,0.s)
Params: n= 9
Tactic call refine-regression-quadratic-regression-linear ran for 0. secs (0.u,0.s) (success)
Tactic call pose-build-and-refine-regression-cubic ran for 0.002 secs (0.002u,0.s) (success)
Tactic call fast_rewrite-regression-cubic ran for 0.002 secs (0.002u,0.s) (success)
Tactic call abstract-regression-cubic ran for 0.002 secs (0.002u,0.s) (success)
Tactic call close-abstract-regression-cubic ran for 0. secs (0.u,0.s)
Params: n= 10
Tactic call refine-regression-quadratic-regression-linear ran for 0. secs (0.u,0.s) (success)
Tactic call pose-build-and-refine-regression-cubic ran for 0.002 secs (0.u,0.002s) (success)
Tactic call fast_rewrite-regression-cubic ran for 0.002 secs (0.u,0.002s) (success)
Tactic call abstract-regression-cubic ran for 0.003 secs (0.u,0.002s) (success)
Tactic call close-abstract-regression-cubic ran for 0. secs (0.u,0.s)
Params: n= 11
Tactic call refine-regression-quadratic-regression-linear ran for 0. secs (0.u,0.s) (success)
Tactic call pose-build-and-refine-regression-cubic ran for 0.002 secs (0.002u,0.s) (success)
Tactic call fast_rewrite-regression-cubic ran for 0.002 secs (0.002u,0.s) (success)
Tactic call abstract-regression-cubic ran for 0.003 secs (0.003u,0.s) (success)
Tactic call close-abstract-regression-cubic ran for 0. secs (0.u,0.s)
Params: n= 12
Tactic call refine-regression-quadratic-regression-linear ran for 0. secs (0.u,0.s) (success)
Tactic call pose-build-and-refine-regression-cubic ran for 0.002 secs (0.u,0.002s) (success)
Tactic call fast_rewrite-regression-cubic ran for 0.003 secs (0.u,0.002s) (success)
Tactic call abstract-regression-cubic ran for 0.003 secs (0.u,0.003s) (success)
Tactic call close-abstract-regression-cubic ran for 0. secs (0.u,0.s)
Params: n= 13
Tactic call refine-regression-quadratic-regression-linear ran for 0. secs (0.u,0.s) (success)
Tactic call pose-build-and-refine-regression-cubic ran for 0.003 secs (0.u,0.003s) (success)
Tactic call fast_rewrite-regression-cubic ran for 0.003 secs (0.u,0.003s) (success)
Tactic call abstract-regression-cubic ran for 0.005 secs (0.u,0.004s) (success)
Tactic call close-abstract-regression-cubic ran for 0.001 secs (0.u,0.s)
Params: n= 14
Tactic call refine-regression-quadratic-regression-linear ran for 0. secs (0.u,0.s) (success)
Tactic call pose-build-and-refine-regression-cubic ran for 0.003 secs (0.003u,0.s) (success)
Tactic call fast_rewrite-regression-cubic ran for 0.003 secs (0.003u,0.s) (success)
Tactic call abstract-regression-cubic ran for 0.004 secs (0.004u,0.s) (success)
Tactic call close-abstract-regression-cubic ran for 0. secs (0.u,0.s)
Params: n= 15
Tactic call refine-regression-quadratic-regression-linear ran for 0. secs (0.u,0.s) (success)
Tactic call pose-build-and-refine-regression-cubic ran for 0.002 secs (0.002u,0.s) (success)
Tactic call fast_rewrite-regression-cubic ran for 0.002 secs (0.002u,0.s) (success)
Tactic call abstract-regression-cubic ran for 0.053 secs (0.053u,0.s) (success)
Tactic call close-abstract-regression-cubic ran for 0. secs (0.u,0.s)
Params: n= 16
Tactic call refine-regression-quadratic-regression-linear ran for 0. secs (0.u,0.s) (success)
Tactic call pose-build-and-refine-regression-cubic ran for 0.002 secs (0.002u,0.s) (success)
Tactic call fast_rewrite-regression-cubic ran for 0.002 secs (0.002u,0.s) (success)
Tactic call abstract-regression-cubic ran for 0.003 secs (0.003u,0.s) (success)
Tactic call close-abstract-regression-cubic ran for 0. secs (0.u,0.s)
Params: n= 17
Tactic call refine-regression-quadratic-regression-linear ran for 0. secs (0.u,0.s) (success)
Tactic call pose-build-and-refine-regression-cubic ran for 0.002 secs (0.002u,0.s) (success)
Tactic call fast_rewrite-regression-cubic ran for 0.002 secs (0.002u,0.s) (success)
Tactic call abstract-regression-cubic ran for 0.003 secs (0.003u,0.s) (success)
Tactic call close-abstract-regression-cubic ran for 0. secs (0.u,0.s)
Params: n= 18
Tactic call refine-regression-quadratic-regression-linear ran for 0. secs (0.u,0.s) (success)
Tactic call pose-build-and-refine-regression-cubic ran for 0.003 secs (0.003u,0.s) (success)
Tactic call fast_rewrite-regression-cubic ran for 0.003 secs (0.003u,0.s) (success)
Tactic call abstract-regression-cubic ran for 0.004 secs (0.004u,0.s) (success)
Tactic call close-abstract-regression-cubic ran for 0. secs (0.u,0.s)
Params: n= 19
Tactic call refine-regression-quadratic-regression-linear ran for 0. secs (0.u,0.s) (success)
Tactic call pose-build-and-refine-regression-cubic ran for 0.003 secs (0.003u,0.s) (success)
Tactic call fast_rewrite-regression-cubic ran for 0.003 secs (0.003u,0.s) (success)
Tactic call abstract-regression-cubic ran for 0.004 secs (0.004u,0.s) (success)
Tactic call close-abstract-regression-cubic ran for 0. secs (0.u,0.s)
Params: n= 20
Tactic call refine-regression-quadratic-regression-linear ran for 0. secs (0.u,0.s) (success)
Tactic call pose-build-and-refine-regression-cubic ran for 0.003 secs (0.003u,0.s) (success)
Tactic call fast_rewrite-regression-cubic ran for 0.003 secs (0.003u,0.s) (success)
Tactic call abstract-regression-cubic ran for 0.004 secs (0.004u,0.s) (success)
Tactic call close-abstract-regression-cubic ran for 0. secs (0.u,0.s)
Params: n= 21
Tactic call refine-regression-quadratic-regression-linear ran for 0. secs (0.u,0.s) (success)
Tactic call pose-build-and-refine-regression-cubic ran for 0.003 secs (0.003u,0.s) (success)
Tactic call fast_rewrite-regression-cubic ran for 0.003 secs (0.003u,0.s) (success)
Tactic call abstract-regression-cubic ran for 0.004 secs (0.004u,0.s) (success)
Tactic call close-abstract-regression-cubic ran for 0. secs (0.u,0.s)
Params: n= 22
Tactic call refine-regression-quadratic-regression-linear ran for 0. secs (0.u,0.s) (success)
Tactic call pose-build-and-refine-regression-cubic ran for 0.004 secs (0.004u,0.s) (success)
Tactic call fast_rewrite-regression-cubic ran for 0.004 secs (0.004u,0.s) (success)
Tactic call abstract-regression-cubic ran for 0.005 secs (0.005u,0.s) (success)
Tactic call close-abstract-regression-cubic ran for 0.001 secs (0.001u,0.s)
Params: n= 23
Tactic call refine-regression-quadratic-regression-linear ran for 0. secs (0.u,0.s) (success)
Tactic call pose-build-and-refine-regression-cubic ran for 0.004 secs (0.004u,0.s) (success)
Tactic call fast_rewrite-regression-cubic ran for 0.004 secs (0.004u,0.s) (success)
Tactic call abstract-regression-cubic ran for 0.005 secs (0.005u,0.s) (success)
Tactic call close-abstract-regression-cubic ran for 0.001 secs (0.001u,0.s)
Params: n= 24
Tactic call refine-regression-quadratic-regression-linear ran for 0. secs (0.u,0.s) (success)
Tactic call pose-build-and-refine-regression-cubic ran for 0.004 secs (0.004u,0.s) (success)
Tactic call fast_rewrite-regression-cubic ran for 0.004 secs (0.004u,0.s) (success)
Tactic call abstract-regression-cubic ran for 0.005 secs (0.005u,0.s) (success)
Tactic call close-abstract-regression-cubic ran for 0.001 secs (0.001u,0.s)
Params: n= 25
Tactic call refine-regression-quadratic-regression-linear ran for 0. secs (0.u,0.s) (success)
Tactic call pose-build-and-refine-regression-cubic ran for 0.004 secs (0.004u,0.s) (success)
Tactic call fast_rewrite-regression-cubic ran for 0.004 secs (0.004u,0.s) (success)
Tactic call abstract-regression-cubic ran for 0.005 secs (0.005u,0.s) (success)
Tactic call close-abstract-regression-cubic ran for 0.001 secs (0.001u,0.s)
Params: n= 26
Tactic call refine-regression-quadratic-regression-linear ran for 0. secs (0.u,0.s) (success)
Tactic call pose-build-and-refine-regression-cubic ran for 0.004 secs (0.004u,0.s) (success)
Tactic call fast_rewrite-regression-cubic ran for 0.004 secs (0.004u,0.s) (success)
Tactic call abstract-regression-cubic ran for 0.005 secs (0.005u,0.s) (success)
Tactic call close-abstract-regression-cubic ran for 0.001 secs (0.001u,0.s)
Params: n= 27
Tactic call refine-regression-quadratic-regression-linear ran for 0. secs (0.u,0.s) (success)
Tactic call pose-build-and-refine-regression-cubic ran for 0.007 secs (0.007u,0.s) (success)
Tactic call fast_rewrite-regression-cubic ran for 0.007 secs (0.007u,0.s) (success)
Tactic call abstract-regression-cubic ran for 0.008 secs (0.008u,0.s) (success)
Tactic call close-abstract-regression-cubic ran for 0.001 secs (0.001u,0.s)
Params: n= 28
Tactic call refine-regression-quadratic-regression-linear ran for 0. secs (0.u,0.s) (success)
Tactic call pose-build-and-refine-regression-cubic ran for 0.004 secs (0.004u,0.s) (success)
Tactic call fast_rewrite-regression-cubic ran for 0.004 secs (0.004u,0.s) (success)
Tactic call abstract-regression-cubic ran for 0.006 secs (0.006u,0.s) (success)
Tactic call close-abstract-regression-cubic ran for 0.001 secs (0.001u,0.s)
Params: n= 29
Tactic call refine-regression-quadratic-regression-linear ran for 0. secs (0.u,0.s) (success)
Tactic call pose-build-and-refine-regression-cubic ran for 0.005 secs (0.005u,0.s) (success)
Tactic call fast_rewrite-regression-cubic ran for 0.005 secs (0.005u,0.s) (success)
Tactic call abstract-regression-cubic ran for 0.006 secs (0.006u,0.s) (success)
Tactic call close-abstract-regression-cubic ran for 0.001 secs (0.001u,0.s)
Params: n= 30
Tactic call refine-regression-quadratic-regression-linear ran for 0. secs (0.u,0.s) (success)
Tactic call pose-build-and-refine-regression-cubic ran for 0.005 secs (0.005u,0.s) (success)
Tactic call fast_rewrite-regression-cubic ran for 0.005 secs (0.005u,0.s) (success)
Tactic call abstract-regression-cubic ran for 0.007 secs (0.007u,0.s) (success)
Tactic call close-abstract-regression-cubic ran for 0.001 secs (0.001u,0.s)
Params: n= 31
Tactic call refine-regression-quadratic-regression-linear ran for 0. secs (0.u,0.s) (success)
Tactic call pose-build-and-refine-regression-cubic ran for 0.005 secs (0.005u,0.s) (success)
Tactic call fast_rewrite-regression-cubic ran for 0.005 secs (0.005u,0.s) (success)
Tactic call abstract-regression-cubic ran for 0.007 secs (0.007u,0.s) (success)
Tactic call close-abstract-regression-cubic ran for 0.001 secs (0.001u,0.s)
Params: n= 32
Tactic call refine-regression-quadratic-regression-linear ran for 0. secs (0.u,0.s) (success)
Tactic call pose-build-and-refine-regression-cubic ran for 0.006 secs (0.006u,0.s) (success)
Tactic call fast_rewrite-regression-cubic ran for 0.006 secs (0.006u,0.s) (success)
Tactic call abstract-regression-cubic ran for 0.008 secs (0.008u,0.s) (success)
Tactic call close-abstract-regression-cubic ran for 0.002 secs (0.002u,0.s)
Params: n= 33
Tactic call refine-regression-quadratic-regression-linear ran for 0. secs (0.u,0.s) (success)
Tactic call pose-build-and-refine-regression-cubic ran for 0.005 secs (0.005u,0.s) (success)
Tactic call fast_rewrite-regression-cubic ran for 0.006 secs (0.006u,0.s) (success)
Tactic call abstract-regression-cubic ran for 0.008 secs (0.008u,0.s) (success)
Tactic call close-abstract-regression-cubic ran for 0.001 secs (0.001u,0.s)
Params: n= 34
Tactic call refine-regression-quadratic-regression-linear ran for 0. secs (0.u,0.s) (success)
Tactic call pose-build-and-refine-regression-cubic ran for 0.007 secs (0.007u,0.s) (success)
Tactic call fast_rewrite-regression-cubic ran for 0.007 secs (0.007u,0.s) (success)
Tactic call abstract-regression-cubic ran for 0.009 secs (0.009u,0.s) (success)
Tactic call close-abstract-regression-cubic ran for 0.002 secs (0.002u,0.s)
Params: n= 35
Tactic call refine-regression-quadratic-regression-linear ran for 0. secs (0.u,0.s) (success)
Tactic call pose-build-and-refine-regression-cubic ran for 0.007 secs (0.007u,0.s) (success)
Tactic call fast_rewrite-regression-cubic ran for 0.007 secs (0.007u,0.s) (success)
Tactic call abstract-regression-cubic ran for 0.014 secs (0.014u,0.s) (success)
Tactic call close-abstract-regression-cubic ran for 0.002 secs (0.002u,0.s)
Params: n= 36
Tactic call refine-regression-quadratic-regression-linear ran for 0. secs (0.u,0.s) (success)
Tactic call pose-build-and-refine-regression-cubic ran for 0.006 secs (0.006u,0.s) (success)
Tactic call fast_rewrite-regression-cubic ran for 0.006 secs (0.006u,0.s) (success)
Tactic call abstract-regression-cubic ran for 0.009 secs (0.009u,0.s) (success)
Tactic call close-abstract-regression-cubic ran for 0.002 secs (0.002u,0.s)
Params: n= 37
Tactic call refine-regression-quadratic-regression-linear ran for 0. secs (0.u,0.s) (success)
Tactic call pose-build-and-refine-regression-cubic ran for 0.008 secs (0.008u,0.s) (success)
Tactic call fast_rewrite-regression-cubic ran for 0.008 secs (0.008u,0.s) (success)
Tactic call abstract-regression-cubic ran for 0.011 secs (0.011u,0.s) (success)
Tactic call close-abstract-regression-cubic ran for 0.002 secs (0.002u,0.s)
Params: n= 38
Tactic call refine-regression-quadratic-regression-linear ran for 0. secs (0.u,0.s) (success)
Tactic call pose-build-and-refine-regression-cubic ran for 0.007 secs (0.007u,0.s) (success)
Tactic call fast_rewrite-regression-cubic ran for 0.007 secs (0.007u,0.s) (success)
Tactic call abstract-regression-cubic ran for 0.01 secs (0.01u,0.s) (success)
Tactic call close-abstract-regression-cubic ran for 0.002 secs (0.002u,0.s)
Params: n= 39
Tactic call refine-regression-quadratic-regression-linear ran for 0. secs (0.u,0.s) (success)
Tactic call pose-build-and-refine-regression-cubic ran for 0.007 secs (0.007u,0.s) (success)
Tactic call fast_rewrite-regression-cubic ran for 0.007 secs (0.007u,0.s) (success)
Tactic call abstract-regression-cubic ran for 0.01 secs (0.01u,0.s) (success)
Tactic call close-abstract-regression-cubic ran for 0.002 secs (0.002u,0.s)
Params: n= 40
Tactic call refine-regression-quadratic-regression-linear ran for 0. secs (0.u,0.s) (success)
Tactic call pose-build-and-refine-regression-cubic ran for 0.007 secs (0.007u,0.s) (success)
Tactic call fast_rewrite-regression-cubic ran for 0.007 secs (0.007u,0.s) (success)
Tactic call abstract-regression-cubic ran for 0.01 secs (0.01u,0.s) (success)
Tactic call close-abstract-regression-cubic ran for 0.002 secs (0.002u,0.s)
Params: n= 41
Tactic call refine-regression-quadratic-regression-linear ran for 0. secs (0.u,0.s) (success)
Tactic call pose-build-and-refine-regression-cubic ran for 0.01 secs (0.01u,0.s) (success)
Tactic call fast_rewrite-regression-cubic ran for 0.01 secs (0.01u,0.s) (success)
Tactic call abstract-regression-cubic ran for 0.013 secs (0.013u,0.s) (success)
Tactic call close-abstract-regression-cubic ran for 0.002 secs (0.002u,0.s)
Params: n= 42
Tactic call refine-regression-quadratic-regression-linear ran for 0. secs (0.u,0.s) (success)
Tactic call pose-build-and-refine-regression-cubic ran for 0.008 secs (0.008u,0.s) (success)
Tactic call fast_rewrite-regression-cubic ran for 0.008 secs (0.008u,0.s) (success)
Tactic call abstract-regression-cubic ran for 0.011 secs (0.011u,0.s) (success)
Tactic call close-abstract-regression-cubic ran for 0.002 secs (0.002u,0.s)
Params: n= 43
Tactic call refine-regression-quadratic-regression-linear ran for 0. secs (0.u,0.s) (success)
Tactic call pose-build-and-refine-regression-cubic ran for 0.008 secs (0.008u,0.s) (success)
Tactic call fast_rewrite-regression-cubic ran for 0.008 secs (0.008u,0.s) (success)
Tactic call abstract-regression-cubic ran for 0.012 secs (0.012u,0.s) (success)
Tactic call close-abstract-regression-cubic ran for 0.002 secs (0.002u,0.s)
Params: n= 44
Tactic call refine-regression-quadratic-regression-linear ran for 0. secs (0.u,0.s) (success)
Tactic call pose-build-and-refine-regression-cubic ran for 0.009 secs (0.006u,0.002s) (success)
Tactic call fast_rewrite-regression-cubic ran for 0.009 secs (0.006u,0.002s) (success)
Tactic call abstract-regression-cubic ran for 0.013 secs (0.01u,0.002s) (success)
Tactic call close-abstract-regression-cubic ran for 0.003 secs (0.003u,0.s)
Params: n= 45
Tactic call refine-regression-quadratic-regression-linear ran for 0. secs (0.u,0.s) (success)
Tactic call pose-build-and-refine-regression-cubic ran for 0.01 secs (0.01u,0.s) (success)
Tactic call fast_rewrite-regression-cubic ran for 0.01 secs (0.01u,0.s) (success)
Tactic call abstract-regression-cubic ran for 0.013 secs (0.013u,0.s) (success)
Tactic call close-abstract-regression-cubic ran for 0.003 secs (0.003u,0.s)
Params: n= 46
Tactic call refine-regression-quadratic-regression-linear ran for 0. secs (0.u,0.s) (success)
Tactic call pose-build-and-refine-regression-cubic ran for 0.016 secs (0.016u,0.s) (success)
Tactic call fast_rewrite-regression-cubic ran for 0.016 secs (0.016u,0.s) (success)
Tactic call abstract-regression-cubic ran for 0.02 secs (0.02u,0.s) (success)
Tactic call close-abstract-regression-cubic ran for 0.003 secs (0.003u,0.s)
Params: n= 47
Tactic call refine-regression-quadratic-regression-linear ran for 0. secs (0.u,0.s) (success)
Tactic call pose-build-and-refine-regression-cubic ran for 0.01 secs (0.009u,0.s) (success)
Tactic call fast_rewrite-regression-cubic ran for 0.01 secs (0.009u,0.s) (success)
Tactic call abstract-regression-cubic ran for 0.013 secs (0.013u,0.s) (success)
Tactic call close-abstract-regression-cubic ran for 0.003 secs (0.003u,0.s)
Params: n= 48
Tactic call refine-regression-quadratic-regression-linear ran for 0. secs (0.u,0.s) (success)
Tactic call pose-build-and-refine-regression-cubic ran for 0.01 secs (0.01u,0.s) (success)
Tactic call fast_rewrite-regression-cubic ran for 0.01 secs (0.01u,0.s) (success)
Tactic call abstract-regression-cubic ran for 0.014 secs (0.014u,0.s) (success)
Tactic call close-abstract-regression-cubic ran for 0.003 secs (0.003u,0.s)
Params: n= 49
Tactic call refine-regression-quadratic-regression-linear ran for 0. secs (0.u,0.s) (success)
Tactic call pose-build-and-refine-regression-cubic ran for 0.01 secs (0.01u,0.s) (success)
Tactic call fast_rewrite-regression-cubic ran for 0.01 secs (0.01u,0.s) (success)
Tactic call abstract-regression-cubic ran for 0.014 secs (0.014u,0.s) (success)
Tactic call close-abstract-regression-cubic ran for 0.003 secs (0.003u,0.s)
Params: n= 51
Tactic call refine-regression-quadratic-regression-linear ran for 0. secs (0.u,0.s) (success)
Tactic call pose-build-and-refine-regression-cubic ran for 0.011 secs (0.011u,0.s) (success)
Tactic call fast_rewrite-regression-cubic ran for 0.011 secs (0.011u,0.s) (success)
Tactic call abstract-regression-cubic ran for 0.015 secs (0.015u,0.s) (success)
Tactic call close-abstract-regression-cubic ran for 0.003 secs (0.003u,0.s)
Params: n= 52
Tactic call refine-regression-quadratic-regression-linear ran for 0. secs (0.u,0.s) (success)
Tactic call pose-build-and-refine-regression-cubic ran for 0.011 secs (0.011u,0.s) (success)
Tactic call fast_rewrite-regression-cubic ran for 0.011 secs (0.011u,0.s) (success)
Tactic call abstract-regression-cubic ran for 0.017 secs (0.017u,0.s) (success)
Tactic call close-abstract-regression-cubic ran for 0.003 secs (0.003u,0.s)
Params: n= 53
Tactic call refine-regression-quadratic-regression-linear ran for 0. secs (0.u,0.s) (success)
Tactic call pose-build-and-refine-regression-cubic ran for 0.011 secs (0.011u,0.s) (success)
Tactic call fast_rewrite-regression-cubic ran for 0.011 secs (0.011u,0.s) (success)
Tactic call abstract-regression-cubic ran for 0.016 secs (0.016u,0.s) (success)
Tactic call close-abstract-regression-cubic ran for 0.004 secs (0.004u,0.s)
Params: n= 54
Tactic call refine-regression-quadratic-regression-linear ran for 0. secs (0.u,0.s) (success)
Tactic call pose-build-and-refine-regression-cubic ran for 0.012 secs (0.012u,0.s) (success)
Tactic call fast_rewrite-regression-cubic ran for 0.012 secs (0.012u,0.s) (success)
Tactic call abstract-regression-cubic ran for 0.016 secs (0.016u,0.s) (success)
Tactic call close-abstract-regression-cubic ran for 0.004 secs (0.004u,0.s)
Params: n= 55
Tactic call refine-regression-quadratic-regression-linear ran for 0. secs (0.u,0.s) (success)
Tactic call pose-build-and-refine-regression-cubic ran for 0.012 secs (0.012u,0.s) (success)
Tactic call fast_rewrite-regression-cubic ran for 0.012 secs (0.012u,0.s) (success)
Tactic call abstract-regression-cubic ran for 0.017 secs (0.017u,0.s) (success)
Tactic call close-abstract-regression-cubic ran for 0.004 secs (0.004u,0.s)
Params: n= 56
Tactic call refine-regression-quadratic-regression-linear ran for 0. secs (0.u,0.s) (success)
Tactic call pose-build-and-refine-regression-cubic ran for 0.012 secs (0.012u,0.s) (success)
Tactic call fast_rewrite-regression-cubic ran for 0.012 secs (0.012u,0.s) (success)
Tactic call abstract-regression-cubic ran for 0.021 secs (0.021u,0.s) (success)
Tactic call close-abstract-regression-cubic ran for 0.004 secs (0.004u,0.s)
Params: n= 57
Tactic call refine-regression-quadratic-regression-linear ran for 0. secs (0.u,0.s) (success)
Tactic call pose-build-and-refine-regression-cubic ran for 0.013 secs (0.013u,0.s) (success)
Tactic call fast_rewrite-regression-cubic ran for 0.013 secs (0.013u,0.s) (success)
Tactic call abstract-regression-cubic ran for 0.018 secs (0.018u,0.s) (success)
Tactic call close-abstract-regression-cubic ran for 0.004 secs (0.004u,0.s)
Params: n= 58
Tactic call refine-regression-quadratic-regression-linear ran for 0. secs (0.u,0.s) (success)
Tactic call pose-build-and-refine-regression-cubic ran for 0.013 secs (0.013u,0.s) (success)
Tactic call fast_rewrite-regression-cubic ran for 0.013 secs (0.013u,0.s) (success)
Tactic call abstract-regression-cubic ran for 0.018 secs (0.018u,0.s) (success)
Tactic call close-abstract-regression-cubic ran for 0.004 secs (0.004u,0.s)
Params: n= 59
Tactic call refine-regression-quadratic-regression-linear ran for 0. secs (0.u,0.s) (success)
Tactic call pose-build-and-refine-regression-cubic ran for 0.016 secs (0.016u,0.s) (success)
Tactic call fast_rewrite-regression-cubic ran for 0.016 secs (0.016u,0.s) (success)
Tactic call abstract-regression-cubic ran for 0.022 secs (0.022u,0.s) (success)
Tactic call close-abstract-regression-cubic ran for 0.005 secs (0.005u,0.s)
Params: n= 60
Tactic call refine-regression-quadratic-regression-linear ran for 0. secs (0.u,0.s) (success)
Tactic call pose-build-and-refine-regression-cubic ran for 0.014 secs (0.014u,0.s) (success)
Tactic call fast_rewrite-regression-cubic ran for 0.014 secs (0.014u,0.s) (success)
Tactic call abstract-regression-cubic ran for 0.02 secs (0.02u,0.s) (success)
Tactic call close-abstract-regression-cubic ran for 0.005 secs (0.005u,0.s)
Params: n= 61
Tactic call refine-regression-quadratic-regression-linear ran for 0. secs (0.u,0.s) (success)
Tactic call pose-build-and-refine-regression-cubic ran for 0.014 secs (0.014u,0.s) (success)
Tactic call fast_rewrite-regression-cubic ran for 0.014 secs (0.014u,0.s) (success)
Tactic call abstract-regression-cubic ran for 0.021 secs (0.021u,0.s) (success)
Tactic call close-abstract-regression-cubic ran for 0.005 secs (0.005u,0.s)
Params: n= 62
Tactic call refine-regression-quadratic-regression-linear ran for 0.001 secs (0.001u,0.s) (success)
Tactic call pose-build-and-refine-regression-cubic ran for 0.014 secs (0.014u,0.s) (success)
Tactic call fast_rewrite-regression-cubic ran for 0.014 secs (0.014u,0.s) (success)
Tactic call abstract-regression-cubic ran for 0.02 secs (0.02u,0.s) (success)
Tactic call close-abstract-regression-cubic ran for 0.005 secs (0.005u,0.s)
Params: n= 63
Tactic call refine-regression-quadratic-regression-linear ran for 0. secs (0.u,0.s) (success)
Tactic call pose-build-and-refine-regression-cubic ran for 0.022 secs (0.022u,0.s) (success)
Tactic call fast_rewrite-regression-cubic ran for 0.022 secs (0.022u,0.s) (success)
Tactic call abstract-regression-cubic ran for 0.029 secs (0.029u,0.s) (success)
Tactic call close-abstract-regression-cubic ran for 0.006 secs (0.006u,0.s)
Params: n= 64
Tactic call refine-regression-quadratic-regression-linear ran for 0. secs (0.u,0.s) (success)
Tactic call pose-build-and-refine-regression-cubic ran for 0.017 secs (0.017u,0.s) (success)
Tactic call fast_rewrite-regression-cubic ran for 0.017 secs (0.017u,0.s) (success)
Tactic call abstract-regression-cubic ran for 0.024 secs (0.024u,0.s) (success)
Tactic call close-abstract-regression-cubic ran for 0.006 secs (0.006u,0.s)
Params: n= 65
Tactic call refine-regression-quadratic-regression-linear ran for 0.001 secs (0.001u,0.s) (success)
Tactic call pose-build-and-refine-regression-cubic ran for 0.017 secs (0.017u,0.s) (success)
Tactic call fast_rewrite-regression-cubic ran for 0.017 secs (0.017u,0.s) (success)
Tactic call abstract-regression-cubic ran for 0.027 secs (0.027u,0.s) (success)
Tactic call close-abstract-regression-cubic ran for 0.009 secs (0.009u,0.s)
Params: n= 66
Tactic call refine-regression-quadratic-regression-linear ran for 0.001 secs (0.001u,0.s) (success)
Tactic call pose-build-and-refine-regression-cubic ran for 0.019 secs (0.019u,0.s) (success)
Tactic call fast_rewrite-regression-cubic ran for 0.019 secs (0.019u,0.s) (success)
Tactic call abstract-regression-cubic ran for 0.028 secs (0.028u,0.s) (success)
Tactic call close-abstract-regression-cubic ran for 0.008 secs (0.008u,0.s)
Params: n= 67
Tactic call refine-regression-quadratic-regression-linear ran for 0. secs (0.u,0.s) (success)
Tactic call pose-build-and-refine-regression-cubic ran for 0.017 secs (0.017u,0.s) (success)
Tactic call fast_rewrite-regression-cubic ran for 0.017 secs (0.017u,0.s) (success)
Tactic call abstract-regression-cubic ran for 0.024 secs (0.024u,0.s) (success)
Tactic call close-abstract-regression-cubic ran for 0.006 secs (0.006u,0.s)
Params: n= 68
Tactic call refine-regression-quadratic-regression-linear ran for 0. secs (0.u,0.s) (success)
Tactic call pose-build-and-refine-regression-cubic ran for 0.017 secs (0.017u,0.s) (success)
Tactic call fast_rewrite-regression-cubic ran for 0.017 secs (0.017u,0.s) (success)
Tactic call abstract-regression-cubic ran for 0.024 secs (0.024u,0.s) (success)
Tactic call close-abstract-regression-cubic ran for 0.006 secs (0.006u,0.s)
Params: n= 69
Tactic call refine-regression-quadratic-regression-linear ran for 0. secs (0.u,0.s) (success)
Tactic call pose-build-and-refine-regression-cubic ran for 0.021 secs (0.021u,0.s) (success)
Tactic call fast_rewrite-regression-cubic ran for 0.021 secs (0.021u,0.s) (success)
Tactic call abstract-regression-cubic ran for 0.029 secs (0.029u,0.s) (success)
Tactic call close-abstract-regression-cubic ran for 0.007 secs (0.007u,0.s)
Params: n= 70
Tactic call refine-regression-quadratic-regression-linear ran for 0. secs (0.u,0.s) (success)
Tactic call pose-build-and-refine-regression-cubic ran for 0.017 secs (0.017u,0.s) (success)
Tactic call fast_rewrite-regression-cubic ran for 0.017 secs (0.017u,0.s) (success)
Tactic call abstract-regression-cubic ran for 0.025 secs (0.025u,0.s) (success)
Tactic call close-abstract-regression-cubic ran for 0.007 secs (0.007u,0.s)
Params: n= 71
Tactic call refine-regression-quadratic-regression-linear ran for 0. secs (0.u,0.s) (success)
Tactic call pose-build-and-refine-regression-cubic ran for 0.018 secs (0.018u,0.s) (success)
Tactic call fast_rewrite-regression-cubic ran for 0.018 secs (0.018u,0.s) (success)
Tactic call abstract-regression-cubic ran for 0.028 secs (0.028u,0.s) (success)
Tactic call close-abstract-regression-cubic ran for 0.009 secs (0.009u,0.s)
Params: n= 72
Tactic call refine-regression-quadratic-regression-linear ran for 0. secs (0.u,0.s) (success)
Tactic call pose-build-and-refine-regression-cubic ran for 0.024 secs (0.024u,0.s) (success)
Tactic call fast_rewrite-regression-cubic ran for 0.024 secs (0.024u,0.s) (success)
Tactic call abstract-regression-cubic ran for 0.034 secs (0.034u,0.s) (success)
Tactic call close-abstract-regression-cubic ran for 0.009 secs (0.009u,0.s)
Params: n= 73
Tactic call refine-regression-quadratic-regression-linear ran for 0.001 secs (0.001u,0.s) (success)
Tactic call pose-build-and-refine-regression-cubic ran for 0.025 secs (0.025u,0.s) (success)
Tactic call fast_rewrite-regression-cubic ran for 0.025 secs (0.025u,0.s) (success)
Tactic call abstract-regression-cubic ran for 0.037 secs (0.037u,0.s) (success)
Tactic call close-abstract-regression-cubic ran for 0.01 secs (0.01u,0.s)
Params: n= 74
Tactic call refine-regression-quadratic-regression-linear ran for 0.001 secs (0.001u,0.s) (success)
Tactic call pose-build-and-refine-regression-cubic ran for 0.027 secs (0.027u,0.s) (success)
Tactic call fast_rewrite-regression-cubic ran for 0.027 secs (0.027u,0.s) (success)
Tactic call abstract-regression-cubic ran for 0.037 secs (0.037u,0.s) (success)
Tactic call close-abstract-regression-cubic ran for 0.009 secs (0.009u,0.s)
Params: n= 75
Tactic call refine-regression-quadratic-regression-linear ran for 0.001 secs (0.001u,0.s) (success)
Tactic call pose-build-and-refine-regression-cubic ran for 0.021 secs (0.021u,0.s) (success)
Tactic call fast_rewrite-regression-cubic ran for 0.021 secs (0.021u,0.s) (success)
Tactic call abstract-regression-cubic ran for 0.03 secs (0.03u,0.s) (success)
Tactic call close-abstract-regression-cubic ran for 0.008 secs (0.008u,0.s)
Params: n= 76
Tactic call refine-regression-quadratic-regression-linear ran for 0. secs (0.u,0.s) (success)
Tactic call pose-build-and-refine-regression-cubic ran for 0.02 secs (0.02u,0.s) (success)
Tactic call fast_rewrite-regression-cubic ran for 0.02 secs (0.02u,0.s) (success)
Tactic call abstract-regression-cubic ran for 0.029 secs (0.029u,0.s) (success)
Tactic call close-abstract-regression-cubic ran for 0.008 secs (0.008u,0.s)
Params: n= 77
Tactic call refine-regression-quadratic-regression-linear ran for 0. secs (0.u,0.s) (success)
Tactic call pose-build-and-refine-regression-cubic ran for 0.023 secs (0.023u,0.s) (success)
Tactic call fast_rewrite-regression-cubic ran for 0.023 secs (0.023u,0.s) (success)
Tactic call abstract-regression-cubic ran for 0.033 secs (0.033u,0.s) (success)
Tactic call close-abstract-regression-cubic ran for 0.009 secs (0.009u,0.s)
Params: n= 78
Tactic call refine-regression-quadratic-regression-linear ran for 0.001 secs (0.001u,0.s) (success)
Tactic call pose-build-and-refine-regression-cubic ran for 0.022 secs (0.022u,0.s) (success)
Tactic call fast_rewrite-regression-cubic ran for 0.022 secs (0.022u,0.s) (success)
Tactic call abstract-regression-cubic ran for 0.032 secs (0.032u,0.s) (success)
Tactic call close-abstract-regression-cubic ran for 0.009 secs (0.009u,0.s)
Params: n= 79
Tactic call refine-regression-quadratic-regression-linear ran for 0. secs (0.u,0.s) (success)
Tactic call pose-build-and-refine-regression-cubic ran for 0.025 secs (0.025u,0.s) (success)
Tactic call fast_rewrite-regression-cubic ran for 0.025 secs (0.025u,0.s) (success)
Tactic call abstract-regression-cubic ran for 0.035 secs (0.035u,0.s) (success)
Tactic call close-abstract-regression-cubic ran for 0.009 secs (0.009u,0.s)
Params: n= 80
Tactic call refine-regression-quadratic-regression-linear ran for 0.001 secs (0.001u,0.s) (success)
Tactic call pose-build-and-refine-regression-cubic ran for 0.022 secs (0.022u,0.s) (success)
Tactic call fast_rewrite-regression-cubic ran for 0.022 secs (0.022u,0.s) (success)
Tactic call abstract-regression-cubic ran for 0.032 secs (0.032u,0.s) (success)
Tactic call close-abstract-regression-cubic ran for 0.009 secs (0.009u,0.s)
Params: n= 81
Tactic call refine-regression-quadratic-regression-linear ran for 0. secs (0.u,0.s) (success)
Tactic call pose-build-and-refine-regression-cubic ran for 0.022 secs (0.022u,0.s) (success)
Tactic call fast_rewrite-regression-cubic ran for 0.022 secs (0.022u,0.s) (success)
Tactic call abstract-regression-cubic ran for 0.037 secs (0.037u,0.s) (success)
Tactic call close-abstract-regression-cubic ran for 0.014 secs (0.014u,0.s)
Params: n= 82
Tactic call refine-regression-quadratic-regression-linear ran for 0.001 secs (0.001u,0.s) (success)
Tactic call pose-build-and-refine-regression-cubic ran for 0.026 secs (0.026u,0.s) (success)
Tactic call fast_rewrite-regression-cubic ran for 0.026 secs (0.026u,0.s) (success)
Tactic call abstract-regression-cubic ran for 0.038 secs (0.038u,0.s) (success)
Tactic call close-abstract-regression-cubic ran for 0.011 secs (0.011u,0.s)
Params: n= 83
Tactic call refine-regression-quadratic-regression-linear ran for 0.001 secs (0.001u,0.s) (success)
Tactic call pose-build-and-refine-regression-cubic ran for 0.025 secs (0.025u,0.s) (success)
Tactic call fast_rewrite-regression-cubic ran for 0.025 secs (0.025u,0.s) (success)
Tactic call abstract-regression-cubic ran for 0.037 secs (0.037u,0.s) (success)
Tactic call close-abstract-regression-cubic ran for 0.011 secs (0.011u,0.s)
Params: n= 84
Tactic call refine-regression-quadratic-regression-linear ran for 0. secs (0.u,0.s) (success)
Tactic call pose-build-and-refine-regression-cubic ran for 0.025 secs (0.025u,0.s) (success)
Tactic call fast_rewrite-regression-cubic ran for 0.025 secs (0.025u,0.s) (success)
Tactic call abstract-regression-cubic ran for 0.041 secs (0.041u,0.s) (success)
Tactic call close-abstract-regression-cubic ran for 0.015 secs (0.015u,0.s)
Params: n= 85
Tactic call refine-regression-quadratic-regression-linear ran for 0. secs (0.u,0.s) (success)
Tactic call pose-build-and-refine-regression-cubic ran for 0.028 secs (0.028u,0.s) (success)
Tactic call fast_rewrite-regression-cubic ran for 0.028 secs (0.028u,0.s) (success)
Tactic call abstract-regression-cubic ran for 0.041 secs (0.041u,0.s) (success)
Tactic call close-abstract-regression-cubic ran for 0.011 secs (0.011u,0.s)
Params: n= 86
Tactic call refine-regression-quadratic-regression-linear ran for 0.001 secs (0.u,0.s) (success)
Tactic call pose-build-and-refine-regression-cubic ran for 0.028 secs (0.024u,0.s) (success)
Tactic call fast_rewrite-regression-cubic ran for 0.028 secs (0.024u,0.s) (success)
Tactic call abstract-regression-cubic ran for 0.041 secs (0.041u,0.s) (success)
Tactic call close-abstract-regression-cubic ran for 0.012 secs (0.016u,0.s)
Params: n= 87
Tactic call refine-regression-quadratic-regression-linear ran for 0.001 secs (0.001u,0.s) (success)
Tactic call pose-build-and-refine-regression-cubic ran for 0.027 secs (0.027u,0.s) (success)
Tactic call fast_rewrite-regression-cubic ran for 0.027 secs (0.027u,0.s) (success)
Tactic call abstract-regression-cubic ran for 0.04 secs (0.039u,0.s) (success)
Tactic call close-abstract-regression-cubic ran for 0.012 secs (0.012u,0.s)
Params: n= 88
Tactic call refine-regression-quadratic-regression-linear ran for 0. secs (0.u,0.s) (success)
Tactic call pose-build-and-refine-regression-cubic ran for 0.028 secs (0.028u,0.s) (success)
Tactic call fast_rewrite-regression-cubic ran for 0.028 secs (0.028u,0.s) (success)
Tactic call abstract-regression-cubic ran for 0.042 secs (0.042u,0.s) (success)
Tactic call close-abstract-regression-cubic ran for 0.012 secs (0.012u,0.s)
Params: n= 89
Tactic call refine-regression-quadratic-regression-linear ran for 0.001 secs (0.001u,0.s) (success)
Tactic call pose-build-and-refine-regression-cubic ran for 0.026 secs (0.026u,0.s) (success)
Tactic call fast_rewrite-regression-cubic ran for 0.026 secs (0.026u,0.s) (success)
Tactic call abstract-regression-cubic ran for 0.04 secs (0.04u,0.s) (success)
Tactic call close-abstract-regression-cubic ran for 0.013 secs (0.013u,0.s)
Params: n= 90
Tactic call refine-regression-quadratic-regression-linear ran for 0.001 secs (0.001u,0.s) (success)
Tactic call pose-build-and-refine-regression-cubic ran for 0.03 secs (0.03u,0.s) (success)
Tactic call fast_rewrite-regression-cubic ran for 0.03 secs (0.03u,0.s) (success)
Tactic call abstract-regression-cubic ran for 0.044 secs (0.044u,0.s) (success)
Tactic call close-abstract-regression-cubic ran for 0.013 secs (0.013u,0.s)
Params: n= 91
Tactic call refine-regression-quadratic-regression-linear ran for 0.001 secs (0.001u,0.s) (success)
Tactic call pose-build-and-refine-regression-cubic ran for 0.03 secs (0.03u,0.s) (success)
Tactic call fast_rewrite-regression-cubic ran for 0.03 secs (0.03u,0.s) (success)
Tactic call abstract-regression-cubic ran for 0.045 secs (0.045u,0.s) (success)
Tactic call close-abstract-regression-cubic ran for 0.013 secs (0.013u,0.s)
Params: n= 92
Tactic call refine-regression-quadratic-regression-linear ran for 0.001 secs (0.001u,0.s) (success)
Tactic call pose-build-and-refine-regression-cubic ran for 0.034 secs (0.034u,0.s) (success)
Tactic call fast_rewrite-regression-cubic ran for 0.035 secs (0.035u,0.s) (success)
Tactic call abstract-regression-cubic ran for 0.051 secs (0.051u,0.s) (success)
Tactic call close-abstract-regression-cubic ran for 0.015 secs (0.015u,0.s)
Params: n= 93
Tactic call refine-regression-quadratic-regression-linear ran for 0.001 secs (0.u,0.s) (success)
Tactic call pose-build-and-refine-regression-cubic ran for 0.031 secs (0.027u,0.s) (success)
Tactic call fast_rewrite-regression-cubic ran for 0.031 secs (0.027u,0.s) (success)
Tactic call abstract-regression-cubic ran for 0.049 secs (0.049u,0.s) (success)
Tactic call close-abstract-regression-cubic ran for 0.018 secs (0.021u,0.s)
Params: n= 94
Tactic call refine-regression-quadratic-regression-linear ran for 0.001 secs (0.001u,0.s) (success)
Tactic call pose-build-and-refine-regression-cubic ran for 0.034 secs (0.034u,0.s) (success)
Tactic call fast_rewrite-regression-cubic ran for 0.034 secs (0.034u,0.s) (success)
Tactic call abstract-regression-cubic ran for 0.049 secs (0.049u,0.s) (success)
Tactic call close-abstract-regression-cubic ran for 0.014 secs (0.014u,0.s)
Params: n= 95
Tactic call refine-regression-quadratic-regression-linear ran for 0.002 secs (0.002u,0.s) (success)
Tactic call pose-build-and-refine-regression-cubic ran for 0.033 secs (0.033u,0.s) (success)
Tactic call fast_rewrite-regression-cubic ran for 0.033 secs (0.033u,0.s) (success)
Tactic call abstract-regression-cubic ran for 0.049 secs (0.049u,0.s) (success)
Tactic call close-abstract-regression-cubic ran for 0.015 secs (0.015u,0.s)
Params: n= 96
Tactic call refine-regression-quadratic-regression-linear ran for 0.001 secs (0.001u,0.s) (success)
Tactic call pose-build-and-refine-regression-cubic ran for 0.031 secs (0.031u,0.s) (success)
Tactic call fast_rewrite-regression-cubic ran for 0.031 secs (0.031u,0.s) (success)
Tactic call abstract-regression-cubic ran for 0.047 secs (0.047u,0.s) (success)
Tactic call close-abstract-regression-cubic ran for 0.015 secs (0.015u,0.s)
Params: n= 97
Tactic call refine-regression-quadratic-regression-linear ran for 0. secs (0.u,0.s) (success)
Tactic call pose-build-and-refine-regression-cubic ran for 0.032 secs (0.032u,0.s) (success)
Tactic call fast_rewrite-regression-cubic ran for 0.032 secs (0.032u,0.s) (success)
Tactic call abstract-regression-cubic ran for 0.048 secs (0.048u,0.s) (success)
Tactic call close-abstract-regression-cubic ran for 0.015 secs (0.015u,0.s)
Params: n= 98
Tactic call refine-regression-quadratic-regression-linear ran for 0.001 secs (0.001u,0.s) (success)
Tactic call pose-build-and-refine-regression-cubic ran for 0.031 secs (0.031u,0.s) (success)
Tactic call fast_rewrite-regression-cubic ran for 0.031 secs (0.031u,0.s) (success)
Tactic call abstract-regression-cubic ran for 0.048 secs (0.048u,0.s) (success)
Tactic call close-abstract-regression-cubic ran for 0.016 secs (0.016u,0.s)
Params: n= 99
Tactic call refine-regression-quadratic-regression-linear ran for 0.001 secs (0.001u,0.s) (success)
Tactic call pose-build-and-refine-regression-cubic ran for 0.04 secs (0.04u,0.s) (success)
Tactic call fast_rewrite-regression-cubic ran for 0.04 secs (0.04u,0.s) (success)
Tactic call abstract-regression-cubic ran for 0.057 secs (0.057u,0.s) (success)
Tactic call close-abstract-regression-cubic ran for 0.016 secs (0.016u,0.s)
Params: n= 110
Tactic call refine-regression-quadratic-regression-linear ran for 0.001 secs (0.001u,0.s) (success)
Tactic call pose-build-and-refine-regression-cubic ran for 0.037 secs (0.037u,0.s) (success)
Tactic call fast_rewrite-regression-cubic ran for 0.037 secs (0.037u,0.s) (success)
Tactic call abstract-regression-cubic ran for 0.061 secs (0.061u,0.s) (success)
Tactic call close-abstract-regression-cubic ran for 0.023 secs (0.023u,0.s)
Params: n= 120
Tactic call refine-regression-quadratic-regression-linear ran for 0.001 secs (0.001u,0.s) (success)
Tactic call pose-build-and-refine-regression-cubic ran for 0.044 secs (0.044u,0.s) (success)
Tactic call fast_rewrite-regression-cubic ran for 0.044 secs (0.044u,0.s) (success)
Tactic call abstract-regression-cubic ran for 0.071 secs (0.071u,0.s) (success)
Tactic call close-abstract-regression-cubic ran for 0.026 secs (0.026u,0.s)
Params: n= 130
Tactic call refine-regression-quadratic-regression-linear ran for 0.002 secs (0.002u,0.s) (success)
Tactic call pose-build-and-refine-regression-cubic ran for 0.077 secs (0.077u,0.s) (success)
Tactic call fast_rewrite-regression-cubic ran for 0.077 secs (0.077u,0.s) (success)
Tactic call abstract-regression-cubic ran for 0.116 secs (0.114u,0.s) (success)
Tactic call close-abstract-regression-cubic ran for 0.037 secs (0.036u,0.s)
Params: n= 140
Tactic call refine-regression-quadratic-regression-linear ran for 0.001 secs (0.001u,0.s) (success)
Tactic call pose-build-and-refine-regression-cubic ran for 0.076 secs (0.079u,0.s) (success)
Tactic call fast_rewrite-regression-cubic ran for 0.076 secs (0.079u,0.s) (success)
Tactic call abstract-regression-cubic ran for 0.115 secs (0.118u,0.s) (success)
Tactic call close-abstract-regression-cubic ran for 0.038 secs (0.038u,0.s)
Params: n= 160
Tactic call refine-regression-quadratic-regression-linear ran for 0.001 secs (0.001u,0.s) (success)
Tactic call pose-build-and-refine-regression-cubic ran for 0.101 secs (0.101u,0.s) (success)
Tactic call fast_rewrite-regression-cubic ran for 0.101 secs (0.101u,0.s) (success)
Tactic call abstract-regression-cubic ran for 0.157 secs (0.157u,0.s) (success)
Tactic call close-abstract-regression-cubic ran for 0.055 secs (0.055u,0.s)
Params: n= 170
Tactic call refine-regression-quadratic-regression-linear ran for 0.001 secs (0.001u,0.s) (success)
Tactic call pose-build-and-refine-regression-cubic ran for 0.094 secs (0.09u,0.003s) (success)
Tactic call fast_rewrite-regression-cubic ran for 0.094 secs (0.09u,0.003s) (success)
Tactic call abstract-regression-cubic ran for 0.165 secs (0.161u,0.003s) (success)
Tactic call close-abstract-regression-cubic ran for 0.069 secs (0.069u,0.s)
Params: n= 180
Tactic call refine-regression-quadratic-regression-linear ran for 0.001 secs (0.001u,0.s) (success)
Tactic call pose-build-and-refine-regression-cubic ran for 0.108 secs (0.108u,0.s) (success)
Tactic call fast_rewrite-regression-cubic ran for 0.108 secs (0.108u,0.s) (success)
Tactic call abstract-regression-cubic ran for 0.185 secs (0.185u,0.s) (success)
Tactic call close-abstract-regression-cubic ran for 0.076 secs (0.076u,0.s)
Params: n= 190
Tactic call refine-regression-quadratic-regression-linear ran for 0.001 secs (0.001u,0.s) (success)
Tactic call pose-build-and-refine-regression-cubic ran for 0.116 secs (0.116u,0.s) (success)
Tactic call fast_rewrite-regression-cubic ran for 0.116 secs (0.116u,0.s) (success)
Tactic call abstract-regression-cubic ran for 0.204 secs (0.204u,0.s) (success)
Tactic call close-abstract-regression-cubic ran for 0.087 secs (0.087u,0.s)
Params: n= 210
Tactic call refine-regression-quadratic-regression-linear ran for 0.002 secs (0.002u,0.s) (success)
Tactic call pose-build-and-refine-regression-cubic ran for 0.145 secs (0.141u,0.003s) (success)
Tactic call fast_rewrite-regression-cubic ran for 0.145 secs (0.141u,0.003s) (success)
Tactic call abstract-regression-cubic ran for 0.266 secs (0.262u,0.003s) (success)
Tactic call close-abstract-regression-cubic ran for 0.119 secs (0.119u,0.s)
Params: n= 220
Tactic call refine-regression-quadratic-regression-linear ran for 0.002 secs (0.002u,0.s) (success)
Tactic call pose-build-and-refine-regression-cubic ran for 0.165 secs (0.161u,0.003s) (success)
Tactic call fast_rewrite-regression-cubic ran for 0.165 secs (0.161u,0.003s) (success)
Tactic call abstract-regression-cubic ran for 0.299 secs (0.291u,0.007s) (success)
Tactic call close-abstract-regression-cubic ran for 0.133 secs (0.129u,0.003s)
Params: n= 230
Tactic call refine-regression-quadratic-regression-linear ran for 0.002 secs (0.002u,0.s) (success)
Tactic call pose-build-and-refine-regression-cubic ran for 0.2 secs (0.2u,0.s) (success)
Tactic call fast_rewrite-regression-cubic ran for 0.2 secs (0.2u,0.s) (success)
Tactic call abstract-regression-cubic ran for 0.36 secs (0.359u,0.s) (success)
Tactic call close-abstract-regression-cubic ran for 0.158 secs (0.158u,0.s)
Params: n= 240
Tactic call refine-regression-quadratic-regression-linear ran for 0.002 secs (0.002u,0.s) (success)
Tactic call pose-build-and-refine-regression-cubic ran for 0.218 secs (0.218u,0.s) (success)
Tactic call fast_rewrite-regression-cubic ran for 0.218 secs (0.218u,0.s) (success)
Tactic call abstract-regression-cubic ran for 0.39 secs (0.39u,0.s) (success)
Tactic call close-abstract-regression-cubic ran for 0.17 secs (0.17u,0.s)
Params: n= 260
Tactic call refine-regression-quadratic-regression-linear ran for 0.002 secs (0.002u,0.s) (success)
Tactic call pose-build-and-refine-regression-cubic ran for 0.193 secs (0.189u,0.003s) (success)
Tactic call fast_rewrite-regression-cubic ran for 0.193 secs (0.189u,0.003s) (success)
Tactic call abstract-regression-cubic ran for 0.412 secs (0.408u,0.003s) (success)
Tactic call close-abstract-regression-cubic ran for 0.218 secs (0.218u,0.s)
Params: n= 270
Tactic call refine-regression-quadratic-regression-linear ran for 0.003 secs (0.003u,0.s) (success)
Tactic call pose-build-and-refine-regression-cubic ran for 0.241 secs (0.233u,0.007s) (success)
Tactic call fast_rewrite-regression-cubic ran for 0.241 secs (0.234u,0.007s) (success)
Tactic call abstract-regression-cubic ran for 0.529 secs (0.521u,0.007s) (success)
Tactic call close-abstract-regression-cubic ran for 0.286 secs (0.286u,0.s)
Params: n= 280
Tactic call refine-regression-quadratic-regression-linear ran for 0.003 secs (0.003u,0.s) (success)
Tactic call pose-build-and-refine-regression-cubic ran for 0.279 secs (0.279u,0.s) (success)
Tactic call fast_rewrite-regression-cubic ran for 0.279 secs (0.279u,0.s) (success)
Tactic call abstract-regression-cubic ran for 0.555 secs (0.554u,0.s) (success)
Tactic call close-abstract-regression-cubic ran for 0.274 secs (0.274u,0.s)
Params: n= 290
Tactic call refine-regression-quadratic-regression-linear ran for 0.003 secs (0.003u,0.s) (success)
Tactic call pose-build-and-refine-regression-cubic ran for 0.298 secs (0.298u,0.s) (success)
Tactic call fast_rewrite-regression-cubic ran for 0.298 secs (0.298u,0.s) (success)
Tactic call abstract-regression-cubic ran for 0.611 secs (0.611u,0.s) (success)
Tactic call close-abstract-regression-cubic ran for 0.312 secs (0.312u,0.s)
Params: n= 310
Tactic call refine-regression-quadratic-regression-linear ran for 0.003 secs (0.003u,0.s) (success)
Tactic call pose-build-and-refine-regression-cubic ran for 0.313 secs (0.294u,0.019s) (success)
Tactic call fast_rewrite-regression-cubic ran for 0.314 secs (0.294u,0.019s) (success)
Tactic call abstract-regression-cubic ran for 0.676 secs (0.652u,0.023s) (success)
Tactic call close-abstract-regression-cubic ran for 0.361 secs (0.357u,0.004s)
Params: n= 320
Tactic call refine-regression-quadratic-regression-linear ran for 0.003 secs (0.003u,0.s) (success)
Tactic call pose-build-and-refine-regression-cubic ran for 0.307 secs (0.303u,0.004s) (success)
Tactic call fast_rewrite-regression-cubic ran for 0.307 secs (0.303u,0.004s) (success)
Tactic call abstract-regression-cubic ran for 0.704 secs (0.7u,0.004s) (success)
Tactic call close-abstract-regression-cubic ran for 0.396 secs (0.396u,0.s)
Params: n= 330
Tactic call refine-regression-quadratic-regression-linear ran for 0.005 secs (0.005u,0.s) (success)
Tactic call pose-build-and-refine-regression-cubic ran for 0.372 secs (0.372u,0.s) (success)
Tactic call fast_rewrite-regression-cubic ran for 0.372 secs (0.372u,0.s) (success)
Tactic call abstract-regression-cubic ran for 0.854 secs (0.853u,0.s) (success)
Tactic call close-abstract-regression-cubic ran for 0.48 secs (0.48u,0.s)
Params: n= 340
Tactic call refine-regression-quadratic-regression-linear ran for 0.003 secs (0.003u,0.s) (success)
Tactic call pose-build-and-refine-regression-cubic ran for 0.365 secs (0.365u,0.s) (success)
Tactic call fast_rewrite-regression-cubic ran for 0.365 secs (0.365u,0.s) (success)
Tactic call abstract-regression-cubic ran for 0.829 secs (0.829u,0.s) (success)
Tactic call close-abstract-regression-cubic ran for 0.463 secs (0.462u,0.s)
Params: n= 360
Tactic call refine-regression-quadratic-regression-linear ran for 0.004 secs (0.004u,0.s) (success)
Tactic call pose-build-and-refine-regression-cubic ran for 0.384 secs (0.384u,0.s) (success)
Tactic call fast_rewrite-regression-cubic ran for 0.384 secs (0.384u,0.s) (success)
Tactic call abstract-regression-cubic ran for 0.939 secs (0.939u,0.s) (success)
Tactic call close-abstract-regression-cubic ran for 0.553 secs (0.553u,0.s)
Params: n= 370
Tactic call refine-regression-quadratic-regression-linear ran for 0.004 secs (0.004u,0.s) (success)
Tactic call pose-build-and-refine-regression-cubic ran for 0.461 secs (0.461u,0.s) (success)
Tactic call fast_rewrite-regression-cubic ran for 0.461 secs (0.461u,0.s) (success)
Tactic call abstract-regression-cubic ran for 1.07 secs (1.07u,0.s) (success)
Tactic call close-abstract-regression-cubic ran for 0.608 secs (0.608u,0.s)
Params: n= 380
Tactic call refine-regression-quadratic-regression-linear ran for 0.004 secs (0.004u,0.s) (success)
Tactic call pose-build-and-refine-regression-cubic ran for 0.463 secs (0.463u,0.s) (success)
Tactic call fast_rewrite-regression-cubic ran for 0.463 secs (0.463u,0.s) (success)
Tactic call abstract-regression-cubic ran for 1.145 secs (1.145u,0.s) (success)
Tactic call close-abstract-regression-cubic ran for 0.681 secs (0.681u,0.s)
Params: n= 390
Tactic call refine-regression-quadratic-regression-linear ran for 0.004 secs (0.004u,0.s) (success)
Tactic call pose-build-and-refine-regression-cubic ran for 0.444 secs (0.444u,0.s) (success)
Tactic call fast_rewrite-regression-cubic ran for 0.444 secs (0.444u,0.s) (success)
Tactic call abstract-regression-cubic ran for 1.159 secs (1.155u,0.003s) (success)
Tactic call close-abstract-regression-cubic ran for 0.714 secs (0.71u,0.003s)
Params: n= 500
Tactic call refine-regression-quadratic-regression-linear ran for 0.005 secs (0.005u,0.s) (success)
Tactic call pose-build-and-refine-regression-cubic ran for 0.739 secs (0.739u,0.s) (success)
Tactic call fast_rewrite-regression-cubic ran for 0.739 secs (0.739u,0.s) (success)
Tactic call abstract-regression-cubic ran for 2.205 secs (2.204u,0.s) (success)
Tactic call close-abstract-regression-cubic ran for 1.464 secs (1.464u,0.s)
Params: n= 600
Tactic call refine-regression-quadratic-regression-linear ran for 0.007 secs (0.007u,0.s) (success)
Tactic call pose-build-and-refine-regression-cubic ran for 1.048 secs (1.048u,0.s) (success)
Tactic call fast_rewrite-regression-cubic ran for 1.048 secs (1.048u,0.s) (success)
Tactic call abstract-regression-cubic ran for 3.622 secs (3.606u,0.015s) (success)
Tactic call close-abstract-regression-cubic ran for 2.573 secs (2.556u,0.015s)
Params: n= 700
Tactic call refine-regression-quadratic-regression-linear ran for 0.008 secs (0.008u,0.s) (success)
Tactic call pose-build-and-refine-regression-cubic ran for 1.403 secs (1.403u,0.s) (success)
Tactic call fast_rewrite-regression-cubic ran for 1.403 secs (1.403u,0.s) (success)
Tactic call abstract-regression-cubic ran for 5.626 secs (5.626u,0.s) (success)
Tactic call close-abstract-regression-cubic ran for 4.221 secs (4.221u,0.s)
Params: n= 800
Tactic call refine-regression-quadratic-regression-linear ran for 0.009 secs (0.009u,0.s) (success)
Tactic call pose-build-and-refine-regression-cubic ran for 1.773 secs (1.773u,0.s) (success)
Tactic call fast_rewrite-regression-cubic ran for 1.773 secs (1.773u,0.s) (success)
Tactic call abstract-regression-cubic ran for 8.204 secs (8.199u,0.004s) (success)
Tactic call close-abstract-regression-cubic ran for 6.43 secs (6.425u,0.004s)
Params: n= 900
Tactic call refine-regression-quadratic-regression-linear ran for 0.009 secs (0.009u,0.s) (success)
Tactic call pose-build-and-refine-regression-cubic ran for 2.204 secs (2.188u,0.016s) (success)
Tactic call fast_rewrite-regression-cubic ran for 2.204 secs (2.188u,0.016s) (success)
Tactic call abstract-regression-cubic ran for 11.609 secs (11.563u,0.044s) (success)
Tactic call close-abstract-regression-cubic ran for 9.403 secs (9.374u,0.028s)
Params: n= 1000
Tactic call refine-regression-quadratic-regression-linear ran for 0.011 secs (0.011u,0.s) (success)
Tactic call pose-build-and-refine-regression-cubic ran for 2.709 secs (2.7u,0.007s) (success)
Tactic call fast_rewrite-regression-cubic ran for 2.709 secs (2.7u,0.007s) (success)
Tactic call abstract-regression-cubic ran for 16.527 secs (16.497u,0.028s) (success)
Tactic call close-abstract-regression-cubic ran for 13.816 secs (13.795u,0.02s)
