Params: n= 50
Tactic call refine-regression-quadratic-regression-linear ran for 0.001 secs (0.u,0.s) (success)
Tactic call pose-build-and-refine-regression-cubic ran for 0.017 secs (0.012u,0.004s) (success)
Tactic call fast_rewrite-regression-cubic ran for 0.017 secs (0.012u,0.004s) (success)
Tactic call abstract-regression-cubic ran for 0.023 secs (0.018u,0.004s) (success)
Tactic call close-abstract-regression-cubic ran for 0.006 secs (0.006u,0.s)
Params: n= 100
Tactic call refine-regression-quadratic-regression-linear ran for 0.001 secs (0.u,0.s) (success)
Tactic call pose-build-and-refine-regression-cubic ran for 0.091 secs (0.068u,0.023s) (success)
Tactic call fast_rewrite-regression-cubic ran for 0.091 secs (0.068u,0.023s) (success)
Tactic call abstract-regression-cubic ran for 0.113 secs (0.089u,0.024s) (success)
Tactic call close-abstract-regression-cubic ran for 0.021 secs (0.021u,0.s)
Params: n= 150
Tactic call refine-regression-quadratic-regression-linear ran for 0.001 secs (0.001u,0.s) (success)
Tactic call pose-build-and-refine-regression-cubic ran for 0.092 secs (0.084u,0.007s) (success)
Tactic call fast_rewrite-regression-cubic ran for 0.092 secs (0.084u,0.007s) (success)
Tactic call abstract-regression-cubic ran for 0.156 secs (0.148u,0.007s) (success)
Tactic call close-abstract-regression-cubic ran for 0.063 secs (0.062u,0.s)
Params: n= 200
Tactic call refine-regression-quadratic-regression-linear ran for 0.002 secs (0.002u,0.s) (success)
Tactic call pose-build-and-refine-regression-cubic ran for 0.184 secs (0.179u,0.004s) (success)
Tactic call fast_rewrite-regression-cubic ran for 0.184 secs (0.179u,0.004s) (success)
Tactic call abstract-regression-cubic ran for 0.319 secs (0.314u,0.004s) (success)
Tactic call close-abstract-regression-cubic ran for 0.135 secs (0.135u,0.s)
Params: n= 250
Tactic call refine-regression-quadratic-regression-linear ran for 0.003 secs (0.003u,0.s) (success)
Tactic call pose-build-and-refine-regression-cubic ran for 0.27 secs (0.266u,0.004s) (success)
Tactic call fast_rewrite-regression-cubic ran for 0.27 secs (0.266u,0.004s) (success)
Tactic call abstract-regression-cubic ran for 0.524 secs (0.519u,0.004s) (success)
Tactic call close-abstract-regression-cubic ran for 0.253 secs (0.253u,0.s)
Params: n= 300
Tactic call refine-regression-quadratic-regression-linear ran for 0.003 secs (0.003u,0.s) (success)
Tactic call pose-build-and-refine-regression-cubic ran for 0.336 secs (0.325u,0.011s) (success)
Tactic call fast_rewrite-regression-cubic ran for 0.336 secs (0.325u,0.011s) (success)
Tactic call abstract-regression-cubic ran for 0.746 secs (0.735u,0.011s) (success)
Tactic call close-abstract-regression-cubic ran for 0.409 secs (0.409u,0.s)
Params: n= 350
Tactic call refine-regression-quadratic-regression-linear ran for 0.004 secs (0.004u,0.s) (success)
Tactic call pose-build-and-refine-regression-cubic ran for 0.479 secs (0.471u,0.007s) (success)
Tactic call fast_rewrite-regression-cubic ran for 0.479 secs (0.471u,0.007s) (success)
Tactic call abstract-regression-cubic ran for 1.158 secs (1.15u,0.007s) (success)
Tactic call close-abstract-regression-cubic ran for 0.679 secs (0.678u,0.s)
Params: n= 400
Tactic call refine-regression-quadratic-regression-linear ran for 0.005 secs (0.005u,0.s) (success)
Tactic call pose-build-and-refine-regression-cubic ran for 0.606 secs (0.598u,0.007s) (success)
Tactic call fast_rewrite-regression-cubic ran for 0.606 secs (0.599u,0.007s) (success)
Tactic call abstract-regression-cubic ran for 1.582 secs (1.57u,0.011s) (success)
Tactic call close-abstract-regression-cubic ran for 0.975 secs (0.971u,0.003s)
