Params: n= 4
Tactic call ssr-rewrite!-regression-quadratic ran for 0.001 secs (0.001u,0.s) (success)
Tactic call ssr-rewrite?-noop-regression-linear ran for 0. secs (0.u,0.s) (success)
Tactic call abstract-regression-quadratic ran for 0.002 secs (0.002u,0.s) (success)
Tactic call close-abstract-regression-quadratic ran for 0. secs (0.u,0.s)
Params: n= 5
Tactic call ssr-rewrite!-regression-quadratic ran for 0.001 secs (0.001u,0.s) (success)
Tactic call ssr-rewrite?-noop-regression-linear ran for 0. secs (0.u,0.s) (success)
Tactic call abstract-regression-quadratic ran for 0.002 secs (0.001u,0.001s) (success)
Tactic call close-abstract-regression-quadratic ran for 0. secs (0.u,0.s)
Params: n= 6
Tactic call ssr-rewrite!-regression-quadratic ran for 0.001 secs (0.u,0.001s) (success)
Tactic call ssr-rewrite?-noop-regression-linear ran for 0. secs (0.u,0.s) (success)
Tactic call abstract-regression-quadratic ran for 0.003 secs (0.001u,0.001s) (success)
Tactic call close-abstract-regression-quadratic ran for 0.001 secs (0.001u,0.s)
Params: n= 7
Tactic call ssr-rewrite!-regression-quadratic ran for 0.001 secs (0.001u,0.s) (success)
Tactic call ssr-rewrite?-noop-regression-linear ran for 0. secs (0.u,0.s) (success)
Tactic call abstract-regression-quadratic ran for 0.003 secs (0.001u,0.001s) (success)
Tactic call close-abstract-regression-quadratic ran for 0.001 secs (0.u,0.001s)
Params: n= 8
Tactic call ssr-rewrite!-regression-quadratic ran for 0.002 secs (0.001u,0.s) (success)
Tactic call ssr-rewrite?-noop-regression-linear ran for 0. secs (0.u,0.s) (success)
Tactic call abstract-regression-quadratic ran for 0.004 secs (0.003u,0.001s) (success)
Tactic call close-abstract-regression-quadratic ran for 0.002 secs (0.001u,0.s)
Params: n= 9
Tactic call ssr-rewrite!-regression-quadratic ran for 0.002 secs (0.002u,0.s) (success)
Tactic call ssr-rewrite?-noop-regression-linear ran for 0. secs (0.u,0.s) (success)
Tactic call abstract-regression-quadratic ran for 0.005 secs (0.005u,0.s) (success)
Tactic call close-abstract-regression-quadratic ran for 0.002 secs (0.002u,0.s)
Params: n= 10
Tactic call ssr-rewrite!-regression-quadratic ran for 0.003 secs (0.003u,0.s) (success)
Tactic call ssr-rewrite?-noop-regression-linear ran for 0. secs (0.u,0.s) (success)
Tactic call abstract-regression-quadratic ran for 0.007 secs (0.004u,0.003s) (success)
Tactic call close-abstract-regression-quadratic ran for 0.003 secs (0.u,0.003s)
Params: n= 11
Tactic call ssr-rewrite!-regression-quadratic ran for 0.003 secs (0.003u,0.s) (success)
Tactic call ssr-rewrite?-noop-regression-linear ran for 0. secs (0.u,0.s) (success)
Tactic call abstract-regression-quadratic ran for 0.006 secs (0.006u,0.s) (success)
Tactic call close-abstract-regression-quadratic ran for 0.002 secs (0.002u,0.s)
Params: n= 12
Tactic call ssr-rewrite!-regression-quadratic ran for 0.003 secs (0.003u,0.s) (success)
Tactic call ssr-rewrite?-noop-regression-linear ran for 0. secs (0.u,0.s) (success)
Tactic call abstract-regression-quadratic ran for 0.007 secs (0.006u,0.s) (success)
Tactic call close-abstract-regression-quadratic ran for 0.003 secs (0.003u,0.s)
Params: n= 13
Tactic call ssr-rewrite!-regression-quadratic ran for 0.003 secs (0.003u,0.s) (success)
Tactic call ssr-rewrite?-noop-regression-linear ran for 0. secs (0.u,0.s) (success)
Tactic call abstract-regression-quadratic ran for 0.007 secs (0.007u,0.s) (success)
Tactic call close-abstract-regression-quadratic ran for 0.003 secs (0.003u,0.s)
Params: n= 14
Tactic call ssr-rewrite!-regression-quadratic ran for 0.008 secs (0.008u,0.s) (success)
Tactic call ssr-rewrite?-noop-regression-linear ran for 0. secs (0.u,0.s) (success)
Tactic call abstract-regression-quadratic ran for 0.013 secs (0.011u,0.s) (success)
Tactic call close-abstract-regression-quadratic ran for 0.004 secs (0.002u,0.s)
Params: n= 15
Tactic call ssr-rewrite!-regression-quadratic ran for 0.004 secs (0.u,0.s) (success)
Tactic call ssr-rewrite?-noop-regression-linear ran for 0. secs (0.006u,0.s) (success)
Tactic call abstract-regression-quadratic ran for 0.01 secs (0.012u,0.s) (success)
Tactic call close-abstract-regression-quadratic ran for 0.005 secs (0.005u,0.s)
Params: n= 16
Tactic call ssr-rewrite!-regression-quadratic ran for 0.005 secs (0.005u,0.s) (success)
Tactic call ssr-rewrite?-noop-regression-linear ran for 0. secs (0.u,0.s) (success)
Tactic call abstract-regression-quadratic ran for 0.011 secs (0.011u,0.s) (success)
Tactic call close-abstract-regression-quadratic ran for 0.005 secs (0.005u,0.s)
Params: n= 17
Tactic call ssr-rewrite!-regression-quadratic ran for 0.005 secs (0.005u,0.s) (success)
Tactic call ssr-rewrite?-noop-regression-linear ran for 0. secs (0.u,0.s) (success)
Tactic call abstract-regression-quadratic ran for 0.013 secs (0.013u,0.s) (success)
Tactic call close-abstract-regression-quadratic ran for 0.006 secs (0.006u,0.s)
Params: n= 18
Tactic call ssr-rewrite!-regression-quadratic ran for 0.007 secs (0.007u,0.s) (success)
Tactic call ssr-rewrite?-noop-regression-linear ran for 0. secs (0.u,0.s) (success)
Tactic call abstract-regression-quadratic ran for 0.018 secs (0.018u,0.s) (success)
Tactic call close-abstract-regression-quadratic ran for 0.009 secs (0.009u,0.s)
Params: n= 19
Tactic call ssr-rewrite!-regression-quadratic ran for 0.006 secs (0.006u,0.s) (success)
Tactic call ssr-rewrite?-noop-regression-linear ran for 0. secs (0.u,0.s) (success)
Tactic call abstract-regression-quadratic ran for 0.016 secs (0.016u,0.s) (success)
Tactic call close-abstract-regression-quadratic ran for 0.009 secs (0.009u,0.s)
Params: n= 20
Tactic call ssr-rewrite!-regression-quadratic ran for 0.007 secs (0.007u,0.s) (success)
Tactic call ssr-rewrite?-noop-regression-linear ran for 0. secs (0.u,0.s) (success)
Tactic call abstract-regression-quadratic ran for 0.018 secs (0.018u,0.s) (success)
Tactic call close-abstract-regression-quadratic ran for 0.01 secs (0.01u,0.s)
Params: n= 21
Tactic call ssr-rewrite!-regression-quadratic ran for 0.008 secs (0.006u,0.s) (success)
Tactic call ssr-rewrite?-noop-regression-linear ran for 0. secs (0.u,0.s) (success)
Tactic call abstract-regression-quadratic ran for 0.018 secs (0.018u,0.s) (success)
Tactic call close-abstract-regression-quadratic ran for 0.009 secs (0.011u,0.s)
Params: n= 22
Tactic call ssr-rewrite!-regression-quadratic ran for 0.008 secs (0.008u,0.s) (success)
Tactic call ssr-rewrite?-noop-regression-linear ran for 0. secs (0.u,0.s) (success)
Tactic call abstract-regression-quadratic ran for 0.019 secs (0.019u,0.s) (success)
Tactic call close-abstract-regression-quadratic ran for 0.01 secs (0.01u,0.s)
Params: n= 23
Tactic call ssr-rewrite!-regression-quadratic ran for 0.01 secs (0.01u,0.s) (success)
Tactic call ssr-rewrite?-noop-regression-linear ran for 0. secs (0.u,0.s) (success)
Tactic call abstract-regression-quadratic ran for 0.022 secs (0.022u,0.s) (success)
Tactic call close-abstract-regression-quadratic ran for 0.011 secs (0.011u,0.s)
Params: n= 24
Tactic call ssr-rewrite!-regression-quadratic ran for 0.011 secs (0.011u,0.s) (success)
Tactic call ssr-rewrite?-noop-regression-linear ran for 0. secs (0.u,0.s) (success)
Tactic call abstract-regression-quadratic ran for 0.025 secs (0.023u,0.s) (success)
Tactic call close-abstract-regression-quadratic ran for 0.013 secs (0.011u,0.s)
Params: n= 25
Tactic call ssr-rewrite!-regression-quadratic ran for 0.011 secs (0.014u,0.s) (success)
Tactic call ssr-rewrite?-noop-regression-linear ran for 0. secs (0.u,0.s) (success)
Tactic call abstract-regression-quadratic ran for 0.026 secs (0.029u,0.s) (success)
Tactic call close-abstract-regression-quadratic ran for 0.013 secs (0.013u,0.s)
Params: n= 26
Tactic call ssr-rewrite!-regression-quadratic ran for 0.011 secs (0.011u,0.s) (success)
Tactic call ssr-rewrite?-noop-regression-linear ran for 0. secs (0.u,0.s) (success)
Tactic call abstract-regression-quadratic ran for 0.028 secs (0.028u,0.s) (success)
Tactic call close-abstract-regression-quadratic ran for 0.016 secs (0.016u,0.s)
Params: n= 27
Tactic call ssr-rewrite!-regression-quadratic ran for 0.012 secs (0.012u,0.s) (success)
Tactic call ssr-rewrite?-noop-regression-linear ran for 0. secs (0.u,0.s) (success)
Tactic call abstract-regression-quadratic ran for 0.028 secs (0.028u,0.s) (success)
Tactic call close-abstract-regression-quadratic ran for 0.015 secs (0.015u,0.s)
Params: n= 28
Tactic call ssr-rewrite!-regression-quadratic ran for 0.013 secs (0.013u,0.s) (success)
Tactic call ssr-rewrite?-noop-regression-linear ran for 0. secs (0.u,0.s) (success)
Tactic call abstract-regression-quadratic ran for 0.032 secs (0.032u,0.s) (success)
Tactic call close-abstract-regression-quadratic ran for 0.017 secs (0.017u,0.s)
Params: n= 29
Tactic call ssr-rewrite!-regression-quadratic ran for 0.015 secs (0.015u,0.s) (success)
Tactic call ssr-rewrite?-noop-regression-linear ran for 0. secs (0.u,0.s) (success)
Tactic call abstract-regression-quadratic ran for 0.033 secs (0.033u,0.s) (success)
Tactic call close-abstract-regression-quadratic ran for 0.017 secs (0.017u,0.s)
Params: n= 30
Tactic call ssr-rewrite!-regression-quadratic ran for 0.015 secs (0.015u,0.s) (success)
Tactic call ssr-rewrite?-noop-regression-linear ran for 0. secs (0.u,0.s) (success)
Tactic call abstract-regression-quadratic ran for 0.035 secs (0.035u,0.s) (success)
Tactic call close-abstract-regression-quadratic ran for 0.019 secs (0.019u,0.s)
Params: n= 31
Tactic call ssr-rewrite!-regression-quadratic ran for 0.015 secs (0.015u,0.s) (success)
Tactic call ssr-rewrite?-noop-regression-linear ran for 0. secs (0.u,0.s) (success)
Tactic call abstract-regression-quadratic ran for 0.037 secs (0.037u,0.s) (success)
Tactic call close-abstract-regression-quadratic ran for 0.02 secs (0.02u,0.s)
Params: n= 32
Tactic call ssr-rewrite!-regression-quadratic ran for 0.017 secs (0.017u,0.s) (success)
Tactic call ssr-rewrite?-noop-regression-linear ran for 0. secs (0.u,0.s) (success)
Tactic call abstract-regression-quadratic ran for 0.041 secs (0.041u,0.s) (success)
Tactic call close-abstract-regression-quadratic ran for 0.024 secs (0.024u,0.s)
Params: n= 33
Tactic call ssr-rewrite!-regression-quadratic ran for 0.017 secs (0.017u,0.s) (success)
Tactic call ssr-rewrite?-noop-regression-linear ran for 0. secs (0.u,0.s) (success)
Tactic call abstract-regression-quadratic ran for 0.042 secs (0.042u,0.s) (success)
Tactic call close-abstract-regression-quadratic ran for 0.024 secs (0.024u,0.s)
Params: n= 34
Tactic call ssr-rewrite!-regression-quadratic ran for 0.018 secs (0.018u,0.s) (success)
Tactic call ssr-rewrite?-noop-regression-linear ran for 0. secs (0.u,0.s) (success)
Tactic call abstract-regression-quadratic ran for 0.046 secs (0.046u,0.s) (success)
Tactic call close-abstract-regression-quadratic ran for 0.027 secs (0.027u,0.s)
Params: n= 35
Tactic call ssr-rewrite!-regression-quadratic ran for 0.021 secs (0.021u,0.s) (success)
Tactic call ssr-rewrite?-noop-regression-linear ran for 0. secs (0.u,0.s) (success)
Tactic call abstract-regression-quadratic ran for 0.048 secs (0.048u,0.s) (success)
Tactic call close-abstract-regression-quadratic ran for 0.026 secs (0.026u,0.s)
Params: n= 36
Tactic call ssr-rewrite!-regression-quadratic ran for 0.02 secs (0.02u,0.s) (success)
Tactic call ssr-rewrite?-noop-regression-linear ran for 0. secs (0.u,0.s) (success)
Tactic call abstract-regression-quadratic ran for 0.048 secs (0.048u,0.s) (success)
Tactic call close-abstract-regression-quadratic ran for 0.026 secs (0.026u,0.s)
Params: n= 37
Tactic call ssr-rewrite!-regression-quadratic ran for 0.024 secs (0.024u,0.s) (success)
Tactic call ssr-rewrite?-noop-regression-linear ran for 0. secs (0.u,0.s) (success)
Tactic call abstract-regression-quadratic ran for 0.053 secs (0.053u,0.s) (success)
Tactic call close-abstract-regression-quadratic ran for 0.028 secs (0.028u,0.s)
Params: n= 38
Tactic call ssr-rewrite!-regression-quadratic ran for 0.023 secs (0.023u,0.s) (success)
Tactic call ssr-rewrite?-noop-regression-linear ran for 0. secs (0.u,0.s) (success)
Tactic call abstract-regression-quadratic ran for 0.055 secs (0.055u,0.s) (success)
Tactic call close-abstract-regression-quadratic ran for 0.03 secs (0.03u,0.s)
Params: n= 39
Tactic call ssr-rewrite!-regression-quadratic ran for 0.024 secs (0.024u,0.s) (success)
Tactic call ssr-rewrite?-noop-regression-linear ran for 0. secs (0.u,0.s) (success)
Tactic call abstract-regression-quadratic ran for 0.061 secs (0.061u,0.s) (success)
Tactic call close-abstract-regression-quadratic ran for 0.036 secs (0.036u,0.s)
Params: n= 40
Tactic call ssr-rewrite!-regression-quadratic ran for 0.024 secs (0.024u,0.s) (success)
Tactic call ssr-rewrite?-noop-regression-linear ran for 0. secs (0.u,0.s) (success)
Tactic call abstract-regression-quadratic ran for 0.059 secs (0.059u,0.s) (success)
Tactic call close-abstract-regression-quadratic ran for 0.033 secs (0.033u,0.s)
Params: n= 41
Tactic call ssr-rewrite!-regression-quadratic ran for 0.027 secs (0.027u,0.s) (success)
Tactic call ssr-rewrite?-noop-regression-linear ran for 0. secs (0.u,0.s) (success)
Tactic call abstract-regression-quadratic ran for 0.062 secs (0.062u,0.s) (success)
Tactic call close-abstract-regression-quadratic ran for 0.034 secs (0.034u,0.s)
Params: n= 42
Tactic call ssr-rewrite!-regression-quadratic ran for 0.026 secs (0.026u,0.s) (success)
Tactic call ssr-rewrite?-noop-regression-linear ran for 0. secs (0.u,0.s) (success)
Tactic call abstract-regression-quadratic ran for 0.068 secs (0.068u,0.s) (success)
Tactic call close-abstract-regression-quadratic ran for 0.04 secs (0.04u,0.s)
Params: n= 43
Tactic call ssr-rewrite!-regression-quadratic ran for 0.03 secs (0.03u,0.s) (success)
Tactic call ssr-rewrite?-noop-regression-linear ran for 0. secs (0.u,0.s) (success)
Tactic call abstract-regression-quadratic ran for 0.077 secs (0.077u,0.s) (success)
Tactic call close-abstract-regression-quadratic ran for 0.045 secs (0.045u,0.s)
Params: n= 44
Tactic call ssr-rewrite!-regression-quadratic ran for 0.03 secs (0.03u,0.s) (success)
Tactic call ssr-rewrite?-noop-regression-linear ran for 0. secs (0.u,0.s) (success)
Tactic call abstract-regression-quadratic ran for 0.073 secs (0.073u,0.s) (success)
Tactic call close-abstract-regression-quadratic ran for 0.041 secs (0.041u,0.s)
Params: n= 45
Tactic call ssr-rewrite!-regression-quadratic ran for 0.028 secs (0.028u,0.s) (success)
Tactic call ssr-rewrite?-noop-regression-linear ran for 0. secs (0.u,0.s) (success)
Tactic call abstract-regression-quadratic ran for 0.07 secs (0.07u,0.s) (success)
Tactic call close-abstract-regression-quadratic ran for 0.041 secs (0.041u,0.s)
Params: n= 46
Tactic call ssr-rewrite!-regression-quadratic ran for 0.031 secs (0.031u,0.s) (success)
Tactic call ssr-rewrite?-noop-regression-linear ran for 0. secs (0.u,0.s) (success)
Tactic call abstract-regression-quadratic ran for 0.075 secs (0.075u,0.s) (success)
Tactic call close-abstract-regression-quadratic ran for 0.043 secs (0.043u,0.s)
Params: n= 47
Tactic call ssr-rewrite!-regression-quadratic ran for 0.037 secs (0.037u,0.s) (success)
Tactic call ssr-rewrite?-noop-regression-linear ran for 0. secs (0.u,0.s) (success)
Tactic call abstract-regression-quadratic ran for 0.091 secs (0.091u,0.s) (success)
Tactic call close-abstract-regression-quadratic ran for 0.053 secs (0.053u,0.s)
Params: n= 48
Tactic call ssr-rewrite!-regression-quadratic ran for 0.032 secs (0.032u,0.s) (success)
Tactic call ssr-rewrite?-noop-regression-linear ran for 0. secs (0.u,0.s) (success)
Tactic call abstract-regression-quadratic ran for 0.08 secs (0.08u,0.s) (success)
Tactic call close-abstract-regression-quadratic ran for 0.047 secs (0.047u,0.s)
Params: n= 49
Tactic call ssr-rewrite!-regression-quadratic ran for 0.032 secs (0.032u,0.s) (success)
Tactic call ssr-rewrite?-noop-regression-linear ran for 0. secs (0.u,0.s) (success)
Tactic call abstract-regression-quadratic ran for 0.084 secs (0.084u,0.s) (success)
Tactic call close-abstract-regression-quadratic ran for 0.05 secs (0.05u,0.s)
Params: n= 51
Tactic call ssr-rewrite!-regression-quadratic ran for 0.037 secs (0.037u,0.s) (success)
Tactic call ssr-rewrite?-noop-regression-linear ran for 0. secs (0.u,0.s) (success)
Tactic call abstract-regression-quadratic ran for 0.093 secs (0.093u,0.s) (success)
Tactic call close-abstract-regression-quadratic ran for 0.055 secs (0.055u,0.s)
Params: n= 52
Tactic call ssr-rewrite!-regression-quadratic ran for 0.036 secs (0.036u,0.s) (success)
Tactic call ssr-rewrite?-noop-regression-linear ran for 0. secs (0.u,0.s) (success)
Tactic call abstract-regression-quadratic ran for 0.094 secs (0.094u,0.s) (success)
Tactic call close-abstract-regression-quadratic ran for 0.056 secs (0.056u,0.s)
Params: n= 53
Tactic call ssr-rewrite!-regression-quadratic ran for 0.047 secs (0.047u,0.s) (success)
Tactic call ssr-rewrite?-noop-regression-linear ran for 0. secs (0.u,0.s) (success)
Tactic call abstract-regression-quadratic ran for 0.109 secs (0.108u,0.s) (success)
Tactic call close-abstract-regression-quadratic ran for 0.061 secs (0.06u,0.s)
Params: n= 54
Tactic call ssr-rewrite!-regression-quadratic ran for 0.043 secs (0.043u,0.s) (success)
Tactic call ssr-rewrite?-noop-regression-linear ran for 0. secs (0.u,0.s) (success)
Tactic call abstract-regression-quadratic ran for 0.106 secs (0.106u,0.s) (success)
Tactic call close-abstract-regression-quadratic ran for 0.061 secs (0.061u,0.s)
Params: n= 55
Tactic call ssr-rewrite!-regression-quadratic ran for 0.044 secs (0.044u,0.s) (success)
Tactic call ssr-rewrite?-noop-regression-linear ran for 0. secs (0.u,0.s) (success)
Tactic call abstract-regression-quadratic ran for 0.11 secs (0.11u,0.s) (success)
Tactic call close-abstract-regression-quadratic ran for 0.065 secs (0.065u,0.s)
Params: n= 56
Tactic call ssr-rewrite!-regression-quadratic ran for 0.048 secs (0.048u,0.s) (success)
Tactic call ssr-rewrite?-noop-regression-linear ran for 0. secs (0.u,0.s) (success)
Tactic call abstract-regression-quadratic ran for 0.113 secs (0.113u,0.s) (success)
Tactic call close-abstract-regression-quadratic ran for 0.063 secs (0.063u,0.s)
Params: n= 57
Tactic call ssr-rewrite!-regression-quadratic ran for 0.045 secs (0.045u,0.s) (success)
Tactic call ssr-rewrite?-noop-regression-linear ran for 0. secs (0.u,0.s) (success)
Tactic call abstract-regression-quadratic ran for 0.114 secs (0.114u,0.s) (success)
Tactic call close-abstract-regression-quadratic ran for 0.067 secs (0.067u,0.s)
Params: n= 58
Tactic call ssr-rewrite!-regression-quadratic ran for 0.05 secs (0.05u,0.s) (success)
Tactic call ssr-rewrite?-noop-regression-linear ran for 0. secs (0.u,0.s) (success)
Tactic call abstract-regression-quadratic ran for 0.12 secs (0.12u,0.s) (success)
Tactic call close-abstract-regression-quadratic ran for 0.068 secs (0.068u,0.s)
Params: n= 59
Tactic call ssr-rewrite!-regression-quadratic ran for 0.048 secs (0.048u,0.s) (success)
Tactic call ssr-rewrite?-noop-regression-linear ran for 0. secs (0.u,0.s) (success)
Tactic call abstract-regression-quadratic ran for 0.126 secs (0.126u,0.s) (success)
Tactic call close-abstract-regression-quadratic ran for 0.071 secs (0.071u,0.s)
Params: n= 60
Tactic call ssr-rewrite!-regression-quadratic ran for 0.056 secs (0.056u,0.s) (success)
Tactic call ssr-rewrite?-noop-regression-linear ran for 0. secs (0.u,0.s) (success)
Tactic call abstract-regression-quadratic ran for 0.132 secs (0.132u,0.s) (success)
Tactic call close-abstract-regression-quadratic ran for 0.074 secs (0.074u,0.s)
Params: n= 61
Tactic call ssr-rewrite!-regression-quadratic ran for 0.051 secs (0.051u,0.s) (success)
Tactic call ssr-rewrite?-noop-regression-linear ran for 0. secs (0.u,0.s) (success)
Tactic call abstract-regression-quadratic ran for 0.142 secs (0.142u,0.s) (success)
Tactic call close-abstract-regression-quadratic ran for 0.089 secs (0.089u,0.s)
Params: n= 62
Tactic call ssr-rewrite!-regression-quadratic ran for 0.055 secs (0.055u,0.s) (success)
Tactic call ssr-rewrite?-noop-regression-linear ran for 0. secs (0.u,0.s) (success)
Tactic call abstract-regression-quadratic ran for 0.146 secs (0.146u,0.s) (success)
Tactic call close-abstract-regression-quadratic ran for 0.09 secs (0.09u,0.s)
Params: n= 63
Tactic call ssr-rewrite!-regression-quadratic ran for 0.058 secs (0.057u,0.s) (success)
Tactic call ssr-rewrite?-noop-regression-linear ran for 0. secs (0.u,0.s) (success)
Tactic call abstract-regression-quadratic ran for 0.143 secs (0.143u,0.s) (success)
Tactic call close-abstract-regression-quadratic ran for 0.084 secs (0.084u,0.s)
Params: n= 64
Tactic call ssr-rewrite!-regression-quadratic ran for 0.061 secs (0.061u,0.s) (success)
Tactic call ssr-rewrite?-noop-regression-linear ran for 0. secs (0.u,0.s) (success)
Tactic call abstract-regression-quadratic ran for 0.151 secs (0.151u,0.s) (success)
Tactic call close-abstract-regression-quadratic ran for 0.088 secs (0.088u,0.s)
Params: n= 65
Tactic call ssr-rewrite!-regression-quadratic ran for 0.061 secs (0.055u,0.005s) (success)
Tactic call ssr-rewrite?-noop-regression-linear ran for 0. secs (0.u,0.s) (success)
Tactic call abstract-regression-quadratic ran for 0.151 secs (0.146u,0.005s) (success)
Tactic call close-abstract-regression-quadratic ran for 0.088 secs (0.088u,0.s)
Params: n= 66
Tactic call ssr-rewrite!-regression-quadratic ran for 0.06 secs (0.06u,0.s) (success)
Tactic call ssr-rewrite?-noop-regression-linear ran for 0. secs (0.u,0.s) (success)
Tactic call abstract-regression-quadratic ran for 0.15 secs (0.15u,0.s) (success)
Tactic call close-abstract-regression-quadratic ran for 0.089 secs (0.088u,0.s)
Params: n= 67
Tactic call ssr-rewrite!-regression-quadratic ran for 0.066 secs (0.064u,0.001s) (success)
Tactic call ssr-rewrite?-noop-regression-linear ran for 0. secs (0.u,0.s) (success)
Tactic call abstract-regression-quadratic ran for 0.159 secs (0.157u,0.002s) (success)
Tactic call close-abstract-regression-quadratic ran for 0.091 secs (0.091u,0.s)
Params: n= 68
Tactic call ssr-rewrite!-regression-quadratic ran for 0.079 secs (0.079u,0.s) (success)
Tactic call ssr-rewrite?-noop-regression-linear ran for 0. secs (0.u,0.s) (success)
Tactic call abstract-regression-quadratic ran for 0.183 secs (0.183u,0.s) (success)
Tactic call close-abstract-regression-quadratic ran for 0.102 secs (0.102u,0.s)
Params: n= 69
Tactic call ssr-rewrite!-regression-quadratic ran for 0.077 secs (0.077u,0.s) (success)
Tactic call ssr-rewrite?-noop-regression-linear ran for 0. secs (0.u,0.s) (success)
Tactic call abstract-regression-quadratic ran for 0.183 secs (0.183u,0.s) (success)
Tactic call close-abstract-regression-quadratic ran for 0.105 secs (0.105u,0.s)
Params: n= 70
Tactic call ssr-rewrite!-regression-quadratic ran for 0.075 secs (0.075u,0.s) (success)
Tactic call ssr-rewrite?-noop-regression-linear ran for 0. secs (0.u,0.s) (success)
Tactic call abstract-regression-quadratic ran for 0.182 secs (0.182u,0.s) (success)
Tactic call close-abstract-regression-quadratic ran for 0.105 secs (0.105u,0.s)
Params: n= 71
Tactic call ssr-rewrite!-regression-quadratic ran for 0.072 secs (0.072u,0.s) (success)
Tactic call ssr-rewrite?-noop-regression-linear ran for 0. secs (0.u,0.s) (success)
Tactic call abstract-regression-quadratic ran for 0.178 secs (0.178u,0.s) (success)
Tactic call close-abstract-regression-quadratic ran for 0.105 secs (0.105u,0.s)
Params: n= 72
Tactic call ssr-rewrite!-regression-quadratic ran for 0.074 secs (0.074u,0.s) (success)
Tactic call ssr-rewrite?-noop-regression-linear ran for 0. secs (0.u,0.s) (success)
Tactic call abstract-regression-quadratic ran for 0.186 secs (0.186u,0.s) (success)
Tactic call close-abstract-regression-quadratic ran for 0.11 secs (0.11u,0.s)
Params: n= 73
Tactic call ssr-rewrite!-regression-quadratic ran for 0.072 secs (0.072u,0.s) (success)
Tactic call ssr-rewrite?-noop-regression-linear ran for 0. secs (0.u,0.s) (success)
Tactic call abstract-regression-quadratic ran for 0.196 secs (0.196u,0.s) (success)
Tactic call close-abstract-regression-quadratic ran for 0.122 secs (0.122u,0.s)
Params: n= 74
Tactic call ssr-rewrite!-regression-quadratic ran for 0.078 secs (0.078u,0.s) (success)
Tactic call ssr-rewrite?-noop-regression-linear ran for 0. secs (0.u,0.s) (success)
Tactic call abstract-regression-quadratic ran for 0.201 secs (0.201u,0.s) (success)
Tactic call close-abstract-regression-quadratic ran for 0.121 secs (0.121u,0.s)
Params: n= 75
Tactic call ssr-rewrite!-regression-quadratic ran for 0.081 secs (0.081u,0.s) (success)
Tactic call ssr-rewrite?-noop-regression-linear ran for 0. secs (0.u,0.s) (success)
Tactic call abstract-regression-quadratic ran for 0.199 secs (0.199u,0.s) (success)
Tactic call close-abstract-regression-quadratic ran for 0.117 secs (0.117u,0.s)
Params: n= 76
Tactic call ssr-rewrite!-regression-quadratic ran for 0.083 secs (0.083u,0.s) (success)
Tactic call ssr-rewrite?-noop-regression-linear ran for 0. secs (0.u,0.s) (success)
Tactic call abstract-regression-quadratic ran for 0.199 secs (0.199u,0.s) (success)
Tactic call close-abstract-regression-quadratic ran for 0.114 secs (0.114u,0.s)
Params: n= 77
Tactic call ssr-rewrite!-regression-quadratic ran for 0.08 secs (0.08u,0.s) (success)
Tactic call ssr-rewrite?-noop-regression-linear ran for 0. secs (0.u,0.s) (success)
Tactic call abstract-regression-quadratic ran for 0.199 secs (0.199u,0.s) (success)
Tactic call close-abstract-regression-quadratic ran for 0.117 secs (0.117u,0.s)
Params: n= 78
Tactic call ssr-rewrite!-regression-quadratic ran for 0.083 secs (0.083u,0.s) (success)
Tactic call ssr-rewrite?-noop-regression-linear ran for 0. secs (0.u,0.s) (success)
Tactic call abstract-regression-quadratic ran for 0.206 secs (0.206u,0.s) (success)
Tactic call close-abstract-regression-quadratic ran for 0.121 secs (0.121u,0.s)
Params: n= 79
Tactic call ssr-rewrite!-regression-quadratic ran for 0.089 secs (0.089u,0.s) (success)
Tactic call ssr-rewrite?-noop-regression-linear ran for 0. secs (0.u,0.s) (success)
Tactic call abstract-regression-quadratic ran for 0.212 secs (0.212u,0.s) (success)
Tactic call close-abstract-regression-quadratic ran for 0.12 secs (0.12u,0.s)
Params: n= 80
Tactic call ssr-rewrite!-regression-quadratic ran for 0.091 secs (0.091u,0.s) (success)
Tactic call ssr-rewrite?-noop-regression-linear ran for 0. secs (0.u,0.s) (success)
Tactic call abstract-regression-quadratic ran for 0.218 secs (0.218u,0.s) (success)
Tactic call close-abstract-regression-quadratic ran for 0.126 secs (0.126u,0.s)
Params: n= 81
Tactic call ssr-rewrite!-regression-quadratic ran for 0.085 secs (0.085u,0.s) (success)
Tactic call ssr-rewrite?-noop-regression-linear ran for 0. secs (0.u,0.s) (success)
Tactic call abstract-regression-quadratic ran for 0.209 secs (0.209u,0.s) (success)
Tactic call close-abstract-regression-quadratic ran for 0.122 secs (0.122u,0.s)
Params: n= 82
Tactic call ssr-rewrite!-regression-quadratic ran for 0.088 secs (0.088u,0.s) (success)
Tactic call ssr-rewrite?-noop-regression-linear ran for 0. secs (0.u,0.s) (success)
Tactic call abstract-regression-quadratic ran for 0.223 secs (0.223u,0.s) (success)
Tactic call close-abstract-regression-quadratic ran for 0.133 secs (0.133u,0.s)
Params: n= 83
Tactic call ssr-rewrite!-regression-quadratic ran for 0.091 secs (0.091u,0.s) (success)
Tactic call ssr-rewrite?-noop-regression-linear ran for 0. secs (0.u,0.s) (success)
Tactic call abstract-regression-quadratic ran for 0.221 secs (0.221u,0.s) (success)
Tactic call close-abstract-regression-quadratic ran for 0.129 secs (0.129u,0.s)
Params: n= 84
Tactic call ssr-rewrite!-regression-quadratic ran for 0.089 secs (0.086u,0.003s) (success)
Tactic call ssr-rewrite?-noop-regression-linear ran for 0. secs (0.u,0.s) (success)
Tactic call abstract-regression-quadratic ran for 0.225 secs (0.221u,0.003s) (success)
Tactic call close-abstract-regression-quadratic ran for 0.134 secs (0.134u,0.s)
Params: n= 85
Tactic call ssr-rewrite!-regression-quadratic ran for 0.09 secs (0.09u,0.s) (success)
Tactic call ssr-rewrite?-noop-regression-linear ran for 0. secs (0.u,0.s) (success)
Tactic call abstract-regression-quadratic ran for 0.226 secs (0.221u,0.004s) (success)
Tactic call close-abstract-regression-quadratic ran for 0.134 secs (0.13u,0.004s)
Params: n= 86
Tactic call ssr-rewrite!-regression-quadratic ran for 0.093 secs (0.093u,0.s) (success)
Tactic call ssr-rewrite?-noop-regression-linear ran for 0. secs (0.u,0.s) (success)
Tactic call abstract-regression-quadratic ran for 0.233 secs (0.233u,0.s) (success)
Tactic call close-abstract-regression-quadratic ran for 0.138 secs (0.138u,0.s)
Params: n= 87
Tactic call ssr-rewrite!-regression-quadratic ran for 0.108 secs (0.108u,0.s) (success)
Tactic call ssr-rewrite?-noop-regression-linear ran for 0. secs (0.u,0.s) (success)
Tactic call abstract-regression-quadratic ran for 0.255 secs (0.251u,0.003s) (success)
Tactic call close-abstract-regression-quadratic ran for 0.145 secs (0.142u,0.003s)
Params: n= 88
Tactic call ssr-rewrite!-regression-quadratic ran for 0.097 secs (0.097u,0.s) (success)
Tactic call ssr-rewrite?-noop-regression-linear ran for 0. secs (0.u,0.s) (success)
Tactic call abstract-regression-quadratic ran for 0.257 secs (0.257u,0.s) (success)
Tactic call close-abstract-regression-quadratic ran for 0.158 secs (0.158u,0.s)
Params: n= 89
Tactic call ssr-rewrite!-regression-quadratic ran for 0.106 secs (0.106u,0.s) (success)
Tactic call ssr-rewrite?-noop-regression-linear ran for 0. secs (0.u,0.s) (success)
Tactic call abstract-regression-quadratic ran for 0.264 secs (0.264u,0.s) (success)
Tactic call close-abstract-regression-quadratic ran for 0.156 secs (0.156u,0.s)
Params: n= 90
Tactic call ssr-rewrite!-regression-quadratic ran for 0.117 secs (0.117u,0.s) (success)
Tactic call ssr-rewrite?-noop-regression-linear ran for 0. secs (0.u,0.s) (success)
Tactic call abstract-regression-quadratic ran for 0.276 secs (0.276u,0.s) (success)
Tactic call close-abstract-regression-quadratic ran for 0.154 secs (0.154u,0.s)
Params: n= 91
Tactic call ssr-rewrite!-regression-quadratic ran for 0.11 secs (0.107u,0.003s) (success)
Tactic call ssr-rewrite?-noop-regression-linear ran for 0. secs (0.u,0.s) (success)
Tactic call abstract-regression-quadratic ran for 0.289 secs (0.285u,0.003s) (success)
Tactic call close-abstract-regression-quadratic ran for 0.176 secs (0.176u,0.s)
Params: n= 92
Tactic call ssr-rewrite!-regression-quadratic ran for 0.116 secs (0.116u,0.s) (success)
Tactic call ssr-rewrite?-noop-regression-linear ran for 0. secs (0.u,0.s) (success)
Tactic call abstract-regression-quadratic ran for 0.308 secs (0.308u,0.s) (success)
Tactic call close-abstract-regression-quadratic ran for 0.19 secs (0.19u,0.s)
Params: n= 93
Tactic call ssr-rewrite!-regression-quadratic ran for 0.125 secs (0.125u,0.s) (success)
Tactic call ssr-rewrite?-noop-regression-linear ran for 0. secs (0.u,0.s) (success)
Tactic call abstract-regression-quadratic ran for 0.302 secs (0.298u,0.003s) (success)
Tactic call close-abstract-regression-quadratic ran for 0.175 secs (0.171u,0.003s)
Params: n= 94
Tactic call ssr-rewrite!-regression-quadratic ran for 0.126 secs (0.126u,0.s) (success)
Tactic call ssr-rewrite?-noop-regression-linear ran for 0. secs (0.u,0.s) (success)
Tactic call abstract-regression-quadratic ran for 0.299 secs (0.299u,0.s) (success)
Tactic call close-abstract-regression-quadratic ran for 0.171 secs (0.171u,0.s)
Params: n= 95
Tactic call ssr-rewrite!-regression-quadratic ran for 0.119 secs (0.119u,0.s) (success)
Tactic call ssr-rewrite?-noop-regression-linear ran for 0. secs (0.u,0.s) (success)
Tactic call abstract-regression-quadratic ran for 0.305 secs (0.305u,0.s) (success)
Tactic call close-abstract-regression-quadratic ran for 0.184 secs (0.184u,0.s)
Params: n= 96
Tactic call ssr-rewrite!-regression-quadratic ran for 0.135 secs (0.135u,0.s) (success)
Tactic call ssr-rewrite?-noop-regression-linear ran for 0. secs (0.u,0.s) (success)
Tactic call abstract-regression-quadratic ran for 0.321 secs (0.321u,0.s) (success)
Tactic call close-abstract-regression-quadratic ran for 0.183 secs (0.183u,0.s)
Params: n= 97
Tactic call ssr-rewrite!-regression-quadratic ran for 0.128 secs (0.128u,0.s) (success)
Tactic call ssr-rewrite?-noop-regression-linear ran for 0. secs (0.u,0.s) (success)
Tactic call abstract-regression-quadratic ran for 0.322 secs (0.322u,0.s) (success)
Tactic call close-abstract-regression-quadratic ran for 0.192 secs (0.192u,0.s)
Params: n= 98
Tactic call ssr-rewrite!-regression-quadratic ran for 0.139 secs (0.139u,0.s) (success)
Tactic call ssr-rewrite?-noop-regression-linear ran for 0. secs (0.u,0.s) (success)
Tactic call abstract-regression-quadratic ran for 0.342 secs (0.342u,0.s) (success)
Tactic call close-abstract-regression-quadratic ran for 0.201 secs (0.201u,0.s)
Params: n= 99
Tactic call ssr-rewrite!-regression-quadratic ran for 0.132 secs (0.132u,0.s) (success)
Tactic call ssr-rewrite?-noop-regression-linear ran for 0. secs (0.u,0.s) (success)
Tactic call abstract-regression-quadratic ran for 0.338 secs (0.338u,0.s) (success)
Tactic call close-abstract-regression-quadratic ran for 0.204 secs (0.204u,0.s)
Params: n= 110
Tactic call ssr-rewrite!-regression-quadratic ran for 0.161 secs (0.161u,0.s) (success)
Tactic call ssr-rewrite?-noop-regression-linear ran for 0. secs (0.u,0.s) (success)
Tactic call abstract-regression-quadratic ran for 0.389 secs (0.389u,0.s) (success)
Tactic call close-abstract-regression-quadratic ran for 0.226 secs (0.226u,0.s)
Params: n= 120
Tactic call ssr-rewrite!-regression-quadratic ran for 0.189 secs (0.185u,0.003s) (success)
Tactic call ssr-rewrite?-noop-regression-linear ran for 0. secs (0.u,0.s) (success)
Tactic call abstract-regression-quadratic ran for 0.488 secs (0.48u,0.008s) (success)
Tactic call close-abstract-regression-quadratic ran for 0.297 secs (0.293u,0.004s)
Params: n= 130
Tactic call ssr-rewrite!-regression-quadratic ran for 0.223 secs (0.223u,0.s) (success)
Tactic call ssr-rewrite?-noop-regression-linear ran for 0. secs (0.u,0.s) (success)
Tactic call abstract-regression-quadratic ran for 0.535 secs (0.531u,0.003s) (success)
Tactic call close-abstract-regression-quadratic ran for 0.31 secs (0.306u,0.003s)
Params: n= 140
Tactic call ssr-rewrite!-regression-quadratic ran for 0.263 secs (0.263u,0.s) (success)
Tactic call ssr-rewrite?-noop-regression-linear ran for 0. secs (0.u,0.s) (success)
Tactic call abstract-regression-quadratic ran for 0.644 secs (0.644u,0.s) (success)
Tactic call close-abstract-regression-quadratic ran for 0.379 secs (0.379u,0.s)
Params: n= 160
Tactic call ssr-rewrite!-regression-quadratic ran for 0.318 secs (0.318u,0.s) (success)
Tactic call ssr-rewrite?-noop-regression-linear ran for 0. secs (0.u,0.s) (success)
Tactic call abstract-regression-quadratic ran for 0.805 secs (0.801u,0.003s) (success)
Tactic call close-abstract-regression-quadratic ran for 0.484 secs (0.48u,0.003s)
Params: n= 170
Tactic call ssr-rewrite!-regression-quadratic ran for 0.388 secs (0.388u,0.s) (success)
Tactic call ssr-rewrite?-noop-regression-linear ran for 0. secs (0.u,0.s) (success)
Tactic call abstract-regression-quadratic ran for 0.96 secs (0.959u,0.s) (success)
Tactic call close-abstract-regression-quadratic ran for 0.57 secs (0.569u,0.s)
Params: n= 180
Tactic call ssr-rewrite!-regression-quadratic ran for 0.45 secs (0.45u,0.s) (success)
Tactic call ssr-rewrite?-noop-regression-linear ran for 0. secs (0.u,0.s) (success)
Tactic call abstract-regression-quadratic ran for 1.092 secs (1.092u,0.s) (success)
Tactic call close-abstract-regression-quadratic ran for 0.639 secs (0.639u,0.s)
Params: n= 190
Tactic call ssr-rewrite!-regression-quadratic ran for 0.465 secs (0.465u,0.s) (success)
Tactic call ssr-rewrite?-noop-regression-linear ran for 0. secs (0.u,0.s) (success)
Tactic call abstract-regression-quadratic ran for 1.129 secs (1.128u,0.s) (success)
Tactic call close-abstract-regression-quadratic ran for 0.662 secs (0.661u,0.s)
Params: n= 210
Tactic call ssr-rewrite!-regression-quadratic ran for 0.559 secs (0.559u,0.s) (success)
Tactic call ssr-rewrite?-noop-regression-linear ran for 0. secs (0.u,0.s) (success)
Tactic call abstract-regression-quadratic ran for 1.385 secs (1.381u,0.003s) (success)
Tactic call close-abstract-regression-quadratic ran for 0.823 secs (0.82u,0.002s)
Params: n= 220
Tactic call ssr-rewrite!-regression-quadratic ran for 0.617 secs (0.617u,0.s) (success)
Tactic call ssr-rewrite?-noop-regression-linear ran for 0. secs (0.u,0.s) (success)
Tactic call abstract-regression-quadratic ran for 1.583 secs (1.582u,0.s) (success)
Tactic call close-abstract-regression-quadratic ran for 0.963 secs (0.963u,0.s)
Params: n= 230
Tactic call ssr-rewrite!-regression-quadratic ran for 0.687 secs (0.687u,0.s) (success)
Tactic call ssr-rewrite?-noop-regression-linear ran for 0. secs (0.u,0.s) (success)
Tactic call abstract-regression-quadratic ran for 1.761 secs (1.757u,0.004s) (success)
Tactic call close-abstract-regression-quadratic ran for 1.071 secs (1.067u,0.004s)
Params: n= 240
Tactic call ssr-rewrite!-regression-quadratic ran for 0.725 secs (0.713u,0.012s) (success)
Tactic call ssr-rewrite?-noop-regression-linear ran for 0. secs (0.u,0.s) (success)
Tactic call abstract-regression-quadratic ran for 1.82 secs (1.8u,0.02s) (success)
Tactic call close-abstract-regression-quadratic ran for 1.092 secs (1.084u,0.008s)
Params: n= 260
Tactic call ssr-rewrite!-regression-quadratic ran for 0.852 secs (0.852u,0.s) (success)
Tactic call ssr-rewrite?-noop-regression-linear ran for 0. secs (0.u,0.s) (success)
Tactic call abstract-regression-quadratic ran for 2.133 secs (2.133u,0.s) (success)
Tactic call close-abstract-regression-quadratic ran for 1.279 secs (1.278u,0.s)
Params: n= 270
Tactic call ssr-rewrite!-regression-quadratic ran for 0.965 secs (0.965u,0.s) (success)
Tactic call ssr-rewrite?-noop-regression-linear ran for 0. secs (0.u,0.s) (success)
Tactic call abstract-regression-quadratic ran for 2.37 secs (2.37u,0.s) (success)
Tactic call close-abstract-regression-quadratic ran for 1.403 secs (1.402u,0.s)
Params: n= 280
Tactic call ssr-rewrite!-regression-quadratic ran for 0.941 secs (0.941u,0.s) (success)
Tactic call ssr-rewrite?-noop-regression-linear ran for 0. secs (0.u,0.s) (success)
Tactic call abstract-regression-quadratic ran for 2.334 secs (2.334u,0.s) (success)
Tactic call close-abstract-regression-quadratic ran for 1.391 secs (1.391u,0.s)
Params: n= 290
Tactic call ssr-rewrite!-regression-quadratic ran for 1.04 secs (1.04u,0.s) (success)
Tactic call ssr-rewrite?-noop-regression-linear ran for 0. secs (0.u,0.s) (success)
Tactic call abstract-regression-quadratic ran for 2.665 secs (2.665u,0.s) (success)
Tactic call close-abstract-regression-quadratic ran for 1.623 secs (1.623u,0.s)
Params: n= 310
Tactic call ssr-rewrite!-regression-quadratic ran for 1.232 secs (1.22u,0.012s) (success)
Tactic call ssr-rewrite?-noop-regression-linear ran for 0. secs (0.u,0.s) (success)
Tactic call abstract-regression-quadratic ran for 3.073 secs (3.052u,0.02s) (success)
Tactic call close-abstract-regression-quadratic ran for 1.838 secs (1.83u,0.008s)
Params: n= 320
Tactic call ssr-rewrite!-regression-quadratic ran for 1.285 secs (1.285u,0.s) (success)
Tactic call ssr-rewrite?-noop-regression-linear ran for 0. secs (0.u,0.s) (success)
Tactic call abstract-regression-quadratic ran for 3.263 secs (3.263u,0.s) (success)
Tactic call close-abstract-regression-quadratic ran for 1.975 secs (1.975u,0.s)
Params: n= 330
Tactic call ssr-rewrite!-regression-quadratic ran for 1.364 secs (1.364u,0.s) (success)
Tactic call ssr-rewrite?-noop-regression-linear ran for 0. secs (0.u,0.s) (success)
Tactic call abstract-regression-quadratic ran for 3.292 secs (3.291u,0.s) (success)
Tactic call close-abstract-regression-quadratic ran for 1.925 secs (1.925u,0.s)
Params: n= 340
Tactic call ssr-rewrite!-regression-quadratic ran for 1.474 secs (1.474u,0.s) (success)
Tactic call ssr-rewrite?-noop-regression-linear ran for 0. secs (0.u,0.s) (success)
Tactic call abstract-regression-quadratic ran for 3.665 secs (3.664u,0.s) (success)
Tactic call close-abstract-regression-quadratic ran for 2.187 secs (2.187u,0.s)
Params: n= 360
Tactic call ssr-rewrite!-regression-quadratic ran for 1.616 secs (1.612u,0.003s) (success)
Tactic call ssr-rewrite?-noop-regression-linear ran for 0. secs (0.u,0.s) (success)
Tactic call abstract-regression-quadratic ran for 3.909 secs (3.905u,0.003s) (success)
Tactic call close-abstract-regression-quadratic ran for 2.29 secs (2.29u,0.s)
Params: n= 370
Tactic call ssr-rewrite!-regression-quadratic ran for 1.667 secs (1.666u,0.s) (success)
Tactic call ssr-rewrite?-noop-regression-linear ran for 0. secs (0.u,0.s) (success)
Tactic call abstract-regression-quadratic ran for 4.149 secs (4.149u,0.s) (success)
Tactic call close-abstract-regression-quadratic ran for 2.479 secs (2.479u,0.s)
Params: n= 380
Tactic call ssr-rewrite!-regression-quadratic ran for 1.756 secs (1.756u,0.s) (success)
Tactic call ssr-rewrite?-noop-regression-linear ran for 0. secs (0.u,0.s) (success)
Tactic call abstract-regression-quadratic ran for 4.519 secs (4.515u,0.003s) (success)
Tactic call close-abstract-regression-quadratic ran for 2.76 secs (2.756u,0.003s)
Params: n= 390
Tactic call ssr-rewrite!-regression-quadratic ran for 1.986 secs (1.986u,0.s) (success)
Tactic call ssr-rewrite?-noop-regression-linear ran for 0. secs (0.u,0.s) (success)
Tactic call abstract-regression-quadratic ran for 4.796 secs (4.796u,0.s) (success)
Tactic call close-abstract-regression-quadratic ran for 2.807 secs (2.806u,0.s)
