Params: n= 50
Tactic call ssr-rewrite!-regression-quadratic ran for 0.096 secs (0.072u,0.024s) (success)
Tactic call ssr-rewrite?-noop-regression-linear ran for 0. secs (0.u,0.s) (success)
Tactic call abstract-regression-quadratic ran for 0.135 secs (0.11u,0.024s) (success)
Tactic call close-abstract-regression-quadratic ran for 0.037 secs (0.037u,0.s)
Params: n= 100
Tactic call ssr-rewrite!-regression-quadratic ran for 0.108 secs (0.108u,0.s) (success)
Tactic call ssr-rewrite?-noop-regression-linear ran for 0. secs (0.u,0.s) (success)
Tactic call abstract-regression-quadratic ran for 0.28 secs (0.28u,0.s) (success)
Tactic call close-abstract-regression-quadratic ran for 0.171 secs (0.171u,0.s)
Params: n= 150
Tactic call ssr-rewrite!-regression-quadratic ran for 0.252 secs (0.252u,0.s) (success)
Tactic call ssr-rewrite?-noop-regression-linear ran for 0. secs (0.u,0.s) (success)
Tactic call abstract-regression-quadratic ran for 0.64 secs (0.637u,0.002s) (success)
Tactic call close-abstract-regression-quadratic ran for 0.387 secs (0.384u,0.002s)
Params: n= 200
Tactic call ssr-rewrite!-regression-quadratic ran for 0.444 secs (0.436u,0.007s) (success)
Tactic call ssr-rewrite?-noop-regression-linear ran for 0. secs (0.u,0.s) (success)
Tactic call abstract-regression-quadratic ran for 1.09 secs (1.082u,0.007s) (success)
Tactic call close-abstract-regression-quadratic ran for 0.644 secs (0.644u,0.s)
Params: n= 250
Tactic call ssr-rewrite!-regression-quadratic ran for 0.665 secs (0.648u,0.016s) (success)
Tactic call ssr-rewrite?-noop-regression-linear ran for 0. secs (0.u,0.s) (success)
Tactic call abstract-regression-quadratic ran for 1.657 secs (1.64u,0.016s) (success)
Tactic call close-abstract-regression-quadratic ran for 0.99 secs (0.99u,0.s)
Params: n= 300
Tactic call ssr-rewrite!-regression-quadratic ran for 1.01 secs (1.002u,0.007s) (success)
Tactic call ssr-rewrite?-noop-regression-linear ran for 0. secs (0.u,0.s) (success)
Tactic call abstract-regression-quadratic ran for 2.431 secs (2.412u,0.016s) (success)
Tactic call close-abstract-regression-quadratic ran for 1.419 secs (1.408u,0.008s)
Params: n= 350
Tactic call ssr-rewrite!-regression-quadratic ran for 1.303 secs (1.295u,0.008s) (success)
Tactic call ssr-rewrite?-noop-regression-linear ran for 0. secs (0.u,0.s) (success)
Tactic call abstract-regression-quadratic ran for 3.286 secs (3.277u,0.008s) (success)
Tactic call close-abstract-regression-quadratic ran for 1.981 secs (1.98u,0.s)
Params: n= 400
Tactic call ssr-rewrite!-regression-quadratic ran for 1.786 secs (1.762u,0.023s) (success)
Tactic call ssr-rewrite?-noop-regression-linear ran for 0. secs (0.u,0.s) (success)
Tactic call abstract-regression-quadratic ran for 4.251 secs (4.215u,0.035s) (success)
Tactic call close-abstract-regression-quadratic ran for 2.464 secs (2.451u,0.011s)
