Params: n= 4
Tactic call refine-regression-quadratic-regression-linear ran for 0. secs (0.u,0.s) (success)
Tactic call pose-build-and-refine-regression-cubic ran for 0. secs (0.u,0.s) (success)
Tactic call fast_rewrite-regression-cubic ran for 0. secs (0.u,0.s) (success)
Tactic call abstract-regression-cubic ran for 0.002 secs (0.001u,0.s) (success)
Tactic call close-abstract-regression-cubic ran for 0. secs (0.u,0.s)
Params: n= 5
Tactic call refine-regression-quadratic-regression-linear ran for 0. secs (0.u,0.s) (success)
Tactic call pose-build-and-refine-regression-cubic ran for 0.001 secs (0.001u,0.s) (success)
Tactic call fast_rewrite-regression-cubic ran for 0.001 secs (0.001u,0.s) (success)
Tactic call abstract-regression-cubic ran for 0.001 secs (0.001u,0.s) (success)
Tactic call close-abstract-regression-cubic ran for 0. secs (0.u,0.s)
Params: n= 6
Tactic call refine-regression-quadratic-regression-linear ran for 0. secs (0.u,0.s) (success)
Tactic call pose-build-and-refine-regression-cubic ran for 0.001 secs (0.001u,0.s) (success)
Tactic call fast_rewrite-regression-cubic ran for 0.001 secs (0.001u,0.s) (success)
Tactic call abstract-regression-cubic ran for 0.001 secs (0.001u,0.s) (success)
Tactic call close-abstract-regression-cubic ran for 0. secs (0.u,0.s)
Params: n= 7
Tactic call refine-regression-quadratic-regression-linear ran for 0. secs (0.u,0.s) (success)
Tactic call pose-build-and-refine-regression-cubic ran for 0.002 secs (0.001u,0.s) (success)
Tactic call fast_rewrite-regression-cubic ran for 0.002 secs (0.001u,0.s) (success)
Tactic call abstract-regression-cubic ran for 0.003 secs (0.001u,0.001s) (success)
Tactic call close-abstract-regression-cubic ran for 0.001 secs (0.u,0.001s)
Params: n= 8
Tactic call refine-regression-quadratic-regression-linear ran for 0. secs (0.u,0.s) (success)
Tactic call pose-build-and-refine-regression-cubic ran for 0.002 secs (0.u,0.002s) (success)
Tactic call fast_rewrite-regression-cubic ran for 0.002 secs (0.u,0.002s) (success)
Tactic call abstract-regression-cubic ran for 0.003 secs (0.u,0.002s) (success)
Tactic call close-abstract-regression-cubic ran for 0. secs (0.u,0.s)
Params: n= 9
Tactic call refine-regression-quadratic-regression-linear ran for 0. secs (0.u,0.s) (success)
Tactic call pose-build-and-refine-regression-cubic ran for 0.001 secs (0.u,0.001s) (success)
Tactic call fast_rewrite-regression-cubic ran for 0.001 secs (0.u,0.001s) (success)
Tactic call abstract-regression-cubic ran for 0.003 secs (0.u,0.002s) (success)
Tactic call close-abstract-regression-cubic ran for 0. secs (0.u,0.s)
Params: n= 10
Tactic call refine-regression-quadratic-regression-linear ran for 0. secs (0.u,0.s) (success)
Tactic call pose-build-and-refine-regression-cubic ran for 0.002 secs (0.002u,0.s) (success)
Tactic call fast_rewrite-regression-cubic ran for 0.002 secs (0.002u,0.s) (success)
Tactic call abstract-regression-cubic ran for 0.003 secs (0.003u,0.s) (success)
Tactic call close-abstract-regression-cubic ran for 0.001 secs (0.001u,0.s)
Params: n= 11
Tactic call refine-regression-quadratic-regression-linear ran for 0. secs (0.u,0.s) (success)
Tactic call pose-build-and-refine-regression-cubic ran for 0.002 secs (0.002u,0.s) (success)
Tactic call fast_rewrite-regression-cubic ran for 0.002 secs (0.002u,0.s) (success)
Tactic call abstract-regression-cubic ran for 0.004 secs (0.004u,0.s) (success)
Tactic call close-abstract-regression-cubic ran for 0.001 secs (0.001u,0.s)
Params: n= 12
Tactic call refine-regression-quadratic-regression-linear ran for 0. secs (0.u,0.s) (success)
Tactic call pose-build-and-refine-regression-cubic ran for 0.002 secs (0.002u,0.s) (success)
Tactic call fast_rewrite-regression-cubic ran for 0.002 secs (0.002u,0.s) (success)
Tactic call abstract-regression-cubic ran for 0.004 secs (0.004u,0.s) (success)
Tactic call close-abstract-regression-cubic ran for 0.001 secs (0.001u,0.s)
Params: n= 13
Tactic call refine-regression-quadratic-regression-linear ran for 0. secs (0.u,0.s) (success)
Tactic call pose-build-and-refine-regression-cubic ran for 0.002 secs (0.002u,0.s) (success)
Tactic call fast_rewrite-regression-cubic ran for 0.002 secs (0.002u,0.s) (success)
Tactic call abstract-regression-cubic ran for 0.003 secs (0.003u,0.s) (success)
Tactic call close-abstract-regression-cubic ran for 0. secs (0.u,0.s)
Params: n= 14
Tactic call refine-regression-quadratic-regression-linear ran for 0. secs (0.u,0.s) (success)
Tactic call pose-build-and-refine-regression-cubic ran for 0.002 secs (0.001u,0.s) (success)
Tactic call fast_rewrite-regression-cubic ran for 0.002 secs (0.001u,0.s) (success)
Tactic call abstract-regression-cubic ran for 0.06 secs (0.052u,0.007s) (success)
Tactic call close-abstract-regression-cubic ran for 0. secs (0.u,0.s)
Params: n= 15
Tactic call refine-regression-quadratic-regression-linear ran for 0. secs (0.u,0.s) (success)
Tactic call pose-build-and-refine-regression-cubic ran for 0.002 secs (0.002u,0.s) (success)
Tactic call fast_rewrite-regression-cubic ran for 0.002 secs (0.002u,0.s) (success)
Tactic call abstract-regression-cubic ran for 0.003 secs (0.003u,0.s) (success)
Tactic call close-abstract-regression-cubic ran for 0. secs (0.u,0.s)
Params: n= 16
Tactic call refine-regression-quadratic-regression-linear ran for 0. secs (0.u,0.s) (success)
Tactic call pose-build-and-refine-regression-cubic ran for 0.002 secs (0.002u,0.s) (success)
Tactic call fast_rewrite-regression-cubic ran for 0.002 secs (0.002u,0.s) (success)
Tactic call abstract-regression-cubic ran for 0.003 secs (0.003u,0.s) (success)
Tactic call close-abstract-regression-cubic ran for 0. secs (0.u,0.s)
Params: n= 17
Tactic call refine-regression-quadratic-regression-linear ran for 0. secs (0.u,0.s) (success)
Tactic call pose-build-and-refine-regression-cubic ran for 0.002 secs (0.002u,0.s) (success)
Tactic call fast_rewrite-regression-cubic ran for 0.002 secs (0.002u,0.s) (success)
Tactic call abstract-regression-cubic ran for 0.003 secs (0.003u,0.s) (success)
Tactic call close-abstract-regression-cubic ran for 0. secs (0.u,0.s)
Params: n= 18
Tactic call refine-regression-quadratic-regression-linear ran for 0. secs (0.u,0.s) (success)
Tactic call pose-build-and-refine-regression-cubic ran for 0.002 secs (0.002u,0.s) (success)
Tactic call fast_rewrite-regression-cubic ran for 0.002 secs (0.002u,0.s) (success)
Tactic call abstract-regression-cubic ran for 0.003 secs (0.003u,0.s) (success)
Tactic call close-abstract-regression-cubic ran for 0.001 secs (0.001u,0.s)
Params: n= 19
Tactic call refine-regression-quadratic-regression-linear ran for 0. secs (0.u,0.s) (success)
Tactic call pose-build-and-refine-regression-cubic ran for 0.002 secs (0.002u,0.s) (success)
Tactic call fast_rewrite-regression-cubic ran for 0.002 secs (0.002u,0.s) (success)
Tactic call abstract-regression-cubic ran for 0.004 secs (0.004u,0.s) (success)
Tactic call close-abstract-regression-cubic ran for 0.001 secs (0.001u,0.s)
Params: n= 20
Tactic call refine-regression-quadratic-regression-linear ran for 0. secs (0.u,0.s) (success)
Tactic call pose-build-and-refine-regression-cubic ran for 0.002 secs (0.002u,0.s) (success)
Tactic call fast_rewrite-regression-cubic ran for 0.002 secs (0.002u,0.s) (success)
Tactic call abstract-regression-cubic ran for 0.004 secs (0.004u,0.s) (success)
Tactic call close-abstract-regression-cubic ran for 0.001 secs (0.001u,0.s)
Params: n= 21
Tactic call refine-regression-quadratic-regression-linear ran for 0. secs (0.u,0.s) (success)
Tactic call pose-build-and-refine-regression-cubic ran for 0.002 secs (0.002u,0.s) (success)
Tactic call fast_rewrite-regression-cubic ran for 0.002 secs (0.002u,0.s) (success)
Tactic call abstract-regression-cubic ran for 0.004 secs (0.004u,0.s) (success)
Tactic call close-abstract-regression-cubic ran for 0.001 secs (0.001u,0.s)
Params: n= 22
Tactic call refine-regression-quadratic-regression-linear ran for 0. secs (0.u,0.s) (success)
Tactic call pose-build-and-refine-regression-cubic ran for 0.003 secs (0.003u,0.s) (success)
Tactic call fast_rewrite-regression-cubic ran for 0.003 secs (0.003u,0.s) (success)
Tactic call abstract-regression-cubic ran for 0.004 secs (0.004u,0.s) (success)
Tactic call close-abstract-regression-cubic ran for 0.001 secs (0.001u,0.s)
Params: n= 23
Tactic call refine-regression-quadratic-regression-linear ran for 0. secs (0.u,0.s) (success)
Tactic call pose-build-and-refine-regression-cubic ran for 0.003 secs (0.003u,0.s) (success)
Tactic call fast_rewrite-regression-cubic ran for 0.003 secs (0.003u,0.s) (success)
Tactic call abstract-regression-cubic ran for 0.004 secs (0.004u,0.s) (success)
Tactic call close-abstract-regression-cubic ran for 0.001 secs (0.001u,0.s)
Params: n= 24
Tactic call refine-regression-quadratic-regression-linear ran for 0. secs (0.u,0.s) (success)
Tactic call pose-build-and-refine-regression-cubic ran for 0.003 secs (0.003u,0.s) (success)
Tactic call fast_rewrite-regression-cubic ran for 0.003 secs (0.003u,0.s) (success)
Tactic call abstract-regression-cubic ran for 0.004 secs (0.004u,0.s) (success)
Tactic call close-abstract-regression-cubic ran for 0.001 secs (0.001u,0.s)
Params: n= 25
Tactic call refine-regression-quadratic-regression-linear ran for 0. secs (0.u,0.s) (success)
Tactic call pose-build-and-refine-regression-cubic ran for 0.003 secs (0.003u,0.s) (success)
Tactic call fast_rewrite-regression-cubic ran for 0.003 secs (0.003u,0.s) (success)
Tactic call abstract-regression-cubic ran for 0.004 secs (0.004u,0.s) (success)
Tactic call close-abstract-regression-cubic ran for 0.001 secs (0.001u,0.s)
Params: n= 26
Tactic call refine-regression-quadratic-regression-linear ran for 0. secs (0.u,0.s) (success)
Tactic call pose-build-and-refine-regression-cubic ran for 0.003 secs (0.003u,0.s) (success)
Tactic call fast_rewrite-regression-cubic ran for 0.003 secs (0.003u,0.s) (success)
Tactic call abstract-regression-cubic ran for 0.005 secs (0.005u,0.s) (success)
Tactic call close-abstract-regression-cubic ran for 0.001 secs (0.001u,0.s)
Params: n= 27
Tactic call refine-regression-quadratic-regression-linear ran for 0. secs (0.u,0.s) (success)
Tactic call pose-build-and-refine-regression-cubic ran for 0.003 secs (0.003u,0.s) (success)
Tactic call fast_rewrite-regression-cubic ran for 0.003 secs (0.003u,0.s) (success)
Tactic call abstract-regression-cubic ran for 0.005 secs (0.005u,0.s) (success)
Tactic call close-abstract-regression-cubic ran for 0.001 secs (0.001u,0.s)
Params: n= 28
Tactic call refine-regression-quadratic-regression-linear ran for 0. secs (0.u,0.s) (success)
Tactic call pose-build-and-refine-regression-cubic ran for 0.004 secs (0.004u,0.s) (success)
Tactic call fast_rewrite-regression-cubic ran for 0.004 secs (0.004u,0.s) (success)
Tactic call abstract-regression-cubic ran for 0.006 secs (0.006u,0.s) (success)
Tactic call close-abstract-regression-cubic ran for 0.001 secs (0.001u,0.s)
Params: n= 29
Tactic call refine-regression-quadratic-regression-linear ran for 0. secs (0.u,0.s) (success)
Tactic call pose-build-and-refine-regression-cubic ran for 0.003 secs (0.003u,0.s) (success)
Tactic call fast_rewrite-regression-cubic ran for 0.003 secs (0.003u,0.s) (success)
Tactic call abstract-regression-cubic ran for 0.005 secs (0.005u,0.s) (success)
Tactic call close-abstract-regression-cubic ran for 0.001 secs (0.001u,0.s)
Params: n= 30
Tactic call refine-regression-quadratic-regression-linear ran for 0. secs (0.u,0.s) (success)
Tactic call pose-build-and-refine-regression-cubic ran for 0.004 secs (0.004u,0.s) (success)
Tactic call fast_rewrite-regression-cubic ran for 0.004 secs (0.004u,0.s) (success)
Tactic call abstract-regression-cubic ran for 0.006 secs (0.006u,0.s) (success)
Tactic call close-abstract-regression-cubic ran for 0.001 secs (0.001u,0.s)
Params: n= 31
Tactic call refine-regression-quadratic-regression-linear ran for 0. secs (0.u,0.s) (success)
Tactic call pose-build-and-refine-regression-cubic ran for 0.004 secs (0.004u,0.s) (success)
Tactic call fast_rewrite-regression-cubic ran for 0.004 secs (0.004u,0.s) (success)
Tactic call abstract-regression-cubic ran for 0.006 secs (0.006u,0.s) (success)
Tactic call close-abstract-regression-cubic ran for 0.001 secs (0.001u,0.s)
Params: n= 32
Tactic call refine-regression-quadratic-regression-linear ran for 0. secs (0.u,0.s) (success)
Tactic call pose-build-and-refine-regression-cubic ran for 0.004 secs (0.004u,0.s) (success)
Tactic call fast_rewrite-regression-cubic ran for 0.004 secs (0.004u,0.s) (success)
Tactic call abstract-regression-cubic ran for 0.007 secs (0.007u,0.s) (success)
Tactic call close-abstract-regression-cubic ran for 0.002 secs (0.002u,0.s)
Params: n= 33
Tactic call refine-regression-quadratic-regression-linear ran for 0. secs (0.u,0.s) (success)
Tactic call pose-build-and-refine-regression-cubic ran for 0.004 secs (0.004u,0.s) (success)
Tactic call fast_rewrite-regression-cubic ran for 0.004 secs (0.004u,0.s) (success)
Tactic call abstract-regression-cubic ran for 0.006 secs (0.006u,0.s) (success)
Tactic call close-abstract-regression-cubic ran for 0.001 secs (0.001u,0.s)
Params: n= 34
Tactic call refine-regression-quadratic-regression-linear ran for 0. secs (0.u,0.s) (success)
Tactic call pose-build-and-refine-regression-cubic ran for 0.004 secs (0.004u,0.s) (success)
Tactic call fast_rewrite-regression-cubic ran for 0.004 secs (0.004u,0.s) (success)
Tactic call abstract-regression-cubic ran for 0.007 secs (0.007u,0.s) (success)
Tactic call close-abstract-regression-cubic ran for 0.002 secs (0.002u,0.s)
Params: n= 35
Tactic call refine-regression-quadratic-regression-linear ran for 0. secs (0.u,0.s) (success)
Tactic call pose-build-and-refine-regression-cubic ran for 0.004 secs (0.004u,0.s) (success)
Tactic call fast_rewrite-regression-cubic ran for 0.004 secs (0.004u,0.s) (success)
Tactic call abstract-regression-cubic ran for 0.007 secs (0.007u,0.s) (success)
Tactic call close-abstract-regression-cubic ran for 0.002 secs (0.002u,0.s)
Params: n= 36
Tactic call refine-regression-quadratic-regression-linear ran for 0. secs (0.u,0.s) (success)
Tactic call pose-build-and-refine-regression-cubic ran for 0.004 secs (0.004u,0.s) (success)
Tactic call fast_rewrite-regression-cubic ran for 0.004 secs (0.004u,0.s) (success)
Tactic call abstract-regression-cubic ran for 0.007 secs (0.007u,0.s) (success)
Tactic call close-abstract-regression-cubic ran for 0.002 secs (0.002u,0.s)
Params: n= 37
Tactic call refine-regression-quadratic-regression-linear ran for 0. secs (0.u,0.s) (success)
Tactic call pose-build-and-refine-regression-cubic ran for 0.007 secs (0.007u,0.s) (success)
Tactic call fast_rewrite-regression-cubic ran for 0.007 secs (0.007u,0.s) (success)
Tactic call abstract-regression-cubic ran for 0.01 secs (0.01u,0.s) (success)
Tactic call close-abstract-regression-cubic ran for 0.002 secs (0.002u,0.s)
Params: n= 38
Tactic call refine-regression-quadratic-regression-linear ran for 0. secs (0.u,0.s) (success)
Tactic call pose-build-and-refine-regression-cubic ran for 0.005 secs (0.005u,0.s) (success)
Tactic call fast_rewrite-regression-cubic ran for 0.005 secs (0.005u,0.s) (success)
Tactic call abstract-regression-cubic ran for 0.008 secs (0.008u,0.s) (success)
Tactic call close-abstract-regression-cubic ran for 0.002 secs (0.002u,0.s)
Params: n= 39
Tactic call refine-regression-quadratic-regression-linear ran for 0. secs (0.u,0.s) (success)
Tactic call pose-build-and-refine-regression-cubic ran for 0.005 secs (0.005u,0.s) (success)
Tactic call fast_rewrite-regression-cubic ran for 0.005 secs (0.005u,0.s) (success)
Tactic call abstract-regression-cubic ran for 0.008 secs (0.008u,0.s) (success)
Tactic call close-abstract-regression-cubic ran for 0.002 secs (0.002u,0.s)
Params: n= 40
Tactic call refine-regression-quadratic-regression-linear ran for 0. secs (0.u,0.s) (success)
Tactic call pose-build-and-refine-regression-cubic ran for 0.005 secs (0.005u,0.s) (success)
Tactic call fast_rewrite-regression-cubic ran for 0.005 secs (0.005u,0.s) (success)
Tactic call abstract-regression-cubic ran for 0.009 secs (0.009u,0.s) (success)
Tactic call close-abstract-regression-cubic ran for 0.002 secs (0.002u,0.s)
Params: n= 41
Tactic call refine-regression-quadratic-regression-linear ran for 0. secs (0.u,0.s) (success)
Tactic call pose-build-and-refine-regression-cubic ran for 0.006 secs (0.006u,0.s) (success)
Tactic call fast_rewrite-regression-cubic ran for 0.006 secs (0.006u,0.s) (success)
Tactic call abstract-regression-cubic ran for 0.009 secs (0.009u,0.s) (success)
Tactic call close-abstract-regression-cubic ran for 0.002 secs (0.002u,0.s)
Params: n= 42
Tactic call refine-regression-quadratic-regression-linear ran for 0. secs (0.u,0.s) (success)
Tactic call pose-build-and-refine-regression-cubic ran for 0.005 secs (0.005u,0.s) (success)
Tactic call fast_rewrite-regression-cubic ran for 0.005 secs (0.005u,0.s) (success)
Tactic call abstract-regression-cubic ran for 0.009 secs (0.009u,0.s) (success)
Tactic call close-abstract-regression-cubic ran for 0.002 secs (0.002u,0.s)
Params: n= 43
Tactic call refine-regression-quadratic-regression-linear ran for 0. secs (0.u,0.s) (success)
Tactic call pose-build-and-refine-regression-cubic ran for 0.006 secs (0.006u,0.s) (success)
Tactic call fast_rewrite-regression-cubic ran for 0.006 secs (0.006u,0.s) (success)
Tactic call abstract-regression-cubic ran for 0.009 secs (0.009u,0.s) (success)
Tactic call close-abstract-regression-cubic ran for 0.003 secs (0.003u,0.s)
Params: n= 44
Tactic call refine-regression-quadratic-regression-linear ran for 0. secs (0.u,0.s) (success)
Tactic call pose-build-and-refine-regression-cubic ran for 0.01 secs (0.01u,0.s) (success)
Tactic call fast_rewrite-regression-cubic ran for 0.01 secs (0.01u,0.s) (success)
Tactic call abstract-regression-cubic ran for 0.013 secs (0.013u,0.s) (success)
Tactic call close-abstract-regression-cubic ran for 0.003 secs (0.003u,0.s)
Params: n= 45
Tactic call refine-regression-quadratic-regression-linear ran for 0. secs (0.u,0.s) (success)
Tactic call pose-build-and-refine-regression-cubic ran for 0.012 secs (0.012u,0.s) (success)
Tactic call fast_rewrite-regression-cubic ran for 0.012 secs (0.012u,0.s) (success)
Tactic call abstract-regression-cubic ran for 0.016 secs (0.016u,0.s) (success)
Tactic call close-abstract-regression-cubic ran for 0.003 secs (0.003u,0.s)
Params: n= 46
Tactic call refine-regression-quadratic-regression-linear ran for 0. secs (0.u,0.s) (success)
Tactic call pose-build-and-refine-regression-cubic ran for 0.006 secs (0.006u,0.s) (success)
Tactic call fast_rewrite-regression-cubic ran for 0.006 secs (0.006u,0.s) (success)
Tactic call abstract-regression-cubic ran for 0.011 secs (0.011u,0.s) (success)
Tactic call close-abstract-regression-cubic ran for 0.003 secs (0.003u,0.s)
Params: n= 47
Tactic call refine-regression-quadratic-regression-linear ran for 0. secs (0.u,0.s) (success)
Tactic call pose-build-and-refine-regression-cubic ran for 0.006 secs (0.006u,0.s) (success)
Tactic call fast_rewrite-regression-cubic ran for 0.006 secs (0.006u,0.s) (success)
Tactic call abstract-regression-cubic ran for 0.011 secs (0.011u,0.s) (success)
Tactic call close-abstract-regression-cubic ran for 0.003 secs (0.003u,0.s)
Params: n= 48
Tactic call refine-regression-quadratic-regression-linear ran for 0. secs (0.u,0.s) (success)
Tactic call pose-build-and-refine-regression-cubic ran for 0.007 secs (0.007u,0.s) (success)
Tactic call fast_rewrite-regression-cubic ran for 0.007 secs (0.007u,0.s) (success)
Tactic call abstract-regression-cubic ran for 0.011 secs (0.011u,0.s) (success)
Tactic call close-abstract-regression-cubic ran for 0.003 secs (0.003u,0.s)
Params: n= 49
Tactic call refine-regression-quadratic-regression-linear ran for 0. secs (0.u,0.s) (success)
Tactic call pose-build-and-refine-regression-cubic ran for 0.007 secs (0.007u,0.s) (success)
Tactic call fast_rewrite-regression-cubic ran for 0.007 secs (0.007u,0.s) (success)
Tactic call abstract-regression-cubic ran for 0.011 secs (0.011u,0.s) (success)
Tactic call close-abstract-regression-cubic ran for 0.003 secs (0.003u,0.s)
Params: n= 51
Tactic call refine-regression-quadratic-regression-linear ran for 0.006 secs (0.006u,0.s) (success)
Tactic call pose-build-and-refine-regression-cubic ran for 0.013 secs (0.013u,0.s) (success)
Tactic call fast_rewrite-regression-cubic ran for 0.013 secs (0.013u,0.s) (success)
Tactic call abstract-regression-cubic ran for 0.018 secs (0.018u,0.s) (success)
Tactic call close-abstract-regression-cubic ran for 0.004 secs (0.004u,0.s)
Params: n= 52
Tactic call refine-regression-quadratic-regression-linear ran for 0. secs (0.u,0.s) (success)
Tactic call pose-build-and-refine-regression-cubic ran for 0.007 secs (0.007u,0.s) (success)
Tactic call fast_rewrite-regression-cubic ran for 0.007 secs (0.007u,0.s) (success)
Tactic call abstract-regression-cubic ran for 0.012 secs (0.012u,0.s) (success)
Tactic call close-abstract-regression-cubic ran for 0.004 secs (0.004u,0.s)
Params: n= 53
Tactic call refine-regression-quadratic-regression-linear ran for 0. secs (0.u,0.s) (success)
Tactic call pose-build-and-refine-regression-cubic ran for 0.008 secs (0.008u,0.s) (success)
Tactic call fast_rewrite-regression-cubic ran for 0.008 secs (0.008u,0.s) (success)
Tactic call abstract-regression-cubic ran for 0.013 secs (0.013u,0.s) (success)
Tactic call close-abstract-regression-cubic ran for 0.004 secs (0.004u,0.s)
Params: n= 54
Tactic call refine-regression-quadratic-regression-linear ran for 0. secs (0.u,0.s) (success)
Tactic call pose-build-and-refine-regression-cubic ran for 0.008 secs (0.008u,0.s) (success)
Tactic call fast_rewrite-regression-cubic ran for 0.008 secs (0.008u,0.s) (success)
Tactic call abstract-regression-cubic ran for 0.013 secs (0.013u,0.s) (success)
Tactic call close-abstract-regression-cubic ran for 0.004 secs (0.004u,0.s)
Params: n= 55
Tactic call refine-regression-quadratic-regression-linear ran for 0. secs (0.u,0.s) (success)
Tactic call pose-build-and-refine-regression-cubic ran for 0.008 secs (0.008u,0.s) (success)
Tactic call fast_rewrite-regression-cubic ran for 0.008 secs (0.008u,0.s) (success)
Tactic call abstract-regression-cubic ran for 0.014 secs (0.014u,0.s) (success)
Tactic call close-abstract-regression-cubic ran for 0.004 secs (0.004u,0.s)
Params: n= 56
Tactic call refine-regression-quadratic-regression-linear ran for 0. secs (0.u,0.s) (success)
Tactic call pose-build-and-refine-regression-cubic ran for 0.008 secs (0.008u,0.s) (success)
Tactic call fast_rewrite-regression-cubic ran for 0.008 secs (0.008u,0.s) (success)
Tactic call abstract-regression-cubic ran for 0.013 secs (0.013u,0.s) (success)
Tactic call close-abstract-regression-cubic ran for 0.004 secs (0.004u,0.s)
Params: n= 57
Tactic call refine-regression-quadratic-regression-linear ran for 0. secs (0.u,0.s) (success)
Tactic call pose-build-and-refine-regression-cubic ran for 0.01 secs (0.01u,0.s) (success)
Tactic call fast_rewrite-regression-cubic ran for 0.01 secs (0.01u,0.s) (success)
Tactic call abstract-regression-cubic ran for 0.015 secs (0.015u,0.s) (success)
Tactic call close-abstract-regression-cubic ran for 0.005 secs (0.005u,0.s)
Params: n= 58
Tactic call refine-regression-quadratic-regression-linear ran for 0. secs (0.u,0.s) (success)
Tactic call pose-build-and-refine-regression-cubic ran for 0.008 secs (0.008u,0.s) (success)
Tactic call fast_rewrite-regression-cubic ran for 0.008 secs (0.008u,0.s) (success)
Tactic call abstract-regression-cubic ran for 0.014 secs (0.014u,0.s) (success)
Tactic call close-abstract-regression-cubic ran for 0.005 secs (0.005u,0.s)
Params: n= 59
Tactic call refine-regression-quadratic-regression-linear ran for 0. secs (0.u,0.s) (success)
Tactic call pose-build-and-refine-regression-cubic ran for 0.008 secs (0.008u,0.s) (success)
Tactic call fast_rewrite-regression-cubic ran for 0.008 secs (0.008u,0.s) (success)
Tactic call abstract-regression-cubic ran for 0.014 secs (0.014u,0.s) (success)
Tactic call close-abstract-regression-cubic ran for 0.004 secs (0.004u,0.s)
Params: n= 60
Tactic call refine-regression-quadratic-regression-linear ran for 0. secs (0.u,0.s) (success)
Tactic call pose-build-and-refine-regression-cubic ran for 0.009 secs (0.009u,0.s) (success)
Tactic call fast_rewrite-regression-cubic ran for 0.009 secs (0.009u,0.s) (success)
Tactic call abstract-regression-cubic ran for 0.015 secs (0.015u,0.s) (success)
Tactic call close-abstract-regression-cubic ran for 0.005 secs (0.005u,0.s)
Params: n= 61
Tactic call refine-regression-quadratic-regression-linear ran for 0. secs (0.u,0.s) (success)
Tactic call pose-build-and-refine-regression-cubic ran for 0.009 secs (0.009u,0.s) (success)
Tactic call fast_rewrite-regression-cubic ran for 0.009 secs (0.009u,0.s) (success)
Tactic call abstract-regression-cubic ran for 0.019 secs (0.019u,0.s) (success)
Tactic call close-abstract-regression-cubic ran for 0.009 secs (0.008u,0.s)
Params: n= 62
Tactic call refine-regression-quadratic-regression-linear ran for 0. secs (0.u,0.s) (success)
Tactic call pose-build-and-refine-regression-cubic ran for 0.01 secs (0.01u,0.s) (success)
Tactic call fast_rewrite-regression-cubic ran for 0.01 secs (0.01u,0.s) (success)
Tactic call abstract-regression-cubic ran for 0.016 secs (0.016u,0.s) (success)
Tactic call close-abstract-regression-cubic ran for 0.005 secs (0.005u,0.s)
Params: n= 63
Tactic call refine-regression-quadratic-regression-linear ran for 0. secs (0.u,0.s) (success)
Tactic call pose-build-and-refine-regression-cubic ran for 0.009 secs (0.009u,0.s) (success)
Tactic call fast_rewrite-regression-cubic ran for 0.009 secs (0.009u,0.s) (success)
Tactic call abstract-regression-cubic ran for 0.016 secs (0.016u,0.s) (success)
Tactic call close-abstract-regression-cubic ran for 0.005 secs (0.005u,0.s)
Params: n= 64
Tactic call refine-regression-quadratic-regression-linear ran for 0. secs (0.u,0.s) (success)
Tactic call pose-build-and-refine-regression-cubic ran for 0.009 secs (0.009u,0.s) (success)
Tactic call fast_rewrite-regression-cubic ran for 0.01 secs (0.01u,0.s) (success)
Tactic call abstract-regression-cubic ran for 0.017 secs (0.017u,0.s) (success)
Tactic call close-abstract-regression-cubic ran for 0.006 secs (0.006u,0.s)
Params: n= 65
Tactic call refine-regression-quadratic-regression-linear ran for 0. secs (0.u,0.s) (success)
Tactic call pose-build-and-refine-regression-cubic ran for 0.01 secs (0.01u,0.s) (success)
Tactic call fast_rewrite-regression-cubic ran for 0.01 secs (0.01u,0.s) (success)
Tactic call abstract-regression-cubic ran for 0.017 secs (0.017u,0.s) (success)
Tactic call close-abstract-regression-cubic ran for 0.006 secs (0.006u,0.s)
Params: n= 66
Tactic call refine-regression-quadratic-regression-linear ran for 0. secs (0.u,0.s) (success)
Tactic call pose-build-and-refine-regression-cubic ran for 0.013 secs (0.013u,0.s) (success)
Tactic call fast_rewrite-regression-cubic ran for 0.013 secs (0.013u,0.s) (success)
Tactic call abstract-regression-cubic ran for 0.02 secs (0.02u,0.s) (success)
Tactic call close-abstract-regression-cubic ran for 0.006 secs (0.006u,0.s)
Params: n= 67
Tactic call refine-regression-quadratic-regression-linear ran for 0. secs (0.u,0.s) (success)
Tactic call pose-build-and-refine-regression-cubic ran for 0.01 secs (0.01u,0.s) (success)
Tactic call fast_rewrite-regression-cubic ran for 0.01 secs (0.01u,0.s) (success)
Tactic call abstract-regression-cubic ran for 0.018 secs (0.018u,0.s) (success)
Tactic call close-abstract-regression-cubic ran for 0.007 secs (0.007u,0.s)
Params: n= 68
Tactic call refine-regression-quadratic-regression-linear ran for 0. secs (0.u,0.s) (success)
Tactic call pose-build-and-refine-regression-cubic ran for 0.01 secs (0.01u,0.s) (success)
Tactic call fast_rewrite-regression-cubic ran for 0.01 secs (0.01u,0.s) (success)
Tactic call abstract-regression-cubic ran for 0.018 secs (0.018u,0.s) (success)
Tactic call close-abstract-regression-cubic ran for 0.007 secs (0.007u,0.s)
Params: n= 69
Tactic call refine-regression-quadratic-regression-linear ran for 0. secs (0.u,0.s) (success)
Tactic call pose-build-and-refine-regression-cubic ran for 0.01 secs (0.01u,0.s) (success)
Tactic call fast_rewrite-regression-cubic ran for 0.01 secs (0.01u,0.s) (success)
Tactic call abstract-regression-cubic ran for 0.017 secs (0.017u,0.s) (success)
Tactic call close-abstract-regression-cubic ran for 0.007 secs (0.007u,0.s)
Params: n= 70
Tactic call refine-regression-quadratic-regression-linear ran for 0. secs (0.u,0.s) (success)
Tactic call pose-build-and-refine-regression-cubic ran for 0.013 secs (0.013u,0.s) (success)
Tactic call fast_rewrite-regression-cubic ran for 0.013 secs (0.013u,0.s) (success)
Tactic call abstract-regression-cubic ran for 0.021 secs (0.021u,0.s) (success)
Tactic call close-abstract-regression-cubic ran for 0.007 secs (0.007u,0.s)
Params: n= 71
Tactic call refine-regression-quadratic-regression-linear ran for 0. secs (0.u,0.s) (success)
Tactic call pose-build-and-refine-regression-cubic ran for 0.011 secs (0.011u,0.s) (success)
Tactic call fast_rewrite-regression-cubic ran for 0.011 secs (0.011u,0.s) (success)
Tactic call abstract-regression-cubic ran for 0.019 secs (0.019u,0.s) (success)
Tactic call close-abstract-regression-cubic ran for 0.007 secs (0.007u,0.s)
Params: n= 72
Tactic call refine-regression-quadratic-regression-linear ran for 0. secs (0.u,0.s) (success)
Tactic call pose-build-and-refine-regression-cubic ran for 0.011 secs (0.011u,0.s) (success)
Tactic call fast_rewrite-regression-cubic ran for 0.011 secs (0.011u,0.s) (success)
Tactic call abstract-regression-cubic ran for 0.02 secs (0.02u,0.s) (success)
Tactic call close-abstract-regression-cubic ran for 0.008 secs (0.008u,0.s)
Params: n= 73
Tactic call refine-regression-quadratic-regression-linear ran for 0. secs (0.u,0.s) (success)
Tactic call pose-build-and-refine-regression-cubic ran for 0.011 secs (0.011u,0.s) (success)
Tactic call fast_rewrite-regression-cubic ran for 0.011 secs (0.011u,0.s) (success)
Tactic call abstract-regression-cubic ran for 0.019 secs (0.019u,0.s) (success)
Tactic call close-abstract-regression-cubic ran for 0.007 secs (0.007u,0.s)
Params: n= 74
Tactic call refine-regression-quadratic-regression-linear ran for 0. secs (0.u,0.s) (success)
Tactic call pose-build-and-refine-regression-cubic ran for 0.015 secs (0.015u,0.s) (success)
Tactic call fast_rewrite-regression-cubic ran for 0.015 secs (0.015u,0.s) (success)
Tactic call abstract-regression-cubic ran for 0.024 secs (0.024u,0.s) (success)
Tactic call close-abstract-regression-cubic ran for 0.008 secs (0.008u,0.s)
Params: n= 75
Tactic call refine-regression-quadratic-regression-linear ran for 0. secs (0.u,0.s) (success)
Tactic call pose-build-and-refine-regression-cubic ran for 0.011 secs (0.011u,0.s) (success)
Tactic call fast_rewrite-regression-cubic ran for 0.011 secs (0.011u,0.s) (success)
Tactic call abstract-regression-cubic ran for 0.021 secs (0.021u,0.s) (success)
Tactic call close-abstract-regression-cubic ran for 0.008 secs (0.008u,0.s)
Params: n= 76
Tactic call refine-regression-quadratic-regression-linear ran for 0.001 secs (0.001u,0.s) (success)
Tactic call pose-build-and-refine-regression-cubic ran for 0.012 secs (0.012u,0.s) (success)
Tactic call fast_rewrite-regression-cubic ran for 0.012 secs (0.012u,0.s) (success)
Tactic call abstract-regression-cubic ran for 0.021 secs (0.021u,0.s) (success)
Tactic call close-abstract-regression-cubic ran for 0.008 secs (0.008u,0.s)
Params: n= 77
Tactic call refine-regression-quadratic-regression-linear ran for 0.001 secs (0.001u,0.s) (success)
Tactic call pose-build-and-refine-regression-cubic ran for 0.012 secs (0.012u,0.s) (success)
Tactic call fast_rewrite-regression-cubic ran for 0.012 secs (0.012u,0.s) (success)
Tactic call abstract-regression-cubic ran for 0.022 secs (0.022u,0.s) (success)
Tactic call close-abstract-regression-cubic ran for 0.009 secs (0.009u,0.s)
Params: n= 78
Tactic call refine-regression-quadratic-regression-linear ran for 0.005 secs (0.005u,0.s) (success)
Tactic call pose-build-and-refine-regression-cubic ran for 0.024 secs (0.024u,0.s) (success)
Tactic call fast_rewrite-regression-cubic ran for 0.024 secs (0.024u,0.s) (success)
Tactic call abstract-regression-cubic ran for 0.036 secs (0.036u,0.s) (success)
Tactic call close-abstract-regression-cubic ran for 0.011 secs (0.011u,0.s)
Params: n= 79
Tactic call refine-regression-quadratic-regression-linear ran for 0.001 secs (0.001u,0.s) (success)
Tactic call pose-build-and-refine-regression-cubic ran for 0.013 secs (0.013u,0.s) (success)
Tactic call fast_rewrite-regression-cubic ran for 0.013 secs (0.013u,0.s) (success)
Tactic call abstract-regression-cubic ran for 0.023 secs (0.023u,0.s) (success)
Tactic call close-abstract-regression-cubic ran for 0.009 secs (0.009u,0.s)
Params: n= 80
Tactic call refine-regression-quadratic-regression-linear ran for 0.001 secs (0.001u,0.s) (success)
Tactic call pose-build-and-refine-regression-cubic ran for 0.013 secs (0.013u,0.s) (success)
Tactic call fast_rewrite-regression-cubic ran for 0.013 secs (0.013u,0.s) (success)
Tactic call abstract-regression-cubic ran for 0.023 secs (0.023u,0.s) (success)
Tactic call close-abstract-regression-cubic ran for 0.009 secs (0.009u,0.s)
Params: n= 81
Tactic call refine-regression-quadratic-regression-linear ran for 0.003 secs (0.003u,0.s) (success)
Tactic call pose-build-and-refine-regression-cubic ran for 0.016 secs (0.016u,0.s) (success)
Tactic call fast_rewrite-regression-cubic ran for 0.016 secs (0.016u,0.s) (success)
Tactic call abstract-regression-cubic ran for 0.027 secs (0.027u,0.s) (success)
Tactic call close-abstract-regression-cubic ran for 0.01 secs (0.01u,0.s)
Params: n= 82
Tactic call refine-regression-quadratic-regression-linear ran for 0.001 secs (0.001u,0.s) (success)
Tactic call pose-build-and-refine-regression-cubic ran for 0.013 secs (0.013u,0.s) (success)
Tactic call fast_rewrite-regression-cubic ran for 0.013 secs (0.013u,0.s) (success)
Tactic call abstract-regression-cubic ran for 0.024 secs (0.024u,0.s) (success)
Tactic call close-abstract-regression-cubic ran for 0.01 secs (0.01u,0.s)
Params: n= 83
Tactic call refine-regression-quadratic-regression-linear ran for 0.001 secs (0.001u,0.s) (success)
Tactic call pose-build-and-refine-regression-cubic ran for 0.013 secs (0.013u,0.s) (success)
Tactic call fast_rewrite-regression-cubic ran for 0.013 secs (0.013u,0.s) (success)
Tactic call abstract-regression-cubic ran for 0.025 secs (0.025u,0.s) (success)
Tactic call close-abstract-regression-cubic ran for 0.011 secs (0.011u,0.s)
Params: n= 84
Tactic call refine-regression-quadratic-regression-linear ran for 0.001 secs (0.001u,0.s) (success)
Tactic call pose-build-and-refine-regression-cubic ran for 0.014 secs (0.014u,0.s) (success)
Tactic call fast_rewrite-regression-cubic ran for 0.014 secs (0.014u,0.s) (success)
Tactic call abstract-regression-cubic ran for 0.027 secs (0.027u,0.s) (success)
Tactic call close-abstract-regression-cubic ran for 0.012 secs (0.012u,0.s)
Params: n= 85
Tactic call refine-regression-quadratic-regression-linear ran for 0.001 secs (0.001u,0.s) (success)
Tactic call pose-build-and-refine-regression-cubic ran for 0.014 secs (0.014u,0.s) (success)
Tactic call fast_rewrite-regression-cubic ran for 0.014 secs (0.014u,0.s) (success)
Tactic call abstract-regression-cubic ran for 0.026 secs (0.026u,0.s) (success)
Tactic call close-abstract-regression-cubic ran for 0.011 secs (0.011u,0.s)
Params: n= 86
Tactic call refine-regression-quadratic-regression-linear ran for 0.001 secs (0.001u,0.s) (success)
Tactic call pose-build-and-refine-regression-cubic ran for 0.015 secs (0.015u,0.s) (success)
Tactic call fast_rewrite-regression-cubic ran for 0.015 secs (0.015u,0.s) (success)
Tactic call abstract-regression-cubic ran for 0.027 secs (0.027u,0.s) (success)
Tactic call close-abstract-regression-cubic ran for 0.011 secs (0.011u,0.s)
Params: n= 87
Tactic call refine-regression-quadratic-regression-linear ran for 0.001 secs (0.001u,0.s) (success)
Tactic call pose-build-and-refine-regression-cubic ran for 0.014 secs (0.014u,0.s) (success)
Tactic call fast_rewrite-regression-cubic ran for 0.014 secs (0.014u,0.s) (success)
Tactic call abstract-regression-cubic ran for 0.027 secs (0.027u,0.s) (success)
Tactic call close-abstract-regression-cubic ran for 0.011 secs (0.011u,0.s)
Params: n= 88
Tactic call refine-regression-quadratic-regression-linear ran for 0.001 secs (0.001u,0.s) (success)
Tactic call pose-build-and-refine-regression-cubic ran for 0.017 secs (0.013u,0.003s) (success)
Tactic call fast_rewrite-regression-cubic ran for 0.017 secs (0.013u,0.003s) (success)
Tactic call abstract-regression-cubic ran for 0.029 secs (0.025u,0.003s) (success)
Tactic call close-abstract-regression-cubic ran for 0.011 secs (0.011u,0.s)
Params: n= 89
Tactic call refine-regression-quadratic-regression-linear ran for 0.001 secs (0.001u,0.s) (success)
Tactic call pose-build-and-refine-regression-cubic ran for 0.014 secs (0.014u,0.s) (success)
Tactic call fast_rewrite-regression-cubic ran for 0.014 secs (0.014u,0.s) (success)
Tactic call abstract-regression-cubic ran for 0.028 secs (0.027u,0.s) (success)
Tactic call close-abstract-regression-cubic ran for 0.012 secs (0.012u,0.s)
Params: n= 90
Tactic call refine-regression-quadratic-regression-linear ran for 0.001 secs (0.001u,0.s) (success)
Tactic call pose-build-and-refine-regression-cubic ran for 0.015 secs (0.015u,0.s) (success)
Tactic call fast_rewrite-regression-cubic ran for 0.015 secs (0.015u,0.s) (success)
Tactic call abstract-regression-cubic ran for 0.028 secs (0.028u,0.s) (success)
Tactic call close-abstract-regression-cubic ran for 0.012 secs (0.012u,0.s)
Params: n= 91
Tactic call refine-regression-quadratic-regression-linear ran for 0.001 secs (0.001u,0.s) (success)
Tactic call pose-build-and-refine-regression-cubic ran for 0.018 secs (0.018u,0.s) (success)
Tactic call fast_rewrite-regression-cubic ran for 0.018 secs (0.018u,0.s) (success)
Tactic call abstract-regression-cubic ran for 0.032 secs (0.032u,0.s) (success)
Tactic call close-abstract-regression-cubic ran for 0.012 secs (0.012u,0.s)
Params: n= 92
Tactic call refine-regression-quadratic-regression-linear ran for 0.001 secs (0.001u,0.s) (success)
Tactic call pose-build-and-refine-regression-cubic ran for 0.015 secs (0.015u,0.s) (success)
Tactic call fast_rewrite-regression-cubic ran for 0.015 secs (0.015u,0.s) (success)
Tactic call abstract-regression-cubic ran for 0.029 secs (0.029u,0.s) (success)
Tactic call close-abstract-regression-cubic ran for 0.013 secs (0.013u,0.s)
Params: n= 93
Tactic call refine-regression-quadratic-regression-linear ran for 0.001 secs (0.001u,0.s) (success)
Tactic call pose-build-and-refine-regression-cubic ran for 0.016 secs (0.016u,0.s) (success)
Tactic call fast_rewrite-regression-cubic ran for 0.016 secs (0.016u,0.s) (success)
Tactic call abstract-regression-cubic ran for 0.03 secs (0.03u,0.s) (success)
Tactic call close-abstract-regression-cubic ran for 0.013 secs (0.013u,0.s)
Params: n= 94
Tactic call refine-regression-quadratic-regression-linear ran for 0.001 secs (0.001u,0.s) (success)
Tactic call pose-build-and-refine-regression-cubic ran for 0.017 secs (0.017u,0.s) (success)
Tactic call fast_rewrite-regression-cubic ran for 0.017 secs (0.017u,0.s) (success)
Tactic call abstract-regression-cubic ran for 0.032 secs (0.032u,0.s) (success)
Tactic call close-abstract-regression-cubic ran for 0.013 secs (0.013u,0.s)
Params: n= 95
Tactic call refine-regression-quadratic-regression-linear ran for 0.001 secs (0.001u,0.s) (success)
Tactic call pose-build-and-refine-regression-cubic ran for 0.016 secs (0.016u,0.s) (success)
Tactic call fast_rewrite-regression-cubic ran for 0.016 secs (0.016u,0.s) (success)
Tactic call abstract-regression-cubic ran for 0.032 secs (0.032u,0.s) (success)
Tactic call close-abstract-regression-cubic ran for 0.014 secs (0.014u,0.s)
Params: n= 96
Tactic call refine-regression-quadratic-regression-linear ran for 0.001 secs (0.001u,0.s) (success)
Tactic call pose-build-and-refine-regression-cubic ran for 0.016 secs (0.016u,0.s) (success)
Tactic call fast_rewrite-regression-cubic ran for 0.016 secs (0.016u,0.s) (success)
Tactic call abstract-regression-cubic ran for 0.034 secs (0.034u,0.s) (success)
Tactic call close-abstract-regression-cubic ran for 0.016 secs (0.016u,0.s)
Params: n= 97
Tactic call refine-regression-quadratic-regression-linear ran for 0.001 secs (0.001u,0.s) (success)
Tactic call pose-build-and-refine-regression-cubic ran for 0.019 secs (0.019u,0.s) (success)
Tactic call fast_rewrite-regression-cubic ran for 0.019 secs (0.019u,0.s) (success)
Tactic call abstract-regression-cubic ran for 0.034 secs (0.034u,0.s) (success)
Tactic call close-abstract-regression-cubic ran for 0.014 secs (0.014u,0.s)
Params: n= 98
Tactic call refine-regression-quadratic-regression-linear ran for 0.001 secs (0.001u,0.s) (success)
Tactic call pose-build-and-refine-regression-cubic ran for 0.017 secs (0.017u,0.s) (success)
Tactic call fast_rewrite-regression-cubic ran for 0.017 secs (0.017u,0.s) (success)
Tactic call abstract-regression-cubic ran for 0.033 secs (0.033u,0.s) (success)
Tactic call close-abstract-regression-cubic ran for 0.015 secs (0.015u,0.s)
Params: n= 99
Tactic call refine-regression-quadratic-regression-linear ran for 0.005 secs (0.005u,0.s) (success)
Tactic call pose-build-and-refine-regression-cubic ran for 0.02 secs (0.02u,0.s) (success)
Tactic call fast_rewrite-regression-cubic ran for 0.02 secs (0.02u,0.s) (success)
Tactic call abstract-regression-cubic ran for 0.036 secs (0.036u,0.s) (success)
Tactic call close-abstract-regression-cubic ran for 0.015 secs (0.015u,0.s)
Params: n= 110
Tactic call refine-regression-quadratic-regression-linear ran for 0.001 secs (0.001u,0.s) (success)
Tactic call pose-build-and-refine-regression-cubic ran for 0.02 secs (0.02u,0.s) (success)
Tactic call fast_rewrite-regression-cubic ran for 0.02 secs (0.02u,0.s) (success)
Tactic call abstract-regression-cubic ran for 0.04 secs (0.04u,0.s) (success)
Tactic call close-abstract-regression-cubic ran for 0.019 secs (0.019u,0.s)
Params: n= 120
Tactic call refine-regression-quadratic-regression-linear ran for 0.001 secs (0.001u,0.s) (success)
Tactic call pose-build-and-refine-regression-cubic ran for 0.021 secs (0.021u,0.s) (success)
Tactic call fast_rewrite-regression-cubic ran for 0.021 secs (0.021u,0.s) (success)
Tactic call abstract-regression-cubic ran for 0.053 secs (0.053u,0.s) (success)
Tactic call close-abstract-regression-cubic ran for 0.03 secs (0.03u,0.s)
Params: n= 130
Tactic call refine-regression-quadratic-regression-linear ran for 0.001 secs (0.001u,0.s) (success)
Tactic call pose-build-and-refine-regression-cubic ran for 0.036 secs (0.032u,0.003s) (success)
Tactic call fast_rewrite-regression-cubic ran for 0.036 secs (0.032u,0.003s) (success)
Tactic call abstract-regression-cubic ran for 0.064 secs (0.06u,0.003s) (success)
Tactic call close-abstract-regression-cubic ran for 0.027 secs (0.027u,0.s)
Params: n= 140
Tactic call refine-regression-quadratic-regression-linear ran for 0.001 secs (0.001u,0.s) (success)
Tactic call pose-build-and-refine-regression-cubic ran for 0.043 secs (0.043u,0.s) (success)
Tactic call fast_rewrite-regression-cubic ran for 0.043 secs (0.043u,0.s) (success)
Tactic call abstract-regression-cubic ran for 0.079 secs (0.079u,0.s) (success)
Tactic call close-abstract-regression-cubic ran for 0.035 secs (0.035u,0.s)
Params: n= 160
Tactic call refine-regression-quadratic-regression-linear ran for 0.001 secs (0.001u,0.s) (success)
Tactic call pose-build-and-refine-regression-cubic ran for 0.054 secs (0.05u,0.003s) (success)
Tactic call fast_rewrite-regression-cubic ran for 0.054 secs (0.05u,0.003s) (success)
Tactic call abstract-regression-cubic ran for 0.104 secs (0.1u,0.003s) (success)
Tactic call close-abstract-regression-cubic ran for 0.049 secs (0.049u,0.s)
Params: n= 170
Tactic call refine-regression-quadratic-regression-linear ran for 0.002 secs (0.002u,0.s) (success)
Tactic call pose-build-and-refine-regression-cubic ran for 0.064 secs (0.064u,0.s) (success)
Tactic call fast_rewrite-regression-cubic ran for 0.064 secs (0.064u,0.s) (success)
Tactic call abstract-regression-cubic ran for 0.122 secs (0.122u,0.s) (success)
Tactic call close-abstract-regression-cubic ran for 0.057 secs (0.057u,0.s)
Params: n= 180
Tactic call refine-regression-quadratic-regression-linear ran for 0.002 secs (0.002u,0.s) (success)
Tactic call pose-build-and-refine-regression-cubic ran for 0.073 secs (0.073u,0.s) (success)
Tactic call fast_rewrite-regression-cubic ran for 0.073 secs (0.073u,0.s) (success)
Tactic call abstract-regression-cubic ran for 0.141 secs (0.137u,0.003s) (success)
Tactic call close-abstract-regression-cubic ran for 0.066 secs (0.062u,0.003s)
Params: n= 190
Tactic call refine-regression-quadratic-regression-linear ran for 0.002 secs (0.002u,0.s) (success)
Tactic call pose-build-and-refine-regression-cubic ran for 0.082 secs (0.078u,0.004s) (success)
Tactic call fast_rewrite-regression-cubic ran for 0.082 secs (0.078u,0.004s) (success)
Tactic call abstract-regression-cubic ran for 0.172 secs (0.168u,0.004s) (success)
Tactic call close-abstract-regression-cubic ran for 0.088 secs (0.088u,0.s)
Params: n= 210
Tactic call refine-regression-quadratic-regression-linear ran for 0.002 secs (0.002u,0.s) (success)
Tactic call pose-build-and-refine-regression-cubic ran for 0.077 secs (0.077u,0.s) (success)
Tactic call fast_rewrite-regression-cubic ran for 0.077 secs (0.077u,0.s) (success)
Tactic call abstract-regression-cubic ran for 0.179 secs (0.175u,0.003s) (success)
Tactic call close-abstract-regression-cubic ran for 0.1 secs (0.096u,0.003s)
Params: n= 220
Tactic call refine-regression-quadratic-regression-linear ran for 0.002 secs (0.002u,0.s) (success)
Tactic call pose-build-and-refine-regression-cubic ran for 0.082 secs (0.082u,0.s) (success)
Tactic call fast_rewrite-regression-cubic ran for 0.082 secs (0.082u,0.s) (success)
Tactic call abstract-regression-cubic ran for 0.203 secs (0.203u,0.s) (success)
Tactic call close-abstract-regression-cubic ran for 0.12 secs (0.12u,0.s)
Params: n= 230
Tactic call refine-regression-quadratic-regression-linear ran for 0.002 secs (0.002u,0.s) (success)
Tactic call pose-build-and-refine-regression-cubic ran for 0.091 secs (0.091u,0.s) (success)
Tactic call fast_rewrite-regression-cubic ran for 0.091 secs (0.091u,0.s) (success)
Tactic call abstract-regression-cubic ran for 0.22 secs (0.22u,0.s) (success)
Tactic call close-abstract-regression-cubic ran for 0.128 secs (0.128u,0.s)
Params: n= 240
Tactic call refine-regression-quadratic-regression-linear ran for 0.003 secs (0.003u,0.s) (success)
Tactic call pose-build-and-refine-regression-cubic ran for 0.097 secs (0.097u,0.s) (success)
Tactic call fast_rewrite-regression-cubic ran for 0.097 secs (0.097u,0.s) (success)
Tactic call abstract-regression-cubic ran for 0.243 secs (0.243u,0.s) (success)
Tactic call close-abstract-regression-cubic ran for 0.144 secs (0.144u,0.s)
Params: n= 260
Tactic call refine-regression-quadratic-regression-linear ran for 0.006 secs (0.006u,0.s) (success)
Tactic call pose-build-and-refine-regression-cubic ran for 0.131 secs (0.123u,0.007s) (success)
Tactic call fast_rewrite-regression-cubic ran for 0.131 secs (0.123u,0.007s) (success)
Tactic call abstract-regression-cubic ran for 0.312 secs (0.304u,0.007s) (success)
Tactic call close-abstract-regression-cubic ran for 0.179 secs (0.179u,0.s)
Params: n= 270
Tactic call refine-regression-quadratic-regression-linear ran for 0.003 secs (0.003u,0.s) (success)
Tactic call pose-build-and-refine-regression-cubic ran for 0.148 secs (0.148u,0.s) (success)
Tactic call fast_rewrite-regression-cubic ran for 0.148 secs (0.148u,0.s) (success)
Tactic call abstract-regression-cubic ran for 0.347 secs (0.347u,0.s) (success)
Tactic call close-abstract-regression-cubic ran for 0.197 secs (0.197u,0.s)
Params: n= 280
Tactic call refine-regression-quadratic-regression-linear ran for 0.003 secs (0.003u,0.s) (success)
Tactic call pose-build-and-refine-regression-cubic ran for 0.162 secs (0.154u,0.007s) (success)
Tactic call fast_rewrite-regression-cubic ran for 0.162 secs (0.154u,0.007s) (success)
Tactic call abstract-regression-cubic ran for 0.388 secs (0.38u,0.007s) (success)
Tactic call close-abstract-regression-cubic ran for 0.225 secs (0.225u,0.s)
Params: n= 290
Tactic call refine-regression-quadratic-regression-linear ran for 0.003 secs (0.003u,0.s) (success)
Tactic call pose-build-and-refine-regression-cubic ran for 0.142 secs (0.142u,0.s) (success)
Tactic call fast_rewrite-regression-cubic ran for 0.142 secs (0.142u,0.s) (success)
Tactic call abstract-regression-cubic ran for 0.378 secs (0.378u,0.s) (success)
Tactic call close-abstract-regression-cubic ran for 0.234 secs (0.234u,0.s)
Params: n= 310
Tactic call refine-regression-quadratic-regression-linear ran for 0.003 secs (0.003u,0.s) (success)
Tactic call pose-build-and-refine-regression-cubic ran for 0.148 secs (0.148u,0.s) (success)
Tactic call fast_rewrite-regression-cubic ran for 0.148 secs (0.148u,0.s) (success)
Tactic call abstract-regression-cubic ran for 0.444 secs (0.44u,0.s) (success)
Tactic call close-abstract-regression-cubic ran for 0.293 secs (0.289u,0.s)
Params: n= 320
Tactic call refine-regression-quadratic-regression-linear ran for 0.003 secs (0.003u,0.s) (success)
Tactic call pose-build-and-refine-regression-cubic ran for 0.161 secs (0.169u,0.s) (success)
Tactic call fast_rewrite-regression-cubic ran for 0.161 secs (0.169u,0.s) (success)
Tactic call abstract-regression-cubic ran for 0.494 secs (0.5u,0.s) (success)
Tactic call close-abstract-regression-cubic ran for 0.331 secs (0.331u,0.s)
Params: n= 330
Tactic call refine-regression-quadratic-regression-linear ran for 0.003 secs (0.003u,0.s) (success)
Tactic call pose-build-and-refine-regression-cubic ran for 0.202 secs (0.202u,0.s) (success)
Tactic call fast_rewrite-regression-cubic ran for 0.202 secs (0.202u,0.s) (success)
Tactic call abstract-regression-cubic ran for 0.553 secs (0.549u,0.003s) (success)
Tactic call close-abstract-regression-cubic ran for 0.35 secs (0.346u,0.003s)
Params: n= 340
Tactic call refine-regression-quadratic-regression-linear ran for 0.004 secs (0.004u,0.s) (success)
Tactic call pose-build-and-refine-regression-cubic ran for 0.217 secs (0.217u,0.s) (success)
Tactic call fast_rewrite-regression-cubic ran for 0.217 secs (0.217u,0.s) (success)
Tactic call abstract-regression-cubic ran for 0.596 secs (0.595u,0.s) (success)
Tactic call close-abstract-regression-cubic ran for 0.377 secs (0.377u,0.s)
Params: n= 360
Tactic call refine-regression-quadratic-regression-linear ran for 0.004 secs (0.004u,0.s) (success)
Tactic call pose-build-and-refine-regression-cubic ran for 0.204 secs (0.2u,0.003s) (success)
Tactic call fast_rewrite-regression-cubic ran for 0.204 secs (0.2u,0.003s) (success)
Tactic call abstract-regression-cubic ran for 0.644 secs (0.64u,0.003s) (success)
Tactic call close-abstract-regression-cubic ran for 0.438 secs (0.438u,0.s)
Params: n= 370
Tactic call refine-regression-quadratic-regression-linear ran for 0.004 secs (0.004u,0.s) (success)
Tactic call pose-build-and-refine-regression-cubic ran for 0.195 secs (0.195u,0.s) (success)
Tactic call fast_rewrite-regression-cubic ran for 0.195 secs (0.195u,0.s) (success)
Tactic call abstract-regression-cubic ran for 0.682 secs (0.682u,0.s) (success)
Tactic call close-abstract-regression-cubic ran for 0.485 secs (0.485u,0.s)
Params: n= 380
Tactic call refine-regression-quadratic-regression-linear ran for 0.004 secs (0.004u,0.s) (success)
Tactic call pose-build-and-refine-regression-cubic ran for 0.218 secs (0.218u,0.s) (success)
Tactic call fast_rewrite-regression-cubic ran for 0.219 secs (0.219u,0.s) (success)
Tactic call abstract-regression-cubic ran for 0.778 secs (0.777u,0.s) (success)
Tactic call close-abstract-regression-cubic ran for 0.558 secs (0.557u,0.s)
Params: n= 390
Tactic call refine-regression-quadratic-regression-linear ran for 0.004 secs (0.004u,0.s) (success)
Tactic call pose-build-and-refine-regression-cubic ran for 0.259 secs (0.259u,0.s) (success)
Tactic call fast_rewrite-regression-cubic ran for 0.259 secs (0.259u,0.s) (success)
Tactic call abstract-regression-cubic ran for 0.826 secs (0.826u,0.s) (success)
Tactic call close-abstract-regression-cubic ran for 0.566 secs (0.565u,0.s)
Params: n= 500
Tactic call refine-regression-quadratic-regression-linear ran for 0.006 secs (0.006u,0.s) (success)
Tactic call pose-build-and-refine-regression-cubic ran for 0.334 secs (0.334u,0.s) (success)
Tactic call fast_rewrite-regression-cubic ran for 0.334 secs (0.334u,0.s) (success)
Tactic call abstract-regression-cubic ran for 1.481 secs (1.48u,0.s) (success)
Tactic call close-abstract-regression-cubic ran for 1.145 secs (1.144u,0.s)
Params: n= 600
Tactic call refine-regression-quadratic-regression-linear ran for 0.007 secs (0.007u,0.s) (success)
Tactic call pose-build-and-refine-regression-cubic ran for 0.469 secs (0.469u,0.s) (success)
Tactic call fast_rewrite-regression-cubic ran for 0.469 secs (0.469u,0.s) (success)
Tactic call abstract-regression-cubic ran for 2.465 secs (2.465u,0.s) (success)
Tactic call close-abstract-regression-cubic ran for 1.995 secs (1.994u,0.s)
Params: n= 700
Tactic call refine-regression-quadratic-regression-linear ran for 0.009 secs (0.009u,0.s) (success)
Tactic call pose-build-and-refine-regression-cubic ran for 0.63 secs (0.63u,0.s) (success)
Tactic call fast_rewrite-regression-cubic ran for 0.63 secs (0.63u,0.s) (success)
Tactic call abstract-regression-cubic ran for 3.795 secs (3.79u,0.003s) (success)
Tactic call close-abstract-regression-cubic ran for 3.164 secs (3.159u,0.003s)
Params: n= 800
Tactic call refine-regression-quadratic-regression-linear ran for 0.01 secs (0.01u,0.s) (success)
Tactic call pose-build-and-refine-regression-cubic ran for 0.793 secs (0.785u,0.008s) (success)
Tactic call fast_rewrite-regression-cubic ran for 0.794 secs (0.785u,0.008s) (success)
Tactic call abstract-regression-cubic ran for 5.671 secs (5.661u,0.008s) (success)
Tactic call close-abstract-regression-cubic ran for 4.876 secs (4.874u,0.s)
Params: n= 900
Tactic call refine-regression-quadratic-regression-linear ran for 0.011 secs (0.011u,0.s) (success)
Tactic call pose-build-and-refine-regression-cubic ran for 0.95 secs (0.95u,0.s) (success)
Tactic call fast_rewrite-regression-cubic ran for 0.95 secs (0.95u,0.s) (success)
Tactic call abstract-regression-cubic ran for 7.559 secs (7.557u,0.s) (success)
Tactic call close-abstract-regression-cubic ran for 6.606 secs (6.605u,0.s)
Params: n= 1000
Tactic call refine-regression-quadratic-regression-linear ran for 0.013 secs (0.013u,0.s) (success)
Tactic call pose-build-and-refine-regression-cubic ran for 1.099 secs (1.099u,0.s) (success)
Tactic call fast_rewrite-regression-cubic ran for 1.099 secs (1.099u,0.s) (success)
Tactic call abstract-regression-cubic ran for 10.217 secs (10.21u,0.003s) (success)
Tactic call close-abstract-regression-cubic ran for 9.115 secs (9.109u,0.003s)
