Params: n= 50
Tactic call refine-regression-quadratic-regression-linear ran for 0.001 secs (0.u,0.s) (success)
Tactic call pose-build-and-refine-regression-cubic ran for 0.011 secs (0.007u,0.003s) (success)
Tactic call fast_rewrite-regression-cubic ran for 0.011 secs (0.007u,0.003s) (success)
Tactic call abstract-regression-cubic ran for 0.016 secs (0.012u,0.004s) (success)
Tactic call close-abstract-regression-cubic ran for 0.004 secs (0.004u,0.s)
Params: n= 100
Tactic call refine-regression-quadratic-regression-linear ran for 0.001 secs (0.001u,0.s) (success)
Tactic call pose-build-and-refine-regression-cubic ran for 0.025 secs (0.021u,0.003s) (success)
Tactic call fast_rewrite-regression-cubic ran for 0.025 secs (0.021u,0.003s) (success)
Tactic call abstract-regression-cubic ran for 0.093 secs (0.086u,0.007s) (success)
Tactic call close-abstract-regression-cubic ran for 0.068 secs (0.064u,0.003s)
Params: n= 150
Tactic call refine-regression-quadratic-regression-linear ran for 0.001 secs (0.001u,0.s) (success)
Tactic call pose-build-and-refine-regression-cubic ran for 0.041 secs (0.036u,0.004s) (success)
Tactic call fast_rewrite-regression-cubic ran for 0.041 secs (0.036u,0.004s) (success)
Tactic call abstract-regression-cubic ran for 0.083 secs (0.078u,0.004s) (success)
Tactic call close-abstract-regression-cubic ran for 0.042 secs (0.041u,0.s)
Params: n= 200
Tactic call refine-regression-quadratic-regression-linear ran for 0.002 secs (0.002u,0.s) (success)
Tactic call pose-build-and-refine-regression-cubic ran for 0.086 secs (0.086u,0.s) (success)
Tactic call fast_rewrite-regression-cubic ran for 0.086 secs (0.086u,0.s) (success)
Tactic call abstract-regression-cubic ran for 0.175 secs (0.171u,0.003s) (success)
Tactic call close-abstract-regression-cubic ran for 0.089 secs (0.085u,0.003s)
Params: n= 250
Tactic call refine-regression-quadratic-regression-linear ran for 0.003 secs (0.003u,0.s) (success)
Tactic call pose-build-and-refine-regression-cubic ran for 0.129 secs (0.129u,0.s) (success)
Tactic call fast_rewrite-regression-cubic ran for 0.129 secs (0.129u,0.s) (success)
Tactic call abstract-regression-cubic ran for 0.29 secs (0.29u,0.s) (success)
Tactic call close-abstract-regression-cubic ran for 0.16 secs (0.16u,0.s)
Params: n= 300
Tactic call refine-regression-quadratic-regression-linear ran for 0.003 secs (0.003u,0.s) (success)
Tactic call pose-build-and-refine-regression-cubic ran for 0.191 secs (0.182u,0.008s) (success)
Tactic call fast_rewrite-regression-cubic ran for 0.191 secs (0.182u,0.008s) (success)
Tactic call abstract-regression-cubic ran for 0.46 secs (0.451u,0.008s) (success)
Tactic call close-abstract-regression-cubic ran for 0.269 secs (0.269u,0.s)
Params: n= 350
Tactic call refine-regression-quadratic-regression-linear ran for 0.004 secs (0.004u,0.s) (success)
Tactic call pose-build-and-refine-regression-cubic ran for 0.187 secs (0.184u,0.003s) (success)
Tactic call fast_rewrite-regression-cubic ran for 0.187 secs (0.184u,0.003s) (success)
Tactic call abstract-regression-cubic ran for 0.603 secs (0.599u,0.003s) (success)
Tactic call close-abstract-regression-cubic ran for 0.415 secs (0.415u,0.s)
Params: n= 400
Tactic call refine-regression-quadratic-regression-linear ran for 0.004 secs (0.004u,0.s) (success)
Tactic call pose-build-and-refine-regression-cubic ran for 0.226 secs (0.218u,0.007s) (success)
Tactic call fast_rewrite-regression-cubic ran for 0.226 secs (0.218u,0.007s) (success)
Tactic call abstract-regression-cubic ran for 0.878 secs (0.87u,0.007s) (success)
Tactic call close-abstract-regression-cubic ran for 0.652 secs (0.651u,0.s)
