Params: n= 4
Tactic call autorewrite-regression-quadratic ran for 0.001 secs (0.u,0.s) (success)
Tactic call autorewrite-noop-regression-linear ran for 0. secs (0.u,0.s) (success)
Tactic call abstract+autorewrite-regression-quadratic ran for 0.002 secs (0.001u,0.s) (success)
Tactic call close-abstract+autorewrite-regression-quadratic ran for 0. secs (0.u,0.s)
Params: n= 5
Tactic call autorewrite-regression-quadratic ran for 0.001 secs (0.001u,0.s) (success)
Tactic call autorewrite-noop-regression-linear ran for 0. secs (0.u,0.s) (success)
Tactic call abstract+autorewrite-regression-quadratic ran for 0.003 secs (0.003u,0.s) (success)
Tactic call close-abstract+autorewrite-regression-quadratic ran for 0. secs (0.u,0.s)
Params: n= 6
Tactic call autorewrite-regression-quadratic ran for 0.002 secs (0.002u,0.s) (success)
Tactic call autorewrite-noop-regression-linear ran for 0. secs (0.u,0.s) (success)
Tactic call abstract+autorewrite-regression-quadratic ran for 0.003 secs (0.003u,0.s) (success)
Tactic call close-abstract+autorewrite-regression-quadratic ran for 0. secs (0.u,0.s)
Params: n= 7
Tactic call autorewrite-regression-quadratic ran for 0.002 secs (0.u,0.002s) (success)
Tactic call autorewrite-noop-regression-linear ran for 0. secs (0.u,0.s) (success)
Tactic call abstract+autorewrite-regression-quadratic ran for 0.003 secs (0.001u,0.002s) (success)
Tactic call close-abstract+autorewrite-regression-quadratic ran for 0.001 secs (0.001u,0.s)
Params: n= 8
Tactic call autorewrite-regression-quadratic ran for 0.003 secs (0.002u,0.s) (success)
Tactic call autorewrite-noop-regression-linear ran for 0. secs (0.u,0.s) (success)
Tactic call abstract+autorewrite-regression-quadratic ran for 0.004 secs (0.004u,0.s) (success)
Tactic call close-abstract+autorewrite-regression-quadratic ran for 0.001 secs (0.001u,0.s)
Params: n= 9
Tactic call autorewrite-regression-quadratic ran for 0.003 secs (0.003u,0.s) (success)
Tactic call autorewrite-noop-regression-linear ran for 0. secs (0.u,0.s) (success)
Tactic call abstract+autorewrite-regression-quadratic ran for 0.005 secs (0.005u,0.s) (success)
Tactic call close-abstract+autorewrite-regression-quadratic ran for 0.001 secs (0.001u,0.s)
Params: n= 10
Tactic call autorewrite-regression-quadratic ran for 0.003 secs (0.003u,0.s) (success)
Tactic call autorewrite-noop-regression-linear ran for 0. secs (0.u,0.s) (success)
Tactic call abstract+autorewrite-regression-quadratic ran for 0.006 secs (0.006u,0.s) (success)
Tactic call close-abstract+autorewrite-regression-quadratic ran for 0.001 secs (0.001u,0.s)
Params: n= 11
Tactic call autorewrite-regression-quadratic ran for 0.05 secs (0.031u,0.018s) (success)
Tactic call autorewrite-noop-regression-linear ran for 0. secs (0.u,0.s) (success)
Tactic call abstract+autorewrite-regression-quadratic ran for 0.052 secs (0.033u,0.019s) (success)
Tactic call close-abstract+autorewrite-regression-quadratic ran for 0.001 secs (0.u,0.s)
Params: n= 12
Tactic call autorewrite-regression-quadratic ran for 0.003 secs (0.003u,0.s) (success)
Tactic call autorewrite-noop-regression-linear ran for 0. secs (0.u,0.s) (success)
Tactic call abstract+autorewrite-regression-quadratic ran for 0.005 secs (0.004u,0.s) (success)
Tactic call close-abstract+autorewrite-regression-quadratic ran for 0.001 secs (0.001u,0.s)
Params: n= 13
Tactic call autorewrite-regression-quadratic ran for 0.003 secs (0.003u,0.s) (success)
Tactic call autorewrite-noop-regression-linear ran for 0. secs (0.u,0.s) (success)
Tactic call abstract+autorewrite-regression-quadratic ran for 0.005 secs (0.005u,0.s) (success)
Tactic call close-abstract+autorewrite-regression-quadratic ran for 0.001 secs (0.001u,0.s)
Params: n= 14
Tactic call autorewrite-regression-quadratic ran for 0.003 secs (0.003u,0.s) (success)
Tactic call autorewrite-noop-regression-linear ran for 0. secs (0.u,0.s) (success)
Tactic call abstract+autorewrite-regression-quadratic ran for 0.006 secs (0.006u,0.s) (success)
Tactic call close-abstract+autorewrite-regression-quadratic ran for 0.002 secs (0.002u,0.s)
Params: n= 15
Tactic call autorewrite-regression-quadratic ran for 0.004 secs (0.004u,0.s) (success)
Tactic call autorewrite-noop-regression-linear ran for 0. secs (0.u,0.s) (success)
Tactic call abstract+autorewrite-regression-quadratic ran for 0.006 secs (0.006u,0.s) (success)
Tactic call close-abstract+autorewrite-regression-quadratic ran for 0.002 secs (0.002u,0.s)
Params: n= 16
Tactic call autorewrite-regression-quadratic ran for 0.004 secs (0.004u,0.s) (success)
Tactic call autorewrite-noop-regression-linear ran for 0. secs (0.u,0.s) (success)
Tactic call abstract+autorewrite-regression-quadratic ran for 0.007 secs (0.007u,0.s) (success)
Tactic call close-abstract+autorewrite-regression-quadratic ran for 0.002 secs (0.002u,0.s)
Params: n= 17
Tactic call autorewrite-regression-quadratic ran for 0.005 secs (0.005u,0.s) (success)
Tactic call autorewrite-noop-regression-linear ran for 0. secs (0.u,0.s) (success)
Tactic call abstract+autorewrite-regression-quadratic ran for 0.008 secs (0.008u,0.s) (success)
Tactic call close-abstract+autorewrite-regression-quadratic ran for 0.002 secs (0.002u,0.s)
Params: n= 18
Tactic call autorewrite-regression-quadratic ran for 0.005 secs (0.005u,0.s) (success)
Tactic call autorewrite-noop-regression-linear ran for 0.001 secs (0.001u,0.s) (success)
Tactic call abstract+autorewrite-regression-quadratic ran for 0.01 secs (0.01u,0.s) (success)
Tactic call close-abstract+autorewrite-regression-quadratic ran for 0.003 secs (0.003u,0.s)
Params: n= 19
Tactic call autorewrite-regression-quadratic ran for 0.006 secs (0.006u,0.s) (success)
Tactic call autorewrite-noop-regression-linear ran for 0. secs (0.u,0.s) (success)
Tactic call abstract+autorewrite-regression-quadratic ran for 0.009 secs (0.009u,0.s) (success)
Tactic call close-abstract+autorewrite-regression-quadratic ran for 0.003 secs (0.003u,0.s)
Params: n= 20
Tactic call autorewrite-regression-quadratic ran for 0.006 secs (0.006u,0.s) (success)
Tactic call autorewrite-noop-regression-linear ran for 0. secs (0.u,0.s) (success)
Tactic call abstract+autorewrite-regression-quadratic ran for 0.01 secs (0.01u,0.s) (success)
Tactic call close-abstract+autorewrite-regression-quadratic ran for 0.003 secs (0.003u,0.s)
Params: n= 21
Tactic call autorewrite-regression-quadratic ran for 0.007 secs (0.007u,0.s) (success)
Tactic call autorewrite-noop-regression-linear ran for 0. secs (0.u,0.s) (success)
Tactic call abstract+autorewrite-regression-quadratic ran for 0.012 secs (0.011u,0.s) (success)
Tactic call close-abstract+autorewrite-regression-quadratic ran for 0.003 secs (0.003u,0.s)
Params: n= 22
Tactic call autorewrite-regression-quadratic ran for 0.007 secs (0.007u,0.s) (success)
Tactic call autorewrite-noop-regression-linear ran for 0. secs (0.u,0.s) (success)
Tactic call abstract+autorewrite-regression-quadratic ran for 0.012 secs (0.012u,0.s) (success)
Tactic call close-abstract+autorewrite-regression-quadratic ran for 0.004 secs (0.004u,0.s)
Params: n= 23
Tactic call autorewrite-regression-quadratic ran for 0.01 secs (0.01u,0.s) (success)
Tactic call autorewrite-noop-regression-linear ran for 0. secs (0.u,0.s) (success)
Tactic call abstract+autorewrite-regression-quadratic ran for 0.015 secs (0.015u,0.s) (success)
Tactic call close-abstract+autorewrite-regression-quadratic ran for 0.004 secs (0.004u,0.s)
Params: n= 24
Tactic call autorewrite-regression-quadratic ran for 0.008 secs (0.008u,0.s) (success)
Tactic call autorewrite-noop-regression-linear ran for 0. secs (0.u,0.s) (success)
Tactic call abstract+autorewrite-regression-quadratic ran for 0.014 secs (0.014u,0.s) (success)
Tactic call close-abstract+autorewrite-regression-quadratic ran for 0.005 secs (0.005u,0.s)
Params: n= 25
Tactic call autorewrite-regression-quadratic ran for 0.009 secs (0.009u,0.s) (success)
Tactic call autorewrite-noop-regression-linear ran for 0. secs (0.u,0.s) (success)
Tactic call abstract+autorewrite-regression-quadratic ran for 0.015 secs (0.015u,0.s) (success)
Tactic call close-abstract+autorewrite-regression-quadratic ran for 0.005 secs (0.005u,0.s)
Params: n= 26
Tactic call autorewrite-regression-quadratic ran for 0.011 secs (0.011u,0.s) (success)
Tactic call autorewrite-noop-regression-linear ran for 0. secs (0.u,0.s) (success)
Tactic call abstract+autorewrite-regression-quadratic ran for 0.017 secs (0.017u,0.s) (success)
Tactic call close-abstract+autorewrite-regression-quadratic ran for 0.005 secs (0.005u,0.s)
Params: n= 27
Tactic call autorewrite-regression-quadratic ran for 0.01 secs (0.01u,0.s) (success)
Tactic call autorewrite-noop-regression-linear ran for 0. secs (0.u,0.s) (success)
Tactic call abstract+autorewrite-regression-quadratic ran for 0.017 secs (0.017u,0.s) (success)
Tactic call close-abstract+autorewrite-regression-quadratic ran for 0.006 secs (0.006u,0.s)
Params: n= 28
Tactic call autorewrite-regression-quadratic ran for 0.011 secs (0.011u,0.s) (success)
Tactic call autorewrite-noop-regression-linear ran for 0. secs (0.u,0.s) (success)
Tactic call abstract+autorewrite-regression-quadratic ran for 0.018 secs (0.018u,0.s) (success)
Tactic call close-abstract+autorewrite-regression-quadratic ran for 0.006 secs (0.006u,0.s)
Params: n= 29
Tactic call autorewrite-regression-quadratic ran for 0.014 secs (0.014u,0.s) (success)
Tactic call autorewrite-noop-regression-linear ran for 0. secs (0.u,0.s) (success)
Tactic call abstract+autorewrite-regression-quadratic ran for 0.022 secs (0.022u,0.s) (success)
Tactic call close-abstract+autorewrite-regression-quadratic ran for 0.007 secs (0.007u,0.s)
Params: n= 30
Tactic call autorewrite-regression-quadratic ran for 0.012 secs (0.012u,0.s) (success)
Tactic call autorewrite-noop-regression-linear ran for 0. secs (0.u,0.s) (success)
Tactic call abstract+autorewrite-regression-quadratic ran for 0.021 secs (0.021u,0.s) (success)
Tactic call close-abstract+autorewrite-regression-quadratic ran for 0.007 secs (0.007u,0.s)
Params: n= 31
Tactic call autorewrite-regression-quadratic ran for 0.014 secs (0.014u,0.s) (success)
Tactic call autorewrite-noop-regression-linear ran for 0. secs (0.u,0.s) (success)
Tactic call abstract+autorewrite-regression-quadratic ran for 0.023 secs (0.023u,0.s) (success)
Tactic call close-abstract+autorewrite-regression-quadratic ran for 0.007 secs (0.007u,0.s)
Params: n= 32
Tactic call autorewrite-regression-quadratic ran for 0.014 secs (0.014u,0.s) (success)
Tactic call autorewrite-noop-regression-linear ran for 0. secs (0.u,0.s) (success)
Tactic call abstract+autorewrite-regression-quadratic ran for 0.023 secs (0.023u,0.s) (success)
Tactic call close-abstract+autorewrite-regression-quadratic ran for 0.008 secs (0.008u,0.s)
Params: n= 33
Tactic call autorewrite-regression-quadratic ran for 0.017 secs (0.017u,0.s) (success)
Tactic call autorewrite-noop-regression-linear ran for 0. secs (0.u,0.s) (success)
Tactic call abstract+autorewrite-regression-quadratic ran for 0.027 secs (0.027u,0.s) (success)
Tactic call close-abstract+autorewrite-regression-quadratic ran for 0.009 secs (0.009u,0.s)
Params: n= 34
Tactic call autorewrite-regression-quadratic ran for 0.015 secs (0.015u,0.s) (success)
Tactic call autorewrite-noop-regression-linear ran for 0. secs (0.u,0.s) (success)
Tactic call abstract+autorewrite-regression-quadratic ran for 0.026 secs (0.026u,0.s) (success)
Tactic call close-abstract+autorewrite-regression-quadratic ran for 0.009 secs (0.009u,0.s)
Params: n= 35
Tactic call autorewrite-regression-quadratic ran for 0.017 secs (0.017u,0.s) (success)
Tactic call autorewrite-noop-regression-linear ran for 0. secs (0.u,0.s) (success)
Tactic call abstract+autorewrite-regression-quadratic ran for 0.028 secs (0.028u,0.s) (success)
Tactic call close-abstract+autorewrite-regression-quadratic ran for 0.009 secs (0.009u,0.s)
Params: n= 36
Tactic call autorewrite-regression-quadratic ran for 0.017 secs (0.017u,0.s) (success)
Tactic call autorewrite-noop-regression-linear ran for 0. secs (0.u,0.s) (success)
Tactic call abstract+autorewrite-regression-quadratic ran for 0.029 secs (0.029u,0.s) (success)
Tactic call close-abstract+autorewrite-regression-quadratic ran for 0.01 secs (0.01u,0.s)
Params: n= 37
Tactic call autorewrite-regression-quadratic ran for 0.02 secs (0.02u,0.s) (success)
Tactic call autorewrite-noop-regression-linear ran for 0. secs (0.u,0.s) (success)
Tactic call abstract+autorewrite-regression-quadratic ran for 0.033 secs (0.033u,0.s) (success)
Tactic call close-abstract+autorewrite-regression-quadratic ran for 0.011 secs (0.011u,0.s)
Params: n= 38
Tactic call autorewrite-regression-quadratic ran for 0.019 secs (0.019u,0.s) (success)
Tactic call autorewrite-noop-regression-linear ran for 0. secs (0.u,0.s) (success)
Tactic call abstract+autorewrite-regression-quadratic ran for 0.032 secs (0.032u,0.s) (success)
Tactic call close-abstract+autorewrite-regression-quadratic ran for 0.012 secs (0.012u,0.s)
Params: n= 39
Tactic call autorewrite-regression-quadratic ran for 0.02 secs (0.02u,0.s) (success)
Tactic call autorewrite-noop-regression-linear ran for 0. secs (0.u,0.s) (success)
Tactic call abstract+autorewrite-regression-quadratic ran for 0.033 secs (0.033u,0.s) (success)
Tactic call close-abstract+autorewrite-regression-quadratic ran for 0.012 secs (0.012u,0.s)
Params: n= 40
Tactic call autorewrite-regression-quadratic ran for 0.022 secs (0.022u,0.s) (success)
Tactic call autorewrite-noop-regression-linear ran for 0. secs (0.u,0.s) (success)
Tactic call abstract+autorewrite-regression-quadratic ran for 0.036 secs (0.036u,0.s) (success)
Tactic call close-abstract+autorewrite-regression-quadratic ran for 0.013 secs (0.013u,0.s)
Params: n= 41
Tactic call autorewrite-regression-quadratic ran for 0.023 secs (0.023u,0.s) (success)
Tactic call autorewrite-noop-regression-linear ran for 0. secs (0.u,0.s) (success)
Tactic call abstract+autorewrite-regression-quadratic ran for 0.038 secs (0.038u,0.s) (success)
Tactic call close-abstract+autorewrite-regression-quadratic ran for 0.013 secs (0.013u,0.s)
Params: n= 42
Tactic call autorewrite-regression-quadratic ran for 0.023 secs (0.023u,0.s) (success)
Tactic call autorewrite-noop-regression-linear ran for 0. secs (0.u,0.s) (success)
Tactic call abstract+autorewrite-regression-quadratic ran for 0.04 secs (0.04u,0.s) (success)
Tactic call close-abstract+autorewrite-regression-quadratic ran for 0.015 secs (0.015u,0.s)
Params: n= 43
Tactic call autorewrite-regression-quadratic ran for 0.024 secs (0.024u,0.s) (success)
Tactic call autorewrite-noop-regression-linear ran for 0. secs (0.u,0.s) (success)
Tactic call abstract+autorewrite-regression-quadratic ran for 0.04 secs (0.04u,0.s) (success)
Tactic call close-abstract+autorewrite-regression-quadratic ran for 0.014 secs (0.014u,0.s)
Params: n= 44
Tactic call autorewrite-regression-quadratic ran for 0.025 secs (0.025u,0.s) (success)
Tactic call autorewrite-noop-regression-linear ran for 0. secs (0.u,0.s) (success)
Tactic call abstract+autorewrite-regression-quadratic ran for 0.042 secs (0.042u,0.s) (success)
Tactic call close-abstract+autorewrite-regression-quadratic ran for 0.015 secs (0.015u,0.s)
Params: n= 45
Tactic call autorewrite-regression-quadratic ran for 0.026 secs (0.026u,0.s) (success)
Tactic call autorewrite-noop-regression-linear ran for 0. secs (0.u,0.s) (success)
Tactic call abstract+autorewrite-regression-quadratic ran for 0.044 secs (0.044u,0.s) (success)
Tactic call close-abstract+autorewrite-regression-quadratic ran for 0.016 secs (0.016u,0.s)
Params: n= 46
Tactic call autorewrite-regression-quadratic ran for 0.028 secs (0.028u,0.s) (success)
Tactic call autorewrite-noop-regression-linear ran for 0. secs (0.u,0.s) (success)
Tactic call abstract+autorewrite-regression-quadratic ran for 0.046 secs (0.046u,0.s) (success)
Tactic call close-abstract+autorewrite-regression-quadratic ran for 0.016 secs (0.016u,0.s)
Params: n= 47
Tactic call autorewrite-regression-quadratic ran for 0.03 secs (0.03u,0.s) (success)
Tactic call autorewrite-noop-regression-linear ran for 0. secs (0.u,0.s) (success)
Tactic call abstract+autorewrite-regression-quadratic ran for 0.049 secs (0.049u,0.s) (success)
Tactic call close-abstract+autorewrite-regression-quadratic ran for 0.017 secs (0.017u,0.s)
Params: n= 48
Tactic call autorewrite-regression-quadratic ran for 0.031 secs (0.031u,0.s) (success)
Tactic call autorewrite-noop-regression-linear ran for 0. secs (0.u,0.s) (success)
Tactic call abstract+autorewrite-regression-quadratic ran for 0.05 secs (0.05u,0.s) (success)
Tactic call close-abstract+autorewrite-regression-quadratic ran for 0.018 secs (0.018u,0.s)
Params: n= 49
Tactic call autorewrite-regression-quadratic ran for 0.033 secs (0.033u,0.s) (success)
Tactic call autorewrite-noop-regression-linear ran for 0. secs (0.u,0.s) (success)
Tactic call abstract+autorewrite-regression-quadratic ran for 0.053 secs (0.053u,0.s) (success)
Tactic call close-abstract+autorewrite-regression-quadratic ran for 0.019 secs (0.019u,0.s)
Params: n= 51
Tactic call autorewrite-regression-quadratic ran for 0.034 secs (0.034u,0.s) (success)
Tactic call autorewrite-noop-regression-linear ran for 0. secs (0.u,0.s) (success)
Tactic call abstract+autorewrite-regression-quadratic ran for 0.056 secs (0.056u,0.s) (success)
Tactic call close-abstract+autorewrite-regression-quadratic ran for 0.02 secs (0.02u,0.s)
Params: n= 52
Tactic call autorewrite-regression-quadratic ran for 0.036 secs (0.036u,0.s) (success)
Tactic call autorewrite-noop-regression-linear ran for 0. secs (0.u,0.s) (success)
Tactic call abstract+autorewrite-regression-quadratic ran for 0.058 secs (0.058u,0.s) (success)
Tactic call close-abstract+autorewrite-regression-quadratic ran for 0.021 secs (0.021u,0.s)
Params: n= 53
Tactic call autorewrite-regression-quadratic ran for 0.036 secs (0.036u,0.s) (success)
Tactic call autorewrite-noop-regression-linear ran for 0. secs (0.u,0.s) (success)
Tactic call abstract+autorewrite-regression-quadratic ran for 0.061 secs (0.061u,0.s) (success)
Tactic call close-abstract+autorewrite-regression-quadratic ran for 0.023 secs (0.023u,0.s)
Params: n= 54
Tactic call autorewrite-regression-quadratic ran for 0.036 secs (0.036u,0.s) (success)
Tactic call autorewrite-noop-regression-linear ran for 0. secs (0.u,0.s) (success)
Tactic call abstract+autorewrite-regression-quadratic ran for 0.062 secs (0.062u,0.s) (success)
Tactic call close-abstract+autorewrite-regression-quadratic ran for 0.024 secs (0.024u,0.s)
Params: n= 55
Tactic call autorewrite-regression-quadratic ran for 0.039 secs (0.039u,0.s) (success)
Tactic call autorewrite-noop-regression-linear ran for 0. secs (0.u,0.s) (success)
Tactic call abstract+autorewrite-regression-quadratic ran for 0.065 secs (0.065u,0.s) (success)
Tactic call close-abstract+autorewrite-regression-quadratic ran for 0.023 secs (0.023u,0.s)
Params: n= 56
Tactic call autorewrite-regression-quadratic ran for 0.04 secs (0.04u,0.s) (success)
Tactic call autorewrite-noop-regression-linear ran for 0. secs (0.u,0.s) (success)
Tactic call abstract+autorewrite-regression-quadratic ran for 0.066 secs (0.066u,0.s) (success)
Tactic call close-abstract+autorewrite-regression-quadratic ran for 0.024 secs (0.024u,0.s)
Params: n= 57
Tactic call autorewrite-regression-quadratic ran for 0.042 secs (0.042u,0.s) (success)
Tactic call autorewrite-noop-regression-linear ran for 0. secs (0.u,0.s) (success)
Tactic call abstract+autorewrite-regression-quadratic ran for 0.07 secs (0.07u,0.s) (success)
Tactic call close-abstract+autorewrite-regression-quadratic ran for 0.026 secs (0.026u,0.s)
Params: n= 58
Tactic call autorewrite-regression-quadratic ran for 0.043 secs (0.043u,0.s) (success)
Tactic call autorewrite-noop-regression-linear ran for 0. secs (0.u,0.s) (success)
Tactic call abstract+autorewrite-regression-quadratic ran for 0.071 secs (0.071u,0.s) (success)
Tactic call close-abstract+autorewrite-regression-quadratic ran for 0.026 secs (0.026u,0.s)
Params: n= 59
Tactic call autorewrite-regression-quadratic ran for 0.044 secs (0.044u,0.s) (success)
Tactic call autorewrite-noop-regression-linear ran for 0. secs (0.u,0.s) (success)
Tactic call abstract+autorewrite-regression-quadratic ran for 0.075 secs (0.075u,0.s) (success)
Tactic call close-abstract+autorewrite-regression-quadratic ran for 0.029 secs (0.029u,0.s)
Params: n= 60
Tactic call autorewrite-regression-quadratic ran for 0.046 secs (0.046u,0.s) (success)
Tactic call autorewrite-noop-regression-linear ran for 0. secs (0.u,0.s) (success)
Tactic call abstract+autorewrite-regression-quadratic ran for 0.075 secs (0.075u,0.s) (success)
Tactic call close-abstract+autorewrite-regression-quadratic ran for 0.027 secs (0.027u,0.s)
Params: n= 61
Tactic call autorewrite-regression-quadratic ran for 0.048 secs (0.048u,0.s) (success)
Tactic call autorewrite-noop-regression-linear ran for 0. secs (0.u,0.s) (success)
Tactic call abstract+autorewrite-regression-quadratic ran for 0.081 secs (0.081u,0.s) (success)
Tactic call close-abstract+autorewrite-regression-quadratic ran for 0.03 secs (0.03u,0.s)
Params: n= 62
Tactic call autorewrite-regression-quadratic ran for 0.048 secs (0.048u,0.s) (success)
Tactic call autorewrite-noop-regression-linear ran for 0. secs (0.u,0.s) (success)
Tactic call abstract+autorewrite-regression-quadratic ran for 0.08 secs (0.08u,0.s) (success)
Tactic call close-abstract+autorewrite-regression-quadratic ran for 0.03 secs (0.03u,0.s)
Params: n= 63
Tactic call autorewrite-regression-quadratic ran for 0.049 secs (0.049u,0.s) (success)
Tactic call autorewrite-noop-regression-linear ran for 0. secs (0.u,0.s) (success)
Tactic call abstract+autorewrite-regression-quadratic ran for 0.082 secs (0.082u,0.s) (success)
Tactic call close-abstract+autorewrite-regression-quadratic ran for 0.032 secs (0.032u,0.s)
Params: n= 64
Tactic call autorewrite-regression-quadratic ran for 0.051 secs (0.051u,0.s) (success)
Tactic call autorewrite-noop-regression-linear ran for 0. secs (0.u,0.s) (success)
Tactic call abstract+autorewrite-regression-quadratic ran for 0.087 secs (0.087u,0.s) (success)
Tactic call close-abstract+autorewrite-regression-quadratic ran for 0.034 secs (0.034u,0.s)
Params: n= 65
Tactic call autorewrite-regression-quadratic ran for 0.053 secs (0.053u,0.s) (success)
Tactic call autorewrite-noop-regression-linear ran for 0. secs (0.u,0.s) (success)
Tactic call abstract+autorewrite-regression-quadratic ran for 0.088 secs (0.088u,0.s) (success)
Tactic call close-abstract+autorewrite-regression-quadratic ran for 0.032 secs (0.032u,0.s)
Params: n= 66
Tactic call autorewrite-regression-quadratic ran for 0.058 secs (0.058u,0.s) (success)
Tactic call autorewrite-noop-regression-linear ran for 0. secs (0.u,0.s) (success)
Tactic call abstract+autorewrite-regression-quadratic ran for 0.093 secs (0.093u,0.s) (success)
Tactic call close-abstract+autorewrite-regression-quadratic ran for 0.033 secs (0.033u,0.s)
Params: n= 67
Tactic call autorewrite-regression-quadratic ran for 0.058 secs (0.058u,0.s) (success)
Tactic call autorewrite-noop-regression-linear ran for 0. secs (0.u,0.s) (success)
Tactic call abstract+autorewrite-regression-quadratic ran for 0.096 secs (0.096u,0.s) (success)
Tactic call close-abstract+autorewrite-regression-quadratic ran for 0.036 secs (0.036u,0.s)
Params: n= 68
Tactic call autorewrite-regression-quadratic ran for 0.058 secs (0.058u,0.s) (success)
Tactic call autorewrite-noop-regression-linear ran for 0. secs (0.u,0.s) (success)
Tactic call abstract+autorewrite-regression-quadratic ran for 0.097 secs (0.097u,0.s) (success)
Tactic call close-abstract+autorewrite-regression-quadratic ran for 0.037 secs (0.037u,0.s)
Params: n= 69
Tactic call autorewrite-regression-quadratic ran for 0.06 secs (0.06u,0.s) (success)
Tactic call autorewrite-noop-regression-linear ran for 0. secs (0.u,0.s) (success)
Tactic call abstract+autorewrite-regression-quadratic ran for 0.1 secs (0.1u,0.s) (success)
Tactic call close-abstract+autorewrite-regression-quadratic ran for 0.039 secs (0.039u,0.s)
Params: n= 70
Tactic call autorewrite-regression-quadratic ran for 0.061 secs (0.061u,0.s) (success)
Tactic call autorewrite-noop-regression-linear ran for 0. secs (0.u,0.s) (success)
Tactic call abstract+autorewrite-regression-quadratic ran for 0.103 secs (0.103u,0.s) (success)
Tactic call close-abstract+autorewrite-regression-quadratic ran for 0.039 secs (0.039u,0.s)
Params: n= 71
Tactic call autorewrite-regression-quadratic ran for 0.063 secs (0.063u,0.s) (success)
Tactic call autorewrite-noop-regression-linear ran for 0. secs (0.u,0.s) (success)
Tactic call abstract+autorewrite-regression-quadratic ran for 0.106 secs (0.103u,0.003s) (success)
Tactic call close-abstract+autorewrite-regression-quadratic ran for 0.041 secs (0.038u,0.003s)
Params: n= 72
Tactic call autorewrite-regression-quadratic ran for 0.064 secs (0.064u,0.s) (success)
Tactic call autorewrite-noop-regression-linear ran for 0. secs (0.u,0.s) (success)
Tactic call abstract+autorewrite-regression-quadratic ran for 0.108 secs (0.108u,0.s) (success)
Tactic call close-abstract+autorewrite-regression-quadratic ran for 0.042 secs (0.042u,0.s)
Params: n= 73
Tactic call autorewrite-regression-quadratic ran for 0.069 secs (0.069u,0.s) (success)
Tactic call autorewrite-noop-regression-linear ran for 0. secs (0.u,0.s) (success)
Tactic call abstract+autorewrite-regression-quadratic ran for 0.112 secs (0.112u,0.s) (success)
Tactic call close-abstract+autorewrite-regression-quadratic ran for 0.041 secs (0.041u,0.s)
Params: n= 74
Tactic call autorewrite-regression-quadratic ran for 0.073 secs (0.073u,0.s) (success)
Tactic call autorewrite-noop-regression-linear ran for 0. secs (0.u,0.s) (success)
Tactic call abstract+autorewrite-regression-quadratic ran for 0.12 secs (0.12u,0.s) (success)
Tactic call close-abstract+autorewrite-regression-quadratic ran for 0.045 secs (0.045u,0.s)
Params: n= 75
Tactic call autorewrite-regression-quadratic ran for 0.069 secs (0.069u,0.s) (success)
Tactic call autorewrite-noop-regression-linear ran for 0. secs (0.u,0.s) (success)
Tactic call abstract+autorewrite-regression-quadratic ran for 0.117 secs (0.117u,0.s) (success)
Tactic call close-abstract+autorewrite-regression-quadratic ran for 0.046 secs (0.046u,0.s)
Params: n= 76
Tactic call autorewrite-regression-quadratic ran for 0.07 secs (0.07u,0.s) (success)
Tactic call autorewrite-noop-regression-linear ran for 0. secs (0.u,0.s) (success)
Tactic call abstract+autorewrite-regression-quadratic ran for 0.12 secs (0.12u,0.s) (success)
Tactic call close-abstract+autorewrite-regression-quadratic ran for 0.048 secs (0.048u,0.s)
Params: n= 77
Tactic call autorewrite-regression-quadratic ran for 0.073 secs (0.073u,0.s) (success)
Tactic call autorewrite-noop-regression-linear ran for 0. secs (0.u,0.s) (success)
Tactic call abstract+autorewrite-regression-quadratic ran for 0.122 secs (0.122u,0.s) (success)
Tactic call close-abstract+autorewrite-regression-quadratic ran for 0.047 secs (0.047u,0.s)
Params: n= 78
Tactic call autorewrite-regression-quadratic ran for 0.074 secs (0.074u,0.s) (success)
Tactic call autorewrite-noop-regression-linear ran for 0. secs (0.u,0.s) (success)
Tactic call abstract+autorewrite-regression-quadratic ran for 0.124 secs (0.124u,0.s) (success)
Tactic call close-abstract+autorewrite-regression-quadratic ran for 0.048 secs (0.048u,0.s)
Params: n= 79
Tactic call autorewrite-regression-quadratic ran for 0.08 secs (0.08u,0.s) (success)
Tactic call autorewrite-noop-regression-linear ran for 0.001 secs (0.u,0.s) (success)
Tactic call abstract+autorewrite-regression-quadratic ran for 0.136 secs (0.136u,0.s) (success)
Tactic call close-abstract+autorewrite-regression-quadratic ran for 0.053 secs (0.053u,0.s)
Params: n= 80
Tactic call autorewrite-regression-quadratic ran for 0.078 secs (0.078u,0.s) (success)
Tactic call autorewrite-noop-regression-linear ran for 0.001 secs (0.001u,0.s) (success)
Tactic call abstract+autorewrite-regression-quadratic ran for 0.132 secs (0.132u,0.s) (success)
Tactic call close-abstract+autorewrite-regression-quadratic ran for 0.052 secs (0.052u,0.s)
Params: n= 81
Tactic call autorewrite-regression-quadratic ran for 0.079 secs (0.079u,0.s) (success)
Tactic call autorewrite-noop-regression-linear ran for 0.001 secs (0.001u,0.s) (success)
Tactic call abstract+autorewrite-regression-quadratic ran for 0.134 secs (0.134u,0.s) (success)
Tactic call close-abstract+autorewrite-regression-quadratic ran for 0.052 secs (0.052u,0.s)
Params: n= 82
Tactic call autorewrite-regression-quadratic ran for 0.087 secs (0.087u,0.s) (success)
Tactic call autorewrite-noop-regression-linear ran for 0.001 secs (0.001u,0.s) (success)
Tactic call abstract+autorewrite-regression-quadratic ran for 0.146 secs (0.146u,0.s) (success)
Tactic call close-abstract+autorewrite-regression-quadratic ran for 0.057 secs (0.057u,0.s)
Params: n= 83
Tactic call autorewrite-regression-quadratic ran for 0.086 secs (0.086u,0.s) (success)
Tactic call autorewrite-noop-regression-linear ran for 0.001 secs (0.001u,0.s) (success)
Tactic call abstract+autorewrite-regression-quadratic ran for 0.143 secs (0.143u,0.s) (success)
Tactic call close-abstract+autorewrite-regression-quadratic ran for 0.054 secs (0.054u,0.s)
Params: n= 84
Tactic call autorewrite-regression-quadratic ran for 0.084 secs (0.084u,0.s) (success)
Tactic call autorewrite-noop-regression-linear ran for 0.001 secs (0.001u,0.s) (success)
Tactic call abstract+autorewrite-regression-quadratic ran for 0.144 secs (0.144u,0.s) (success)
Tactic call close-abstract+autorewrite-regression-quadratic ran for 0.058 secs (0.058u,0.s)
Params: n= 85
Tactic call autorewrite-regression-quadratic ran for 0.088 secs (0.088u,0.s) (success)
Tactic call autorewrite-noop-regression-linear ran for 0.001 secs (0.001u,0.s) (success)
Tactic call abstract+autorewrite-regression-quadratic ran for 0.145 secs (0.145u,0.s) (success)
Tactic call close-abstract+autorewrite-regression-quadratic ran for 0.053 secs (0.053u,0.s)
Params: n= 86
Tactic call autorewrite-regression-quadratic ran for 0.088 secs (0.088u,0.s) (success)
Tactic call autorewrite-noop-regression-linear ran for 0.001 secs (0.001u,0.s) (success)
Tactic call abstract+autorewrite-regression-quadratic ran for 0.147 secs (0.147u,0.s) (success)
Tactic call close-abstract+autorewrite-regression-quadratic ran for 0.056 secs (0.056u,0.s)
Params: n= 87
Tactic call autorewrite-regression-quadratic ran for 0.093 secs (0.093u,0.s) (success)
Tactic call autorewrite-noop-regression-linear ran for 0.001 secs (0.001u,0.s) (success)
Tactic call abstract+autorewrite-regression-quadratic ran for 0.153 secs (0.153u,0.s) (success)
Tactic call close-abstract+autorewrite-regression-quadratic ran for 0.057 secs (0.057u,0.s)
Params: n= 88
Tactic call autorewrite-regression-quadratic ran for 0.095 secs (0.095u,0.s) (success)
Tactic call autorewrite-noop-regression-linear ran for 0.001 secs (0.001u,0.s) (success)
Tactic call abstract+autorewrite-regression-quadratic ran for 0.157 secs (0.157u,0.s) (success)
Tactic call close-abstract+autorewrite-regression-quadratic ran for 0.059 secs (0.059u,0.s)
Params: n= 89
Tactic call autorewrite-regression-quadratic ran for 0.097 secs (0.097u,0.s) (success)
Tactic call autorewrite-noop-regression-linear ran for 0.001 secs (0.001u,0.s) (success)
Tactic call abstract+autorewrite-regression-quadratic ran for 0.16 secs (0.16u,0.s) (success)
Tactic call close-abstract+autorewrite-regression-quadratic ran for 0.06 secs (0.06u,0.s)
Params: n= 90
Tactic call autorewrite-regression-quadratic ran for 0.1 secs (0.1u,0.s) (success)
Tactic call autorewrite-noop-regression-linear ran for 0.001 secs (0.001u,0.s) (success)
Tactic call abstract+autorewrite-regression-quadratic ran for 0.164 secs (0.164u,0.s) (success)
Tactic call close-abstract+autorewrite-regression-quadratic ran for 0.062 secs (0.062u,0.s)
Params: n= 91
Tactic call autorewrite-regression-quadratic ran for 0.099 secs (0.099u,0.s) (success)
Tactic call autorewrite-noop-regression-linear ran for 0.001 secs (0.001u,0.s) (success)
Tactic call abstract+autorewrite-regression-quadratic ran for 0.167 secs (0.167u,0.s) (success)
Tactic call close-abstract+autorewrite-regression-quadratic ran for 0.065 secs (0.065u,0.s)
Params: n= 92
Tactic call autorewrite-regression-quadratic ran for 0.103 secs (0.103u,0.s) (success)
Tactic call autorewrite-noop-regression-linear ran for 0.001 secs (0.001u,0.s) (success)
Tactic call abstract+autorewrite-regression-quadratic ran for 0.17 secs (0.17u,0.s) (success)
Tactic call close-abstract+autorewrite-regression-quadratic ran for 0.064 secs (0.064u,0.s)
Params: n= 93
Tactic call autorewrite-regression-quadratic ran for 0.106 secs (0.106u,0.s) (success)
Tactic call autorewrite-noop-regression-linear ran for 0.001 secs (0.001u,0.s) (success)
Tactic call abstract+autorewrite-regression-quadratic ran for 0.176 secs (0.176u,0.s) (success)
Tactic call close-abstract+autorewrite-regression-quadratic ran for 0.067 secs (0.067u,0.s)
Params: n= 94
Tactic call autorewrite-regression-quadratic ran for 0.109 secs (0.109u,0.s) (success)
Tactic call autorewrite-noop-regression-linear ran for 0.001 secs (0.001u,0.s) (success)
Tactic call abstract+autorewrite-regression-quadratic ran for 0.179 secs (0.179u,0.s) (success)
Tactic call close-abstract+autorewrite-regression-quadratic ran for 0.067 secs (0.067u,0.s)
Params: n= 95
Tactic call autorewrite-regression-quadratic ran for 0.108 secs (0.108u,0.s) (success)
Tactic call autorewrite-noop-regression-linear ran for 0.001 secs (0.001u,0.s) (success)
Tactic call abstract+autorewrite-regression-quadratic ran for 0.181 secs (0.181u,0.s) (success)
Tactic call close-abstract+autorewrite-regression-quadratic ran for 0.07 secs (0.07u,0.s)
Params: n= 96
Tactic call autorewrite-regression-quadratic ran for 0.111 secs (0.111u,0.s) (success)
Tactic call autorewrite-noop-regression-linear ran for 0.001 secs (0.001u,0.s) (success)
Tactic call abstract+autorewrite-regression-quadratic ran for 0.185 secs (0.185u,0.s) (success)
Tactic call close-abstract+autorewrite-regression-quadratic ran for 0.07 secs (0.07u,0.s)
Params: n= 97
Tactic call autorewrite-regression-quadratic ran for 0.116 secs (0.113u,0.003s) (success)
Tactic call autorewrite-noop-regression-linear ran for 0.001 secs (0.001u,0.s) (success)
Tactic call abstract+autorewrite-regression-quadratic ran for 0.191 secs (0.187u,0.003s) (success)
Tactic call close-abstract+autorewrite-regression-quadratic ran for 0.072 secs (0.072u,0.s)
Params: n= 98
Tactic call autorewrite-regression-quadratic ran for 0.118 secs (0.118u,0.s) (success)
Tactic call autorewrite-noop-regression-linear ran for 0.001 secs (0.001u,0.s) (success)
Tactic call abstract+autorewrite-regression-quadratic ran for 0.194 secs (0.194u,0.s) (success)
Tactic call close-abstract+autorewrite-regression-quadratic ran for 0.073 secs (0.073u,0.s)
Params: n= 99
Tactic call autorewrite-regression-quadratic ran for 0.121 secs (0.121u,0.s) (success)
Tactic call autorewrite-noop-regression-linear ran for 0.001 secs (0.001u,0.s) (success)
Tactic call abstract+autorewrite-regression-quadratic ran for 0.198 secs (0.198u,0.s) (success)
Tactic call close-abstract+autorewrite-regression-quadratic ran for 0.075 secs (0.075u,0.s)
Params: n= 110
Tactic call autorewrite-regression-quadratic ran for 0.148 secs (0.148u,0.s) (success)
Tactic call autorewrite-noop-regression-linear ran for 0.001 secs (0.001u,0.s) (success)
Tactic call abstract+autorewrite-regression-quadratic ran for 0.248 secs (0.244u,0.003s) (success)
Tactic call close-abstract+autorewrite-regression-quadratic ran for 0.097 secs (0.093u,0.003s)
Params: n= 120
Tactic call autorewrite-regression-quadratic ran for 0.185 secs (0.181u,0.004s) (success)
Tactic call autorewrite-noop-regression-linear ran for 0.001 secs (0.001u,0.s) (success)
Tactic call abstract+autorewrite-regression-quadratic ran for 0.305 secs (0.301u,0.004s) (success)
Tactic call close-abstract+autorewrite-regression-quadratic ran for 0.117 secs (0.117u,0.s)
Params: n= 130
Tactic call autorewrite-regression-quadratic ran for 0.214 secs (0.214u,0.s) (success)
Tactic call autorewrite-noop-regression-linear ran for 0.001 secs (0.001u,0.s) (success)
Tactic call abstract+autorewrite-regression-quadratic ran for 0.357 secs (0.357u,0.s) (success)
Tactic call close-abstract+autorewrite-regression-quadratic ran for 0.139 secs (0.139u,0.s)
Params: n= 140
Tactic call autorewrite-regression-quadratic ran for 0.252 secs (0.252u,0.s) (success)
Tactic call autorewrite-noop-regression-linear ran for 0.002 secs (0.002u,0.s) (success)
Tactic call abstract+autorewrite-regression-quadratic ran for 0.413 secs (0.413u,0.s) (success)
Tactic call close-abstract+autorewrite-regression-quadratic ran for 0.157 secs (0.157u,0.s)
Params: n= 160
Tactic call autorewrite-regression-quadratic ran for 0.334 secs (0.33u,0.003s) (success)
Tactic call autorewrite-noop-regression-linear ran for 0.002 secs (0.002u,0.s) (success)
Tactic call abstract+autorewrite-regression-quadratic ran for 0.547 secs (0.539u,0.007s) (success)
Tactic call close-abstract+autorewrite-regression-quadratic ran for 0.209 secs (0.205u,0.004s)
Params: n= 170
Tactic call autorewrite-regression-quadratic ran for 0.373 secs (0.369u,0.003s) (success)
Tactic call autorewrite-noop-regression-linear ran for 0.002 secs (0.002u,0.s) (success)
Tactic call abstract+autorewrite-regression-quadratic ran for 0.619 secs (0.615u,0.003s) (success)
Tactic call close-abstract+autorewrite-regression-quadratic ran for 0.241 secs (0.241u,0.s)
Params: n= 180
Tactic call autorewrite-regression-quadratic ran for 0.405 secs (0.405u,0.s) (success)
Tactic call autorewrite-noop-regression-linear ran for 0.002 secs (0.002u,0.s) (success)
Tactic call abstract+autorewrite-regression-quadratic ran for 0.659 secs (0.659u,0.s) (success)
Tactic call close-abstract+autorewrite-regression-quadratic ran for 0.25 secs (0.25u,0.s)
Params: n= 190
Tactic call autorewrite-regression-quadratic ran for 0.461 secs (0.461u,0.s) (success)
Tactic call autorewrite-noop-regression-linear ran for 0.003 secs (0.003u,0.s) (success)
Tactic call abstract+autorewrite-regression-quadratic ran for 0.744 secs (0.74u,0.003s) (success)
Tactic call close-abstract+autorewrite-regression-quadratic ran for 0.278 secs (0.274u,0.003s)
Params: n= 210
Tactic call autorewrite-regression-quadratic ran for 0.569 secs (0.569u,0.s) (success)
Tactic call autorewrite-noop-regression-linear ran for 0.003 secs (0.003u,0.s) (success)
Tactic call abstract+autorewrite-regression-quadratic ran for 0.909 secs (0.909u,0.s) (success)
Tactic call close-abstract+autorewrite-regression-quadratic ran for 0.335 secs (0.335u,0.s)
Params: n= 220
Tactic call autorewrite-regression-quadratic ran for 0.623 secs (0.623u,0.s) (success)
Tactic call autorewrite-noop-regression-linear ran for 0.003 secs (0.003u,0.s) (success)
Tactic call abstract+autorewrite-regression-quadratic ran for 1.017 secs (1.017u,0.s) (success)
Tactic call close-abstract+autorewrite-regression-quadratic ran for 0.388 secs (0.388u,0.s)
Params: n= 230
Tactic call autorewrite-regression-quadratic ran for 0.713 secs (0.713u,0.s) (success)
Tactic call autorewrite-noop-regression-linear ran for 0.004 secs (0.004u,0.s) (success)
Tactic call abstract+autorewrite-regression-quadratic ran for 1.155 secs (1.155u,0.s) (success)
Tactic call close-abstract+autorewrite-regression-quadratic ran for 0.436 secs (0.436u,0.s)
Params: n= 240
Tactic call autorewrite-regression-quadratic ran for 0.777 secs (0.777u,0.s) (success)
Tactic call autorewrite-noop-regression-linear ran for 0.004 secs (0.004u,0.s) (success)
Tactic call abstract+autorewrite-regression-quadratic ran for 1.244 secs (1.24u,0.003s) (success)
Tactic call close-abstract+autorewrite-regression-quadratic ran for 0.461 secs (0.457u,0.003s)
Params: n= 260
Tactic call autorewrite-regression-quadratic ran for 0.906 secs (0.902u,0.003s) (success)
Tactic call autorewrite-noop-regression-linear ran for 0.004 secs (0.004u,0.s) (success)
Tactic call abstract+autorewrite-regression-quadratic ran for 1.434 secs (1.43u,0.004s) (success)
Tactic call close-abstract+autorewrite-regression-quadratic ran for 0.522 secs (0.522u,0.s)
Params: n= 270
Tactic call autorewrite-regression-quadratic ran for 0.977 secs (0.973u,0.003s) (success)
Tactic call autorewrite-noop-regression-linear ran for 0.005 secs (0.004u,0.s) (success)
Tactic call abstract+autorewrite-regression-quadratic ran for 1.529 secs (1.524u,0.003s) (success)
Tactic call close-abstract+autorewrite-regression-quadratic ran for 0.545 secs (0.544u,0.s)
Params: n= 280
Tactic call autorewrite-regression-quadratic ran for 0.978 secs (0.977u,0.s) (success)
Tactic call autorewrite-noop-regression-linear ran for 0.004 secs (0.004u,0.s) (success)
Tactic call abstract+autorewrite-regression-quadratic ran for 1.569 secs (1.568u,0.s) (success)
Tactic call close-abstract+autorewrite-regression-quadratic ran for 0.584 secs (0.584u,0.s)
Params: n= 290
Tactic call autorewrite-regression-quadratic ran for 1.068 secs (1.068u,0.s) (success)
Tactic call autorewrite-noop-regression-linear ran for 0.004 secs (0.004u,0.s) (success)
Tactic call abstract+autorewrite-regression-quadratic ran for 1.67 secs (1.67u,0.s) (success)
Tactic call close-abstract+autorewrite-regression-quadratic ran for 0.595 secs (0.595u,0.s)
Params: n= 310
Tactic call autorewrite-regression-quadratic ran for 1.209 secs (1.209u,0.s) (success)
Tactic call autorewrite-noop-regression-linear ran for 0.005 secs (0.005u,0.s) (success)
Tactic call abstract+autorewrite-regression-quadratic ran for 1.893 secs (1.893u,0.s) (success)
Tactic call close-abstract+autorewrite-regression-quadratic ran for 0.676 secs (0.676u,0.s)
Params: n= 320
Tactic call autorewrite-regression-quadratic ran for 1.301 secs (1.301u,0.s) (success)
Tactic call autorewrite-noop-regression-linear ran for 0.005 secs (0.005u,0.s) (success)
Tactic call abstract+autorewrite-regression-quadratic ran for 2.077 secs (2.077u,0.s) (success)
Tactic call close-abstract+autorewrite-regression-quadratic ran for 0.768 secs (0.768u,0.s)
Params: n= 330
Tactic call autorewrite-regression-quadratic ran for 1.476 secs (1.476u,0.s) (success)
Tactic call autorewrite-noop-regression-linear ran for 0.006 secs (0.006u,0.s) (success)
Tactic call abstract+autorewrite-regression-quadratic ran for 2.247 secs (2.247u,0.s) (success)
Tactic call close-abstract+autorewrite-regression-quadratic ran for 0.763 secs (0.763u,0.s)
Params: n= 340
Tactic call autorewrite-regression-quadratic ran for 1.498 secs (1.498u,0.s) (success)
Tactic call autorewrite-noop-regression-linear ran for 0.006 secs (0.006u,0.s) (success)
Tactic call abstract+autorewrite-regression-quadratic ran for 2.337 secs (2.337u,0.s) (success)
Tactic call close-abstract+autorewrite-regression-quadratic ran for 0.83 secs (0.83u,0.s)
Params: n= 360
Tactic call autorewrite-regression-quadratic ran for 1.713 secs (1.712u,0.s) (success)
Tactic call autorewrite-noop-regression-linear ran for 0.006 secs (0.006u,0.s) (success)
Tactic call abstract+autorewrite-regression-quadratic ran for 2.785 secs (2.785u,0.s) (success)
Tactic call close-abstract+autorewrite-regression-quadratic ran for 1.064 secs (1.064u,0.s)
Params: n= 370
Tactic call autorewrite-regression-quadratic ran for 1.816 secs (1.816u,0.s) (success)
Tactic call autorewrite-noop-regression-linear ran for 0.007 secs (0.007u,0.s) (success)
Tactic call abstract+autorewrite-regression-quadratic ran for 2.796 secs (2.795u,0.s) (success)
Tactic call close-abstract+autorewrite-regression-quadratic ran for 0.971 secs (0.97u,0.s)
Params: n= 380
Tactic call autorewrite-regression-quadratic ran for 1.909 secs (1.908u,0.001s) (success)
Tactic call autorewrite-noop-regression-linear ran for 0.007 secs (0.007u,0.s) (success)
Tactic call abstract+autorewrite-regression-quadratic ran for 3.001 secs (2.998u,0.002s) (success)
Tactic call close-abstract+autorewrite-regression-quadratic ran for 1.082 secs (1.082u,0.s)
Params: n= 390
Tactic call autorewrite-regression-quadratic ran for 2.072 secs (2.072u,0.s) (success)
Tactic call autorewrite-noop-regression-linear ran for 0.007 secs (0.007u,0.s) (success)
Tactic call abstract+autorewrite-regression-quadratic ran for 3.153 secs (3.152u,0.s) (success)
Tactic call close-abstract+autorewrite-regression-quadratic ran for 1.071 secs (1.071u,0.s)
