Params: n= 50
Tactic call autorewrite-regression-quadratic ran for 0.104 secs (0.051u,0.052s) (success)
Tactic call autorewrite-noop-regression-linear ran for 0. secs (0.u,0.s) (success)
Tactic call abstract+autorewrite-regression-quadratic ran for 0.133 secs (0.08u,0.052s) (success)
Tactic call close-abstract+autorewrite-regression-quadratic ran for 0.027 secs (0.027u,0.s)
Params: n= 100
Tactic call autorewrite-regression-quadratic ran for 0.151 secs (0.151u,0.s) (success)
Tactic call autorewrite-noop-regression-linear ran for 0.001 secs (0.001u,0.s) (success)
Tactic call abstract+autorewrite-regression-quadratic ran for 0.274 secs (0.271u,0.003s) (success)
Tactic call close-abstract+autorewrite-regression-quadratic ran for 0.12 secs (0.117u,0.003s)
Params: n= 150
Tactic call autorewrite-regression-quadratic ran for 0.347 secs (0.346u,0.s) (success)
Tactic call autorewrite-noop-regression-linear ran for 0.002 secs (0.002u,0.s) (success)
Tactic call abstract+autorewrite-regression-quadratic ran for 0.608 secs (0.607u,0.s) (success)
Tactic call close-abstract+autorewrite-regression-quadratic ran for 0.258 secs (0.258u,0.s)
Params: n= 200
Tactic call autorewrite-regression-quadratic ran for 0.623 secs (0.62u,0.003s) (success)
Tactic call autorewrite-noop-regression-linear ran for 0.003 secs (0.003u,0.s) (success)
Tactic call abstract+autorewrite-regression-quadratic ran for 1.081 secs (1.072u,0.007s) (success)
Tactic call close-abstract+autorewrite-regression-quadratic ran for 0.452 secs (0.448u,0.003s)
Params: n= 250
Tactic call autorewrite-regression-quadratic ran for 1.002 secs (1.002u,0.s) (success)
Tactic call autorewrite-noop-regression-linear ran for 0.004 secs (0.004u,0.s) (success)
Tactic call abstract+autorewrite-regression-quadratic ran for 1.655 secs (1.65u,0.004s) (success)
Tactic call close-abstract+autorewrite-regression-quadratic ran for 0.647 secs (0.643u,0.004s)
Params: n= 300
Tactic call autorewrite-regression-quadratic ran for 1.462 secs (1.457u,0.003s) (success)
Tactic call autorewrite-noop-regression-linear ran for 0.006 secs (0.006u,0.s) (success)
Tactic call abstract+autorewrite-regression-quadratic ran for 2.435 secs (2.419u,0.016s) (success)
Tactic call close-abstract+autorewrite-regression-quadratic ran for 0.965 secs (0.953u,0.012s)
Params: n= 350
Tactic call autorewrite-regression-quadratic ran for 2.144 secs (2.131u,0.011s) (success)
Tactic call autorewrite-noop-regression-linear ran for 0.008 secs (0.008u,0.s) (success)
Tactic call abstract+autorewrite-regression-quadratic ran for 3.431 secs (3.419u,0.011s) (success)
Tactic call close-abstract+autorewrite-regression-quadratic ran for 1.278 secs (1.277u,0.s)
Params: n= 400
Tactic call autorewrite-regression-quadratic ran for 2.897 secs (2.881u,0.016s) (success)
Tactic call autorewrite-noop-regression-linear ran for 0.01 secs (0.01u,0.s) (success)
Tactic call abstract+autorewrite-regression-quadratic ran for 4.621 secs (4.6u,0.02s) (success)
Tactic call close-abstract+autorewrite-regression-quadratic ran for 1.711 secs (1.707u,0.003s)
