Params: n= 50
Tactic call rewrite!-regression-quadratic ran for 0.1 secs (0.084u,0.016s) (success)
Tactic call rewrite?-noop-regression-linear ran for 0. secs (0.u,0.s) (success)
Tactic call abstract+rewrite!-regression-quadratic ran for 0.122 secs (0.105u,0.016s) (success)
Tactic call close-abstract+rewrite!-regression-quadratic ran for 0.02 secs (0.02u,0.s)
Params: n= 100
Tactic call rewrite!-regression-quadratic ran for 0.133 secs (0.133u,0.s) (success)
Tactic call rewrite?-noop-regression-linear ran for 0.001 secs (0.001u,0.s) (success)
Tactic call abstract+rewrite!-regression-quadratic ran for 0.232 secs (0.232u,0.s) (success)
Tactic call close-abstract+rewrite!-regression-quadratic ran for 0.097 secs (0.096u,0.s)
Params: n= 150
Tactic call rewrite!-regression-quadratic ran for 0.309 secs (0.305u,0.003s) (success)
Tactic call rewrite?-noop-regression-linear ran for 0.002 secs (0.002u,0.s) (success)
Tactic call abstract+rewrite!-regression-quadratic ran for 0.531 secs (0.528u,0.003s) (success)
Tactic call close-abstract+rewrite!-regression-quadratic ran for 0.219 secs (0.219u,0.s)
Params: n= 200
Tactic call rewrite!-regression-quadratic ran for 0.566 secs (0.566u,0.s) (success)
Tactic call rewrite?-noop-regression-linear ran for 0.003 secs (0.003u,0.s) (success)
Tactic call abstract+rewrite!-regression-quadratic ran for 0.942 secs (0.942u,0.s) (success)
Tactic call close-abstract+rewrite!-regression-quadratic ran for 0.372 secs (0.371u,0.s)
Params: n= 250
Tactic call rewrite!-regression-quadratic ran for 0.918 secs (0.914u,0.003s) (success)
Tactic call rewrite?-noop-regression-linear ran for 0.005 secs (0.005u,0.s) (success)
Tactic call abstract+rewrite!-regression-quadratic ran for 1.467 secs (1.463u,0.004s) (success)
Tactic call close-abstract+rewrite!-regression-quadratic ran for 0.543 secs (0.543u,0.s)
Params: n= 300
Tactic call rewrite!-regression-quadratic ran for 1.302 secs (1.294u,0.007s) (success)
Tactic call rewrite?-noop-regression-linear ran for 0.007 secs (0.007u,0.s) (success)
Tactic call abstract+rewrite!-regression-quadratic ran for 2.108 secs (2.096u,0.011s) (success)
Tactic call close-abstract+rewrite!-regression-quadratic ran for 0.797 secs (0.793u,0.003s)
Params: n= 350
Tactic call rewrite!-regression-quadratic ran for 1.944 secs (1.935u,0.007s) (success)
Tactic call rewrite?-noop-regression-linear ran for 0.008 secs (0.008u,0.s) (success)
Tactic call abstract+rewrite!-regression-quadratic ran for 2.998 secs (2.99u,0.007s) (success)
Tactic call close-abstract+rewrite!-regression-quadratic ran for 1.045 secs (1.045u,0.s)
Params: n= 400
Tactic call rewrite!-regression-quadratic ran for 2.545 secs (2.525u,0.019s) (success)
Tactic call rewrite?-noop-regression-linear ran for 0.009 secs (0.009u,0.s) (success)
Tactic call abstract+rewrite!-regression-quadratic ran for 3.978 secs (3.958u,0.019s) (success)
Tactic call close-abstract+rewrite!-regression-quadratic ran for 1.422 secs (1.422u,0.s)
