Params: n= 10
Tactic call setoid_rewrite-regression-cubic ran for 0.015 secs (0.011u,0.003s) (success)
Tactic call abstract+setoid_rewrite-regression-cubic ran for 0.022 secs (0.015u,0.007s) (success)
Tactic call close-abstract+setoid_rewrite-regression-quadratic ran for 0.006 secs (0.003u,0.003s)
Params: n= 20
Tactic call setoid_rewrite-regression-cubic ran for 0.089 secs (0.077u,0.012s) (success)
Tactic call abstract+setoid_rewrite-regression-cubic ran for 0.101 secs (0.089u,0.012s) (success)
Tactic call close-abstract+setoid_rewrite-regression-quadratic ran for 0.011 secs (0.011u,0.s)
Params: n= 30
Tactic call setoid_rewrite-regression-cubic ran for 0.065 secs (0.065u,0.s) (success)
Tactic call abstract+setoid_rewrite-regression-cubic ran for 0.089 secs (0.089u,0.s) (success)
Tactic call close-abstract+setoid_rewrite-regression-quadratic ran for 0.023 secs (0.023u,0.s)
Params: n= 40
Tactic call setoid_rewrite-regression-cubic ran for 0.124 secs (0.124u,0.s) (success)
Tactic call abstract+setoid_rewrite-regression-cubic ran for 0.17 secs (0.17u,0.s) (success)
Tactic call close-abstract+setoid_rewrite-regression-quadratic ran for 0.045 secs (0.045u,0.s)
Params: n= 60
Tactic call setoid_rewrite-regression-cubic ran for 0.31 secs (0.31u,0.s) (success)
Tactic call abstract+setoid_rewrite-regression-cubic ran for 0.405 secs (0.405u,0.s) (success)
Tactic call close-abstract+setoid_rewrite-regression-quadratic ran for 0.094 secs (0.094u,0.s)
Params: n= 70
Tactic call setoid_rewrite-regression-cubic ran for 0.469 secs (0.469u,0.s) (success)
Tactic call abstract+setoid_rewrite-regression-cubic ran for 0.586 secs (0.586u,0.s) (success)
Tactic call close-abstract+setoid_rewrite-regression-quadratic ran for 0.116 secs (0.116u,0.s)
Params: n= 80
Tactic call setoid_rewrite-regression-cubic ran for 0.654 secs (0.642u,0.011s) (success)
Tactic call abstract+setoid_rewrite-regression-cubic ran for 0.806 secs (0.794u,0.012s) (success)
Tactic call close-abstract+setoid_rewrite-regression-quadratic ran for 0.152 secs (0.151u,0.s)
Params: n= 90
Tactic call setoid_rewrite-regression-cubic ran for 0.856 secs (0.852u,0.003s) (success)
Tactic call abstract+setoid_rewrite-regression-cubic ran for 1.039 secs (1.035u,0.003s) (success)
Tactic call close-abstract+setoid_rewrite-regression-quadratic ran for 0.182 secs (0.182u,0.s)
Params: n= 110
Tactic call setoid_rewrite-regression-cubic ran for 1.473 secs (1.473u,0.s) (success)
Tactic call abstract+setoid_rewrite-regression-cubic ran for 1.748 secs (1.747u,0.s) (success)
Tactic call close-abstract+setoid_rewrite-regression-quadratic ran for 0.274 secs (0.274u,0.s)
Params: n= 120
Tactic call setoid_rewrite-regression-cubic ran for 1.794 secs (1.79u,0.003s) (success)
Tactic call abstract+setoid_rewrite-regression-cubic ran for 2.099 secs (2.087u,0.011s) (success)
Tactic call close-abstract+setoid_rewrite-regression-quadratic ran for 0.304 secs (0.296u,0.008s)
Params: n= 130
Tactic call setoid_rewrite-regression-cubic ran for 2.228 secs (2.223u,0.004s) (success)
Tactic call abstract+setoid_rewrite-regression-cubic ran for 2.571 secs (2.567u,0.004s) (success)
Tactic call close-abstract+setoid_rewrite-regression-quadratic ran for 0.343 secs (0.343u,0.s)
Params: n= 140
Tactic call setoid_rewrite-regression-cubic ran for 2.737 secs (2.728u,0.007s) (success)
Tactic call abstract+setoid_rewrite-regression-cubic ran for 3.157 secs (3.149u,0.007s) (success)
Tactic call close-abstract+setoid_rewrite-regression-quadratic ran for 0.42 secs (0.42u,0.s)
Params: n= 160
Tactic call setoid_rewrite-regression-cubic ran for 4.104 secs (4.095u,0.008s) (success)
Tactic call abstract+setoid_rewrite-regression-cubic ran for 4.665 secs (4.657u,0.008s) (success)
Tactic call close-abstract+setoid_rewrite-regression-quadratic ran for 0.561 secs (0.56u,0.s)
Params: n= 170
Tactic call setoid_rewrite-regression-cubic ran for 4.853 secs (4.84u,0.011s) (success)
Tactic call abstract+setoid_rewrite-regression-cubic ran for 5.441 secs (5.428u,0.012s) (success)
Tactic call close-abstract+setoid_rewrite-regression-quadratic ran for 0.587 secs (0.587u,0.s)
Params: n= 180
Tactic call setoid_rewrite-regression-cubic ran for 5.553 secs (5.548u,0.004s) (success)
Tactic call abstract+setoid_rewrite-regression-cubic ran for 6.213 secs (6.204u,0.008s) (success)
Tactic call close-abstract+setoid_rewrite-regression-quadratic ran for 0.659 secs (0.655u,0.003s)
Params: n= 190
Tactic call setoid_rewrite-regression-cubic ran for 6.386 secs (6.381u,0.003s) (success)
Tactic call abstract+setoid_rewrite-regression-cubic ran for 7.159 secs (7.155u,0.003s) (success)
Tactic call close-abstract+setoid_rewrite-regression-quadratic ran for 0.772 secs (0.772u,0.s)
Params: n= 210
Tactic call setoid_rewrite-regression-cubic ran for 8.665 secs (8.656u,0.007s) (success)
Tactic call abstract+setoid_rewrite-regression-cubic ran for 9.589 secs (9.58u,0.007s) (success)
Tactic call close-abstract+setoid_rewrite-regression-quadratic ran for 0.923 secs (0.923u,0.s)
Params: n= 220
Tactic call setoid_rewrite-regression-cubic ran for 9.618 secs (9.614u,0.s) (success)
Tactic call abstract+setoid_rewrite-regression-cubic ran for 10.56 secs (10.557u,0.s) (success)
Tactic call close-abstract+setoid_rewrite-regression-quadratic ran for 0.941 secs (0.941u,0.s)
Params: n= 230
Tactic call setoid_rewrite-regression-cubic ran for 11.272 secs (11.263u,0.003s) (success)
Tactic call abstract+setoid_rewrite-regression-cubic ran for 12.346 secs (12.336u,0.003s) (success)
Tactic call close-abstract+setoid_rewrite-regression-quadratic ran for 1.072 secs (1.072u,0.s)
Params: n= 240
Tactic call setoid_rewrite-regression-cubic ran for 12.33 secs (12.313u,0.012s) (success)
Tactic call abstract+setoid_rewrite-regression-cubic ran for 13.466 secs (13.449u,0.012s) (success)
Tactic call close-abstract+setoid_rewrite-regression-quadratic ran for 1.135 secs (1.135u,0.s)
Params: n= 250
Tactic call setoid_rewrite-regression-cubic ran for 14.168 secs (14.164u,0.s) (success)
Tactic call abstract+setoid_rewrite-regression-cubic ran for 15.406 secs (15.402u,0.s) (success)
Tactic call close-abstract+setoid_rewrite-regression-quadratic ran for 1.237 secs (1.236u,0.s)
Params: n= 300
Tactic call setoid_rewrite-regression-cubic ran for 23.277 secs (23.251u,0.02s) (success)
Tactic call abstract+setoid_rewrite-regression-cubic ran for 25.146 secs (25.12u,0.02s) (success)
Tactic call close-abstract+setoid_rewrite-regression-quadratic ran for 1.868 secs (1.867u,0.s)
Params: n= 400
Tactic call setoid_rewrite-regression-cubic ran for 55.254 secs (55.215u,0.023s) (success)
Tactic call abstract+setoid_rewrite-regression-cubic ran for 58.332 secs (58.289u,0.028s) (success)
Tactic call close-abstract+setoid_rewrite-regression-quadratic ran for 3.077 secs (3.072u,0.004s)
