Params: n= 50
Tactic call autorewrite-regression-quadratic ran for 0.094 secs (0.077u,0.016s) (success)
Tactic call autorewrite-noop-regression-linear ran for 0. secs (0.u,0.s) (success)
Tactic call abstract+autorewrite-regression-quadratic ran for 0.112 secs (0.095u,0.016s) (success)
Tactic call close-abstract+autorewrite-regression-quadratic ran for 0.016 secs (0.016u,0.s)
Params: n= 100
Tactic call autorewrite-regression-quadratic ran for 0.106 secs (0.106u,0.s) (success)
Tactic call autorewrite-noop-regression-linear ran for 0.001 secs (0.001u,0.s) (success)
Tactic call abstract+autorewrite-regression-quadratic ran for 0.184 secs (0.184u,0.s) (success)
Tactic call close-abstract+autorewrite-regression-quadratic ran for 0.076 secs (0.076u,0.s)
Params: n= 150
Tactic call autorewrite-regression-quadratic ran for 0.261 secs (0.259u,0.001s) (success)
Tactic call autorewrite-noop-regression-linear ran for 0.002 secs (0.001u,0.s) (success)
Tactic call abstract+autorewrite-regression-quadratic ran for 0.442 secs (0.44u,0.002s) (success)
Tactic call close-abstract+autorewrite-regression-quadratic ran for 0.178 secs (0.178u,0.s)
Params: n= 200
Tactic call autorewrite-regression-quadratic ran for 0.459 secs (0.456u,0.003s) (success)
Tactic call autorewrite-noop-regression-linear ran for 0.008 secs (0.008u,0.s) (success)
Tactic call abstract+autorewrite-regression-quadratic ran for 0.776 secs (0.773u,0.003s) (success)
Tactic call close-abstract+autorewrite-regression-quadratic ran for 0.308 secs (0.307u,0.s)
Params: n= 250
Tactic call autorewrite-regression-quadratic ran for 0.728 secs (0.728u,0.s) (success)
Tactic call autorewrite-noop-regression-linear ran for 0.004 secs (0.004u,0.s) (success)
Tactic call abstract+autorewrite-regression-quadratic ran for 1.2 secs (1.2u,0.s) (success)
Tactic call close-abstract+autorewrite-regression-quadratic ran for 0.467 secs (0.467u,0.s)
Params: n= 300
Tactic call autorewrite-regression-quadratic ran for 1.038 secs (1.023u,0.015s) (success)
Tactic call autorewrite-noop-regression-linear ran for 0.004 secs (0.004u,0.s) (success)
Tactic call abstract+autorewrite-regression-quadratic ran for 1.755 secs (1.735u,0.019s) (success)
Tactic call close-abstract+autorewrite-regression-quadratic ran for 0.71 secs (0.706u,0.003s)
Params: n= 350
Tactic call autorewrite-regression-quadratic ran for 1.546 secs (1.53u,0.016s) (success)
Tactic call autorewrite-noop-regression-linear ran for 0.005 secs (0.005u,0.s) (success)
Tactic call abstract+autorewrite-regression-quadratic ran for 2.439 secs (2.423u,0.016s) (success)
Tactic call close-abstract+autorewrite-regression-quadratic ran for 0.886 secs (0.886u,0.s)
Params: n= 400
Tactic call autorewrite-regression-quadratic ran for 2.051 secs (2.043u,0.008s) (success)
Tactic call autorewrite-noop-regression-linear ran for 0.008 secs (0.008u,0.s) (success)
Tactic call abstract+autorewrite-regression-quadratic ran for 3.322 secs (3.313u,0.008s) (success)
Tactic call close-abstract+autorewrite-regression-quadratic ran for 1.26 secs (1.26u,0.s)
