Params: n= 4
Tactic call rewrite!-regression-quadratic ran for 0. secs (0.u,0.s) (success)
Tactic call rewrite?-noop-regression-linear ran for 0. secs (0.u,0.s) (success)
Tactic call abstract+rewrite!-regression-quadratic ran for 0.002 secs (0.001u,0.s) (success)
Tactic call close-abstract+rewrite!-regression-quadratic ran for 0. secs (0.u,0.s)
Params: n= 5
Tactic call rewrite!-regression-quadratic ran for 0.001 secs (0.001u,0.s) (success)
Tactic call rewrite?-noop-regression-linear ran for 0. secs (0.u,0.s) (success)
Tactic call abstract+rewrite!-regression-quadratic ran for 0.003 secs (0.003u,0.s) (success)
Tactic call close-abstract+rewrite!-regression-quadratic ran for 0. secs (0.u,0.s)
Params: n= 6
Tactic call rewrite!-regression-quadratic ran for 0.003 secs (0.u,0.002s) (success)
Tactic call rewrite?-noop-regression-linear ran for 0. secs (0.u,0.s) (success)
Tactic call abstract+rewrite!-regression-quadratic ran for 0.005 secs (0.001u,0.003s) (success)
Tactic call close-abstract+rewrite!-regression-quadratic ran for 0. secs (0.u,0.s)
Params: n= 7
Tactic call rewrite!-regression-quadratic ran for 0.002 secs (0.u,0.002s) (success)
Tactic call rewrite?-noop-regression-linear ran for 0. secs (0.u,0.s) (success)
Tactic call abstract+rewrite!-regression-quadratic ran for 0.004 secs (0.u,0.004s) (success)
Tactic call close-abstract+rewrite!-regression-quadratic ran for 0.001 secs (0.u,0.001s)
Params: n= 8
Tactic call rewrite!-regression-quadratic ran for 0.002 secs (0.002u,0.s) (success)
Tactic call rewrite?-noop-regression-linear ran for 0. secs (0.u,0.s) (success)
Tactic call abstract+rewrite!-regression-quadratic ran for 0.004 secs (0.003u,0.001s) (success)
Tactic call close-abstract+rewrite!-regression-quadratic ran for 0. secs (0.u,0.s)
Params: n= 9
Tactic call rewrite!-regression-quadratic ran for 0.002 secs (0.u,0.002s) (success)
Tactic call rewrite?-noop-regression-linear ran for 0. secs (0.u,0.s) (success)
Tactic call abstract+rewrite!-regression-quadratic ran for 0.004 secs (0.u,0.004s) (success)
Tactic call close-abstract+rewrite!-regression-quadratic ran for 0.001 secs (0.u,0.001s)
Params: n= 10
Tactic call rewrite!-regression-quadratic ran for 0.003 secs (0.003u,0.s) (success)
Tactic call rewrite?-noop-regression-linear ran for 0. secs (0.u,0.s) (success)
Tactic call abstract+rewrite!-regression-quadratic ran for 0.005 secs (0.005u,0.s) (success)
Tactic call close-abstract+rewrite!-regression-quadratic ran for 0.001 secs (0.001u,0.s)
Params: n= 11
Tactic call rewrite!-regression-quadratic ran for 0.005 secs (0.001u,0.004s) (success)
Tactic call rewrite?-noop-regression-linear ran for 0. secs (0.u,0.s) (success)
Tactic call abstract+rewrite!-regression-quadratic ran for 0.008 secs (0.001u,0.006s) (success)
Tactic call close-abstract+rewrite!-regression-quadratic ran for 0.002 secs (0.u,0.002s)
Params: n= 12
Tactic call rewrite!-regression-quadratic ran for 0.004 secs (0.003u,0.s) (success)
Tactic call rewrite?-noop-regression-linear ran for 0. secs (0.u,0.s) (success)
Tactic call abstract+rewrite!-regression-quadratic ran for 0.058 secs (0.054u,0.003s) (success)
Tactic call close-abstract+rewrite!-regression-quadratic ran for 0.053 secs (0.05u,0.002s)
Params: n= 13
Tactic call rewrite!-regression-quadratic ran for 0.004 secs (0.004u,0.s) (success)
Tactic call rewrite?-noop-regression-linear ran for 0. secs (0.u,0.s) (success)
Tactic call abstract+rewrite!-regression-quadratic ran for 0.006 secs (0.005u,0.s) (success)
Tactic call close-abstract+rewrite!-regression-quadratic ran for 0.001 secs (0.001u,0.s)
Params: n= 14
Tactic call rewrite!-regression-quadratic ran for 0.004 secs (0.004u,0.s) (success)
Tactic call rewrite?-noop-regression-linear ran for 0. secs (0.u,0.s) (success)
Tactic call abstract+rewrite!-regression-quadratic ran for 0.007 secs (0.007u,0.s) (success)
Tactic call close-abstract+rewrite!-regression-quadratic ran for 0.002 secs (0.002u,0.s)
Params: n= 15
Tactic call rewrite!-regression-quadratic ran for 0.005 secs (0.005u,0.s) (success)
Tactic call rewrite?-noop-regression-linear ran for 0. secs (0.u,0.s) (success)
Tactic call abstract+rewrite!-regression-quadratic ran for 0.007 secs (0.007u,0.s) (success)
Tactic call close-abstract+rewrite!-regression-quadratic ran for 0.002 secs (0.002u,0.s)
Params: n= 16
Tactic call rewrite!-regression-quadratic ran for 0.005 secs (0.005u,0.s) (success)
Tactic call rewrite?-noop-regression-linear ran for 0. secs (0.u,0.s) (success)
Tactic call abstract+rewrite!-regression-quadratic ran for 0.008 secs (0.008u,0.s) (success)
Tactic call close-abstract+rewrite!-regression-quadratic ran for 0.002 secs (0.002u,0.s)
Params: n= 17
Tactic call rewrite!-regression-quadratic ran for 0.005 secs (0.005u,0.s) (success)
Tactic call rewrite?-noop-regression-linear ran for 0. secs (0.u,0.s) (success)
Tactic call abstract+rewrite!-regression-quadratic ran for 0.008 secs (0.008u,0.s) (success)
Tactic call close-abstract+rewrite!-regression-quadratic ran for 0.002 secs (0.002u,0.s)
Params: n= 18
Tactic call rewrite!-regression-quadratic ran for 0.006 secs (0.006u,0.s) (success)
Tactic call rewrite?-noop-regression-linear ran for 0. secs (0.u,0.s) (success)
Tactic call abstract+rewrite!-regression-quadratic ran for 0.009 secs (0.009u,0.s) (success)
Tactic call close-abstract+rewrite!-regression-quadratic ran for 0.002 secs (0.002u,0.s)
Params: n= 19
Tactic call rewrite!-regression-quadratic ran for 0.006 secs (0.006u,0.s) (success)
Tactic call rewrite?-noop-regression-linear ran for 0. secs (0.u,0.s) (success)
Tactic call abstract+rewrite!-regression-quadratic ran for 0.01 secs (0.01u,0.s) (success)
Tactic call close-abstract+rewrite!-regression-quadratic ran for 0.003 secs (0.003u,0.s)
Params: n= 20
Tactic call rewrite!-regression-quadratic ran for 0.008 secs (0.008u,0.s) (success)
Tactic call rewrite?-noop-regression-linear ran for 0. secs (0.u,0.s) (success)
Tactic call abstract+rewrite!-regression-quadratic ran for 0.013 secs (0.013u,0.s) (success)
Tactic call close-abstract+rewrite!-regression-quadratic ran for 0.004 secs (0.004u,0.s)
Params: n= 21
Tactic call rewrite!-regression-quadratic ran for 0.007 secs (0.007u,0.s) (success)
Tactic call rewrite?-noop-regression-linear ran for 0. secs (0.u,0.s) (success)
Tactic call abstract+rewrite!-regression-quadratic ran for 0.013 secs (0.013u,0.s) (success)
Tactic call close-abstract+rewrite!-regression-quadratic ran for 0.004 secs (0.004u,0.s)
Params: n= 22
Tactic call rewrite!-regression-quadratic ran for 0.008 secs (0.008u,0.s) (success)
Tactic call rewrite?-noop-regression-linear ran for 0. secs (0.u,0.s) (success)
Tactic call abstract+rewrite!-regression-quadratic ran for 0.014 secs (0.014u,0.s) (success)
Tactic call close-abstract+rewrite!-regression-quadratic ran for 0.004 secs (0.004u,0.s)
Params: n= 23
Tactic call rewrite!-regression-quadratic ran for 0.009 secs (0.009u,0.s) (success)
Tactic call rewrite?-noop-regression-linear ran for 0. secs (0.u,0.s) (success)
Tactic call abstract+rewrite!-regression-quadratic ran for 0.015 secs (0.015u,0.s) (success)
Tactic call close-abstract+rewrite!-regression-quadratic ran for 0.005 secs (0.005u,0.s)
Params: n= 24
Tactic call rewrite!-regression-quadratic ran for 0.009 secs (0.009u,0.s) (success)
Tactic call rewrite?-noop-regression-linear ran for 0. secs (0.u,0.s) (success)
Tactic call abstract+rewrite!-regression-quadratic ran for 0.018 secs (0.018u,0.s) (success)
Tactic call close-abstract+rewrite!-regression-quadratic ran for 0.007 secs (0.007u,0.s)
Params: n= 25
Tactic call rewrite!-regression-quadratic ran for 0.009 secs (0.009u,0.s) (success)
Tactic call rewrite?-noop-regression-linear ran for 0. secs (0.u,0.s) (success)
Tactic call abstract+rewrite!-regression-quadratic ran for 0.016 secs (0.013u,0.002s) (success)
Tactic call close-abstract+rewrite!-regression-quadratic ran for 0.006 secs (0.003u,0.002s)
Params: n= 26
Tactic call rewrite!-regression-quadratic ran for 0.011 secs (0.011u,0.s) (success)
Tactic call rewrite?-noop-regression-linear ran for 0. secs (0.u,0.s) (success)
Tactic call abstract+rewrite!-regression-quadratic ran for 0.019 secs (0.019u,0.s) (success)
Tactic call close-abstract+rewrite!-regression-quadratic ran for 0.006 secs (0.006u,0.s)
Params: n= 27
Tactic call rewrite!-regression-quadratic ran for 0.012 secs (0.012u,0.s) (success)
Tactic call rewrite?-noop-regression-linear ran for 0. secs (0.u,0.s) (success)
Tactic call abstract+rewrite!-regression-quadratic ran for 0.02 secs (0.02u,0.s) (success)
Tactic call close-abstract+rewrite!-regression-quadratic ran for 0.007 secs (0.007u,0.s)
Params: n= 28
Tactic call rewrite!-regression-quadratic ran for 0.013 secs (0.013u,0.s) (success)
Tactic call rewrite?-noop-regression-linear ran for 0. secs (0.u,0.s) (success)
Tactic call abstract+rewrite!-regression-quadratic ran for 0.023 secs (0.023u,0.s) (success)
Tactic call close-abstract+rewrite!-regression-quadratic ran for 0.008 secs (0.008u,0.s)
Params: n= 29
Tactic call rewrite!-regression-quadratic ran for 0.014 secs (0.014u,0.s) (success)
Tactic call rewrite?-noop-regression-linear ran for 0. secs (0.u,0.s) (success)
Tactic call abstract+rewrite!-regression-quadratic ran for 0.022 secs (0.022u,0.s) (success)
Tactic call close-abstract+rewrite!-regression-quadratic ran for 0.007 secs (0.007u,0.s)
Params: n= 30
Tactic call rewrite!-regression-quadratic ran for 0.014 secs (0.014u,0.s) (success)
Tactic call rewrite?-noop-regression-linear ran for 0. secs (0.u,0.s) (success)
Tactic call abstract+rewrite!-regression-quadratic ran for 0.025 secs (0.025u,0.s) (success)
Tactic call close-abstract+rewrite!-regression-quadratic ran for 0.01 secs (0.01u,0.s)
Params: n= 31
Tactic call rewrite!-regression-quadratic ran for 0.014 secs (0.014u,0.s) (success)
Tactic call rewrite?-noop-regression-linear ran for 0. secs (0.u,0.s) (success)
Tactic call abstract+rewrite!-regression-quadratic ran for 0.025 secs (0.025u,0.s) (success)
Tactic call close-abstract+rewrite!-regression-quadratic ran for 0.009 secs (0.009u,0.s)
Params: n= 32
Tactic call rewrite!-regression-quadratic ran for 0.014 secs (0.014u,0.s) (success)
Tactic call rewrite?-noop-regression-linear ran for 0. secs (0.u,0.s) (success)
Tactic call abstract+rewrite!-regression-quadratic ran for 0.025 secs (0.025u,0.s) (success)
Tactic call close-abstract+rewrite!-regression-quadratic ran for 0.009 secs (0.009u,0.s)
Params: n= 33
Tactic call rewrite!-regression-quadratic ran for 0.016 secs (0.016u,0.s) (success)
Tactic call rewrite?-noop-regression-linear ran for 0. secs (0.u,0.s) (success)
Tactic call abstract+rewrite!-regression-quadratic ran for 0.026 secs (0.026u,0.s) (success)
Tactic call close-abstract+rewrite!-regression-quadratic ran for 0.009 secs (0.009u,0.s)
Params: n= 34
Tactic call rewrite!-regression-quadratic ran for 0.016 secs (0.016u,0.s) (success)
Tactic call rewrite?-noop-regression-linear ran for 0. secs (0.u,0.s) (success)
Tactic call abstract+rewrite!-regression-quadratic ran for 0.028 secs (0.028u,0.s) (success)
Tactic call close-abstract+rewrite!-regression-quadratic ran for 0.011 secs (0.011u,0.s)
Params: n= 35
Tactic call rewrite!-regression-quadratic ran for 0.023 secs (0.023u,0.s) (success)
Tactic call rewrite?-noop-regression-linear ran for 0. secs (0.u,0.s) (success)
Tactic call abstract+rewrite!-regression-quadratic ran for 0.036 secs (0.036u,0.s) (success)
Tactic call close-abstract+rewrite!-regression-quadratic ran for 0.012 secs (0.012u,0.s)
Params: n= 36
Tactic call rewrite!-regression-quadratic ran for 0.021 secs (0.021u,0.s) (success)
Tactic call rewrite?-noop-regression-linear ran for 0. secs (0.u,0.s) (success)
Tactic call abstract+rewrite!-regression-quadratic ran for 0.037 secs (0.037u,0.s) (success)
Tactic call close-abstract+rewrite!-regression-quadratic ran for 0.014 secs (0.014u,0.s)
Params: n= 37
Tactic call rewrite!-regression-quadratic ran for 0.02 secs (0.02u,0.s) (success)
Tactic call rewrite?-noop-regression-linear ran for 0. secs (0.u,0.s) (success)
Tactic call abstract+rewrite!-regression-quadratic ran for 0.033 secs (0.033u,0.s) (success)
Tactic call close-abstract+rewrite!-regression-quadratic ran for 0.012 secs (0.012u,0.s)
Params: n= 38
Tactic call rewrite!-regression-quadratic ran for 0.019 secs (0.019u,0.s) (success)
Tactic call rewrite?-noop-regression-linear ran for 0. secs (0.u,0.s) (success)
Tactic call abstract+rewrite!-regression-quadratic ran for 0.034 secs (0.034u,0.s) (success)
Tactic call close-abstract+rewrite!-regression-quadratic ran for 0.014 secs (0.014u,0.s)
Params: n= 39
Tactic call rewrite!-regression-quadratic ran for 0.023 secs (0.023u,0.s) (success)
Tactic call rewrite?-noop-regression-linear ran for 0. secs (0.u,0.s) (success)
Tactic call abstract+rewrite!-regression-quadratic ran for 0.038 secs (0.038u,0.s) (success)
Tactic call close-abstract+rewrite!-regression-quadratic ran for 0.013 secs (0.013u,0.s)
Params: n= 40
Tactic call rewrite!-regression-quadratic ran for 0.02 secs (0.02u,0.s) (success)
Tactic call rewrite?-noop-regression-linear ran for 0. secs (0.u,0.s) (success)
Tactic call abstract+rewrite!-regression-quadratic ran for 0.037 secs (0.037u,0.s) (success)
Tactic call close-abstract+rewrite!-regression-quadratic ran for 0.015 secs (0.015u,0.s)
Params: n= 41
Tactic call rewrite!-regression-quadratic ran for 0.023 secs (0.023u,0.s) (success)
Tactic call rewrite?-noop-regression-linear ran for 0. secs (0.u,0.s) (success)
Tactic call abstract+rewrite!-regression-quadratic ran for 0.043 secs (0.043u,0.s) (success)
Tactic call close-abstract+rewrite!-regression-quadratic ran for 0.018 secs (0.018u,0.s)
Params: n= 42
Tactic call rewrite!-regression-quadratic ran for 0.03 secs (0.03u,0.s) (success)
Tactic call rewrite?-noop-regression-linear ran for 0. secs (0.u,0.s) (success)
Tactic call abstract+rewrite!-regression-quadratic ran for 0.047 secs (0.047u,0.s) (success)
Tactic call close-abstract+rewrite!-regression-quadratic ran for 0.016 secs (0.016u,0.s)
Params: n= 43
Tactic call rewrite!-regression-quadratic ran for 0.024 secs (0.024u,0.s) (success)
Tactic call rewrite?-noop-regression-linear ran for 0. secs (0.u,0.s) (success)
Tactic call abstract+rewrite!-regression-quadratic ran for 0.043 secs (0.043u,0.s) (success)
Tactic call close-abstract+rewrite!-regression-quadratic ran for 0.017 secs (0.017u,0.s)
Params: n= 44
Tactic call rewrite!-regression-quadratic ran for 0.025 secs (0.025u,0.s) (success)
Tactic call rewrite?-noop-regression-linear ran for 0. secs (0.u,0.s) (success)
Tactic call abstract+rewrite!-regression-quadratic ran for 0.045 secs (0.045u,0.s) (success)
Tactic call close-abstract+rewrite!-regression-quadratic ran for 0.018 secs (0.018u,0.s)
Params: n= 45
Tactic call rewrite!-regression-quadratic ran for 0.026 secs (0.026u,0.s) (success)
Tactic call rewrite?-noop-regression-linear ran for 0. secs (0.u,0.s) (success)
Tactic call abstract+rewrite!-regression-quadratic ran for 0.046 secs (0.046u,0.s) (success)
Tactic call close-abstract+rewrite!-regression-quadratic ran for 0.018 secs (0.018u,0.s)
Params: n= 46
Tactic call rewrite!-regression-quadratic ran for 0.028 secs (0.028u,0.s) (success)
Tactic call rewrite?-noop-regression-linear ran for 0. secs (0.u,0.s) (success)
Tactic call abstract+rewrite!-regression-quadratic ran for 0.048 secs (0.048u,0.s) (success)
Tactic call close-abstract+rewrite!-regression-quadratic ran for 0.019 secs (0.019u,0.s)
Params: n= 47
Tactic call rewrite!-regression-quadratic ran for 0.028 secs (0.028u,0.s) (success)
Tactic call rewrite?-noop-regression-linear ran for 0. secs (0.u,0.s) (success)
Tactic call abstract+rewrite!-regression-quadratic ran for 0.052 secs (0.052u,0.s) (success)
Tactic call close-abstract+rewrite!-regression-quadratic ran for 0.022 secs (0.022u,0.s)
Params: n= 48
Tactic call rewrite!-regression-quadratic ran for 0.037 secs (0.037u,0.s) (success)
Tactic call rewrite?-noop-regression-linear ran for 0. secs (0.u,0.s) (success)
Tactic call abstract+rewrite!-regression-quadratic ran for 0.06 secs (0.06u,0.s) (success)
Tactic call close-abstract+rewrite!-regression-quadratic ran for 0.021 secs (0.021u,0.s)
Params: n= 49
Tactic call rewrite!-regression-quadratic ran for 0.032 secs (0.032u,0.s) (success)
Tactic call rewrite?-noop-regression-linear ran for 0. secs (0.u,0.s) (success)
Tactic call abstract+rewrite!-regression-quadratic ran for 0.062 secs (0.062u,0.s) (success)
Tactic call close-abstract+rewrite!-regression-quadratic ran for 0.028 secs (0.028u,0.s)
Params: n= 51
Tactic call rewrite!-regression-quadratic ran for 0.034 secs (0.034u,0.s) (success)
Tactic call rewrite?-noop-regression-linear ran for 0. secs (0.u,0.s) (success)
Tactic call abstract+rewrite!-regression-quadratic ran for 0.062 secs (0.062u,0.s) (success)
Tactic call close-abstract+rewrite!-regression-quadratic ran for 0.025 secs (0.025u,0.s)
Params: n= 52
Tactic call rewrite!-regression-quadratic ran for 0.037 secs (0.037u,0.s) (success)
Tactic call rewrite?-noop-regression-linear ran for 0. secs (0.u,0.s) (success)
Tactic call abstract+rewrite!-regression-quadratic ran for 0.068 secs (0.068u,0.s) (success)
Tactic call close-abstract+rewrite!-regression-quadratic ran for 0.028 secs (0.028u,0.s)
Params: n= 53
Tactic call rewrite!-regression-quadratic ran for 0.036 secs (0.036u,0.s) (success)
Tactic call rewrite?-noop-regression-linear ran for 0. secs (0.u,0.s) (success)
Tactic call abstract+rewrite!-regression-quadratic ran for 0.069 secs (0.069u,0.s) (success)
Tactic call close-abstract+rewrite!-regression-quadratic ran for 0.031 secs (0.031u,0.s)
Params: n= 54
Tactic call rewrite!-regression-quadratic ran for 0.041 secs (0.041u,0.s) (success)
Tactic call rewrite?-noop-regression-linear ran for 0. secs (0.u,0.s) (success)
Tactic call abstract+rewrite!-regression-quadratic ran for 0.07 secs (0.07u,0.s) (success)
Tactic call close-abstract+rewrite!-regression-quadratic ran for 0.027 secs (0.027u,0.s)
Params: n= 55
Tactic call rewrite!-regression-quadratic ran for 0.043 secs (0.043u,0.s) (success)
Tactic call rewrite?-noop-regression-linear ran for 0. secs (0.u,0.s) (success)
Tactic call abstract+rewrite!-regression-quadratic ran for 0.071 secs (0.071u,0.s) (success)
Tactic call close-abstract+rewrite!-regression-quadratic ran for 0.027 secs (0.027u,0.s)
Params: n= 56
Tactic call rewrite!-regression-quadratic ran for 0.047 secs (0.047u,0.s) (success)
Tactic call rewrite?-noop-regression-linear ran for 0. secs (0.u,0.s) (success)
Tactic call abstract+rewrite!-regression-quadratic ran for 0.081 secs (0.081u,0.s) (success)
Tactic call close-abstract+rewrite!-regression-quadratic ran for 0.032 secs (0.032u,0.s)
Params: n= 57
Tactic call rewrite!-regression-quadratic ran for 0.042 secs (0.042u,0.s) (success)
Tactic call rewrite?-noop-regression-linear ran for 0. secs (0.u,0.s) (success)
Tactic call abstract+rewrite!-regression-quadratic ran for 0.075 secs (0.075u,0.s) (success)
Tactic call close-abstract+rewrite!-regression-quadratic ran for 0.032 secs (0.032u,0.s)
Params: n= 58
Tactic call rewrite!-regression-quadratic ran for 0.041 secs (0.041u,0.s) (success)
Tactic call rewrite?-noop-regression-linear ran for 0. secs (0.u,0.s) (success)
Tactic call abstract+rewrite!-regression-quadratic ran for 0.073 secs (0.073u,0.s) (success)
Tactic call close-abstract+rewrite!-regression-quadratic ran for 0.03 secs (0.03u,0.s)
Params: n= 59
Tactic call rewrite!-regression-quadratic ran for 0.048 secs (0.048u,0.s) (success)
Tactic call rewrite?-noop-regression-linear ran for 0. secs (0.u,0.s) (success)
Tactic call abstract+rewrite!-regression-quadratic ran for 0.083 secs (0.083u,0.s) (success)
Tactic call close-abstract+rewrite!-regression-quadratic ran for 0.032 secs (0.032u,0.s)
Params: n= 60
Tactic call rewrite!-regression-quadratic ran for 0.05 secs (0.05u,0.s) (success)
Tactic call rewrite?-noop-regression-linear ran for 0. secs (0.u,0.s) (success)
Tactic call abstract+rewrite!-regression-quadratic ran for 0.088 secs (0.088u,0.s) (success)
Tactic call close-abstract+rewrite!-regression-quadratic ran for 0.035 secs (0.035u,0.s)
Params: n= 61
Tactic call rewrite!-regression-quadratic ran for 0.053 secs (0.053u,0.s) (success)
Tactic call rewrite?-noop-regression-linear ran for 0. secs (0.u,0.s) (success)
Tactic call abstract+rewrite!-regression-quadratic ran for 0.094 secs (0.094u,0.s) (success)
Tactic call close-abstract+rewrite!-regression-quadratic ran for 0.039 secs (0.039u,0.s)
Params: n= 62
Tactic call rewrite!-regression-quadratic ran for 0.056 secs (0.056u,0.s) (success)
Tactic call rewrite?-noop-regression-linear ran for 0.001 secs (0.001u,0.s) (success)
Tactic call abstract+rewrite!-regression-quadratic ran for 0.096 secs (0.096u,0.s) (success)
Tactic call close-abstract+rewrite!-regression-quadratic ran for 0.037 secs (0.037u,0.s)
Params: n= 63
Tactic call rewrite!-regression-quadratic ran for 0.054 secs (0.054u,0.s) (success)
Tactic call rewrite?-noop-regression-linear ran for 0. secs (0.u,0.s) (success)
Tactic call abstract+rewrite!-regression-quadratic ran for 0.095 secs (0.095u,0.s) (success)
Tactic call close-abstract+rewrite!-regression-quadratic ran for 0.039 secs (0.039u,0.s)
Params: n= 64
Tactic call rewrite!-regression-quadratic ran for 0.054 secs (0.054u,0.s) (success)
Tactic call rewrite?-noop-regression-linear ran for 0. secs (0.u,0.s) (success)
Tactic call abstract+rewrite!-regression-quadratic ran for 0.096 secs (0.096u,0.s) (success)
Tactic call close-abstract+rewrite!-regression-quadratic ran for 0.04 secs (0.04u,0.s)
Params: n= 65
Tactic call rewrite!-regression-quadratic ran for 0.053 secs (0.053u,0.s) (success)
Tactic call rewrite?-noop-regression-linear ran for 0. secs (0.u,0.s) (success)
Tactic call abstract+rewrite!-regression-quadratic ran for 0.096 secs (0.096u,0.s) (success)
Tactic call close-abstract+rewrite!-regression-quadratic ran for 0.041 secs (0.041u,0.s)
Params: n= 66
Tactic call rewrite!-regression-quadratic ran for 0.054 secs (0.054u,0.s) (success)
Tactic call rewrite?-noop-regression-linear ran for 0. secs (0.u,0.s) (success)
Tactic call abstract+rewrite!-regression-quadratic ran for 0.097 secs (0.097u,0.s) (success)
Tactic call close-abstract+rewrite!-regression-quadratic ran for 0.041 secs (0.041u,0.s)
Params: n= 67
Tactic call rewrite!-regression-quadratic ran for 0.064 secs (0.064u,0.s) (success)
Tactic call rewrite?-noop-regression-linear ran for 0.001 secs (0.001u,0.s) (success)
Tactic call abstract+rewrite!-regression-quadratic ran for 0.111 secs (0.111u,0.s) (success)
Tactic call close-abstract+rewrite!-regression-quadratic ran for 0.044 secs (0.044u,0.s)
Params: n= 68
Tactic call rewrite!-regression-quadratic ran for 0.056 secs (0.056u,0.s) (success)
Tactic call rewrite?-noop-regression-linear ran for 0.001 secs (0.001u,0.s) (success)
Tactic call abstract+rewrite!-regression-quadratic ran for 0.102 secs (0.102u,0.s) (success)
Tactic call close-abstract+rewrite!-regression-quadratic ran for 0.043 secs (0.043u,0.s)
Params: n= 69
Tactic call rewrite!-regression-quadratic ran for 0.062 secs (0.059u,0.002s) (success)
Tactic call rewrite?-noop-regression-linear ran for 0. secs (0.u,0.s) (success)
Tactic call abstract+rewrite!-regression-quadratic ran for 0.112 secs (0.109u,0.002s) (success)
Tactic call close-abstract+rewrite!-regression-quadratic ran for 0.047 secs (0.047u,0.s)
Params: n= 70
Tactic call rewrite!-regression-quadratic ran for 0.077 secs (0.077u,0.s) (success)
Tactic call rewrite?-noop-regression-linear ran for 0. secs (0.u,0.s) (success)
Tactic call abstract+rewrite!-regression-quadratic ran for 0.133 secs (0.133u,0.s) (success)
Tactic call close-abstract+rewrite!-regression-quadratic ran for 0.054 secs (0.054u,0.s)
Params: n= 71
Tactic call rewrite!-regression-quadratic ran for 0.077 secs (0.077u,0.s) (success)
Tactic call rewrite?-noop-regression-linear ran for 0. secs (0.u,0.s) (success)
Tactic call abstract+rewrite!-regression-quadratic ran for 0.131 secs (0.131u,0.s) (success)
Tactic call close-abstract+rewrite!-regression-quadratic ran for 0.052 secs (0.052u,0.s)
Params: n= 72
Tactic call rewrite!-regression-quadratic ran for 0.076 secs (0.076u,0.s) (success)
Tactic call rewrite?-noop-regression-linear ran for 0. secs (0.u,0.s) (success)
Tactic call abstract+rewrite!-regression-quadratic ran for 0.132 secs (0.132u,0.s) (success)
Tactic call close-abstract+rewrite!-regression-quadratic ran for 0.053 secs (0.053u,0.s)
Params: n= 73
Tactic call rewrite!-regression-quadratic ran for 0.068 secs (0.068u,0.s) (success)
Tactic call rewrite?-noop-regression-linear ran for 0. secs (0.u,0.s) (success)
Tactic call abstract+rewrite!-regression-quadratic ran for 0.124 secs (0.124u,0.s) (success)
Tactic call close-abstract+rewrite!-regression-quadratic ran for 0.054 secs (0.054u,0.s)
Params: n= 74
Tactic call rewrite!-regression-quadratic ran for 0.072 secs (0.072u,0.s) (success)
Tactic call rewrite?-noop-regression-linear ran for 0. secs (0.u,0.s) (success)
Tactic call abstract+rewrite!-regression-quadratic ran for 0.132 secs (0.132u,0.s) (success)
Tactic call close-abstract+rewrite!-regression-quadratic ran for 0.058 secs (0.058u,0.s)
Params: n= 75
Tactic call rewrite!-regression-quadratic ran for 0.078 secs (0.078u,0.s) (success)
Tactic call rewrite?-noop-regression-linear ran for 0.001 secs (0.001u,0.s) (success)
Tactic call abstract+rewrite!-regression-quadratic ran for 0.136 secs (0.136u,0.s) (success)
Tactic call close-abstract+rewrite!-regression-quadratic ran for 0.056 secs (0.056u,0.s)
Params: n= 76
Tactic call rewrite!-regression-quadratic ran for 0.078 secs (0.078u,0.s) (success)
Tactic call rewrite?-noop-regression-linear ran for 0.005 secs (0.005u,0.s) (success)
Tactic call abstract+rewrite!-regression-quadratic ran for 0.143 secs (0.142u,0.s) (success)
Tactic call close-abstract+rewrite!-regression-quadratic ran for 0.057 secs (0.057u,0.s)
Params: n= 77
Tactic call rewrite!-regression-quadratic ran for 0.085 secs (0.085u,0.s) (success)
Tactic call rewrite?-noop-regression-linear ran for 0.001 secs (0.001u,0.s) (success)
Tactic call abstract+rewrite!-regression-quadratic ran for 0.141 secs (0.141u,0.s) (success)
Tactic call close-abstract+rewrite!-regression-quadratic ran for 0.054 secs (0.054u,0.s)
Params: n= 78
Tactic call rewrite!-regression-quadratic ran for 0.095 secs (0.095u,0.s) (success)
Tactic call rewrite?-noop-regression-linear ran for 0.001 secs (0.001u,0.s) (success)
Tactic call abstract+rewrite!-regression-quadratic ran for 0.163 secs (0.163u,0.s) (success)
Tactic call close-abstract+rewrite!-regression-quadratic ran for 0.065 secs (0.065u,0.s)
Params: n= 79
Tactic call rewrite!-regression-quadratic ran for 0.082 secs (0.082u,0.s) (success)
Tactic call rewrite?-noop-regression-linear ran for 0.001 secs (0.001u,0.s) (success)
Tactic call abstract+rewrite!-regression-quadratic ran for 0.149 secs (0.149u,0.s) (success)
Tactic call close-abstract+rewrite!-regression-quadratic ran for 0.064 secs (0.064u,0.s)
Params: n= 80
Tactic call rewrite!-regression-quadratic ran for 0.086 secs (0.086u,0.s) (success)
Tactic call rewrite?-noop-regression-linear ran for 0.001 secs (0.001u,0.s) (success)
Tactic call abstract+rewrite!-regression-quadratic ran for 0.154 secs (0.154u,0.s) (success)
Tactic call close-abstract+rewrite!-regression-quadratic ran for 0.065 secs (0.065u,0.s)
Params: n= 81
Tactic call rewrite!-regression-quadratic ran for 0.084 secs (0.084u,0.s) (success)
Tactic call rewrite?-noop-regression-linear ran for 0. secs (0.u,0.s) (success)
Tactic call abstract+rewrite!-regression-quadratic ran for 0.151 secs (0.151u,0.s) (success)
Tactic call close-abstract+rewrite!-regression-quadratic ran for 0.065 secs (0.065u,0.s)
Params: n= 82
Tactic call rewrite!-regression-quadratic ran for 0.092 secs (0.092u,0.s) (success)
Tactic call rewrite?-noop-regression-linear ran for 0.001 secs (0.001u,0.s) (success)
Tactic call abstract+rewrite!-regression-quadratic ran for 0.162 secs (0.162u,0.s) (success)
Tactic call close-abstract+rewrite!-regression-quadratic ran for 0.068 secs (0.068u,0.s)
Params: n= 83
Tactic call rewrite!-regression-quadratic ran for 0.097 secs (0.093u,0.003s) (success)
Tactic call rewrite?-noop-regression-linear ran for 0.001 secs (0.001u,0.s) (success)
Tactic call abstract+rewrite!-regression-quadratic ran for 0.166 secs (0.162u,0.003s) (success)
Tactic call close-abstract+rewrite!-regression-quadratic ran for 0.066 secs (0.066u,0.s)
Params: n= 84
Tactic call rewrite!-regression-quadratic ran for 0.093 secs (0.093u,0.s) (success)
Tactic call rewrite?-noop-regression-linear ran for 0.001 secs (0.001u,0.s) (success)
Tactic call abstract+rewrite!-regression-quadratic ran for 0.16 secs (0.16u,0.s) (success)
Tactic call close-abstract+rewrite!-regression-quadratic ran for 0.064 secs (0.064u,0.s)
Params: n= 85
Tactic call rewrite!-regression-quadratic ran for 0.097 secs (0.095u,0.001s) (success)
Tactic call rewrite?-noop-regression-linear ran for 0.001 secs (0.001u,0.s) (success)
Tactic call abstract+rewrite!-regression-quadratic ran for 0.165 secs (0.162u,0.002s) (success)
Tactic call close-abstract+rewrite!-regression-quadratic ran for 0.065 secs (0.065u,0.s)
Params: n= 86
Tactic call rewrite!-regression-quadratic ran for 0.097 secs (0.093u,0.003s) (success)
Tactic call rewrite?-noop-regression-linear ran for 0.001 secs (0.001u,0.s) (success)
Tactic call abstract+rewrite!-regression-quadratic ran for 0.163 secs (0.159u,0.003s) (success)
Tactic call close-abstract+rewrite!-regression-quadratic ran for 0.063 secs (0.063u,0.s)
Params: n= 87
Tactic call rewrite!-regression-quadratic ran for 0.095 secs (0.095u,0.s) (success)
Tactic call rewrite?-noop-regression-linear ran for 0.001 secs (0.001u,0.s) (success)
Tactic call abstract+rewrite!-regression-quadratic ran for 0.167 secs (0.167u,0.s) (success)
Tactic call close-abstract+rewrite!-regression-quadratic ran for 0.069 secs (0.069u,0.s)
Params: n= 88
Tactic call rewrite!-regression-quadratic ran for 0.102 secs (0.102u,0.s) (success)
Tactic call rewrite?-noop-regression-linear ran for 0.001 secs (0.001u,0.s) (success)
Tactic call abstract+rewrite!-regression-quadratic ran for 0.176 secs (0.172u,0.003s) (success)
Tactic call close-abstract+rewrite!-regression-quadratic ran for 0.072 secs (0.068u,0.003s)
Params: n= 89
Tactic call rewrite!-regression-quadratic ran for 0.102 secs (0.098u,0.003s) (success)
Tactic call rewrite?-noop-regression-linear ran for 0.001 secs (0.001u,0.s) (success)
Tactic call abstract+rewrite!-regression-quadratic ran for 0.183 secs (0.179u,0.004s) (success)
Tactic call close-abstract+rewrite!-regression-quadratic ran for 0.078 secs (0.078u,0.s)
Params: n= 90
Tactic call rewrite!-regression-quadratic ran for 0.101 secs (0.101u,0.s) (success)
Tactic call rewrite?-noop-regression-linear ran for 0.001 secs (0.001u,0.s) (success)
Tactic call abstract+rewrite!-regression-quadratic ran for 0.18 secs (0.18u,0.s) (success)
Tactic call close-abstract+rewrite!-regression-quadratic ran for 0.076 secs (0.076u,0.s)
Params: n= 91
Tactic call rewrite!-regression-quadratic ran for 0.111 secs (0.111u,0.s) (success)
Tactic call rewrite?-noop-regression-linear ran for 0.001 secs (0.001u,0.s) (success)
Tactic call abstract+rewrite!-regression-quadratic ran for 0.194 secs (0.194u,0.s) (success)
Tactic call close-abstract+rewrite!-regression-quadratic ran for 0.08 secs (0.08u,0.s)
Params: n= 92
Tactic call rewrite!-regression-quadratic ran for 0.116 secs (0.116u,0.s) (success)
Tactic call rewrite?-noop-regression-linear ran for 0.001 secs (0.001u,0.s) (success)
Tactic call abstract+rewrite!-regression-quadratic ran for 0.203 secs (0.203u,0.s) (success)
Tactic call close-abstract+rewrite!-regression-quadratic ran for 0.084 secs (0.084u,0.s)
Params: n= 93
Tactic call rewrite!-regression-quadratic ran for 0.117 secs (0.117u,0.s) (success)
Tactic call rewrite?-noop-regression-linear ran for 0.001 secs (0.001u,0.s) (success)
Tactic call abstract+rewrite!-regression-quadratic ran for 0.202 secs (0.202u,0.s) (success)
Tactic call close-abstract+rewrite!-regression-quadratic ran for 0.082 secs (0.082u,0.s)
Params: n= 94
Tactic call rewrite!-regression-quadratic ran for 0.107 secs (0.107u,0.s) (success)
Tactic call rewrite?-noop-regression-linear ran for 0.001 secs (0.001u,0.s) (success)
Tactic call abstract+rewrite!-regression-quadratic ran for 0.195 secs (0.195u,0.s) (success)
Tactic call close-abstract+rewrite!-regression-quadratic ran for 0.085 secs (0.085u,0.s)
Params: n= 95
Tactic call rewrite!-regression-quadratic ran for 0.111 secs (0.111u,0.s) (success)
Tactic call rewrite?-noop-regression-linear ran for 0.001 secs (0.001u,0.s) (success)
Tactic call abstract+rewrite!-regression-quadratic ran for 0.209 secs (0.209u,0.s) (success)
Tactic call close-abstract+rewrite!-regression-quadratic ran for 0.094 secs (0.094u,0.s)
Params: n= 96
Tactic call rewrite!-regression-quadratic ran for 0.125 secs (0.124u,0.s) (success)
Tactic call rewrite?-noop-regression-linear ran for 0.001 secs (0.u,0.001s) (success)
Tactic call abstract+rewrite!-regression-quadratic ran for 0.212 secs (0.208u,0.004s) (success)
Tactic call close-abstract+rewrite!-regression-quadratic ran for 0.085 secs (0.082u,0.002s)
Params: n= 97
Tactic call rewrite!-regression-quadratic ran for 0.121 secs (0.121u,0.s) (success)
Tactic call rewrite?-noop-regression-linear ran for 0.001 secs (0.001u,0.s) (success)
Tactic call abstract+rewrite!-regression-quadratic ran for 0.206 secs (0.206u,0.s) (success)
Tactic call close-abstract+rewrite!-regression-quadratic ran for 0.082 secs (0.082u,0.s)
Params: n= 98
Tactic call rewrite!-regression-quadratic ran for 0.123 secs (0.123u,0.s) (success)
Tactic call rewrite?-noop-regression-linear ran for 0.001 secs (0.001u,0.s) (success)
Tactic call abstract+rewrite!-regression-quadratic ran for 0.214 secs (0.214u,0.s) (success)
Tactic call close-abstract+rewrite!-regression-quadratic ran for 0.088 secs (0.088u,0.s)
Params: n= 99
Tactic call rewrite!-regression-quadratic ran for 0.119 secs (0.119u,0.s) (success)
Tactic call rewrite?-noop-regression-linear ran for 0.001 secs (0.001u,0.s) (success)
Tactic call abstract+rewrite!-regression-quadratic ran for 0.215 secs (0.215u,0.s) (success)
Tactic call close-abstract+rewrite!-regression-quadratic ran for 0.093 secs (0.093u,0.s)
Params: n= 110
Tactic call rewrite!-regression-quadratic ran for 0.156 secs (0.156u,0.s) (success)
Tactic call rewrite?-noop-regression-linear ran for 0.001 secs (0.001u,0.s) (success)
Tactic call abstract+rewrite!-regression-quadratic ran for 0.273 secs (0.273u,0.s) (success)
Tactic call close-abstract+rewrite!-regression-quadratic ran for 0.114 secs (0.114u,0.s)
Params: n= 120
Tactic call rewrite!-regression-quadratic ran for 0.183 secs (0.183u,0.s) (success)
Tactic call rewrite?-noop-regression-linear ran for 0.001 secs (0.001u,0.s) (success)
Tactic call abstract+rewrite!-regression-quadratic ran for 0.322 secs (0.321u,0.s) (success)
Tactic call close-abstract+rewrite!-regression-quadratic ran for 0.135 secs (0.135u,0.s)
Params: n= 130
Tactic call rewrite!-regression-quadratic ran for 0.238 secs (0.238u,0.s) (success)
Tactic call rewrite?-noop-regression-linear ran for 0.001 secs (0.001u,0.s) (success)
Tactic call abstract+rewrite!-regression-quadratic ran for 0.411 secs (0.411u,0.s) (success)
Tactic call close-abstract+rewrite!-regression-quadratic ran for 0.169 secs (0.169u,0.s)
Params: n= 140
Tactic call rewrite!-regression-quadratic ran for 0.265 secs (0.261u,0.004s) (success)
Tactic call rewrite?-noop-regression-linear ran for 0.003 secs (0.003u,0.s) (success)
Tactic call abstract+rewrite!-regression-quadratic ran for 0.46 secs (0.456u,0.004s) (success)
Tactic call close-abstract+rewrite!-regression-quadratic ran for 0.189 secs (0.189u,0.s)
Params: n= 160
Tactic call rewrite!-regression-quadratic ran for 0.363 secs (0.363u,0.s) (success)
Tactic call rewrite?-noop-regression-linear ran for 0.002 secs (0.002u,0.s) (success)
Tactic call abstract+rewrite!-regression-quadratic ran for 0.614 secs (0.608u,0.s) (success)
Tactic call close-abstract+rewrite!-regression-quadratic ran for 0.246 secs (0.241u,0.s)
Params: n= 170
Tactic call rewrite!-regression-quadratic ran for 0.388 secs (0.392u,0.004s) (success)
Tactic call rewrite?-noop-regression-linear ran for 0.002 secs (0.002u,0.s) (success)
Tactic call abstract+rewrite!-regression-quadratic ran for 0.668 secs (0.67u,0.004s) (success)
Tactic call close-abstract+rewrite!-regression-quadratic ran for 0.275 secs (0.275u,0.s)
Params: n= 180
Tactic call rewrite!-regression-quadratic ran for 0.412 secs (0.404u,0.006s) (success)
Tactic call rewrite?-noop-regression-linear ran for 0.002 secs (0.002u,0.s) (success)
Tactic call abstract+rewrite!-regression-quadratic ran for 0.717 secs (0.7u,0.015s) (success)
Tactic call close-abstract+rewrite!-regression-quadratic ran for 0.301 secs (0.293u,0.007s)
Params: n= 190
Tactic call rewrite!-regression-quadratic ran for 0.48 secs (0.48u,0.s) (success)
Tactic call rewrite?-noop-regression-linear ran for 0.002 secs (0.002u,0.s) (success)
Tactic call abstract+rewrite!-regression-quadratic ran for 0.804 secs (0.804u,0.s) (success)
Tactic call close-abstract+rewrite!-regression-quadratic ran for 0.319 secs (0.319u,0.s)
Params: n= 210
Tactic call rewrite!-regression-quadratic ran for 0.597 secs (0.597u,0.s) (success)
Tactic call rewrite?-noop-regression-linear ran for 0.003 secs (0.003u,0.s) (success)
Tactic call abstract+rewrite!-regression-quadratic ran for 1.027 secs (1.027u,0.s) (success)
Tactic call close-abstract+rewrite!-regression-quadratic ran for 0.424 secs (0.424u,0.s)
Params: n= 220
Tactic call rewrite!-regression-quadratic ran for 0.676 secs (0.676u,0.s) (success)
Tactic call rewrite?-noop-regression-linear ran for 0.003 secs (0.003u,0.s) (success)
Tactic call abstract+rewrite!-regression-quadratic ran for 1.16 secs (1.16u,0.s) (success)
Tactic call close-abstract+rewrite!-regression-quadratic ran for 0.479 secs (0.478u,0.s)
Params: n= 230
Tactic call rewrite!-regression-quadratic ran for 0.762 secs (0.758u,0.003s) (success)
Tactic call rewrite?-noop-regression-linear ran for 0.004 secs (0.004u,0.s) (success)
Tactic call abstract+rewrite!-regression-quadratic ran for 1.281 secs (1.277u,0.003s) (success)
Tactic call close-abstract+rewrite!-regression-quadratic ran for 0.512 secs (0.512u,0.s)
Params: n= 240
Tactic call rewrite!-regression-quadratic ran for 0.836 secs (0.836u,0.s) (success)
Tactic call rewrite?-noop-regression-linear ran for 0.004 secs (0.004u,0.s) (success)
Tactic call abstract+rewrite!-regression-quadratic ran for 1.349 secs (1.348u,0.s) (success)
Tactic call close-abstract+rewrite!-regression-quadratic ran for 0.506 secs (0.506u,0.s)
Params: n= 260
Tactic call rewrite!-regression-quadratic ran for 0.929 secs (0.928u,0.s) (success)
Tactic call rewrite?-noop-regression-linear ran for 0.004 secs (0.004u,0.s) (success)
Tactic call abstract+rewrite!-regression-quadratic ran for 1.558 secs (1.557u,0.s) (success)
Tactic call close-abstract+rewrite!-regression-quadratic ran for 0.622 secs (0.622u,0.s)
Params: n= 270
Tactic call rewrite!-regression-quadratic ran for 1.013 secs (1.01u,0.s) (success)
Tactic call rewrite?-noop-regression-linear ran for 0.004 secs (0.004u,0.s) (success)
Tactic call abstract+rewrite!-regression-quadratic ran for 1.708 secs (1.705u,0.s) (success)
Tactic call close-abstract+rewrite!-regression-quadratic ran for 0.688 secs (0.688u,0.s)
Params: n= 280
Tactic call rewrite!-regression-quadratic ran for 1.13 secs (1.129u,0.s) (success)
Tactic call rewrite?-noop-regression-linear ran for 0.006 secs (0.006u,0.s) (success)
Tactic call abstract+rewrite!-regression-quadratic ran for 1.91 secs (1.91u,0.s) (success)
Tactic call close-abstract+rewrite!-regression-quadratic ran for 0.772 secs (0.772u,0.s)
Params: n= 290
Tactic call rewrite!-regression-quadratic ran for 1.222 secs (1.218u,0.004s) (success)
Tactic call rewrite?-noop-regression-linear ran for 0.008 secs (0.008u,0.s) (success)
Tactic call abstract+rewrite!-regression-quadratic ran for 1.992 secs (1.979u,0.012s) (success)
Tactic call close-abstract+rewrite!-regression-quadratic ran for 0.76 secs (0.751u,0.008s)
Params: n= 310
Tactic call rewrite!-regression-quadratic ran for 1.382 secs (1.378u,0.003s) (success)
Tactic call rewrite?-noop-regression-linear ran for 0.006 secs (0.006u,0.s) (success)
Tactic call abstract+rewrite!-regression-quadratic ran for 2.256 secs (2.252u,0.003s) (success)
Tactic call close-abstract+rewrite!-regression-quadratic ran for 0.865 secs (0.865u,0.s)
Params: n= 320
Tactic call rewrite!-regression-quadratic ran for 1.512 secs (1.512u,0.s) (success)
Tactic call rewrite?-noop-regression-linear ran for 0.006 secs (0.006u,0.s) (success)
Tactic call abstract+rewrite!-regression-quadratic ran for 2.466 secs (2.466u,0.s) (success)
Tactic call close-abstract+rewrite!-regression-quadratic ran for 0.945 secs (0.945u,0.s)
Params: n= 330
Tactic call rewrite!-regression-quadratic ran for 1.549 secs (1.549u,0.s) (success)
Tactic call rewrite?-noop-regression-linear ran for 0.008 secs (0.008u,0.s) (success)
Tactic call abstract+rewrite!-regression-quadratic ran for 2.465 secs (2.465u,0.s) (success)
Tactic call close-abstract+rewrite!-regression-quadratic ran for 0.905 secs (0.905u,0.s)
Params: n= 340
Tactic call rewrite!-regression-quadratic ran for 1.647 secs (1.647u,0.s) (success)
Tactic call rewrite?-noop-regression-linear ran for 0.006 secs (0.006u,0.s) (success)
Tactic call abstract+rewrite!-regression-quadratic ran for 2.774 secs (2.773u,0.s) (success)
Tactic call close-abstract+rewrite!-regression-quadratic ran for 1.117 secs (1.117u,0.s)
Params: n= 360
Tactic call rewrite!-regression-quadratic ran for 2.008 secs (2.008u,0.s) (success)
Tactic call rewrite?-noop-regression-linear ran for 0.007 secs (0.007u,0.s) (success)
Tactic call abstract+rewrite!-regression-quadratic ran for 3.113 secs (3.112u,0.s) (success)
Tactic call close-abstract+rewrite!-regression-quadratic ran for 1.095 secs (1.095u,0.s)
Params: n= 370
Tactic call rewrite!-regression-quadratic ran for 2.065 secs (2.065u,0.s) (success)
Tactic call rewrite?-noop-regression-linear ran for 0.011 secs (0.011u,0.s) (success)
Tactic call abstract+rewrite!-regression-quadratic ran for 3.311 secs (3.31u,0.s) (success)
Tactic call close-abstract+rewrite!-regression-quadratic ran for 1.232 secs (1.232u,0.s)
Params: n= 380
Tactic call rewrite!-regression-quadratic ran for 2.286 secs (2.286u,0.s) (success)
Tactic call rewrite?-noop-regression-linear ran for 0.008 secs (0.008u,0.s) (success)
Tactic call abstract+rewrite!-regression-quadratic ran for 3.573 secs (3.568u,0.003s) (success)
Tactic call close-abstract+rewrite!-regression-quadratic ran for 1.276 secs (1.272u,0.003s)
Params: n= 390
Tactic call rewrite!-regression-quadratic ran for 2.439 secs (2.431u,0.008s) (success)
Tactic call rewrite?-noop-regression-linear ran for 0.01 secs (0.01u,0.s) (success)
Tactic call abstract+rewrite!-regression-quadratic ran for 3.827 secs (3.818u,0.008s) (success)
Tactic call close-abstract+rewrite!-regression-quadratic ran for 1.375 secs (1.374u,0.s)
