Params: n= 50
Tactic call rewrite!-regression-quadratic ran for 0.1 secs (0.071u,0.028s) (success)
Tactic call rewrite?-noop-regression-linear ran for 0. secs (0.u,0.s) (success)
Tactic call abstract+rewrite!-regression-quadratic ran for 0.118 secs (0.089u,0.028s) (success)
Tactic call close-abstract+rewrite!-regression-quadratic ran for 0.017 secs (0.017u,0.s)
Params: n= 100
Tactic call rewrite!-regression-quadratic ran for 0.111 secs (0.11u,0.s) (success)
Tactic call rewrite?-noop-regression-linear ran for 0.001 secs (0.001u,0.s) (success)
Tactic call abstract+rewrite!-regression-quadratic ran for 0.193 secs (0.192u,0.s) (success)
Tactic call close-abstract+rewrite!-regression-quadratic ran for 0.079 secs (0.079u,0.s)
Params: n= 150
Tactic call rewrite!-regression-quadratic ran for 0.276 secs (0.273u,0.003s) (success)
Tactic call rewrite?-noop-regression-linear ran for 0.002 secs (0.002u,0.s) (success)
Tactic call abstract+rewrite!-regression-quadratic ran for 0.453 secs (0.449u,0.003s) (success)
Tactic call close-abstract+rewrite!-regression-quadratic ran for 0.174 secs (0.173u,0.s)
Params: n= 200
Tactic call rewrite!-regression-quadratic ran for 0.486 secs (0.486u,0.s) (success)
Tactic call rewrite?-noop-regression-linear ran for 0.002 secs (0.002u,0.s) (success)
Tactic call abstract+rewrite!-regression-quadratic ran for 0.801 secs (0.801u,0.s) (success)
Tactic call close-abstract+rewrite!-regression-quadratic ran for 0.312 secs (0.311u,0.s)
Params: n= 250
Tactic call rewrite!-regression-quadratic ran for 0.761 secs (0.753u,0.007s) (success)
Tactic call rewrite?-noop-regression-linear ran for 0.003 secs (0.003u,0.s) (success)
Tactic call abstract+rewrite!-regression-quadratic ran for 1.22 secs (1.208u,0.011s) (success)
Tactic call close-abstract+rewrite!-regression-quadratic ran for 0.454 secs (0.45u,0.003s)
Params: n= 300
Tactic call rewrite!-regression-quadratic ran for 1.066 secs (1.057u,0.007s) (success)
Tactic call rewrite?-noop-regression-linear ran for 0.005 secs (0.005u,0.s) (success)
Tactic call abstract+rewrite!-regression-quadratic ran for 1.809 secs (1.792u,0.016s) (success)
Tactic call close-abstract+rewrite!-regression-quadratic ran for 0.737 secs (0.728u,0.008s)
Params: n= 350
Tactic call rewrite!-regression-quadratic ran for 1.646 secs (1.637u,0.008s) (success)
Tactic call rewrite?-noop-regression-linear ran for 0.007 secs (0.007u,0.s) (success)
Tactic call abstract+rewrite!-regression-quadratic ran for 2.579 secs (2.57u,0.008s) (success)
Tactic call close-abstract+rewrite!-regression-quadratic ran for 0.924 secs (0.924u,0.s)
Params: n= 400
Tactic call rewrite!-regression-quadratic ran for 2.13 secs (2.113u,0.015s) (success)
Tactic call rewrite?-noop-regression-linear ran for 0.007 secs (0.007u,0.s) (success)
Tactic call abstract+rewrite!-regression-quadratic ran for 3.391 secs (3.37u,0.019s) (success)
Tactic call close-abstract+rewrite!-regression-quadratic ran for 1.252 secs (1.248u,0.003s)
