Params: n= 4
Tactic call autorewrite-regression-quadratic ran for 0.001 secs (0.001u,0.s) (success)
Tactic call autorewrite-noop-regression-linear ran for 0. secs (0.u,0.s) (success)
Tactic call abstract+autorewrite-regression-quadratic ran for 0.002 secs (0.002u,0.s) (success)
Tactic call close-abstract+autorewrite-regression-quadratic ran for 0.001 secs (0.001u,0.s)
Params: n= 5
Tactic call autorewrite-regression-quadratic ran for 0.002 secs (0.u,0.002s) (success)
Tactic call autorewrite-noop-regression-linear ran for 0. secs (0.u,0.s) (success)
Tactic call abstract+autorewrite-regression-quadratic ran for 0.003 secs (0.u,0.003s) (success)
Tactic call close-abstract+autorewrite-regression-quadratic ran for 0. secs (0.u,0.s)
Params: n= 6
Tactic call autorewrite-regression-quadratic ran for 0.002 secs (0.002u,0.s) (success)
Tactic call autorewrite-noop-regression-linear ran for 0. secs (0.u,0.s) (success)
Tactic call abstract+autorewrite-regression-quadratic ran for 0.004 secs (0.003u,0.s) (success)
Tactic call close-abstract+autorewrite-regression-quadratic ran for 0.001 secs (0.001u,0.s)
Params: n= 7
Tactic call autorewrite-regression-quadratic ran for 0.002 secs (0.u,0.002s) (success)
Tactic call autorewrite-noop-regression-linear ran for 0. secs (0.u,0.s) (success)
Tactic call abstract+autorewrite-regression-quadratic ran for 0.004 secs (0.u,0.004s) (success)
Tactic call close-abstract+autorewrite-regression-quadratic ran for 0. secs (0.u,0.s)
Params: n= 8
Tactic call autorewrite-regression-quadratic ran for 0.003 secs (0.003u,0.s) (success)
Tactic call autorewrite-noop-regression-linear ran for 0. secs (0.u,0.s) (success)
Tactic call abstract+autorewrite-regression-quadratic ran for 0.067 secs (0.055u,0.011s) (success)
Tactic call close-abstract+autorewrite-regression-quadratic ran for 0.063 secs (0.052u,0.011s)
Params: n= 9
Tactic call autorewrite-regression-quadratic ran for 0.002 secs (0.002u,0.s) (success)
Tactic call autorewrite-noop-regression-linear ran for 0. secs (0.u,0.s) (success)
Tactic call abstract+autorewrite-regression-quadratic ran for 0.004 secs (0.004u,0.s) (success)
Tactic call close-abstract+autorewrite-regression-quadratic ran for 0.001 secs (0.001u,0.s)
Params: n= 10
Tactic call autorewrite-regression-quadratic ran for 0.002 secs (0.002u,0.s) (success)
Tactic call autorewrite-noop-regression-linear ran for 0. secs (0.u,0.s) (success)
Tactic call abstract+autorewrite-regression-quadratic ran for 0.004 secs (0.004u,0.s) (success)
Tactic call close-abstract+autorewrite-regression-quadratic ran for 0.001 secs (0.001u,0.s)
Params: n= 11
Tactic call autorewrite-regression-quadratic ran for 0.003 secs (0.003u,0.s) (success)
Tactic call autorewrite-noop-regression-linear ran for 0. secs (0.u,0.s) (success)
Tactic call abstract+autorewrite-regression-quadratic ran for 0.005 secs (0.005u,0.s) (success)
Tactic call close-abstract+autorewrite-regression-quadratic ran for 0.001 secs (0.001u,0.s)
Params: n= 12
Tactic call autorewrite-regression-quadratic ran for 0.003 secs (0.003u,0.s) (success)
Tactic call autorewrite-noop-regression-linear ran for 0. secs (0.u,0.s) (success)
Tactic call abstract+autorewrite-regression-quadratic ran for 0.005 secs (0.005u,0.s) (success)
Tactic call close-abstract+autorewrite-regression-quadratic ran for 0.001 secs (0.001u,0.s)
Params: n= 13
Tactic call autorewrite-regression-quadratic ran for 0.003 secs (0.003u,0.s) (success)
Tactic call autorewrite-noop-regression-linear ran for 0. secs (0.u,0.s) (success)
Tactic call abstract+autorewrite-regression-quadratic ran for 0.006 secs (0.006u,0.s) (success)
Tactic call close-abstract+autorewrite-regression-quadratic ran for 0.001 secs (0.001u,0.s)
Params: n= 14
Tactic call autorewrite-regression-quadratic ran for 0.004 secs (0.004u,0.s) (success)
Tactic call autorewrite-noop-regression-linear ran for 0. secs (0.u,0.s) (success)
Tactic call abstract+autorewrite-regression-quadratic ran for 0.007 secs (0.007u,0.s) (success)
Tactic call close-abstract+autorewrite-regression-quadratic ran for 0.002 secs (0.002u,0.s)
Params: n= 15
Tactic call autorewrite-regression-quadratic ran for 0.004 secs (0.004u,0.s) (success)
Tactic call autorewrite-noop-regression-linear ran for 0. secs (0.u,0.s) (success)
Tactic call abstract+autorewrite-regression-quadratic ran for 0.007 secs (0.007u,0.s) (success)
Tactic call close-abstract+autorewrite-regression-quadratic ran for 0.002 secs (0.002u,0.s)
Params: n= 16
Tactic call autorewrite-regression-quadratic ran for 0.005 secs (0.005u,0.s) (success)
Tactic call autorewrite-noop-regression-linear ran for 0. secs (0.u,0.s) (success)
Tactic call abstract+autorewrite-regression-quadratic ran for 0.009 secs (0.009u,0.s) (success)
Tactic call close-abstract+autorewrite-regression-quadratic ran for 0.003 secs (0.003u,0.s)
Params: n= 17
Tactic call autorewrite-regression-quadratic ran for 0.005 secs (0.005u,0.s) (success)
Tactic call autorewrite-noop-regression-linear ran for 0.002 secs (0.002u,0.s) (success)
Tactic call abstract+autorewrite-regression-quadratic ran for 0.011 secs (0.011u,0.s) (success)
Tactic call close-abstract+autorewrite-regression-quadratic ran for 0.003 secs (0.003u,0.s)
Params: n= 18
Tactic call autorewrite-regression-quadratic ran for 0.006 secs (0.006u,0.s) (success)
Tactic call autorewrite-noop-regression-linear ran for 0. secs (0.u,0.s) (success)
Tactic call abstract+autorewrite-regression-quadratic ran for 0.01 secs (0.01u,0.s) (success)
Tactic call close-abstract+autorewrite-regression-quadratic ran for 0.003 secs (0.003u,0.s)
Params: n= 19
Tactic call autorewrite-regression-quadratic ran for 0.007 secs (0.007u,0.s) (success)
Tactic call autorewrite-noop-regression-linear ran for 0. secs (0.u,0.s) (success)
Tactic call abstract+autorewrite-regression-quadratic ran for 0.011 secs (0.011u,0.s) (success)
Tactic call close-abstract+autorewrite-regression-quadratic ran for 0.003 secs (0.003u,0.s)
Params: n= 20
Tactic call autorewrite-regression-quadratic ran for 0.007 secs (0.007u,0.s) (success)
Tactic call autorewrite-noop-regression-linear ran for 0. secs (0.u,0.s) (success)
Tactic call abstract+autorewrite-regression-quadratic ran for 0.012 secs (0.012u,0.s) (success)
Tactic call close-abstract+autorewrite-regression-quadratic ran for 0.004 secs (0.004u,0.s)
Params: n= 21
Tactic call autorewrite-regression-quadratic ran for 0.007 secs (0.007u,0.s) (success)
Tactic call autorewrite-noop-regression-linear ran for 0. secs (0.u,0.s) (success)
Tactic call abstract+autorewrite-regression-quadratic ran for 0.013 secs (0.013u,0.s) (success)
Tactic call close-abstract+autorewrite-regression-quadratic ran for 0.004 secs (0.004u,0.s)
Params: n= 22
Tactic call autorewrite-regression-quadratic ran for 0.011 secs (0.011u,0.s) (success)
Tactic call autorewrite-noop-regression-linear ran for 0. secs (0.u,0.s) (success)
Tactic call abstract+autorewrite-regression-quadratic ran for 0.017 secs (0.017u,0.s) (success)
Tactic call close-abstract+autorewrite-regression-quadratic ran for 0.004 secs (0.004u,0.s)
Params: n= 23
Tactic call autorewrite-regression-quadratic ran for 0.009 secs (0.009u,0.s) (success)
Tactic call autorewrite-noop-regression-linear ran for 0. secs (0.u,0.s) (success)
Tactic call abstract+autorewrite-regression-quadratic ran for 0.015 secs (0.015u,0.s) (success)
Tactic call close-abstract+autorewrite-regression-quadratic ran for 0.005 secs (0.005u,0.s)
Params: n= 24
Tactic call autorewrite-regression-quadratic ran for 0.012 secs (0.012u,0.s) (success)
Tactic call autorewrite-noop-regression-linear ran for 0. secs (0.u,0.s) (success)
Tactic call abstract+autorewrite-regression-quadratic ran for 0.019 secs (0.019u,0.s) (success)
Tactic call close-abstract+autorewrite-regression-quadratic ran for 0.005 secs (0.005u,0.s)
Params: n= 25
Tactic call autorewrite-regression-quadratic ran for 0.01 secs (0.01u,0.s) (success)
Tactic call autorewrite-noop-regression-linear ran for 0. secs (0.u,0.s) (success)
Tactic call abstract+autorewrite-regression-quadratic ran for 0.018 secs (0.014u,0.003s) (success)
Tactic call close-abstract+autorewrite-regression-quadratic ran for 0.006 secs (0.003u,0.003s)
Params: n= 26
Tactic call autorewrite-regression-quadratic ran for 0.011 secs (0.011u,0.s) (success)
Tactic call autorewrite-noop-regression-linear ran for 0. secs (0.u,0.s) (success)
Tactic call abstract+autorewrite-regression-quadratic ran for 0.022 secs (0.021u,0.s) (success)
Tactic call close-abstract+autorewrite-regression-quadratic ran for 0.01 secs (0.009u,0.s)
Params: n= 27
Tactic call autorewrite-regression-quadratic ran for 0.012 secs (0.012u,0.s) (success)
Tactic call autorewrite-noop-regression-linear ran for 0. secs (0.u,0.s) (success)
Tactic call abstract+autorewrite-regression-quadratic ran for 0.019 secs (0.019u,0.s) (success)
Tactic call close-abstract+autorewrite-regression-quadratic ran for 0.007 secs (0.007u,0.s)
Params: n= 28
Tactic call autorewrite-regression-quadratic ran for 0.012 secs (0.012u,0.s) (success)
Tactic call autorewrite-noop-regression-linear ran for 0. secs (0.u,0.s) (success)
Tactic call abstract+autorewrite-regression-quadratic ran for 0.022 secs (0.022u,0.s) (success)
Tactic call close-abstract+autorewrite-regression-quadratic ran for 0.009 secs (0.009u,0.s)
Params: n= 29
Tactic call autorewrite-regression-quadratic ran for 0.013 secs (0.013u,0.s) (success)
Tactic call autorewrite-noop-regression-linear ran for 0. secs (0.u,0.s) (success)
Tactic call abstract+autorewrite-regression-quadratic ran for 0.022 secs (0.022u,0.s) (success)
Tactic call close-abstract+autorewrite-regression-quadratic ran for 0.007 secs (0.007u,0.s)
Params: n= 30
Tactic call autorewrite-regression-quadratic ran for 0.014 secs (0.014u,0.s) (success)
Tactic call autorewrite-noop-regression-linear ran for 0. secs (0.u,0.s) (success)
Tactic call abstract+autorewrite-regression-quadratic ran for 0.023 secs (0.023u,0.s) (success)
Tactic call close-abstract+autorewrite-regression-quadratic ran for 0.008 secs (0.008u,0.s)
Params: n= 31
Tactic call autorewrite-regression-quadratic ran for 0.015 secs (0.015u,0.s) (success)
Tactic call autorewrite-noop-regression-linear ran for 0. secs (0.u,0.s) (success)
Tactic call abstract+autorewrite-regression-quadratic ran for 0.025 secs (0.025u,0.s) (success)
Tactic call close-abstract+autorewrite-regression-quadratic ran for 0.008 secs (0.008u,0.s)
Params: n= 32
Tactic call autorewrite-regression-quadratic ran for 0.015 secs (0.015u,0.s) (success)
Tactic call autorewrite-noop-regression-linear ran for 0. secs (0.u,0.s) (success)
Tactic call abstract+autorewrite-regression-quadratic ran for 0.026 secs (0.026u,0.s) (success)
Tactic call close-abstract+autorewrite-regression-quadratic ran for 0.009 secs (0.009u,0.s)
Params: n= 33
Tactic call autorewrite-regression-quadratic ran for 0.018 secs (0.018u,0.s) (success)
Tactic call autorewrite-noop-regression-linear ran for 0. secs (0.u,0.s) (success)
Tactic call abstract+autorewrite-regression-quadratic ran for 0.029 secs (0.029u,0.s) (success)
Tactic call close-abstract+autorewrite-regression-quadratic ran for 0.01 secs (0.01u,0.s)
Params: n= 34
Tactic call autorewrite-regression-quadratic ran for 0.017 secs (0.017u,0.s) (success)
Tactic call autorewrite-noop-regression-linear ran for 0. secs (0.u,0.s) (success)
Tactic call abstract+autorewrite-regression-quadratic ran for 0.029 secs (0.029u,0.s) (success)
Tactic call close-abstract+autorewrite-regression-quadratic ran for 0.01 secs (0.01u,0.s)
Params: n= 35
Tactic call autorewrite-regression-quadratic ran for 0.019 secs (0.019u,0.s) (success)
Tactic call autorewrite-noop-regression-linear ran for 0. secs (0.u,0.s) (success)
Tactic call abstract+autorewrite-regression-quadratic ran for 0.031 secs (0.031u,0.s) (success)
Tactic call close-abstract+autorewrite-regression-quadratic ran for 0.011 secs (0.011u,0.s)
Params: n= 36
Tactic call autorewrite-regression-quadratic ran for 0.019 secs (0.019u,0.s) (success)
Tactic call autorewrite-noop-regression-linear ran for 0. secs (0.u,0.s) (success)
Tactic call abstract+autorewrite-regression-quadratic ran for 0.034 secs (0.034u,0.s) (success)
Tactic call close-abstract+autorewrite-regression-quadratic ran for 0.013 secs (0.013u,0.s)
Params: n= 37
Tactic call autorewrite-regression-quadratic ran for 0.02 secs (0.02u,0.s) (success)
Tactic call autorewrite-noop-regression-linear ran for 0. secs (0.u,0.s) (success)
Tactic call abstract+autorewrite-regression-quadratic ran for 0.033 secs (0.033u,0.s) (success)
Tactic call close-abstract+autorewrite-regression-quadratic ran for 0.012 secs (0.012u,0.s)
Params: n= 38
Tactic call autorewrite-regression-quadratic ran for 0.022 secs (0.022u,0.s) (success)
Tactic call autorewrite-noop-regression-linear ran for 0. secs (0.u,0.s) (success)
Tactic call abstract+autorewrite-regression-quadratic ran for 0.036 secs (0.036u,0.s) (success)
Tactic call close-abstract+autorewrite-regression-quadratic ran for 0.013 secs (0.013u,0.s)
Params: n= 39
Tactic call autorewrite-regression-quadratic ran for 0.022 secs (0.022u,0.s) (success)
Tactic call autorewrite-noop-regression-linear ran for 0. secs (0.u,0.s) (success)
Tactic call abstract+autorewrite-regression-quadratic ran for 0.04 secs (0.04u,0.s) (success)
Tactic call close-abstract+autorewrite-regression-quadratic ran for 0.016 secs (0.016u,0.s)
Params: n= 40
Tactic call autorewrite-regression-quadratic ran for 0.023 secs (0.023u,0.s) (success)
Tactic call autorewrite-noop-regression-linear ran for 0. secs (0.u,0.s) (success)
Tactic call abstract+autorewrite-regression-quadratic ran for 0.039 secs (0.039u,0.s) (success)
Tactic call close-abstract+autorewrite-regression-quadratic ran for 0.014 secs (0.014u,0.s)
Params: n= 41
Tactic call autorewrite-regression-quadratic ran for 0.027 secs (0.027u,0.s) (success)
Tactic call autorewrite-noop-regression-linear ran for 0. secs (0.u,0.s) (success)
Tactic call abstract+autorewrite-regression-quadratic ran for 0.043 secs (0.043u,0.s) (success)
Tactic call close-abstract+autorewrite-regression-quadratic ran for 0.015 secs (0.015u,0.s)
Params: n= 42
Tactic call autorewrite-regression-quadratic ran for 0.025 secs (0.025u,0.s) (success)
Tactic call autorewrite-noop-regression-linear ran for 0. secs (0.u,0.s) (success)
Tactic call abstract+autorewrite-regression-quadratic ran for 0.044 secs (0.044u,0.s) (success)
Tactic call close-abstract+autorewrite-regression-quadratic ran for 0.018 secs (0.018u,0.s)
Params: n= 43
Tactic call autorewrite-regression-quadratic ran for 0.026 secs (0.026u,0.s) (success)
Tactic call autorewrite-noop-regression-linear ran for 0. secs (0.u,0.s) (success)
Tactic call abstract+autorewrite-regression-quadratic ran for 0.044 secs (0.044u,0.s) (success)
Tactic call close-abstract+autorewrite-regression-quadratic ran for 0.017 secs (0.017u,0.s)
Params: n= 44
Tactic call autorewrite-regression-quadratic ran for 0.027 secs (0.027u,0.s) (success)
Tactic call autorewrite-noop-regression-linear ran for 0. secs (0.u,0.s) (success)
Tactic call abstract+autorewrite-regression-quadratic ran for 0.045 secs (0.045u,0.s) (success)
Tactic call close-abstract+autorewrite-regression-quadratic ran for 0.017 secs (0.017u,0.s)
Params: n= 45
Tactic call autorewrite-regression-quadratic ran for 0.029 secs (0.029u,0.s) (success)
Tactic call autorewrite-noop-regression-linear ran for 0. secs (0.u,0.s) (success)
Tactic call abstract+autorewrite-regression-quadratic ran for 0.049 secs (0.049u,0.s) (success)
Tactic call close-abstract+autorewrite-regression-quadratic ran for 0.018 secs (0.018u,0.s)
Params: n= 46
Tactic call autorewrite-regression-quadratic ran for 0.03 secs (0.03u,0.s) (success)
Tactic call autorewrite-noop-regression-linear ran for 0. secs (0.u,0.s) (success)
Tactic call abstract+autorewrite-regression-quadratic ran for 0.05 secs (0.05u,0.s) (success)
Tactic call close-abstract+autorewrite-regression-quadratic ran for 0.018 secs (0.018u,0.s)
Params: n= 47
Tactic call autorewrite-regression-quadratic ran for 0.032 secs (0.032u,0.s) (success)
Tactic call autorewrite-noop-regression-linear ran for 0. secs (0.u,0.s) (success)
Tactic call abstract+autorewrite-regression-quadratic ran for 0.053 secs (0.053u,0.s) (success)
Tactic call close-abstract+autorewrite-regression-quadratic ran for 0.019 secs (0.019u,0.s)
Params: n= 48
Tactic call autorewrite-regression-quadratic ran for 0.033 secs (0.033u,0.s) (success)
Tactic call autorewrite-noop-regression-linear ran for 0. secs (0.u,0.s) (success)
Tactic call abstract+autorewrite-regression-quadratic ran for 0.054 secs (0.054u,0.s) (success)
Tactic call close-abstract+autorewrite-regression-quadratic ran for 0.02 secs (0.02u,0.s)
Params: n= 49
Tactic call autorewrite-regression-quadratic ran for 0.034 secs (0.034u,0.s) (success)
Tactic call autorewrite-noop-regression-linear ran for 0. secs (0.u,0.s) (success)
Tactic call abstract+autorewrite-regression-quadratic ran for 0.057 secs (0.057u,0.s) (success)
Tactic call close-abstract+autorewrite-regression-quadratic ran for 0.021 secs (0.021u,0.s)
Params: n= 51
Tactic call autorewrite-regression-quadratic ran for 0.037 secs (0.037u,0.s) (success)
Tactic call autorewrite-noop-regression-linear ran for 0. secs (0.u,0.s) (success)
Tactic call abstract+autorewrite-regression-quadratic ran for 0.061 secs (0.061u,0.s) (success)
Tactic call close-abstract+autorewrite-regression-quadratic ran for 0.023 secs (0.022u,0.s)
Params: n= 52
Tactic call autorewrite-regression-quadratic ran for 0.037 secs (0.037u,0.s) (success)
Tactic call autorewrite-noop-regression-linear ran for 0. secs (0.u,0.s) (success)
Tactic call abstract+autorewrite-regression-quadratic ran for 0.063 secs (0.063u,0.s) (success)
Tactic call close-abstract+autorewrite-regression-quadratic ran for 0.023 secs (0.023u,0.s)
Params: n= 53
Tactic call autorewrite-regression-quadratic ran for 0.04 secs (0.04u,0.s) (success)
Tactic call autorewrite-noop-regression-linear ran for 0. secs (0.u,0.s) (success)
Tactic call abstract+autorewrite-regression-quadratic ran for 0.067 secs (0.067u,0.s) (success)
Tactic call close-abstract+autorewrite-regression-quadratic ran for 0.025 secs (0.025u,0.s)
Params: n= 54
Tactic call autorewrite-regression-quadratic ran for 0.039 secs (0.039u,0.s) (success)
Tactic call autorewrite-noop-regression-linear ran for 0. secs (0.u,0.s) (success)
Tactic call abstract+autorewrite-regression-quadratic ran for 0.067 secs (0.067u,0.s) (success)
Tactic call close-abstract+autorewrite-regression-quadratic ran for 0.026 secs (0.026u,0.s)
Params: n= 55
Tactic call autorewrite-regression-quadratic ran for 0.043 secs (0.043u,0.s) (success)
Tactic call autorewrite-noop-regression-linear ran for 0. secs (0.u,0.s) (success)
Tactic call abstract+autorewrite-regression-quadratic ran for 0.071 secs (0.071u,0.s) (success)
Tactic call close-abstract+autorewrite-regression-quadratic ran for 0.026 secs (0.026u,0.s)
Params: n= 56
Tactic call autorewrite-regression-quadratic ran for 0.044 secs (0.044u,0.s) (success)
Tactic call autorewrite-noop-regression-linear ran for 0. secs (0.u,0.s) (success)
Tactic call abstract+autorewrite-regression-quadratic ran for 0.072 secs (0.072u,0.s) (success)
Tactic call close-abstract+autorewrite-regression-quadratic ran for 0.027 secs (0.027u,0.s)
Params: n= 57
Tactic call autorewrite-regression-quadratic ran for 0.046 secs (0.046u,0.s) (success)
Tactic call autorewrite-noop-regression-linear ran for 0. secs (0.u,0.s) (success)
Tactic call abstract+autorewrite-regression-quadratic ran for 0.077 secs (0.077u,0.s) (success)
Tactic call close-abstract+autorewrite-regression-quadratic ran for 0.029 secs (0.029u,0.s)
Params: n= 58
Tactic call autorewrite-regression-quadratic ran for 0.047 secs (0.047u,0.s) (success)
Tactic call autorewrite-noop-regression-linear ran for 0. secs (0.u,0.s) (success)
Tactic call abstract+autorewrite-regression-quadratic ran for 0.079 secs (0.079u,0.s) (success)
Tactic call close-abstract+autorewrite-regression-quadratic ran for 0.031 secs (0.031u,0.s)
Params: n= 59
Tactic call autorewrite-regression-quadratic ran for 0.049 secs (0.049u,0.s) (success)
Tactic call autorewrite-noop-regression-linear ran for 0. secs (0.u,0.s) (success)
Tactic call abstract+autorewrite-regression-quadratic ran for 0.083 secs (0.083u,0.s) (success)
Tactic call close-abstract+autorewrite-regression-quadratic ran for 0.032 secs (0.032u,0.s)
Params: n= 60
Tactic call autorewrite-regression-quadratic ran for 0.05 secs (0.05u,0.s) (success)
Tactic call autorewrite-noop-regression-linear ran for 0. secs (0.u,0.s) (success)
Tactic call abstract+autorewrite-regression-quadratic ran for 0.083 secs (0.082u,0.s) (success)
Tactic call close-abstract+autorewrite-regression-quadratic ran for 0.03 secs (0.03u,0.s)
Params: n= 61
Tactic call autorewrite-regression-quadratic ran for 0.053 secs (0.053u,0.s) (success)
Tactic call autorewrite-noop-regression-linear ran for 0. secs (0.u,0.s) (success)
Tactic call abstract+autorewrite-regression-quadratic ran for 0.089 secs (0.085u,0.003s) (success)
Tactic call close-abstract+autorewrite-regression-quadratic ran for 0.034 secs (0.031u,0.003s)
Params: n= 62
Tactic call autorewrite-regression-quadratic ran for 0.052 secs (0.052u,0.s) (success)
Tactic call autorewrite-noop-regression-linear ran for 0. secs (0.u,0.s) (success)
Tactic call abstract+autorewrite-regression-quadratic ran for 0.088 secs (0.088u,0.s) (success)
Tactic call close-abstract+autorewrite-regression-quadratic ran for 0.033 secs (0.033u,0.s)
Params: n= 63
Tactic call autorewrite-regression-quadratic ran for 0.052 secs (0.052u,0.s) (success)
Tactic call autorewrite-noop-regression-linear ran for 0. secs (0.u,0.s) (success)
Tactic call abstract+autorewrite-regression-quadratic ran for 0.09 secs (0.09u,0.s) (success)
Tactic call close-abstract+autorewrite-regression-quadratic ran for 0.035 secs (0.035u,0.s)
Params: n= 64
Tactic call autorewrite-regression-quadratic ran for 0.055 secs (0.055u,0.s) (success)
Tactic call autorewrite-noop-regression-linear ran for 0. secs (0.u,0.s) (success)
Tactic call abstract+autorewrite-regression-quadratic ran for 0.097 secs (0.097u,0.s) (success)
Tactic call close-abstract+autorewrite-regression-quadratic ran for 0.04 secs (0.04u,0.s)
Params: n= 65
Tactic call autorewrite-regression-quadratic ran for 0.062 secs (0.058u,0.003s) (success)
Tactic call autorewrite-noop-regression-linear ran for 0. secs (0.u,0.s) (success)
Tactic call abstract+autorewrite-regression-quadratic ran for 0.1 secs (0.096u,0.004s) (success)
Tactic call close-abstract+autorewrite-regression-quadratic ran for 0.036 secs (0.036u,0.s)
Params: n= 66
Tactic call autorewrite-regression-quadratic ran for 0.063 secs (0.063u,0.s) (success)
Tactic call autorewrite-noop-regression-linear ran for 0. secs (0.u,0.s) (success)
Tactic call abstract+autorewrite-regression-quadratic ran for 0.102 secs (0.101u,0.s) (success)
Tactic call close-abstract+autorewrite-regression-quadratic ran for 0.037 secs (0.037u,0.s)
Params: n= 67
Tactic call autorewrite-regression-quadratic ran for 0.071 secs (0.071u,0.s) (success)
Tactic call autorewrite-noop-regression-linear ran for 0. secs (0.u,0.s) (success)
Tactic call abstract+autorewrite-regression-quadratic ran for 0.113 secs (0.113u,0.s) (success)
Tactic call close-abstract+autorewrite-regression-quadratic ran for 0.04 secs (0.04u,0.s)
Params: n= 68
Tactic call autorewrite-regression-quadratic ran for 0.063 secs (0.063u,0.s) (success)
Tactic call autorewrite-noop-regression-linear ran for 0. secs (0.u,0.s) (success)
Tactic call abstract+autorewrite-regression-quadratic ran for 0.107 secs (0.107u,0.s) (success)
Tactic call close-abstract+autorewrite-regression-quadratic ran for 0.042 secs (0.042u,0.s)
Params: n= 69
Tactic call autorewrite-regression-quadratic ran for 0.065 secs (0.065u,0.s) (success)
Tactic call autorewrite-noop-regression-linear ran for 0. secs (0.u,0.s) (success)
Tactic call abstract+autorewrite-regression-quadratic ran for 0.111 secs (0.111u,0.s) (success)
Tactic call close-abstract+autorewrite-regression-quadratic ran for 0.043 secs (0.043u,0.s)
Params: n= 70
Tactic call autorewrite-regression-quadratic ran for 0.066 secs (0.066u,0.s) (success)
Tactic call autorewrite-noop-regression-linear ran for 0.001 secs (0.001u,0.s) (success)
Tactic call abstract+autorewrite-regression-quadratic ran for 0.113 secs (0.113u,0.s) (success)
Tactic call close-abstract+autorewrite-regression-quadratic ran for 0.044 secs (0.044u,0.s)
Params: n= 71
Tactic call autorewrite-regression-quadratic ran for 0.068 secs (0.068u,0.s) (success)
Tactic call autorewrite-noop-regression-linear ran for 0.001 secs (0.001u,0.s) (success)
Tactic call abstract+autorewrite-regression-quadratic ran for 0.115 secs (0.115u,0.s) (success)
Tactic call close-abstract+autorewrite-regression-quadratic ran for 0.045 secs (0.045u,0.s)
Params: n= 72
Tactic call autorewrite-regression-quadratic ran for 0.069 secs (0.069u,0.s) (success)
Tactic call autorewrite-noop-regression-linear ran for 0.001 secs (0.001u,0.s) (success)
Tactic call abstract+autorewrite-regression-quadratic ran for 0.118 secs (0.118u,0.s) (success)
Tactic call close-abstract+autorewrite-regression-quadratic ran for 0.046 secs (0.046u,0.s)
Params: n= 73
Tactic call autorewrite-regression-quadratic ran for 0.076 secs (0.076u,0.s) (success)
Tactic call autorewrite-noop-regression-linear ran for 0.001 secs (0.001u,0.s) (success)
Tactic call abstract+autorewrite-regression-quadratic ran for 0.124 secs (0.124u,0.s) (success)
Tactic call close-abstract+autorewrite-regression-quadratic ran for 0.046 secs (0.046u,0.s)
Params: n= 74
Tactic call autorewrite-regression-quadratic ran for 0.078 secs (0.078u,0.s) (success)
Tactic call autorewrite-noop-regression-linear ran for 0.001 secs (0.001u,0.s) (success)
Tactic call abstract+autorewrite-regression-quadratic ran for 0.132 secs (0.132u,0.s) (success)
Tactic call close-abstract+autorewrite-regression-quadratic ran for 0.052 secs (0.052u,0.s)
Params: n= 75
Tactic call autorewrite-regression-quadratic ran for 0.074 secs (0.074u,0.s) (success)
Tactic call autorewrite-noop-regression-linear ran for 0.001 secs (0.001u,0.s) (success)
Tactic call abstract+autorewrite-regression-quadratic ran for 0.13 secs (0.13u,0.s) (success)
Tactic call close-abstract+autorewrite-regression-quadratic ran for 0.053 secs (0.053u,0.s)
Params: n= 76
Tactic call autorewrite-regression-quadratic ran for 0.075 secs (0.075u,0.s) (success)
Tactic call autorewrite-noop-regression-linear ran for 0.001 secs (0.001u,0.s) (success)
Tactic call abstract+autorewrite-regression-quadratic ran for 0.13 secs (0.13u,0.s) (success)
Tactic call close-abstract+autorewrite-regression-quadratic ran for 0.053 secs (0.053u,0.s)
Params: n= 77
Tactic call autorewrite-regression-quadratic ran for 0.079 secs (0.079u,0.s) (success)
Tactic call autorewrite-noop-regression-linear ran for 0.001 secs (0.001u,0.s) (success)
Tactic call abstract+autorewrite-regression-quadratic ran for 0.134 secs (0.134u,0.s) (success)
Tactic call close-abstract+autorewrite-regression-quadratic ran for 0.053 secs (0.053u,0.s)
Params: n= 78
Tactic call autorewrite-regression-quadratic ran for 0.079 secs (0.079u,0.s) (success)
Tactic call autorewrite-noop-regression-linear ran for 0.001 secs (0.001u,0.s) (success)
Tactic call abstract+autorewrite-regression-quadratic ran for 0.136 secs (0.136u,0.s) (success)
Tactic call close-abstract+autorewrite-regression-quadratic ran for 0.055 secs (0.055u,0.s)
Params: n= 79
Tactic call autorewrite-regression-quadratic ran for 0.091 secs (0.087u,0.003s) (success)
Tactic call autorewrite-noop-regression-linear ran for 0.001 secs (0.001u,0.s) (success)
Tactic call abstract+autorewrite-regression-quadratic ran for 0.154 secs (0.15u,0.003s) (success)
Tactic call close-abstract+autorewrite-regression-quadratic ran for 0.06 secs (0.06u,0.s)
Params: n= 80
Tactic call autorewrite-regression-quadratic ran for 0.083 secs (0.083u,0.s) (success)
Tactic call autorewrite-noop-regression-linear ran for 0.001 secs (0.001u,0.s) (success)
Tactic call abstract+autorewrite-regression-quadratic ran for 0.147 secs (0.147u,0.s) (success)
Tactic call close-abstract+autorewrite-regression-quadratic ran for 0.061 secs (0.061u,0.s)
Params: n= 81
Tactic call autorewrite-regression-quadratic ran for 0.085 secs (0.085u,0.s) (success)
Tactic call autorewrite-noop-regression-linear ran for 0.001 secs (0.001u,0.s) (success)
Tactic call abstract+autorewrite-regression-quadratic ran for 0.147 secs (0.147u,0.s) (success)
Tactic call close-abstract+autorewrite-regression-quadratic ran for 0.059 secs (0.059u,0.s)
Params: n= 82
Tactic call autorewrite-regression-quadratic ran for 0.093 secs (0.093u,0.s) (success)
Tactic call autorewrite-noop-regression-linear ran for 0.001 secs (0.001u,0.s) (success)
Tactic call abstract+autorewrite-regression-quadratic ran for 0.161 secs (0.161u,0.s) (success)
Tactic call close-abstract+autorewrite-regression-quadratic ran for 0.066 secs (0.066u,0.s)
Params: n= 83
Tactic call autorewrite-regression-quadratic ran for 0.102 secs (0.102u,0.s) (success)
Tactic call autorewrite-noop-regression-linear ran for 0.001 secs (0.001u,0.s) (success)
Tactic call abstract+autorewrite-regression-quadratic ran for 0.165 secs (0.165u,0.s) (success)
Tactic call close-abstract+autorewrite-regression-quadratic ran for 0.06 secs (0.06u,0.s)
Params: n= 84
Tactic call autorewrite-regression-quadratic ran for 0.093 secs (0.093u,0.s) (success)
Tactic call autorewrite-noop-regression-linear ran for 0.001 secs (0.001u,0.s) (success)
Tactic call abstract+autorewrite-regression-quadratic ran for 0.161 secs (0.161u,0.s) (success)
Tactic call close-abstract+autorewrite-regression-quadratic ran for 0.065 secs (0.065u,0.s)
Params: n= 85
Tactic call autorewrite-regression-quadratic ran for 0.099 secs (0.099u,0.s) (success)
Tactic call autorewrite-noop-regression-linear ran for 0.001 secs (0.001u,0.s) (success)
Tactic call abstract+autorewrite-regression-quadratic ran for 0.172 secs (0.172u,0.s) (success)
Tactic call close-abstract+autorewrite-regression-quadratic ran for 0.07 secs (0.07u,0.s)
Params: n= 86
Tactic call autorewrite-regression-quadratic ran for 0.095 secs (0.095u,0.s) (success)
Tactic call autorewrite-noop-regression-linear ran for 0.001 secs (0.001u,0.s) (success)
Tactic call abstract+autorewrite-regression-quadratic ran for 0.165 secs (0.161u,0.003s) (success)
Tactic call close-abstract+autorewrite-regression-quadratic ran for 0.067 secs (0.063u,0.003s)
Params: n= 87
Tactic call autorewrite-regression-quadratic ran for 0.104 secs (0.104u,0.s) (success)
Tactic call autorewrite-noop-regression-linear ran for 0.001 secs (0.001u,0.s) (success)
Tactic call abstract+autorewrite-regression-quadratic ran for 0.174 secs (0.174u,0.s) (success)
Tactic call close-abstract+autorewrite-regression-quadratic ran for 0.067 secs (0.067u,0.s)
Params: n= 88
Tactic call autorewrite-regression-quadratic ran for 0.099 secs (0.099u,0.s) (success)
Tactic call autorewrite-noop-regression-linear ran for 0.001 secs (0.001u,0.s) (success)
Tactic call abstract+autorewrite-regression-quadratic ran for 0.168 secs (0.168u,0.s) (success)
Tactic call close-abstract+autorewrite-regression-quadratic ran for 0.067 secs (0.067u,0.s)
Params: n= 89
Tactic call autorewrite-regression-quadratic ran for 0.103 secs (0.103u,0.s) (success)
Tactic call autorewrite-noop-regression-linear ran for 0.001 secs (0.001u,0.s) (success)
Tactic call abstract+autorewrite-regression-quadratic ran for 0.171 secs (0.171u,0.s) (success)
Tactic call close-abstract+autorewrite-regression-quadratic ran for 0.065 secs (0.065u,0.s)
Params: n= 90
Tactic call autorewrite-regression-quadratic ran for 0.107 secs (0.107u,0.s) (success)
Tactic call autorewrite-noop-regression-linear ran for 0.001 secs (0.001u,0.s) (success)
Tactic call abstract+autorewrite-regression-quadratic ran for 0.179 secs (0.179u,0.s) (success)
Tactic call close-abstract+autorewrite-regression-quadratic ran for 0.069 secs (0.069u,0.s)
Params: n= 91
Tactic call autorewrite-regression-quadratic ran for 0.106 secs (0.106u,0.s) (success)
Tactic call autorewrite-noop-regression-linear ran for 0.001 secs (0.001u,0.s) (success)
Tactic call abstract+autorewrite-regression-quadratic ran for 0.18 secs (0.18u,0.s) (success)
Tactic call close-abstract+autorewrite-regression-quadratic ran for 0.071 secs (0.071u,0.s)
Params: n= 92
Tactic call autorewrite-regression-quadratic ran for 0.112 secs (0.112u,0.s) (success)
Tactic call autorewrite-noop-regression-linear ran for 0.001 secs (0.001u,0.s) (success)
Tactic call abstract+autorewrite-regression-quadratic ran for 0.187 secs (0.187u,0.s) (success)
Tactic call close-abstract+autorewrite-regression-quadratic ran for 0.072 secs (0.072u,0.s)
Params: n= 93
Tactic call autorewrite-regression-quadratic ran for 0.114 secs (0.114u,0.s) (success)
Tactic call autorewrite-noop-regression-linear ran for 0.001 secs (0.001u,0.s) (success)
Tactic call abstract+autorewrite-regression-quadratic ran for 0.189 secs (0.189u,0.s) (success)
Tactic call close-abstract+autorewrite-regression-quadratic ran for 0.072 secs (0.072u,0.s)
Params: n= 94
Tactic call autorewrite-regression-quadratic ran for 0.117 secs (0.117u,0.s) (success)
Tactic call autorewrite-noop-regression-linear ran for 0.001 secs (0.001u,0.s) (success)
Tactic call abstract+autorewrite-regression-quadratic ran for 0.194 secs (0.194u,0.s) (success)
Tactic call close-abstract+autorewrite-regression-quadratic ran for 0.074 secs (0.074u,0.s)
Params: n= 95
Tactic call autorewrite-regression-quadratic ran for 0.116 secs (0.116u,0.s) (success)
Tactic call autorewrite-noop-regression-linear ran for 0.001 secs (0.001u,0.s) (success)
Tactic call abstract+autorewrite-regression-quadratic ran for 0.196 secs (0.196u,0.s) (success)
Tactic call close-abstract+autorewrite-regression-quadratic ran for 0.077 secs (0.077u,0.s)
Params: n= 96
Tactic call autorewrite-regression-quadratic ran for 0.121 secs (0.121u,0.s) (success)
Tactic call autorewrite-noop-regression-linear ran for 0.001 secs (0.001u,0.s) (success)
Tactic call abstract+autorewrite-regression-quadratic ran for 0.216 secs (0.216u,0.s) (success)
Tactic call close-abstract+autorewrite-regression-quadratic ran for 0.092 secs (0.092u,0.s)
Params: n= 97
Tactic call autorewrite-regression-quadratic ran for 0.124 secs (0.124u,0.s) (success)
Tactic call autorewrite-noop-regression-linear ran for 0.001 secs (0.001u,0.s) (success)
Tactic call abstract+autorewrite-regression-quadratic ran for 0.207 secs (0.207u,0.s) (success)
Tactic call close-abstract+autorewrite-regression-quadratic ran for 0.08 secs (0.08u,0.s)
Params: n= 98
Tactic call autorewrite-regression-quadratic ran for 0.125 secs (0.125u,0.s) (success)
Tactic call autorewrite-noop-regression-linear ran for 0.001 secs (0.001u,0.s) (success)
Tactic call abstract+autorewrite-regression-quadratic ran for 0.211 secs (0.211u,0.s) (success)
Tactic call close-abstract+autorewrite-regression-quadratic ran for 0.083 secs (0.083u,0.s)
Params: n= 99
Tactic call autorewrite-regression-quadratic ran for 0.128 secs (0.128u,0.s) (success)
Tactic call autorewrite-noop-regression-linear ran for 0.001 secs (0.001u,0.s) (success)
Tactic call abstract+autorewrite-regression-quadratic ran for 0.216 secs (0.216u,0.s) (success)
Tactic call close-abstract+autorewrite-regression-quadratic ran for 0.084 secs (0.084u,0.s)
Params: n= 110
Tactic call autorewrite-regression-quadratic ran for 0.158 secs (0.158u,0.s) (success)
Tactic call autorewrite-noop-regression-linear ran for 0.001 secs (0.001u,0.s) (success)
Tactic call abstract+autorewrite-regression-quadratic ran for 0.266 secs (0.266u,0.s) (success)
Tactic call close-abstract+autorewrite-regression-quadratic ran for 0.105 secs (0.105u,0.s)
Params: n= 120
Tactic call autorewrite-regression-quadratic ran for 0.186 secs (0.186u,0.s) (success)
Tactic call autorewrite-noop-regression-linear ran for 0.001 secs (0.001u,0.s) (success)
Tactic call abstract+autorewrite-regression-quadratic ran for 0.312 secs (0.312u,0.s) (success)
Tactic call close-abstract+autorewrite-regression-quadratic ran for 0.123 secs (0.123u,0.s)
Params: n= 130
Tactic call autorewrite-regression-quadratic ran for 0.224 secs (0.224u,0.s) (success)
Tactic call autorewrite-noop-regression-linear ran for 0.002 secs (0.002u,0.s) (success)
Tactic call abstract+autorewrite-regression-quadratic ran for 0.385 secs (0.385u,0.s) (success)
Tactic call close-abstract+autorewrite-regression-quadratic ran for 0.157 secs (0.157u,0.s)
Params: n= 140
Tactic call autorewrite-regression-quadratic ran for 0.271 secs (0.271u,0.s) (success)
Tactic call autorewrite-noop-regression-linear ran for 0.002 secs (0.002u,0.s) (success)
Tactic call abstract+autorewrite-regression-quadratic ran for 0.459 secs (0.455u,0.003s) (success)
Tactic call close-abstract+autorewrite-regression-quadratic ran for 0.184 secs (0.18u,0.003s)
Params: n= 160
Tactic call autorewrite-regression-quadratic ran for 0.355 secs (0.355u,0.s) (success)
Tactic call autorewrite-noop-regression-linear ran for 0.002 secs (0.002u,0.s) (success)
Tactic call abstract+autorewrite-regression-quadratic ran for 0.6 secs (0.6u,0.s) (success)
Tactic call close-abstract+autorewrite-regression-quadratic ran for 0.24 secs (0.24u,0.s)
Params: n= 170
Tactic call autorewrite-regression-quadratic ran for 0.401 secs (0.4u,0.s) (success)
Tactic call autorewrite-noop-regression-linear ran for 0.002 secs (0.002u,0.s) (success)
Tactic call abstract+autorewrite-regression-quadratic ran for 0.678 secs (0.674u,0.003s) (success)
Tactic call close-abstract+autorewrite-regression-quadratic ran for 0.272 secs (0.268u,0.003s)
Params: n= 180
Tactic call autorewrite-regression-quadratic ran for 0.45 secs (0.45u,0.s) (success)
Tactic call autorewrite-noop-regression-linear ran for 0.003 secs (0.003u,0.s) (success)
Tactic call abstract+autorewrite-regression-quadratic ran for 0.743 secs (0.743u,0.s) (success)
Tactic call close-abstract+autorewrite-regression-quadratic ran for 0.288 secs (0.288u,0.s)
Params: n= 190
Tactic call autorewrite-regression-quadratic ran for 0.488 secs (0.484u,0.003s) (success)
Tactic call autorewrite-noop-regression-linear ran for 0.005 secs (0.005u,0.s) (success)
Tactic call abstract+autorewrite-regression-quadratic ran for 0.806 secs (0.801u,0.004s) (success)
Tactic call close-abstract+autorewrite-regression-quadratic ran for 0.31 secs (0.31u,0.s)
Params: n= 210
Tactic call autorewrite-regression-quadratic ran for 0.612 secs (0.612u,0.s) (success)
Tactic call autorewrite-noop-regression-linear ran for 0.003 secs (0.003u,0.s) (success)
Tactic call abstract+autorewrite-regression-quadratic ran for 1.004 secs (1.u,0.003s) (success)
Tactic call close-abstract+autorewrite-regression-quadratic ran for 0.386 secs (0.382u,0.003s)
Params: n= 220
Tactic call autorewrite-regression-quadratic ran for 0.667 secs (0.659u,0.007s) (success)
Tactic call autorewrite-noop-regression-linear ran for 0.004 secs (0.004u,0.s) (success)
Tactic call abstract+autorewrite-regression-quadratic ran for 1.091 secs (1.083u,0.008s) (success)
Tactic call close-abstract+autorewrite-regression-quadratic ran for 0.418 secs (0.418u,0.s)
Params: n= 230
Tactic call autorewrite-regression-quadratic ran for 0.747 secs (0.743u,0.003s) (success)
Tactic call autorewrite-noop-regression-linear ran for 0.004 secs (0.004u,0.s) (success)
Tactic call abstract+autorewrite-regression-quadratic ran for 1.254 secs (1.25u,0.004s) (success)
Tactic call close-abstract+autorewrite-regression-quadratic ran for 0.496 secs (0.496u,0.s)
Params: n= 240
Tactic call autorewrite-regression-quadratic ran for 0.826 secs (0.826u,0.s) (success)
Tactic call autorewrite-noop-regression-linear ran for 0.004 secs (0.004u,0.s) (success)
Tactic call abstract+autorewrite-regression-quadratic ran for 1.367 secs (1.367u,0.s) (success)
Tactic call close-abstract+autorewrite-regression-quadratic ran for 0.534 secs (0.534u,0.s)
Params: n= 260
Tactic call autorewrite-regression-quadratic ran for 0.995 secs (0.994u,0.s) (success)
Tactic call autorewrite-noop-regression-linear ran for 0.005 secs (0.005u,0.s) (success)
Tactic call abstract+autorewrite-regression-quadratic ran for 1.582 secs (1.581u,0.s) (success)
Tactic call close-abstract+autorewrite-regression-quadratic ran for 0.58 secs (0.579u,0.s)
Params: n= 270
Tactic call autorewrite-regression-quadratic ran for 1.056 secs (1.056u,0.s) (success)
Tactic call autorewrite-noop-regression-linear ran for 0.007 secs (0.007u,0.s) (success)
Tactic call abstract+autorewrite-regression-quadratic ran for 1.686 secs (1.686u,0.s) (success)
Tactic call close-abstract+autorewrite-regression-quadratic ran for 0.62 secs (0.62u,0.s)
Params: n= 280
Tactic call autorewrite-regression-quadratic ran for 1.142 secs (1.142u,0.s) (success)
Tactic call autorewrite-noop-regression-linear ran for 0.005 secs (0.005u,0.s) (success)
Tactic call abstract+autorewrite-regression-quadratic ran for 1.861 secs (1.861u,0.s) (success)
Tactic call close-abstract+autorewrite-regression-quadratic ran for 0.71 secs (0.71u,0.s)
Params: n= 290
Tactic call autorewrite-regression-quadratic ran for 1.252 secs (1.252u,0.s) (success)
Tactic call autorewrite-noop-regression-linear ran for 0.006 secs (0.006u,0.s) (success)
Tactic call abstract+autorewrite-regression-quadratic ran for 2.031 secs (2.031u,0.s) (success)
Tactic call close-abstract+autorewrite-regression-quadratic ran for 0.771 secs (0.771u,0.s)
Params: n= 310
Tactic call autorewrite-regression-quadratic ran for 1.488 secs (1.484u,0.004s) (success)
Tactic call autorewrite-noop-regression-linear ran for 0.009 secs (0.009u,0.s) (success)
Tactic call abstract+autorewrite-regression-quadratic ran for 2.328 secs (2.324u,0.004s) (success)
Tactic call close-abstract+autorewrite-regression-quadratic ran for 0.829 secs (0.829u,0.s)
Params: n= 320
Tactic call autorewrite-regression-quadratic ran for 1.554 secs (1.548u,0.003s) (success)
Tactic call autorewrite-noop-regression-linear ran for 0.007 secs (0.007u,0.s) (success)
Tactic call abstract+autorewrite-regression-quadratic ran for 2.43 secs (2.424u,0.003s) (success)
Tactic call close-abstract+autorewrite-regression-quadratic ran for 0.865 secs (0.865u,0.s)
Params: n= 330
Tactic call autorewrite-regression-quadratic ran for 1.637 secs (1.637u,0.s) (success)
Tactic call autorewrite-noop-regression-linear ran for 0.007 secs (0.007u,0.s) (success)
Tactic call abstract+autorewrite-regression-quadratic ran for 2.676 secs (2.671u,0.004s) (success)
Tactic call close-abstract+autorewrite-regression-quadratic ran for 1.029 secs (1.025u,0.004s)
Params: n= 340
Tactic call autorewrite-regression-quadratic ran for 1.756 secs (1.751u,0.004s) (success)
Tactic call autorewrite-noop-regression-linear ran for 0.01 secs (0.01u,0.s) (success)
Tactic call abstract+autorewrite-regression-quadratic ran for 2.763 secs (2.759u,0.004s) (success)
Tactic call close-abstract+autorewrite-regression-quadratic ran for 0.995 secs (0.995u,0.s)
Params: n= 360
Tactic call autorewrite-regression-quadratic ran for 1.976 secs (1.976u,0.s) (success)
Tactic call autorewrite-noop-regression-linear ran for 0.01 secs (0.01u,0.s) (success)
Tactic call abstract+autorewrite-regression-quadratic ran for 3.163 secs (3.158u,0.004s) (success)
Tactic call close-abstract+autorewrite-regression-quadratic ran for 1.173 secs (1.169u,0.004s)
Params: n= 370
Tactic call autorewrite-regression-quadratic ran for 2.134 secs (2.134u,0.s) (success)
Tactic call autorewrite-noop-regression-linear ran for 0.008 secs (0.008u,0.s) (success)
Tactic call abstract+autorewrite-regression-quadratic ran for 3.33 secs (3.329u,0.s) (success)
Tactic call close-abstract+autorewrite-regression-quadratic ran for 1.184 secs (1.184u,0.s)
Params: n= 380
Tactic call autorewrite-regression-quadratic ran for 2.224 secs (2.224u,0.s) (success)
Tactic call autorewrite-noop-regression-linear ran for 0.009 secs (0.009u,0.s) (success)
Tactic call abstract+autorewrite-regression-quadratic ran for 3.502 secs (3.502u,0.s) (success)
Tactic call close-abstract+autorewrite-regression-quadratic ran for 1.266 secs (1.266u,0.s)
Params: n= 390
Tactic call autorewrite-regression-quadratic ran for 2.435 secs (2.435u,0.s) (success)
Tactic call autorewrite-noop-regression-linear ran for 0.009 secs (0.009u,0.s) (success)
Tactic call abstract+autorewrite-regression-quadratic ran for 3.866 secs (3.866u,0.s) (success)
Tactic call close-abstract+autorewrite-regression-quadratic ran for 1.419 secs (1.419u,0.s)
