Params: n= 50
Tactic call autorewrite-regression-quadratic ran for 0.1 secs (0.074u,0.025s) (success)
Tactic call autorewrite-noop-regression-linear ran for 0. secs (0.u,0.s) (success)
Tactic call abstract+autorewrite-regression-quadratic ran for 0.126 secs (0.099u,0.026s) (success)
Tactic call close-abstract+autorewrite-regression-quadratic ran for 0.025 secs (0.024u,0.s)
Params: n= 100
Tactic call autorewrite-regression-quadratic ran for 0.12 secs (0.12u,0.s) (success)
Tactic call autorewrite-noop-regression-linear ran for 0.001 secs (0.001u,0.s) (success)
Tactic call abstract+autorewrite-regression-quadratic ran for 0.217 secs (0.217u,0.s) (success)
Tactic call close-abstract+autorewrite-regression-quadratic ran for 0.095 secs (0.095u,0.s)
Params: n= 150
Tactic call autorewrite-regression-quadratic ran for 0.297 secs (0.297u,0.s) (success)
Tactic call autorewrite-noop-regression-linear ran for 0.002 secs (0.002u,0.s) (success)
Tactic call abstract+autorewrite-regression-quadratic ran for 0.507 secs (0.507u,0.s) (success)
Tactic call close-abstract+autorewrite-regression-quadratic ran for 0.207 secs (0.207u,0.s)
Params: n= 200
Tactic call autorewrite-regression-quadratic ran for 0.502 secs (0.491u,0.011s) (success)
Tactic call autorewrite-noop-regression-linear ran for 0.002 secs (0.002u,0.s) (success)
Tactic call abstract+autorewrite-regression-quadratic ran for 0.868 secs (0.857u,0.011s) (success)
Tactic call close-abstract+autorewrite-regression-quadratic ran for 0.362 secs (0.362u,0.s)
Params: n= 250
Tactic call autorewrite-regression-quadratic ran for 0.828 secs (0.82u,0.007s) (success)
Tactic call autorewrite-noop-regression-linear ran for 0.004 secs (0.004u,0.s) (success)
Tactic call abstract+autorewrite-regression-quadratic ran for 1.351 secs (1.339u,0.011s) (success)
Tactic call close-abstract+autorewrite-regression-quadratic ran for 0.518 secs (0.514u,0.003s)
Params: n= 300
Tactic call autorewrite-regression-quadratic ran for 1.221 secs (1.218u,0.003s) (success)
Tactic call autorewrite-noop-regression-linear ran for 0.005 secs (0.005u,0.s) (success)
Tactic call abstract+autorewrite-regression-quadratic ran for 2.001 secs (1.996u,0.003s) (success)
Tactic call close-abstract+autorewrite-regression-quadratic ran for 0.773 secs (0.773u,0.s)
Params: n= 350
Tactic call autorewrite-regression-quadratic ran for 1.765 secs (1.752u,0.012s) (success)
Tactic call autorewrite-noop-regression-linear ran for 0.007 secs (0.007u,0.s) (success)
Tactic call abstract+autorewrite-regression-quadratic ran for 2.811 secs (2.795u,0.016s) (success)
Tactic call close-abstract+autorewrite-regression-quadratic ran for 1.038 secs (1.034u,0.003s)
Params: n= 400
Tactic call autorewrite-regression-quadratic ran for 2.369 secs (2.356u,0.011s) (success)
Tactic call autorewrite-noop-regression-linear ran for 0.01 secs (0.01u,0.s) (success)
Tactic call abstract+autorewrite-regression-quadratic ran for 3.759 secs (3.745u,0.012s) (success)
Tactic call close-abstract+autorewrite-regression-quadratic ran for 1.378 secs (1.377u,0.s)
