Params: n= 50
Tactic call rewrite!-regression-quadratic ran for 0.107 secs (0.09u,0.017s) (success)
Tactic call rewrite?-noop-regression-linear ran for 0. secs (0.u,0.s) (success)
Tactic call abstract+rewrite!-regression-quadratic ran for 0.13 secs (0.113u,0.017s) (success)
Tactic call close-abstract+rewrite!-regression-quadratic ran for 0.021 secs (0.021u,0.s)
Params: n= 100
Tactic call rewrite!-regression-quadratic ran for 0.135 secs (0.135u,0.s) (success)
Tactic call rewrite?-noop-regression-linear ran for 0.001 secs (0.001u,0.s) (success)
Tactic call abstract+rewrite!-regression-quadratic ran for 0.235 secs (0.235u,0.s) (success)
Tactic call close-abstract+rewrite!-regression-quadratic ran for 0.097 secs (0.097u,0.s)
Params: n= 150
Tactic call rewrite!-regression-quadratic ran for 0.318 secs (0.318u,0.s) (success)
Tactic call rewrite?-noop-regression-linear ran for 0.002 secs (0.002u,0.s) (success)
Tactic call abstract+rewrite!-regression-quadratic ran for 0.538 secs (0.538u,0.s) (success)
Tactic call close-abstract+rewrite!-regression-quadratic ran for 0.216 secs (0.216u,0.s)
Params: n= 200
Tactic call rewrite!-regression-quadratic ran for 0.586 secs (0.582u,0.003s) (success)
Tactic call rewrite?-noop-regression-linear ran for 0.003 secs (0.003u,0.s) (success)
Tactic call abstract+rewrite!-regression-quadratic ran for 0.968 secs (0.96u,0.007s) (success)
Tactic call close-abstract+rewrite!-regression-quadratic ran for 0.377 secs (0.373u,0.003s)
Params: n= 250
Tactic call rewrite!-regression-quadratic ran for 0.952 secs (0.951u,0.s) (success)
Tactic call rewrite?-noop-regression-linear ran for 0.005 secs (0.005u,0.s) (success)
Tactic call abstract+rewrite!-regression-quadratic ran for 1.507 secs (1.502u,0.004s) (success)
Tactic call close-abstract+rewrite!-regression-quadratic ran for 0.549 secs (0.545u,0.003s)
Params: n= 300
Tactic call rewrite!-regression-quadratic ran for 1.359 secs (1.35u,0.008s) (success)
Tactic call rewrite?-noop-regression-linear ran for 0.008 secs (0.008u,0.s) (success)
Tactic call abstract+rewrite!-regression-quadratic ran for 2.147 secs (2.134u,0.012s) (success)
Tactic call close-abstract+rewrite!-regression-quadratic ran for 0.779 secs (0.775u,0.003s)
Params: n= 350
Tactic call rewrite!-regression-quadratic ran for 1.986 secs (1.968u,0.016s) (success)
Tactic call rewrite?-noop-regression-linear ran for 0.008 secs (0.008u,0.s) (success)
Tactic call abstract+rewrite!-regression-quadratic ran for 3.099 secs (3.081u,0.016s) (success)
Tactic call close-abstract+rewrite!-regression-quadratic ran for 1.102 secs (1.102u,0.s)
Params: n= 400
Tactic call rewrite!-regression-quadratic ran for 2.604 secs (2.595u,0.008s) (success)
Tactic call rewrite?-noop-regression-linear ran for 0.01 secs (0.01u,0.s) (success)
Tactic call abstract+rewrite!-regression-quadratic ran for 4.055 secs (4.046u,0.008s) (success)
Tactic call close-abstract+rewrite!-regression-quadratic ran for 1.439 secs (1.439u,0.s)
