Params: n= 4
Tactic call ssr-rewrite!-regression-quadratic ran for 0.001 secs (0.u,0.s) (success)
Tactic call ssr-rewrite?-noop-regression-linear ran for 0. secs (0.u,0.s) (success)
Tactic call abstract-regression-quadratic ran for 0.002 secs (0.001u,0.s) (success)
Tactic call close-abstract-regression-quadratic ran for 0. secs (0.u,0.s)
Params: n= 5
Tactic call ssr-rewrite!-regression-quadratic ran for 0. secs (0.u,0.s) (success)
Tactic call ssr-rewrite?-noop-regression-linear ran for 0. secs (0.u,0.s) (success)
Tactic call abstract-regression-quadratic ran for 0.002 secs (0.u,0.002s) (success)
Tactic call close-abstract-regression-quadratic ran for 0.001 secs (0.u,0.001s)
Params: n= 6
Tactic call ssr-rewrite!-regression-quadratic ran for 0.001 secs (0.001u,0.s) (success)
Tactic call ssr-rewrite?-noop-regression-linear ran for 0. secs (0.u,0.s) (success)
Tactic call abstract-regression-quadratic ran for 0.003 secs (0.003u,0.s) (success)
Tactic call close-abstract-regression-quadratic ran for 0.001 secs (0.001u,0.s)
Params: n= 7
Tactic call ssr-rewrite!-regression-quadratic ran for 0.001 secs (0.001u,0.s) (success)
Tactic call ssr-rewrite?-noop-regression-linear ran for 0. secs (0.u,0.s) (success)
Tactic call abstract-regression-quadratic ran for 0.003 secs (0.003u,0.s) (success)
Tactic call close-abstract-regression-quadratic ran for 0.001 secs (0.001u,0.s)
Params: n= 8
Tactic call ssr-rewrite!-regression-quadratic ran for 0.001 secs (0.u,0.001s) (success)
Tactic call ssr-rewrite?-noop-regression-linear ran for 0. secs (0.u,0.s) (success)
Tactic call abstract-regression-quadratic ran for 0.004 secs (0.u,0.003s) (success)
Tactic call close-abstract-regression-quadratic ran for 0.001 secs (0.u,0.001s)
Params: n= 9
Tactic call ssr-rewrite!-regression-quadratic ran for 0.002 secs (0.002u,0.s) (success)
Tactic call ssr-rewrite?-noop-regression-linear ran for 0. secs (0.u,0.s) (success)
Tactic call abstract-regression-quadratic ran for 0.004 secs (0.004u,0.s) (success)
Tactic call close-abstract-regression-quadratic ran for 0.002 secs (0.002u,0.s)
Params: n= 10
Tactic call ssr-rewrite!-regression-quadratic ran for 0.002 secs (0.u,0.002s) (success)
Tactic call ssr-rewrite?-noop-regression-linear ran for 0. secs (0.u,0.s) (success)
Tactic call abstract-regression-quadratic ran for 0.005 secs (0.001u,0.004s) (success)
Tactic call close-abstract-regression-quadratic ran for 0.002 secs (0.001u,0.s)
Params: n= 11
Tactic call ssr-rewrite!-regression-quadratic ran for 0.003 secs (0.003u,0.s) (success)
Tactic call ssr-rewrite?-noop-regression-linear ran for 0. secs (0.u,0.s) (success)
Tactic call abstract-regression-quadratic ran for 0.007 secs (0.007u,0.s) (success)
Tactic call close-abstract-regression-quadratic ran for 0.003 secs (0.003u,0.s)
Params: n= 12
Tactic call ssr-rewrite!-regression-quadratic ran for 0.004 secs (0.004u,0.s) (success)
Tactic call ssr-rewrite?-noop-regression-linear ran for 0. secs (0.u,0.s) (success)
Tactic call abstract-regression-quadratic ran for 0.008 secs (0.005u,0.003s) (success)
Tactic call close-abstract-regression-quadratic ran for 0.003 secs (0.u,0.003s)
Params: n= 13
Tactic call ssr-rewrite!-regression-quadratic ran for 0.058 secs (0.058u,0.s) (success)
Tactic call ssr-rewrite?-noop-regression-linear ran for 0. secs (0.u,0.s) (success)
Tactic call abstract-regression-quadratic ran for 0.062 secs (0.061u,0.s) (success)
Tactic call close-abstract-regression-quadratic ran for 0.003 secs (0.003u,0.s)
Params: n= 14
Tactic call ssr-rewrite!-regression-quadratic ran for 0.002 secs (0.002u,0.s) (success)
Tactic call ssr-rewrite?-noop-regression-linear ran for 0. secs (0.u,0.s) (success)
Tactic call abstract-regression-quadratic ran for 0.006 secs (0.006u,0.s) (success)
Tactic call close-abstract-regression-quadratic ran for 0.003 secs (0.003u,0.s)
Params: n= 15
Tactic call ssr-rewrite!-regression-quadratic ran for 0.003 secs (0.003u,0.s) (success)
Tactic call ssr-rewrite?-noop-regression-linear ran for 0. secs (0.u,0.s) (success)
Tactic call abstract-regression-quadratic ran for 0.007 secs (0.007u,0.s) (success)
Tactic call close-abstract-regression-quadratic ran for 0.003 secs (0.003u,0.s)
Params: n= 16
Tactic call ssr-rewrite!-regression-quadratic ran for 0.003 secs (0.003u,0.s) (success)
Tactic call ssr-rewrite?-noop-regression-linear ran for 0. secs (0.u,0.s) (success)
Tactic call abstract-regression-quadratic ran for 0.008 secs (0.008u,0.s) (success)
Tactic call close-abstract-regression-quadratic ran for 0.004 secs (0.004u,0.s)
Params: n= 17
Tactic call ssr-rewrite!-regression-quadratic ran for 0.004 secs (0.004u,0.s) (success)
Tactic call ssr-rewrite?-noop-regression-linear ran for 0. secs (0.u,0.s) (success)
Tactic call abstract-regression-quadratic ran for 0.009 secs (0.009u,0.s) (success)
Tactic call close-abstract-regression-quadratic ran for 0.004 secs (0.004u,0.s)
Params: n= 18
Tactic call ssr-rewrite!-regression-quadratic ran for 0.004 secs (0.004u,0.s) (success)
Tactic call ssr-rewrite?-noop-regression-linear ran for 0. secs (0.u,0.s) (success)
Tactic call abstract-regression-quadratic ran for 0.009 secs (0.009u,0.s) (success)
Tactic call close-abstract-regression-quadratic ran for 0.005 secs (0.005u,0.s)
Params: n= 19
Tactic call ssr-rewrite!-regression-quadratic ran for 0.004 secs (0.004u,0.s) (success)
Tactic call ssr-rewrite?-noop-regression-linear ran for 0. secs (0.u,0.s) (success)
Tactic call abstract-regression-quadratic ran for 0.01 secs (0.01u,0.s) (success)
Tactic call close-abstract-regression-quadratic ran for 0.005 secs (0.005u,0.s)
Params: n= 20
Tactic call ssr-rewrite!-regression-quadratic ran for 0.005 secs (0.005u,0.s) (success)
Tactic call ssr-rewrite?-noop-regression-linear ran for 0. secs (0.u,0.s) (success)
Tactic call abstract-regression-quadratic ran for 0.014 secs (0.014u,0.s) (success)
Tactic call close-abstract-regression-quadratic ran for 0.008 secs (0.008u,0.s)
Params: n= 21
Tactic call ssr-rewrite!-regression-quadratic ran for 0.005 secs (0.005u,0.s) (success)
Tactic call ssr-rewrite?-noop-regression-linear ran for 0. secs (0.u,0.s) (success)
Tactic call abstract-regression-quadratic ran for 0.013 secs (0.013u,0.s) (success)
Tactic call close-abstract-regression-quadratic ran for 0.007 secs (0.007u,0.s)
Params: n= 22
Tactic call ssr-rewrite!-regression-quadratic ran for 0.006 secs (0.006u,0.s) (success)
Tactic call ssr-rewrite?-noop-regression-linear ran for 0. secs (0.u,0.s) (success)
Tactic call abstract-regression-quadratic ran for 0.014 secs (0.014u,0.s) (success)
Tactic call close-abstract-regression-quadratic ran for 0.007 secs (0.007u,0.s)
Params: n= 23
Tactic call ssr-rewrite!-regression-quadratic ran for 0.006 secs (0.006u,0.s) (success)
Tactic call ssr-rewrite?-noop-regression-linear ran for 0. secs (0.u,0.s) (success)
Tactic call abstract-regression-quadratic ran for 0.015 secs (0.015u,0.s) (success)
Tactic call close-abstract-regression-quadratic ran for 0.008 secs (0.008u,0.s)
Params: n= 24
Tactic call ssr-rewrite!-regression-quadratic ran for 0.007 secs (0.007u,0.s) (success)
Tactic call ssr-rewrite?-noop-regression-linear ran for 0. secs (0.u,0.s) (success)
Tactic call abstract-regression-quadratic ran for 0.016 secs (0.016u,0.s) (success)
Tactic call close-abstract-regression-quadratic ran for 0.008 secs (0.008u,0.s)
Params: n= 25
Tactic call ssr-rewrite!-regression-quadratic ran for 0.009 secs (0.009u,0.s) (success)
Tactic call ssr-rewrite?-noop-regression-linear ran for 0. secs (0.u,0.s) (success)
Tactic call abstract-regression-quadratic ran for 0.019 secs (0.019u,0.s) (success)
Tactic call close-abstract-regression-quadratic ran for 0.009 secs (0.009u,0.s)
Params: n= 26
Tactic call ssr-rewrite!-regression-quadratic ran for 0.008 secs (0.008u,0.s) (success)
Tactic call ssr-rewrite?-noop-regression-linear ran for 0. secs (0.u,0.s) (success)
Tactic call abstract-regression-quadratic ran for 0.018 secs (0.018u,0.s) (success)
Tactic call close-abstract-regression-quadratic ran for 0.01 secs (0.01u,0.s)
Params: n= 27
Tactic call ssr-rewrite!-regression-quadratic ran for 0.008 secs (0.008u,0.s) (success)
Tactic call ssr-rewrite?-noop-regression-linear ran for 0. secs (0.u,0.s) (success)
Tactic call abstract-regression-quadratic ran for 0.02 secs (0.02u,0.s) (success)
Tactic call close-abstract-regression-quadratic ran for 0.011 secs (0.011u,0.s)
Params: n= 28
Tactic call ssr-rewrite!-regression-quadratic ran for 0.009 secs (0.009u,0.s) (success)
Tactic call ssr-rewrite?-noop-regression-linear ran for 0. secs (0.u,0.s) (success)
Tactic call abstract-regression-quadratic ran for 0.023 secs (0.023u,0.s) (success)
Tactic call close-abstract-regression-quadratic ran for 0.013 secs (0.013u,0.s)
Params: n= 29
Tactic call ssr-rewrite!-regression-quadratic ran for 0.009 secs (0.009u,0.s) (success)
Tactic call ssr-rewrite?-noop-regression-linear ran for 0. secs (0.u,0.s) (success)
Tactic call abstract-regression-quadratic ran for 0.022 secs (0.022u,0.s) (success)
Tactic call close-abstract-regression-quadratic ran for 0.012 secs (0.012u,0.s)
Params: n= 30
Tactic call ssr-rewrite!-regression-quadratic ran for 0.01 secs (0.01u,0.s) (success)
Tactic call ssr-rewrite?-noop-regression-linear ran for 0. secs (0.u,0.s) (success)
Tactic call abstract-regression-quadratic ran for 0.024 secs (0.024u,0.s) (success)
Tactic call close-abstract-regression-quadratic ran for 0.013 secs (0.013u,0.s)
Params: n= 31
Tactic call ssr-rewrite!-regression-quadratic ran for 0.013 secs (0.013u,0.s) (success)
Tactic call ssr-rewrite?-noop-regression-linear ran for 0. secs (0.u,0.s) (success)
Tactic call abstract-regression-quadratic ran for 0.028 secs (0.028u,0.s) (success)
Tactic call close-abstract-regression-quadratic ran for 0.014 secs (0.014u,0.s)
Params: n= 32
Tactic call ssr-rewrite!-regression-quadratic ran for 0.011 secs (0.011u,0.s) (success)
Tactic call ssr-rewrite?-noop-regression-linear ran for 0. secs (0.u,0.s) (success)
Tactic call abstract-regression-quadratic ran for 0.027 secs (0.027u,0.s) (success)
Tactic call close-abstract-regression-quadratic ran for 0.015 secs (0.015u,0.s)
Params: n= 33
Tactic call ssr-rewrite!-regression-quadratic ran for 0.012 secs (0.012u,0.s) (success)
Tactic call ssr-rewrite?-noop-regression-linear ran for 0. secs (0.u,0.s) (success)
Tactic call abstract-regression-quadratic ran for 0.03 secs (0.03u,0.s) (success)
Tactic call close-abstract-regression-quadratic ran for 0.017 secs (0.017u,0.s)
Params: n= 34
Tactic call ssr-rewrite!-regression-quadratic ran for 0.012 secs (0.012u,0.s) (success)
Tactic call ssr-rewrite?-noop-regression-linear ran for 0. secs (0.u,0.s) (success)
Tactic call abstract-regression-quadratic ran for 0.03 secs (0.03u,0.s) (success)
Tactic call close-abstract-regression-quadratic ran for 0.017 secs (0.017u,0.s)
Params: n= 35
Tactic call ssr-rewrite!-regression-quadratic ran for 0.013 secs (0.013u,0.s) (success)
Tactic call ssr-rewrite?-noop-regression-linear ran for 0. secs (0.u,0.s) (success)
Tactic call abstract-regression-quadratic ran for 0.034 secs (0.034u,0.s) (success)
Tactic call close-abstract-regression-quadratic ran for 0.02 secs (0.02u,0.s)
Params: n= 36
Tactic call ssr-rewrite!-regression-quadratic ran for 0.014 secs (0.014u,0.s) (success)
Tactic call ssr-rewrite?-noop-regression-linear ran for 0. secs (0.u,0.s) (success)
Tactic call abstract-regression-quadratic ran for 0.034 secs (0.034u,0.s) (success)
Tactic call close-abstract-regression-quadratic ran for 0.019 secs (0.019u,0.s)
Params: n= 37
Tactic call ssr-rewrite!-regression-quadratic ran for 0.015 secs (0.015u,0.s) (success)
Tactic call ssr-rewrite?-noop-regression-linear ran for 0. secs (0.u,0.s) (success)
Tactic call abstract-regression-quadratic ran for 0.041 secs (0.037u,0.003s) (success)
Tactic call close-abstract-regression-quadratic ran for 0.025 secs (0.021u,0.003s)
Params: n= 38
Tactic call ssr-rewrite!-regression-quadratic ran for 0.016 secs (0.017u,0.s) (success)
Tactic call ssr-rewrite?-noop-regression-linear ran for 0. secs (0.u,0.s) (success)
Tactic call abstract-regression-quadratic ran for 0.039 secs (0.039u,0.s) (success)
Tactic call close-abstract-regression-quadratic ran for 0.022 secs (0.021u,0.s)
Params: n= 39
Tactic call ssr-rewrite!-regression-quadratic ran for 0.016 secs (0.016u,0.s) (success)
Tactic call ssr-rewrite?-noop-regression-linear ran for 0. secs (0.u,0.s) (success)
Tactic call abstract-regression-quadratic ran for 0.042 secs (0.042u,0.s) (success)
Tactic call close-abstract-regression-quadratic ran for 0.025 secs (0.025u,0.s)
Params: n= 40
Tactic call ssr-rewrite!-regression-quadratic ran for 0.017 secs (0.017u,0.s) (success)
Tactic call ssr-rewrite?-noop-regression-linear ran for 0. secs (0.u,0.s) (success)
Tactic call abstract-regression-quadratic ran for 0.042 secs (0.042u,0.s) (success)
Tactic call close-abstract-regression-quadratic ran for 0.024 secs (0.024u,0.s)
Params: n= 41
Tactic call ssr-rewrite!-regression-quadratic ran for 0.02 secs (0.02u,0.s) (success)
Tactic call ssr-rewrite?-noop-regression-linear ran for 0. secs (0.u,0.s) (success)
Tactic call abstract-regression-quadratic ran for 0.047 secs (0.047u,0.s) (success)
Tactic call close-abstract-regression-quadratic ran for 0.026 secs (0.026u,0.s)
Params: n= 42
Tactic call ssr-rewrite!-regression-quadratic ran for 0.019 secs (0.019u,0.s) (success)
Tactic call ssr-rewrite?-noop-regression-linear ran for 0. secs (0.u,0.s) (success)
Tactic call abstract-regression-quadratic ran for 0.048 secs (0.048u,0.s) (success)
Tactic call close-abstract-regression-quadratic ran for 0.028 secs (0.028u,0.s)
Params: n= 43
Tactic call ssr-rewrite!-regression-quadratic ran for 0.019 secs (0.019u,0.s) (success)
Tactic call ssr-rewrite?-noop-regression-linear ran for 0. secs (0.u,0.s) (success)
Tactic call abstract-regression-quadratic ran for 0.047 secs (0.047u,0.s) (success)
Tactic call close-abstract-regression-quadratic ran for 0.027 secs (0.027u,0.s)
Params: n= 44
Tactic call ssr-rewrite!-regression-quadratic ran for 0.022 secs (0.022u,0.s) (success)
Tactic call ssr-rewrite?-noop-regression-linear ran for 0. secs (0.u,0.s) (success)
Tactic call abstract-regression-quadratic ran for 0.051 secs (0.051u,0.s) (success)
Tactic call close-abstract-regression-quadratic ran for 0.028 secs (0.028u,0.s)
Params: n= 45
Tactic call ssr-rewrite!-regression-quadratic ran for 0.023 secs (0.023u,0.s) (success)
Tactic call ssr-rewrite?-noop-regression-linear ran for 0. secs (0.u,0.s) (success)
Tactic call abstract-regression-quadratic ran for 0.055 secs (0.055u,0.s) (success)
Tactic call close-abstract-regression-quadratic ran for 0.03 secs (0.03u,0.s)
Params: n= 46
Tactic call ssr-rewrite!-regression-quadratic ran for 0.022 secs (0.022u,0.s) (success)
Tactic call ssr-rewrite?-noop-regression-linear ran for 0. secs (0.u,0.s) (success)
Tactic call abstract-regression-quadratic ran for 0.057 secs (0.057u,0.s) (success)
Tactic call close-abstract-regression-quadratic ran for 0.034 secs (0.034u,0.s)
Params: n= 47
Tactic call ssr-rewrite!-regression-quadratic ran for 0.023 secs (0.023u,0.s) (success)
Tactic call ssr-rewrite?-noop-regression-linear ran for 0. secs (0.u,0.s) (success)
Tactic call abstract-regression-quadratic ran for 0.064 secs (0.064u,0.s) (success)
Tactic call close-abstract-regression-quadratic ran for 0.04 secs (0.04u,0.s)
Params: n= 48
Tactic call ssr-rewrite!-regression-quadratic ran for 0.023 secs (0.023u,0.s) (success)
Tactic call ssr-rewrite?-noop-regression-linear ran for 0. secs (0.u,0.s) (success)
Tactic call abstract-regression-quadratic ran for 0.06 secs (0.06u,0.s) (success)
Tactic call close-abstract-regression-quadratic ran for 0.035 secs (0.035u,0.s)
Params: n= 49
Tactic call ssr-rewrite!-regression-quadratic ran for 0.025 secs (0.025u,0.s) (success)
Tactic call ssr-rewrite?-noop-regression-linear ran for 0. secs (0.u,0.s) (success)
Tactic call abstract-regression-quadratic ran for 0.064 secs (0.063u,0.s) (success)
Tactic call close-abstract-regression-quadratic ran for 0.037 secs (0.037u,0.s)
Params: n= 51
Tactic call ssr-rewrite!-regression-quadratic ran for 0.028 secs (0.028u,0.s) (success)
Tactic call ssr-rewrite?-noop-regression-linear ran for 0. secs (0.u,0.s) (success)
Tactic call abstract-regression-quadratic ran for 0.069 secs (0.069u,0.s) (success)
Tactic call close-abstract-regression-quadratic ran for 0.04 secs (0.04u,0.s)
Params: n= 52
Tactic call ssr-rewrite!-regression-quadratic ran for 0.028 secs (0.028u,0.s) (success)
Tactic call ssr-rewrite?-noop-regression-linear ran for 0. secs (0.u,0.s) (success)
Tactic call abstract-regression-quadratic ran for 0.07 secs (0.07u,0.s) (success)
Tactic call close-abstract-regression-quadratic ran for 0.04 secs (0.04u,0.s)
Params: n= 53
Tactic call ssr-rewrite!-regression-quadratic ran for 0.029 secs (0.029u,0.s) (success)
Tactic call ssr-rewrite?-noop-regression-linear ran for 0. secs (0.u,0.s) (success)
Tactic call abstract-regression-quadratic ran for 0.075 secs (0.075u,0.s) (success)
Tactic call close-abstract-regression-quadratic ran for 0.045 secs (0.045u,0.s)
Params: n= 54
Tactic call ssr-rewrite!-regression-quadratic ran for 0.029 secs (0.029u,0.s) (success)
Tactic call ssr-rewrite?-noop-regression-linear ran for 0. secs (0.u,0.s) (success)
Tactic call abstract-regression-quadratic ran for 0.077 secs (0.077u,0.s) (success)
Tactic call close-abstract-regression-quadratic ran for 0.047 secs (0.047u,0.s)
Params: n= 55
Tactic call ssr-rewrite!-regression-quadratic ran for 0.03 secs (0.03u,0.s) (success)
Tactic call ssr-rewrite?-noop-regression-linear ran for 0. secs (0.u,0.s) (success)
Tactic call abstract-regression-quadratic ran for 0.079 secs (0.079u,0.s) (success)
Tactic call close-abstract-regression-quadratic ran for 0.047 secs (0.047u,0.s)
Params: n= 56
Tactic call ssr-rewrite!-regression-quadratic ran for 0.031 secs (0.031u,0.s) (success)
Tactic call ssr-rewrite?-noop-regression-linear ran for 0. secs (0.u,0.s) (success)
Tactic call abstract-regression-quadratic ran for 0.083 secs (0.083u,0.s) (success)
Tactic call close-abstract-regression-quadratic ran for 0.05 secs (0.05u,0.s)
Params: n= 57
Tactic call ssr-rewrite!-regression-quadratic ran for 0.037 secs (0.033u,0.003s) (success)
Tactic call ssr-rewrite?-noop-regression-linear ran for 0. secs (0.u,0.s) (success)
Tactic call abstract-regression-quadratic ran for 0.085 secs (0.082u,0.003s) (success)
Tactic call close-abstract-regression-quadratic ran for 0.047 secs (0.047u,0.s)
Params: n= 58
Tactic call ssr-rewrite!-regression-quadratic ran for 0.038 secs (0.038u,0.s) (success)
Tactic call ssr-rewrite?-noop-regression-linear ran for 0. secs (0.u,0.s) (success)
Tactic call abstract-regression-quadratic ran for 0.092 secs (0.091u,0.s) (success)
Tactic call close-abstract-regression-quadratic ran for 0.051 secs (0.051u,0.s)
Params: n= 59
Tactic call ssr-rewrite!-regression-quadratic ran for 0.038 secs (0.037u,0.s) (success)
Tactic call ssr-rewrite?-noop-regression-linear ran for 0. secs (0.u,0.s) (success)
Tactic call abstract-regression-quadratic ran for 0.095 secs (0.095u,0.s) (success)
Tactic call close-abstract-regression-quadratic ran for 0.056 secs (0.056u,0.s)
Params: n= 60
Tactic call ssr-rewrite!-regression-quadratic ran for 0.036 secs (0.036u,0.s) (success)
Tactic call ssr-rewrite?-noop-regression-linear ran for 0. secs (0.u,0.s) (success)
Tactic call abstract-regression-quadratic ran for 0.095 secs (0.091u,0.003s) (success)
Tactic call close-abstract-regression-quadratic ran for 0.057 secs (0.054u,0.003s)
Params: n= 61
Tactic call ssr-rewrite!-regression-quadratic ran for 0.045 secs (0.045u,0.s) (success)
Tactic call ssr-rewrite?-noop-regression-linear ran for 0. secs (0.u,0.s) (success)
Tactic call abstract-regression-quadratic ran for 0.102 secs (0.102u,0.s) (success)
Tactic call close-abstract-regression-quadratic ran for 0.056 secs (0.056u,0.s)
Params: n= 62
Tactic call ssr-rewrite!-regression-quadratic ran for 0.039 secs (0.039u,0.s) (success)
Tactic call ssr-rewrite?-noop-regression-linear ran for 0. secs (0.u,0.s) (success)
Tactic call abstract-regression-quadratic ran for 0.102 secs (0.102u,0.s) (success)
Tactic call close-abstract-regression-quadratic ran for 0.061 secs (0.061u,0.s)
Params: n= 63
Tactic call ssr-rewrite!-regression-quadratic ran for 0.043 secs (0.043u,0.s) (success)
Tactic call ssr-rewrite?-noop-regression-linear ran for 0. secs (0.u,0.s) (success)
Tactic call abstract-regression-quadratic ran for 0.107 secs (0.107u,0.s) (success)
Tactic call close-abstract-regression-quadratic ran for 0.063 secs (0.063u,0.s)
Params: n= 64
Tactic call ssr-rewrite!-regression-quadratic ran for 0.041 secs (0.041u,0.s) (success)
Tactic call ssr-rewrite?-noop-regression-linear ran for 0. secs (0.u,0.s) (success)
Tactic call abstract-regression-quadratic ran for 0.107 secs (0.107u,0.s) (success)
Tactic call close-abstract-regression-quadratic ran for 0.065 secs (0.065u,0.s)
Params: n= 65
Tactic call ssr-rewrite!-regression-quadratic ran for 0.048 secs (0.048u,0.s) (success)
Tactic call ssr-rewrite?-noop-regression-linear ran for 0. secs (0.u,0.s) (success)
Tactic call abstract-regression-quadratic ran for 0.113 secs (0.113u,0.s) (success)
Tactic call close-abstract-regression-quadratic ran for 0.063 secs (0.063u,0.s)
Params: n= 66
Tactic call ssr-rewrite!-regression-quadratic ran for 0.043 secs (0.043u,0.s) (success)
Tactic call ssr-rewrite?-noop-regression-linear ran for 0. secs (0.u,0.s) (success)
Tactic call abstract-regression-quadratic ran for 0.111 secs (0.111u,0.s) (success)
Tactic call close-abstract-regression-quadratic ran for 0.066 secs (0.066u,0.s)
Params: n= 67
Tactic call ssr-rewrite!-regression-quadratic ran for 0.048 secs (0.048u,0.s) (success)
Tactic call ssr-rewrite?-noop-regression-linear ran for 0. secs (0.u,0.s) (success)
Tactic call abstract-regression-quadratic ran for 0.122 secs (0.122u,0.s) (success)
Tactic call close-abstract-regression-quadratic ran for 0.073 secs (0.073u,0.s)
Params: n= 68
Tactic call ssr-rewrite!-regression-quadratic ran for 0.054 secs (0.05u,0.003s) (success)
Tactic call ssr-rewrite?-noop-regression-linear ran for 0. secs (0.u,0.s) (success)
Tactic call abstract-regression-quadratic ran for 0.133 secs (0.129u,0.003s) (success)
Tactic call close-abstract-regression-quadratic ran for 0.077 secs (0.077u,0.s)
Params: n= 69
Tactic call ssr-rewrite!-regression-quadratic ran for 0.053 secs (0.053u,0.s) (success)
Tactic call ssr-rewrite?-noop-regression-linear ran for 0. secs (0.u,0.s) (success)
Tactic call abstract-regression-quadratic ran for 0.124 secs (0.124u,0.s) (success)
Tactic call close-abstract-regression-quadratic ran for 0.069 secs (0.069u,0.s)
Params: n= 70
Tactic call ssr-rewrite!-regression-quadratic ran for 0.062 secs (0.062u,0.s) (success)
Tactic call ssr-rewrite?-noop-regression-linear ran for 0. secs (0.u,0.s) (success)
Tactic call abstract-regression-quadratic ran for 0.14 secs (0.14u,0.s) (success)
Tactic call close-abstract-regression-quadratic ran for 0.076 secs (0.076u,0.s)
Params: n= 71
Tactic call ssr-rewrite!-regression-quadratic ran for 0.057 secs (0.057u,0.s) (success)
Tactic call ssr-rewrite?-noop-regression-linear ran for 0. secs (0.u,0.s) (success)
Tactic call abstract-regression-quadratic ran for 0.138 secs (0.138u,0.s) (success)
Tactic call close-abstract-regression-quadratic ran for 0.079 secs (0.079u,0.s)
Params: n= 72
Tactic call ssr-rewrite!-regression-quadratic ran for 0.056 secs (0.056u,0.s) (success)
Tactic call ssr-rewrite?-noop-regression-linear ran for 0. secs (0.u,0.s) (success)
Tactic call abstract-regression-quadratic ran for 0.137 secs (0.137u,0.s) (success)
Tactic call close-abstract-regression-quadratic ran for 0.079 secs (0.079u,0.s)
Params: n= 73
Tactic call ssr-rewrite!-regression-quadratic ran for 0.058 secs (0.058u,0.s) (success)
Tactic call ssr-rewrite?-noop-regression-linear ran for 0. secs (0.u,0.s) (success)
Tactic call abstract-regression-quadratic ran for 0.143 secs (0.143u,0.s) (success)
Tactic call close-abstract-regression-quadratic ran for 0.083 secs (0.083u,0.s)
Params: n= 74
Tactic call ssr-rewrite!-regression-quadratic ran for 0.06 secs (0.06u,0.s) (success)
Tactic call ssr-rewrite?-noop-regression-linear ran for 0. secs (0.u,0.s) (success)
Tactic call abstract-regression-quadratic ran for 0.148 secs (0.148u,0.s) (success)
Tactic call close-abstract-regression-quadratic ran for 0.087 secs (0.087u,0.s)
Params: n= 75
Tactic call ssr-rewrite!-regression-quadratic ran for 0.063 secs (0.063u,0.s) (success)
Tactic call ssr-rewrite?-noop-regression-linear ran for 0. secs (0.u,0.s) (success)
Tactic call abstract-regression-quadratic ran for 0.155 secs (0.155u,0.s) (success)
Tactic call close-abstract-regression-quadratic ran for 0.09 secs (0.09u,0.s)
Params: n= 76
Tactic call ssr-rewrite!-regression-quadratic ran for 0.066 secs (0.066u,0.s) (success)
Tactic call ssr-rewrite?-noop-regression-linear ran for 0. secs (0.u,0.s) (success)
Tactic call abstract-regression-quadratic ran for 0.158 secs (0.158u,0.s) (success)
Tactic call close-abstract-regression-quadratic ran for 0.091 secs (0.091u,0.s)
Params: n= 77
Tactic call ssr-rewrite!-regression-quadratic ran for 0.065 secs (0.065u,0.s) (success)
Tactic call ssr-rewrite?-noop-regression-linear ran for 0. secs (0.u,0.s) (success)
Tactic call abstract-regression-quadratic ran for 0.175 secs (0.175u,0.s) (success)
Tactic call close-abstract-regression-quadratic ran for 0.108 secs (0.108u,0.s)
Params: n= 78
Tactic call ssr-rewrite!-regression-quadratic ran for 0.073 secs (0.073u,0.s) (success)
Tactic call ssr-rewrite?-noop-regression-linear ran for 0. secs (0.u,0.s) (success)
Tactic call abstract-regression-quadratic ran for 0.163 secs (0.163u,0.s) (success)
Tactic call close-abstract-regression-quadratic ran for 0.089 secs (0.089u,0.s)
Params: n= 79
Tactic call ssr-rewrite!-regression-quadratic ran for 0.069 secs (0.067u,0.002s) (success)
Tactic call ssr-rewrite?-noop-regression-linear ran for 0. secs (0.u,0.s) (success)
Tactic call abstract-regression-quadratic ran for 0.161 secs (0.158u,0.003s) (success)
Tactic call close-abstract-regression-quadratic ran for 0.09 secs (0.09u,0.s)
Params: n= 80
Tactic call ssr-rewrite!-regression-quadratic ran for 0.067 secs (0.067u,0.s) (success)
Tactic call ssr-rewrite?-noop-regression-linear ran for 0. secs (0.u,0.s) (success)
Tactic call abstract-regression-quadratic ran for 0.164 secs (0.164u,0.s) (success)
Tactic call close-abstract-regression-quadratic ran for 0.095 secs (0.095u,0.s)
Params: n= 81
Tactic call ssr-rewrite!-regression-quadratic ran for 0.075 secs (0.071u,0.003s) (success)
Tactic call ssr-rewrite?-noop-regression-linear ran for 0. secs (0.u,0.s) (success)
Tactic call abstract-regression-quadratic ran for 0.179 secs (0.171u,0.007s) (success)
Tactic call close-abstract-regression-quadratic ran for 0.102 secs (0.098u,0.003s)
Params: n= 82
Tactic call ssr-rewrite!-regression-quadratic ran for 0.074 secs (0.074u,0.s) (success)
Tactic call ssr-rewrite?-noop-regression-linear ran for 0. secs (0.u,0.s) (success)
Tactic call abstract-regression-quadratic ran for 0.181 secs (0.18u,0.s) (success)
Tactic call close-abstract-regression-quadratic ran for 0.106 secs (0.105u,0.s)
Params: n= 83
Tactic call ssr-rewrite!-regression-quadratic ran for 0.078 secs (0.081u,0.s) (success)
Tactic call ssr-rewrite?-noop-regression-linear ran for 0. secs (0.u,0.s) (success)
Tactic call abstract-regression-quadratic ran for 0.18 secs (0.181u,0.s) (success)
Tactic call close-abstract-regression-quadratic ran for 0.1 secs (0.1u,0.s)
Params: n= 84
Tactic call ssr-rewrite!-regression-quadratic ran for 0.073 secs (0.073u,0.s) (success)
Tactic call ssr-rewrite?-noop-regression-linear ran for 0. secs (0.u,0.s) (success)
Tactic call abstract-regression-quadratic ran for 0.177 secs (0.177u,0.s) (success)
Tactic call close-abstract-regression-quadratic ran for 0.101 secs (0.101u,0.s)
Params: n= 85
Tactic call ssr-rewrite!-regression-quadratic ran for 0.074 secs (0.074u,0.s) (success)
Tactic call ssr-rewrite?-noop-regression-linear ran for 0. secs (0.u,0.s) (success)
Tactic call abstract-regression-quadratic ran for 0.188 secs (0.188u,0.s) (success)
Tactic call close-abstract-regression-quadratic ran for 0.112 secs (0.112u,0.s)
Params: n= 86
Tactic call ssr-rewrite!-regression-quadratic ran for 0.076 secs (0.076u,0.s) (success)
Tactic call ssr-rewrite?-noop-regression-linear ran for 0. secs (0.u,0.s) (success)
Tactic call abstract-regression-quadratic ran for 0.194 secs (0.19u,0.003s) (success)
Tactic call close-abstract-regression-quadratic ran for 0.117 secs (0.113u,0.003s)
Params: n= 87
Tactic call ssr-rewrite!-regression-quadratic ran for 0.078 secs (0.078u,0.s) (success)
Tactic call ssr-rewrite?-noop-regression-linear ran for 0. secs (0.u,0.s) (success)
Tactic call abstract-regression-quadratic ran for 0.191 secs (0.191u,0.s) (success)
Tactic call close-abstract-regression-quadratic ran for 0.111 secs (0.111u,0.s)
Params: n= 88
Tactic call ssr-rewrite!-regression-quadratic ran for 0.077 secs (0.077u,0.s) (success)
Tactic call ssr-rewrite?-noop-regression-linear ran for 0. secs (0.u,0.s) (success)
Tactic call abstract-regression-quadratic ran for 0.193 secs (0.193u,0.s) (success)
Tactic call close-abstract-regression-quadratic ran for 0.115 secs (0.115u,0.s)
Params: n= 89
Tactic call ssr-rewrite!-regression-quadratic ran for 0.085 secs (0.085u,0.s) (success)
Tactic call ssr-rewrite?-noop-regression-linear ran for 0. secs (0.u,0.s) (success)
Tactic call abstract-regression-quadratic ran for 0.2 secs (0.2u,0.s) (success)
Tactic call close-abstract-regression-quadratic ran for 0.113 secs (0.113u,0.s)
Params: n= 90
Tactic call ssr-rewrite!-regression-quadratic ran for 0.084 secs (0.084u,0.s) (success)
Tactic call ssr-rewrite?-noop-regression-linear ran for 0. secs (0.u,0.s) (success)
Tactic call abstract-regression-quadratic ran for 0.208 secs (0.208u,0.s) (success)
Tactic call close-abstract-regression-quadratic ran for 0.122 secs (0.122u,0.s)
Params: n= 91
Tactic call ssr-rewrite!-regression-quadratic ran for 0.086 secs (0.086u,0.s) (success)
Tactic call ssr-rewrite?-noop-regression-linear ran for 0. secs (0.u,0.s) (success)
Tactic call abstract-regression-quadratic ran for 0.221 secs (0.221u,0.s) (success)
Tactic call close-abstract-regression-quadratic ran for 0.133 secs (0.133u,0.s)
Params: n= 92
Tactic call ssr-rewrite!-regression-quadratic ran for 0.105 secs (0.105u,0.s) (success)
Tactic call ssr-rewrite?-noop-regression-linear ran for 0. secs (0.u,0.s) (success)
Tactic call abstract-regression-quadratic ran for 0.241 secs (0.241u,0.s) (success)
Tactic call close-abstract-regression-quadratic ran for 0.134 secs (0.134u,0.s)
Params: n= 93
Tactic call ssr-rewrite!-regression-quadratic ran for 0.089 secs (0.089u,0.s) (success)
Tactic call ssr-rewrite?-noop-regression-linear ran for 0. secs (0.u,0.s) (success)
Tactic call abstract-regression-quadratic ran for 0.237 secs (0.237u,0.s) (success)
Tactic call close-abstract-regression-quadratic ran for 0.144 secs (0.144u,0.s)
Params: n= 94
Tactic call ssr-rewrite!-regression-quadratic ran for 0.09 secs (0.09u,0.s) (success)
Tactic call ssr-rewrite?-noop-regression-linear ran for 0. secs (0.u,0.s) (success)
Tactic call abstract-regression-quadratic ran for 0.242 secs (0.242u,0.s) (success)
Tactic call close-abstract-regression-quadratic ran for 0.15 secs (0.15u,0.s)
Params: n= 95
Tactic call ssr-rewrite!-regression-quadratic ran for 0.096 secs (0.096u,0.s) (success)
Tactic call ssr-rewrite?-noop-regression-linear ran for 0. secs (0.u,0.s) (success)
Tactic call abstract-regression-quadratic ran for 0.261 secs (0.261u,0.s) (success)
Tactic call close-abstract-regression-quadratic ran for 0.163 secs (0.163u,0.s)
Params: n= 96
Tactic call ssr-rewrite!-regression-quadratic ran for 0.095 secs (0.095u,0.s) (success)
Tactic call ssr-rewrite?-noop-regression-linear ran for 0. secs (0.u,0.s) (success)
Tactic call abstract-regression-quadratic ran for 0.258 secs (0.254u,0.003s) (success)
Tactic call close-abstract-regression-quadratic ran for 0.161 secs (0.158u,0.003s)
Params: n= 97
Tactic call ssr-rewrite!-regression-quadratic ran for 0.098 secs (0.098u,0.s) (success)
Tactic call ssr-rewrite?-noop-regression-linear ran for 0. secs (0.u,0.s) (success)
Tactic call abstract-regression-quadratic ran for 0.253 secs (0.253u,0.s) (success)
Tactic call close-abstract-regression-quadratic ran for 0.154 secs (0.153u,0.s)
Params: n= 98
Tactic call ssr-rewrite!-regression-quadratic ran for 0.109 secs (0.109u,0.s) (success)
Tactic call ssr-rewrite?-noop-regression-linear ran for 0. secs (0.u,0.s) (success)
Tactic call abstract-regression-quadratic ran for 0.268 secs (0.268u,0.s) (success)
Tactic call close-abstract-regression-quadratic ran for 0.157 secs (0.157u,0.s)
Params: n= 99
Tactic call ssr-rewrite!-regression-quadratic ran for 0.096 secs (0.096u,0.s) (success)
Tactic call ssr-rewrite?-noop-regression-linear ran for 0. secs (0.u,0.s) (success)
Tactic call abstract-regression-quadratic ran for 0.261 secs (0.261u,0.s) (success)
Tactic call close-abstract-regression-quadratic ran for 0.163 secs (0.163u,0.s)
Params: n= 110
Tactic call ssr-rewrite!-regression-quadratic ran for 0.123 secs (0.123u,0.s) (success)
Tactic call ssr-rewrite?-noop-regression-linear ran for 0. secs (0.u,0.s) (success)
Tactic call abstract-regression-quadratic ran for 0.313 secs (0.313u,0.s) (success)
Tactic call close-abstract-regression-quadratic ran for 0.187 secs (0.187u,0.s)
Params: n= 120
Tactic call ssr-rewrite!-regression-quadratic ran for 0.155 secs (0.151u,0.003s) (success)
Tactic call ssr-rewrite?-noop-regression-linear ran for 0. secs (0.u,0.s) (success)
Tactic call abstract-regression-quadratic ran for 0.366 secs (0.362u,0.003s) (success)
Tactic call close-abstract-regression-quadratic ran for 0.209 secs (0.209u,0.s)
Params: n= 130
Tactic call ssr-rewrite!-regression-quadratic ran for 0.183 secs (0.183u,0.s) (success)
Tactic call ssr-rewrite?-noop-regression-linear ran for 0. secs (0.u,0.s) (success)
Tactic call abstract-regression-quadratic ran for 0.43 secs (0.43u,0.s) (success)
Tactic call close-abstract-regression-quadratic ran for 0.245 secs (0.245u,0.s)
Params: n= 140
Tactic call ssr-rewrite!-regression-quadratic ran for 0.203 secs (0.203u,0.s) (success)
Tactic call ssr-rewrite?-noop-regression-linear ran for 0. secs (0.u,0.s) (success)
Tactic call abstract-regression-quadratic ran for 0.502 secs (0.498u,0.003s) (success)
Tactic call close-abstract-regression-quadratic ran for 0.297 secs (0.293u,0.003s)
Params: n= 160
Tactic call ssr-rewrite!-regression-quadratic ran for 0.279 secs (0.279u,0.s) (success)
Tactic call ssr-rewrite?-noop-regression-linear ran for 0. secs (0.u,0.s) (success)
Tactic call abstract-regression-quadratic ran for 0.655 secs (0.655u,0.s) (success)
Tactic call close-abstract-regression-quadratic ran for 0.373 secs (0.373u,0.s)
Params: n= 170
Tactic call ssr-rewrite!-regression-quadratic ran for 0.299 secs (0.299u,0.s) (success)
Tactic call ssr-rewrite?-noop-regression-linear ran for 0. secs (0.u,0.s) (success)
Tactic call abstract-regression-quadratic ran for 0.734 secs (0.734u,0.s) (success)
Tactic call close-abstract-regression-quadratic ran for 0.432 secs (0.432u,0.s)
Params: n= 180
Tactic call ssr-rewrite!-regression-quadratic ran for 0.354 secs (0.354u,0.s) (success)
Tactic call ssr-rewrite?-noop-regression-linear ran for 0. secs (0.u,0.s) (success)
Tactic call abstract-regression-quadratic ran for 0.893 secs (0.893u,0.s) (success)
Tactic call close-abstract-regression-quadratic ran for 0.538 secs (0.538u,0.s)
Params: n= 190
Tactic call ssr-rewrite!-regression-quadratic ran for 0.394 secs (0.394u,0.s) (success)
Tactic call ssr-rewrite?-noop-regression-linear ran for 0. secs (0.u,0.s) (success)
Tactic call abstract-regression-quadratic ran for 0.964 secs (0.963u,0.s) (success)
Tactic call close-abstract-regression-quadratic ran for 0.567 secs (0.567u,0.s)
Params: n= 210
Tactic call ssr-rewrite!-regression-quadratic ran for 0.46 secs (0.456u,0.004s) (success)
Tactic call ssr-rewrite?-noop-regression-linear ran for 0. secs (0.u,0.s) (success)
Tactic call abstract-regression-quadratic ran for 1.109 secs (1.105u,0.004s) (success)
Tactic call close-abstract-regression-quadratic ran for 0.647 secs (0.647u,0.s)
Params: n= 220
Tactic call ssr-rewrite!-regression-quadratic ran for 0.502 secs (0.494u,0.007s) (success)
Tactic call ssr-rewrite?-noop-regression-linear ran for 0. secs (0.u,0.s) (success)
Tactic call abstract-regression-quadratic ran for 1.203 secs (1.194u,0.007s) (success)
Tactic call close-abstract-regression-quadratic ran for 0.698 secs (0.698u,0.s)
Params: n= 230
Tactic call ssr-rewrite!-regression-quadratic ran for 0.544 secs (0.544u,0.s) (success)
Tactic call ssr-rewrite?-noop-regression-linear ran for 0. secs (0.u,0.s) (success)
Tactic call abstract-regression-quadratic ran for 1.38 secs (1.379u,0.s) (success)
Tactic call close-abstract-regression-quadratic ran for 0.833 secs (0.832u,0.s)
Params: n= 240
Tactic call ssr-rewrite!-regression-quadratic ran for 0.639 secs (0.639u,0.s) (success)
Tactic call ssr-rewrite?-noop-regression-linear ran for 0. secs (0.u,0.s) (success)
Tactic call abstract-regression-quadratic ran for 1.525 secs (1.525u,0.s) (success)
Tactic call close-abstract-regression-quadratic ran for 0.883 secs (0.883u,0.s)
Params: n= 260
Tactic call ssr-rewrite!-regression-quadratic ran for 0.714 secs (0.714u,0.s) (success)
Tactic call ssr-rewrite?-noop-regression-linear ran for 0. secs (0.u,0.s) (success)
Tactic call abstract-regression-quadratic ran for 1.692 secs (1.692u,0.s) (success)
Tactic call close-abstract-regression-quadratic ran for 0.975 secs (0.975u,0.s)
Params: n= 270
Tactic call ssr-rewrite!-regression-quadratic ran for 0.745 secs (0.745u,0.s) (success)
Tactic call ssr-rewrite?-noop-regression-linear ran for 0. secs (0.u,0.s) (success)
Tactic call abstract-regression-quadratic ran for 1.872 secs (1.872u,0.s) (success)
Tactic call close-abstract-regression-quadratic ran for 1.124 secs (1.124u,0.s)
Params: n= 280
Tactic call ssr-rewrite!-regression-quadratic ran for 0.864 secs (0.864u,0.s) (success)
Tactic call ssr-rewrite?-noop-regression-linear ran for 0. secs (0.u,0.s) (success)
Tactic call abstract-regression-quadratic ran for 2.076 secs (2.071u,0.003s) (success)
Tactic call close-abstract-regression-quadratic ran for 1.209 secs (1.205u,0.003s)
Params: n= 290
Tactic call ssr-rewrite!-regression-quadratic ran for 0.874 secs (0.866u,0.008s) (success)
Tactic call ssr-rewrite?-noop-regression-linear ran for 0. secs (0.u,0.s) (success)
Tactic call abstract-regression-quadratic ran for 2.095 secs (2.079u,0.016s) (success)
Tactic call close-abstract-regression-quadratic ran for 1.218 secs (1.21u,0.008s)
Params: n= 310
Tactic call ssr-rewrite!-regression-quadratic ran for 0.991 secs (0.991u,0.s) (success)
Tactic call ssr-rewrite?-noop-regression-linear ran for 0. secs (0.u,0.s) (success)
Tactic call abstract-regression-quadratic ran for 2.491 secs (2.49u,0.s) (success)
Tactic call close-abstract-regression-quadratic ran for 1.497 secs (1.497u,0.s)
Params: n= 320
Tactic call ssr-rewrite!-regression-quadratic ran for 1.136 secs (1.136u,0.s) (success)
Tactic call ssr-rewrite?-noop-regression-linear ran for 0. secs (0.u,0.s) (success)
Tactic call abstract-regression-quadratic ran for 2.665 secs (2.664u,0.s) (success)
Tactic call close-abstract-regression-quadratic ran for 1.526 secs (1.526u,0.s)
Params: n= 330
Tactic call ssr-rewrite!-regression-quadratic ran for 1.143 secs (1.139u,0.004s) (success)
Tactic call ssr-rewrite?-noop-regression-linear ran for 0. secs (0.u,0.s) (success)
Tactic call abstract-regression-quadratic ran for 2.791 secs (2.786u,0.004s) (success)
Tactic call close-abstract-regression-quadratic ran for 1.645 secs (1.644u,0.s)
Params: n= 340
Tactic call ssr-rewrite!-regression-quadratic ran for 1.278 secs (1.278u,0.s) (success)
Tactic call ssr-rewrite?-noop-regression-linear ran for 0. secs (0.u,0.s) (success)
Tactic call abstract-regression-quadratic ran for 2.993 secs (2.989u,0.003s) (success)
Tactic call close-abstract-regression-quadratic ran for 1.712 secs (1.708u,0.003s)
Params: n= 360
Tactic call ssr-rewrite!-regression-quadratic ran for 1.386 secs (1.369u,0.016s) (success)
Tactic call ssr-rewrite?-noop-regression-linear ran for 0. secs (0.u,0.s) (success)
Tactic call abstract-regression-quadratic ran for 3.231 secs (3.214u,0.016s) (success)
Tactic call close-abstract-regression-quadratic ran for 1.841 secs (1.841u,0.s)
Params: n= 370
Tactic call ssr-rewrite!-regression-quadratic ran for 1.498 secs (1.494u,0.003s) (success)
Tactic call ssr-rewrite?-noop-regression-linear ran for 0. secs (0.u,0.s) (success)
Tactic call abstract-regression-quadratic ran for 3.519 secs (3.515u,0.003s) (success)
Tactic call close-abstract-regression-quadratic ran for 2.018 secs (2.018u,0.s)
Params: n= 380
Tactic call ssr-rewrite!-regression-quadratic ran for 1.54 secs (1.54u,0.s) (success)
Tactic call ssr-rewrite?-noop-regression-linear ran for 0. secs (0.u,0.s) (success)
Tactic call abstract-regression-quadratic ran for 3.626 secs (3.626u,0.s) (success)
Tactic call close-abstract-regression-quadratic ran for 2.083 secs (2.083u,0.s)
Params: n= 390
Tactic call ssr-rewrite!-regression-quadratic ran for 1.707 secs (1.707u,0.s) (success)
Tactic call ssr-rewrite?-noop-regression-linear ran for 0. secs (0.u,0.s) (success)
Tactic call abstract-regression-quadratic ran for 3.903 secs (3.898u,0.003s) (success)
Tactic call close-abstract-regression-quadratic ran for 2.192 secs (2.188u,0.003s)
