Params: n= 50
Tactic call ssr-rewrite!-regression-quadratic ran for 0.033 secs (0.02u,0.012s) (success)
Tactic call ssr-rewrite?-noop-regression-linear ran for 0. secs (0.u,0.s) (success)
Tactic call abstract-regression-quadratic ran for 0.11 secs (0.083u,0.027s) (success)
Tactic call close-abstract-regression-quadratic ran for 0.076 secs (0.062u,0.014s)
Params: n= 100
Tactic call ssr-rewrite!-regression-quadratic ran for 0.084 secs (0.084u,0.s) (success)
Tactic call ssr-rewrite?-noop-regression-linear ran for 0. secs (0.u,0.s) (success)
Tactic call abstract-regression-quadratic ran for 0.217 secs (0.217u,0.s) (success)
Tactic call close-abstract-regression-quadratic ran for 0.132 secs (0.132u,0.s)
Params: n= 150
Tactic call ssr-rewrite!-regression-quadratic ran for 0.198 secs (0.195u,0.003s) (success)
Tactic call ssr-rewrite?-noop-regression-linear ran for 0. secs (0.u,0.s) (success)
Tactic call abstract-regression-quadratic ran for 0.485 secs (0.481u,0.003s) (success)
Tactic call close-abstract-regression-quadratic ran for 0.285 secs (0.285u,0.s)
Params: n= 200
Tactic call ssr-rewrite!-regression-quadratic ran for 0.361 secs (0.361u,0.s) (success)
Tactic call ssr-rewrite?-noop-regression-linear ran for 0. secs (0.u,0.s) (success)
Tactic call abstract-regression-quadratic ran for 0.834 secs (0.83u,0.003s) (success)
Tactic call close-abstract-regression-quadratic ran for 0.472 secs (0.468u,0.003s)
Params: n= 250
Tactic call ssr-rewrite!-regression-quadratic ran for 0.533 secs (0.525u,0.008s) (success)
Tactic call ssr-rewrite?-noop-regression-linear ran for 0. secs (0.u,0.s) (success)
Tactic call abstract-regression-quadratic ran for 1.227 secs (1.218u,0.008s) (success)
Tactic call close-abstract-regression-quadratic ran for 0.692 secs (0.692u,0.s)
Params: n= 300
Tactic call ssr-rewrite!-regression-quadratic ran for 0.803 secs (0.787u,0.015s) (success)
Tactic call ssr-rewrite?-noop-regression-linear ran for 0. secs (0.u,0.s) (success)
Tactic call abstract-regression-quadratic ran for 1.866 secs (1.85u,0.015s) (success)
Tactic call close-abstract-regression-quadratic ran for 1.062 secs (1.062u,0.s)
Params: n= 350
Tactic call ssr-rewrite!-regression-quadratic ran for 1.062 secs (1.061u,0.s) (success)
Tactic call ssr-rewrite?-noop-regression-linear ran for 0. secs (0.u,0.s) (success)
Tactic call abstract-regression-quadratic ran for 2.606 secs (2.601u,0.003s) (success)
Tactic call close-abstract-regression-quadratic ran for 1.542 secs (1.538u,0.003s)
Params: n= 400
Tactic call ssr-rewrite!-regression-quadratic ran for 1.472 secs (1.471u,0.s) (success)
Tactic call ssr-rewrite?-noop-regression-linear ran for 0. secs (0.u,0.s) (success)
Tactic call abstract-regression-quadratic ran for 3.291 secs (3.282u,0.008s) (success)
Tactic call close-abstract-regression-quadratic ran for 1.817 secs (1.809u,0.007s)
