Params: n= 4
Tactic call autorewrite-regression-quadratic ran for 0.002 secs (0.u,0.002s) (success)
Tactic call autorewrite-noop-regression-linear ran for 0. secs (0.u,0.s) (success)
Tactic call abstract+autorewrite-regression-quadratic ran for 0.003 secs (0.u,0.003s) (success)
Tactic call close-abstract+autorewrite-regression-quadratic ran for 0. secs (0.u,0.s)
Params: n= 5
Tactic call autorewrite-regression-quadratic ran for 0.001 secs (0.001u,0.s) (success)
Tactic call autorewrite-noop-regression-linear ran for 0. secs (0.u,0.s) (success)
Tactic call abstract+autorewrite-regression-quadratic ran for 0.003 secs (0.003u,0.s) (success)
Tactic call close-abstract+autorewrite-regression-quadratic ran for 0.001 secs (0.001u,0.s)
Params: n= 6
Tactic call autorewrite-regression-quadratic ran for 0.002 secs (0.u,0.002s) (success)
Tactic call autorewrite-noop-regression-linear ran for 0. secs (0.u,0.s) (success)
Tactic call abstract+autorewrite-regression-quadratic ran for 0.004 secs (0.u,0.003s) (success)
Tactic call close-abstract+autorewrite-regression-quadratic ran for 0.001 secs (0.u,0.001s)
Params: n= 7
Tactic call autorewrite-regression-quadratic ran for 0.002 secs (0.002u,0.s) (success)
Tactic call autorewrite-noop-regression-linear ran for 0. secs (0.u,0.s) (success)
Tactic call abstract+autorewrite-regression-quadratic ran for 0.004 secs (0.004u,0.s) (success)
Tactic call close-abstract+autorewrite-regression-quadratic ran for 0. secs (0.u,0.s)
Params: n= 8
Tactic call autorewrite-regression-quadratic ran for 0.003 secs (0.u,0.003s) (success)
Tactic call autorewrite-noop-regression-linear ran for 0. secs (0.u,0.s) (success)
Tactic call abstract+autorewrite-regression-quadratic ran for 0.005 secs (0.001u,0.003s) (success)
Tactic call close-abstract+autorewrite-regression-quadratic ran for 0.001 secs (0.u,0.s)
Params: n= 9
Tactic call autorewrite-regression-quadratic ran for 0.003 secs (0.003u,0.s) (success)
Tactic call autorewrite-noop-regression-linear ran for 0. secs (0.u,0.s) (success)
Tactic call abstract+autorewrite-regression-quadratic ran for 0.005 secs (0.005u,0.s) (success)
Tactic call close-abstract+autorewrite-regression-quadratic ran for 0.001 secs (0.001u,0.s)
Params: n= 10
Tactic call autorewrite-regression-quadratic ran for 0.058 secs (0.039u,0.019s) (success)
Tactic call autorewrite-noop-regression-linear ran for 0. secs (0.u,0.s) (success)
Tactic call abstract+autorewrite-regression-quadratic ran for 0.06 secs (0.04u,0.019s) (success)
Tactic call close-abstract+autorewrite-regression-quadratic ran for 0.001 secs (0.u,0.s)
Params: n= 11
Tactic call autorewrite-regression-quadratic ran for 0.003 secs (0.003u,0.s) (success)
Tactic call autorewrite-noop-regression-linear ran for 0. secs (0.u,0.s) (success)
Tactic call abstract+autorewrite-regression-quadratic ran for 0.005 secs (0.005u,0.s) (success)
Tactic call close-abstract+autorewrite-regression-quadratic ran for 0.001 secs (0.001u,0.s)
Params: n= 12
Tactic call autorewrite-regression-quadratic ran for 0.004 secs (0.004u,0.s) (success)
Tactic call autorewrite-noop-regression-linear ran for 0. secs (0.u,0.s) (success)
Tactic call abstract+autorewrite-regression-quadratic ran for 0.006 secs (0.006u,0.s) (success)
Tactic call close-abstract+autorewrite-regression-quadratic ran for 0.002 secs (0.002u,0.s)
Params: n= 13
Tactic call autorewrite-regression-quadratic ran for 0.004 secs (0.004u,0.s) (success)
Tactic call autorewrite-noop-regression-linear ran for 0. secs (0.u,0.s) (success)
Tactic call abstract+autorewrite-regression-quadratic ran for 0.007 secs (0.007u,0.s) (success)
Tactic call close-abstract+autorewrite-regression-quadratic ran for 0.002 secs (0.002u,0.s)
Params: n= 14
Tactic call autorewrite-regression-quadratic ran for 0.005 secs (0.005u,0.s) (success)
Tactic call autorewrite-noop-regression-linear ran for 0. secs (0.u,0.s) (success)
Tactic call abstract+autorewrite-regression-quadratic ran for 0.008 secs (0.008u,0.s) (success)
Tactic call close-abstract+autorewrite-regression-quadratic ran for 0.002 secs (0.002u,0.s)
Params: n= 15
Tactic call autorewrite-regression-quadratic ran for 0.005 secs (0.005u,0.s) (success)
Tactic call autorewrite-noop-regression-linear ran for 0. secs (0.u,0.s) (success)
Tactic call abstract+autorewrite-regression-quadratic ran for 0.009 secs (0.009u,0.s) (success)
Tactic call close-abstract+autorewrite-regression-quadratic ran for 0.002 secs (0.002u,0.s)
Params: n= 16
Tactic call autorewrite-regression-quadratic ran for 0.006 secs (0.006u,0.s) (success)
Tactic call autorewrite-noop-regression-linear ran for 0. secs (0.u,0.s) (success)
Tactic call abstract+autorewrite-regression-quadratic ran for 0.01 secs (0.01u,0.s) (success)
Tactic call close-abstract+autorewrite-regression-quadratic ran for 0.003 secs (0.003u,0.s)
Params: n= 17
Tactic call autorewrite-regression-quadratic ran for 0.006 secs (0.006u,0.s) (success)
Tactic call autorewrite-noop-regression-linear ran for 0. secs (0.u,0.s) (success)
Tactic call abstract+autorewrite-regression-quadratic ran for 0.01 secs (0.01u,0.s) (success)
Tactic call close-abstract+autorewrite-regression-quadratic ran for 0.003 secs (0.003u,0.s)
Params: n= 18
Tactic call autorewrite-regression-quadratic ran for 0.01 secs (0.01u,0.s) (success)
Tactic call autorewrite-noop-regression-linear ran for 0. secs (0.u,0.s) (success)
Tactic call abstract+autorewrite-regression-quadratic ran for 0.014 secs (0.014u,0.s) (success)
Tactic call close-abstract+autorewrite-regression-quadratic ran for 0.004 secs (0.004u,0.s)
Params: n= 19
Tactic call autorewrite-regression-quadratic ran for 0.007 secs (0.007u,0.s) (success)
Tactic call autorewrite-noop-regression-linear ran for 0. secs (0.u,0.s) (success)
Tactic call abstract+autorewrite-regression-quadratic ran for 0.012 secs (0.012u,0.s) (success)
Tactic call close-abstract+autorewrite-regression-quadratic ran for 0.004 secs (0.004u,0.s)
Params: n= 20
Tactic call autorewrite-regression-quadratic ran for 0.008 secs (0.008u,0.s) (success)
Tactic call autorewrite-noop-regression-linear ran for 0. secs (0.u,0.s) (success)
Tactic call abstract+autorewrite-regression-quadratic ran for 0.014 secs (0.014u,0.s) (success)
Tactic call close-abstract+autorewrite-regression-quadratic ran for 0.005 secs (0.005u,0.s)
Params: n= 21
Tactic call autorewrite-regression-quadratic ran for 0.01 secs (0.01u,0.s) (success)
Tactic call autorewrite-noop-regression-linear ran for 0. secs (0.u,0.s) (success)
Tactic call abstract+autorewrite-regression-quadratic ran for 0.016 secs (0.016u,0.s) (success)
Tactic call close-abstract+autorewrite-regression-quadratic ran for 0.005 secs (0.005u,0.s)
Params: n= 22
Tactic call autorewrite-regression-quadratic ran for 0.011 secs (0.011u,0.s) (success)
Tactic call autorewrite-noop-regression-linear ran for 0. secs (0.u,0.s) (success)
Tactic call abstract+autorewrite-regression-quadratic ran for 0.017 secs (0.017u,0.s) (success)
Tactic call close-abstract+autorewrite-regression-quadratic ran for 0.005 secs (0.005u,0.s)
Params: n= 23
Tactic call autorewrite-regression-quadratic ran for 0.01 secs (0.01u,0.s) (success)
Tactic call autorewrite-noop-regression-linear ran for 0. secs (0.u,0.s) (success)
Tactic call abstract+autorewrite-regression-quadratic ran for 0.019 secs (0.019u,0.s) (success)
Tactic call close-abstract+autorewrite-regression-quadratic ran for 0.007 secs (0.007u,0.s)
Params: n= 24
Tactic call autorewrite-regression-quadratic ran for 0.011 secs (0.011u,0.s) (success)
Tactic call autorewrite-noop-regression-linear ran for 0. secs (0.u,0.s) (success)
Tactic call abstract+autorewrite-regression-quadratic ran for 0.018 secs (0.018u,0.s) (success)
Tactic call close-abstract+autorewrite-regression-quadratic ran for 0.006 secs (0.006u,0.s)
Params: n= 25
Tactic call autorewrite-regression-quadratic ran for 0.011 secs (0.011u,0.s) (success)
Tactic call autorewrite-noop-regression-linear ran for 0. secs (0.u,0.s) (success)
Tactic call abstract+autorewrite-regression-quadratic ran for 0.021 secs (0.017u,0.003s) (success)
Tactic call close-abstract+autorewrite-regression-quadratic ran for 0.008 secs (0.004u,0.003s)
Params: n= 26
Tactic call autorewrite-regression-quadratic ran for 0.012 secs (0.012u,0.s) (success)
Tactic call autorewrite-noop-regression-linear ran for 0. secs (0.u,0.s) (success)
Tactic call abstract+autorewrite-regression-quadratic ran for 0.021 secs (0.021u,0.s) (success)
Tactic call close-abstract+autorewrite-regression-quadratic ran for 0.008 secs (0.008u,0.s)
Params: n= 27
Tactic call autorewrite-regression-quadratic ran for 0.013 secs (0.013u,0.s) (success)
Tactic call autorewrite-noop-regression-linear ran for 0. secs (0.u,0.s) (success)
Tactic call abstract+autorewrite-regression-quadratic ran for 0.023 secs (0.023u,0.s) (success)
Tactic call close-abstract+autorewrite-regression-quadratic ran for 0.008 secs (0.008u,0.s)
Params: n= 28
Tactic call autorewrite-regression-quadratic ran for 0.016 secs (0.016u,0.s) (success)
Tactic call autorewrite-noop-regression-linear ran for 0. secs (0.u,0.s) (success)
Tactic call abstract+autorewrite-regression-quadratic ran for 0.028 secs (0.028u,0.s) (success)
Tactic call close-abstract+autorewrite-regression-quadratic ran for 0.011 secs (0.011u,0.s)
Params: n= 29
Tactic call autorewrite-regression-quadratic ran for 0.016 secs (0.016u,0.s) (success)
Tactic call autorewrite-noop-regression-linear ran for 0. secs (0.u,0.s) (success)
Tactic call abstract+autorewrite-regression-quadratic ran for 0.027 secs (0.027u,0.s) (success)
Tactic call close-abstract+autorewrite-regression-quadratic ran for 0.01 secs (0.01u,0.s)
Params: n= 30
Tactic call autorewrite-regression-quadratic ran for 0.016 secs (0.016u,0.s) (success)
Tactic call autorewrite-noop-regression-linear ran for 0. secs (0.u,0.s) (success)
Tactic call abstract+autorewrite-regression-quadratic ran for 0.028 secs (0.028u,0.s) (success)
Tactic call close-abstract+autorewrite-regression-quadratic ran for 0.01 secs (0.01u,0.s)
Params: n= 31
Tactic call autorewrite-regression-quadratic ran for 0.016 secs (0.016u,0.s) (success)
Tactic call autorewrite-noop-regression-linear ran for 0. secs (0.u,0.s) (success)
Tactic call abstract+autorewrite-regression-quadratic ran for 0.03 secs (0.03u,0.s) (success)
Tactic call close-abstract+autorewrite-regression-quadratic ran for 0.012 secs (0.012u,0.s)
Params: n= 32
Tactic call autorewrite-regression-quadratic ran for 0.017 secs (0.017u,0.s) (success)
Tactic call autorewrite-noop-regression-linear ran for 0. secs (0.u,0.s) (success)
Tactic call abstract+autorewrite-regression-quadratic ran for 0.031 secs (0.031u,0.s) (success)
Tactic call close-abstract+autorewrite-regression-quadratic ran for 0.013 secs (0.013u,0.s)
Params: n= 33
Tactic call autorewrite-regression-quadratic ran for 0.021 secs (0.021u,0.s) (success)
Tactic call autorewrite-noop-regression-linear ran for 0. secs (0.u,0.s) (success)
Tactic call abstract+autorewrite-regression-quadratic ran for 0.035 secs (0.034u,0.s) (success)
Tactic call close-abstract+autorewrite-regression-quadratic ran for 0.012 secs (0.012u,0.s)
Params: n= 34
Tactic call autorewrite-regression-quadratic ran for 0.019 secs (0.019u,0.s) (success)
Tactic call autorewrite-noop-regression-linear ran for 0. secs (0.u,0.s) (success)
Tactic call abstract+autorewrite-regression-quadratic ran for 0.035 secs (0.035u,0.s) (success)
Tactic call close-abstract+autorewrite-regression-quadratic ran for 0.014 secs (0.014u,0.s)
Params: n= 35
Tactic call autorewrite-regression-quadratic ran for 0.02 secs (0.02u,0.s) (success)
Tactic call autorewrite-noop-regression-linear ran for 0. secs (0.u,0.s) (success)
Tactic call abstract+autorewrite-regression-quadratic ran for 0.035 secs (0.035u,0.s) (success)
Tactic call close-abstract+autorewrite-regression-quadratic ran for 0.013 secs (0.013u,0.s)
Params: n= 36
Tactic call autorewrite-regression-quadratic ran for 0.024 secs (0.024u,0.s) (success)
Tactic call autorewrite-noop-regression-linear ran for 0. secs (0.u,0.s) (success)
Tactic call abstract+autorewrite-regression-quadratic ran for 0.04 secs (0.039u,0.s) (success)
Tactic call close-abstract+autorewrite-regression-quadratic ran for 0.014 secs (0.014u,0.s)
Params: n= 37
Tactic call autorewrite-regression-quadratic ran for 0.023 secs (0.023u,0.s) (success)
Tactic call autorewrite-noop-regression-linear ran for 0. secs (0.u,0.s) (success)
Tactic call abstract+autorewrite-regression-quadratic ran for 0.04 secs (0.04u,0.s) (success)
Tactic call close-abstract+autorewrite-regression-quadratic ran for 0.016 secs (0.016u,0.s)
Params: n= 38
Tactic call autorewrite-regression-quadratic ran for 0.026 secs (0.026u,0.s) (success)
Tactic call autorewrite-noop-regression-linear ran for 0. secs (0.u,0.s) (success)
Tactic call abstract+autorewrite-regression-quadratic ran for 0.045 secs (0.045u,0.s) (success)
Tactic call close-abstract+autorewrite-regression-quadratic ran for 0.017 secs (0.017u,0.s)
Params: n= 39
Tactic call autorewrite-regression-quadratic ran for 0.028 secs (0.028u,0.s) (success)
Tactic call autorewrite-noop-regression-linear ran for 0. secs (0.u,0.s) (success)
Tactic call abstract+autorewrite-regression-quadratic ran for 0.047 secs (0.047u,0.s) (success)
Tactic call close-abstract+autorewrite-regression-quadratic ran for 0.017 secs (0.017u,0.s)
Params: n= 40
Tactic call autorewrite-regression-quadratic ran for 0.025 secs (0.025u,0.s) (success)
Tactic call autorewrite-noop-regression-linear ran for 0. secs (0.u,0.s) (success)
Tactic call abstract+autorewrite-regression-quadratic ran for 0.045 secs (0.045u,0.s) (success)
Tactic call close-abstract+autorewrite-regression-quadratic ran for 0.019 secs (0.019u,0.s)
Params: n= 41
Tactic call autorewrite-regression-quadratic ran for 0.025 secs (0.024u,0.s) (success)
Tactic call autorewrite-noop-regression-linear ran for 0. secs (0.u,0.s) (success)
Tactic call abstract+autorewrite-regression-quadratic ran for 0.046 secs (0.045u,0.s) (success)
Tactic call close-abstract+autorewrite-regression-quadratic ran for 0.019 secs (0.019u,0.s)
Params: n= 42
Tactic call autorewrite-regression-quadratic ran for 0.03 secs (0.03u,0.s) (success)
Tactic call autorewrite-noop-regression-linear ran for 0. secs (0.u,0.s) (success)
Tactic call abstract+autorewrite-regression-quadratic ran for 0.052 secs (0.052u,0.s) (success)
Tactic call close-abstract+autorewrite-regression-quadratic ran for 0.021 secs (0.021u,0.s)
Params: n= 43
Tactic call autorewrite-regression-quadratic ran for 0.031 secs (0.031u,0.s) (success)
Tactic call autorewrite-noop-regression-linear ran for 0. secs (0.u,0.s) (success)
Tactic call abstract+autorewrite-regression-quadratic ran for 0.053 secs (0.053u,0.s) (success)
Tactic call close-abstract+autorewrite-regression-quadratic ran for 0.02 secs (0.02u,0.s)
Params: n= 44
Tactic call autorewrite-regression-quadratic ran for 0.033 secs (0.033u,0.s) (success)
Tactic call autorewrite-noop-regression-linear ran for 0. secs (0.u,0.s) (success)
Tactic call abstract+autorewrite-regression-quadratic ran for 0.056 secs (0.056u,0.s) (success)
Tactic call close-abstract+autorewrite-regression-quadratic ran for 0.021 secs (0.021u,0.s)
Params: n= 45
Tactic call autorewrite-regression-quadratic ran for 0.034 secs (0.034u,0.s) (success)
Tactic call autorewrite-noop-regression-linear ran for 0. secs (0.u,0.s) (success)
Tactic call abstract+autorewrite-regression-quadratic ran for 0.057 secs (0.057u,0.s) (success)
Tactic call close-abstract+autorewrite-regression-quadratic ran for 0.021 secs (0.021u,0.s)
Params: n= 46
Tactic call autorewrite-regression-quadratic ran for 0.035 secs (0.035u,0.s) (success)
Tactic call autorewrite-noop-regression-linear ran for 0. secs (0.u,0.s) (success)
Tactic call abstract+autorewrite-regression-quadratic ran for 0.06 secs (0.06u,0.s) (success)
Tactic call close-abstract+autorewrite-regression-quadratic ran for 0.023 secs (0.023u,0.s)
Params: n= 47
Tactic call autorewrite-regression-quadratic ran for 0.038 secs (0.038u,0.s) (success)
Tactic call autorewrite-noop-regression-linear ran for 0. secs (0.u,0.s) (success)
Tactic call abstract+autorewrite-regression-quadratic ran for 0.066 secs (0.066u,0.s) (success)
Tactic call close-abstract+autorewrite-regression-quadratic ran for 0.027 secs (0.027u,0.s)
Params: n= 48
Tactic call autorewrite-regression-quadratic ran for 0.041 secs (0.041u,0.s) (success)
Tactic call autorewrite-noop-regression-linear ran for 0. secs (0.u,0.s) (success)
Tactic call abstract+autorewrite-regression-quadratic ran for 0.07 secs (0.07u,0.s) (success)
Tactic call close-abstract+autorewrite-regression-quadratic ran for 0.027 secs (0.027u,0.s)
Params: n= 49
Tactic call autorewrite-regression-quadratic ran for 0.042 secs (0.042u,0.s) (success)
Tactic call autorewrite-noop-regression-linear ran for 0. secs (0.u,0.s) (success)
Tactic call abstract+autorewrite-regression-quadratic ran for 0.074 secs (0.074u,0.s) (success)
Tactic call close-abstract+autorewrite-regression-quadratic ran for 0.029 secs (0.029u,0.s)
Params: n= 51
Tactic call autorewrite-regression-quadratic ran for 0.046 secs (0.046u,0.s) (success)
Tactic call autorewrite-noop-regression-linear ran for 0. secs (0.u,0.s) (success)
Tactic call abstract+autorewrite-regression-quadratic ran for 0.079 secs (0.079u,0.s) (success)
Tactic call close-abstract+autorewrite-regression-quadratic ran for 0.031 secs (0.03u,0.s)
Params: n= 52
Tactic call autorewrite-regression-quadratic ran for 0.046 secs (0.044u,0.001s) (success)
Tactic call autorewrite-noop-regression-linear ran for 0.002 secs (0.002u,0.s) (success)
Tactic call abstract+autorewrite-regression-quadratic ran for 0.081 secs (0.078u,0.002s) (success)
Tactic call close-abstract+autorewrite-regression-quadratic ran for 0.031 secs (0.031u,0.s)
Params: n= 53
Tactic call autorewrite-regression-quadratic ran for 0.047 secs (0.047u,0.s) (success)
Tactic call autorewrite-noop-regression-linear ran for 0. secs (0.u,0.s) (success)
Tactic call abstract+autorewrite-regression-quadratic ran for 0.083 secs (0.083u,0.s) (success)
Tactic call close-abstract+autorewrite-regression-quadratic ran for 0.034 secs (0.034u,0.s)
Params: n= 54
Tactic call autorewrite-regression-quadratic ran for 0.047 secs (0.047u,0.s) (success)
Tactic call autorewrite-noop-regression-linear ran for 0. secs (0.u,0.s) (success)
Tactic call abstract+autorewrite-regression-quadratic ran for 0.087 secs (0.087u,0.s) (success)
Tactic call close-abstract+autorewrite-regression-quadratic ran for 0.038 secs (0.038u,0.s)
Params: n= 55
Tactic call autorewrite-regression-quadratic ran for 0.046 secs (0.046u,0.s) (success)
Tactic call autorewrite-noop-regression-linear ran for 0. secs (0.u,0.s) (success)
Tactic call abstract+autorewrite-regression-quadratic ran for 0.08 secs (0.08u,0.s) (success)
Tactic call close-abstract+autorewrite-regression-quadratic ran for 0.032 secs (0.032u,0.s)
Params: n= 56
Tactic call autorewrite-regression-quadratic ran for 0.049 secs (0.049u,0.s) (success)
Tactic call autorewrite-noop-regression-linear ran for 0. secs (0.u,0.s) (success)
Tactic call abstract+autorewrite-regression-quadratic ran for 0.087 secs (0.087u,0.s) (success)
Tactic call close-abstract+autorewrite-regression-quadratic ran for 0.036 secs (0.036u,0.s)
Params: n= 57
Tactic call autorewrite-regression-quadratic ran for 0.054 secs (0.054u,0.s) (success)
Tactic call autorewrite-noop-regression-linear ran for 0. secs (0.u,0.s) (success)
Tactic call abstract+autorewrite-regression-quadratic ran for 0.095 secs (0.095u,0.s) (success)
Tactic call close-abstract+autorewrite-regression-quadratic ran for 0.039 secs (0.039u,0.s)
Params: n= 58
Tactic call autorewrite-regression-quadratic ran for 0.051 secs (0.051u,0.s) (success)
Tactic call autorewrite-noop-regression-linear ran for 0. secs (0.u,0.s) (success)
Tactic call abstract+autorewrite-regression-quadratic ran for 0.092 secs (0.092u,0.s) (success)
Tactic call close-abstract+autorewrite-regression-quadratic ran for 0.039 secs (0.039u,0.s)
Params: n= 59
Tactic call autorewrite-regression-quadratic ran for 0.053 secs (0.053u,0.s) (success)
Tactic call autorewrite-noop-regression-linear ran for 0. secs (0.u,0.s) (success)
Tactic call abstract+autorewrite-regression-quadratic ran for 0.094 secs (0.094u,0.s) (success)
Tactic call close-abstract+autorewrite-regression-quadratic ran for 0.038 secs (0.038u,0.s)
Params: n= 60
Tactic call autorewrite-regression-quadratic ran for 0.055 secs (0.055u,0.s) (success)
Tactic call autorewrite-noop-regression-linear ran for 0. secs (0.u,0.s) (success)
Tactic call abstract+autorewrite-regression-quadratic ran for 0.102 secs (0.102u,0.s) (success)
Tactic call close-abstract+autorewrite-regression-quadratic ran for 0.045 secs (0.045u,0.s)
Params: n= 61
Tactic call autorewrite-regression-quadratic ran for 0.057 secs (0.057u,0.s) (success)
Tactic call autorewrite-noop-regression-linear ran for 0. secs (0.u,0.s) (success)
Tactic call abstract+autorewrite-regression-quadratic ran for 0.101 secs (0.101u,0.s) (success)
Tactic call close-abstract+autorewrite-regression-quadratic ran for 0.041 secs (0.041u,0.s)
Params: n= 62
Tactic call autorewrite-regression-quadratic ran for 0.058 secs (0.058u,0.s) (success)
Tactic call autorewrite-noop-regression-linear ran for 0. secs (0.u,0.s) (success)
Tactic call abstract+autorewrite-regression-quadratic ran for 0.105 secs (0.105u,0.s) (success)
Tactic call close-abstract+autorewrite-regression-quadratic ran for 0.045 secs (0.045u,0.s)
Params: n= 63
Tactic call autorewrite-regression-quadratic ran for 0.057 secs (0.057u,0.s) (success)
Tactic call autorewrite-noop-regression-linear ran for 0. secs (0.u,0.s) (success)
Tactic call abstract+autorewrite-regression-quadratic ran for 0.106 secs (0.106u,0.s) (success)
Tactic call close-abstract+autorewrite-regression-quadratic ran for 0.047 secs (0.047u,0.s)
Params: n= 64
Tactic call autorewrite-regression-quadratic ran for 0.061 secs (0.061u,0.s) (success)
Tactic call autorewrite-noop-regression-linear ran for 0. secs (0.u,0.s) (success)
Tactic call abstract+autorewrite-regression-quadratic ran for 0.109 secs (0.108u,0.s) (success)
Tactic call close-abstract+autorewrite-regression-quadratic ran for 0.046 secs (0.046u,0.s)
Params: n= 65
Tactic call autorewrite-regression-quadratic ran for 0.063 secs (0.063u,0.s) (success)
Tactic call autorewrite-noop-regression-linear ran for 0. secs (0.u,0.s) (success)
Tactic call abstract+autorewrite-regression-quadratic ran for 0.108 secs (0.108u,0.s) (success)
Tactic call close-abstract+autorewrite-regression-quadratic ran for 0.044 secs (0.044u,0.s)
Params: n= 66
Tactic call autorewrite-regression-quadratic ran for 0.069 secs (0.069u,0.s) (success)
Tactic call autorewrite-noop-regression-linear ran for 0.001 secs (0.001u,0.s) (success)
Tactic call abstract+autorewrite-regression-quadratic ran for 0.121 secs (0.121u,0.s) (success)
Tactic call close-abstract+autorewrite-regression-quadratic ran for 0.05 secs (0.05u,0.s)
Params: n= 67
Tactic call autorewrite-regression-quadratic ran for 0.075 secs (0.075u,0.s) (success)
Tactic call autorewrite-noop-regression-linear ran for 0.001 secs (0.u,0.001s) (success)
Tactic call abstract+autorewrite-regression-quadratic ran for 0.123 secs (0.119u,0.003s) (success)
Tactic call close-abstract+autorewrite-regression-quadratic ran for 0.046 secs (0.044u,0.002s)
Params: n= 68
Tactic call autorewrite-regression-quadratic ran for 0.072 secs (0.072u,0.s) (success)
Tactic call autorewrite-noop-regression-linear ran for 0. secs (0.u,0.s) (success)
Tactic call abstract+autorewrite-regression-quadratic ran for 0.125 secs (0.125u,0.s) (success)
Tactic call close-abstract+autorewrite-regression-quadratic ran for 0.051 secs (0.051u,0.s)
Params: n= 69
Tactic call autorewrite-regression-quadratic ran for 0.078 secs (0.078u,0.s) (success)
Tactic call autorewrite-noop-regression-linear ran for 0. secs (0.u,0.s) (success)
Tactic call abstract+autorewrite-regression-quadratic ran for 0.13 secs (0.13u,0.s) (success)
Tactic call close-abstract+autorewrite-regression-quadratic ran for 0.05 secs (0.05u,0.s)
Params: n= 70
Tactic call autorewrite-regression-quadratic ran for 0.076 secs (0.076u,0.s) (success)
Tactic call autorewrite-noop-regression-linear ran for 0.001 secs (0.001u,0.s) (success)
Tactic call abstract+autorewrite-regression-quadratic ran for 0.137 secs (0.137u,0.s) (success)
Tactic call close-abstract+autorewrite-regression-quadratic ran for 0.058 secs (0.058u,0.s)
Params: n= 71
Tactic call autorewrite-regression-quadratic ran for 0.077 secs (0.077u,0.s) (success)
Tactic call autorewrite-noop-regression-linear ran for 0. secs (0.u,0.s) (success)
Tactic call abstract+autorewrite-regression-quadratic ran for 0.137 secs (0.133u,0.003s) (success)
Tactic call close-abstract+autorewrite-regression-quadratic ran for 0.057 secs (0.054u,0.003s)
Params: n= 72
Tactic call autorewrite-regression-quadratic ran for 0.073 secs (0.073u,0.s) (success)
Tactic call autorewrite-noop-regression-linear ran for 0.001 secs (0.001u,0.s) (success)
Tactic call abstract+autorewrite-regression-quadratic ran for 0.137 secs (0.137u,0.s) (success)
Tactic call close-abstract+autorewrite-regression-quadratic ran for 0.061 secs (0.061u,0.s)
Params: n= 73
Tactic call autorewrite-regression-quadratic ran for 0.077 secs (0.077u,0.s) (success)
Tactic call autorewrite-noop-regression-linear ran for 0.001 secs (0.001u,0.s) (success)
Tactic call abstract+autorewrite-regression-quadratic ran for 0.138 secs (0.138u,0.s) (success)
Tactic call close-abstract+autorewrite-regression-quadratic ran for 0.059 secs (0.059u,0.s)
Params: n= 74
Tactic call autorewrite-regression-quadratic ran for 0.085 secs (0.085u,0.s) (success)
Tactic call autorewrite-noop-regression-linear ran for 0.002 secs (0.002u,0.s) (success)
Tactic call abstract+autorewrite-regression-quadratic ran for 0.147 secs (0.147u,0.s) (success)
Tactic call close-abstract+autorewrite-regression-quadratic ran for 0.059 secs (0.059u,0.s)
Params: n= 75
Tactic call autorewrite-regression-quadratic ran for 0.077 secs (0.077u,0.s) (success)
Tactic call autorewrite-noop-regression-linear ran for 0.001 secs (0.001u,0.s) (success)
Tactic call abstract+autorewrite-regression-quadratic ran for 0.14 secs (0.14u,0.s) (success)
Tactic call close-abstract+autorewrite-regression-quadratic ran for 0.061 secs (0.061u,0.s)
Params: n= 76
Tactic call autorewrite-regression-quadratic ran for 0.098 secs (0.098u,0.s) (success)
Tactic call autorewrite-noop-regression-linear ran for 0.001 secs (0.001u,0.s) (success)
Tactic call abstract+autorewrite-regression-quadratic ran for 0.162 secs (0.162u,0.s) (success)
Tactic call close-abstract+autorewrite-regression-quadratic ran for 0.061 secs (0.061u,0.s)
Params: n= 77
Tactic call autorewrite-regression-quadratic ran for 0.09 secs (0.09u,0.s) (success)
Tactic call autorewrite-noop-regression-linear ran for 0.001 secs (0.001u,0.s) (success)
Tactic call abstract+autorewrite-regression-quadratic ran for 0.164 secs (0.164u,0.s) (success)
Tactic call close-abstract+autorewrite-regression-quadratic ran for 0.072 secs (0.072u,0.s)
Params: n= 78
Tactic call autorewrite-regression-quadratic ran for 0.091 secs (0.091u,0.s) (success)
Tactic call autorewrite-noop-regression-linear ran for 0.001 secs (0.001u,0.s) (success)
Tactic call abstract+autorewrite-regression-quadratic ran for 0.164 secs (0.164u,0.s) (success)
Tactic call close-abstract+autorewrite-regression-quadratic ran for 0.071 secs (0.071u,0.s)
Params: n= 79
Tactic call autorewrite-regression-quadratic ran for 0.09 secs (0.09u,0.s) (success)
Tactic call autorewrite-noop-regression-linear ran for 0.001 secs (0.001u,0.s) (success)
Tactic call abstract+autorewrite-regression-quadratic ran for 0.168 secs (0.168u,0.s) (success)
Tactic call close-abstract+autorewrite-regression-quadratic ran for 0.076 secs (0.076u,0.s)
Params: n= 80
Tactic call autorewrite-regression-quadratic ran for 0.095 secs (0.094u,0.s) (success)
Tactic call autorewrite-noop-regression-linear ran for 0.001 secs (0.001u,0.s) (success)
Tactic call abstract+autorewrite-regression-quadratic ran for 0.173 secs (0.173u,0.s) (success)
Tactic call close-abstract+autorewrite-regression-quadratic ran for 0.075 secs (0.075u,0.s)
Params: n= 81
Tactic call autorewrite-regression-quadratic ran for 0.095 secs (0.095u,0.s) (success)
Tactic call autorewrite-noop-regression-linear ran for 0.001 secs (0.001u,0.s) (success)
Tactic call abstract+autorewrite-regression-quadratic ran for 0.177 secs (0.176u,0.s) (success)
Tactic call close-abstract+autorewrite-regression-quadratic ran for 0.079 secs (0.079u,0.s)
Params: n= 82
Tactic call autorewrite-regression-quadratic ran for 0.112 secs (0.108u,0.003s) (success)
Tactic call autorewrite-noop-regression-linear ran for 0.001 secs (0.001u,0.s) (success)
Tactic call abstract+autorewrite-regression-quadratic ran for 0.195 secs (0.191u,0.003s) (success)
Tactic call close-abstract+autorewrite-regression-quadratic ran for 0.08 secs (0.08u,0.s)
Params: n= 83
Tactic call autorewrite-regression-quadratic ran for 0.104 secs (0.104u,0.s) (success)
Tactic call autorewrite-noop-regression-linear ran for 0.001 secs (0.001u,0.s) (success)
Tactic call abstract+autorewrite-regression-quadratic ran for 0.18 secs (0.18u,0.s) (success)
Tactic call close-abstract+autorewrite-regression-quadratic ran for 0.074 secs (0.074u,0.s)
Params: n= 84
Tactic call autorewrite-regression-quadratic ran for 0.109 secs (0.109u,0.s) (success)
Tactic call autorewrite-noop-regression-linear ran for 0.001 secs (0.001u,0.s) (success)
Tactic call abstract+autorewrite-regression-quadratic ran for 0.191 secs (0.191u,0.s) (success)
Tactic call close-abstract+autorewrite-regression-quadratic ran for 0.079 secs (0.079u,0.s)
Params: n= 85
Tactic call autorewrite-regression-quadratic ran for 0.107 secs (0.107u,0.s) (success)
Tactic call autorewrite-noop-regression-linear ran for 0.001 secs (0.001u,0.s) (success)
Tactic call abstract+autorewrite-regression-quadratic ran for 0.197 secs (0.197u,0.s) (success)
Tactic call close-abstract+autorewrite-regression-quadratic ran for 0.087 secs (0.087u,0.s)
Params: n= 86
Tactic call autorewrite-regression-quadratic ran for 0.113 secs (0.113u,0.s) (success)
Tactic call autorewrite-noop-regression-linear ran for 0.001 secs (0.001u,0.s) (success)
Tactic call abstract+autorewrite-regression-quadratic ran for 0.193 secs (0.193u,0.s) (success)
Tactic call close-abstract+autorewrite-regression-quadratic ran for 0.077 secs (0.077u,0.s)
Params: n= 87
Tactic call autorewrite-regression-quadratic ran for 0.105 secs (0.105u,0.s) (success)
Tactic call autorewrite-noop-regression-linear ran for 0.001 secs (0.001u,0.s) (success)
Tactic call abstract+autorewrite-regression-quadratic ran for 0.187 secs (0.187u,0.s) (success)
Tactic call close-abstract+autorewrite-regression-quadratic ran for 0.079 secs (0.079u,0.s)
Params: n= 88
Tactic call autorewrite-regression-quadratic ran for 0.108 secs (0.108u,0.s) (success)
Tactic call autorewrite-noop-regression-linear ran for 0.001 secs (0.001u,0.s) (success)
Tactic call abstract+autorewrite-regression-quadratic ran for 0.198 secs (0.198u,0.s) (success)
Tactic call close-abstract+autorewrite-regression-quadratic ran for 0.088 secs (0.088u,0.s)
Params: n= 89
Tactic call autorewrite-regression-quadratic ran for 0.122 secs (0.121u,0.s) (success)
Tactic call autorewrite-noop-regression-linear ran for 0.001 secs (0.001u,0.s) (success)
Tactic call abstract+autorewrite-regression-quadratic ran for 0.214 secs (0.213u,0.s) (success)
Tactic call close-abstract+autorewrite-regression-quadratic ran for 0.089 secs (0.088u,0.s)
Params: n= 90
Tactic call autorewrite-regression-quadratic ran for 0.127 secs (0.127u,0.s) (success)
Tactic call autorewrite-noop-regression-linear ran for 0.001 secs (0.001u,0.s) (success)
Tactic call abstract+autorewrite-regression-quadratic ran for 0.224 secs (0.224u,0.s) (success)
Tactic call close-abstract+autorewrite-regression-quadratic ran for 0.094 secs (0.094u,0.s)
Params: n= 91
Tactic call autorewrite-regression-quadratic ran for 0.122 secs (0.122u,0.s) (success)
Tactic call autorewrite-noop-regression-linear ran for 0.001 secs (0.001u,0.s) (success)
Tactic call abstract+autorewrite-regression-quadratic ran for 0.211 secs (0.211u,0.s) (success)
Tactic call close-abstract+autorewrite-regression-quadratic ran for 0.086 secs (0.086u,0.s)
Params: n= 92
Tactic call autorewrite-regression-quadratic ran for 0.122 secs (0.121u,0.s) (success)
Tactic call autorewrite-noop-regression-linear ran for 0.001 secs (0.001u,0.s) (success)
Tactic call abstract+autorewrite-regression-quadratic ran for 0.213 secs (0.213u,0.s) (success)
Tactic call close-abstract+autorewrite-regression-quadratic ran for 0.089 secs (0.089u,0.s)
Params: n= 93
Tactic call autorewrite-regression-quadratic ran for 0.13 secs (0.13u,0.s) (success)
Tactic call autorewrite-noop-regression-linear ran for 0.001 secs (0.001u,0.s) (success)
Tactic call abstract+autorewrite-regression-quadratic ran for 0.226 secs (0.226u,0.s) (success)
Tactic call close-abstract+autorewrite-regression-quadratic ran for 0.093 secs (0.093u,0.s)
Params: n= 94
Tactic call autorewrite-regression-quadratic ran for 0.134 secs (0.125u,0.003s) (success)
Tactic call autorewrite-noop-regression-linear ran for 0.001 secs (0.u,0.s) (success)
Tactic call abstract+autorewrite-regression-quadratic ran for 0.23 secs (0.221u,0.008s) (success)
Tactic call close-abstract+autorewrite-regression-quadratic ran for 0.092 secs (0.095u,0.004s)
Params: n= 95
Tactic call autorewrite-regression-quadratic ran for 0.13 secs (0.131u,0.s) (success)
Tactic call autorewrite-noop-regression-linear ran for 0.001 secs (0.u,0.s) (success)
Tactic call abstract+autorewrite-regression-quadratic ran for 0.232 secs (0.233u,0.s) (success)
Tactic call close-abstract+autorewrite-regression-quadratic ran for 0.099 secs (0.101u,0.s)
Params: n= 96
Tactic call autorewrite-regression-quadratic ran for 0.131 secs (0.131u,0.s) (success)
Tactic call autorewrite-noop-regression-linear ran for 0.001 secs (0.001u,0.s) (success)
Tactic call abstract+autorewrite-regression-quadratic ran for 0.235 secs (0.235u,0.s) (success)
Tactic call close-abstract+autorewrite-regression-quadratic ran for 0.1 secs (0.1u,0.s)
Params: n= 97
Tactic call autorewrite-regression-quadratic ran for 0.133 secs (0.129u,0.003s) (success)
Tactic call autorewrite-noop-regression-linear ran for 0.001 secs (0.001u,0.s) (success)
Tactic call abstract+autorewrite-regression-quadratic ran for 0.239 secs (0.235u,0.003s) (success)
Tactic call close-abstract+autorewrite-regression-quadratic ran for 0.102 secs (0.102u,0.s)
Params: n= 98
Tactic call autorewrite-regression-quadratic ran for 0.134 secs (0.134u,0.s) (success)
Tactic call autorewrite-noop-regression-linear ran for 0.002 secs (0.002u,0.s) (success)
Tactic call abstract+autorewrite-regression-quadratic ran for 0.243 secs (0.243u,0.s) (success)
Tactic call close-abstract+autorewrite-regression-quadratic ran for 0.104 secs (0.104u,0.s)
Params: n= 99
Tactic call autorewrite-regression-quadratic ran for 0.145 secs (0.145u,0.s) (success)
Tactic call autorewrite-noop-regression-linear ran for 0.001 secs (0.001u,0.s) (success)
Tactic call abstract+autorewrite-regression-quadratic ran for 0.26 secs (0.26u,0.s) (success)
Tactic call close-abstract+autorewrite-regression-quadratic ran for 0.11 secs (0.11u,0.s)
Params: n= 110
Tactic call autorewrite-regression-quadratic ran for 0.177 secs (0.177u,0.s) (success)
Tactic call autorewrite-noop-regression-linear ran for 0.001 secs (0.001u,0.s) (success)
Tactic call abstract+autorewrite-regression-quadratic ran for 0.325 secs (0.325u,0.s) (success)
Tactic call close-abstract+autorewrite-regression-quadratic ran for 0.144 secs (0.144u,0.s)
Params: n= 120
Tactic call autorewrite-regression-quadratic ran for 0.213 secs (0.213u,0.s) (success)
Tactic call autorewrite-noop-regression-linear ran for 0.002 secs (0.u,0.s) (success)
Tactic call abstract+autorewrite-regression-quadratic ran for 0.386 secs (0.386u,0.s) (success)
Tactic call close-abstract+autorewrite-regression-quadratic ran for 0.169 secs (0.171u,0.s)
Params: n= 130
Tactic call autorewrite-regression-quadratic ran for 0.267 secs (0.267u,0.s) (success)
Tactic call autorewrite-noop-regression-linear ran for 0.002 secs (0.002u,0.s) (success)
Tactic call abstract+autorewrite-regression-quadratic ran for 0.462 secs (0.461u,0.s) (success)
Tactic call close-abstract+autorewrite-regression-quadratic ran for 0.191 secs (0.19u,0.s)
Params: n= 140
Tactic call autorewrite-regression-quadratic ran for 0.304 secs (0.304u,0.s) (success)
Tactic call autorewrite-noop-regression-linear ran for 0.002 secs (0.002u,0.s) (success)
Tactic call abstract+autorewrite-regression-quadratic ran for 0.531 secs (0.531u,0.s) (success)
Tactic call close-abstract+autorewrite-regression-quadratic ran for 0.223 secs (0.223u,0.s)
Params: n= 160
Tactic call autorewrite-regression-quadratic ran for 0.42 secs (0.42u,0.s) (success)
Tactic call autorewrite-noop-regression-linear ran for 0.002 secs (0.002u,0.s) (success)
Tactic call abstract+autorewrite-regression-quadratic ran for 0.702 secs (0.702u,0.s) (success)
Tactic call close-abstract+autorewrite-regression-quadratic ran for 0.277 secs (0.277u,0.s)
Params: n= 170
Tactic call autorewrite-regression-quadratic ran for 0.448 secs (0.444u,0.004s) (success)
Tactic call autorewrite-noop-regression-linear ran for 0.006 secs (0.006u,0.s) (success)
Tactic call abstract+autorewrite-regression-quadratic ran for 0.817 secs (0.808u,0.004s) (success)
Tactic call close-abstract+autorewrite-regression-quadratic ran for 0.361 secs (0.356u,0.s)
Params: n= 180
Tactic call autorewrite-regression-quadratic ran for 0.507 secs (0.511u,0.004s) (success)
Tactic call autorewrite-noop-regression-linear ran for 0.002 secs (0.002u,0.s) (success)
Tactic call abstract+autorewrite-regression-quadratic ran for 0.845 secs (0.848u,0.004s) (success)
Tactic call close-abstract+autorewrite-regression-quadratic ran for 0.334 secs (0.334u,0.s)
Params: n= 190
Tactic call autorewrite-regression-quadratic ran for 0.557 secs (0.545u,0.012s) (success)
Tactic call autorewrite-noop-regression-linear ran for 0.003 secs (0.003u,0.s) (success)
Tactic call abstract+autorewrite-regression-quadratic ran for 0.959 secs (0.946u,0.012s) (success)
Tactic call close-abstract+autorewrite-regression-quadratic ran for 0.396 secs (0.396u,0.s)
Params: n= 210
Tactic call autorewrite-regression-quadratic ran for 0.709 secs (0.705u,0.004s) (success)
Tactic call autorewrite-noop-regression-linear ran for 0.003 secs (0.003u,0.s) (success)
Tactic call abstract+autorewrite-regression-quadratic ran for 1.205 secs (1.197u,0.008s) (success)
Tactic call close-abstract+autorewrite-regression-quadratic ran for 0.491 secs (0.487u,0.004s)
Params: n= 220
Tactic call autorewrite-regression-quadratic ran for 0.736 secs (0.736u,0.s) (success)
Tactic call autorewrite-noop-regression-linear ran for 0.006 secs (0.006u,0.s) (success)
Tactic call abstract+autorewrite-regression-quadratic ran for 1.289 secs (1.286u,0.s) (success)
Tactic call close-abstract+autorewrite-regression-quadratic ran for 0.543 secs (0.54u,0.002s)
Params: n= 230
Tactic call autorewrite-regression-quadratic ran for 0.887 secs (0.883u,0.003s) (success)
Tactic call autorewrite-noop-regression-linear ran for 0.004 secs (0.004u,0.s) (success)
Tactic call abstract+autorewrite-regression-quadratic ran for 1.474 secs (1.47u,0.004s) (success)
Tactic call close-abstract+autorewrite-regression-quadratic ran for 0.58 secs (0.58u,0.s)
Params: n= 240
Tactic call autorewrite-regression-quadratic ran for 0.908 secs (0.908u,0.s) (success)
Tactic call autorewrite-noop-regression-linear ran for 0.004 secs (0.004u,0.s) (success)
Tactic call abstract+autorewrite-regression-quadratic ran for 1.577 secs (1.577u,0.s) (success)
Tactic call close-abstract+autorewrite-regression-quadratic ran for 0.663 secs (0.662u,0.s)
Params: n= 260
Tactic call autorewrite-regression-quadratic ran for 1.092 secs (1.092u,0.s) (success)
Tactic call autorewrite-noop-regression-linear ran for 0.005 secs (0.005u,0.s) (success)
Tactic call abstract+autorewrite-regression-quadratic ran for 1.806 secs (1.806u,0.s) (success)
Tactic call close-abstract+autorewrite-regression-quadratic ran for 0.705 secs (0.705u,0.s)
Params: n= 270
Tactic call autorewrite-regression-quadratic ran for 1.189 secs (1.189u,0.s) (success)
Tactic call autorewrite-noop-regression-linear ran for 0.005 secs (0.005u,0.s) (success)
Tactic call abstract+autorewrite-regression-quadratic ran for 1.958 secs (1.958u,0.s) (success)
Tactic call close-abstract+autorewrite-regression-quadratic ran for 0.761 secs (0.761u,0.s)
Params: n= 280
Tactic call autorewrite-regression-quadratic ran for 1.237 secs (1.237u,0.s) (success)
Tactic call autorewrite-noop-regression-linear ran for 0.008 secs (0.008u,0.s) (success)
Tactic call abstract+autorewrite-regression-quadratic ran for 2.112 secs (2.112u,0.s) (success)
Tactic call close-abstract+autorewrite-regression-quadratic ran for 0.864 secs (0.863u,0.s)
Params: n= 290
Tactic call autorewrite-regression-quadratic ran for 1.43 secs (1.43u,0.s) (success)
Tactic call autorewrite-noop-regression-linear ran for 0.006 secs (0.006u,0.s) (success)
Tactic call abstract+autorewrite-regression-quadratic ran for 2.382 secs (2.382u,0.s) (success)
Tactic call close-abstract+autorewrite-regression-quadratic ran for 0.942 secs (0.942u,0.s)
Params: n= 310
Tactic call autorewrite-regression-quadratic ran for 1.604 secs (1.592u,0.011s) (success)
Tactic call autorewrite-noop-regression-linear ran for 0.009 secs (0.009u,0.s) (success)
Tactic call abstract+autorewrite-regression-quadratic ran for 2.611 secs (2.595u,0.015s) (success)
Tactic call close-abstract+autorewrite-regression-quadratic ran for 0.996 secs (0.992u,0.004s)
Params: n= 320
Tactic call autorewrite-regression-quadratic ran for 1.723 secs (1.722u,0.s) (success)
Tactic call autorewrite-noop-regression-linear ran for 0.007 secs (0.007u,0.s) (success)
Tactic call abstract+autorewrite-regression-quadratic ran for 2.812 secs (2.812u,0.s) (success)
Tactic call close-abstract+autorewrite-regression-quadratic ran for 1.08 secs (1.079u,0.s)
Params: n= 330
Tactic call autorewrite-regression-quadratic ran for 1.882 secs (1.881u,0.s) (success)
Tactic call autorewrite-noop-regression-linear ran for 0.007 secs (0.008u,0.s) (success)
Tactic call abstract+autorewrite-regression-quadratic ran for 3.076 secs (3.076u,0.s) (success)
Tactic call close-abstract+autorewrite-regression-quadratic ran for 1.184 secs (1.184u,0.s)
Params: n= 340
Tactic call autorewrite-regression-quadratic ran for 2.021 secs (2.02u,0.s) (success)
Tactic call autorewrite-noop-regression-linear ran for 0.008 secs (0.008u,0.s) (success)
Tactic call abstract+autorewrite-regression-quadratic ran for 3.206 secs (3.205u,0.s) (success)
Tactic call close-abstract+autorewrite-regression-quadratic ran for 1.174 secs (1.174u,0.s)
Params: n= 360
Tactic call autorewrite-regression-quadratic ran for 2.215 secs (2.215u,0.s) (success)
Tactic call autorewrite-noop-regression-linear ran for 0.008 secs (0.008u,0.s) (success)
Tactic call abstract+autorewrite-regression-quadratic ran for 3.58 secs (3.58u,0.s) (success)
Tactic call close-abstract+autorewrite-regression-quadratic ran for 1.354 secs (1.353u,0.s)
Params: n= 370
Tactic call autorewrite-regression-quadratic ran for 2.426 secs (2.426u,0.s) (success)
Tactic call autorewrite-noop-regression-linear ran for 0.009 secs (0.009u,0.s) (success)
Tactic call abstract+autorewrite-regression-quadratic ran for 3.9 secs (3.899u,0.s) (success)
Tactic call close-abstract+autorewrite-regression-quadratic ran for 1.46 secs (1.46u,0.s)
Params: n= 380
Tactic call autorewrite-regression-quadratic ran for 2.558 secs (2.55u,0.007s) (success)
Tactic call autorewrite-noop-regression-linear ran for 0.01 secs (0.01u,0.s) (success)
Tactic call abstract+autorewrite-regression-quadratic ran for 4.012 secs (4.003u,0.007s) (success)
Tactic call close-abstract+autorewrite-regression-quadratic ran for 1.441 secs (1.441u,0.s)
Params: n= 390
Tactic call autorewrite-regression-quadratic ran for 2.708 secs (2.708u,0.s) (success)
Tactic call autorewrite-noop-regression-linear ran for 0.009 secs (0.009u,0.s) (success)
Tactic call abstract+autorewrite-regression-quadratic ran for 4.301 secs (4.301u,0.s) (success)
Tactic call close-abstract+autorewrite-regression-quadratic ran for 1.581 secs (1.581u,0.s)
