Params: n= 50
Tactic call autorewrite-regression-quadratic ran for 0.111 secs (0.083u,0.027s) (success)
Tactic call autorewrite-noop-regression-linear ran for 0. secs (0.u,0.s) (success)
Tactic call abstract+autorewrite-regression-quadratic ran for 0.141 secs (0.112u,0.028s) (success)
Tactic call close-abstract+autorewrite-regression-quadratic ran for 0.028 secs (0.028u,0.s)
Params: n= 100
Tactic call autorewrite-regression-quadratic ran for 0.152 secs (0.152u,0.s) (success)
Tactic call autorewrite-noop-regression-linear ran for 0.001 secs (0.001u,0.s) (success)
Tactic call abstract+autorewrite-regression-quadratic ran for 0.273 secs (0.272u,0.s) (success)
Tactic call close-abstract+autorewrite-regression-quadratic ran for 0.118 secs (0.118u,0.s)
Params: n= 150
Tactic call autorewrite-regression-quadratic ran for 0.348 secs (0.337u,0.011s) (success)
Tactic call autorewrite-noop-regression-linear ran for 0.002 secs (0.002u,0.s) (success)
Tactic call abstract+autorewrite-regression-quadratic ran for 0.603 secs (0.592u,0.011s) (success)
Tactic call close-abstract+autorewrite-regression-quadratic ran for 0.251 secs (0.251u,0.s)
Params: n= 200
Tactic call autorewrite-regression-quadratic ran for 0.64 secs (0.64u,0.s) (success)
Tactic call autorewrite-noop-regression-linear ran for 0.003 secs (0.003u,0.s) (success)
Tactic call abstract+autorewrite-regression-quadratic ran for 1.096 secs (1.095u,0.s) (success)
Tactic call close-abstract+autorewrite-regression-quadratic ran for 0.45 secs (0.45u,0.s)
Params: n= 250
Tactic call autorewrite-regression-quadratic ran for 1.028 secs (1.02u,0.007s) (success)
Tactic call autorewrite-noop-regression-linear ran for 0.004 secs (0.004u,0.s) (success)
Tactic call abstract+autorewrite-regression-quadratic ran for 1.676 secs (1.668u,0.007s) (success)
Tactic call close-abstract+autorewrite-regression-quadratic ran for 0.642 secs (0.642u,0.s)
Params: n= 300
Tactic call autorewrite-regression-quadratic ran for 1.504 secs (1.5u,0.003s) (success)
Tactic call autorewrite-noop-regression-linear ran for 0.006 secs (0.006u,0.s) (success)
Tactic call abstract+autorewrite-regression-quadratic ran for 2.481 secs (2.473u,0.007s) (success)
Tactic call close-abstract+autorewrite-regression-quadratic ran for 0.968 secs (0.964u,0.003s)
Params: n= 350
Tactic call autorewrite-regression-quadratic ran for 2.223 secs (2.215u,0.008s) (success)
Tactic call autorewrite-noop-regression-linear ran for 0.007 secs (0.007u,0.s) (success)
Tactic call abstract+autorewrite-regression-quadratic ran for 3.522 secs (3.513u,0.008s) (success)
Tactic call close-abstract+autorewrite-regression-quadratic ran for 1.289 secs (1.289u,0.s)
Params: n= 400
Tactic call autorewrite-regression-quadratic ran for 3.006 secs (2.985u,0.02s) (success)
Tactic call autorewrite-noop-regression-linear ran for 0.011 secs (0.011u,0.s) (success)
Tactic call abstract+autorewrite-regression-quadratic ran for 4.744 secs (4.723u,0.02s) (success)
Tactic call close-abstract+autorewrite-regression-quadratic ran for 1.726 secs (1.725u,0.s)
