Params: n= 4
Tactic call rewrite!-regression-quadratic ran for 0.001 secs (0.001u,0.s) (success)
Tactic call rewrite?-noop-regression-linear ran for 0. secs (0.u,0.s) (success)
Tactic call abstract+rewrite!-regression-quadratic ran for 0.002 secs (0.001u,0.s) (success)
Tactic call close-abstract+rewrite!-regression-quadratic ran for 0. secs (0.u,0.s)
Params: n= 5
Tactic call rewrite!-regression-quadratic ran for 0.001 secs (0.u,0.001s) (success)
Tactic call rewrite?-noop-regression-linear ran for 0. secs (0.u,0.s) (success)
Tactic call abstract+rewrite!-regression-quadratic ran for 0.004 secs (0.u,0.004s) (success)
Tactic call close-abstract+rewrite!-regression-quadratic ran for 0.001 secs (0.u,0.001s)
Params: n= 6
Tactic call rewrite!-regression-quadratic ran for 0.002 secs (0.u,0.002s) (success)
Tactic call rewrite?-noop-regression-linear ran for 0. secs (0.u,0.s) (success)
Tactic call abstract+rewrite!-regression-quadratic ran for 0.003 secs (0.u,0.003s) (success)
Tactic call close-abstract+rewrite!-regression-quadratic ran for 0. secs (0.u,0.s)
Params: n= 7
Tactic call rewrite!-regression-quadratic ran for 0.002 secs (0.001u,0.s) (success)
Tactic call rewrite?-noop-regression-linear ran for 0. secs (0.u,0.s) (success)
Tactic call abstract+rewrite!-regression-quadratic ran for 0.004 secs (0.002u,0.001s) (success)
Tactic call close-abstract+rewrite!-regression-quadratic ran for 0. secs (0.u,0.s)
Params: n= 8
Tactic call rewrite!-regression-quadratic ran for 0.005 secs (0.u,0.005s) (success)
Tactic call rewrite?-noop-regression-linear ran for 0. secs (0.u,0.s) (success)
Tactic call abstract+rewrite!-regression-quadratic ran for 0.007 secs (0.u,0.007s) (success)
Tactic call close-abstract+rewrite!-regression-quadratic ran for 0.001 secs (0.u,0.001s)
Params: n= 9
Tactic call rewrite!-regression-quadratic ran for 0.003 secs (0.003u,0.s) (success)
Tactic call rewrite?-noop-regression-linear ran for 0. secs (0.u,0.s) (success)
Tactic call abstract+rewrite!-regression-quadratic ran for 0.006 secs (0.004u,0.001s) (success)
Tactic call close-abstract+rewrite!-regression-quadratic ran for 0.001 secs (0.u,0.001s)
Params: n= 10
Tactic call rewrite!-regression-quadratic ran for 0.004 secs (0.003u,0.s) (success)
Tactic call rewrite?-noop-regression-linear ran for 0. secs (0.u,0.s) (success)
Tactic call abstract+rewrite!-regression-quadratic ran for 0.072 secs (0.063u,0.009s) (success)
Tactic call close-abstract+rewrite!-regression-quadratic ran for 0.07 secs (0.062u,0.007s)
Params: n= 11
Tactic call rewrite!-regression-quadratic ran for 0.004 secs (0.004u,0.s) (success)
Tactic call rewrite?-noop-regression-linear ran for 0. secs (0.u,0.s) (success)
Tactic call abstract+rewrite!-regression-quadratic ran for 0.007 secs (0.007u,0.s) (success)
Tactic call close-abstract+rewrite!-regression-quadratic ran for 0.002 secs (0.002u,0.s)
Params: n= 12
Tactic call rewrite!-regression-quadratic ran for 0.005 secs (0.005u,0.s) (success)
Tactic call rewrite?-noop-regression-linear ran for 0. secs (0.u,0.s) (success)
Tactic call abstract+rewrite!-regression-quadratic ran for 0.007 secs (0.007u,0.s) (success)
Tactic call close-abstract+rewrite!-regression-quadratic ran for 0.002 secs (0.002u,0.s)
Params: n= 13
Tactic call rewrite!-regression-quadratic ran for 0.004 secs (0.004u,0.s) (success)
Tactic call rewrite?-noop-regression-linear ran for 0. secs (0.u,0.s) (success)
Tactic call abstract+rewrite!-regression-quadratic ran for 0.008 secs (0.008u,0.s) (success)
Tactic call close-abstract+rewrite!-regression-quadratic ran for 0.002 secs (0.002u,0.s)
Params: n= 14
Tactic call rewrite!-regression-quadratic ran for 0.005 secs (0.005u,0.s) (success)
Tactic call rewrite?-noop-regression-linear ran for 0. secs (0.u,0.s) (success)
Tactic call abstract+rewrite!-regression-quadratic ran for 0.008 secs (0.008u,0.s) (success)
Tactic call close-abstract+rewrite!-regression-quadratic ran for 0.002 secs (0.002u,0.s)
Params: n= 15
Tactic call rewrite!-regression-quadratic ran for 0.005 secs (0.005u,0.s) (success)
Tactic call rewrite?-noop-regression-linear ran for 0. secs (0.u,0.s) (success)
Tactic call abstract+rewrite!-regression-quadratic ran for 0.009 secs (0.009u,0.s) (success)
Tactic call close-abstract+rewrite!-regression-quadratic ran for 0.002 secs (0.002u,0.s)
Params: n= 16
Tactic call rewrite!-regression-quadratic ran for 0.005 secs (0.005u,0.s) (success)
Tactic call rewrite?-noop-regression-linear ran for 0. secs (0.u,0.s) (success)
Tactic call abstract+rewrite!-regression-quadratic ran for 0.01 secs (0.01u,0.s) (success)
Tactic call close-abstract+rewrite!-regression-quadratic ran for 0.003 secs (0.003u,0.s)
Params: n= 17
Tactic call rewrite!-regression-quadratic ran for 0.006 secs (0.006u,0.s) (success)
Tactic call rewrite?-noop-regression-linear ran for 0. secs (0.u,0.s) (success)
Tactic call abstract+rewrite!-regression-quadratic ran for 0.01 secs (0.01u,0.s) (success)
Tactic call close-abstract+rewrite!-regression-quadratic ran for 0.003 secs (0.003u,0.s)
Params: n= 18
Tactic call rewrite!-regression-quadratic ran for 0.009 secs (0.009u,0.s) (success)
Tactic call rewrite?-noop-regression-linear ran for 0. secs (0.u,0.s) (success)
Tactic call abstract+rewrite!-regression-quadratic ran for 0.015 secs (0.015u,0.s) (success)
Tactic call close-abstract+rewrite!-regression-quadratic ran for 0.004 secs (0.004u,0.s)
Params: n= 19
Tactic call rewrite!-regression-quadratic ran for 0.008 secs (0.008u,0.s) (success)
Tactic call rewrite?-noop-regression-linear ran for 0. secs (0.u,0.s) (success)
Tactic call abstract+rewrite!-regression-quadratic ran for 0.014 secs (0.014u,0.s) (success)
Tactic call close-abstract+rewrite!-regression-quadratic ran for 0.004 secs (0.004u,0.s)
Params: n= 20
Tactic call rewrite!-regression-quadratic ran for 0.009 secs (0.009u,0.s) (success)
Tactic call rewrite?-noop-regression-linear ran for 0. secs (0.u,0.s) (success)
Tactic call abstract+rewrite!-regression-quadratic ran for 0.014 secs (0.014u,0.s) (success)
Tactic call close-abstract+rewrite!-regression-quadratic ran for 0.004 secs (0.004u,0.s)
Params: n= 21
Tactic call rewrite!-regression-quadratic ran for 0.01 secs (0.01u,0.s) (success)
Tactic call rewrite?-noop-regression-linear ran for 0. secs (0.u,0.s) (success)
Tactic call abstract+rewrite!-regression-quadratic ran for 0.017 secs (0.017u,0.s) (success)
Tactic call close-abstract+rewrite!-regression-quadratic ran for 0.005 secs (0.005u,0.s)
Params: n= 22
Tactic call rewrite!-regression-quadratic ran for 0.01 secs (0.01u,0.s) (success)
Tactic call rewrite?-noop-regression-linear ran for 0. secs (0.u,0.s) (success)
Tactic call abstract+rewrite!-regression-quadratic ran for 0.017 secs (0.017u,0.s) (success)
Tactic call close-abstract+rewrite!-regression-quadratic ran for 0.006 secs (0.006u,0.s)
Params: n= 23
Tactic call rewrite!-regression-quadratic ran for 0.013 secs (0.013u,0.s) (success)
Tactic call rewrite?-noop-regression-linear ran for 0. secs (0.u,0.s) (success)
Tactic call abstract+rewrite!-regression-quadratic ran for 0.021 secs (0.021u,0.s) (success)
Tactic call close-abstract+rewrite!-regression-quadratic ran for 0.006 secs (0.006u,0.s)
Params: n= 24
Tactic call rewrite!-regression-quadratic ran for 0.012 secs (0.012u,0.s) (success)
Tactic call rewrite?-noop-regression-linear ran for 0. secs (0.u,0.s) (success)
Tactic call abstract+rewrite!-regression-quadratic ran for 0.02 secs (0.02u,0.s) (success)
Tactic call close-abstract+rewrite!-regression-quadratic ran for 0.007 secs (0.007u,0.s)
Params: n= 25
Tactic call rewrite!-regression-quadratic ran for 0.012 secs (0.012u,0.s) (success)
Tactic call rewrite?-noop-regression-linear ran for 0. secs (0.u,0.s) (success)
Tactic call abstract+rewrite!-regression-quadratic ran for 0.021 secs (0.021u,0.s) (success)
Tactic call close-abstract+rewrite!-regression-quadratic ran for 0.008 secs (0.008u,0.s)
Params: n= 26
Tactic call rewrite!-regression-quadratic ran for 0.014 secs (0.014u,0.s) (success)
Tactic call rewrite?-noop-regression-linear ran for 0. secs (0.u,0.s) (success)
Tactic call abstract+rewrite!-regression-quadratic ran for 0.023 secs (0.023u,0.s) (success)
Tactic call close-abstract+rewrite!-regression-quadratic ran for 0.008 secs (0.008u,0.s)
Params: n= 27
Tactic call rewrite!-regression-quadratic ran for 0.013 secs (0.013u,0.s) (success)
Tactic call rewrite?-noop-regression-linear ran for 0. secs (0.u,0.s) (success)
Tactic call abstract+rewrite!-regression-quadratic ran for 0.023 secs (0.023u,0.s) (success)
Tactic call close-abstract+rewrite!-regression-quadratic ran for 0.008 secs (0.008u,0.s)
Params: n= 28
Tactic call rewrite!-regression-quadratic ran for 0.015 secs (0.015u,0.s) (success)
Tactic call rewrite?-noop-regression-linear ran for 0. secs (0.u,0.s) (success)
Tactic call abstract+rewrite!-regression-quadratic ran for 0.027 secs (0.023u,0.003s) (success)
Tactic call close-abstract+rewrite!-regression-quadratic ran for 0.01 secs (0.007u,0.003s)
Params: n= 29
Tactic call rewrite!-regression-quadratic ran for 0.018 secs (0.018u,0.s) (success)
Tactic call rewrite?-noop-regression-linear ran for 0. secs (0.u,0.s) (success)
Tactic call abstract+rewrite!-regression-quadratic ran for 0.032 secs (0.032u,0.s) (success)
Tactic call close-abstract+rewrite!-regression-quadratic ran for 0.012 secs (0.012u,0.s)
Params: n= 30
Tactic call rewrite!-regression-quadratic ran for 0.017 secs (0.017u,0.s) (success)
Tactic call rewrite?-noop-regression-linear ran for 0. secs (0.u,0.s) (success)
Tactic call abstract+rewrite!-regression-quadratic ran for 0.031 secs (0.031u,0.s) (success)
Tactic call close-abstract+rewrite!-regression-quadratic ran for 0.012 secs (0.012u,0.s)
Params: n= 31
Tactic call rewrite!-regression-quadratic ran for 0.018 secs (0.018u,0.s) (success)
Tactic call rewrite?-noop-regression-linear ran for 0. secs (0.u,0.s) (success)
Tactic call abstract+rewrite!-regression-quadratic ran for 0.031 secs (0.03u,0.s) (success)
Tactic call close-abstract+rewrite!-regression-quadratic ran for 0.012 secs (0.011u,0.s)
Params: n= 32
Tactic call rewrite!-regression-quadratic ran for 0.019 secs (0.02u,0.s) (success)
Tactic call rewrite?-noop-regression-linear ran for 0. secs (0.u,0.s) (success)
Tactic call abstract+rewrite!-regression-quadratic ran for 0.033 secs (0.034u,0.s) (success)
Tactic call close-abstract+rewrite!-regression-quadratic ran for 0.012 secs (0.012u,0.s)
Params: n= 33
Tactic call rewrite!-regression-quadratic ran for 0.023 secs (0.023u,0.s) (success)
Tactic call rewrite?-noop-regression-linear ran for 0. secs (0.u,0.s) (success)
Tactic call abstract+rewrite!-regression-quadratic ran for 0.037 secs (0.037u,0.s) (success)
Tactic call close-abstract+rewrite!-regression-quadratic ran for 0.013 secs (0.013u,0.s)
Params: n= 34
Tactic call rewrite!-regression-quadratic ran for 0.027 secs (0.027u,0.s) (success)
Tactic call rewrite?-noop-regression-linear ran for 0. secs (0.u,0.s) (success)
Tactic call abstract+rewrite!-regression-quadratic ran for 0.042 secs (0.042u,0.s) (success)
Tactic call close-abstract+rewrite!-regression-quadratic ran for 0.013 secs (0.013u,0.s)
Params: n= 35
Tactic call rewrite!-regression-quadratic ran for 0.021 secs (0.021u,0.s) (success)
Tactic call rewrite?-noop-regression-linear ran for 0. secs (0.u,0.s) (success)
Tactic call abstract+rewrite!-regression-quadratic ran for 0.038 secs (0.038u,0.s) (success)
Tactic call close-abstract+rewrite!-regression-quadratic ran for 0.014 secs (0.014u,0.s)
Params: n= 36
Tactic call rewrite!-regression-quadratic ran for 0.021 secs (0.021u,0.s) (success)
Tactic call rewrite?-noop-regression-linear ran for 0. secs (0.u,0.s) (success)
Tactic call abstract+rewrite!-regression-quadratic ran for 0.04 secs (0.04u,0.s) (success)
Tactic call close-abstract+rewrite!-regression-quadratic ran for 0.018 secs (0.018u,0.s)
Params: n= 37
Tactic call rewrite!-regression-quadratic ran for 0.022 secs (0.022u,0.s) (success)
Tactic call rewrite?-noop-regression-linear ran for 0. secs (0.u,0.s) (success)
Tactic call abstract+rewrite!-regression-quadratic ran for 0.039 secs (0.039u,0.s) (success)
Tactic call close-abstract+rewrite!-regression-quadratic ran for 0.015 secs (0.015u,0.s)
Params: n= 38
Tactic call rewrite!-regression-quadratic ran for 0.026 secs (0.026u,0.s) (success)
Tactic call rewrite?-noop-regression-linear ran for 0. secs (0.u,0.s) (success)
Tactic call abstract+rewrite!-regression-quadratic ran for 0.044 secs (0.044u,0.s) (success)
Tactic call close-abstract+rewrite!-regression-quadratic ran for 0.017 secs (0.017u,0.s)
Params: n= 39
Tactic call rewrite!-regression-quadratic ran for 0.026 secs (0.026u,0.s) (success)
Tactic call rewrite?-noop-regression-linear ran for 0. secs (0.u,0.s) (success)
Tactic call abstract+rewrite!-regression-quadratic ran for 0.048 secs (0.048u,0.s) (success)
Tactic call close-abstract+rewrite!-regression-quadratic ran for 0.02 secs (0.02u,0.s)
Params: n= 40
Tactic call rewrite!-regression-quadratic ran for 0.026 secs (0.026u,0.s) (success)
Tactic call rewrite?-noop-regression-linear ran for 0. secs (0.u,0.s) (success)
Tactic call abstract+rewrite!-regression-quadratic ran for 0.047 secs (0.047u,0.s) (success)
Tactic call close-abstract+rewrite!-regression-quadratic ran for 0.019 secs (0.019u,0.s)
Params: n= 41
Tactic call rewrite!-regression-quadratic ran for 0.03 secs (0.03u,0.s) (success)
Tactic call rewrite?-noop-regression-linear ran for 0. secs (0.u,0.s) (success)
Tactic call abstract+rewrite!-regression-quadratic ran for 0.052 secs (0.052u,0.s) (success)
Tactic call close-abstract+rewrite!-regression-quadratic ran for 0.02 secs (0.02u,0.s)
Params: n= 42
Tactic call rewrite!-regression-quadratic ran for 0.033 secs (0.033u,0.s) (success)
Tactic call rewrite?-noop-regression-linear ran for 0. secs (0.u,0.s) (success)
Tactic call abstract+rewrite!-regression-quadratic ran for 0.056 secs (0.056u,0.s) (success)
Tactic call close-abstract+rewrite!-regression-quadratic ran for 0.022 secs (0.022u,0.s)
Params: n= 43
Tactic call rewrite!-regression-quadratic ran for 0.03 secs (0.03u,0.s) (success)
Tactic call rewrite?-noop-regression-linear ran for 0. secs (0.u,0.s) (success)
Tactic call abstract+rewrite!-regression-quadratic ran for 0.055 secs (0.055u,0.s) (success)
Tactic call close-abstract+rewrite!-regression-quadratic ran for 0.023 secs (0.023u,0.s)
Params: n= 44
Tactic call rewrite!-regression-quadratic ran for 0.032 secs (0.032u,0.s) (success)
Tactic call rewrite?-noop-regression-linear ran for 0. secs (0.u,0.s) (success)
Tactic call abstract+rewrite!-regression-quadratic ran for 0.059 secs (0.059u,0.s) (success)
Tactic call close-abstract+rewrite!-regression-quadratic ran for 0.025 secs (0.025u,0.s)
Params: n= 45
Tactic call rewrite!-regression-quadratic ran for 0.033 secs (0.033u,0.s) (success)
Tactic call rewrite?-noop-regression-linear ran for 0. secs (0.u,0.s) (success)
Tactic call abstract+rewrite!-regression-quadratic ran for 0.061 secs (0.061u,0.s) (success)
Tactic call close-abstract+rewrite!-regression-quadratic ran for 0.026 secs (0.026u,0.s)
Params: n= 46
Tactic call rewrite!-regression-quadratic ran for 0.034 secs (0.034u,0.s) (success)
Tactic call rewrite?-noop-regression-linear ran for 0. secs (0.u,0.s) (success)
Tactic call abstract+rewrite!-regression-quadratic ran for 0.061 secs (0.061u,0.s) (success)
Tactic call close-abstract+rewrite!-regression-quadratic ran for 0.025 secs (0.025u,0.s)
Params: n= 47
Tactic call rewrite!-regression-quadratic ran for 0.034 secs (0.034u,0.s) (success)
Tactic call rewrite?-noop-regression-linear ran for 0. secs (0.u,0.s) (success)
Tactic call abstract+rewrite!-regression-quadratic ran for 0.062 secs (0.062u,0.s) (success)
Tactic call close-abstract+rewrite!-regression-quadratic ran for 0.026 secs (0.026u,0.s)
Params: n= 48
Tactic call rewrite!-regression-quadratic ran for 0.036 secs (0.036u,0.s) (success)
Tactic call rewrite?-noop-regression-linear ran for 0. secs (0.u,0.s) (success)
Tactic call abstract+rewrite!-regression-quadratic ran for 0.065 secs (0.065u,0.s) (success)
Tactic call close-abstract+rewrite!-regression-quadratic ran for 0.026 secs (0.026u,0.s)
Params: n= 49
Tactic call rewrite!-regression-quadratic ran for 0.039 secs (0.039u,0.s) (success)
Tactic call rewrite?-noop-regression-linear ran for 0. secs (0.u,0.s) (success)
Tactic call abstract+rewrite!-regression-quadratic ran for 0.07 secs (0.07u,0.s) (success)
Tactic call close-abstract+rewrite!-regression-quadratic ran for 0.029 secs (0.029u,0.s)
Params: n= 51
Tactic call rewrite!-regression-quadratic ran for 0.044 secs (0.044u,0.s) (success)
Tactic call rewrite?-noop-regression-linear ran for 0.001 secs (0.001u,0.s) (success)
Tactic call abstract+rewrite!-regression-quadratic ran for 0.079 secs (0.079u,0.s) (success)
Tactic call close-abstract+rewrite!-regression-quadratic ran for 0.033 secs (0.033u,0.s)
Params: n= 52
Tactic call rewrite!-regression-quadratic ran for 0.045 secs (0.045u,0.s) (success)
Tactic call rewrite?-noop-regression-linear ran for 0. secs (0.u,0.s) (success)
Tactic call abstract+rewrite!-regression-quadratic ran for 0.078 secs (0.078u,0.s) (success)
Tactic call close-abstract+rewrite!-regression-quadratic ran for 0.031 secs (0.031u,0.s)
Params: n= 53
Tactic call rewrite!-regression-quadratic ran for 0.047 secs (0.047u,0.s) (success)
Tactic call rewrite?-noop-regression-linear ran for 0. secs (0.u,0.s) (success)
Tactic call abstract+rewrite!-regression-quadratic ran for 0.084 secs (0.084u,0.s) (success)
Tactic call close-abstract+rewrite!-regression-quadratic ran for 0.035 secs (0.035u,0.s)
Params: n= 54
Tactic call rewrite!-regression-quadratic ran for 0.046 secs (0.046u,0.s) (success)
Tactic call rewrite?-noop-regression-linear ran for 0. secs (0.u,0.s) (success)
Tactic call abstract+rewrite!-regression-quadratic ran for 0.083 secs (0.083u,0.s) (success)
Tactic call close-abstract+rewrite!-regression-quadratic ran for 0.034 secs (0.034u,0.s)
Params: n= 55
Tactic call rewrite!-regression-quadratic ran for 0.048 secs (0.048u,0.s) (success)
Tactic call rewrite?-noop-regression-linear ran for 0. secs (0.001u,0.s) (success)
Tactic call abstract+rewrite!-regression-quadratic ran for 0.087 secs (0.087u,0.s) (success)
Tactic call close-abstract+rewrite!-regression-quadratic ran for 0.037 secs (0.037u,0.s)
Params: n= 56
Tactic call rewrite!-regression-quadratic ran for 0.056 secs (0.056u,0.s) (success)
Tactic call rewrite?-noop-regression-linear ran for 0. secs (0.u,0.s) (success)
Tactic call abstract+rewrite!-regression-quadratic ran for 0.1 secs (0.1u,0.s) (success)
Tactic call close-abstract+rewrite!-regression-quadratic ran for 0.04 secs (0.04u,0.s)
Params: n= 57
Tactic call rewrite!-regression-quadratic ran for 0.057 secs (0.057u,0.s) (success)
Tactic call rewrite?-noop-regression-linear ran for 0. secs (0.u,0.s) (success)
Tactic call abstract+rewrite!-regression-quadratic ran for 0.096 secs (0.096u,0.s) (success)
Tactic call close-abstract+rewrite!-regression-quadratic ran for 0.037 secs (0.037u,0.s)
Params: n= 58
Tactic call rewrite!-regression-quadratic ran for 0.051 secs (0.051u,0.s) (success)
Tactic call rewrite?-noop-regression-linear ran for 0. secs (0.u,0.s) (success)
Tactic call abstract+rewrite!-regression-quadratic ran for 0.092 secs (0.092u,0.s) (success)
Tactic call close-abstract+rewrite!-regression-quadratic ran for 0.038 secs (0.038u,0.s)
Params: n= 59
Tactic call rewrite!-regression-quadratic ran for 0.054 secs (0.054u,0.s) (success)
Tactic call rewrite?-noop-regression-linear ran for 0. secs (0.u,0.s) (success)
Tactic call abstract+rewrite!-regression-quadratic ran for 0.099 secs (0.099u,0.s) (success)
Tactic call close-abstract+rewrite!-regression-quadratic ran for 0.042 secs (0.042u,0.s)
Params: n= 60
Tactic call rewrite!-regression-quadratic ran for 0.057 secs (0.057u,0.s) (success)
Tactic call rewrite?-noop-regression-linear ran for 0. secs (0.u,0.s) (success)
Tactic call abstract+rewrite!-regression-quadratic ran for 0.102 secs (0.102u,0.s) (success)
Tactic call close-abstract+rewrite!-regression-quadratic ran for 0.043 secs (0.043u,0.s)
Params: n= 61
Tactic call rewrite!-regression-quadratic ran for 0.062 secs (0.062u,0.s) (success)
Tactic call rewrite?-noop-regression-linear ran for 0. secs (0.u,0.s) (success)
Tactic call abstract+rewrite!-regression-quadratic ran for 0.135 secs (0.134u,0.s) (success)
Tactic call close-abstract+rewrite!-regression-quadratic ran for 0.071 secs (0.07u,0.s)
Params: n= 62
Tactic call rewrite!-regression-quadratic ran for 0.06 secs (0.063u,0.s) (success)
Tactic call rewrite?-noop-regression-linear ran for 0. secs (0.u,0.s) (success)
Tactic call abstract+rewrite!-regression-quadratic ran for 0.108 secs (0.11u,0.s) (success)
Tactic call close-abstract+rewrite!-regression-quadratic ran for 0.046 secs (0.046u,0.s)
Params: n= 63
Tactic call rewrite!-regression-quadratic ran for 0.064 secs (0.06u,0.003s) (success)
Tactic call rewrite?-noop-regression-linear ran for 0. secs (0.u,0.s) (success)
Tactic call abstract+rewrite!-regression-quadratic ran for 0.111 secs (0.107u,0.003s) (success)
Tactic call close-abstract+rewrite!-regression-quadratic ran for 0.044 secs (0.044u,0.s)
Params: n= 64
Tactic call rewrite!-regression-quadratic ran for 0.066 secs (0.066u,0.s) (success)
Tactic call rewrite?-noop-regression-linear ran for 0.003 secs (0.003u,0.s) (success)
Tactic call abstract+rewrite!-regression-quadratic ran for 0.116 secs (0.116u,0.s) (success)
Tactic call close-abstract+rewrite!-regression-quadratic ran for 0.045 secs (0.045u,0.s)
Params: n= 65
Tactic call rewrite!-regression-quadratic ran for 0.074 secs (0.074u,0.s) (success)
Tactic call rewrite?-noop-regression-linear ran for 0.001 secs (0.001u,0.s) (success)
Tactic call abstract+rewrite!-regression-quadratic ran for 0.126 secs (0.122u,0.004s) (success)
Tactic call close-abstract+rewrite!-regression-quadratic ran for 0.05 secs (0.046u,0.003s)
Params: n= 66
Tactic call rewrite!-regression-quadratic ran for 0.072 secs (0.072u,0.s) (success)
Tactic call rewrite?-noop-regression-linear ran for 0. secs (0.u,0.s) (success)
Tactic call abstract+rewrite!-regression-quadratic ran for 0.127 secs (0.127u,0.s) (success)
Tactic call close-abstract+rewrite!-regression-quadratic ran for 0.052 secs (0.052u,0.s)
Params: n= 67
Tactic call rewrite!-regression-quadratic ran for 0.07 secs (0.07u,0.s) (success)
Tactic call rewrite?-noop-regression-linear ran for 0.001 secs (0.001u,0.s) (success)
Tactic call abstract+rewrite!-regression-quadratic ran for 0.125 secs (0.125u,0.s) (success)
Tactic call close-abstract+rewrite!-regression-quadratic ran for 0.053 secs (0.053u,0.s)
Params: n= 68
Tactic call rewrite!-regression-quadratic ran for 0.071 secs (0.071u,0.s) (success)
Tactic call rewrite?-noop-regression-linear ran for 0.001 secs (0.001u,0.s) (success)
Tactic call abstract+rewrite!-regression-quadratic ran for 0.127 secs (0.123u,0.003s) (success)
Tactic call close-abstract+rewrite!-regression-quadratic ran for 0.054 secs (0.05u,0.003s)
Params: n= 69
Tactic call rewrite!-regression-quadratic ran for 0.07 secs (0.07u,0.s) (success)
Tactic call rewrite?-noop-regression-linear ran for 0.001 secs (0.001u,0.s) (success)
Tactic call abstract+rewrite!-regression-quadratic ran for 0.128 secs (0.128u,0.s) (success)
Tactic call close-abstract+rewrite!-regression-quadratic ran for 0.055 secs (0.055u,0.s)
Params: n= 70
Tactic call rewrite!-regression-quadratic ran for 0.08 secs (0.08u,0.s) (success)
Tactic call rewrite?-noop-regression-linear ran for 0.001 secs (0.001u,0.s) (success)
Tactic call abstract+rewrite!-regression-quadratic ran for 0.14 secs (0.14u,0.s) (success)
Tactic call close-abstract+rewrite!-regression-quadratic ran for 0.058 secs (0.058u,0.s)
Params: n= 71
Tactic call rewrite!-regression-quadratic ran for 0.078 secs (0.078u,0.s) (success)
Tactic call rewrite?-noop-regression-linear ran for 0.001 secs (0.001u,0.s) (success)
Tactic call abstract+rewrite!-regression-quadratic ran for 0.141 secs (0.141u,0.s) (success)
Tactic call close-abstract+rewrite!-regression-quadratic ran for 0.061 secs (0.061u,0.s)
Params: n= 72
Tactic call rewrite!-regression-quadratic ran for 0.098 secs (0.094u,0.003s) (success)
Tactic call rewrite?-noop-regression-linear ran for 0. secs (0.u,0.s) (success)
Tactic call abstract+rewrite!-regression-quadratic ran for 0.16 secs (0.156u,0.003s) (success)
Tactic call close-abstract+rewrite!-regression-quadratic ran for 0.06 secs (0.06u,0.s)
Params: n= 73
Tactic call rewrite!-regression-quadratic ran for 0.092 secs (0.091u,0.s) (success)
Tactic call rewrite?-noop-regression-linear ran for 0.001 secs (0.u,0.s) (success)
Tactic call abstract+rewrite!-regression-quadratic ran for 0.158 secs (0.158u,0.s) (success)
Tactic call close-abstract+rewrite!-regression-quadratic ran for 0.064 secs (0.064u,0.s)
Params: n= 74
Tactic call rewrite!-regression-quadratic ran for 0.08 secs (0.08u,0.s) (success)
Tactic call rewrite?-noop-regression-linear ran for 0.001 secs (0.001u,0.s) (success)
Tactic call abstract+rewrite!-regression-quadratic ran for 0.147 secs (0.147u,0.s) (success)
Tactic call close-abstract+rewrite!-regression-quadratic ran for 0.065 secs (0.065u,0.s)
Params: n= 75
Tactic call rewrite!-regression-quadratic ran for 0.084 secs (0.084u,0.s) (success)
Tactic call rewrite?-noop-regression-linear ran for 0.001 secs (0.001u,0.s) (success)
Tactic call abstract+rewrite!-regression-quadratic ran for 0.149 secs (0.149u,0.s) (success)
Tactic call close-abstract+rewrite!-regression-quadratic ran for 0.063 secs (0.063u,0.s)
Params: n= 76
Tactic call rewrite!-regression-quadratic ran for 0.084 secs (0.084u,0.s) (success)
Tactic call rewrite?-noop-regression-linear ran for 0.001 secs (0.001u,0.s) (success)
Tactic call abstract+rewrite!-regression-quadratic ran for 0.16 secs (0.16u,0.s) (success)
Tactic call close-abstract+rewrite!-regression-quadratic ran for 0.073 secs (0.073u,0.s)
Params: n= 77
Tactic call rewrite!-regression-quadratic ran for 0.095 secs (0.095u,0.s) (success)
Tactic call rewrite?-noop-regression-linear ran for 0.001 secs (0.001u,0.s) (success)
Tactic call abstract+rewrite!-regression-quadratic ran for 0.166 secs (0.166u,0.s) (success)
Tactic call close-abstract+rewrite!-regression-quadratic ran for 0.068 secs (0.068u,0.s)
Params: n= 78
Tactic call rewrite!-regression-quadratic ran for 0.09 secs (0.088u,0.001s) (success)
Tactic call rewrite?-noop-regression-linear ran for 0.001 secs (0.001u,0.s) (success)
Tactic call abstract+rewrite!-regression-quadratic ran for 0.17 secs (0.167u,0.002s) (success)
Tactic call close-abstract+rewrite!-regression-quadratic ran for 0.077 secs (0.077u,0.s)
Params: n= 79
Tactic call rewrite!-regression-quadratic ran for 0.095 secs (0.095u,0.s) (success)
Tactic call rewrite?-noop-regression-linear ran for 0.001 secs (0.001u,0.s) (success)
Tactic call abstract+rewrite!-regression-quadratic ran for 0.176 secs (0.176u,0.s) (success)
Tactic call close-abstract+rewrite!-regression-quadratic ran for 0.078 secs (0.078u,0.s)
Params: n= 80
Tactic call rewrite!-regression-quadratic ran for 0.104 secs (0.104u,0.s) (success)
Tactic call rewrite?-noop-regression-linear ran for 0.001 secs (0.001u,0.s) (success)
Tactic call abstract+rewrite!-regression-quadratic ran for 0.185 secs (0.185u,0.s) (success)
Tactic call close-abstract+rewrite!-regression-quadratic ran for 0.078 secs (0.078u,0.s)
Params: n= 81
Tactic call rewrite!-regression-quadratic ran for 0.099 secs (0.099u,0.s) (success)
Tactic call rewrite?-noop-regression-linear ran for 0.001 secs (0.001u,0.s) (success)
Tactic call abstract+rewrite!-regression-quadratic ran for 0.182 secs (0.178u,0.s) (success)
Tactic call close-abstract+rewrite!-regression-quadratic ran for 0.08 secs (0.076u,0.s)
Params: n= 82
Tactic call rewrite!-regression-quadratic ran for 0.111 secs (0.111u,0.s) (success)
Tactic call rewrite?-noop-regression-linear ran for 0.001 secs (0.007u,0.s) (success)
Tactic call abstract+rewrite!-regression-quadratic ran for 0.197 secs (0.202u,0.s) (success)
Tactic call close-abstract+rewrite!-regression-quadratic ran for 0.083 secs (0.083u,0.s)
Params: n= 83
Tactic call rewrite!-regression-quadratic ran for 0.106 secs (0.106u,0.s) (success)
Tactic call rewrite?-noop-regression-linear ran for 0.001 secs (0.001u,0.s) (success)
Tactic call abstract+rewrite!-regression-quadratic ran for 0.19 secs (0.19u,0.s) (success)
Tactic call close-abstract+rewrite!-regression-quadratic ran for 0.081 secs (0.081u,0.s)
Params: n= 84
Tactic call rewrite!-regression-quadratic ran for 0.106 secs (0.106u,0.s) (success)
Tactic call rewrite?-noop-regression-linear ran for 0.001 secs (0.001u,0.s) (success)
Tactic call abstract+rewrite!-regression-quadratic ran for 0.201 secs (0.201u,0.s) (success)
Tactic call close-abstract+rewrite!-regression-quadratic ran for 0.092 secs (0.092u,0.s)
Params: n= 85
Tactic call rewrite!-regression-quadratic ran for 0.11 secs (0.11u,0.s) (success)
Tactic call rewrite?-noop-regression-linear ran for 0.001 secs (0.001u,0.s) (success)
Tactic call abstract+rewrite!-regression-quadratic ran for 0.196 secs (0.196u,0.s) (success)
Tactic call close-abstract+rewrite!-regression-quadratic ran for 0.083 secs (0.083u,0.s)
Params: n= 86
Tactic call rewrite!-regression-quadratic ran for 0.105 secs (0.105u,0.s) (success)
Tactic call rewrite?-noop-regression-linear ran for 0.001 secs (0.001u,0.s) (success)
Tactic call abstract+rewrite!-regression-quadratic ran for 0.195 secs (0.191u,0.003s) (success)
Tactic call close-abstract+rewrite!-regression-quadratic ran for 0.087 secs (0.083u,0.003s)
Params: n= 87
Tactic call rewrite!-regression-quadratic ran for 0.114 secs (0.11u,0.003s) (success)
Tactic call rewrite?-noop-regression-linear ran for 0.001 secs (0.001u,0.s) (success)
Tactic call abstract+rewrite!-regression-quadratic ran for 0.202 secs (0.198u,0.003s) (success)
Tactic call close-abstract+rewrite!-regression-quadratic ran for 0.086 secs (0.086u,0.s)
Params: n= 88
Tactic call rewrite!-regression-quadratic ran for 0.12 secs (0.12u,0.s) (success)
Tactic call rewrite?-noop-regression-linear ran for 0.001 secs (0.001u,0.s) (success)
Tactic call abstract+rewrite!-regression-quadratic ran for 0.207 secs (0.207u,0.s) (success)
Tactic call close-abstract+rewrite!-regression-quadratic ran for 0.084 secs (0.084u,0.s)
Params: n= 89
Tactic call rewrite!-regression-quadratic ran for 0.118 secs (0.118u,0.s) (success)
Tactic call rewrite?-noop-regression-linear ran for 0.001 secs (0.001u,0.s) (success)
Tactic call abstract+rewrite!-regression-quadratic ran for 0.212 secs (0.212u,0.s) (success)
Tactic call close-abstract+rewrite!-regression-quadratic ran for 0.091 secs (0.091u,0.s)
Params: n= 90
Tactic call rewrite!-regression-quadratic ran for 0.124 secs (0.124u,0.s) (success)
Tactic call rewrite?-noop-regression-linear ran for 0.001 secs (0.001u,0.s) (success)
Tactic call abstract+rewrite!-regression-quadratic ran for 0.215 secs (0.215u,0.s) (success)
Tactic call close-abstract+rewrite!-regression-quadratic ran for 0.087 secs (0.087u,0.s)
Params: n= 91
Tactic call rewrite!-regression-quadratic ran for 0.122 secs (0.122u,0.s) (success)
Tactic call rewrite?-noop-regression-linear ran for 0.001 secs (0.001u,0.s) (success)
Tactic call abstract+rewrite!-regression-quadratic ran for 0.22 secs (0.216u,0.003s) (success)
Tactic call close-abstract+rewrite!-regression-quadratic ran for 0.095 secs (0.091u,0.003s)
Params: n= 92
Tactic call rewrite!-regression-quadratic ran for 0.131 secs (0.127u,0.003s) (success)
Tactic call rewrite?-noop-regression-linear ran for 0.001 secs (0.001u,0.s) (success)
Tactic call abstract+rewrite!-regression-quadratic ran for 0.228 secs (0.224u,0.004s) (success)
Tactic call close-abstract+rewrite!-regression-quadratic ran for 0.095 secs (0.095u,0.s)
Params: n= 93
Tactic call rewrite!-regression-quadratic ran for 0.123 secs (0.123u,0.s) (success)
Tactic call rewrite?-noop-regression-linear ran for 0.001 secs (0.001u,0.s) (success)
Tactic call abstract+rewrite!-regression-quadratic ran for 0.219 secs (0.219u,0.s) (success)
Tactic call close-abstract+rewrite!-regression-quadratic ran for 0.093 secs (0.093u,0.s)
Params: n= 94
Tactic call rewrite!-regression-quadratic ran for 0.13 secs (0.13u,0.s) (success)
Tactic call rewrite?-noop-regression-linear ran for 0.001 secs (0.001u,0.s) (success)
Tactic call abstract+rewrite!-regression-quadratic ran for 0.234 secs (0.23u,0.003s) (success)
Tactic call close-abstract+rewrite!-regression-quadratic ran for 0.1 secs (0.096u,0.003s)
Params: n= 95
Tactic call rewrite!-regression-quadratic ran for 0.139 secs (0.139u,0.s) (success)
Tactic call rewrite?-noop-regression-linear ran for 0.001 secs (0.001u,0.s) (success)
Tactic call abstract+rewrite!-regression-quadratic ran for 0.246 secs (0.246u,0.s) (success)
Tactic call close-abstract+rewrite!-regression-quadratic ran for 0.104 secs (0.104u,0.s)
Params: n= 96
Tactic call rewrite!-regression-quadratic ran for 0.147 secs (0.147u,0.s) (success)
Tactic call rewrite?-noop-regression-linear ran for 0.002 secs (0.002u,0.s) (success)
Tactic call abstract+rewrite!-regression-quadratic ran for 0.266 secs (0.266u,0.s) (success)
Tactic call close-abstract+rewrite!-regression-quadratic ran for 0.115 secs (0.115u,0.s)
Params: n= 97
Tactic call rewrite!-regression-quadratic ran for 0.142 secs (0.142u,0.s) (success)
Tactic call rewrite?-noop-regression-linear ran for 0.001 secs (0.001u,0.s) (success)
Tactic call abstract+rewrite!-regression-quadratic ran for 0.25 secs (0.25u,0.s) (success)
Tactic call close-abstract+rewrite!-regression-quadratic ran for 0.106 secs (0.105u,0.s)
Params: n= 98
Tactic call rewrite!-regression-quadratic ran for 0.157 secs (0.157u,0.s) (success)
Tactic call rewrite?-noop-regression-linear ran for 0.001 secs (0.001u,0.s) (success)
Tactic call abstract+rewrite!-regression-quadratic ran for 0.272 secs (0.272u,0.s) (success)
Tactic call close-abstract+rewrite!-regression-quadratic ran for 0.112 secs (0.112u,0.s)
Params: n= 99
Tactic call rewrite!-regression-quadratic ran for 0.156 secs (0.155u,0.s) (success)
Tactic call rewrite?-noop-regression-linear ran for 0.001 secs (0.001u,0.s) (success)
Tactic call abstract+rewrite!-regression-quadratic ran for 0.27 secs (0.27u,0.s) (success)
Tactic call close-abstract+rewrite!-regression-quadratic ran for 0.111 secs (0.111u,0.s)
Params: n= 110
Tactic call rewrite!-regression-quadratic ran for 0.2 secs (0.2u,0.s) (success)
Tactic call rewrite?-noop-regression-linear ran for 0.001 secs (0.001u,0.s) (success)
Tactic call abstract+rewrite!-regression-quadratic ran for 0.337 secs (0.331u,0.s) (success)
Tactic call close-abstract+rewrite!-regression-quadratic ran for 0.132 secs (0.126u,0.s)
Params: n= 120
Tactic call rewrite!-regression-quadratic ran for 0.22 secs (0.22u,0.s) (success)
Tactic call rewrite?-noop-regression-linear ran for 0.001 secs (0.001u,0.s) (success)
Tactic call abstract+rewrite!-regression-quadratic ran for 0.395 secs (0.391u,0.003s) (success)
Tactic call close-abstract+rewrite!-regression-quadratic ran for 0.171 secs (0.167u,0.003s)
Params: n= 130
Tactic call rewrite!-regression-quadratic ran for 0.257 secs (0.257u,0.s) (success)
Tactic call rewrite?-noop-regression-linear ran for 0.005 secs (0.005u,0.s) (success)
Tactic call abstract+rewrite!-regression-quadratic ran for 0.463 secs (0.463u,0.s) (success)
Tactic call close-abstract+rewrite!-regression-quadratic ran for 0.199 secs (0.199u,0.s)
Params: n= 140
Tactic call rewrite!-regression-quadratic ran for 0.297 secs (0.293u,0.003s) (success)
Tactic call rewrite?-noop-regression-linear ran for 0.002 secs (0.002u,0.s) (success)
Tactic call abstract+rewrite!-regression-quadratic ran for 0.53 secs (0.526u,0.004s) (success)
Tactic call close-abstract+rewrite!-regression-quadratic ran for 0.228 secs (0.228u,0.s)
Params: n= 160
Tactic call rewrite!-regression-quadratic ran for 0.388 secs (0.384u,0.003s) (success)
Tactic call rewrite?-noop-regression-linear ran for 0.006 secs (0.006u,0.s) (success)
Tactic call abstract+rewrite!-regression-quadratic ran for 0.691 secs (0.687u,0.003s) (success)
Tactic call close-abstract+rewrite!-regression-quadratic ran for 0.295 secs (0.295u,0.s)
Params: n= 170
Tactic call rewrite!-regression-quadratic ran for 0.471 secs (0.471u,0.s) (success)
Tactic call rewrite?-noop-regression-linear ran for 0.003 secs (0.003u,0.s) (success)
Tactic call abstract+rewrite!-regression-quadratic ran for 0.808 secs (0.808u,0.s) (success)
Tactic call close-abstract+rewrite!-regression-quadratic ran for 0.332 secs (0.332u,0.s)
Params: n= 180
Tactic call rewrite!-regression-quadratic ran for 0.526 secs (0.525u,0.s) (success)
Tactic call rewrite?-noop-regression-linear ran for 0.003 secs (0.003u,0.s) (success)
Tactic call abstract+rewrite!-regression-quadratic ran for 0.88 secs (0.879u,0.s) (success)
Tactic call close-abstract+rewrite!-regression-quadratic ran for 0.349 secs (0.349u,0.s)
Params: n= 190
Tactic call rewrite!-regression-quadratic ran for 0.572 secs (0.572u,0.s) (success)
Tactic call rewrite?-noop-regression-linear ran for 0.003 secs (0.003u,0.s) (success)
Tactic call abstract+rewrite!-regression-quadratic ran for 0.986 secs (0.986u,0.s) (success)
Tactic call close-abstract+rewrite!-regression-quadratic ran for 0.407 secs (0.407u,0.s)
Params: n= 210
Tactic call rewrite!-regression-quadratic ran for 0.72 secs (0.704u,0.016s) (success)
Tactic call rewrite?-noop-regression-linear ran for 0.003 secs (0.003u,0.s) (success)
Tactic call abstract+rewrite!-regression-quadratic ran for 1.22 secs (1.2u,0.02s) (success)
Tactic call close-abstract+rewrite!-regression-quadratic ran for 0.494 secs (0.49u,0.003s)
Params: n= 220
Tactic call rewrite!-regression-quadratic ran for 0.767 secs (0.762u,0.004s) (success)
Tactic call rewrite?-noop-regression-linear ran for 0.004 secs (0.004u,0.s) (success)
Tactic call abstract+rewrite!-regression-quadratic ran for 1.297 secs (1.293u,0.004s) (success)
Tactic call close-abstract+rewrite!-regression-quadratic ran for 0.524 secs (0.524u,0.s)
Params: n= 230
Tactic call rewrite!-regression-quadratic ran for 0.831 secs (0.831u,0.s) (success)
Tactic call rewrite?-noop-regression-linear ran for 0.004 secs (0.004u,0.s) (success)
Tactic call abstract+rewrite!-regression-quadratic ran for 1.445 secs (1.444u,0.s) (success)
Tactic call close-abstract+rewrite!-regression-quadratic ran for 0.606 secs (0.606u,0.s)
Params: n= 240
Tactic call rewrite!-regression-quadratic ran for 0.969 secs (0.969u,0.s) (success)
Tactic call rewrite?-noop-regression-linear ran for 0.005 secs (0.005u,0.s) (success)
Tactic call abstract+rewrite!-regression-quadratic ran for 1.651 secs (1.651u,0.s) (success)
Tactic call close-abstract+rewrite!-regression-quadratic ran for 0.675 secs (0.675u,0.s)
Params: n= 260
Tactic call rewrite!-regression-quadratic ran for 1.11 secs (1.11u,0.s) (success)
Tactic call rewrite?-noop-regression-linear ran for 0.005 secs (0.005u,0.s) (success)
Tactic call abstract+rewrite!-regression-quadratic ran for 1.836 secs (1.835u,0.s) (success)
Tactic call close-abstract+rewrite!-regression-quadratic ran for 0.718 secs (0.718u,0.s)
Params: n= 270
Tactic call rewrite!-regression-quadratic ran for 1.198 secs (1.198u,0.s) (success)
Tactic call rewrite?-noop-regression-linear ran for 0.005 secs (0.005u,0.s) (success)
Tactic call abstract+rewrite!-regression-quadratic ran for 1.983 secs (1.983u,0.s) (success)
Tactic call close-abstract+rewrite!-regression-quadratic ran for 0.777 secs (0.777u,0.s)
Params: n= 280
Tactic call rewrite!-regression-quadratic ran for 1.313 secs (1.313u,0.s) (success)
Tactic call rewrite?-noop-regression-linear ran for 0.008 secs (0.008u,0.s) (success)
Tactic call abstract+rewrite!-regression-quadratic ran for 2.166 secs (2.165u,0.s) (success)
Tactic call close-abstract+rewrite!-regression-quadratic ran for 0.843 secs (0.842u,0.s)
Params: n= 290
Tactic call rewrite!-regression-quadratic ran for 1.444 secs (1.444u,0.s) (success)
Tactic call rewrite?-noop-regression-linear ran for 0.007 secs (0.007u,0.s) (success)
Tactic call abstract+rewrite!-regression-quadratic ran for 2.396 secs (2.396u,0.s) (success)
Tactic call close-abstract+rewrite!-regression-quadratic ran for 0.943 secs (0.942u,0.s)
Params: n= 310
Tactic call rewrite!-regression-quadratic ran for 1.668 secs (1.664u,0.003s) (success)
Tactic call rewrite?-noop-regression-linear ran for 0.007 secs (0.007u,0.s) (success)
Tactic call abstract+rewrite!-regression-quadratic ran for 2.695 secs (2.691u,0.004s) (success)
Tactic call close-abstract+rewrite!-regression-quadratic ran for 1.017 secs (1.017u,0.s)
Params: n= 320
Tactic call rewrite!-regression-quadratic ran for 1.748 secs (1.748u,0.s) (success)
Tactic call rewrite?-noop-regression-linear ran for 0.007 secs (0.007u,0.s) (success)
Tactic call abstract+rewrite!-regression-quadratic ran for 2.827 secs (2.826u,0.s) (success)
Tactic call close-abstract+rewrite!-regression-quadratic ran for 1.069 secs (1.069u,0.s)
Params: n= 330
Tactic call rewrite!-regression-quadratic ran for 1.916 secs (1.915u,0.s) (success)
Tactic call rewrite?-noop-regression-linear ran for 0.009 secs (0.009u,0.s) (success)
Tactic call abstract+rewrite!-regression-quadratic ran for 3.104 secs (3.1u,0.003s) (success)
Tactic call close-abstract+rewrite!-regression-quadratic ran for 1.177 secs (1.173u,0.003s)
Params: n= 340
Tactic call rewrite!-regression-quadratic ran for 1.971 secs (1.971u,0.s) (success)
Tactic call rewrite?-noop-regression-linear ran for 0.008 secs (0.004u,0.003s) (success)
Tactic call abstract+rewrite!-regression-quadratic ran for 3.223 secs (3.219u,0.003s) (success)
Tactic call close-abstract+rewrite!-regression-quadratic ran for 1.242 secs (1.242u,0.s)
Params: n= 360
Tactic call rewrite!-regression-quadratic ran for 2.297 secs (2.296u,0.s) (success)
Tactic call rewrite?-noop-regression-linear ran for 0.009 secs (0.009u,0.s) (success)
Tactic call abstract+rewrite!-regression-quadratic ran for 3.703 secs (3.703u,0.s) (success)
Tactic call close-abstract+rewrite!-regression-quadratic ran for 1.395 secs (1.395u,0.s)
Params: n= 370
Tactic call rewrite!-regression-quadratic ran for 2.552 secs (2.551u,0.s) (success)
Tactic call rewrite?-noop-regression-linear ran for 0.008 secs (0.008u,0.s) (success)
Tactic call abstract+rewrite!-regression-quadratic ran for 4.008 secs (4.007u,0.s) (success)
Tactic call close-abstract+rewrite!-regression-quadratic ran for 1.444 secs (1.444u,0.s)
Params: n= 380
Tactic call rewrite!-regression-quadratic ran for 2.596 secs (2.595u,0.s) (success)
Tactic call rewrite?-noop-regression-linear ran for 0.01 secs (0.01u,0.s) (success)
Tactic call abstract+rewrite!-regression-quadratic ran for 4.103 secs (4.103u,0.s) (success)
Tactic call close-abstract+rewrite!-regression-quadratic ran for 1.495 secs (1.494u,0.s)
Params: n= 390
Tactic call rewrite!-regression-quadratic ran for 2.835 secs (2.834u,0.s) (success)
Tactic call rewrite?-noop-regression-linear ran for 0.011 secs (0.011u,0.s) (success)
Tactic call abstract+rewrite!-regression-quadratic ran for 4.511 secs (4.51u,0.s) (success)
Tactic call close-abstract+rewrite!-regression-quadratic ran for 1.662 secs (1.661u,0.s)
