Params: n= 50
Tactic call rewrite!-regression-quadratic ran for 0.103 secs (0.075u,0.027s) (success)
Tactic call rewrite?-noop-regression-linear ran for 0. secs (0.u,0.s) (success)
Tactic call abstract+rewrite!-regression-quadratic ran for 0.126 secs (0.098u,0.028s) (success)
Tactic call close-abstract+rewrite!-regression-quadratic ran for 0.021 secs (0.021u,0.s)
Params: n= 100
Tactic call rewrite!-regression-quadratic ran for 0.135 secs (0.135u,0.s) (success)
Tactic call rewrite?-noop-regression-linear ran for 0.001 secs (0.001u,0.s) (success)
Tactic call abstract+rewrite!-regression-quadratic ran for 0.234 secs (0.234u,0.s) (success)
Tactic call close-abstract+rewrite!-regression-quadratic ran for 0.097 secs (0.097u,0.s)
Params: n= 150
Tactic call rewrite!-regression-quadratic ran for 0.315 secs (0.312u,0.003s) (success)
Tactic call rewrite?-noop-regression-linear ran for 0.002 secs (0.002u,0.s) (success)
Tactic call abstract+rewrite!-regression-quadratic ran for 0.537 secs (0.534u,0.003s) (success)
Tactic call close-abstract+rewrite!-regression-quadratic ran for 0.218 secs (0.218u,0.s)
Params: n= 200
Tactic call rewrite!-regression-quadratic ran for 0.576 secs (0.572u,0.003s) (success)
Tactic call rewrite?-noop-regression-linear ran for 0.003 secs (0.003u,0.s) (success)
Tactic call abstract+rewrite!-regression-quadratic ran for 0.964 secs (0.96u,0.003s) (success)
Tactic call close-abstract+rewrite!-regression-quadratic ran for 0.383 secs (0.383u,0.s)
Params: n= 250
Tactic call rewrite!-regression-quadratic ran for 0.919 secs (0.918u,0.s) (success)
Tactic call rewrite?-noop-regression-linear ran for 0.005 secs (0.005u,0.s) (success)
Tactic call abstract+rewrite!-regression-quadratic ran for 1.458 secs (1.457u,0.s) (success)
Tactic call close-abstract+rewrite!-regression-quadratic ran for 0.533 secs (0.533u,0.s)
Params: n= 300
Tactic call rewrite!-regression-quadratic ran for 1.32 secs (1.316u,0.004s) (success)
Tactic call rewrite?-noop-regression-linear ran for 0.006 secs (0.006u,0.s) (success)
Tactic call abstract+rewrite!-regression-quadratic ran for 2.162 secs (2.146u,0.016s) (success)
Tactic call close-abstract+rewrite!-regression-quadratic ran for 0.834 secs (0.823u,0.011s)
Params: n= 350
Tactic call rewrite!-regression-quadratic ran for 1.93 secs (1.93u,0.s) (success)
Tactic call rewrite?-noop-regression-linear ran for 0.008 secs (0.008u,0.s) (success)
Tactic call abstract+rewrite!-regression-quadratic ran for 3.012 secs (3.003u,0.007s) (success)
Tactic call close-abstract+rewrite!-regression-quadratic ran for 1.073 secs (1.064u,0.007s)
Params: n= 400
Tactic call rewrite!-regression-quadratic ran for 2.511 secs (2.499u,0.012s) (success)
Tactic call rewrite?-noop-regression-linear ran for 0.009 secs (0.009u,0.s) (success)
Tactic call abstract+rewrite!-regression-quadratic ran for 3.958 secs (3.945u,0.012s) (success)
Tactic call close-abstract+rewrite!-regression-quadratic ran for 1.435 secs (1.435u,0.s)
