Params: n= 3
Tactic call repeat-rewrite_strat-bottomup-regression-cubic ran for 0.018 secs (0.013u,0.004s) (success)
Tactic call noop-repeat-rewrite_strat-bottomup-regression-cubic ran for 0.001 secs (0.001u,0.s) (success)
Tactic call abstract+repeat-rewrite_strat-bottomup-regression-cubic ran for 0.022 secs (0.017u,0.004s) (success)
Tactic call close-abstract+repeat-rewrite_strat-bottomup-regression-quadratic ran for 0.001 secs (0.001u,0.s)
Params: n= 4
Tactic call repeat-rewrite_strat-bottomup-regression-cubic ran for 0.078 secs (0.05u,0.027s) (success)
Tactic call noop-repeat-rewrite_strat-bottomup-regression-cubic ran for 0.001 secs (0.001u,0.s) (success)
Tactic call abstract+repeat-rewrite_strat-bottomup-regression-cubic ran for 0.081 secs (0.054u,0.027s) (success)
Tactic call close-abstract+repeat-rewrite_strat-bottomup-regression-quadratic ran for 0.001 secs (0.001u,0.s)
Params: n= 5
Tactic call repeat-rewrite_strat-bottomup-regression-cubic ran for 0.024 secs (0.024u,0.s) (success)
Tactic call noop-repeat-rewrite_strat-bottomup-regression-cubic ran for 0.001 secs (0.001u,0.s) (success)
Tactic call abstract+repeat-rewrite_strat-bottomup-regression-cubic ran for 0.029 secs (0.029u,0.s) (success)
Tactic call close-abstract+repeat-rewrite_strat-bottomup-regression-quadratic ran for 0.003 secs (0.002u,0.s)
Params: n= 6
Tactic call repeat-rewrite_strat-bottomup-regression-cubic ran for 0.031 secs (0.031u,0.s) (success)
Tactic call noop-repeat-rewrite_strat-bottomup-regression-cubic ran for 0.002 secs (0.002u,0.s) (success)
Tactic call abstract+repeat-rewrite_strat-bottomup-regression-cubic ran for 0.036 secs (0.036u,0.s) (success)
Tactic call close-abstract+repeat-rewrite_strat-bottomup-regression-quadratic ran for 0.002 secs (0.002u,0.s)
Params: n= 7
Tactic call repeat-rewrite_strat-bottomup-regression-cubic ran for 0.039 secs (0.039u,0.s) (success)
Tactic call noop-repeat-rewrite_strat-bottomup-regression-cubic ran for 0.002 secs (0.002u,0.s) (success)
Tactic call abstract+repeat-rewrite_strat-bottomup-regression-cubic ran for 0.045 secs (0.045u,0.s) (success)
Tactic call close-abstract+repeat-rewrite_strat-bottomup-regression-quadratic ran for 0.002 secs (0.002u,0.s)
Params: n= 8
Tactic call repeat-rewrite_strat-bottomup-regression-cubic ran for 0.051 secs (0.051u,0.s) (success)
Tactic call noop-repeat-rewrite_strat-bottomup-regression-cubic ran for 0.003 secs (0.003u,0.s) (success)
Tactic call abstract+repeat-rewrite_strat-bottomup-regression-cubic ran for 0.057 secs (0.057u,0.s) (success)
Tactic call close-abstract+repeat-rewrite_strat-bottomup-regression-quadratic ran for 0.003 secs (0.003u,0.s)
Params: n= 9
Tactic call repeat-rewrite_strat-bottomup-regression-cubic ran for 0.063 secs (0.063u,0.s) (success)
Tactic call noop-repeat-rewrite_strat-bottomup-regression-cubic ran for 0.003 secs (0.003u,0.s) (success)
Tactic call abstract+repeat-rewrite_strat-bottomup-regression-cubic ran for 0.071 secs (0.071u,0.s) (success)
Tactic call close-abstract+repeat-rewrite_strat-bottomup-regression-quadratic ran for 0.003 secs (0.003u,0.s)
Params: n= 11
Tactic call repeat-rewrite_strat-bottomup-regression-cubic ran for 0.096 secs (0.096u,0.s) (success)
Tactic call noop-repeat-rewrite_strat-bottomup-regression-cubic ran for 0.004 secs (0.004u,0.s) (success)
Tactic call abstract+repeat-rewrite_strat-bottomup-regression-cubic ran for 0.106 secs (0.106u,0.s) (success)
Tactic call close-abstract+repeat-rewrite_strat-bottomup-regression-quadratic ran for 0.004 secs (0.004u,0.s)
Params: n= 12
Tactic call repeat-rewrite_strat-bottomup-regression-cubic ran for 0.117 secs (0.117u,0.s) (success)
Tactic call noop-repeat-rewrite_strat-bottomup-regression-cubic ran for 0.005 secs (0.005u,0.s) (success)
Tactic call abstract+repeat-rewrite_strat-bottomup-regression-cubic ran for 0.128 secs (0.128u,0.s) (success)
Tactic call close-abstract+repeat-rewrite_strat-bottomup-regression-quadratic ran for 0.005 secs (0.005u,0.s)
Params: n= 13
Tactic call repeat-rewrite_strat-bottomup-regression-cubic ran for 0.149 secs (0.148u,0.s) (success)
Tactic call noop-repeat-rewrite_strat-bottomup-regression-cubic ran for 0.006 secs (0.006u,0.s) (success)
Tactic call abstract+repeat-rewrite_strat-bottomup-regression-cubic ran for 0.161 secs (0.161u,0.s) (success)
Tactic call close-abstract+repeat-rewrite_strat-bottomup-regression-quadratic ran for 0.005 secs (0.005u,0.s)
Params: n= 14
Tactic call repeat-rewrite_strat-bottomup-regression-cubic ran for 0.175 secs (0.174u,0.s) (success)
Tactic call noop-repeat-rewrite_strat-bottomup-regression-cubic ran for 0.006 secs (0.006u,0.s) (success)
Tactic call abstract+repeat-rewrite_strat-bottomup-regression-cubic ran for 0.189 secs (0.188u,0.s) (success)
Tactic call close-abstract+repeat-rewrite_strat-bottomup-regression-quadratic ran for 0.006 secs (0.006u,0.s)
Params: n= 15
Tactic call repeat-rewrite_strat-bottomup-regression-cubic ran for 0.203 secs (0.203u,0.s) (success)
Tactic call noop-repeat-rewrite_strat-bottomup-regression-cubic ran for 0.008 secs (0.008u,0.s) (success)
Tactic call abstract+repeat-rewrite_strat-bottomup-regression-cubic ran for 0.22 secs (0.22u,0.s) (success)
Tactic call close-abstract+repeat-rewrite_strat-bottomup-regression-quadratic ran for 0.008 secs (0.008u,0.s)
Params: n= 16
Tactic call repeat-rewrite_strat-bottomup-regression-cubic ran for 0.273 secs (0.272u,0.s) (success)
Tactic call noop-repeat-rewrite_strat-bottomup-regression-cubic ran for 0.01 secs (0.011u,0.s) (success)
Tactic call abstract+repeat-rewrite_strat-bottomup-regression-cubic ran for 0.293 secs (0.293u,0.s) (success)
Tactic call close-abstract+repeat-rewrite_strat-bottomup-regression-quadratic ran for 0.008 secs (0.008u,0.s)
Params: n= 17
Tactic call repeat-rewrite_strat-bottomup-regression-cubic ran for 0.291 secs (0.291u,0.s) (success)
Tactic call noop-repeat-rewrite_strat-bottomup-regression-cubic ran for 0.01 secs (0.01u,0.s) (success)
Tactic call abstract+repeat-rewrite_strat-bottomup-regression-cubic ran for 0.31 secs (0.31u,0.s) (success)
Tactic call close-abstract+repeat-rewrite_strat-bottomup-regression-quadratic ran for 0.008 secs (0.008u,0.s)
Params: n= 18
Tactic call repeat-rewrite_strat-bottomup-regression-cubic ran for 0.332 secs (0.332u,0.s) (success)
Tactic call noop-repeat-rewrite_strat-bottomup-regression-cubic ran for 0.011 secs (0.011u,0.s) (success)
Tactic call abstract+repeat-rewrite_strat-bottomup-regression-cubic ran for 0.353 secs (0.353u,0.s) (success)
Tactic call close-abstract+repeat-rewrite_strat-bottomup-regression-quadratic ran for 0.009 secs (0.009u,0.s)
Params: n= 19
Tactic call repeat-rewrite_strat-bottomup-regression-cubic ran for 0.395 secs (0.395u,0.s) (success)
Tactic call noop-repeat-rewrite_strat-bottomup-regression-cubic ran for 0.012 secs (0.012u,0.s) (success)
Tactic call abstract+repeat-rewrite_strat-bottomup-regression-cubic ran for 0.418 secs (0.418u,0.s) (success)
Tactic call close-abstract+repeat-rewrite_strat-bottomup-regression-quadratic ran for 0.01 secs (0.01u,0.s)
Params: n= 21
Tactic call repeat-rewrite_strat-bottomup-regression-cubic ran for 0.511 secs (0.51u,0.s) (success)
Tactic call noop-repeat-rewrite_strat-bottomup-regression-cubic ran for 0.014 secs (0.014u,0.s) (success)
Tactic call abstract+repeat-rewrite_strat-bottomup-regression-cubic ran for 0.539 secs (0.538u,0.s) (success)
Tactic call close-abstract+repeat-rewrite_strat-bottomup-regression-quadratic ran for 0.012 secs (0.012u,0.s)
Params: n= 22
Tactic call repeat-rewrite_strat-bottomup-regression-cubic ran for 0.605 secs (0.605u,0.s) (success)
Tactic call noop-repeat-rewrite_strat-bottomup-regression-cubic ran for 0.017 secs (0.017u,0.s) (success)
Tactic call abstract+repeat-rewrite_strat-bottomup-regression-cubic ran for 0.638 secs (0.638u,0.s) (success)
Tactic call close-abstract+repeat-rewrite_strat-bottomup-regression-quadratic ran for 0.014 secs (0.014u,0.s)
Params: n= 23
Tactic call repeat-rewrite_strat-bottomup-regression-cubic ran for 0.668 secs (0.668u,0.s) (success)
Tactic call noop-repeat-rewrite_strat-bottomup-regression-cubic ran for 0.017 secs (0.017u,0.s) (success)
Tactic call abstract+repeat-rewrite_strat-bottomup-regression-cubic ran for 0.7 secs (0.7u,0.s) (success)
Tactic call close-abstract+repeat-rewrite_strat-bottomup-regression-quadratic ran for 0.014 secs (0.014u,0.s)
Params: n= 24
Tactic call repeat-rewrite_strat-bottomup-regression-cubic ran for 0.782 secs (0.782u,0.s) (success)
Tactic call noop-repeat-rewrite_strat-bottomup-regression-cubic ran for 0.02 secs (0.02u,0.s) (success)
Tactic call abstract+repeat-rewrite_strat-bottomup-regression-cubic ran for 0.82 secs (0.819u,0.s) (success)
Tactic call close-abstract+repeat-rewrite_strat-bottomup-regression-quadratic ran for 0.016 secs (0.016u,0.s)
Params: n= 25
Tactic call repeat-rewrite_strat-bottomup-regression-cubic ran for 0.876 secs (0.876u,0.s) (success)
Tactic call noop-repeat-rewrite_strat-bottomup-regression-cubic ran for 0.021 secs (0.021u,0.s) (success)
Tactic call abstract+repeat-rewrite_strat-bottomup-regression-cubic ran for 0.915 secs (0.915u,0.s) (success)
Tactic call close-abstract+repeat-rewrite_strat-bottomup-regression-quadratic ran for 0.017 secs (0.017u,0.s)
Params: n= 35
Tactic call repeat-rewrite_strat-bottomup-regression-cubic ran for 2.685 secs (2.68u,0.002s) (success)
Tactic call noop-repeat-rewrite_strat-bottomup-regression-cubic ran for 0.052 secs (0.052u,0.s) (success)
Tactic call abstract+repeat-rewrite_strat-bottomup-regression-cubic ran for 2.77 secs (2.766u,0.002s) (success)
Tactic call close-abstract+repeat-rewrite_strat-bottomup-regression-quadratic ran for 0.032 secs (0.032u,0.s)
Params: n= 45
Tactic call repeat-rewrite_strat-bottomup-regression-cubic ran for 6.595 secs (6.589u,0.004s) (success)
Tactic call noop-repeat-rewrite_strat-bottomup-regression-cubic ran for 0.093 secs (0.093u,0.s) (success)
Tactic call abstract+repeat-rewrite_strat-bottomup-regression-cubic ran for 6.735 secs (6.73u,0.004s) (success)
Tactic call close-abstract+repeat-rewrite_strat-bottomup-regression-quadratic ran for 0.046 secs (0.046u,0.s)
Params: n= 50
Tactic call repeat-rewrite_strat-bottomup-regression-cubic ran for 9.609 secs (9.599u,0.007s) (success)
Tactic call noop-repeat-rewrite_strat-bottomup-regression-cubic ran for 0.12 secs (0.12u,0.s) (success)
Tactic call abstract+repeat-rewrite_strat-bottomup-regression-cubic ran for 9.786 secs (9.776u,0.007s) (success)
Tactic call close-abstract+repeat-rewrite_strat-bottomup-regression-quadratic ran for 0.055 secs (0.055u,0.s)
