Params: n= 110
Tactic call reify-regression-cubic ran for 2.294 secs (2.258u,0.036s)
Tactic call abstract-regression-linear ran for 0.006 secs (0.006u,0.s) (success)
Params: n= 120
Tactic call reify-regression-cubic ran for 2.747 secs (2.735u,0.011s)
Tactic call abstract-regression-linear ran for 0.007 secs (0.006u,0.s) (success)
Params: n= 130
Tactic call reify-regression-cubic ran for 3.26 secs (3.236u,0.023s)
Tactic call abstract-regression-linear ran for 0.007 secs (0.007u,0.s) (success)
Params: n= 140
Tactic call reify-regression-cubic ran for 3.991 secs (3.978u,0.011s)
Tactic call abstract-regression-linear ran for 0.008 secs (0.008u,0.s) (success)
Params: n= 150
Tactic call reify-regression-cubic ran for 4.782 secs (4.782u,0.s)
Tactic call abstract-regression-linear ran for 0.008 secs (0.008u,0.s) (success)
Params: n= 160
Tactic call reify-regression-cubic ran for 5.846 secs (5.834u,0.011s)
Tactic call abstract-regression-linear ran for 0.009 secs (0.005u,0.003s) (success)
Params: n= 170
Tactic call reify-regression-cubic ran for 6.624 secs (6.623u,0.s)
Tactic call abstract-regression-linear ran for 0.009 secs (0.009u,0.s) (success)
Params: n= 180
Tactic call reify-regression-cubic ran for 7.815 secs (7.806u,0.007s)
Tactic call abstract-regression-linear ran for 0.01 secs (0.01u,0.s) (success)
Params: n= 190
Tactic call reify-regression-cubic ran for 8.966 secs (8.966u,0.s)
Tactic call abstract-regression-linear ran for 0.01 secs (0.01u,0.s) (success)
Params: n= 200
Tactic call reify-regression-cubic ran for 10.253 secs (10.252u,0.s)
Tactic call abstract-regression-linear ran for 0.011 secs (0.011u,0.s) (success)
Params: n= 210
Tactic call reify-regression-cubic ran for 11.81 secs (11.793u,0.016s)
Tactic call abstract-regression-linear ran for 0.012 secs (0.012u,0.s) (success)
Params: n= 220
Tactic call reify-regression-cubic ran for 13.333 secs (13.328u,0.004s)
Tactic call abstract-regression-linear ran for 0.012 secs (0.012u,0.s) (success)
Params: n= 230
Tactic call reify-regression-cubic ran for 14.977 secs (14.975u,0.s)
Tactic call abstract-regression-linear ran for 0.013 secs (0.013u,0.s) (success)
Params: n= 240
Tactic call reify-regression-cubic ran for 17.065 secs (17.044u,0.02s)
Tactic call abstract-regression-linear ran for 0.013 secs (0.013u,0.s) (success)
Params: n= 250
Tactic call reify-regression-cubic ran for 19.172 secs (19.166u,0.004s)
Tactic call abstract-regression-linear ran for 0.013 secs (0.013u,0.s) (success)
Params: n= 260
Tactic call reify-regression-cubic ran for 21.257 secs (21.252u,0.004s)
Tactic call abstract-regression-linear ran for 0.015 secs (0.011u,0.003s) (success)
Params: n= 270
Tactic call reify-regression-cubic ran for 24.078 secs (24.076u,0.s)
Tactic call abstract-regression-linear ran for 0.016 secs (0.016u,0.s) (success)
Params: n= 280
Tactic call reify-regression-cubic ran for 26.591 secs (26.588u,0.s)
Tactic call abstract-regression-linear ran for 0.015 secs (0.015u,0.s) (success)
Params: n= 290
Tactic call reify-regression-cubic ran for 29.709 secs (29.699u,0.008s)
Tactic call abstract-regression-linear ran for 0.016 secs (0.016u,0.s) (success)
Params: n= 300
Tactic call reify-regression-cubic ran for 32.549 secs (32.511u,0.036s)
Tactic call abstract-regression-linear ran for 0.016 secs (0.016u,0.s) (success)
Params: n= 350
Tactic call reify-regression-cubic ran for 49.836 secs (49.808u,0.024s)
Tactic call abstract-regression-linear ran for 0.019 secs (0.019u,0.s) (success)
Params: n= 400
Tactic call reify-regression-cubic ran for 74.424 secs (74.317u,0.088s)
Tactic call abstract-regression-linear ran for 0.032 secs (0.032u,0.s) (success)
Params: n= 450
Tactic call reify-regression-cubic ran for 105.54 secs (105.424u,0.092s)
Tactic call abstract-regression-linear ran for 0.024 secs (0.024u,0.s) (success)
Params: n= 500
Tactic call reify-regression-cubic ran for 143.561 secs (143.429u,0.112s)
Tactic call abstract-regression-linear ran for 0.062 secs (0.062u,0.s) (success)
