Params: n= 4
Tactic call reify-regression-cubic ran for 0.01 secs (0.001u,0.009s)
Tactic call abstract-regression-linear ran for 0. secs (0.u,0.s) (success)
Params: n= 5
Tactic call reify-regression-cubic ran for 0.013 secs (0.013u,0.s)
Tactic call abstract-regression-linear ran for 0.001 secs (0.001u,0.s) (success)
Params: n= 6
Tactic call reify-regression-cubic ran for 0.016 secs (0.013u,0.002s)
Tactic call abstract-regression-linear ran for 0.001 secs (0.u,0.s) (success)
Params: n= 7
Tactic call reify-regression-cubic ran for 0.068 secs (0.056u,0.012s)
Tactic call abstract-regression-linear ran for 0.001 secs (0.u,0.s) (success)
Params: n= 8
Tactic call reify-regression-cubic ran for 0.018 secs (0.018u,0.s)
Tactic call abstract-regression-linear ran for 0.001 secs (0.001u,0.s) (success)
Params: n= 9
Tactic call reify-regression-cubic ran for 0.022 secs (0.022u,0.s)
Tactic call abstract-regression-linear ran for 0.001 secs (0.001u,0.s) (success)
Params: n= 10
Tactic call reify-regression-cubic ran for 0.025 secs (0.025u,0.s)
Tactic call abstract-regression-linear ran for 0.001 secs (0.001u,0.s) (success)
Params: n= 11
Tactic call reify-regression-cubic ran for 0.032 secs (0.032u,0.s)
Tactic call abstract-regression-linear ran for 0.001 secs (0.001u,0.s) (success)
Params: n= 12
Tactic call reify-regression-cubic ran for 0.03 secs (0.03u,0.s)
Tactic call abstract-regression-linear ran for 0.001 secs (0.001u,0.s) (success)
Params: n= 13
Tactic call reify-regression-cubic ran for 0.035 secs (0.035u,0.s)
Tactic call abstract-regression-linear ran for 0.001 secs (0.001u,0.s) (success)
Params: n= 14
Tactic call reify-regression-cubic ran for 0.044 secs (0.044u,0.s)
Tactic call abstract-regression-linear ran for 0.001 secs (0.001u,0.s) (success)
Params: n= 15
Tactic call reify-regression-cubic ran for 0.045 secs (0.045u,0.s)
Tactic call abstract-regression-linear ran for 0.001 secs (0.001u,0.s) (success)
Params: n= 16
Tactic call reify-regression-cubic ran for 0.051 secs (0.051u,0.s)
Tactic call abstract-regression-linear ran for 0.001 secs (0.001u,0.s) (success)
Params: n= 17
Tactic call reify-regression-cubic ran for 0.054 secs (0.054u,0.s)
Tactic call abstract-regression-linear ran for 0.001 secs (0.001u,0.s) (success)
Params: n= 18
Tactic call reify-regression-cubic ran for 0.064 secs (0.064u,0.s)
Tactic call abstract-regression-linear ran for 0.001 secs (0.001u,0.s) (success)
Params: n= 19
Tactic call reify-regression-cubic ran for 0.065 secs (0.065u,0.s)
Tactic call abstract-regression-linear ran for 0.001 secs (0.001u,0.s) (success)
Params: n= 20
Tactic call reify-regression-cubic ran for 0.069 secs (0.069u,0.s)
Tactic call abstract-regression-linear ran for 0.001 secs (0.001u,0.s) (success)
Params: n= 21
Tactic call reify-regression-cubic ran for 0.083 secs (0.083u,0.s)
Tactic call abstract-regression-linear ran for 0.002 secs (0.002u,0.s) (success)
Params: n= 22
Tactic call reify-regression-cubic ran for 0.082 secs (0.082u,0.s)
Tactic call abstract-regression-linear ran for 0.002 secs (0.002u,0.s) (success)
Params: n= 23
Tactic call reify-regression-cubic ran for 0.095 secs (0.095u,0.s)
Tactic call abstract-regression-linear ran for 0.002 secs (0.002u,0.s) (success)
Params: n= 24
Tactic call reify-regression-cubic ran for 0.097 secs (0.097u,0.s)
Tactic call abstract-regression-linear ran for 0.002 secs (0.002u,0.s) (success)
Params: n= 25
Tactic call reify-regression-cubic ran for 0.11 secs (0.11u,0.s)
Tactic call abstract-regression-linear ran for 0.002 secs (0.002u,0.s) (success)
Params: n= 26
Tactic call reify-regression-cubic ran for 0.115 secs (0.115u,0.s)
Tactic call abstract-regression-linear ran for 0.006 secs (0.006u,0.s) (success)
Params: n= 27
Tactic call reify-regression-cubic ran for 0.129 secs (0.129u,0.s)
Tactic call abstract-regression-linear ran for 0.002 secs (0.002u,0.s) (success)
Params: n= 28
Tactic call reify-regression-cubic ran for 0.137 secs (0.137u,0.s)
Tactic call abstract-regression-linear ran for 0.002 secs (0.002u,0.s) (success)
Params: n= 29
Tactic call reify-regression-cubic ran for 0.146 secs (0.146u,0.s)
Tactic call abstract-regression-linear ran for 0.002 secs (0.002u,0.s) (success)
Params: n= 30
Tactic call reify-regression-cubic ran for 0.15 secs (0.15u,0.s)
Tactic call abstract-regression-linear ran for 0.002 secs (0.002u,0.s) (success)
Params: n= 31
Tactic call reify-regression-cubic ran for 0.174 secs (0.171u,0.003s)
Tactic call abstract-regression-linear ran for 0.002 secs (0.002u,0.s) (success)
Params: n= 32
Tactic call reify-regression-cubic ran for 0.181 secs (0.178u,0.003s)
Tactic call abstract-regression-linear ran for 0.002 secs (0.002u,0.s) (success)
Params: n= 33
Tactic call reify-regression-cubic ran for 0.187 secs (0.187u,0.s)
Tactic call abstract-regression-linear ran for 0.002 secs (0.002u,0.s) (success)
Params: n= 34
Tactic call reify-regression-cubic ran for 0.178 secs (0.178u,0.s)
Tactic call abstract-regression-linear ran for 0.002 secs (0.002u,0.s) (success)
Params: n= 35
Tactic call reify-regression-cubic ran for 0.194 secs (0.194u,0.s)
Tactic call abstract-regression-linear ran for 0.002 secs (0.002u,0.s) (success)
Params: n= 36
Tactic call reify-regression-cubic ran for 0.213 secs (0.209u,0.003s)
Tactic call abstract-regression-linear ran for 0.002 secs (0.002u,0.s) (success)
Params: n= 37
Tactic call reify-regression-cubic ran for 0.235 secs (0.234u,0.s)
Tactic call abstract-regression-linear ran for 0.004 secs (0.004u,0.s) (success)
Params: n= 38
Tactic call reify-regression-cubic ran for 0.225 secs (0.221u,0.003s)
Tactic call abstract-regression-linear ran for 0.002 secs (0.002u,0.s) (success)
Params: n= 39
Tactic call reify-regression-cubic ran for 0.25 secs (0.25u,0.s)
Tactic call abstract-regression-linear ran for 0.003 secs (0.003u,0.s) (success)
Params: n= 40
Tactic call reify-regression-cubic ran for 0.258 secs (0.255u,0.003s)
Tactic call abstract-regression-linear ran for 0.002 secs (0.002u,0.s) (success)
Params: n= 41
Tactic call reify-regression-cubic ran for 0.277 secs (0.276u,0.s)
Tactic call abstract-regression-linear ran for 0.002 secs (0.u,0.s) (success)
Params: n= 42
Tactic call reify-regression-cubic ran for 0.282 secs (0.286u,0.s)
Tactic call abstract-regression-linear ran for 0.003 secs (0.003u,0.s) (success)
Params: n= 43
Tactic call reify-regression-cubic ran for 0.297 secs (0.297u,0.s)
Tactic call abstract-regression-linear ran for 0.003 secs (0.003u,0.s) (success)
Params: n= 44
Tactic call reify-regression-cubic ran for 0.301 secs (0.301u,0.s)
Tactic call abstract-regression-linear ran for 0.003 secs (0.003u,0.s) (success)
Params: n= 45
Tactic call reify-regression-cubic ran for 0.339 secs (0.339u,0.s)
Tactic call abstract-regression-linear ran for 0.003 secs (0.003u,0.s) (success)
Params: n= 46
Tactic call reify-regression-cubic ran for 0.336 secs (0.336u,0.s)
Tactic call abstract-regression-linear ran for 0.003 secs (0.003u,0.s) (success)
Params: n= 47
Tactic call reify-regression-cubic ran for 0.37 secs (0.37u,0.s)
Tactic call abstract-regression-linear ran for 0.003 secs (0.003u,0.s) (success)
Params: n= 48
Tactic call reify-regression-cubic ran for 0.395 secs (0.387u,0.008s)
Tactic call abstract-regression-linear ran for 0.003 secs (0.003u,0.s) (success)
Params: n= 49
Tactic call reify-regression-cubic ran for 0.401 secs (0.4u,0.s)
Tactic call abstract-regression-linear ran for 0.003 secs (0.003u,0.s) (success)
Params: n= 50
Tactic call reify-regression-cubic ran for 0.416 secs (0.412u,0.003s)
Tactic call abstract-regression-linear ran for 0.003 secs (0.003u,0.s) (success)
Params: n= 51
Tactic call reify-regression-cubic ran for 0.441 secs (0.437u,0.003s)
Tactic call abstract-regression-linear ran for 0.004 secs (0.004u,0.s) (success)
Params: n= 52
Tactic call reify-regression-cubic ran for 0.449 secs (0.443u,0.s)
Tactic call abstract-regression-linear ran for 0.003 secs (0.003u,0.s) (success)
Params: n= 53
Tactic call reify-regression-cubic ran for 0.457 secs (0.456u,0.s)
Tactic call abstract-regression-linear ran for 0.004 secs (0.004u,0.s) (success)
Params: n= 54
Tactic call reify-regression-cubic ran for 0.474 secs (0.47u,0.003s)
Tactic call abstract-regression-linear ran for 0.004 secs (0.004u,0.s) (success)
Params: n= 55
Tactic call reify-regression-cubic ran for 0.5 secs (0.5u,0.s)
Tactic call abstract-regression-linear ran for 0.004 secs (0.004u,0.s) (success)
Params: n= 56
Tactic call reify-regression-cubic ran for 0.516 secs (0.508u,0.007s)
Tactic call abstract-regression-linear ran for 0.004 secs (0.004u,0.s) (success)
Params: n= 57
Tactic call reify-regression-cubic ran for 0.532 secs (0.532u,0.s)
Tactic call abstract-regression-linear ran for 0.004 secs (0.004u,0.s) (success)
Params: n= 58
Tactic call reify-regression-cubic ran for 0.566 secs (0.566u,0.s)
Tactic call abstract-regression-linear ran for 0.004 secs (0.004u,0.s) (success)
Params: n= 59
Tactic call reify-regression-cubic ran for 0.585 secs (0.584u,0.s)
Tactic call abstract-regression-linear ran for 0.004 secs (0.004u,0.s) (success)
Params: n= 60
Tactic call reify-regression-cubic ran for 0.627 secs (0.627u,0.s)
Tactic call abstract-regression-linear ran for 0.004 secs (0.004u,0.s) (success)
Params: n= 61
Tactic call reify-regression-cubic ran for 0.656 secs (0.656u,0.s)
Tactic call abstract-regression-linear ran for 0.004 secs (0.004u,0.s) (success)
Params: n= 62
Tactic call reify-regression-cubic ran for 0.695 secs (0.695u,0.s)
Tactic call abstract-regression-linear ran for 0.005 secs (0.005u,0.s) (success)
Params: n= 63
Tactic call reify-regression-cubic ran for 0.675 secs (0.674u,0.s)
Tactic call abstract-regression-linear ran for 0.004 secs (0.004u,0.s) (success)
Params: n= 64
Tactic call reify-regression-cubic ran for 0.69 secs (0.69u,0.s)
Tactic call abstract-regression-linear ran for 0.009 secs (0.009u,0.s) (success)
Params: n= 65
Tactic call reify-regression-cubic ran for 0.693 secs (0.693u,0.s)
Tactic call abstract-regression-linear ran for 0.004 secs (0.004u,0.s) (success)
Params: n= 66
Tactic call reify-regression-cubic ran for 0.721 secs (0.721u,0.s)
Tactic call abstract-regression-linear ran for 0.004 secs (0.004u,0.s) (success)
Params: n= 67
Tactic call reify-regression-cubic ran for 0.724 secs (0.724u,0.s)
Tactic call abstract-regression-linear ran for 0.004 secs (0.004u,0.s) (success)
Params: n= 68
Tactic call reify-regression-cubic ran for 0.72 secs (0.72u,0.s)
Tactic call abstract-regression-linear ran for 0.004 secs (0.004u,0.s) (success)
Params: n= 69
Tactic call reify-regression-cubic ran for 0.776 secs (0.776u,0.s)
Tactic call abstract-regression-linear ran for 0.004 secs (0.004u,0.s) (success)
Params: n= 70
Tactic call reify-regression-cubic ran for 0.814 secs (0.813u,0.s)
Tactic call abstract-regression-linear ran for 0.004 secs (0.004u,0.s) (success)
Params: n= 71
Tactic call reify-regression-cubic ran for 0.795 secs (0.795u,0.s)
Tactic call abstract-regression-linear ran for 0.004 secs (0.004u,0.s) (success)
Params: n= 72
Tactic call reify-regression-cubic ran for 0.796 secs (0.795u,0.s)
Tactic call abstract-regression-linear ran for 0.005 secs (0.005u,0.s) (success)
Params: n= 73
Tactic call reify-regression-cubic ran for 0.886 secs (0.882u,0.004s)
Tactic call abstract-regression-linear ran for 0.004 secs (0.004u,0.s) (success)
Params: n= 74
Tactic call reify-regression-cubic ran for 0.883 secs (0.883u,0.s)
Tactic call abstract-regression-linear ran for 0.004 secs (0.u,0.003s) (success)
Params: n= 75
Tactic call reify-regression-cubic ran for 0.932 secs (0.932u,0.s)
Tactic call abstract-regression-linear ran for 0.005 secs (0.005u,0.s) (success)
Params: n= 76
Tactic call reify-regression-cubic ran for 0.925 secs (0.925u,0.s)
Tactic call abstract-regression-linear ran for 0.007 secs (0.002u,0.s) (success)
Params: n= 77
Tactic call reify-regression-cubic ran for 0.994 secs (1.u,0.s)
Tactic call abstract-regression-linear ran for 0.006 secs (0.006u,0.s) (success)
Params: n= 78
Tactic call reify-regression-cubic ran for 1.036 secs (1.036u,0.s)
Tactic call abstract-regression-linear ran for 0.005 secs (0.005u,0.s) (success)
Params: n= 79
Tactic call reify-regression-cubic ran for 1.028 secs (1.028u,0.s)
Tactic call abstract-regression-linear ran for 0.007 secs (0.007u,0.s) (success)
Params: n= 80
Tactic call reify-regression-cubic ran for 1.095 secs (1.095u,0.s)
Tactic call abstract-regression-linear ran for 0.005 secs (0.005u,0.s) (success)
Params: n= 81
Tactic call reify-regression-cubic ran for 1.159 secs (1.159u,0.s)
Tactic call abstract-regression-linear ran for 0.005 secs (0.005u,0.s) (success)
Params: n= 82
Tactic call reify-regression-cubic ran for 1.184 secs (1.183u,0.s)
Tactic call abstract-regression-linear ran for 0.005 secs (0.005u,0.s) (success)
Params: n= 83
Tactic call reify-regression-cubic ran for 1.243 secs (1.243u,0.s)
Tactic call abstract-regression-linear ran for 0.009 secs (0.009u,0.s) (success)
Params: n= 84
Tactic call reify-regression-cubic ran for 1.261 secs (1.261u,0.s)
Tactic call abstract-regression-linear ran for 0.005 secs (0.005u,0.s) (success)
Params: n= 85
Tactic call reify-regression-cubic ran for 1.595 secs (1.59u,0.004s)
Tactic call abstract-regression-linear ran for 0.007 secs (0.007u,0.s) (success)
Params: n= 86
Tactic call reify-regression-cubic ran for 1.309 secs (1.297u,0.012s)
Tactic call abstract-regression-linear ran for 0.005 secs (0.005u,0.s) (success)
Params: n= 87
Tactic call reify-regression-cubic ran for 1.232 secs (1.232u,0.s)
Tactic call abstract-regression-linear ran for 0.006 secs (0.006u,0.s) (success)
Params: n= 88
Tactic call reify-regression-cubic ran for 1.437 secs (1.437u,0.s)
Tactic call abstract-regression-linear ran for 0.006 secs (0.006u,0.s) (success)
Params: n= 89
Tactic call reify-regression-cubic ran for 1.462 secs (1.462u,0.s)
Tactic call abstract-regression-linear ran for 0.006 secs (0.006u,0.s) (success)
Params: n= 90
Tactic call reify-regression-cubic ran for 1.47 secs (1.47u,0.s)
Tactic call abstract-regression-linear ran for 0.006 secs (0.006u,0.s) (success)
Params: n= 91
Tactic call reify-regression-cubic ran for 1.537 secs (1.537u,0.s)
Tactic call abstract-regression-linear ran for 0.006 secs (0.006u,0.s) (success)
Params: n= 92
Tactic call reify-regression-cubic ran for 1.599 secs (1.599u,0.s)
Tactic call abstract-regression-linear ran for 0.006 secs (0.006u,0.s) (success)
Params: n= 93
Tactic call reify-regression-cubic ran for 1.621 secs (1.62u,0.s)
Tactic call abstract-regression-linear ran for 0.006 secs (0.006u,0.s) (success)
Params: n= 94
Tactic call reify-regression-cubic ran for 1.649 secs (1.649u,0.s)
Tactic call abstract-regression-linear ran for 0.006 secs (0.006u,0.s) (success)
Params: n= 95
Tactic call reify-regression-cubic ran for 1.669 secs (1.669u,0.s)
Tactic call abstract-regression-linear ran for 0.006 secs (0.006u,0.s) (success)
Params: n= 96
Tactic call reify-regression-cubic ran for 1.799 secs (1.798u,0.s)
Tactic call abstract-regression-linear ran for 0.006 secs (0.006u,0.s) (success)
Params: n= 97
Tactic call reify-regression-cubic ran for 1.718 secs (1.718u,0.s)
Tactic call abstract-regression-linear ran for 0.006 secs (0.006u,0.s) (success)
Params: n= 98
Tactic call reify-regression-cubic ran for 1.801 secs (1.801u,0.s)
Tactic call abstract-regression-linear ran for 0.006 secs (0.006u,0.s) (success)
Params: n= 99
Tactic call reify-regression-cubic ran for 1.852 secs (1.852u,0.s)
Tactic call abstract-regression-linear ran for 0.007 secs (0.007u,0.s) (success)
Params: n= 100
Tactic call reify-regression-cubic ran for 1.949 secs (1.949u,0.s)
Tactic call abstract-regression-linear ran for 0.007 secs (0.007u,0.s) (success)
