Params: n= 4
Tactic call ssr-rewrite!-regression-quadratic ran for 0. secs (0.u,0.s) (success)
Tactic call ssr-rewrite?-noop-regression-linear ran for 0. secs (0.u,0.s) (success)
Tactic call abstract-regression-quadratic ran for 0.002 secs (0.001u,0.s) (success)
Tactic call close-abstract-regression-quadratic ran for 0.001 secs (0.001u,0.s)
Params: n= 5
Tactic call ssr-rewrite!-regression-quadratic ran for 0.001 secs (0.001u,0.s) (success)
Tactic call ssr-rewrite?-noop-regression-linear ran for 0. secs (0.u,0.s) (success)
Tactic call abstract-regression-quadratic ran for 0.002 secs (0.002u,0.s) (success)
Tactic call close-abstract-regression-quadratic ran for 0. secs (0.u,0.s)
Params: n= 6
Tactic call ssr-rewrite!-regression-quadratic ran for 0.001 secs (0.001u,0.s) (success)
Tactic call ssr-rewrite?-noop-regression-linear ran for 0. secs (0.u,0.s) (success)
Tactic call abstract-regression-quadratic ran for 0.002 secs (0.002u,0.s) (success)
Tactic call close-abstract-regression-quadratic ran for 0. secs (0.u,0.s)
Params: n= 7
Tactic call ssr-rewrite!-regression-quadratic ran for 0.001 secs (0.u,0.001s) (success)
Tactic call ssr-rewrite?-noop-regression-linear ran for 0. secs (0.u,0.s) (success)
Tactic call abstract-regression-quadratic ran for 0.003 secs (0.001u,0.001s) (success)
Tactic call close-abstract-regression-quadratic ran for 0.001 secs (0.001u,0.s)
Params: n= 8
Tactic call ssr-rewrite!-regression-quadratic ran for 0.001 secs (0.001u,0.s) (success)
Tactic call ssr-rewrite?-noop-regression-linear ran for 0. secs (0.u,0.s) (success)
Tactic call abstract-regression-quadratic ran for 0.004 secs (0.003u,0.s) (success)
Tactic call close-abstract-regression-quadratic ran for 0.001 secs (0.001u,0.s)
Params: n= 9
Tactic call ssr-rewrite!-regression-quadratic ran for 0.002 secs (0.001u,0.s) (success)
Tactic call ssr-rewrite?-noop-regression-linear ran for 0. secs (0.u,0.s) (success)
Tactic call abstract-regression-quadratic ran for 0.004 secs (0.002u,0.002s) (success)
Tactic call close-abstract-regression-quadratic ran for 0.001 secs (0.u,0.001s)
Params: n= 10
Tactic call ssr-rewrite!-regression-quadratic ran for 0.003 secs (0.u,0.003s) (success)
Tactic call ssr-rewrite?-noop-regression-linear ran for 0. secs (0.u,0.s) (success)
Tactic call abstract-regression-quadratic ran for 0.006 secs (0.002u,0.003s) (success)
Tactic call close-abstract-regression-quadratic ran for 0.002 secs (0.002u,0.s)
Params: n= 11
Tactic call ssr-rewrite!-regression-quadratic ran for 0.002 secs (0.u,0.002s) (success)
Tactic call ssr-rewrite?-noop-regression-linear ran for 0. secs (0.u,0.s) (success)
Tactic call abstract-regression-quadratic ran for 0.005 secs (0.001u,0.004s) (success)
Tactic call close-abstract-regression-quadratic ran for 0.002 secs (0.001u,0.001s)
Params: n= 12
Tactic call ssr-rewrite!-regression-quadratic ran for 0.004 secs (0.001u,0.002s) (success)
Tactic call ssr-rewrite?-noop-regression-linear ran for 0. secs (0.u,0.s) (success)
Tactic call abstract-regression-quadratic ran for 0.007 secs (0.003u,0.003s) (success)
Tactic call close-abstract-regression-quadratic ran for 0.003 secs (0.002u,0.001s)
Params: n= 13
Tactic call ssr-rewrite!-regression-quadratic ran for 0.049 secs (0.046u,0.003s) (success)
Tactic call ssr-rewrite?-noop-regression-linear ran for 0. secs (0.u,0.s) (success)
Tactic call abstract-regression-quadratic ran for 0.052 secs (0.049u,0.003s) (success)
Tactic call close-abstract-regression-quadratic ran for 0.002 secs (0.002u,0.s)
Params: n= 14
Tactic call ssr-rewrite!-regression-quadratic ran for 0.002 secs (0.002u,0.s) (success)
Tactic call ssr-rewrite?-noop-regression-linear ran for 0. secs (0.u,0.s) (success)
Tactic call abstract-regression-quadratic ran for 0.006 secs (0.006u,0.s) (success)
Tactic call close-abstract-regression-quadratic ran for 0.003 secs (0.002u,0.s)
Params: n= 15
Tactic call ssr-rewrite!-regression-quadratic ran for 0.003 secs (0.003u,0.s) (success)
Tactic call ssr-rewrite?-noop-regression-linear ran for 0. secs (0.u,0.s) (success)
Tactic call abstract-regression-quadratic ran for 0.006 secs (0.006u,0.s) (success)
Tactic call close-abstract-regression-quadratic ran for 0.003 secs (0.003u,0.s)
Params: n= 16
Tactic call ssr-rewrite!-regression-quadratic ran for 0.003 secs (0.003u,0.s) (success)
Tactic call ssr-rewrite?-noop-regression-linear ran for 0. secs (0.u,0.s) (success)
Tactic call abstract-regression-quadratic ran for 0.007 secs (0.007u,0.s) (success)
Tactic call close-abstract-regression-quadratic ran for 0.003 secs (0.003u,0.s)
Params: n= 17
Tactic call ssr-rewrite!-regression-quadratic ran for 0.003 secs (0.003u,0.s) (success)
Tactic call ssr-rewrite?-noop-regression-linear ran for 0. secs (0.u,0.s) (success)
Tactic call abstract-regression-quadratic ran for 0.008 secs (0.008u,0.s) (success)
Tactic call close-abstract-regression-quadratic ran for 0.003 secs (0.003u,0.s)
Params: n= 18
Tactic call ssr-rewrite!-regression-quadratic ran for 0.004 secs (0.004u,0.s) (success)
Tactic call ssr-rewrite?-noop-regression-linear ran for 0. secs (0.u,0.s) (success)
Tactic call abstract-regression-quadratic ran for 0.009 secs (0.009u,0.s) (success)
Tactic call close-abstract-regression-quadratic ran for 0.004 secs (0.004u,0.s)
Params: n= 19
Tactic call ssr-rewrite!-regression-quadratic ran for 0.004 secs (0.004u,0.s) (success)
Tactic call ssr-rewrite?-noop-regression-linear ran for 0. secs (0.u,0.s) (success)
Tactic call abstract-regression-quadratic ran for 0.009 secs (0.009u,0.s) (success)
Tactic call close-abstract-regression-quadratic ran for 0.004 secs (0.004u,0.s)
Params: n= 20
Tactic call ssr-rewrite!-regression-quadratic ran for 0.005 secs (0.005u,0.s) (success)
Tactic call ssr-rewrite?-noop-regression-linear ran for 0. secs (0.u,0.s) (success)
Tactic call abstract-regression-quadratic ran for 0.01 secs (0.01u,0.s) (success)
Tactic call close-abstract-regression-quadratic ran for 0.005 secs (0.005u,0.s)
Params: n= 21
Tactic call ssr-rewrite!-regression-quadratic ran for 0.007 secs (0.007u,0.s) (success)
Tactic call ssr-rewrite?-noop-regression-linear ran for 0. secs (0.u,0.s) (success)
Tactic call abstract-regression-quadratic ran for 0.013 secs (0.013u,0.s) (success)
Tactic call close-abstract-regression-quadratic ran for 0.006 secs (0.006u,0.s)
Params: n= 22
Tactic call ssr-rewrite!-regression-quadratic ran for 0.006 secs (0.006u,0.s) (success)
Tactic call ssr-rewrite?-noop-regression-linear ran for 0. secs (0.u,0.s) (success)
Tactic call abstract-regression-quadratic ran for 0.012 secs (0.012u,0.s) (success)
Tactic call close-abstract-regression-quadratic ran for 0.006 secs (0.006u,0.s)
Params: n= 23
Tactic call ssr-rewrite!-regression-quadratic ran for 0.006 secs (0.006u,0.s) (success)
Tactic call ssr-rewrite?-noop-regression-linear ran for 0. secs (0.u,0.s) (success)
Tactic call abstract-regression-quadratic ran for 0.013 secs (0.013u,0.s) (success)
Tactic call close-abstract-regression-quadratic ran for 0.007 secs (0.007u,0.s)
Params: n= 24
Tactic call ssr-rewrite!-regression-quadratic ran for 0.007 secs (0.007u,0.s) (success)
Tactic call ssr-rewrite?-noop-regression-linear ran for 0. secs (0.u,0.s) (success)
Tactic call abstract-regression-quadratic ran for 0.02 secs (0.02u,0.s) (success)
Tactic call close-abstract-regression-quadratic ran for 0.012 secs (0.012u,0.s)
Params: n= 25
Tactic call ssr-rewrite!-regression-quadratic ran for 0.009 secs (0.009u,0.s) (success)
Tactic call ssr-rewrite?-noop-regression-linear ran for 0. secs (0.u,0.s) (success)
Tactic call abstract-regression-quadratic ran for 0.025 secs (0.025u,0.s) (success)
Tactic call close-abstract-regression-quadratic ran for 0.015 secs (0.015u,0.s)
Params: n= 26
Tactic call ssr-rewrite!-regression-quadratic ran for 0.009 secs (0.009u,0.s) (success)
Tactic call ssr-rewrite?-noop-regression-linear ran for 0. secs (0.u,0.s) (success)
Tactic call abstract-regression-quadratic ran for 0.02 secs (0.02u,0.s) (success)
Tactic call close-abstract-regression-quadratic ran for 0.01 secs (0.01u,0.s)
Params: n= 27
Tactic call ssr-rewrite!-regression-quadratic ran for 0.009 secs (0.009u,0.s) (success)
Tactic call ssr-rewrite?-noop-regression-linear ran for 0. secs (0.u,0.s) (success)
Tactic call abstract-regression-quadratic ran for 0.024 secs (0.024u,0.s) (success)
Tactic call close-abstract-regression-quadratic ran for 0.014 secs (0.014u,0.s)
Params: n= 28
Tactic call ssr-rewrite!-regression-quadratic ran for 0.013 secs (0.013u,0.s) (success)
Tactic call ssr-rewrite?-noop-regression-linear ran for 0. secs (0.u,0.s) (success)
Tactic call abstract-regression-quadratic ran for 0.027 secs (0.027u,0.s) (success)
Tactic call close-abstract-regression-quadratic ran for 0.013 secs (0.013u,0.s)
Params: n= 29
Tactic call ssr-rewrite!-regression-quadratic ran for 0.014 secs (0.014u,0.s) (success)
Tactic call ssr-rewrite?-noop-regression-linear ran for 0. secs (0.u,0.s) (success)
Tactic call abstract-regression-quadratic ran for 0.026 secs (0.026u,0.s) (success)
Tactic call close-abstract-regression-quadratic ran for 0.011 secs (0.011u,0.s)
Params: n= 30
Tactic call ssr-rewrite!-regression-quadratic ran for 0.01 secs (0.01u,0.s) (success)
Tactic call ssr-rewrite?-noop-regression-linear ran for 0. secs (0.u,0.s) (success)
Tactic call abstract-regression-quadratic ran for 0.023 secs (0.023u,0.s) (success)
Tactic call close-abstract-regression-quadratic ran for 0.012 secs (0.012u,0.s)
Params: n= 31
Tactic call ssr-rewrite!-regression-quadratic ran for 0.011 secs (0.011u,0.s) (success)
Tactic call ssr-rewrite?-noop-regression-linear ran for 0. secs (0.u,0.s) (success)
Tactic call abstract-regression-quadratic ran for 0.029 secs (0.029u,0.s) (success)
Tactic call close-abstract-regression-quadratic ran for 0.017 secs (0.017u,0.s)
Params: n= 32
Tactic call ssr-rewrite!-regression-quadratic ran for 0.012 secs (0.012u,0.s) (success)
Tactic call ssr-rewrite?-noop-regression-linear ran for 0. secs (0.u,0.s) (success)
Tactic call abstract-regression-quadratic ran for 0.029 secs (0.029u,0.s) (success)
Tactic call close-abstract-regression-quadratic ran for 0.016 secs (0.016u,0.s)
Params: n= 33
Tactic call ssr-rewrite!-regression-quadratic ran for 0.011 secs (0.008u,0.003s) (success)
Tactic call ssr-rewrite?-noop-regression-linear ran for 0. secs (0.u,0.s) (success)
Tactic call abstract-regression-quadratic ran for 0.026 secs (0.023u,0.003s) (success)
Tactic call close-abstract-regression-quadratic ran for 0.014 secs (0.014u,0.s)
Params: n= 34
Tactic call ssr-rewrite!-regression-quadratic ran for 0.014 secs (0.014u,0.s) (success)
Tactic call ssr-rewrite?-noop-regression-linear ran for 0. secs (0.u,0.s) (success)
Tactic call abstract-regression-quadratic ran for 0.031 secs (0.031u,0.s) (success)
Tactic call close-abstract-regression-quadratic ran for 0.016 secs (0.016u,0.s)
Params: n= 35
Tactic call ssr-rewrite!-regression-quadratic ran for 0.014 secs (0.014u,0.s) (success)
Tactic call ssr-rewrite?-noop-regression-linear ran for 0. secs (0.u,0.s) (success)
Tactic call abstract-regression-quadratic ran for 0.032 secs (0.032u,0.s) (success)
Tactic call close-abstract-regression-quadratic ran for 0.017 secs (0.017u,0.s)
Params: n= 36
Tactic call ssr-rewrite!-regression-quadratic ran for 0.019 secs (0.019u,0.s) (success)
Tactic call ssr-rewrite?-noop-regression-linear ran for 0. secs (0.u,0.s) (success)
Tactic call abstract-regression-quadratic ran for 0.038 secs (0.038u,0.s) (success)
Tactic call close-abstract-regression-quadratic ran for 0.018 secs (0.018u,0.s)
Params: n= 37
Tactic call ssr-rewrite!-regression-quadratic ran for 0.016 secs (0.016u,0.s) (success)
Tactic call ssr-rewrite?-noop-regression-linear ran for 0. secs (0.u,0.s) (success)
Tactic call abstract-regression-quadratic ran for 0.035 secs (0.035u,0.s) (success)
Tactic call close-abstract-regression-quadratic ran for 0.018 secs (0.018u,0.s)
Params: n= 38
Tactic call ssr-rewrite!-regression-quadratic ran for 0.018 secs (0.018u,0.s) (success)
Tactic call ssr-rewrite?-noop-regression-linear ran for 0. secs (0.u,0.s) (success)
Tactic call abstract-regression-quadratic ran for 0.04 secs (0.04u,0.s) (success)
Tactic call close-abstract-regression-quadratic ran for 0.021 secs (0.021u,0.s)
Params: n= 39
Tactic call ssr-rewrite!-regression-quadratic ran for 0.016 secs (0.016u,0.s) (success)
Tactic call ssr-rewrite?-noop-regression-linear ran for 0. secs (0.u,0.s) (success)
Tactic call abstract-regression-quadratic ran for 0.037 secs (0.037u,0.s) (success)
Tactic call close-abstract-regression-quadratic ran for 0.02 secs (0.02u,0.s)
Params: n= 40
Tactic call ssr-rewrite!-regression-quadratic ran for 0.019 secs (0.019u,0.s) (success)
Tactic call ssr-rewrite?-noop-regression-linear ran for 0. secs (0.u,0.s) (success)
Tactic call abstract-regression-quadratic ran for 0.045 secs (0.045u,0.s) (success)
Tactic call close-abstract-regression-quadratic ran for 0.025 secs (0.025u,0.s)
Params: n= 41
Tactic call ssr-rewrite!-regression-quadratic ran for 0.019 secs (0.019u,0.s) (success)
Tactic call ssr-rewrite?-noop-regression-linear ran for 0. secs (0.u,0.s) (success)
Tactic call abstract-regression-quadratic ran for 0.043 secs (0.043u,0.s) (success)
Tactic call close-abstract-regression-quadratic ran for 0.024 secs (0.024u,0.s)
Params: n= 42
Tactic call ssr-rewrite!-regression-quadratic ran for 0.019 secs (0.019u,0.s) (success)
Tactic call ssr-rewrite?-noop-regression-linear ran for 0. secs (0.u,0.s) (success)
Tactic call abstract-regression-quadratic ran for 0.047 secs (0.047u,0.s) (success)
Tactic call close-abstract-regression-quadratic ran for 0.026 secs (0.026u,0.s)
Params: n= 43
Tactic call ssr-rewrite!-regression-quadratic ran for 0.021 secs (0.021u,0.s) (success)
Tactic call ssr-rewrite?-noop-regression-linear ran for 0. secs (0.u,0.s) (success)
Tactic call abstract-regression-quadratic ran for 0.048 secs (0.048u,0.s) (success)
Tactic call close-abstract-regression-quadratic ran for 0.026 secs (0.026u,0.s)
Params: n= 44
Tactic call ssr-rewrite!-regression-quadratic ran for 0.02 secs (0.02u,0.s) (success)
Tactic call ssr-rewrite?-noop-regression-linear ran for 0. secs (0.u,0.s) (success)
Tactic call abstract-regression-quadratic ran for 0.048 secs (0.048u,0.s) (success)
Tactic call close-abstract-regression-quadratic ran for 0.027 secs (0.027u,0.s)
Params: n= 45
Tactic call ssr-rewrite!-regression-quadratic ran for 0.023 secs (0.023u,0.s) (success)
Tactic call ssr-rewrite?-noop-regression-linear ran for 0. secs (0.u,0.s) (success)
Tactic call abstract-regression-quadratic ran for 0.054 secs (0.054u,0.s) (success)
Tactic call close-abstract-regression-quadratic ran for 0.03 secs (0.03u,0.s)
Params: n= 46
Tactic call ssr-rewrite!-regression-quadratic ran for 0.021 secs (0.021u,0.s) (success)
Tactic call ssr-rewrite?-noop-regression-linear ran for 0. secs (0.u,0.s) (success)
Tactic call abstract-regression-quadratic ran for 0.05 secs (0.05u,0.s) (success)
Tactic call close-abstract-regression-quadratic ran for 0.028 secs (0.028u,0.s)
Params: n= 47
Tactic call ssr-rewrite!-regression-quadratic ran for 0.028 secs (0.028u,0.s) (success)
Tactic call ssr-rewrite?-noop-regression-linear ran for 0. secs (0.u,0.s) (success)
Tactic call abstract-regression-quadratic ran for 0.059 secs (0.059u,0.s) (success)
Tactic call close-abstract-regression-quadratic ran for 0.03 secs (0.03u,0.s)
Params: n= 48
Tactic call ssr-rewrite!-regression-quadratic ran for 0.026 secs (0.026u,0.s) (success)
Tactic call ssr-rewrite?-noop-regression-linear ran for 0. secs (0.u,0.s) (success)
Tactic call abstract-regression-quadratic ran for 0.057 secs (0.058u,0.s) (success)
Tactic call close-abstract-regression-quadratic ran for 0.031 secs (0.031u,0.s)
Params: n= 49
Tactic call ssr-rewrite!-regression-quadratic ran for 0.028 secs (0.028u,0.s) (success)
Tactic call ssr-rewrite?-noop-regression-linear ran for 0. secs (0.u,0.s) (success)
Tactic call abstract-regression-quadratic ran for 0.067 secs (0.067u,0.s) (success)
Tactic call close-abstract-regression-quadratic ran for 0.038 secs (0.038u,0.s)
Params: n= 51
Tactic call ssr-rewrite!-regression-quadratic ran for 0.034 secs (0.034u,0.s) (success)
Tactic call ssr-rewrite?-noop-regression-linear ran for 0. secs (0.u,0.s) (success)
Tactic call abstract-regression-quadratic ran for 0.078 secs (0.078u,0.s) (success)
Tactic call close-abstract-regression-quadratic ran for 0.042 secs (0.042u,0.s)
Params: n= 52
Tactic call ssr-rewrite!-regression-quadratic ran for 0.03 secs (0.03u,0.s) (success)
Tactic call ssr-rewrite?-noop-regression-linear ran for 0. secs (0.u,0.s) (success)
Tactic call abstract-regression-quadratic ran for 0.075 secs (0.075u,0.s) (success)
Tactic call close-abstract-regression-quadratic ran for 0.044 secs (0.044u,0.s)
Params: n= 53
Tactic call ssr-rewrite!-regression-quadratic ran for 0.029 secs (0.029u,0.s) (success)
Tactic call ssr-rewrite?-noop-regression-linear ran for 0. secs (0.u,0.s) (success)
Tactic call abstract-regression-quadratic ran for 0.073 secs (0.073u,0.s) (success)
Tactic call close-abstract-regression-quadratic ran for 0.043 secs (0.043u,0.s)
Params: n= 54
Tactic call ssr-rewrite!-regression-quadratic ran for 0.029 secs (0.029u,0.s) (success)
Tactic call ssr-rewrite?-noop-regression-linear ran for 0. secs (0.u,0.s) (success)
Tactic call abstract-regression-quadratic ran for 0.072 secs (0.072u,0.s) (success)
Tactic call close-abstract-regression-quadratic ran for 0.041 secs (0.041u,0.s)
Params: n= 55
Tactic call ssr-rewrite!-regression-quadratic ran for 0.031 secs (0.031u,0.s) (success)
Tactic call ssr-rewrite?-noop-regression-linear ran for 0. secs (0.u,0.s) (success)
Tactic call abstract-regression-quadratic ran for 0.074 secs (0.074u,0.s) (success)
Tactic call close-abstract-regression-quadratic ran for 0.041 secs (0.041u,0.s)
Params: n= 56
Tactic call ssr-rewrite!-regression-quadratic ran for 0.034 secs (0.034u,0.s) (success)
Tactic call ssr-rewrite?-noop-regression-linear ran for 0. secs (0.u,0.s) (success)
Tactic call abstract-regression-quadratic ran for 0.077 secs (0.077u,0.s) (success)
Tactic call close-abstract-regression-quadratic ran for 0.041 secs (0.041u,0.s)
Params: n= 57
Tactic call ssr-rewrite!-regression-quadratic ran for 0.036 secs (0.036u,0.s) (success)
Tactic call ssr-rewrite?-noop-regression-linear ran for 0. secs (0.u,0.s) (success)
Tactic call abstract-regression-quadratic ran for 0.084 secs (0.084u,0.s) (success)
Tactic call close-abstract-regression-quadratic ran for 0.047 secs (0.047u,0.s)
Params: n= 58
Tactic call ssr-rewrite!-regression-quadratic ran for 0.035 secs (0.035u,0.s) (success)
Tactic call ssr-rewrite?-noop-regression-linear ran for 0. secs (0.u,0.s) (success)
Tactic call abstract-regression-quadratic ran for 0.08 secs (0.08u,0.s) (success)
Tactic call close-abstract-regression-quadratic ran for 0.043 secs (0.043u,0.s)
Params: n= 59
Tactic call ssr-rewrite!-regression-quadratic ran for 0.033 secs (0.033u,0.s) (success)
Tactic call ssr-rewrite?-noop-regression-linear ran for 0. secs (0.u,0.s) (success)
Tactic call abstract-regression-quadratic ran for 0.082 secs (0.082u,0.s) (success)
Tactic call close-abstract-regression-quadratic ran for 0.047 secs (0.047u,0.s)
Params: n= 60
Tactic call ssr-rewrite!-regression-quadratic ran for 0.035 secs (0.035u,0.s) (success)
Tactic call ssr-rewrite?-noop-regression-linear ran for 0. secs (0.u,0.s) (success)
Tactic call abstract-regression-quadratic ran for 0.088 secs (0.088u,0.s) (success)
Tactic call close-abstract-regression-quadratic ran for 0.052 secs (0.052u,0.s)
Params: n= 61
Tactic call ssr-rewrite!-regression-quadratic ran for 0.041 secs (0.041u,0.s) (success)
Tactic call ssr-rewrite?-noop-regression-linear ran for 0. secs (0.u,0.s) (success)
Tactic call abstract-regression-quadratic ran for 0.092 secs (0.092u,0.s) (success)
Tactic call close-abstract-regression-quadratic ran for 0.051 secs (0.051u,0.s)
Params: n= 62
Tactic call ssr-rewrite!-regression-quadratic ran for 0.042 secs (0.042u,0.s) (success)
Tactic call ssr-rewrite?-noop-regression-linear ran for 0. secs (0.u,0.s) (success)
Tactic call abstract-regression-quadratic ran for 0.099 secs (0.099u,0.s) (success)
Tactic call close-abstract-regression-quadratic ran for 0.056 secs (0.056u,0.s)
Params: n= 63
Tactic call ssr-rewrite!-regression-quadratic ran for 0.038 secs (0.038u,0.s) (success)
Tactic call ssr-rewrite?-noop-regression-linear ran for 0. secs (0.u,0.s) (success)
Tactic call abstract-regression-quadratic ran for 0.104 secs (0.104u,0.s) (success)
Tactic call close-abstract-regression-quadratic ran for 0.064 secs (0.064u,0.s)
Params: n= 64
Tactic call ssr-rewrite!-regression-quadratic ran for 0.041 secs (0.041u,0.s) (success)
Tactic call ssr-rewrite?-noop-regression-linear ran for 0. secs (0.u,0.s) (success)
Tactic call abstract-regression-quadratic ran for 0.108 secs (0.108u,0.s) (success)
Tactic call close-abstract-regression-quadratic ran for 0.066 secs (0.066u,0.s)
Params: n= 65
Tactic call ssr-rewrite!-regression-quadratic ran for 0.046 secs (0.046u,0.s) (success)
Tactic call ssr-rewrite?-noop-regression-linear ran for 0. secs (0.u,0.s) (success)
Tactic call abstract-regression-quadratic ran for 0.109 secs (0.109u,0.s) (success)
Tactic call close-abstract-regression-quadratic ran for 0.061 secs (0.061u,0.s)
Params: n= 66
Tactic call ssr-rewrite!-regression-quadratic ran for 0.047 secs (0.047u,0.s) (success)
Tactic call ssr-rewrite?-noop-regression-linear ran for 0. secs (0.u,0.s) (success)
Tactic call abstract-regression-quadratic ran for 0.108 secs (0.108u,0.s) (success)
Tactic call close-abstract-regression-quadratic ran for 0.059 secs (0.059u,0.s)
Params: n= 67
Tactic call ssr-rewrite!-regression-quadratic ran for 0.047 secs (0.045u,0.001s) (success)
Tactic call ssr-rewrite?-noop-regression-linear ran for 0. secs (0.u,0.s) (success)
Tactic call abstract-regression-quadratic ran for 0.112 secs (0.11u,0.002s) (success)
Tactic call close-abstract-regression-quadratic ran for 0.064 secs (0.064u,0.s)
Params: n= 68
Tactic call ssr-rewrite!-regression-quadratic ran for 0.055 secs (0.054u,0.s) (success)
Tactic call ssr-rewrite?-noop-regression-linear ran for 0. secs (0.u,0.s) (success)
Tactic call abstract-regression-quadratic ran for 0.122 secs (0.121u,0.s) (success)
Tactic call close-abstract-regression-quadratic ran for 0.066 secs (0.065u,0.s)
Params: n= 69
Tactic call ssr-rewrite!-regression-quadratic ran for 0.057 secs (0.057u,0.s) (success)
Tactic call ssr-rewrite?-noop-regression-linear ran for 0. secs (0.u,0.s) (success)
Tactic call abstract-regression-quadratic ran for 0.133 secs (0.133u,0.s) (success)
Tactic call close-abstract-regression-quadratic ran for 0.075 secs (0.075u,0.s)
Params: n= 70
Tactic call ssr-rewrite!-regression-quadratic ran for 0.059 secs (0.059u,0.s) (success)
Tactic call ssr-rewrite?-noop-regression-linear ran for 0. secs (0.u,0.s) (success)
Tactic call abstract-regression-quadratic ran for 0.129 secs (0.129u,0.s) (success)
Tactic call close-abstract-regression-quadratic ran for 0.068 secs (0.068u,0.s)
Params: n= 71
Tactic call ssr-rewrite!-regression-quadratic ran for 0.062 secs (0.062u,0.s) (success)
Tactic call ssr-rewrite?-noop-regression-linear ran for 0. secs (0.u,0.s) (success)
Tactic call abstract-regression-quadratic ran for 0.146 secs (0.146u,0.s) (success)
Tactic call close-abstract-regression-quadratic ran for 0.082 secs (0.082u,0.s)
Params: n= 72
Tactic call ssr-rewrite!-regression-quadratic ran for 0.062 secs (0.062u,0.s) (success)
Tactic call ssr-rewrite?-noop-regression-linear ran for 0. secs (0.u,0.s) (success)
Tactic call abstract-regression-quadratic ran for 0.145 secs (0.145u,0.s) (success)
Tactic call close-abstract-regression-quadratic ran for 0.081 secs (0.081u,0.s)
Params: n= 73
Tactic call ssr-rewrite!-regression-quadratic ran for 0.061 secs (0.061u,0.s) (success)
Tactic call ssr-rewrite?-noop-regression-linear ran for 0. secs (0.u,0.s) (success)
Tactic call abstract-regression-quadratic ran for 0.138 secs (0.138u,0.s) (success)
Tactic call close-abstract-regression-quadratic ran for 0.075 secs (0.075u,0.s)
Params: n= 74
Tactic call ssr-rewrite!-regression-quadratic ran for 0.062 secs (0.062u,0.s) (success)
Tactic call ssr-rewrite?-noop-regression-linear ran for 0. secs (0.u,0.s) (success)
Tactic call abstract-regression-quadratic ran for 0.138 secs (0.138u,0.s) (success)
Tactic call close-abstract-regression-quadratic ran for 0.075 secs (0.075u,0.s)
Params: n= 75
Tactic call ssr-rewrite!-regression-quadratic ran for 0.061 secs (0.061u,0.s) (success)
Tactic call ssr-rewrite?-noop-regression-linear ran for 0. secs (0.u,0.s) (success)
Tactic call abstract-regression-quadratic ran for 0.145 secs (0.145u,0.s) (success)
Tactic call close-abstract-regression-quadratic ran for 0.083 secs (0.083u,0.s)
Params: n= 76
Tactic call ssr-rewrite!-regression-quadratic ran for 0.059 secs (0.059u,0.s) (success)
Tactic call ssr-rewrite?-noop-regression-linear ran for 0. secs (0.u,0.s) (success)
Tactic call abstract-regression-quadratic ran for 0.141 secs (0.141u,0.s) (success)
Tactic call close-abstract-regression-quadratic ran for 0.08 secs (0.08u,0.s)
Params: n= 77
Tactic call ssr-rewrite!-regression-quadratic ran for 0.069 secs (0.069u,0.s) (success)
Tactic call ssr-rewrite?-noop-regression-linear ran for 0. secs (0.u,0.s) (success)
Tactic call abstract-regression-quadratic ran for 0.155 secs (0.155u,0.s) (success)
Tactic call close-abstract-regression-quadratic ran for 0.085 secs (0.085u,0.s)
Params: n= 78
Tactic call ssr-rewrite!-regression-quadratic ran for 0.062 secs (0.062u,0.s) (success)
Tactic call ssr-rewrite?-noop-regression-linear ran for 0. secs (0.u,0.s) (success)
Tactic call abstract-regression-quadratic ran for 0.15 secs (0.15u,0.s) (success)
Tactic call close-abstract-regression-quadratic ran for 0.086 secs (0.086u,0.s)
Params: n= 79
Tactic call ssr-rewrite!-regression-quadratic ran for 0.066 secs (0.066u,0.s) (success)
Tactic call ssr-rewrite?-noop-regression-linear ran for 0. secs (0.u,0.s) (success)
Tactic call abstract-regression-quadratic ran for 0.157 secs (0.157u,0.s) (success)
Tactic call close-abstract-regression-quadratic ran for 0.089 secs (0.089u,0.s)
Params: n= 80
Tactic call ssr-rewrite!-regression-quadratic ran for 0.078 secs (0.078u,0.s) (success)
Tactic call ssr-rewrite?-noop-regression-linear ran for 0. secs (0.u,0.s) (success)
Tactic call abstract-regression-quadratic ran for 0.17 secs (0.17u,0.s) (success)
Tactic call close-abstract-regression-quadratic ran for 0.09 secs (0.09u,0.s)
Params: n= 81
Tactic call ssr-rewrite!-regression-quadratic ran for 0.076 secs (0.072u,0.003s) (success)
Tactic call ssr-rewrite?-noop-regression-linear ran for 0. secs (0.u,0.s) (success)
Tactic call abstract-regression-quadratic ran for 0.164 secs (0.16u,0.003s) (success)
Tactic call close-abstract-regression-quadratic ran for 0.086 secs (0.086u,0.s)
Params: n= 82
Tactic call ssr-rewrite!-regression-quadratic ran for 0.079 secs (0.079u,0.s) (success)
Tactic call ssr-rewrite?-noop-regression-linear ran for 0. secs (0.u,0.s) (success)
Tactic call abstract-regression-quadratic ran for 0.172 secs (0.172u,0.s) (success)
Tactic call close-abstract-regression-quadratic ran for 0.092 secs (0.092u,0.s)
Params: n= 83
Tactic call ssr-rewrite!-regression-quadratic ran for 0.077 secs (0.077u,0.s) (success)
Tactic call ssr-rewrite?-noop-regression-linear ran for 0. secs (0.u,0.s) (success)
Tactic call abstract-regression-quadratic ran for 0.17 secs (0.166u,0.003s) (success)
Tactic call close-abstract-regression-quadratic ran for 0.091 secs (0.087u,0.003s)
Params: n= 84
Tactic call ssr-rewrite!-regression-quadratic ran for 0.07 secs (0.07u,0.s) (success)
Tactic call ssr-rewrite?-noop-regression-linear ran for 0. secs (0.u,0.s) (success)
Tactic call abstract-regression-quadratic ran for 0.171 secs (0.171u,0.s) (success)
Tactic call close-abstract-regression-quadratic ran for 0.1 secs (0.1u,0.s)
Params: n= 85
Tactic call ssr-rewrite!-regression-quadratic ran for 0.086 secs (0.078u,0.007s) (success)
Tactic call ssr-rewrite?-noop-regression-linear ran for 0. secs (0.u,0.s) (success)
Tactic call abstract-regression-quadratic ran for 0.19 secs (0.182u,0.008s) (success)
Tactic call close-abstract-regression-quadratic ran for 0.102 secs (0.102u,0.s)
Params: n= 86
Tactic call ssr-rewrite!-regression-quadratic ran for 0.077 secs (0.077u,0.s) (success)
Tactic call ssr-rewrite?-noop-regression-linear ran for 0. secs (0.u,0.s) (success)
Tactic call abstract-regression-quadratic ran for 0.176 secs (0.176u,0.s) (success)
Tactic call close-abstract-regression-quadratic ran for 0.097 secs (0.097u,0.s)
Params: n= 87
Tactic call ssr-rewrite!-regression-quadratic ran for 0.086 secs (0.086u,0.s) (success)
Tactic call ssr-rewrite?-noop-regression-linear ran for 0. secs (0.u,0.s) (success)
Tactic call abstract-regression-quadratic ran for 0.199 secs (0.199u,0.s) (success)
Tactic call close-abstract-regression-quadratic ran for 0.112 secs (0.112u,0.s)
Params: n= 88
Tactic call ssr-rewrite!-regression-quadratic ran for 0.085 secs (0.085u,0.s) (success)
Tactic call ssr-rewrite?-noop-regression-linear ran for 0. secs (0.u,0.s) (success)
Tactic call abstract-regression-quadratic ran for 0.195 secs (0.195u,0.s) (success)
Tactic call close-abstract-regression-quadratic ran for 0.109 secs (0.109u,0.s)
Params: n= 89
Tactic call ssr-rewrite!-regression-quadratic ran for 0.085 secs (0.081u,0.003s) (success)
Tactic call ssr-rewrite?-noop-regression-linear ran for 0. secs (0.u,0.s) (success)
Tactic call abstract-regression-quadratic ran for 0.201 secs (0.196u,0.003s) (success)
Tactic call close-abstract-regression-quadratic ran for 0.114 secs (0.114u,0.s)
Params: n= 90
Tactic call ssr-rewrite!-regression-quadratic ran for 0.09 secs (0.09u,0.s) (success)
Tactic call ssr-rewrite?-noop-regression-linear ran for 0. secs (0.u,0.s) (success)
Tactic call abstract-regression-quadratic ran for 0.193 secs (0.193u,0.s) (success)
Tactic call close-abstract-regression-quadratic ran for 0.102 secs (0.101u,0.s)
Params: n= 91
Tactic call ssr-rewrite!-regression-quadratic ran for 0.085 secs (0.085u,0.s) (success)
Tactic call ssr-rewrite?-noop-regression-linear ran for 0. secs (0.u,0.s) (success)
Tactic call abstract-regression-quadratic ran for 0.198 secs (0.198u,0.s) (success)
Tactic call close-abstract-regression-quadratic ran for 0.111 secs (0.111u,0.s)
Params: n= 92
Tactic call ssr-rewrite!-regression-quadratic ran for 0.089 secs (0.089u,0.s) (success)
Tactic call ssr-rewrite?-noop-regression-linear ran for 0. secs (0.u,0.s) (success)
Tactic call abstract-regression-quadratic ran for 0.211 secs (0.211u,0.s) (success)
Tactic call close-abstract-regression-quadratic ran for 0.12 secs (0.12u,0.s)
Params: n= 93
Tactic call ssr-rewrite!-regression-quadratic ran for 0.097 secs (0.097u,0.s) (success)
Tactic call ssr-rewrite?-noop-regression-linear ran for 0. secs (0.u,0.s) (success)
Tactic call abstract-regression-quadratic ran for 0.226 secs (0.226u,0.s) (success)
Tactic call close-abstract-regression-quadratic ran for 0.127 secs (0.127u,0.s)
Params: n= 94
Tactic call ssr-rewrite!-regression-quadratic ran for 0.104 secs (0.104u,0.s) (success)
Tactic call ssr-rewrite?-noop-regression-linear ran for 0. secs (0.u,0.s) (success)
Tactic call abstract-regression-quadratic ran for 0.238 secs (0.238u,0.s) (success)
Tactic call close-abstract-regression-quadratic ran for 0.132 secs (0.132u,0.s)
Params: n= 95
Tactic call ssr-rewrite!-regression-quadratic ran for 0.101 secs (0.101u,0.s) (success)
Tactic call ssr-rewrite?-noop-regression-linear ran for 0. secs (0.u,0.s) (success)
Tactic call abstract-regression-quadratic ran for 0.257 secs (0.257u,0.s) (success)
Tactic call close-abstract-regression-quadratic ran for 0.154 secs (0.154u,0.s)
Params: n= 96
Tactic call ssr-rewrite!-regression-quadratic ran for 0.106 secs (0.106u,0.s) (success)
Tactic call ssr-rewrite?-noop-regression-linear ran for 0. secs (0.u,0.s) (success)
Tactic call abstract-regression-quadratic ran for 0.242 secs (0.242u,0.s) (success)
Tactic call close-abstract-regression-quadratic ran for 0.135 secs (0.135u,0.s)
Params: n= 97
Tactic call ssr-rewrite!-regression-quadratic ran for 0.119 secs (0.119u,0.s) (success)
Tactic call ssr-rewrite?-noop-regression-linear ran for 0. secs (0.u,0.s) (success)
Tactic call abstract-regression-quadratic ran for 0.274 secs (0.273u,0.s) (success)
Tactic call close-abstract-regression-quadratic ran for 0.152 secs (0.152u,0.s)
Params: n= 98
Tactic call ssr-rewrite!-regression-quadratic ran for 0.11 secs (0.11u,0.s) (success)
Tactic call ssr-rewrite?-noop-regression-linear ran for 0. secs (0.u,0.s) (success)
Tactic call abstract-regression-quadratic ran for 0.248 secs (0.244u,0.003s) (success)
Tactic call close-abstract-regression-quadratic ran for 0.135 secs (0.132u,0.003s)
Params: n= 99
Tactic call ssr-rewrite!-regression-quadratic ran for 0.106 secs (0.106u,0.s) (success)
Tactic call ssr-rewrite?-noop-regression-linear ran for 0. secs (0.u,0.s) (success)
Tactic call abstract-regression-quadratic ran for 0.275 secs (0.275u,0.s) (success)
Tactic call close-abstract-regression-quadratic ran for 0.154 secs (0.154u,0.s)
Params: n= 110
Tactic call ssr-rewrite!-regression-quadratic ran for 0.133 secs (0.133u,0.s) (success)
Tactic call ssr-rewrite?-noop-regression-linear ran for 0. secs (0.u,0.s) (success)
Tactic call abstract-regression-quadratic ran for 0.306 secs (0.306u,0.s) (success)
Tactic call close-abstract-regression-quadratic ran for 0.171 secs (0.171u,0.s)
Params: n= 120
Tactic call ssr-rewrite!-regression-quadratic ran for 0.15 secs (0.15u,0.s) (success)
Tactic call ssr-rewrite?-noop-regression-linear ran for 0. secs (0.u,0.s) (success)
Tactic call abstract-regression-quadratic ran for 0.344 secs (0.34u,0.003s) (success)
Tactic call close-abstract-regression-quadratic ran for 0.193 secs (0.189u,0.003s)
Params: n= 130
Tactic call ssr-rewrite!-regression-quadratic ran for 0.181 secs (0.181u,0.s) (success)
Tactic call ssr-rewrite?-noop-regression-linear ran for 0. secs (0.u,0.s) (success)
Tactic call abstract-regression-quadratic ran for 0.426 secs (0.426u,0.s) (success)
Tactic call close-abstract-regression-quadratic ran for 0.243 secs (0.243u,0.s)
Params: n= 140
Tactic call ssr-rewrite!-regression-quadratic ran for 0.213 secs (0.213u,0.s) (success)
Tactic call ssr-rewrite?-noop-regression-linear ran for 0. secs (0.u,0.s) (success)
Tactic call abstract-regression-quadratic ran for 0.471 secs (0.471u,0.s) (success)
Tactic call close-abstract-regression-quadratic ran for 0.256 secs (0.256u,0.s)
Params: n= 160
Tactic call ssr-rewrite!-regression-quadratic ran for 0.28 secs (0.28u,0.s) (success)
Tactic call ssr-rewrite?-noop-regression-linear ran for 0. secs (0.u,0.s) (success)
Tactic call abstract-regression-quadratic ran for 0.629 secs (0.625u,0.003s) (success)
Tactic call close-abstract-regression-quadratic ran for 0.346 secs (0.342u,0.003s)
Params: n= 170
Tactic call ssr-rewrite!-regression-quadratic ran for 0.3 secs (0.3u,0.s) (success)
Tactic call ssr-rewrite?-noop-regression-linear ran for 0. secs (0.u,0.s) (success)
Tactic call abstract-regression-quadratic ran for 0.704 secs (0.704u,0.s) (success)
Tactic call close-abstract-regression-quadratic ran for 0.402 secs (0.402u,0.s)
Params: n= 180
Tactic call ssr-rewrite!-regression-quadratic ran for 0.333 secs (0.332u,0.s) (success)
Tactic call ssr-rewrite?-noop-regression-linear ran for 0. secs (0.u,0.s) (success)
Tactic call abstract-regression-quadratic ran for 0.814 secs (0.814u,0.s) (success)
Tactic call close-abstract-regression-quadratic ran for 0.48 secs (0.48u,0.s)
Params: n= 190
Tactic call ssr-rewrite!-regression-quadratic ran for 0.389 secs (0.389u,0.s) (success)
Tactic call ssr-rewrite?-noop-regression-linear ran for 0. secs (0.u,0.s) (success)
Tactic call abstract-regression-quadratic ran for 0.894 secs (0.894u,0.s) (success)
Tactic call close-abstract-regression-quadratic ran for 0.503 secs (0.503u,0.s)
Params: n= 210
Tactic call ssr-rewrite!-regression-quadratic ran for 0.461 secs (0.461u,0.s) (success)
Tactic call ssr-rewrite?-noop-regression-linear ran for 0. secs (0.u,0.s) (success)
Tactic call abstract-regression-quadratic ran for 1.011 secs (1.007u,0.003s) (success)
Tactic call close-abstract-regression-quadratic ran for 0.549 secs (0.545u,0.003s)
Params: n= 220
Tactic call ssr-rewrite!-regression-quadratic ran for 0.533 secs (0.533u,0.s) (success)
Tactic call ssr-rewrite?-noop-regression-linear ran for 0. secs (0.u,0.s) (success)
Tactic call abstract-regression-quadratic ran for 1.147 secs (1.149u,0.s) (success)
Tactic call close-abstract-regression-quadratic ran for 0.611 secs (0.611u,0.s)
Params: n= 230
Tactic call ssr-rewrite!-regression-quadratic ran for 0.54 secs (0.54u,0.s) (success)
Tactic call ssr-rewrite?-noop-regression-linear ran for 0. secs (0.u,0.s) (success)
Tactic call abstract-regression-quadratic ran for 1.279 secs (1.278u,0.s) (success)
Tactic call close-abstract-regression-quadratic ran for 0.737 secs (0.736u,0.s)
Params: n= 240
Tactic call ssr-rewrite!-regression-quadratic ran for 0.626 secs (0.626u,0.s) (success)
Tactic call ssr-rewrite?-noop-regression-linear ran for 0. secs (0.u,0.s) (success)
Tactic call abstract-regression-quadratic ran for 1.38 secs (1.372u,0.007s) (success)
Tactic call close-abstract-regression-quadratic ran for 0.752 secs (0.744u,0.007s)
Params: n= 260
Tactic call ssr-rewrite!-regression-quadratic ran for 0.682 secs (0.682u,0.s) (success)
Tactic call ssr-rewrite?-noop-regression-linear ran for 0. secs (0.u,0.s) (success)
Tactic call abstract-regression-quadratic ran for 1.552 secs (1.552u,0.s) (success)
Tactic call close-abstract-regression-quadratic ran for 0.868 secs (0.868u,0.s)
Params: n= 270
Tactic call ssr-rewrite!-regression-quadratic ran for 0.746 secs (0.746u,0.s) (success)
Tactic call ssr-rewrite?-noop-regression-linear ran for 0. secs (0.u,0.s) (success)
Tactic call abstract-regression-quadratic ran for 1.7 secs (1.7u,0.s) (success)
Tactic call close-abstract-regression-quadratic ran for 0.951 secs (0.951u,0.s)
Params: n= 280
Tactic call ssr-rewrite!-regression-quadratic ran for 0.839 secs (0.839u,0.s) (success)
Tactic call ssr-rewrite?-noop-regression-linear ran for 0. secs (0.u,0.s) (success)
Tactic call abstract-regression-quadratic ran for 1.939 secs (1.93u,0.008s) (success)
Tactic call close-abstract-regression-quadratic ran for 1.097 secs (1.089u,0.008s)
Params: n= 290
Tactic call ssr-rewrite!-regression-quadratic ran for 0.864 secs (0.856u,0.008s) (success)
Tactic call ssr-rewrite?-noop-regression-linear ran for 0. secs (0.u,0.s) (success)
Tactic call abstract-regression-quadratic ran for 1.951 secs (1.931u,0.02s) (success)
Tactic call close-abstract-regression-quadratic ran for 1.085 secs (1.073u,0.012s)
Params: n= 310
Tactic call ssr-rewrite!-regression-quadratic ran for 1.017 secs (1.017u,0.s) (success)
Tactic call ssr-rewrite?-noop-regression-linear ran for 0. secs (0.u,0.s) (success)
Tactic call abstract-regression-quadratic ran for 2.328 secs (2.328u,0.s) (success)
Tactic call close-abstract-regression-quadratic ran for 1.308 secs (1.308u,0.s)
Params: n= 320
Tactic call ssr-rewrite!-regression-quadratic ran for 1.12 secs (1.12u,0.s) (success)
Tactic call ssr-rewrite?-noop-regression-linear ran for 0. secs (0.u,0.s) (success)
Tactic call abstract-regression-quadratic ran for 2.47 secs (2.469u,0.s) (success)
Tactic call close-abstract-regression-quadratic ran for 1.347 secs (1.347u,0.s)
Params: n= 330
Tactic call ssr-rewrite!-regression-quadratic ran for 1.15 secs (1.15u,0.s) (success)
Tactic call ssr-rewrite?-noop-regression-linear ran for 0. secs (0.u,0.s) (success)
Tactic call abstract-regression-quadratic ran for 2.586 secs (2.585u,0.s) (success)
Tactic call close-abstract-regression-quadratic ran for 1.433 secs (1.433u,0.s)
Params: n= 340
Tactic call ssr-rewrite!-regression-quadratic ran for 1.295 secs (1.295u,0.s) (success)
Tactic call ssr-rewrite?-noop-regression-linear ran for 0. secs (0.u,0.s) (success)
Tactic call abstract-regression-quadratic ran for 2.813 secs (2.813u,0.s) (success)
Tactic call close-abstract-regression-quadratic ran for 1.516 secs (1.516u,0.s)
Params: n= 360
Tactic call ssr-rewrite!-regression-quadratic ran for 1.412 secs (1.396u,0.016s) (success)
Tactic call ssr-rewrite?-noop-regression-linear ran for 0. secs (0.u,0.s) (success)
Tactic call abstract-regression-quadratic ran for 3.106 secs (3.085u,0.02s) (success)
Tactic call close-abstract-regression-quadratic ran for 1.69 secs (1.686u,0.004s)
Params: n= 370
Tactic call ssr-rewrite!-regression-quadratic ran for 1.537 secs (1.532u,0.004s) (success)
Tactic call ssr-rewrite?-noop-regression-linear ran for 0. secs (0.u,0.s) (success)
Tactic call abstract-regression-quadratic ran for 3.287 secs (3.283u,0.004s) (success)
Tactic call close-abstract-regression-quadratic ran for 1.748 secs (1.748u,0.s)
Params: n= 380
Tactic call ssr-rewrite!-regression-quadratic ran for 1.517 secs (1.517u,0.s) (success)
Tactic call ssr-rewrite?-noop-regression-linear ran for 0. secs (0.u,0.s) (success)
Tactic call abstract-regression-quadratic ran for 3.335 secs (3.335u,0.s) (success)
Tactic call close-abstract-regression-quadratic ran for 1.815 secs (1.815u,0.s)
Params: n= 390
Tactic call ssr-rewrite!-regression-quadratic ran for 1.647 secs (1.647u,0.s) (success)
Tactic call ssr-rewrite?-noop-regression-linear ran for 0. secs (0.u,0.s) (success)
Tactic call abstract-regression-quadratic ran for 3.586 secs (3.585u,0.s) (success)
Tactic call close-abstract-regression-quadratic ran for 1.936 secs (1.936u,0.s)
