Params: n= 50
Tactic call ssr-rewrite!-regression-quadratic ran for 0.04 secs (0.02u,0.02s) (success)
Tactic call ssr-rewrite?-noop-regression-linear ran for 0. secs (0.u,0.s) (success)
Tactic call abstract-regression-quadratic ran for 0.135 secs (0.087u,0.047s) (success)
Tactic call close-abstract-regression-quadratic ran for 0.093 secs (0.066u,0.027s)
Params: n= 100
Tactic call ssr-rewrite!-regression-quadratic ran for 0.122 secs (0.122u,0.s) (success)
Tactic call ssr-rewrite?-noop-regression-linear ran for 0. secs (0.u,0.s) (success)
Tactic call abstract-regression-quadratic ran for 0.299 secs (0.299u,0.s) (success)
Tactic call close-abstract-regression-quadratic ran for 0.171 secs (0.171u,0.s)
Params: n= 150
Tactic call ssr-rewrite!-regression-quadratic ran for 0.295 secs (0.294u,0.s) (success)
Tactic call ssr-rewrite?-noop-regression-linear ran for 0. secs (0.u,0.s) (success)
Tactic call abstract-regression-quadratic ran for 0.681 secs (0.681u,0.s) (success)
Tactic call close-abstract-regression-quadratic ran for 0.386 secs (0.386u,0.s)
Params: n= 200
Tactic call ssr-rewrite!-regression-quadratic ran for 0.506 secs (0.501u,0.004s) (success)
Tactic call ssr-rewrite?-noop-regression-linear ran for 0. secs (0.u,0.s) (success)
Tactic call abstract-regression-quadratic ran for 1.136 secs (1.132u,0.004s) (success)
Tactic call close-abstract-regression-quadratic ran for 0.63 secs (0.629u,0.s)
Params: n= 250
Tactic call ssr-rewrite!-regression-quadratic ran for 0.762 secs (0.757u,0.004s) (success)
Tactic call ssr-rewrite?-noop-regression-linear ran for 0. secs (0.u,0.s) (success)
Tactic call abstract-regression-quadratic ran for 1.695 secs (1.686u,0.007s) (success)
Tactic call close-abstract-regression-quadratic ran for 0.932 secs (0.927u,0.003s)
Params: n= 300
Tactic call ssr-rewrite!-regression-quadratic ran for 1.128 secs (1.119u,0.007s) (success)
Tactic call ssr-rewrite?-noop-regression-linear ran for 0. secs (0.u,0.s) (success)
Tactic call abstract-regression-quadratic ran for 2.543 secs (2.522u,0.02s) (success)
Tactic call close-abstract-regression-quadratic ran for 1.413 secs (1.401u,0.012s)
Params: n= 350
Tactic call ssr-rewrite!-regression-quadratic ran for 1.504 secs (1.5u,0.004s) (success)
Tactic call ssr-rewrite?-noop-regression-linear ran for 0. secs (0.u,0.s) (success)
Tactic call abstract-regression-quadratic ran for 3.443 secs (3.438u,0.004s) (success)
Tactic call close-abstract-regression-quadratic ran for 1.937 secs (1.936u,0.s)
Params: n= 400
Tactic call ssr-rewrite!-regression-quadratic ran for 2.029 secs (2.025u,0.003s) (success)
Tactic call ssr-rewrite?-noop-regression-linear ran for 0. secs (0.u,0.s) (success)
Tactic call abstract-regression-quadratic ran for 4.467 secs (4.451u,0.016s) (success)
Tactic call close-abstract-regression-quadratic ran for 2.436 secs (2.424u,0.012s)
