Params: n= 50
Tactic call build-thunk-regression-linear ran for 0.009 secs (0.004u,0.004s) (success)
Tactic call eval-thunk-regression-linear ran for 0. secs (0.u,0.s) (success)
Tactic call build-eval-thunk-regression-linear ran for 0.009 secs (0.004u,0.004s) (success)
Tactic call build-I-regression-linear ran for 0. secs (0.u,0.s) (success)
Tactic call check-I-regression-linear ran for 0.001 secs (0.u,0.001s) (success)
Tactic call type-I-regression-linear ran for 0.001 secs (0.u,0.001s) (success)
Tactic call build-admit-regression-linear ran for 0.001 secs (0.001u,0.s) (success)
Tactic call check-admit-regression-quadratic ran for 0.001 secs (0.001u,0.s) (success)
Tactic call type-admit-regression-quadratic ran for 0.002 secs (0.002u,0.s) (success)
Tactic call build-admit-cast-regression-linear ran for 0. secs (0.u,0.s) (success)
Tactic call check-admit-cast-regression-quadratic ran for 0.002 secs (0.002u,0.s) (success)
Tactic call type-admit-cast-regression-quadratic ran for 0.001 secs (0.001u,0.s) (success)
Tactic call build-pf-cast-regression-linear ran for 0.001 secs (0.001u,0.s) (success)
Tactic call check-pf-cast-regression-quadratic ran for 0.001 secs (0.001u,0.s) (success)
Tactic call type-pf-cast-regression-quadratic ran for 0.001 secs (0.001u,0.s) (success)
Tactic call refine-regression-quadratic-regression-linear ran for 0.002 secs (0.u,0.002s) (success)
Tactic call fast_rewrite-regression-quadratic ran for 0.029 secs (0.019u,0.01s) (success)
Tactic call abstract-regression-quadratic ran for 0.033 secs (0.022u,0.011s) (success)
Tactic call close-abstract-regression-quadratic ran for 0.003 secs (0.003u,0.s)
Params: n= 100
Tactic call build-thunk-regression-linear ran for 0.065 secs (0.052u,0.012s) (success)
Tactic call eval-thunk-regression-linear ran for 0. secs (0.u,0.s) (success)
Tactic call build-eval-thunk-regression-linear ran for 0.065 secs (0.053u,0.012s) (success)
Tactic call build-I-regression-linear ran for 0.001 secs (0.001u,0.s) (success)
Tactic call check-I-regression-linear ran for 0.001 secs (0.001u,0.s) (success)
Tactic call type-I-regression-linear ran for 0.001 secs (0.001u,0.s) (success)
Tactic call build-admit-regression-linear ran for 0. secs (0.u,0.s) (success)
Tactic call check-admit-regression-quadratic ran for 0.003 secs (0.003u,0.s) (success)
Tactic call type-admit-regression-quadratic ran for 0.003 secs (0.003u,0.s) (success)
Tactic call build-admit-cast-regression-linear ran for 0. secs (0.u,0.s) (success)
Tactic call check-admit-cast-regression-quadratic ran for 0.003 secs (0.003u,0.s) (success)
Tactic call type-admit-cast-regression-quadratic ran for 0.003 secs (0.003u,0.s) (success)
Tactic call build-pf-cast-regression-linear ran for 0. secs (0.u,0.s) (success)
Tactic call check-pf-cast-regression-quadratic ran for 0.003 secs (0.003u,0.s) (success)
Tactic call type-pf-cast-regression-quadratic ran for 0.003 secs (0.003u,0.s) (success)
Tactic call refine-regression-quadratic-regression-linear ran for 0.003 secs (0.003u,0.s) (success)
Tactic call fast_rewrite-regression-quadratic ran for 0.096 secs (0.083u,0.012s) (success)
Tactic call abstract-regression-quadratic ran for 0.103 secs (0.09u,0.012s) (success)
Tactic call close-abstract-regression-quadratic ran for 0.006 secs (0.006u,0.s)
Params: n= 150
Tactic call build-thunk-regression-linear ran for 0.016 secs (0.016u,0.s) (success)
Tactic call eval-thunk-regression-linear ran for 0. secs (0.u,0.s) (success)
Tactic call build-eval-thunk-regression-linear ran for 0.017 secs (0.017u,0.s) (success)
Tactic call build-I-regression-linear ran for 0.001 secs (0.001u,0.s) (success)
Tactic call check-I-regression-linear ran for 0.002 secs (0.002u,0.s) (success)
Tactic call type-I-regression-linear ran for 0.002 secs (0.002u,0.s) (success)
Tactic call build-admit-regression-linear ran for 0.001 secs (0.001u,0.s) (success)
Tactic call check-admit-regression-quadratic ran for 0.005 secs (0.005u,0.s) (success)
Tactic call type-admit-regression-quadratic ran for 0.005 secs (0.005u,0.s) (success)
Tactic call build-admit-cast-regression-linear ran for 0.001 secs (0.001u,0.s) (success)
Tactic call check-admit-cast-regression-quadratic ran for 0.006 secs (0.006u,0.s) (success)
Tactic call type-admit-cast-regression-quadratic ran for 0.005 secs (0.005u,0.s) (success)
Tactic call build-pf-cast-regression-linear ran for 0.001 secs (0.001u,0.s) (success)
Tactic call check-pf-cast-regression-quadratic ran for 0.006 secs (0.006u,0.s) (success)
Tactic call type-pf-cast-regression-quadratic ran for 0.005 secs (0.005u,0.s) (success)
Tactic call refine-regression-quadratic-regression-linear ran for 0.006 secs (0.006u,0.s) (success)
Tactic call fast_rewrite-regression-quadratic ran for 0.068 secs (0.068u,0.s) (success)
Tactic call abstract-regression-quadratic ran for 0.081 secs (0.081u,0.s) (success)
Tactic call close-abstract-regression-quadratic ran for 0.012 secs (0.012u,0.s)
Params: n= 200
Tactic call build-thunk-regression-linear ran for 0.023 secs (0.022u,0.001s) (success)
Tactic call eval-thunk-regression-linear ran for 0. secs (0.u,0.s) (success)
Tactic call build-eval-thunk-regression-linear ran for 0.024 secs (0.022u,0.001s) (success)
Tactic call build-I-regression-linear ran for 0.001 secs (0.001u,0.s) (success)
Tactic call check-I-regression-linear ran for 0.003 secs (0.003u,0.s) (success)
Tactic call type-I-regression-linear ran for 0.003 secs (0.003u,0.s) (success)
Tactic call build-admit-regression-linear ran for 0.001 secs (0.001u,0.s) (success)
Tactic call check-admit-regression-quadratic ran for 0.008 secs (0.008u,0.s) (success)
Tactic call type-admit-regression-quadratic ran for 0.008 secs (0.008u,0.s) (success)
Tactic call build-admit-cast-regression-linear ran for 0.001 secs (0.001u,0.s) (success)
Tactic call check-admit-cast-regression-quadratic ran for 0.009 secs (0.009u,0.s) (success)
Tactic call type-admit-cast-regression-quadratic ran for 0.009 secs (0.009u,0.s) (success)
Tactic call build-pf-cast-regression-linear ran for 0.001 secs (0.001u,0.s) (success)
Tactic call check-pf-cast-regression-quadratic ran for 0.009 secs (0.009u,0.s) (success)
Tactic call type-pf-cast-regression-quadratic ran for 0.011 secs (0.011u,0.s) (success)
Tactic call refine-regression-quadratic-regression-linear ran for 0.009 secs (0.009u,0.s) (success)
Tactic call fast_rewrite-regression-quadratic ran for 0.105 secs (0.102u,0.002s) (success)
Tactic call abstract-regression-quadratic ran for 0.124 secs (0.121u,0.002s) (success)
Tactic call close-abstract-regression-quadratic ran for 0.019 secs (0.019u,0.s)
Params: n= 250
Tactic call build-thunk-regression-linear ran for 0.024 secs (0.024u,0.s) (success)
Tactic call eval-thunk-regression-linear ran for 0. secs (0.u,0.s) (success)
Tactic call build-eval-thunk-regression-linear ran for 0.024 secs (0.024u,0.s) (success)
Tactic call build-I-regression-linear ran for 0.002 secs (0.002u,0.s) (success)
Tactic call check-I-regression-linear ran for 0.01 secs (0.01u,0.s) (success)
Tactic call type-I-regression-linear ran for 0.004 secs (0.004u,0.s) (success)
Tactic call build-admit-regression-linear ran for 0.002 secs (0.002u,0.s) (success)
Tactic call check-admit-regression-quadratic ran for 0.012 secs (0.012u,0.s) (success)
Tactic call type-admit-regression-quadratic ran for 0.012 secs (0.012u,0.s) (success)
Tactic call build-admit-cast-regression-linear ran for 0.002 secs (0.002u,0.s) (success)
Tactic call check-admit-cast-regression-quadratic ran for 0.012 secs (0.012u,0.s) (success)
Tactic call type-admit-cast-regression-quadratic ran for 0.013 secs (0.013u,0.s) (success)
Tactic call build-pf-cast-regression-linear ran for 0.002 secs (0.002u,0.s) (success)
Tactic call check-pf-cast-regression-quadratic ran for 0.012 secs (0.012u,0.s) (success)
Tactic call type-pf-cast-regression-quadratic ran for 0.012 secs (0.012u,0.s) (success)
Tactic call refine-regression-quadratic-regression-linear ran for 0.016 secs (0.016u,0.s) (success)
Tactic call fast_rewrite-regression-quadratic ran for 0.142 secs (0.142u,0.s) (success)
Tactic call abstract-regression-quadratic ran for 0.169 secs (0.169u,0.s) (success)
Tactic call close-abstract-regression-quadratic ran for 0.027 secs (0.027u,0.s)
Params: n= 300
Tactic call build-thunk-regression-linear ran for 0.034 secs (0.034u,0.s) (success)
Tactic call eval-thunk-regression-linear ran for 0. secs (0.u,0.s) (success)
Tactic call build-eval-thunk-regression-linear ran for 0.034 secs (0.034u,0.s) (success)
Tactic call build-I-regression-linear ran for 0.003 secs (0.003u,0.s) (success)
Tactic call check-I-regression-linear ran for 0.005 secs (0.005u,0.s) (success)
Tactic call type-I-regression-linear ran for 0.005 secs (0.005u,0.s) (success)
Tactic call build-admit-regression-linear ran for 0.003 secs (0.003u,0.s) (success)
Tactic call check-admit-regression-quadratic ran for 0.017 secs (0.017u,0.s) (success)
Tactic call type-admit-regression-quadratic ran for 0.016 secs (0.016u,0.s) (success)
Tactic call build-admit-cast-regression-linear ran for 0.002 secs (0.002u,0.s) (success)
Tactic call check-admit-cast-regression-quadratic ran for 0.017 secs (0.017u,0.s) (success)
Tactic call type-admit-cast-regression-quadratic ran for 0.017 secs (0.017u,0.s) (success)
Tactic call build-pf-cast-regression-linear ran for 0.002 secs (0.002u,0.s) (success)
Tactic call check-pf-cast-regression-quadratic ran for 0.022 secs (0.022u,0.s) (success)
Tactic call type-pf-cast-regression-quadratic ran for 0.017 secs (0.017u,0.s) (success)
Tactic call refine-regression-quadratic-regression-linear ran for 0.017 secs (0.017u,0.s) (success)
Tactic call fast_rewrite-regression-quadratic ran for 0.184 secs (0.184u,0.s) (success)
Tactic call abstract-regression-quadratic ran for 0.222 secs (0.222u,0.s) (success)
Tactic call close-abstract-regression-quadratic ran for 0.036 secs (0.036u,0.s)
Params: n= 350
Tactic call build-thunk-regression-linear ran for 0.041 secs (0.041u,0.s) (success)
Tactic call eval-thunk-regression-linear ran for 0. secs (0.u,0.s) (success)
Tactic call build-eval-thunk-regression-linear ran for 0.042 secs (0.042u,0.s) (success)
Tactic call build-I-regression-linear ran for 0.003 secs (0.003u,0.s) (success)
Tactic call check-I-regression-linear ran for 0.006 secs (0.006u,0.s) (success)
Tactic call type-I-regression-linear ran for 0.005 secs (0.005u,0.s) (success)
Tactic call build-admit-regression-linear ran for 0.003 secs (0.003u,0.s) (success)
Tactic call check-admit-regression-quadratic ran for 0.027 secs (0.027u,0.s) (success)
Tactic call type-admit-regression-quadratic ran for 0.021 secs (0.021u,0.s) (success)
Tactic call build-admit-cast-regression-linear ran for 0.003 secs (0.003u,0.s) (success)
Tactic call check-admit-cast-regression-quadratic ran for 0.022 secs (0.022u,0.s) (success)
Tactic call type-admit-cast-regression-quadratic ran for 0.022 secs (0.022u,0.s) (success)
Tactic call build-pf-cast-regression-linear ran for 0.003 secs (0.003u,0.s) (success)
Tactic call check-pf-cast-regression-quadratic ran for 0.022 secs (0.022u,0.s) (success)
Tactic call type-pf-cast-regression-quadratic ran for 0.022 secs (0.022u,0.s) (success)
Tactic call refine-regression-quadratic-regression-linear ran for 0.031 secs (0.031u,0.s) (success)
Tactic call fast_rewrite-regression-quadratic ran for 0.239 secs (0.238u,0.s) (success)
Tactic call abstract-regression-quadratic ran for 0.287 secs (0.286u,0.s) (success)
Tactic call close-abstract-regression-quadratic ran for 0.047 secs (0.047u,0.s)
Params: n= 400
Tactic call build-thunk-regression-linear ran for 0.044 secs (0.044u,0.s) (success)
Tactic call eval-thunk-regression-linear ran for 0. secs (0.u,0.s) (success)
Tactic call build-eval-thunk-regression-linear ran for 0.044 secs (0.044u,0.s) (success)
Tactic call build-I-regression-linear ran for 0.003 secs (0.003u,0.s) (success)
Tactic call check-I-regression-linear ran for 0.006 secs (0.006u,0.s) (success)
Tactic call type-I-regression-linear ran for 0.006 secs (0.006u,0.s) (success)
Tactic call build-admit-regression-linear ran for 0.003 secs (0.003u,0.s) (success)
Tactic call check-admit-regression-quadratic ran for 0.042 secs (0.042u,0.s) (success)
Tactic call type-admit-regression-quadratic ran for 0.027 secs (0.027u,0.s) (success)
Tactic call build-admit-cast-regression-linear ran for 0.003 secs (0.003u,0.s) (success)
Tactic call check-admit-cast-regression-quadratic ran for 0.028 secs (0.028u,0.s) (success)
Tactic call type-admit-cast-regression-quadratic ran for 0.028 secs (0.028u,0.s) (success)
Tactic call build-pf-cast-regression-linear ran for 0.003 secs (0.003u,0.s) (success)
Tactic call check-pf-cast-regression-quadratic ran for 0.027 secs (0.027u,0.s) (success)
Tactic call type-pf-cast-regression-quadratic ran for 0.032 secs (0.029u,0.003s) (success)
Tactic call refine-regression-quadratic-regression-linear ran for 0.027 secs (0.027u,0.s) (success)
Tactic call fast_rewrite-regression-quadratic ran for 0.289 secs (0.286u,0.003s) (success)
Tactic call abstract-regression-quadratic ran for 0.349 secs (0.346u,0.003s) (success)
Tactic call close-abstract-regression-quadratic ran for 0.059 secs (0.059u,0.s)
