Params: n= 10
Tactic call noop-repeat-setoid_rewrite-regression-cubic ran for 0.007 secs (0.007u,0.s) (success)
Tactic call noop-repeat-rewrite_strat-topdown-regression-cubic ran for 0.006 secs (0.006u,0.s) (success)
Tactic call noop-repeat-rewrite_strat-bottomup-regression-cubic ran for 0.006 secs (0.002u,0.004s) (success)
Params: n= 20
Tactic call noop-repeat-setoid_rewrite-regression-cubic ran for 0.021 secs (0.014u,0.007s) (success)
Tactic call noop-repeat-rewrite_strat-topdown-regression-cubic ran for 0.065 secs (0.057u,0.008s) (success)
Tactic call noop-repeat-rewrite_strat-bottomup-regression-cubic ran for 0.021 secs (0.021u,0.s) (success)
Params: n= 30
Tactic call noop-repeat-setoid_rewrite-regression-cubic ran for 0.041 secs (0.041u,0.s) (success)
Tactic call noop-repeat-rewrite_strat-topdown-regression-cubic ran for 0.038 secs (0.037u,0.s) (success)
Tactic call noop-repeat-rewrite_strat-bottomup-regression-cubic ran for 0.035 secs (0.035u,0.s) (success)
Params: n= 40
Tactic call noop-repeat-setoid_rewrite-regression-cubic ran for 0.075 secs (0.075u,0.s) (success)
Tactic call noop-repeat-rewrite_strat-topdown-regression-cubic ran for 0.069 secs (0.069u,0.s) (success)
Tactic call noop-repeat-rewrite_strat-bottomup-regression-cubic ran for 0.069 secs (0.069u,0.s) (success)
Params: n= 60
Tactic call noop-repeat-setoid_rewrite-regression-cubic ran for 0.198 secs (0.198u,0.s) (success)
Tactic call noop-repeat-rewrite_strat-topdown-regression-cubic ran for 0.204 secs (0.204u,0.s) (success)
Tactic call noop-repeat-rewrite_strat-bottomup-regression-cubic ran for 0.196 secs (0.196u,0.s) (success)
Params: n= 70
Tactic call noop-repeat-setoid_rewrite-regression-cubic ran for 0.348 secs (0.348u,0.s) (success)
Tactic call noop-repeat-rewrite_strat-topdown-regression-cubic ran for 0.363 secs (0.363u,0.s) (success)
Tactic call noop-repeat-rewrite_strat-bottomup-regression-cubic ran for 0.324 secs (0.324u,0.s) (success)
Params: n= 80
Tactic call noop-repeat-setoid_rewrite-regression-cubic ran for 0.454 secs (0.453u,0.s) (success)
Tactic call noop-repeat-rewrite_strat-topdown-regression-cubic ran for 0.503 secs (0.502u,0.s) (success)
Tactic call noop-repeat-rewrite_strat-bottomup-regression-cubic ran for 0.497 secs (0.497u,0.s) (success)
Params: n= 90
Tactic call noop-repeat-setoid_rewrite-regression-cubic ran for 0.624 secs (0.624u,0.s) (success)
Tactic call noop-repeat-rewrite_strat-topdown-regression-cubic ran for 0.632 secs (0.632u,0.s) (success)
Tactic call noop-repeat-rewrite_strat-bottomup-regression-cubic ran for 0.611 secs (0.611u,0.s) (success)
Params: n= 110
Tactic call noop-repeat-setoid_rewrite-regression-cubic ran for 1.144 secs (1.143u,0.s) (success)
Tactic call noop-repeat-rewrite_strat-topdown-regression-cubic ran for 1.129 secs (1.129u,0.s) (success)
Tactic call noop-repeat-rewrite_strat-bottomup-regression-cubic ran for 1.124 secs (1.123u,0.s) (success)
Params: n= 120
Tactic call noop-repeat-setoid_rewrite-regression-cubic ran for 1.439 secs (1.439u,0.s) (success)
Tactic call noop-repeat-rewrite_strat-topdown-regression-cubic ran for 1.513 secs (1.513u,0.s) (success)
Tactic call noop-repeat-rewrite_strat-bottomup-regression-cubic ran for 1.421 secs (1.419u,0.s) (success)
Params: n= 130
Tactic call noop-repeat-setoid_rewrite-regression-cubic ran for 1.794 secs (1.793u,0.s) (success)
Tactic call noop-repeat-rewrite_strat-topdown-regression-cubic ran for 1.806 secs (1.806u,0.s) (success)
Tactic call noop-repeat-rewrite_strat-bottomup-regression-cubic ran for 1.809 secs (1.8u,0.007s) (success)
Params: n= 140
Tactic call noop-repeat-setoid_rewrite-regression-cubic ran for 2.288 secs (2.288u,0.s) (success)
Tactic call noop-repeat-rewrite_strat-topdown-regression-cubic ran for 2.356 secs (2.355u,0.s) (success)
Tactic call noop-repeat-rewrite_strat-bottomup-regression-cubic ran for 2.35 secs (2.346u,0.003s) (success)
Params: n= 160
Tactic call noop-repeat-setoid_rewrite-regression-cubic ran for 3.622 secs (3.62u,0.s) (success)
Tactic call noop-repeat-rewrite_strat-topdown-regression-cubic ran for 3.672 secs (3.671u,0.s) (success)
Tactic call noop-repeat-rewrite_strat-bottomup-regression-cubic ran for 3.608 secs (3.603u,0.004s) (success)
Params: n= 170
Tactic call noop-repeat-setoid_rewrite-regression-cubic ran for 4.397 secs (4.396u,0.s) (success)
Tactic call noop-repeat-rewrite_strat-topdown-regression-cubic ran for 4.325 secs (4.324u,0.s) (success)
Tactic call noop-repeat-rewrite_strat-bottomup-regression-cubic ran for 4.369 secs (4.368u,0.s) (success)
Params: n= 180
Tactic call noop-repeat-setoid_rewrite-regression-cubic ran for 5.139 secs (5.138u,0.s) (success)
Tactic call noop-repeat-rewrite_strat-topdown-regression-cubic ran for 5.211 secs (5.21u,0.s) (success)
Tactic call noop-repeat-rewrite_strat-bottomup-regression-cubic ran for 5.359 secs (5.358u,0.s) (success)
Params: n= 190
Tactic call noop-repeat-setoid_rewrite-regression-cubic ran for 6.301 secs (6.3u,0.s) (success)
Tactic call noop-repeat-rewrite_strat-topdown-regression-cubic ran for 6.174 secs (6.169u,0.003s) (success)
Tactic call noop-repeat-rewrite_strat-bottomup-regression-cubic ran for 6.129 secs (6.128u,0.s) (success)
