Params: n= 4
Tactic call refine-regression-quadratic-regression-linear ran for 0. secs (0.u,0.s) (success)
Tactic call pose-build-and-refine-regression-cubic ran for 0. secs (0.u,0.s) (success)
Tactic call fast_rewrite-regression-cubic ran for 0. secs (0.u,0.s) (success)
Params: n= 5
Tactic call refine-regression-quadratic-regression-linear ran for 0. secs (0.u,0.s) (success)
Tactic call pose-build-and-refine-regression-cubic ran for 0. secs (0.u,0.s) (success)
Tactic call fast_rewrite-regression-cubic ran for 0. secs (0.u,0.s) (success)
Params: n= 6
Tactic call refine-regression-quadratic-regression-linear ran for 0. secs (0.u,0.s) (success)
Tactic call pose-build-and-refine-regression-cubic ran for 0. secs (0.u,0.s) (success)
Tactic call fast_rewrite-regression-cubic ran for 0. secs (0.u,0.s) (success)
Params: n= 7
Tactic call refine-regression-quadratic-regression-linear ran for 0. secs (0.u,0.s) (success)
Tactic call pose-build-and-refine-regression-cubic ran for 0.001 secs (0.001u,0.s) (success)
Tactic call fast_rewrite-regression-cubic ran for 0.001 secs (0.001u,0.s) (success)
Params: n= 8
Tactic call refine-regression-quadratic-regression-linear ran for 0. secs (0.u,0.s) (success)
Tactic call pose-build-and-refine-regression-cubic ran for 0.001 secs (0.001u,0.s) (success)
Tactic call fast_rewrite-regression-cubic ran for 0.001 secs (0.001u,0.s) (success)
Params: n= 9
Tactic call refine-regression-quadratic-regression-linear ran for 0. secs (0.u,0.s) (success)
Tactic call pose-build-and-refine-regression-cubic ran for 0.001 secs (0.001u,0.s) (success)
Tactic call fast_rewrite-regression-cubic ran for 0.001 secs (0.001u,0.s) (success)
Params: n= 10
Tactic call refine-regression-quadratic-regression-linear ran for 0. secs (0.u,0.s) (success)
Tactic call pose-build-and-refine-regression-cubic ran for 0.001 secs (0.001u,0.s) (success)
Tactic call fast_rewrite-regression-cubic ran for 0.001 secs (0.001u,0.s) (success)
Params: n= 11
Tactic call refine-regression-quadratic-regression-linear ran for 0. secs (0.u,0.s) (success)
Tactic call pose-build-and-refine-regression-cubic ran for 0.001 secs (0.001u,0.s) (success)
Tactic call fast_rewrite-regression-cubic ran for 0.001 secs (0.001u,0.s) (success)
Params: n= 12
Tactic call refine-regression-quadratic-regression-linear ran for 0. secs (0.u,0.s) (success)
Tactic call pose-build-and-refine-regression-cubic ran for 0.001 secs (0.001u,0.s) (success)
Tactic call fast_rewrite-regression-cubic ran for 0.001 secs (0.001u,0.s) (success)
Params: n= 13
Tactic call refine-regression-quadratic-regression-linear ran for 0. secs (0.u,0.s) (success)
Tactic call pose-build-and-refine-regression-cubic ran for 0.001 secs (0.001u,0.s) (success)
Tactic call fast_rewrite-regression-cubic ran for 0.001 secs (0.001u,0.s) (success)
Params: n= 14
Tactic call refine-regression-quadratic-regression-linear ran for 0. secs (0.u,0.s) (success)
Tactic call pose-build-and-refine-regression-cubic ran for 0.001 secs (0.001u,0.s) (success)
Tactic call fast_rewrite-regression-cubic ran for 0.001 secs (0.001u,0.s) (success)
Params: n= 15
Tactic call refine-regression-quadratic-regression-linear ran for 0. secs (0.u,0.s) (success)
Tactic call pose-build-and-refine-regression-cubic ran for 0.002 secs (0.002u,0.s) (success)
Tactic call fast_rewrite-regression-cubic ran for 0.002 secs (0.002u,0.s) (success)
Params: n= 16
Tactic call refine-regression-quadratic-regression-linear ran for 0. secs (0.u,0.s) (success)
Tactic call pose-build-and-refine-regression-cubic ran for 0.002 secs (0.002u,0.s) (success)
Tactic call fast_rewrite-regression-cubic ran for 0.002 secs (0.002u,0.s) (success)
Params: n= 17
Tactic call refine-regression-quadratic-regression-linear ran for 0. secs (0.u,0.s) (success)
Tactic call pose-build-and-refine-regression-cubic ran for 0.002 secs (0.002u,0.s) (success)
Tactic call fast_rewrite-regression-cubic ran for 0.002 secs (0.002u,0.s) (success)
Params: n= 18
Tactic call refine-regression-quadratic-regression-linear ran for 0. secs (0.u,0.s) (success)
Tactic call pose-build-and-refine-regression-cubic ran for 0.002 secs (0.002u,0.s) (success)
Tactic call fast_rewrite-regression-cubic ran for 0.002 secs (0.002u,0.s) (success)
Params: n= 19
Tactic call refine-regression-quadratic-regression-linear ran for 0. secs (0.u,0.s) (success)
Tactic call pose-build-and-refine-regression-cubic ran for 0.002 secs (0.002u,0.s) (success)
Tactic call fast_rewrite-regression-cubic ran for 0.002 secs (0.002u,0.s) (success)
Params: n= 20
Tactic call refine-regression-quadratic-regression-linear ran for 0. secs (0.u,0.s) (success)
Tactic call pose-build-and-refine-regression-cubic ran for 0.002 secs (0.002u,0.s) (success)
Tactic call fast_rewrite-regression-cubic ran for 0.002 secs (0.002u,0.s) (success)
Params: n= 21
Tactic call refine-regression-quadratic-regression-linear ran for 0. secs (0.u,0.s) (success)
Tactic call pose-build-and-refine-regression-cubic ran for 0.002 secs (0.002u,0.s) (success)
Tactic call fast_rewrite-regression-cubic ran for 0.002 secs (0.002u,0.s) (success)
Params: n= 22
Tactic call refine-regression-quadratic-regression-linear ran for 0. secs (0.u,0.s) (success)
Tactic call pose-build-and-refine-regression-cubic ran for 0.003 secs (0.003u,0.s) (success)
Tactic call fast_rewrite-regression-cubic ran for 0.003 secs (0.003u,0.s) (success)
Params: n= 23
Tactic call refine-regression-quadratic-regression-linear ran for 0. secs (0.u,0.s) (success)
Tactic call pose-build-and-refine-regression-cubic ran for 0.003 secs (0.003u,0.s) (success)
Tactic call fast_rewrite-regression-cubic ran for 0.003 secs (0.003u,0.s) (success)
Params: n= 24
Tactic call refine-regression-quadratic-regression-linear ran for 0. secs (0.u,0.s) (success)
Tactic call pose-build-and-refine-regression-cubic ran for 0.015 secs (0.015u,0.s) (success)
Tactic call fast_rewrite-regression-cubic ran for 0.015 secs (0.015u,0.s) (success)
Params: n= 25
Tactic call refine-regression-quadratic-regression-linear ran for 0. secs (0.u,0.s) (success)
Tactic call pose-build-and-refine-regression-cubic ran for 0.003 secs (0.003u,0.s) (success)
Tactic call fast_rewrite-regression-cubic ran for 0.003 secs (0.003u,0.s) (success)
Params: n= 26
Tactic call refine-regression-quadratic-regression-linear ran for 0. secs (0.u,0.s) (success)
Tactic call pose-build-and-refine-regression-cubic ran for 0.003 secs (0.003u,0.s) (success)
Tactic call fast_rewrite-regression-cubic ran for 0.003 secs (0.003u,0.s) (success)
Params: n= 27
Tactic call refine-regression-quadratic-regression-linear ran for 0. secs (0.u,0.s) (success)
Tactic call pose-build-and-refine-regression-cubic ran for 0.003 secs (0.003u,0.s) (success)
Tactic call fast_rewrite-regression-cubic ran for 0.003 secs (0.003u,0.s) (success)
Params: n= 28
Tactic call refine-regression-quadratic-regression-linear ran for 0. secs (0.u,0.s) (success)
Tactic call pose-build-and-refine-regression-cubic ran for 0.003 secs (0.003u,0.s) (success)
Tactic call fast_rewrite-regression-cubic ran for 0.003 secs (0.003u,0.s) (success)
Params: n= 29
Tactic call refine-regression-quadratic-regression-linear ran for 0. secs (0.u,0.s) (success)
Tactic call pose-build-and-refine-regression-cubic ran for 0.004 secs (0.004u,0.s) (success)
Tactic call fast_rewrite-regression-cubic ran for 0.004 secs (0.004u,0.s) (success)
Params: n= 30
Tactic call refine-regression-quadratic-regression-linear ran for 0. secs (0.u,0.s) (success)
Tactic call pose-build-and-refine-regression-cubic ran for 0.004 secs (0.004u,0.s) (success)
Tactic call fast_rewrite-regression-cubic ran for 0.004 secs (0.004u,0.s) (success)
Params: n= 31
Tactic call refine-regression-quadratic-regression-linear ran for 0. secs (0.u,0.s) (success)
Tactic call pose-build-and-refine-regression-cubic ran for 0.004 secs (0.004u,0.s) (success)
Tactic call fast_rewrite-regression-cubic ran for 0.004 secs (0.004u,0.s) (success)
Params: n= 32
Tactic call refine-regression-quadratic-regression-linear ran for 0. secs (0.u,0.s) (success)
Tactic call pose-build-and-refine-regression-cubic ran for 0.004 secs (0.004u,0.s) (success)
Tactic call fast_rewrite-regression-cubic ran for 0.004 secs (0.004u,0.s) (success)
Params: n= 33
Tactic call refine-regression-quadratic-regression-linear ran for 0. secs (0.u,0.s) (success)
Tactic call pose-build-and-refine-regression-cubic ran for 0.004 secs (0.004u,0.s) (success)
Tactic call fast_rewrite-regression-cubic ran for 0.004 secs (0.004u,0.s) (success)
Params: n= 34
Tactic call refine-regression-quadratic-regression-linear ran for 0. secs (0.u,0.s) (success)
Tactic call pose-build-and-refine-regression-cubic ran for 0.004 secs (0.004u,0.s) (success)
Tactic call fast_rewrite-regression-cubic ran for 0.004 secs (0.004u,0.s) (success)
Params: n= 35
Tactic call refine-regression-quadratic-regression-linear ran for 0. secs (0.u,0.s) (success)
Tactic call pose-build-and-refine-regression-cubic ran for 0.005 secs (0.005u,0.s) (success)
Tactic call fast_rewrite-regression-cubic ran for 0.005 secs (0.005u,0.s) (success)
Params: n= 36
Tactic call refine-regression-quadratic-regression-linear ran for 0. secs (0.u,0.s) (success)
Tactic call pose-build-and-refine-regression-cubic ran for 0.005 secs (0.005u,0.s) (success)
Tactic call fast_rewrite-regression-cubic ran for 0.005 secs (0.005u,0.s) (success)
Params: n= 37
Tactic call refine-regression-quadratic-regression-linear ran for 0.018 secs (0.018u,0.s) (success)
Tactic call pose-build-and-refine-regression-cubic ran for 0.023 secs (0.023u,0.s) (success)
Tactic call fast_rewrite-regression-cubic ran for 0.023 secs (0.023u,0.s) (success)
Params: n= 38
Tactic call refine-regression-quadratic-regression-linear ran for 0. secs (0.u,0.s) (success)
Tactic call pose-build-and-refine-regression-cubic ran for 0.005 secs (0.005u,0.s) (success)
Tactic call fast_rewrite-regression-cubic ran for 0.005 secs (0.005u,0.s) (success)
Params: n= 39
Tactic call refine-regression-quadratic-regression-linear ran for 0. secs (0.u,0.s) (success)
Tactic call pose-build-and-refine-regression-cubic ran for 0.005 secs (0.005u,0.s) (success)
Tactic call fast_rewrite-regression-cubic ran for 0.005 secs (0.005u,0.s) (success)
Params: n= 40
Tactic call refine-regression-quadratic-regression-linear ran for 0. secs (0.u,0.s) (success)
Tactic call pose-build-and-refine-regression-cubic ran for 0.005 secs (0.005u,0.s) (success)
Tactic call fast_rewrite-regression-cubic ran for 0.005 secs (0.005u,0.s) (success)
Params: n= 41
Tactic call refine-regression-quadratic-regression-linear ran for 0. secs (0.u,0.s) (success)
Tactic call pose-build-and-refine-regression-cubic ran for 0.006 secs (0.006u,0.s) (success)
Tactic call fast_rewrite-regression-cubic ran for 0.006 secs (0.006u,0.s) (success)
Params: n= 42
Tactic call refine-regression-quadratic-regression-linear ran for 0. secs (0.u,0.s) (success)
Tactic call pose-build-and-refine-regression-cubic ran for 0.006 secs (0.006u,0.s) (success)
Tactic call fast_rewrite-regression-cubic ran for 0.006 secs (0.006u,0.s) (success)
Params: n= 43
Tactic call refine-regression-quadratic-regression-linear ran for 0. secs (0.u,0.s) (success)
Tactic call pose-build-and-refine-regression-cubic ran for 0.006 secs (0.006u,0.s) (success)
Tactic call fast_rewrite-regression-cubic ran for 0.006 secs (0.006u,0.s) (success)
Params: n= 44
Tactic call refine-regression-quadratic-regression-linear ran for 0. secs (0.u,0.s) (success)
Tactic call pose-build-and-refine-regression-cubic ran for 0.006 secs (0.006u,0.s) (success)
Tactic call fast_rewrite-regression-cubic ran for 0.006 secs (0.006u,0.s) (success)
Params: n= 45
Tactic call refine-regression-quadratic-regression-linear ran for 0. secs (0.u,0.s) (success)
Tactic call pose-build-and-refine-regression-cubic ran for 0.006 secs (0.006u,0.s) (success)
Tactic call fast_rewrite-regression-cubic ran for 0.006 secs (0.006u,0.s) (success)
Params: n= 46
Tactic call refine-regression-quadratic-regression-linear ran for 0. secs (0.u,0.s) (success)
Tactic call pose-build-and-refine-regression-cubic ran for 0.007 secs (0.007u,0.s) (success)
Tactic call fast_rewrite-regression-cubic ran for 0.007 secs (0.007u,0.s) (success)
Params: n= 47
Tactic call refine-regression-quadratic-regression-linear ran for 0. secs (0.u,0.s) (success)
Tactic call pose-build-and-refine-regression-cubic ran for 0.008 secs (0.008u,0.s) (success)
Tactic call fast_rewrite-regression-cubic ran for 0.008 secs (0.008u,0.s) (success)
Params: n= 48
Tactic call refine-regression-quadratic-regression-linear ran for 0.001 secs (0.001u,0.s) (success)
Tactic call pose-build-and-refine-regression-cubic ran for 0.007 secs (0.007u,0.s) (success)
Tactic call fast_rewrite-regression-cubic ran for 0.007 secs (0.007u,0.s) (success)
Params: n= 49
Tactic call refine-regression-quadratic-regression-linear ran for 0. secs (0.u,0.s) (success)
Tactic call pose-build-and-refine-regression-cubic ran for 0.008 secs (0.008u,0.s) (success)
Tactic call fast_rewrite-regression-cubic ran for 0.008 secs (0.008u,0.s) (success)
Params: n= 51
Tactic call refine-regression-quadratic-regression-linear ran for 0. secs (0.u,0.s) (success)
Tactic call pose-build-and-refine-regression-cubic ran for 0.007 secs (0.007u,0.s) (success)
Tactic call fast_rewrite-regression-cubic ran for 0.007 secs (0.007u,0.s) (success)
Params: n= 52
Tactic call refine-regression-quadratic-regression-linear ran for 0. secs (0.u,0.s) (success)
Tactic call pose-build-and-refine-regression-cubic ran for 0.008 secs (0.008u,0.s) (success)
Tactic call fast_rewrite-regression-cubic ran for 0.008 secs (0.008u,0.s) (success)
Params: n= 53
Tactic call refine-regression-quadratic-regression-linear ran for 0. secs (0.u,0.s) (success)
Tactic call pose-build-and-refine-regression-cubic ran for 0.008 secs (0.008u,0.s) (success)
Tactic call fast_rewrite-regression-cubic ran for 0.008 secs (0.008u,0.s) (success)
Params: n= 54
Tactic call refine-regression-quadratic-regression-linear ran for 0. secs (0.u,0.s) (success)
Tactic call pose-build-and-refine-regression-cubic ran for 0.008 secs (0.008u,0.s) (success)
Tactic call fast_rewrite-regression-cubic ran for 0.008 secs (0.008u,0.s) (success)
Params: n= 55
Tactic call refine-regression-quadratic-regression-linear ran for 0. secs (0.u,0.s) (success)
Tactic call pose-build-and-refine-regression-cubic ran for 0.01 secs (0.01u,0.s) (success)
Tactic call fast_rewrite-regression-cubic ran for 0.01 secs (0.01u,0.s) (success)
Params: n= 56
Tactic call refine-regression-quadratic-regression-linear ran for 0. secs (0.u,0.s) (success)
Tactic call pose-build-and-refine-regression-cubic ran for 0.012 secs (0.012u,0.s) (success)
Tactic call fast_rewrite-regression-cubic ran for 0.012 secs (0.012u,0.s) (success)
Params: n= 57
Tactic call refine-regression-quadratic-regression-linear ran for 0. secs (0.u,0.s) (success)
Tactic call pose-build-and-refine-regression-cubic ran for 0.008 secs (0.008u,0.s) (success)
Tactic call fast_rewrite-regression-cubic ran for 0.008 secs (0.008u,0.s) (success)
Params: n= 58
Tactic call refine-regression-quadratic-regression-linear ran for 0. secs (0.u,0.s) (success)
Tactic call pose-build-and-refine-regression-cubic ran for 0.009 secs (0.009u,0.s) (success)
Tactic call fast_rewrite-regression-cubic ran for 0.009 secs (0.009u,0.s) (success)
Params: n= 59
Tactic call refine-regression-quadratic-regression-linear ran for 0. secs (0.u,0.s) (success)
Tactic call pose-build-and-refine-regression-cubic ran for 0.008 secs (0.008u,0.s) (success)
Tactic call fast_rewrite-regression-cubic ran for 0.008 secs (0.008u,0.s) (success)
Params: n= 60
Tactic call refine-regression-quadratic-regression-linear ran for 0. secs (0.u,0.s) (success)
Tactic call pose-build-and-refine-regression-cubic ran for 0.009 secs (0.009u,0.s) (success)
Tactic call fast_rewrite-regression-cubic ran for 0.009 secs (0.009u,0.s) (success)
Params: n= 61
Tactic call refine-regression-quadratic-regression-linear ran for 0. secs (0.u,0.s) (success)
Tactic call pose-build-and-refine-regression-cubic ran for 0.009 secs (0.009u,0.s) (success)
Tactic call fast_rewrite-regression-cubic ran for 0.009 secs (0.009u,0.s) (success)
Params: n= 62
Tactic call refine-regression-quadratic-regression-linear ran for 0. secs (0.u,0.s) (success)
Tactic call pose-build-and-refine-regression-cubic ran for 0.009 secs (0.009u,0.s) (success)
Tactic call fast_rewrite-regression-cubic ran for 0.009 secs (0.009u,0.s) (success)
Params: n= 63
Tactic call refine-regression-quadratic-regression-linear ran for 0. secs (0.u,0.s) (success)
Tactic call pose-build-and-refine-regression-cubic ran for 0.011 secs (0.011u,0.s) (success)
Tactic call fast_rewrite-regression-cubic ran for 0.011 secs (0.011u,0.s) (success)
Params: n= 64
Tactic call refine-regression-quadratic-regression-linear ran for 0. secs (0.u,0.s) (success)
Tactic call pose-build-and-refine-regression-cubic ran for 0.01 secs (0.01u,0.s) (success)
Tactic call fast_rewrite-regression-cubic ran for 0.01 secs (0.01u,0.s) (success)
Params: n= 65
Tactic call refine-regression-quadratic-regression-linear ran for 0. secs (0.u,0.s) (success)
Tactic call pose-build-and-refine-regression-cubic ran for 0.014 secs (0.014u,0.s) (success)
Tactic call fast_rewrite-regression-cubic ran for 0.014 secs (0.014u,0.s) (success)
Params: n= 66
Tactic call refine-regression-quadratic-regression-linear ran for 0.001 secs (0.001u,0.s) (success)
Tactic call pose-build-and-refine-regression-cubic ran for 0.011 secs (0.011u,0.s) (success)
Tactic call fast_rewrite-regression-cubic ran for 0.011 secs (0.011u,0.s) (success)
Params: n= 67
Tactic call refine-regression-quadratic-regression-linear ran for 0.001 secs (0.001u,0.s) (success)
Tactic call pose-build-and-refine-regression-cubic ran for 0.012 secs (0.012u,0.s) (success)
Tactic call fast_rewrite-regression-cubic ran for 0.012 secs (0.012u,0.s) (success)
Params: n= 68
Tactic call refine-regression-quadratic-regression-linear ran for 0.001 secs (0.u,0.s) (success)
Tactic call pose-build-and-refine-regression-cubic ran for 0.013 secs (0.008u,0.s) (success)
Tactic call fast_rewrite-regression-cubic ran for 0.013 secs (0.008u,0.s) (success)
Params: n= 69
Tactic call refine-regression-quadratic-regression-linear ran for 0. secs (0.u,0.s) (success)
Tactic call pose-build-and-refine-regression-cubic ran for 0.014 secs (0.019u,0.s) (success)
Tactic call fast_rewrite-regression-cubic ran for 0.014 secs (0.019u,0.s) (success)
Params: n= 70
Tactic call refine-regression-quadratic-regression-linear ran for 0. secs (0.u,0.s) (success)
Tactic call pose-build-and-refine-regression-cubic ran for 0.011 secs (0.011u,0.s) (success)
Tactic call fast_rewrite-regression-cubic ran for 0.011 secs (0.011u,0.s) (success)
Params: n= 71
Tactic call refine-regression-quadratic-regression-linear ran for 0. secs (0.u,0.s) (success)
Tactic call pose-build-and-refine-regression-cubic ran for 0.011 secs (0.011u,0.s) (success)
Tactic call fast_rewrite-regression-cubic ran for 0.011 secs (0.011u,0.s) (success)
Params: n= 72
Tactic call refine-regression-quadratic-regression-linear ran for 0. secs (0.u,0.s) (success)
Tactic call pose-build-and-refine-regression-cubic ran for 0.011 secs (0.011u,0.s) (success)
Tactic call fast_rewrite-regression-cubic ran for 0.011 secs (0.011u,0.s) (success)
Params: n= 73
Tactic call refine-regression-quadratic-regression-linear ran for 0. secs (0.u,0.s) (success)
Tactic call pose-build-and-refine-regression-cubic ran for 0.011 secs (0.011u,0.s) (success)
Tactic call fast_rewrite-regression-cubic ran for 0.011 secs (0.011u,0.s) (success)
Params: n= 74
Tactic call refine-regression-quadratic-regression-linear ran for 0. secs (0.u,0.s) (success)
Tactic call pose-build-and-refine-regression-cubic ran for 0.013 secs (0.013u,0.s) (success)
Tactic call fast_rewrite-regression-cubic ran for 0.014 secs (0.014u,0.s) (success)
Params: n= 75
Tactic call refine-regression-quadratic-regression-linear ran for 0. secs (0.u,0.s) (success)
Tactic call pose-build-and-refine-regression-cubic ran for 0.012 secs (0.012u,0.s) (success)
Tactic call fast_rewrite-regression-cubic ran for 0.012 secs (0.012u,0.s) (success)
Params: n= 76
Tactic call refine-regression-quadratic-regression-linear ran for 0. secs (0.u,0.s) (success)
Tactic call pose-build-and-refine-regression-cubic ran for 0.012 secs (0.012u,0.s) (success)
Tactic call fast_rewrite-regression-cubic ran for 0.012 secs (0.012u,0.s) (success)
Params: n= 77
Tactic call refine-regression-quadratic-regression-linear ran for 0. secs (0.u,0.s) (success)
Tactic call pose-build-and-refine-regression-cubic ran for 0.012 secs (0.012u,0.s) (success)
Tactic call fast_rewrite-regression-cubic ran for 0.012 secs (0.012u,0.s) (success)
Params: n= 78
Tactic call refine-regression-quadratic-regression-linear ran for 0. secs (0.u,0.s) (success)
Tactic call pose-build-and-refine-regression-cubic ran for 0.012 secs (0.012u,0.s) (success)
Tactic call fast_rewrite-regression-cubic ran for 0.012 secs (0.012u,0.s) (success)
Params: n= 79
Tactic call refine-regression-quadratic-regression-linear ran for 0. secs (0.u,0.s) (success)
Tactic call pose-build-and-refine-regression-cubic ran for 0.017 secs (0.017u,0.s) (success)
Tactic call fast_rewrite-regression-cubic ran for 0.017 secs (0.017u,0.s) (success)
Params: n= 80
Tactic call refine-regression-quadratic-regression-linear ran for 0. secs (0.u,0.s) (success)
Tactic call pose-build-and-refine-regression-cubic ran for 0.013 secs (0.013u,0.s) (success)
Tactic call fast_rewrite-regression-cubic ran for 0.013 secs (0.013u,0.s) (success)
Params: n= 81
Tactic call refine-regression-quadratic-regression-linear ran for 0.001 secs (0.001u,0.s) (success)
Tactic call pose-build-and-refine-regression-cubic ran for 0.013 secs (0.013u,0.s) (success)
Tactic call fast_rewrite-regression-cubic ran for 0.013 secs (0.013u,0.s) (success)
Params: n= 82
Tactic call refine-regression-quadratic-regression-linear ran for 0. secs (0.u,0.s) (success)
Tactic call pose-build-and-refine-regression-cubic ran for 0.013 secs (0.013u,0.s) (success)
Tactic call fast_rewrite-regression-cubic ran for 0.013 secs (0.013u,0.s) (success)
Params: n= 83
Tactic call refine-regression-quadratic-regression-linear ran for 0. secs (0.u,0.s) (success)
Tactic call pose-build-and-refine-regression-cubic ran for 0.013 secs (0.013u,0.s) (success)
Tactic call fast_rewrite-regression-cubic ran for 0.013 secs (0.013u,0.s) (success)
Params: n= 84
Tactic call refine-regression-quadratic-regression-linear ran for 0. secs (0.u,0.s) (success)
Tactic call pose-build-and-refine-regression-cubic ran for 0.016 secs (0.016u,0.s) (success)
Tactic call fast_rewrite-regression-cubic ran for 0.016 secs (0.016u,0.s) (success)
Params: n= 85
Tactic call refine-regression-quadratic-regression-linear ran for 0.001 secs (0.001u,0.s) (success)
Tactic call pose-build-and-refine-regression-cubic ran for 0.014 secs (0.014u,0.s) (success)
Tactic call fast_rewrite-regression-cubic ran for 0.014 secs (0.014u,0.s) (success)
Params: n= 86
Tactic call refine-regression-quadratic-regression-linear ran for 0.001 secs (0.001u,0.s) (success)
Tactic call pose-build-and-refine-regression-cubic ran for 0.014 secs (0.014u,0.s) (success)
Tactic call fast_rewrite-regression-cubic ran for 0.014 secs (0.014u,0.s) (success)
Params: n= 87
Tactic call refine-regression-quadratic-regression-linear ran for 0.001 secs (0.001u,0.s) (success)
Tactic call pose-build-and-refine-regression-cubic ran for 0.014 secs (0.014u,0.s) (success)
Tactic call fast_rewrite-regression-cubic ran for 0.014 secs (0.014u,0.s) (success)
Params: n= 88
Tactic call refine-regression-quadratic-regression-linear ran for 0.001 secs (0.001u,0.s) (success)
Tactic call pose-build-and-refine-regression-cubic ran for 0.014 secs (0.014u,0.s) (success)
Tactic call fast_rewrite-regression-cubic ran for 0.014 secs (0.014u,0.s) (success)
Params: n= 89
Tactic call refine-regression-quadratic-regression-linear ran for 0.001 secs (0.001u,0.s) (success)
Tactic call pose-build-and-refine-regression-cubic ran for 0.02 secs (0.02u,0.s) (success)
Tactic call fast_rewrite-regression-cubic ran for 0.02 secs (0.02u,0.s) (success)
Params: n= 90
Tactic call refine-regression-quadratic-regression-linear ran for 0.001 secs (0.001u,0.s) (success)
Tactic call pose-build-and-refine-regression-cubic ran for 0.015 secs (0.015u,0.s) (success)
Tactic call fast_rewrite-regression-cubic ran for 0.015 secs (0.015u,0.s) (success)
Params: n= 91
Tactic call refine-regression-quadratic-regression-linear ran for 0.001 secs (0.001u,0.s) (success)
Tactic call pose-build-and-refine-regression-cubic ran for 0.015 secs (0.015u,0.s) (success)
Tactic call fast_rewrite-regression-cubic ran for 0.015 secs (0.015u,0.s) (success)
Params: n= 92
Tactic call refine-regression-quadratic-regression-linear ran for 0.001 secs (0.001u,0.s) (success)
Tactic call pose-build-and-refine-regression-cubic ran for 0.015 secs (0.015u,0.s) (success)
Tactic call fast_rewrite-regression-cubic ran for 0.015 secs (0.015u,0.s) (success)
Params: n= 93
Tactic call refine-regression-quadratic-regression-linear ran for 0.001 secs (0.001u,0.s) (success)
Tactic call pose-build-and-refine-regression-cubic ran for 0.018 secs (0.018u,0.s) (success)
Tactic call fast_rewrite-regression-cubic ran for 0.018 secs (0.018u,0.s) (success)
Params: n= 94
Tactic call refine-regression-quadratic-regression-linear ran for 0.001 secs (0.001u,0.s) (success)
Tactic call pose-build-and-refine-regression-cubic ran for 0.016 secs (0.016u,0.s) (success)
Tactic call fast_rewrite-regression-cubic ran for 0.016 secs (0.016u,0.s) (success)
Params: n= 95
Tactic call refine-regression-quadratic-regression-linear ran for 0.001 secs (0.001u,0.s) (success)
Tactic call pose-build-and-refine-regression-cubic ran for 0.015 secs (0.015u,0.s) (success)
Tactic call fast_rewrite-regression-cubic ran for 0.015 secs (0.015u,0.s) (success)
Params: n= 96
Tactic call refine-regression-quadratic-regression-linear ran for 0.001 secs (0.001u,0.s) (success)
Tactic call pose-build-and-refine-regression-cubic ran for 0.016 secs (0.016u,0.s) (success)
Tactic call fast_rewrite-regression-cubic ran for 0.016 secs (0.016u,0.s) (success)
Params: n= 97
Tactic call refine-regression-quadratic-regression-linear ran for 0.001 secs (0.001u,0.s) (success)
Tactic call pose-build-and-refine-regression-cubic ran for 0.022 secs (0.022u,0.s) (success)
Tactic call fast_rewrite-regression-cubic ran for 0.022 secs (0.022u,0.s) (success)
Params: n= 98
Tactic call refine-regression-quadratic-regression-linear ran for 0.001 secs (0.001u,0.s) (success)
Tactic call pose-build-and-refine-regression-cubic ran for 0.018 secs (0.018u,0.s) (success)
Tactic call fast_rewrite-regression-cubic ran for 0.018 secs (0.018u,0.s) (success)
Params: n= 99
Tactic call refine-regression-quadratic-regression-linear ran for 0.001 secs (0.001u,0.s) (success)
Tactic call pose-build-and-refine-regression-cubic ran for 0.021 secs (0.02u,0.s) (success)
Tactic call fast_rewrite-regression-cubic ran for 0.021 secs (0.021u,0.s) (success)
Params: n= 110
Tactic call refine-regression-quadratic-regression-linear ran for 0.001 secs (0.001u,0.s) (success)
Tactic call pose-build-and-refine-regression-cubic ran for 0.019 secs (0.019u,0.s) (success)
Tactic call fast_rewrite-regression-cubic ran for 0.019 secs (0.019u,0.s) (success)
Params: n= 120
Tactic call refine-regression-quadratic-regression-linear ran for 0.001 secs (0.001u,0.s) (success)
Tactic call pose-build-and-refine-regression-cubic ran for 0.023 secs (0.023u,0.s) (success)
Tactic call fast_rewrite-regression-cubic ran for 0.023 secs (0.023u,0.s) (success)
Params: n= 130
Tactic call refine-regression-quadratic-regression-linear ran for 0.001 secs (0.001u,0.s) (success)
Tactic call pose-build-and-refine-regression-cubic ran for 0.04 secs (0.04u,0.s) (success)
Tactic call fast_rewrite-regression-cubic ran for 0.041 secs (0.041u,0.s) (success)
Params: n= 140
Tactic call refine-regression-quadratic-regression-linear ran for 0.001 secs (0.001u,0.s) (success)
Tactic call pose-build-and-refine-regression-cubic ran for 0.042 secs (0.042u,0.s) (success)
Tactic call fast_rewrite-regression-cubic ran for 0.042 secs (0.042u,0.s) (success)
Params: n= 160
Tactic call refine-regression-quadratic-regression-linear ran for 0.001 secs (0.001u,0.s) (success)
Tactic call pose-build-and-refine-regression-cubic ran for 0.054 secs (0.054u,0.s) (success)
Tactic call fast_rewrite-regression-cubic ran for 0.054 secs (0.054u,0.s) (success)
Params: n= 170
Tactic call refine-regression-quadratic-regression-linear ran for 0.002 secs (0.002u,0.s) (success)
Tactic call pose-build-and-refine-regression-cubic ran for 0.059 secs (0.059u,0.s) (success)
Tactic call fast_rewrite-regression-cubic ran for 0.059 secs (0.059u,0.s) (success)
Params: n= 180
Tactic call refine-regression-quadratic-regression-linear ran for 0.002 secs (0.002u,0.s) (success)
Tactic call pose-build-and-refine-regression-cubic ran for 0.064 secs (0.064u,0.s) (success)
Tactic call fast_rewrite-regression-cubic ran for 0.064 secs (0.064u,0.s) (success)
Params: n= 190
Tactic call refine-regression-quadratic-regression-linear ran for 0.002 secs (0.002u,0.s) (success)
Tactic call pose-build-and-refine-regression-cubic ran for 0.069 secs (0.065u,0.003s) (success)
Tactic call fast_rewrite-regression-cubic ran for 0.069 secs (0.065u,0.003s) (success)
Params: n= 210
Tactic call refine-regression-quadratic-regression-linear ran for 0.002 secs (0.002u,0.s) (success)
Tactic call pose-build-and-refine-regression-cubic ran for 0.08 secs (0.08u,0.s) (success)
Tactic call fast_rewrite-regression-cubic ran for 0.08 secs (0.08u,0.s) (success)
Params: n= 220
Tactic call refine-regression-quadratic-regression-linear ran for 0.002 secs (0.002u,0.s) (success)
Tactic call pose-build-and-refine-regression-cubic ran for 0.075 secs (0.075u,0.s) (success)
Tactic call fast_rewrite-regression-cubic ran for 0.075 secs (0.075u,0.s) (success)
Params: n= 230
Tactic call refine-regression-quadratic-regression-linear ran for 0.002 secs (0.002u,0.s) (success)
Tactic call pose-build-and-refine-regression-cubic ran for 0.08 secs (0.08u,0.s) (success)
Tactic call fast_rewrite-regression-cubic ran for 0.08 secs (0.08u,0.s) (success)
Params: n= 240
Tactic call refine-regression-quadratic-regression-linear ran for 0.002 secs (0.002u,0.s) (success)
Tactic call pose-build-and-refine-regression-cubic ran for 0.09 secs (0.082u,0.007s) (success)
Tactic call fast_rewrite-regression-cubic ran for 0.09 secs (0.082u,0.007s) (success)
Params: n= 260
Tactic call refine-regression-quadratic-regression-linear ran for 0.003 secs (0.003u,0.s) (success)
Tactic call pose-build-and-refine-regression-cubic ran for 0.101 secs (0.101u,0.s) (success)
Tactic call fast_rewrite-regression-cubic ran for 0.101 secs (0.101u,0.s) (success)
Params: n= 270
Tactic call refine-regression-quadratic-regression-linear ran for 0.003 secs (0.003u,0.s) (success)
Tactic call pose-build-and-refine-regression-cubic ran for 0.119 secs (0.108u,0.01s) (success)
Tactic call fast_rewrite-regression-cubic ran for 0.119 secs (0.108u,0.01s) (success)
Params: n= 280
Tactic call refine-regression-quadratic-regression-linear ran for 0.003 secs (0.003u,0.s) (success)
Tactic call pose-build-and-refine-regression-cubic ran for 0.15 secs (0.15u,0.s) (success)
Tactic call fast_rewrite-regression-cubic ran for 0.15 secs (0.15u,0.s) (success)
Params: n= 290
Tactic call refine-regression-quadratic-regression-linear ran for 0.003 secs (0.003u,0.s) (success)
Tactic call pose-build-and-refine-regression-cubic ran for 0.153 secs (0.145u,0.007s) (success)
Tactic call fast_rewrite-regression-cubic ran for 0.153 secs (0.145u,0.007s) (success)
Params: n= 310
Tactic call refine-regression-quadratic-regression-linear ran for 0.003 secs (0.003u,0.s) (success)
Tactic call pose-build-and-refine-regression-cubic ran for 0.165 secs (0.165u,0.s) (success)
Tactic call fast_rewrite-regression-cubic ran for 0.165 secs (0.165u,0.s) (success)
Params: n= 320
Tactic call refine-regression-quadratic-regression-linear ran for 0.003 secs (0.003u,0.s) (success)
Tactic call pose-build-and-refine-regression-cubic ran for 0.153 secs (0.149u,0.003s) (success)
Tactic call fast_rewrite-regression-cubic ran for 0.153 secs (0.149u,0.003s) (success)
Params: n= 330
Tactic call refine-regression-quadratic-regression-linear ran for 0.003 secs (0.003u,0.s) (success)
Tactic call pose-build-and-refine-regression-cubic ran for 0.15 secs (0.142u,0.007s) (success)
Tactic call fast_rewrite-regression-cubic ran for 0.15 secs (0.142u,0.007s) (success)
Params: n= 340
Tactic call refine-regression-quadratic-regression-linear ran for 0.004 secs (0.004u,0.s) (success)
Tactic call pose-build-and-refine-regression-cubic ran for 0.165 secs (0.157u,0.008s) (success)
Tactic call fast_rewrite-regression-cubic ran for 0.165 secs (0.157u,0.008s) (success)
Params: n= 360
Tactic call refine-regression-quadratic-regression-linear ran for 0.004 secs (0.004u,0.s) (success)
Tactic call pose-build-and-refine-regression-cubic ran for 0.18 secs (0.18u,0.s) (success)
Tactic call fast_rewrite-regression-cubic ran for 0.18 secs (0.18u,0.s) (success)
Params: n= 370
Tactic call refine-regression-quadratic-regression-linear ran for 0.004 secs (0.004u,0.s) (success)
Tactic call pose-build-and-refine-regression-cubic ran for 0.219 secs (0.219u,0.s) (success)
Tactic call fast_rewrite-regression-cubic ran for 0.219 secs (0.219u,0.s) (success)
Params: n= 380
Tactic call refine-regression-quadratic-regression-linear ran for 0.004 secs (0.004u,0.s) (success)
Tactic call pose-build-and-refine-regression-cubic ran for 0.232 secs (0.232u,0.s) (success)
Tactic call fast_rewrite-regression-cubic ran for 0.232 secs (0.232u,0.s) (success)
Params: n= 390
Tactic call refine-regression-quadratic-regression-linear ran for 0.004 secs (0.004u,0.s) (success)
Tactic call pose-build-and-refine-regression-cubic ran for 0.222 secs (0.222u,0.s) (success)
Tactic call fast_rewrite-regression-cubic ran for 0.222 secs (0.222u,0.s) (success)
Params: n= 410
Tactic call refine-regression-quadratic-regression-linear ran for 0.005 secs (0.005u,0.s) (success)
Tactic call pose-build-and-refine-regression-cubic ran for 0.209 secs (0.209u,0.s) (success)
Tactic call fast_rewrite-regression-cubic ran for 0.209 secs (0.209u,0.s) (success)
Params: n= 420
Tactic call refine-regression-quadratic-regression-linear ran for 0.005 secs (0.005u,0.s) (success)
Tactic call pose-build-and-refine-regression-cubic ran for 0.216 secs (0.216u,0.s) (success)
Tactic call fast_rewrite-regression-cubic ran for 0.216 secs (0.216u,0.s) (success)
Params: n= 430
Tactic call refine-regression-quadratic-regression-linear ran for 0.005 secs (0.005u,0.s) (success)
Tactic call pose-build-and-refine-regression-cubic ran for 0.228 secs (0.228u,0.s) (success)
Tactic call fast_rewrite-regression-cubic ran for 0.228 secs (0.228u,0.s) (success)
Params: n= 440
Tactic call refine-regression-quadratic-regression-linear ran for 0.005 secs (0.005u,0.s) (success)
Tactic call pose-build-and-refine-regression-cubic ran for 0.288 secs (0.288u,0.s) (success)
Tactic call fast_rewrite-regression-cubic ran for 0.288 secs (0.288u,0.s) (success)
Params: n= 450
Tactic call refine-regression-quadratic-regression-linear ran for 0.005 secs (0.005u,0.s) (success)
Tactic call pose-build-and-refine-regression-cubic ran for 0.308 secs (0.308u,0.s) (success)
Tactic call fast_rewrite-regression-cubic ran for 0.308 secs (0.308u,0.s) (success)
Params: n= 460
Tactic call refine-regression-quadratic-regression-linear ran for 0.005 secs (0.005u,0.s) (success)
Tactic call pose-build-and-refine-regression-cubic ran for 0.257 secs (0.257u,0.s) (success)
Tactic call fast_rewrite-regression-cubic ran for 0.257 secs (0.257u,0.s) (success)
Params: n= 470
Tactic call refine-regression-quadratic-regression-linear ran for 0.005 secs (0.005u,0.s) (success)
Tactic call pose-build-and-refine-regression-cubic ran for 0.265 secs (0.265u,0.s) (success)
Tactic call fast_rewrite-regression-cubic ran for 0.265 secs (0.265u,0.s) (success)
Params: n= 480
Tactic call refine-regression-quadratic-regression-linear ran for 0.005 secs (0.005u,0.s) (success)
Tactic call pose-build-and-refine-regression-cubic ran for 0.289 secs (0.289u,0.s) (success)
Tactic call fast_rewrite-regression-cubic ran for 0.289 secs (0.289u,0.s) (success)
Params: n= 490
Tactic call refine-regression-quadratic-regression-linear ran for 0.005 secs (0.005u,0.s) (success)
Tactic call pose-build-and-refine-regression-cubic ran for 0.357 secs (0.357u,0.s) (success)
Tactic call fast_rewrite-regression-cubic ran for 0.357 secs (0.357u,0.s) (success)
Params: n= 500
Tactic call refine-regression-quadratic-regression-linear ran for 0.006 secs (0.006u,0.s) (success)
Tactic call pose-build-and-refine-regression-cubic ran for 0.32 secs (0.32u,0.s) (success)
Tactic call fast_rewrite-regression-cubic ran for 0.32 secs (0.32u,0.s) (success)
Params: n= 510
Tactic call refine-regression-quadratic-regression-linear ran for 0.006 secs (0.006u,0.s) (success)
Tactic call pose-build-and-refine-regression-cubic ran for 0.299 secs (0.298u,0.s) (success)
Tactic call fast_rewrite-regression-cubic ran for 0.299 secs (0.298u,0.s) (success)
Params: n= 520
Tactic call refine-regression-quadratic-regression-linear ran for 0.006 secs (0.006u,0.s) (success)
Tactic call pose-build-and-refine-regression-cubic ran for 0.327 secs (0.327u,0.s) (success)
Tactic call fast_rewrite-regression-cubic ran for 0.327 secs (0.327u,0.s) (success)
Params: n= 530
Tactic call refine-regression-quadratic-regression-linear ran for 0.006 secs (0.006u,0.s) (success)
Tactic call pose-build-and-refine-regression-cubic ran for 0.402 secs (0.402u,0.s) (success)
Tactic call fast_rewrite-regression-cubic ran for 0.402 secs (0.402u,0.s) (success)
Params: n= 540
Tactic call refine-regression-quadratic-regression-linear ran for 0.006 secs (0.006u,0.s) (success)
Tactic call pose-build-and-refine-regression-cubic ran for 0.363 secs (0.363u,0.s) (success)
Tactic call fast_rewrite-regression-cubic ran for 0.363 secs (0.363u,0.s) (success)
Params: n= 550
Tactic call refine-regression-quadratic-regression-linear ran for 0.006 secs (0.006u,0.s) (success)
Tactic call pose-build-and-refine-regression-cubic ran for 0.349 secs (0.345u,0.003s) (success)
Tactic call fast_rewrite-regression-cubic ran for 0.349 secs (0.346u,0.003s) (success)
Params: n= 560
Tactic call refine-regression-quadratic-regression-linear ran for 0.007 secs (0.007u,0.s) (success)
Tactic call pose-build-and-refine-regression-cubic ran for 0.415 secs (0.415u,0.s) (success)
Tactic call fast_rewrite-regression-cubic ran for 0.415 secs (0.415u,0.s) (success)
Params: n= 570
Tactic call refine-regression-quadratic-regression-linear ran for 0.007 secs (0.007u,0.s) (success)
Tactic call pose-build-and-refine-regression-cubic ran for 0.433 secs (0.433u,0.s) (success)
Tactic call fast_rewrite-regression-cubic ran for 0.433 secs (0.433u,0.s) (success)
Params: n= 580
Tactic call refine-regression-quadratic-regression-linear ran for 0.007 secs (0.007u,0.s) (success)
Tactic call pose-build-and-refine-regression-cubic ran for 0.376 secs (0.376u,0.s) (success)
Tactic call fast_rewrite-regression-cubic ran for 0.376 secs (0.376u,0.s) (success)
Params: n= 590
Tactic call refine-regression-quadratic-regression-linear ran for 0.007 secs (0.007u,0.s) (success)
Tactic call pose-build-and-refine-regression-cubic ran for 0.403 secs (0.403u,0.s) (success)
Tactic call fast_rewrite-regression-cubic ran for 0.403 secs (0.403u,0.s) (success)
Params: n= 600
Tactic call refine-regression-quadratic-regression-linear ran for 0.007 secs (0.007u,0.s) (success)
Tactic call pose-build-and-refine-regression-cubic ran for 0.489 secs (0.489u,0.s) (success)
Tactic call fast_rewrite-regression-cubic ran for 0.489 secs (0.489u,0.s) (success)
Params: n= 610
Tactic call refine-regression-quadratic-regression-linear ran for 0.007 secs (0.007u,0.s) (success)
Tactic call pose-build-and-refine-regression-cubic ran for 0.417 secs (0.417u,0.s) (success)
Tactic call fast_rewrite-regression-cubic ran for 0.417 secs (0.417u,0.s) (success)
Params: n= 620
Tactic call refine-regression-quadratic-regression-linear ran for 0.007 secs (0.007u,0.s) (success)
Tactic call pose-build-and-refine-regression-cubic ran for 0.439 secs (0.439u,0.s) (success)
Tactic call fast_rewrite-regression-cubic ran for 0.439 secs (0.439u,0.s) (success)
Params: n= 630
Tactic call refine-regression-quadratic-regression-linear ran for 0.007 secs (0.007u,0.s) (success)
Tactic call pose-build-and-refine-regression-cubic ran for 0.532 secs (0.532u,0.s) (success)
Tactic call fast_rewrite-regression-cubic ran for 0.532 secs (0.532u,0.s) (success)
Params: n= 640
Tactic call refine-regression-quadratic-regression-linear ran for 0.01 secs (0.01u,0.s) (success)
Tactic call pose-build-and-refine-regression-cubic ran for 0.469 secs (0.469u,0.s) (success)
Tactic call fast_rewrite-regression-cubic ran for 0.469 secs (0.469u,0.s) (success)
Params: n= 650
Tactic call refine-regression-quadratic-regression-linear ran for 0.008 secs (0.008u,0.s) (success)
Tactic call pose-build-and-refine-regression-cubic ran for 0.483 secs (0.483u,0.s) (success)
Tactic call fast_rewrite-regression-cubic ran for 0.483 secs (0.483u,0.s) (success)
Params: n= 660
Tactic call refine-regression-quadratic-regression-linear ran for 0.008 secs (0.008u,0.s) (success)
Tactic call pose-build-and-refine-regression-cubic ran for 0.586 secs (0.586u,0.s) (success)
Tactic call fast_rewrite-regression-cubic ran for 0.586 secs (0.586u,0.s) (success)
Params: n= 670
Tactic call refine-regression-quadratic-regression-linear ran for 0.008 secs (0.008u,0.s) (success)
Tactic call pose-build-and-refine-regression-cubic ran for 0.481 secs (0.481u,0.s) (success)
Tactic call fast_rewrite-regression-cubic ran for 0.481 secs (0.481u,0.s) (success)
Params: n= 680
Tactic call refine-regression-quadratic-regression-linear ran for 0.008 secs (0.008u,0.s) (success)
Tactic call pose-build-and-refine-regression-cubic ran for 0.547 secs (0.547u,0.s) (success)
Tactic call fast_rewrite-regression-cubic ran for 0.547 secs (0.547u,0.s) (success)
Params: n= 690
Tactic call refine-regression-quadratic-regression-linear ran for 0.009 secs (0.009u,0.s) (success)
Tactic call pose-build-and-refine-regression-cubic ran for 0.6 secs (0.6u,0.s) (success)
Tactic call fast_rewrite-regression-cubic ran for 0.6 secs (0.6u,0.s) (success)
Params: n= 700
Tactic call refine-regression-quadratic-regression-linear ran for 0.008 secs (0.008u,0.s) (success)
Tactic call pose-build-and-refine-regression-cubic ran for 0.532 secs (0.523u,0.007s) (success)
Tactic call fast_rewrite-regression-cubic ran for 0.532 secs (0.523u,0.007s) (success)
Params: n= 710
Tactic call refine-regression-quadratic-regression-linear ran for 0.008 secs (0.008u,0.s) (success)
Tactic call pose-build-and-refine-regression-cubic ran for 0.624 secs (0.624u,0.s) (success)
Tactic call fast_rewrite-regression-cubic ran for 0.624 secs (0.624u,0.s) (success)
Params: n= 720
Tactic call refine-regression-quadratic-regression-linear ran for 0.009 secs (0.009u,0.s) (success)
Tactic call pose-build-and-refine-regression-cubic ran for 0.574 secs (0.574u,0.s) (success)
Tactic call fast_rewrite-regression-cubic ran for 0.574 secs (0.574u,0.s) (success)
Params: n= 730
Tactic call refine-regression-quadratic-regression-linear ran for 0.009 secs (0.009u,0.s) (success)
Tactic call pose-build-and-refine-regression-cubic ran for 0.591 secs (0.591u,0.s) (success)
Tactic call fast_rewrite-regression-cubic ran for 0.591 secs (0.591u,0.s) (success)
Params: n= 740
Tactic call refine-regression-quadratic-regression-linear ran for 0.009 secs (0.009u,0.s) (success)
Tactic call pose-build-and-refine-regression-cubic ran for 0.673 secs (0.669u,0.004s) (success)
Tactic call fast_rewrite-regression-cubic ran for 0.673 secs (0.669u,0.004s) (success)
Params: n= 750
Tactic call refine-regression-quadratic-regression-linear ran for 0.009 secs (0.009u,0.s) (success)
Tactic call pose-build-and-refine-regression-cubic ran for 0.583 secs (0.583u,0.s) (success)
Tactic call fast_rewrite-regression-cubic ran for 0.584 secs (0.584u,0.s) (success)
Params: n= 760
Tactic call refine-regression-quadratic-regression-linear ran for 0.009 secs (0.009u,0.s) (success)
Tactic call pose-build-and-refine-regression-cubic ran for 0.709 secs (0.709u,0.s) (success)
Tactic call fast_rewrite-regression-cubic ran for 0.709 secs (0.709u,0.s) (success)
Params: n= 770
Tactic call refine-regression-quadratic-regression-linear ran for 0.009 secs (0.009u,0.s) (success)
Tactic call pose-build-and-refine-regression-cubic ran for 0.607 secs (0.607u,0.s) (success)
Tactic call fast_rewrite-regression-cubic ran for 0.607 secs (0.607u,0.s) (success)
Params: n= 780
Tactic call refine-regression-quadratic-regression-linear ran for 0.009 secs (0.009u,0.s) (success)
Tactic call pose-build-and-refine-regression-cubic ran for 0.732 secs (0.732u,0.s) (success)
Tactic call fast_rewrite-regression-cubic ran for 0.732 secs (0.732u,0.s) (success)
Params: n= 790
Tactic call refine-regression-quadratic-regression-linear ran for 0.009 secs (0.009u,0.s) (success)
Tactic call pose-build-and-refine-regression-cubic ran for 0.644 secs (0.644u,0.s) (success)
Tactic call fast_rewrite-regression-cubic ran for 0.644 secs (0.644u,0.s) (success)
Params: n= 800
Tactic call refine-regression-quadratic-regression-linear ran for 0.009 secs (0.009u,0.s) (success)
Tactic call pose-build-and-refine-regression-cubic ran for 0.756 secs (0.756u,0.s) (success)
Tactic call fast_rewrite-regression-cubic ran for 0.756 secs (0.756u,0.s) (success)
Params: n= 810
Tactic call refine-regression-quadratic-regression-linear ran for 0.01 secs (0.01u,0.s) (success)
Tactic call pose-build-and-refine-regression-cubic ran for 0.664 secs (0.664u,0.s) (success)
Tactic call fast_rewrite-regression-cubic ran for 0.664 secs (0.664u,0.s) (success)
Params: n= 820
Tactic call refine-regression-quadratic-regression-linear ran for 0.01 secs (0.01u,0.s) (success)
Tactic call pose-build-and-refine-regression-cubic ran for 0.813 secs (0.813u,0.s) (success)
Tactic call fast_rewrite-regression-cubic ran for 0.813 secs (0.813u,0.s) (success)
Params: n= 830
Tactic call refine-regression-quadratic-regression-linear ran for 0.01 secs (0.01u,0.s) (success)
Tactic call pose-build-and-refine-regression-cubic ran for 0.7 secs (0.7u,0.s) (success)
Tactic call fast_rewrite-regression-cubic ran for 0.7 secs (0.7u,0.s) (success)
Params: n= 840
Tactic call refine-regression-quadratic-regression-linear ran for 0.01 secs (0.01u,0.s) (success)
Tactic call pose-build-and-refine-regression-cubic ran for 0.841 secs (0.841u,0.s) (success)
Tactic call fast_rewrite-regression-cubic ran for 0.841 secs (0.841u,0.s) (success)
Params: n= 850
Tactic call refine-regression-quadratic-regression-linear ran for 0.01 secs (0.01u,0.s) (success)
Tactic call pose-build-and-refine-regression-cubic ran for 0.722 secs (0.722u,0.s) (success)
Tactic call fast_rewrite-regression-cubic ran for 0.722 secs (0.722u,0.s) (success)
Params: n= 860
Tactic call refine-regression-quadratic-regression-linear ran for 0.01 secs (0.01u,0.s) (success)
Tactic call pose-build-and-refine-regression-cubic ran for 0.842 secs (0.842u,0.s) (success)
Tactic call fast_rewrite-regression-cubic ran for 0.843 secs (0.842u,0.s) (success)
Params: n= 870
Tactic call refine-regression-quadratic-regression-linear ran for 0.011 secs (0.011u,0.s) (success)
Tactic call pose-build-and-refine-regression-cubic ran for 0.798 secs (0.798u,0.s) (success)
Tactic call fast_rewrite-regression-cubic ran for 0.798 secs (0.798u,0.s) (success)
Params: n= 880
Tactic call refine-regression-quadratic-regression-linear ran for 0.012 secs (0.012u,0.s) (success)
Tactic call pose-build-and-refine-regression-cubic ran for 0.855 secs (0.854u,0.s) (success)
Tactic call fast_rewrite-regression-cubic ran for 0.855 secs (0.854u,0.s) (success)
Params: n= 890
Tactic call refine-regression-quadratic-regression-linear ran for 0.011 secs (0.011u,0.s) (success)
Tactic call pose-build-and-refine-regression-cubic ran for 0.855 secs (0.855u,0.s) (success)
Tactic call fast_rewrite-regression-cubic ran for 0.855 secs (0.855u,0.s) (success)
Params: n= 900
Tactic call refine-regression-quadratic-regression-linear ran for 0.011 secs (0.011u,0.s) (success)
Tactic call pose-build-and-refine-regression-cubic ran for 0.859 secs (0.859u,0.s) (success)
Tactic call fast_rewrite-regression-cubic ran for 0.859 secs (0.859u,0.s) (success)
Params: n= 910
Tactic call refine-regression-quadratic-regression-linear ran for 0.012 secs (0.012u,0.s) (success)
Tactic call pose-build-and-refine-regression-cubic ran for 0.92 secs (0.92u,0.s) (success)
Tactic call fast_rewrite-regression-cubic ran for 0.92 secs (0.92u,0.s) (success)
Params: n= 920
Tactic call refine-regression-quadratic-regression-linear ran for 0.011 secs (0.011u,0.s) (success)
Tactic call pose-build-and-refine-regression-cubic ran for 0.858 secs (0.857u,0.s) (success)
Tactic call fast_rewrite-regression-cubic ran for 0.858 secs (0.857u,0.s) (success)
Params: n= 930
Tactic call refine-regression-quadratic-regression-linear ran for 0.011 secs (0.011u,0.s) (success)
Tactic call pose-build-and-refine-regression-cubic ran for 0.982 secs (0.982u,0.s) (success)
Tactic call fast_rewrite-regression-cubic ran for 0.983 secs (0.982u,0.s) (success)
Params: n= 940
Tactic call refine-regression-quadratic-regression-linear ran for 0.011 secs (0.011u,0.s) (success)
Tactic call pose-build-and-refine-regression-cubic ran for 0.918 secs (0.918u,0.s) (success)
Tactic call fast_rewrite-regression-cubic ran for 0.918 secs (0.918u,0.s) (success)
Params: n= 950
Tactic call refine-regression-quadratic-regression-linear ran for 0.011 secs (0.011u,0.s) (success)
Tactic call pose-build-and-refine-regression-cubic ran for 0.97 secs (0.97u,0.s) (success)
Tactic call fast_rewrite-regression-cubic ran for 0.97 secs (0.97u,0.s) (success)
Params: n= 960
Tactic call refine-regression-quadratic-regression-linear ran for 0.012 secs (0.012u,0.s) (success)
Tactic call pose-build-and-refine-regression-cubic ran for 1.006 secs (1.006u,0.s) (success)
Tactic call fast_rewrite-regression-cubic ran for 1.006 secs (1.006u,0.s) (success)
Params: n= 970
Tactic call refine-regression-quadratic-regression-linear ran for 0.012 secs (0.012u,0.s) (success)
Tactic call pose-build-and-refine-regression-cubic ran for 0.945 secs (0.944u,0.s) (success)
Tactic call fast_rewrite-regression-cubic ran for 0.945 secs (0.944u,0.s) (success)
Params: n= 980
Tactic call refine-regression-quadratic-regression-linear ran for 0.012 secs (0.012u,0.s) (success)
Tactic call pose-build-and-refine-regression-cubic ran for 1.045 secs (1.045u,0.s) (success)
Tactic call fast_rewrite-regression-cubic ran for 1.046 secs (1.045u,0.s) (success)
Params: n= 990
Tactic call refine-regression-quadratic-regression-linear ran for 0.012 secs (0.012u,0.s) (success)
Tactic call pose-build-and-refine-regression-cubic ran for 1.055 secs (1.055u,0.s) (success)
Tactic call fast_rewrite-regression-cubic ran for 1.055 secs (1.055u,0.s) (success)
Params: n= 1000
Tactic call refine-regression-quadratic-regression-linear ran for 0.012 secs (0.012u,0.s) (success)
Tactic call pose-build-and-refine-regression-cubic ran for 0.985 secs (0.985u,0.s) (success)
Tactic call fast_rewrite-regression-cubic ran for 0.985 secs (0.985u,0.s) (success)
Params: n= 1100
Tactic call refine-regression-quadratic-regression-linear ran for 0.014 secs (0.014u,0.s) (success)
Tactic call pose-build-and-refine-regression-cubic ran for 1.278 secs (1.278u,0.s) (success)
Tactic call fast_rewrite-regression-cubic ran for 1.278 secs (1.278u,0.s) (success)
Params: n= 1200
Tactic call refine-regression-quadratic-regression-linear ran for 0.02 secs (0.02u,0.s) (success)
Tactic call pose-build-and-refine-regression-cubic ran for 1.495 secs (1.495u,0.s) (success)
Tactic call fast_rewrite-regression-cubic ran for 1.495 secs (1.495u,0.s) (success)
Params: n= 1300
Tactic call refine-regression-quadratic-regression-linear ran for 0.018 secs (0.018u,0.s) (success)
Tactic call pose-build-and-refine-regression-cubic ran for 1.713 secs (1.715u,0.s) (success)
Tactic call fast_rewrite-regression-cubic ran for 1.713 secs (1.715u,0.s) (success)
Params: n= 1400
Tactic call refine-regression-quadratic-regression-linear ran for 0.019 secs (0.019u,0.s) (success)
Tactic call pose-build-and-refine-regression-cubic ran for 1.999 secs (1.998u,0.s) (success)
Tactic call fast_rewrite-regression-cubic ran for 1.999 secs (1.998u,0.s) (success)
Params: n= 1500
Tactic call refine-regression-quadratic-regression-linear ran for 0.019 secs (0.019u,0.s) (success)
Tactic call pose-build-and-refine-regression-cubic ran for 2.248 secs (2.228u,0.019s) (success)
Tactic call fast_rewrite-regression-cubic ran for 2.248 secs (2.228u,0.019s) (success)
Params: n= 1600
Tactic call refine-regression-quadratic-regression-linear ran for 0.021 secs (0.021u,0.s) (success)
Tactic call pose-build-and-refine-regression-cubic ran for 2.414 secs (2.406u,0.007s) (success)
Tactic call fast_rewrite-regression-cubic ran for 2.414 secs (2.406u,0.007s) (success)
Params: n= 1700
Tactic call refine-regression-quadratic-regression-linear ran for 0.022 secs (0.022u,0.s) (success)
Tactic call pose-build-and-refine-regression-cubic ran for 2.691 secs (2.691u,0.s) (success)
Tactic call fast_rewrite-regression-cubic ran for 2.691 secs (2.691u,0.s) (success)
Params: n= 1800
Tactic call refine-regression-quadratic-regression-linear ran for 0.025 secs (0.025u,0.s) (success)
Tactic call pose-build-and-refine-regression-cubic ran for 3.362 secs (3.362u,0.s) (success)
Tactic call fast_rewrite-regression-cubic ran for 3.362 secs (3.362u,0.s) (success)
Params: n= 1900
Tactic call refine-regression-quadratic-regression-linear ran for 0.026 secs (0.026u,0.s) (success)
Tactic call pose-build-and-refine-regression-cubic ran for 3.392 secs (3.388u,0.003s) (success)
Tactic call fast_rewrite-regression-cubic ran for 3.392 secs (3.388u,0.003s) (success)
Params: n= 2000
Tactic call refine-regression-quadratic-regression-linear ran for 0.027 secs (0.027u,0.s) (success)
Tactic call pose-build-and-refine-regression-cubic ran for 3.801 secs (3.761u,0.04s) (success)
Tactic call fast_rewrite-regression-cubic ran for 3.801 secs (3.761u,0.04s) (success)
Params: n= 3000
Tactic call refine-regression-quadratic-regression-linear ran for 0.043 secs (0.043u,0.s) (success)
Tactic call pose-build-and-refine-regression-cubic ran for 8.439 secs (8.422u,0.016s) (success)
Tactic call fast_rewrite-regression-cubic ran for 8.439 secs (8.422u,0.016s) (success)
Params: n= 4000
Tactic call refine-regression-quadratic-regression-linear ran for 0.066 secs (0.057u,0.s) (success)
Tactic call pose-build-and-refine-regression-cubic ran for 14.683 secs (14.58u,0.1s) (success)
Tactic call fast_rewrite-regression-cubic ran for 14.683 secs (14.58u,0.1s) (success)
Params: n= 5000
Tactic call refine-regression-quadratic-regression-linear ran for 0.078 secs (0.078u,0.s) (success)
Tactic call pose-build-and-refine-regression-cubic ran for 23.658 secs (23.402u,0.253s) (success)
Tactic call fast_rewrite-regression-cubic ran for 23.658 secs (23.402u,0.253s) (success)
