Params: n= 50
Tactic call refine-regression-quadratic-regression-linear ran for 0.001 secs (0.u,0.s) (success)
Tactic call pose-build-and-refine-regression-cubic ran for 0.011 secs (0.007u,0.003s) (success)
Tactic call fast_rewrite-regression-cubic ran for 0.011 secs (0.007u,0.003s) (success)
Params: n= 100
Tactic call refine-regression-quadratic-regression-linear ran for 0.001 secs (0.001u,0.s) (success)
Tactic call pose-build-and-refine-regression-cubic ran for 0.025 secs (0.012u,0.012s) (success)
Tactic call fast_rewrite-regression-cubic ran for 0.025 secs (0.013u,0.012s) (success)
Params: n= 150
Tactic call refine-regression-quadratic-regression-linear ran for 0.001 secs (0.001u,0.s) (success)
Tactic call pose-build-and-refine-regression-cubic ran for 0.095 secs (0.091u,0.003s) (success)
Tactic call fast_rewrite-regression-cubic ran for 0.095 secs (0.091u,0.003s) (success)
Params: n= 200
Tactic call refine-regression-quadratic-regression-linear ran for 0.002 secs (0.002u,0.s) (success)
Tactic call pose-build-and-refine-regression-cubic ran for 0.088 secs (0.088u,0.s) (success)
Tactic call fast_rewrite-regression-cubic ran for 0.088 secs (0.088u,0.s) (success)
Params: n= 250
Tactic call refine-regression-quadratic-regression-linear ran for 0.003 secs (0.003u,0.s) (success)
Tactic call pose-build-and-refine-regression-cubic ran for 0.121 secs (0.121u,0.s) (success)
Tactic call fast_rewrite-regression-cubic ran for 0.121 secs (0.121u,0.s) (success)
Params: n= 300
Tactic call refine-regression-quadratic-regression-linear ran for 0.003 secs (0.003u,0.s) (success)
Tactic call pose-build-and-refine-regression-cubic ran for 0.156 secs (0.152u,0.004s) (success)
Tactic call fast_rewrite-regression-cubic ran for 0.156 secs (0.152u,0.004s) (success)
Params: n= 350
Tactic call refine-regression-quadratic-regression-linear ran for 0.004 secs (0.004u,0.s) (success)
Tactic call pose-build-and-refine-regression-cubic ran for 0.19 secs (0.19u,0.s) (success)
Tactic call fast_rewrite-regression-cubic ran for 0.19 secs (0.19u,0.s) (success)
Params: n= 400
Tactic call refine-regression-quadratic-regression-linear ran for 0.005 secs (0.005u,0.s) (success)
Tactic call pose-build-and-refine-regression-cubic ran for 0.208 secs (0.2u,0.007s) (success)
Tactic call fast_rewrite-regression-cubic ran for 0.208 secs (0.2u,0.007s) (success)
