Params: n= 50
Tactic call refine-regression-quadratic-regression-linear ran for 0.001 secs (0.u,0.s) (success)
Tactic call pose-build-and-refine-regression-cubic ran for 0.011 secs (0.003u,0.007s) (success)
Tactic call fast_rewrite-regression-cubic ran for 0.011 secs (0.003u,0.007s) (success)
Params: n= 100
Tactic call refine-regression-quadratic-regression-linear ran for 0.001 secs (0.u,0.s) (success)
Tactic call pose-build-and-refine-regression-cubic ran for 0.086 secs (0.07u,0.015s) (success)
Tactic call fast_rewrite-regression-cubic ran for 0.086 secs (0.07u,0.015s) (success)
Params: n= 150
Tactic call refine-regression-quadratic-regression-linear ran for 0.001 secs (0.001u,0.s) (success)
Tactic call pose-build-and-refine-regression-cubic ran for 0.043 secs (0.043u,0.s) (success)
Tactic call fast_rewrite-regression-cubic ran for 0.043 secs (0.043u,0.s) (success)
Params: n= 200
Tactic call refine-regression-quadratic-regression-linear ran for 0.002 secs (0.002u,0.s) (success)
Tactic call pose-build-and-refine-regression-cubic ran for 0.087 secs (0.087u,0.s) (success)
Tactic call fast_rewrite-regression-cubic ran for 0.087 secs (0.087u,0.s) (success)
Params: n= 250
Tactic call refine-regression-quadratic-regression-linear ran for 0.003 secs (0.003u,0.s) (success)
Tactic call pose-build-and-refine-regression-cubic ran for 0.124 secs (0.117u,0.007s) (success)
Tactic call fast_rewrite-regression-cubic ran for 0.124 secs (0.117u,0.007s) (success)
Params: n= 300
Tactic call refine-regression-quadratic-regression-linear ran for 0.004 secs (0.004u,0.s) (success)
Tactic call pose-build-and-refine-regression-cubic ran for 0.157 secs (0.154u,0.003s) (success)
Tactic call fast_rewrite-regression-cubic ran for 0.157 secs (0.154u,0.003s) (success)
Params: n= 350
Tactic call refine-regression-quadratic-regression-linear ran for 0.004 secs (0.004u,0.s) (success)
Tactic call pose-build-and-refine-regression-cubic ran for 0.202 secs (0.202u,0.s) (success)
Tactic call fast_rewrite-regression-cubic ran for 0.202 secs (0.202u,0.s) (success)
Params: n= 400
Tactic call refine-regression-quadratic-regression-linear ran for 0.005 secs (0.005u,0.s) (success)
Tactic call pose-build-and-refine-regression-cubic ran for 0.217 secs (0.213u,0.003s) (success)
Tactic call fast_rewrite-regression-cubic ran for 0.217 secs (0.213u,0.003s) (success)
