Params: n= 4
Tactic call refine-regression-quadratic-regression-linear ran for 0. secs (0.u,0.s) (success)
Tactic call pose-build-and-refine-regression-cubic ran for 0.002 secs (0.001u,0.s) (success)
Tactic call fast_rewrite-regression-cubic ran for 0.002 secs (0.001u,0.s) (success)
Tactic call abstract-regression-cubic ran for 0.002 secs (0.002u,0.s) (success)
Tactic call close-abstract-regression-cubic ran for 0. secs (0.u,0.s)
Params: n= 5
Tactic call refine-regression-quadratic-regression-linear ran for 0. secs (0.u,0.s) (success)
Tactic call pose-build-and-refine-regression-cubic ran for 0.002 secs (0.002u,0.s) (success)
Tactic call fast_rewrite-regression-cubic ran for 0.002 secs (0.002u,0.s) (success)
Tactic call abstract-regression-cubic ran for 0.004 secs (0.004u,0.s) (success)
Tactic call close-abstract-regression-cubic ran for 0.001 secs (0.001u,0.s)
Params: n= 6
Tactic call refine-regression-quadratic-regression-linear ran for 0. secs (0.u,0.s) (success)
Tactic call pose-build-and-refine-regression-cubic ran for 0.001 secs (0.u,0.001s) (success)
Tactic call fast_rewrite-regression-cubic ran for 0.001 secs (0.u,0.001s) (success)
Tactic call abstract-regression-cubic ran for 0.002 secs (0.u,0.002s) (success)
Tactic call close-abstract-regression-cubic ran for 0. secs (0.u,0.s)
Params: n= 7
Tactic call refine-regression-quadratic-regression-linear ran for 0. secs (0.u,0.s) (success)
Tactic call pose-build-and-refine-regression-cubic ran for 0.002 secs (0.002u,0.s) (success)
Tactic call fast_rewrite-regression-cubic ran for 0.002 secs (0.002u,0.s) (success)
Tactic call abstract-regression-cubic ran for 0.003 secs (0.003u,0.s) (success)
Tactic call close-abstract-regression-cubic ran for 0.001 secs (0.001u,0.s)
Params: n= 8
Tactic call refine-regression-quadratic-regression-linear ran for 0. secs (0.u,0.s) (success)
Tactic call pose-build-and-refine-regression-cubic ran for 0.001 secs (0.u,0.001s) (success)
Tactic call fast_rewrite-regression-cubic ran for 0.001 secs (0.u,0.001s) (success)
Tactic call abstract-regression-cubic ran for 0.002 secs (0.u,0.002s) (success)
Tactic call close-abstract-regression-cubic ran for 0. secs (0.u,0.s)
Params: n= 9
Tactic call refine-regression-quadratic-regression-linear ran for 0. secs (0.u,0.s) (success)
Tactic call pose-build-and-refine-regression-cubic ran for 0.001 secs (0.001u,0.s) (success)
Tactic call fast_rewrite-regression-cubic ran for 0.001 secs (0.001u,0.s) (success)
Tactic call abstract-regression-cubic ran for 0.002 secs (0.002u,0.s) (success)
Tactic call close-abstract-regression-cubic ran for 0.001 secs (0.u,0.s)
Params: n= 10
Tactic call refine-regression-quadratic-regression-linear ran for 0. secs (0.u,0.s) (success)
Tactic call pose-build-and-refine-regression-cubic ran for 0.002 secs (0.u,0.002s) (success)
Tactic call fast_rewrite-regression-cubic ran for 0.002 secs (0.u,0.002s) (success)
Tactic call abstract-regression-cubic ran for 0.003 secs (0.u,0.003s) (success)
Tactic call close-abstract-regression-cubic ran for 0. secs (0.u,0.s)
Params: n= 11
Tactic call refine-regression-quadratic-regression-linear ran for 0. secs (0.u,0.s) (success)
Tactic call pose-build-and-refine-regression-cubic ran for 0.002 secs (0.002u,0.s) (success)
Tactic call fast_rewrite-regression-cubic ran for 0.002 secs (0.002u,0.s) (success)
Tactic call abstract-regression-cubic ran for 0.003 secs (0.003u,0.s) (success)
Tactic call close-abstract-regression-cubic ran for 0.001 secs (0.001u,0.s)
Params: n= 12
Tactic call refine-regression-quadratic-regression-linear ran for 0. secs (0.u,0.s) (success)
Tactic call pose-build-and-refine-regression-cubic ran for 0.003 secs (0.003u,0.s) (success)
Tactic call fast_rewrite-regression-cubic ran for 0.003 secs (0.003u,0.s) (success)
Tactic call abstract-regression-cubic ran for 0.004 secs (0.004u,0.s) (success)
Tactic call close-abstract-regression-cubic ran for 0. secs (0.u,0.s)
Params: n= 13
Tactic call refine-regression-quadratic-regression-linear ran for 0. secs (0.u,0.s) (success)
Tactic call pose-build-and-refine-regression-cubic ran for 0.074 secs (0.067u,0.007s) (success)
Tactic call fast_rewrite-regression-cubic ran for 0.074 secs (0.067u,0.007s) (success)
Tactic call abstract-regression-cubic ran for 0.076 secs (0.068u,0.007s) (success)
Tactic call close-abstract-regression-cubic ran for 0. secs (0.u,0.s)
Params: n= 14
Tactic call refine-regression-quadratic-regression-linear ran for 0. secs (0.u,0.s) (success)
Tactic call pose-build-and-refine-regression-cubic ran for 0.002 secs (0.002u,0.s) (success)
Tactic call fast_rewrite-regression-cubic ran for 0.002 secs (0.002u,0.s) (success)
Tactic call abstract-regression-cubic ran for 0.003 secs (0.003u,0.s) (success)
Tactic call close-abstract-regression-cubic ran for 0. secs (0.u,0.s)
Params: n= 15
Tactic call refine-regression-quadratic-regression-linear ran for 0. secs (0.u,0.s) (success)
Tactic call pose-build-and-refine-regression-cubic ran for 0.005 secs (0.005u,0.s) (success)
Tactic call fast_rewrite-regression-cubic ran for 0.005 secs (0.005u,0.s) (success)
Tactic call abstract-regression-cubic ran for 0.006 secs (0.006u,0.s) (success)
Tactic call close-abstract-regression-cubic ran for 0. secs (0.u,0.s)
Params: n= 16
Tactic call refine-regression-quadratic-regression-linear ran for 0. secs (0.u,0.s) (success)
Tactic call pose-build-and-refine-regression-cubic ran for 0.003 secs (0.003u,0.s) (success)
Tactic call fast_rewrite-regression-cubic ran for 0.003 secs (0.003u,0.s) (success)
Tactic call abstract-regression-cubic ran for 0.005 secs (0.005u,0.s) (success)
Tactic call close-abstract-regression-cubic ran for 0.001 secs (0.001u,0.s)
Params: n= 17
Tactic call refine-regression-quadratic-regression-linear ran for 0. secs (0.u,0.s) (success)
Tactic call pose-build-and-refine-regression-cubic ran for 0.003 secs (0.003u,0.s) (success)
Tactic call fast_rewrite-regression-cubic ran for 0.003 secs (0.003u,0.s) (success)
Tactic call abstract-regression-cubic ran for 0.004 secs (0.005u,0.s) (success)
Tactic call close-abstract-regression-cubic ran for 0.001 secs (0.001u,0.s)
Params: n= 18
Tactic call refine-regression-quadratic-regression-linear ran for 0. secs (0.u,0.s) (success)
Tactic call pose-build-and-refine-regression-cubic ran for 0.002 secs (0.002u,0.s) (success)
Tactic call fast_rewrite-regression-cubic ran for 0.002 secs (0.002u,0.s) (success)
Tactic call abstract-regression-cubic ran for 0.004 secs (0.004u,0.s) (success)
Tactic call close-abstract-regression-cubic ran for 0.001 secs (0.001u,0.s)
Params: n= 19
Tactic call refine-regression-quadratic-regression-linear ran for 0. secs (0.u,0.s) (success)
Tactic call pose-build-and-refine-regression-cubic ran for 0.003 secs (0.003u,0.s) (success)
Tactic call fast_rewrite-regression-cubic ran for 0.003 secs (0.003u,0.s) (success)
Tactic call abstract-regression-cubic ran for 0.004 secs (0.004u,0.s) (success)
Tactic call close-abstract-regression-cubic ran for 0.001 secs (0.001u,0.s)
Params: n= 20
Tactic call refine-regression-quadratic-regression-linear ran for 0. secs (0.u,0.s) (success)
Tactic call pose-build-and-refine-regression-cubic ran for 0.003 secs (0.003u,0.s) (success)
Tactic call fast_rewrite-regression-cubic ran for 0.003 secs (0.003u,0.s) (success)
Tactic call abstract-regression-cubic ran for 0.004 secs (0.004u,0.s) (success)
Tactic call close-abstract-regression-cubic ran for 0.001 secs (0.001u,0.s)
Params: n= 21
Tactic call refine-regression-quadratic-regression-linear ran for 0. secs (0.u,0.s) (success)
Tactic call pose-build-and-refine-regression-cubic ran for 0.003 secs (0.003u,0.s) (success)
Tactic call fast_rewrite-regression-cubic ran for 0.003 secs (0.003u,0.s) (success)
Tactic call abstract-regression-cubic ran for 0.005 secs (0.005u,0.s) (success)
Tactic call close-abstract-regression-cubic ran for 0.001 secs (0.001u,0.s)
Params: n= 22
Tactic call refine-regression-quadratic-regression-linear ran for 0. secs (0.u,0.s) (success)
Tactic call pose-build-and-refine-regression-cubic ran for 0.003 secs (0.003u,0.s) (success)
Tactic call fast_rewrite-regression-cubic ran for 0.003 secs (0.003u,0.s) (success)
Tactic call abstract-regression-cubic ran for 0.005 secs (0.005u,0.s) (success)
Tactic call close-abstract-regression-cubic ran for 0.001 secs (0.001u,0.s)
Params: n= 23
Tactic call refine-regression-quadratic-regression-linear ran for 0. secs (0.u,0.s) (success)
Tactic call pose-build-and-refine-regression-cubic ran for 0.003 secs (0.003u,0.s) (success)
Tactic call fast_rewrite-regression-cubic ran for 0.003 secs (0.003u,0.s) (success)
Tactic call abstract-regression-cubic ran for 0.005 secs (0.005u,0.s) (success)
Tactic call close-abstract-regression-cubic ran for 0.001 secs (0.001u,0.s)
Params: n= 24
Tactic call refine-regression-quadratic-regression-linear ran for 0. secs (0.u,0.s) (success)
Tactic call pose-build-and-refine-regression-cubic ran for 0.004 secs (0.004u,0.s) (success)
Tactic call fast_rewrite-regression-cubic ran for 0.004 secs (0.004u,0.s) (success)
Tactic call abstract-regression-cubic ran for 0.005 secs (0.005u,0.s) (success)
Tactic call close-abstract-regression-cubic ran for 0.001 secs (0.001u,0.s)
Params: n= 25
Tactic call refine-regression-quadratic-regression-linear ran for 0. secs (0.u,0.s) (success)
Tactic call pose-build-and-refine-regression-cubic ran for 0.003 secs (0.003u,0.s) (success)
Tactic call fast_rewrite-regression-cubic ran for 0.003 secs (0.003u,0.s) (success)
Tactic call abstract-regression-cubic ran for 0.005 secs (0.005u,0.s) (success)
Tactic call close-abstract-regression-cubic ran for 0.001 secs (0.001u,0.s)
Params: n= 26
Tactic call refine-regression-quadratic-regression-linear ran for 0. secs (0.u,0.s) (success)
Tactic call pose-build-and-refine-regression-cubic ran for 0.004 secs (0.004u,0.s) (success)
Tactic call fast_rewrite-regression-cubic ran for 0.004 secs (0.004u,0.s) (success)
Tactic call abstract-regression-cubic ran for 0.006 secs (0.006u,0.s) (success)
Tactic call close-abstract-regression-cubic ran for 0.001 secs (0.001u,0.s)
Params: n= 27
Tactic call refine-regression-quadratic-regression-linear ran for 0.003 secs (0.003u,0.s) (success)
Tactic call pose-build-and-refine-regression-cubic ran for 0.006 secs (0.006u,0.s) (success)
Tactic call fast_rewrite-regression-cubic ran for 0.006 secs (0.006u,0.s) (success)
Tactic call abstract-regression-cubic ran for 0.008 secs (0.008u,0.s) (success)
Tactic call close-abstract-regression-cubic ran for 0.001 secs (0.001u,0.s)
Params: n= 28
Tactic call refine-regression-quadratic-regression-linear ran for 0. secs (0.u,0.s) (success)
Tactic call pose-build-and-refine-regression-cubic ran for 0.004 secs (0.004u,0.s) (success)
Tactic call fast_rewrite-regression-cubic ran for 0.004 secs (0.004u,0.s) (success)
Tactic call abstract-regression-cubic ran for 0.006 secs (0.006u,0.s) (success)
Tactic call close-abstract-regression-cubic ran for 0.001 secs (0.001u,0.s)
Params: n= 29
Tactic call refine-regression-quadratic-regression-linear ran for 0. secs (0.u,0.s) (success)
Tactic call pose-build-and-refine-regression-cubic ran for 0.004 secs (0.004u,0.s) (success)
Tactic call fast_rewrite-regression-cubic ran for 0.004 secs (0.004u,0.s) (success)
Tactic call abstract-regression-cubic ran for 0.006 secs (0.006u,0.s) (success)
Tactic call close-abstract-regression-cubic ran for 0.002 secs (0.002u,0.s)
Params: n= 30
Tactic call refine-regression-quadratic-regression-linear ran for 0. secs (0.u,0.s) (success)
Tactic call pose-build-and-refine-regression-cubic ran for 0.004 secs (0.004u,0.s) (success)
Tactic call fast_rewrite-regression-cubic ran for 0.004 secs (0.004u,0.s) (success)
Tactic call abstract-regression-cubic ran for 0.006 secs (0.006u,0.s) (success)
Tactic call close-abstract-regression-cubic ran for 0.002 secs (0.002u,0.s)
Params: n= 31
Tactic call refine-regression-quadratic-regression-linear ran for 0. secs (0.u,0.s) (success)
Tactic call pose-build-and-refine-regression-cubic ran for 0.004 secs (0.004u,0.s) (success)
Tactic call fast_rewrite-regression-cubic ran for 0.004 secs (0.004u,0.s) (success)
Tactic call abstract-regression-cubic ran for 0.007 secs (0.007u,0.s) (success)
Tactic call close-abstract-regression-cubic ran for 0.002 secs (0.002u,0.s)
Params: n= 32
Tactic call refine-regression-quadratic-regression-linear ran for 0. secs (0.u,0.s) (success)
Tactic call pose-build-and-refine-regression-cubic ran for 0.004 secs (0.004u,0.s) (success)
Tactic call fast_rewrite-regression-cubic ran for 0.004 secs (0.004u,0.s) (success)
Tactic call abstract-regression-cubic ran for 0.007 secs (0.007u,0.s) (success)
Tactic call close-abstract-regression-cubic ran for 0.002 secs (0.002u,0.s)
Params: n= 33
Tactic call refine-regression-quadratic-regression-linear ran for 0. secs (0.u,0.s) (success)
Tactic call pose-build-and-refine-regression-cubic ran for 0.005 secs (0.005u,0.s) (success)
Tactic call fast_rewrite-regression-cubic ran for 0.005 secs (0.005u,0.s) (success)
Tactic call abstract-regression-cubic ran for 0.008 secs (0.008u,0.s) (success)
Tactic call close-abstract-regression-cubic ran for 0.002 secs (0.002u,0.s)
Params: n= 34
Tactic call refine-regression-quadratic-regression-linear ran for 0. secs (0.u,0.s) (success)
Tactic call pose-build-and-refine-regression-cubic ran for 0.006 secs (0.006u,0.s) (success)
Tactic call fast_rewrite-regression-cubic ran for 0.006 secs (0.006u,0.s) (success)
Tactic call abstract-regression-cubic ran for 0.009 secs (0.009u,0.s) (success)
Tactic call close-abstract-regression-cubic ran for 0.002 secs (0.002u,0.s)
Params: n= 35
Tactic call refine-regression-quadratic-regression-linear ran for 0. secs (0.u,0.s) (success)
Tactic call pose-build-and-refine-regression-cubic ran for 0.005 secs (0.005u,0.s) (success)
Tactic call fast_rewrite-regression-cubic ran for 0.005 secs (0.005u,0.s) (success)
Tactic call abstract-regression-cubic ran for 0.008 secs (0.008u,0.s) (success)
Tactic call close-abstract-regression-cubic ran for 0.002 secs (0.002u,0.s)
Params: n= 36
Tactic call refine-regression-quadratic-regression-linear ran for 0. secs (0.u,0.s) (success)
Tactic call pose-build-and-refine-regression-cubic ran for 0.01 secs (0.01u,0.s) (success)
Tactic call fast_rewrite-regression-cubic ran for 0.01 secs (0.01u,0.s) (success)
Tactic call abstract-regression-cubic ran for 0.013 secs (0.013u,0.s) (success)
Tactic call close-abstract-regression-cubic ran for 0.003 secs (0.003u,0.s)
Params: n= 37
Tactic call refine-regression-quadratic-regression-linear ran for 0. secs (0.u,0.s) (success)
Tactic call pose-build-and-refine-regression-cubic ran for 0.011 secs (0.011u,0.s) (success)
Tactic call fast_rewrite-regression-cubic ran for 0.011 secs (0.011u,0.s) (success)
Tactic call abstract-regression-cubic ran for 0.016 secs (0.016u,0.s) (success)
Tactic call close-abstract-regression-cubic ran for 0.004 secs (0.004u,0.s)
Params: n= 38
Tactic call refine-regression-quadratic-regression-linear ran for 0. secs (0.u,0.s) (success)
Tactic call pose-build-and-refine-regression-cubic ran for 0.007 secs (0.007u,0.s) (success)
Tactic call fast_rewrite-regression-cubic ran for 0.007 secs (0.007u,0.s) (success)
Tactic call abstract-regression-cubic ran for 0.011 secs (0.011u,0.s) (success)
Tactic call close-abstract-regression-cubic ran for 0.003 secs (0.003u,0.s)
Params: n= 39
Tactic call refine-regression-quadratic-regression-linear ran for 0. secs (0.u,0.s) (success)
Tactic call pose-build-and-refine-regression-cubic ran for 0.007 secs (0.007u,0.s) (success)
Tactic call fast_rewrite-regression-cubic ran for 0.007 secs (0.007u,0.s) (success)
Tactic call abstract-regression-cubic ran for 0.013 secs (0.013u,0.s) (success)
Tactic call close-abstract-regression-cubic ran for 0.004 secs (0.004u,0.s)
Params: n= 40
Tactic call refine-regression-quadratic-regression-linear ran for 0. secs (0.u,0.s) (success)
Tactic call pose-build-and-refine-regression-cubic ran for 0.007 secs (0.007u,0.s) (success)
Tactic call fast_rewrite-regression-cubic ran for 0.007 secs (0.007u,0.s) (success)
Tactic call abstract-regression-cubic ran for 0.01 secs (0.01u,0.s) (success)
Tactic call close-abstract-regression-cubic ran for 0.003 secs (0.003u,0.s)
Params: n= 41
Tactic call refine-regression-quadratic-regression-linear ran for 0. secs (0.u,0.s) (success)
Tactic call pose-build-and-refine-regression-cubic ran for 0.007 secs (0.007u,0.s) (success)
Tactic call fast_rewrite-regression-cubic ran for 0.007 secs (0.007u,0.s) (success)
Tactic call abstract-regression-cubic ran for 0.01 secs (0.01u,0.s) (success)
Tactic call close-abstract-regression-cubic ran for 0.003 secs (0.003u,0.s)
Params: n= 42
Tactic call refine-regression-quadratic-regression-linear ran for 0. secs (0.u,0.s) (success)
Tactic call pose-build-and-refine-regression-cubic ran for 0.006 secs (0.006u,0.s) (success)
Tactic call fast_rewrite-regression-cubic ran for 0.006 secs (0.006u,0.s) (success)
Tactic call abstract-regression-cubic ran for 0.01 secs (0.01u,0.s) (success)
Tactic call close-abstract-regression-cubic ran for 0.003 secs (0.003u,0.s)
Params: n= 43
Tactic call refine-regression-quadratic-regression-linear ran for 0. secs (0.u,0.s) (success)
Tactic call pose-build-and-refine-regression-cubic ran for 0.007 secs (0.007u,0.s) (success)
Tactic call fast_rewrite-regression-cubic ran for 0.007 secs (0.007u,0.s) (success)
Tactic call abstract-regression-cubic ran for 0.011 secs (0.011u,0.s) (success)
Tactic call close-abstract-regression-cubic ran for 0.004 secs (0.004u,0.s)
Params: n= 44
Tactic call refine-regression-quadratic-regression-linear ran for 0. secs (0.u,0.s) (success)
Tactic call pose-build-and-refine-regression-cubic ran for 0.009 secs (0.009u,0.s) (success)
Tactic call fast_rewrite-regression-cubic ran for 0.009 secs (0.009u,0.s) (success)
Tactic call abstract-regression-cubic ran for 0.015 secs (0.015u,0.s) (success)
Tactic call close-abstract-regression-cubic ran for 0.005 secs (0.005u,0.s)
Params: n= 45
Tactic call refine-regression-quadratic-regression-linear ran for 0. secs (0.u,0.s) (success)
Tactic call pose-build-and-refine-regression-cubic ran for 0.009 secs (0.009u,0.s) (success)
Tactic call fast_rewrite-regression-cubic ran for 0.009 secs (0.009u,0.s) (success)
Tactic call abstract-regression-cubic ran for 0.014 secs (0.014u,0.s) (success)
Tactic call close-abstract-regression-cubic ran for 0.004 secs (0.004u,0.s)
Params: n= 46
Tactic call refine-regression-quadratic-regression-linear ran for 0. secs (0.u,0.s) (success)
Tactic call pose-build-and-refine-regression-cubic ran for 0.008 secs (0.008u,0.s) (success)
Tactic call fast_rewrite-regression-cubic ran for 0.008 secs (0.008u,0.s) (success)
Tactic call abstract-regression-cubic ran for 0.014 secs (0.014u,0.s) (success)
Tactic call close-abstract-regression-cubic ran for 0.004 secs (0.004u,0.s)
Params: n= 47
Tactic call refine-regression-quadratic-regression-linear ran for 0. secs (0.u,0.s) (success)
Tactic call pose-build-and-refine-regression-cubic ran for 0.01 secs (0.01u,0.s) (success)
Tactic call fast_rewrite-regression-cubic ran for 0.01 secs (0.01u,0.s) (success)
Tactic call abstract-regression-cubic ran for 0.023 secs (0.023u,0.s) (success)
Tactic call close-abstract-regression-cubic ran for 0.012 secs (0.012u,0.s)
Params: n= 48
Tactic call refine-regression-quadratic-regression-linear ran for 0. secs (0.u,0.s) (success)
Tactic call pose-build-and-refine-regression-cubic ran for 0.007 secs (0.007u,0.s) (success)
Tactic call fast_rewrite-regression-cubic ran for 0.007 secs (0.007u,0.s) (success)
Tactic call abstract-regression-cubic ran for 0.012 secs (0.012u,0.s) (success)
Tactic call close-abstract-regression-cubic ran for 0.004 secs (0.004u,0.s)
Params: n= 49
Tactic call refine-regression-quadratic-regression-linear ran for 0. secs (0.u,0.s) (success)
Tactic call pose-build-and-refine-regression-cubic ran for 0.007 secs (0.007u,0.s) (success)
Tactic call fast_rewrite-regression-cubic ran for 0.007 secs (0.007u,0.s) (success)
Tactic call abstract-regression-cubic ran for 0.012 secs (0.012u,0.s) (success)
Tactic call close-abstract-regression-cubic ran for 0.004 secs (0.004u,0.s)
Params: n= 51
Tactic call refine-regression-quadratic-regression-linear ran for 0. secs (0.u,0.s) (success)
Tactic call pose-build-and-refine-regression-cubic ran for 0.008 secs (0.008u,0.s) (success)
Tactic call fast_rewrite-regression-cubic ran for 0.008 secs (0.008u,0.s) (success)
Tactic call abstract-regression-cubic ran for 0.019 secs (0.019u,0.s) (success)
Tactic call close-abstract-regression-cubic ran for 0.01 secs (0.01u,0.s)
Params: n= 52
Tactic call refine-regression-quadratic-regression-linear ran for 0. secs (0.u,0.s) (success)
Tactic call pose-build-and-refine-regression-cubic ran for 0.01 secs (0.01u,0.s) (success)
Tactic call fast_rewrite-regression-cubic ran for 0.01 secs (0.01u,0.s) (success)
Tactic call abstract-regression-cubic ran for 0.015 secs (0.015u,0.s) (success)
Tactic call close-abstract-regression-cubic ran for 0.005 secs (0.005u,0.s)
Params: n= 53
Tactic call refine-regression-quadratic-regression-linear ran for 0. secs (0.u,0.s) (success)
Tactic call pose-build-and-refine-regression-cubic ran for 0.008 secs (0.008u,0.s) (success)
Tactic call fast_rewrite-regression-cubic ran for 0.008 secs (0.008u,0.s) (success)
Tactic call abstract-regression-cubic ran for 0.014 secs (0.014u,0.s) (success)
Tactic call close-abstract-regression-cubic ran for 0.005 secs (0.005u,0.s)
Params: n= 54
Tactic call refine-regression-quadratic-regression-linear ran for 0. secs (0.u,0.s) (success)
Tactic call pose-build-and-refine-regression-cubic ran for 0.008 secs (0.008u,0.s) (success)
Tactic call fast_rewrite-regression-cubic ran for 0.008 secs (0.008u,0.s) (success)
Tactic call abstract-regression-cubic ran for 0.014 secs (0.014u,0.s) (success)
Tactic call close-abstract-regression-cubic ran for 0.005 secs (0.005u,0.s)
Params: n= 55
Tactic call refine-regression-quadratic-regression-linear ran for 0. secs (0.u,0.s) (success)
Tactic call pose-build-and-refine-regression-cubic ran for 0.008 secs (0.008u,0.s) (success)
Tactic call fast_rewrite-regression-cubic ran for 0.008 secs (0.008u,0.s) (success)
Tactic call abstract-regression-cubic ran for 0.014 secs (0.014u,0.s) (success)
Tactic call close-abstract-regression-cubic ran for 0.005 secs (0.005u,0.s)
Params: n= 56
Tactic call refine-regression-quadratic-regression-linear ran for 0. secs (0.u,0.s) (success)
Tactic call pose-build-and-refine-regression-cubic ran for 0.01 secs (0.01u,0.s) (success)
Tactic call fast_rewrite-regression-cubic ran for 0.01 secs (0.01u,0.s) (success)
Tactic call abstract-regression-cubic ran for 0.02 secs (0.02u,0.s) (success)
Tactic call close-abstract-regression-cubic ran for 0.009 secs (0.009u,0.s)
Params: n= 57
Tactic call refine-regression-quadratic-regression-linear ran for 0. secs (0.u,0.s) (success)
Tactic call pose-build-and-refine-regression-cubic ran for 0.012 secs (0.012u,0.s) (success)
Tactic call fast_rewrite-regression-cubic ran for 0.012 secs (0.012u,0.s) (success)
Tactic call abstract-regression-cubic ran for 0.023 secs (0.023u,0.s) (success)
Tactic call close-abstract-regression-cubic ran for 0.01 secs (0.01u,0.s)
Params: n= 58
Tactic call refine-regression-quadratic-regression-linear ran for 0. secs (0.u,0.s) (success)
Tactic call pose-build-and-refine-regression-cubic ran for 0.011 secs (0.011u,0.s) (success)
Tactic call fast_rewrite-regression-cubic ran for 0.011 secs (0.011u,0.s) (success)
Tactic call abstract-regression-cubic ran for 0.018 secs (0.018u,0.s) (success)
Tactic call close-abstract-regression-cubic ran for 0.006 secs (0.006u,0.s)
Params: n= 59
Tactic call refine-regression-quadratic-regression-linear ran for 0.001 secs (0.001u,0.s) (success)
Tactic call pose-build-and-refine-regression-cubic ran for 0.011 secs (0.011u,0.s) (success)
Tactic call fast_rewrite-regression-cubic ran for 0.011 secs (0.011u,0.s) (success)
Tactic call abstract-regression-cubic ran for 0.017 secs (0.017u,0.s) (success)
Tactic call close-abstract-regression-cubic ran for 0.006 secs (0.006u,0.s)
Params: n= 60
Tactic call refine-regression-quadratic-regression-linear ran for 0. secs (0.u,0.s) (success)
Tactic call pose-build-and-refine-regression-cubic ran for 0.013 secs (0.013u,0.s) (success)
Tactic call fast_rewrite-regression-cubic ran for 0.013 secs (0.013u,0.s) (success)
Tactic call abstract-regression-cubic ran for 0.02 secs (0.02u,0.s) (success)
Tactic call close-abstract-regression-cubic ran for 0.006 secs (0.006u,0.s)
Params: n= 61
Tactic call refine-regression-quadratic-regression-linear ran for 0. secs (0.u,0.s) (success)
Tactic call pose-build-and-refine-regression-cubic ran for 0.01 secs (0.01u,0.s) (success)
Tactic call fast_rewrite-regression-cubic ran for 0.01 secs (0.01u,0.s) (success)
Tactic call abstract-regression-cubic ran for 0.017 secs (0.017u,0.s) (success)
Tactic call close-abstract-regression-cubic ran for 0.006 secs (0.006u,0.s)
Params: n= 62
Tactic call refine-regression-quadratic-regression-linear ran for 0.001 secs (0.001u,0.s) (success)
Tactic call pose-build-and-refine-regression-cubic ran for 0.014 secs (0.014u,0.s) (success)
Tactic call fast_rewrite-regression-cubic ran for 0.014 secs (0.014u,0.s) (success)
Tactic call abstract-regression-cubic ran for 0.021 secs (0.021u,0.s) (success)
Tactic call close-abstract-regression-cubic ran for 0.006 secs (0.006u,0.s)
Params: n= 63
Tactic call refine-regression-quadratic-regression-linear ran for 0. secs (0.u,0.s) (success)
Tactic call pose-build-and-refine-regression-cubic ran for 0.011 secs (0.011u,0.s) (success)
Tactic call fast_rewrite-regression-cubic ran for 0.011 secs (0.011u,0.s) (success)
Tactic call abstract-regression-cubic ran for 0.018 secs (0.018u,0.s) (success)
Tactic call close-abstract-regression-cubic ran for 0.006 secs (0.006u,0.s)
Params: n= 64
Tactic call refine-regression-quadratic-regression-linear ran for 0. secs (0.u,0.s) (success)
Tactic call pose-build-and-refine-regression-cubic ran for 0.01 secs (0.01u,0.s) (success)
Tactic call fast_rewrite-regression-cubic ran for 0.01 secs (0.01u,0.s) (success)
Tactic call abstract-regression-cubic ran for 0.021 secs (0.021u,0.s) (success)
Tactic call close-abstract-regression-cubic ran for 0.01 secs (0.01u,0.s)
Params: n= 65
Tactic call refine-regression-quadratic-regression-linear ran for 0.001 secs (0.001u,0.s) (success)
Tactic call pose-build-and-refine-regression-cubic ran for 0.012 secs (0.012u,0.s) (success)
Tactic call fast_rewrite-regression-cubic ran for 0.012 secs (0.012u,0.s) (success)
Tactic call abstract-regression-cubic ran for 0.026 secs (0.026u,0.s) (success)
Tactic call close-abstract-regression-cubic ran for 0.013 secs (0.013u,0.s)
Params: n= 66
Tactic call refine-regression-quadratic-regression-linear ran for 0. secs (0.u,0.s) (success)
Tactic call pose-build-and-refine-regression-cubic ran for 0.017 secs (0.017u,0.s) (success)
Tactic call fast_rewrite-regression-cubic ran for 0.018 secs (0.017u,0.s) (success)
Tactic call abstract-regression-cubic ran for 0.028 secs (0.028u,0.s) (success)
Tactic call close-abstract-regression-cubic ran for 0.009 secs (0.01u,0.s)
Params: n= 67
Tactic call refine-regression-quadratic-regression-linear ran for 0.001 secs (0.001u,0.s) (success)
Tactic call pose-build-and-refine-regression-cubic ran for 0.013 secs (0.013u,0.s) (success)
Tactic call fast_rewrite-regression-cubic ran for 0.013 secs (0.013u,0.s) (success)
Tactic call abstract-regression-cubic ran for 0.024 secs (0.024u,0.s) (success)
Tactic call close-abstract-regression-cubic ran for 0.01 secs (0.01u,0.s)
Params: n= 68
Tactic call refine-regression-quadratic-regression-linear ran for 0.001 secs (0.001u,0.s) (success)
Tactic call pose-build-and-refine-regression-cubic ran for 0.019 secs (0.019u,0.s) (success)
Tactic call fast_rewrite-regression-cubic ran for 0.019 secs (0.019u,0.s) (success)
Tactic call abstract-regression-cubic ran for 0.03 secs (0.03u,0.s) (success)
Tactic call close-abstract-regression-cubic ran for 0.009 secs (0.009u,0.s)
Params: n= 69
Tactic call refine-regression-quadratic-regression-linear ran for 0. secs (0.u,0.s) (success)
Tactic call pose-build-and-refine-regression-cubic ran for 0.012 secs (0.012u,0.s) (success)
Tactic call fast_rewrite-regression-cubic ran for 0.012 secs (0.012u,0.s) (success)
Tactic call abstract-regression-cubic ran for 0.021 secs (0.021u,0.s) (success)
Tactic call close-abstract-regression-cubic ran for 0.008 secs (0.008u,0.s)
Params: n= 70
Tactic call refine-regression-quadratic-regression-linear ran for 0.001 secs (0.001u,0.s) (success)
Tactic call pose-build-and-refine-regression-cubic ran for 0.015 secs (0.017u,0.s) (success)
Tactic call fast_rewrite-regression-cubic ran for 0.015 secs (0.017u,0.s) (success)
Tactic call abstract-regression-cubic ran for 0.03 secs (0.03u,0.s) (success)
Tactic call close-abstract-regression-cubic ran for 0.013 secs (0.013u,0.s)
Params: n= 71
Tactic call refine-regression-quadratic-regression-linear ran for 0.001 secs (0.001u,0.s) (success)
Tactic call pose-build-and-refine-regression-cubic ran for 0.013 secs (0.013u,0.s) (success)
Tactic call fast_rewrite-regression-cubic ran for 0.013 secs (0.013u,0.s) (success)
Tactic call abstract-regression-cubic ran for 0.022 secs (0.022u,0.s) (success)
Tactic call close-abstract-regression-cubic ran for 0.008 secs (0.008u,0.s)
Params: n= 72
Tactic call refine-regression-quadratic-regression-linear ran for 0.001 secs (0.001u,0.s) (success)
Tactic call pose-build-and-refine-regression-cubic ran for 0.012 secs (0.012u,0.s) (success)
Tactic call fast_rewrite-regression-cubic ran for 0.012 secs (0.012u,0.s) (success)
Tactic call abstract-regression-cubic ran for 0.024 secs (0.021u,0.002s) (success)
Tactic call close-abstract-regression-cubic ran for 0.011 secs (0.008u,0.002s)
Params: n= 73
Tactic call refine-regression-quadratic-regression-linear ran for 0.001 secs (0.001u,0.s) (success)
Tactic call pose-build-and-refine-regression-cubic ran for 0.013 secs (0.013u,0.s) (success)
Tactic call fast_rewrite-regression-cubic ran for 0.013 secs (0.013u,0.s) (success)
Tactic call abstract-regression-cubic ran for 0.025 secs (0.025u,0.s) (success)
Tactic call close-abstract-regression-cubic ran for 0.01 secs (0.01u,0.s)
Params: n= 74
Tactic call refine-regression-quadratic-regression-linear ran for 0.001 secs (0.001u,0.s) (success)
Tactic call pose-build-and-refine-regression-cubic ran for 0.015 secs (0.015u,0.s) (success)
Tactic call fast_rewrite-regression-cubic ran for 0.015 secs (0.015u,0.s) (success)
Tactic call abstract-regression-cubic ran for 0.029 secs (0.029u,0.s) (success)
Tactic call close-abstract-regression-cubic ran for 0.011 secs (0.011u,0.s)
Params: n= 75
Tactic call refine-regression-quadratic-regression-linear ran for 0.001 secs (0.001u,0.s) (success)
Tactic call pose-build-and-refine-regression-cubic ran for 0.014 secs (0.014u,0.s) (success)
Tactic call fast_rewrite-regression-cubic ran for 0.014 secs (0.014u,0.s) (success)
Tactic call abstract-regression-cubic ran for 0.025 secs (0.025u,0.s) (success)
Tactic call close-abstract-regression-cubic ran for 0.011 secs (0.011u,0.s)
Params: n= 76
Tactic call refine-regression-quadratic-regression-linear ran for 0.001 secs (0.001u,0.s) (success)
Tactic call pose-build-and-refine-regression-cubic ran for 0.015 secs (0.015u,0.s) (success)
Tactic call fast_rewrite-regression-cubic ran for 0.015 secs (0.015u,0.s) (success)
Tactic call abstract-regression-cubic ran for 0.026 secs (0.026u,0.s) (success)
Tactic call close-abstract-regression-cubic ran for 0.01 secs (0.01u,0.s)
Params: n= 77
Tactic call refine-regression-quadratic-regression-linear ran for 0.001 secs (0.001u,0.s) (success)
Tactic call pose-build-and-refine-regression-cubic ran for 0.014 secs (0.014u,0.s) (success)
Tactic call fast_rewrite-regression-cubic ran for 0.014 secs (0.014u,0.s) (success)
Tactic call abstract-regression-cubic ran for 0.025 secs (0.025u,0.s) (success)
Tactic call close-abstract-regression-cubic ran for 0.009 secs (0.009u,0.s)
Params: n= 78
Tactic call refine-regression-quadratic-regression-linear ran for 0.001 secs (0.001u,0.s) (success)
Tactic call pose-build-and-refine-regression-cubic ran for 0.018 secs (0.018u,0.s) (success)
Tactic call fast_rewrite-regression-cubic ran for 0.018 secs (0.018u,0.s) (success)
Tactic call abstract-regression-cubic ran for 0.03 secs (0.03u,0.s) (success)
Tactic call close-abstract-regression-cubic ran for 0.011 secs (0.011u,0.s)
Params: n= 79
Tactic call refine-regression-quadratic-regression-linear ran for 0.001 secs (0.001u,0.s) (success)
Tactic call pose-build-and-refine-regression-cubic ran for 0.014 secs (0.014u,0.s) (success)
Tactic call fast_rewrite-regression-cubic ran for 0.014 secs (0.014u,0.s) (success)
Tactic call abstract-regression-cubic ran for 0.025 secs (0.025u,0.s) (success)
Tactic call close-abstract-regression-cubic ran for 0.01 secs (0.01u,0.s)
Params: n= 80
Tactic call refine-regression-quadratic-regression-linear ran for 0.001 secs (0.001u,0.s) (success)
Tactic call pose-build-and-refine-regression-cubic ran for 0.014 secs (0.014u,0.s) (success)
Tactic call fast_rewrite-regression-cubic ran for 0.014 secs (0.014u,0.s) (success)
Tactic call abstract-regression-cubic ran for 0.025 secs (0.025u,0.s) (success)
Tactic call close-abstract-regression-cubic ran for 0.011 secs (0.011u,0.s)
Params: n= 81
Tactic call refine-regression-quadratic-regression-linear ran for 0.001 secs (0.001u,0.s) (success)
Tactic call pose-build-and-refine-regression-cubic ran for 0.014 secs (0.014u,0.s) (success)
Tactic call fast_rewrite-regression-cubic ran for 0.014 secs (0.014u,0.s) (success)
Tactic call abstract-regression-cubic ran for 0.027 secs (0.027u,0.s) (success)
Tactic call close-abstract-regression-cubic ran for 0.012 secs (0.012u,0.s)
Params: n= 82
Tactic call refine-regression-quadratic-regression-linear ran for 0.001 secs (0.001u,0.s) (success)
Tactic call pose-build-and-refine-regression-cubic ran for 0.014 secs (0.014u,0.s) (success)
Tactic call fast_rewrite-regression-cubic ran for 0.014 secs (0.014u,0.s) (success)
Tactic call abstract-regression-cubic ran for 0.027 secs (0.027u,0.s) (success)
Tactic call close-abstract-regression-cubic ran for 0.012 secs (0.012u,0.s)
Params: n= 83
Tactic call refine-regression-quadratic-regression-linear ran for 0.001 secs (0.001u,0.s) (success)
Tactic call pose-build-and-refine-regression-cubic ran for 0.015 secs (0.015u,0.s) (success)
Tactic call fast_rewrite-regression-cubic ran for 0.015 secs (0.015u,0.s) (success)
Tactic call abstract-regression-cubic ran for 0.028 secs (0.028u,0.s) (success)
Tactic call close-abstract-regression-cubic ran for 0.011 secs (0.011u,0.s)
Params: n= 84
Tactic call refine-regression-quadratic-regression-linear ran for 0.001 secs (0.001u,0.s) (success)
Tactic call pose-build-and-refine-regression-cubic ran for 0.019 secs (0.019u,0.s) (success)
Tactic call fast_rewrite-regression-cubic ran for 0.019 secs (0.019u,0.s) (success)
Tactic call abstract-regression-cubic ran for 0.033 secs (0.033u,0.s) (success)
Tactic call close-abstract-regression-cubic ran for 0.013 secs (0.013u,0.s)
Params: n= 85
Tactic call refine-regression-quadratic-regression-linear ran for 0.001 secs (0.001u,0.s) (success)
Tactic call pose-build-and-refine-regression-cubic ran for 0.016 secs (0.016u,0.s) (success)
Tactic call fast_rewrite-regression-cubic ran for 0.016 secs (0.016u,0.s) (success)
Tactic call abstract-regression-cubic ran for 0.031 secs (0.027u,0.003s) (success)
Tactic call close-abstract-regression-cubic ran for 0.013 secs (0.01u,0.003s)
Params: n= 86
Tactic call refine-regression-quadratic-regression-linear ran for 0.001 secs (0.001u,0.s) (success)
Tactic call pose-build-and-refine-regression-cubic ran for 0.018 secs (0.018u,0.s) (success)
Tactic call fast_rewrite-regression-cubic ran for 0.018 secs (0.018u,0.s) (success)
Tactic call abstract-regression-cubic ran for 0.032 secs (0.032u,0.s) (success)
Tactic call close-abstract-regression-cubic ran for 0.013 secs (0.013u,0.s)
Params: n= 87
Tactic call refine-regression-quadratic-regression-linear ran for 0.001 secs (0.001u,0.s) (success)
Tactic call pose-build-and-refine-regression-cubic ran for 0.016 secs (0.016u,0.s) (success)
Tactic call fast_rewrite-regression-cubic ran for 0.016 secs (0.016u,0.s) (success)
Tactic call abstract-regression-cubic ran for 0.03 secs (0.03u,0.s) (success)
Tactic call close-abstract-regression-cubic ran for 0.012 secs (0.012u,0.s)
Params: n= 88
Tactic call refine-regression-quadratic-regression-linear ran for 0.001 secs (0.001u,0.s) (success)
Tactic call pose-build-and-refine-regression-cubic ran for 0.019 secs (0.019u,0.s) (success)
Tactic call fast_rewrite-regression-cubic ran for 0.019 secs (0.019u,0.s) (success)
Tactic call abstract-regression-cubic ran for 0.033 secs (0.033u,0.s) (success)
Tactic call close-abstract-regression-cubic ran for 0.012 secs (0.012u,0.s)
Params: n= 89
Tactic call refine-regression-quadratic-regression-linear ran for 0.001 secs (0.001u,0.s) (success)
Tactic call pose-build-and-refine-regression-cubic ran for 0.016 secs (0.016u,0.s) (success)
Tactic call fast_rewrite-regression-cubic ran for 0.016 secs (0.016u,0.s) (success)
Tactic call abstract-regression-cubic ran for 0.03 secs (0.03u,0.s) (success)
Tactic call close-abstract-regression-cubic ran for 0.012 secs (0.012u,0.s)
Params: n= 90
Tactic call refine-regression-quadratic-regression-linear ran for 0.001 secs (0.001u,0.s) (success)
Tactic call pose-build-and-refine-regression-cubic ran for 0.017 secs (0.017u,0.s) (success)
Tactic call fast_rewrite-regression-cubic ran for 0.017 secs (0.017u,0.s) (success)
Tactic call abstract-regression-cubic ran for 0.032 secs (0.032u,0.s) (success)
Tactic call close-abstract-regression-cubic ran for 0.013 secs (0.013u,0.s)
Params: n= 91
Tactic call refine-regression-quadratic-regression-linear ran for 0.001 secs (0.001u,0.s) (success)
Tactic call pose-build-and-refine-regression-cubic ran for 0.021 secs (0.021u,0.s) (success)
Tactic call fast_rewrite-regression-cubic ran for 0.021 secs (0.021u,0.s) (success)
Tactic call abstract-regression-cubic ran for 0.038 secs (0.039u,0.s) (success)
Tactic call close-abstract-regression-cubic ran for 0.016 secs (0.016u,0.s)
Params: n= 92
Tactic call refine-regression-quadratic-regression-linear ran for 0.001 secs (0.001u,0.s) (success)
Tactic call pose-build-and-refine-regression-cubic ran for 0.016 secs (0.018u,0.s) (success)
Tactic call fast_rewrite-regression-cubic ran for 0.016 secs (0.018u,0.s) (success)
Tactic call abstract-regression-cubic ran for 0.032 secs (0.033u,0.s) (success)
Tactic call close-abstract-regression-cubic ran for 0.015 secs (0.015u,0.s)
Params: n= 93
Tactic call refine-regression-quadratic-regression-linear ran for 0.001 secs (0.001u,0.s) (success)
Tactic call pose-build-and-refine-regression-cubic ran for 0.019 secs (0.019u,0.s) (success)
Tactic call fast_rewrite-regression-cubic ran for 0.02 secs (0.02u,0.s) (success)
Tactic call abstract-regression-cubic ran for 0.035 secs (0.035u,0.s) (success)
Tactic call close-abstract-regression-cubic ran for 0.015 secs (0.015u,0.s)
Params: n= 94
Tactic call refine-regression-quadratic-regression-linear ran for 0.001 secs (0.001u,0.s) (success)
Tactic call pose-build-and-refine-regression-cubic ran for 0.023 secs (0.023u,0.s) (success)
Tactic call fast_rewrite-regression-cubic ran for 0.023 secs (0.023u,0.s) (success)
Tactic call abstract-regression-cubic ran for 0.04 secs (0.04u,0.s) (success)
Tactic call close-abstract-regression-cubic ran for 0.016 secs (0.016u,0.s)
Params: n= 95
Tactic call refine-regression-quadratic-regression-linear ran for 0.001 secs (0.001u,0.s) (success)
Tactic call pose-build-and-refine-regression-cubic ran for 0.018 secs (0.018u,0.s) (success)
Tactic call fast_rewrite-regression-cubic ran for 0.018 secs (0.018u,0.s) (success)
Tactic call abstract-regression-cubic ran for 0.036 secs (0.036u,0.s) (success)
Tactic call close-abstract-regression-cubic ran for 0.016 secs (0.016u,0.s)
Params: n= 96
Tactic call refine-regression-quadratic-regression-linear ran for 0.001 secs (0.001u,0.s) (success)
Tactic call pose-build-and-refine-regression-cubic ran for 0.019 secs (0.019u,0.s) (success)
Tactic call fast_rewrite-regression-cubic ran for 0.019 secs (0.019u,0.s) (success)
Tactic call abstract-regression-cubic ran for 0.036 secs (0.036u,0.s) (success)
Tactic call close-abstract-regression-cubic ran for 0.015 secs (0.015u,0.s)
Params: n= 97
Tactic call refine-regression-quadratic-regression-linear ran for 0.001 secs (0.001u,0.s) (success)
Tactic call pose-build-and-refine-regression-cubic ran for 0.024 secs (0.024u,0.s) (success)
Tactic call fast_rewrite-regression-cubic ran for 0.024 secs (0.024u,0.s) (success)
Tactic call abstract-regression-cubic ran for 0.041 secs (0.041u,0.s) (success)
Tactic call close-abstract-regression-cubic ran for 0.016 secs (0.016u,0.s)
Params: n= 98
Tactic call refine-regression-quadratic-regression-linear ran for 0.001 secs (0.002u,0.s) (success)
Tactic call pose-build-and-refine-regression-cubic ran for 0.029 secs (0.029u,0.s) (success)
Tactic call fast_rewrite-regression-cubic ran for 0.029 secs (0.029u,0.s) (success)
Tactic call abstract-regression-cubic ran for 0.046 secs (0.046u,0.s) (success)
Tactic call close-abstract-regression-cubic ran for 0.016 secs (0.016u,0.s)
Params: n= 99
Tactic call refine-regression-quadratic-regression-linear ran for 0.001 secs (0.001u,0.s) (success)
Tactic call pose-build-and-refine-regression-cubic ran for 0.019 secs (0.019u,0.s) (success)
Tactic call fast_rewrite-regression-cubic ran for 0.019 secs (0.019u,0.s) (success)
Tactic call abstract-regression-cubic ran for 0.039 secs (0.039u,0.s) (success)
Tactic call close-abstract-regression-cubic ran for 0.019 secs (0.019u,0.s)
Params: n= 110
Tactic call refine-regression-quadratic-regression-linear ran for 0.001 secs (0.001u,0.s) (success)
Tactic call pose-build-and-refine-regression-cubic ran for 0.025 secs (0.025u,0.s) (success)
Tactic call fast_rewrite-regression-cubic ran for 0.025 secs (0.025u,0.s) (success)
Tactic call abstract-regression-cubic ran for 0.047 secs (0.047u,0.s) (success)
Tactic call close-abstract-regression-cubic ran for 0.021 secs (0.021u,0.s)
Params: n= 120
Tactic call refine-regression-quadratic-regression-linear ran for 0.001 secs (0.001u,0.s) (success)
Tactic call pose-build-and-refine-regression-cubic ran for 0.024 secs (0.024u,0.s) (success)
Tactic call fast_rewrite-regression-cubic ran for 0.024 secs (0.024u,0.s) (success)
Tactic call abstract-regression-cubic ran for 0.052 secs (0.052u,0.s) (success)
Tactic call close-abstract-regression-cubic ran for 0.026 secs (0.026u,0.s)
Params: n= 130
Tactic call refine-regression-quadratic-regression-linear ran for 0.002 secs (0.002u,0.s) (success)
Tactic call pose-build-and-refine-regression-cubic ran for 0.029 secs (0.029u,0.s) (success)
Tactic call fast_rewrite-regression-cubic ran for 0.029 secs (0.029u,0.s) (success)
Tactic call abstract-regression-cubic ran for 0.062 secs (0.062u,0.s) (success)
Tactic call close-abstract-regression-cubic ran for 0.031 secs (0.031u,0.s)
Params: n= 140
Tactic call refine-regression-quadratic-regression-linear ran for 0.002 secs (0.002u,0.s) (success)
Tactic call pose-build-and-refine-regression-cubic ran for 0.029 secs (0.029u,0.s) (success)
Tactic call fast_rewrite-regression-cubic ran for 0.029 secs (0.029u,0.s) (success)
Tactic call abstract-regression-cubic ran for 0.07 secs (0.07u,0.s) (success)
Tactic call close-abstract-regression-cubic ran for 0.038 secs (0.038u,0.s)
Params: n= 160
Tactic call refine-regression-quadratic-regression-linear ran for 0.002 secs (0.002u,0.s) (success)
Tactic call pose-build-and-refine-regression-cubic ran for 0.043 secs (0.043u,0.s) (success)
Tactic call fast_rewrite-regression-cubic ran for 0.043 secs (0.043u,0.s) (success)
Tactic call abstract-regression-cubic ran for 0.099 secs (0.099u,0.s) (success)
Tactic call close-abstract-regression-cubic ran for 0.054 secs (0.054u,0.s)
Params: n= 170
Tactic call refine-regression-quadratic-regression-linear ran for 0.002 secs (0.002u,0.s) (success)
Tactic call pose-build-and-refine-regression-cubic ran for 0.048 secs (0.048u,0.s) (success)
Tactic call fast_rewrite-regression-cubic ran for 0.048 secs (0.048u,0.s) (success)
Tactic call abstract-regression-cubic ran for 0.117 secs (0.117u,0.s) (success)
Tactic call close-abstract-regression-cubic ran for 0.068 secs (0.068u,0.s)
Params: n= 180
Tactic call refine-regression-quadratic-regression-linear ran for 0.002 secs (0.002u,0.s) (success)
Tactic call pose-build-and-refine-regression-cubic ran for 0.044 secs (0.044u,0.s) (success)
Tactic call fast_rewrite-regression-cubic ran for 0.044 secs (0.044u,0.s) (success)
Tactic call abstract-regression-cubic ran for 0.135 secs (0.135u,0.s) (success)
Tactic call close-abstract-regression-cubic ran for 0.09 secs (0.09u,0.s)
Params: n= 190
Tactic call refine-regression-quadratic-regression-linear ran for 0.002 secs (0.002u,0.s) (success)
Tactic call pose-build-and-refine-regression-cubic ran for 0.05 secs (0.05u,0.s) (success)
Tactic call fast_rewrite-regression-cubic ran for 0.05 secs (0.05u,0.s) (success)
Tactic call abstract-regression-cubic ran for 0.135 secs (0.135u,0.s) (success)
Tactic call close-abstract-regression-cubic ran for 0.083 secs (0.083u,0.s)
Params: n= 210
Tactic call refine-regression-quadratic-regression-linear ran for 0.003 secs (0.003u,0.s) (success)
Tactic call pose-build-and-refine-regression-cubic ran for 0.057 secs (0.057u,0.s) (success)
Tactic call fast_rewrite-regression-cubic ran for 0.058 secs (0.058u,0.s) (success)
Tactic call abstract-regression-cubic ran for 0.176 secs (0.176u,0.s) (success)
Tactic call close-abstract-regression-cubic ran for 0.116 secs (0.116u,0.s)
Params: n= 220
Tactic call refine-regression-quadratic-regression-linear ran for 0.003 secs (0.003u,0.s) (success)
Tactic call pose-build-and-refine-regression-cubic ran for 0.065 secs (0.065u,0.s) (success)
Tactic call fast_rewrite-regression-cubic ran for 0.065 secs (0.065u,0.s) (success)
Tactic call abstract-regression-cubic ran for 0.191 secs (0.191u,0.s) (success)
Tactic call close-abstract-regression-cubic ran for 0.124 secs (0.124u,0.s)
Params: n= 230
Tactic call refine-regression-quadratic-regression-linear ran for 0.006 secs (0.006u,0.s) (success)
Tactic call pose-build-and-refine-regression-cubic ran for 0.063 secs (0.063u,0.s) (success)
Tactic call fast_rewrite-regression-cubic ran for 0.063 secs (0.063u,0.s) (success)
Tactic call abstract-regression-cubic ran for 0.22 secs (0.219u,0.s) (success)
Tactic call close-abstract-regression-cubic ran for 0.152 secs (0.152u,0.s)
Params: n= 240
Tactic call refine-regression-quadratic-regression-linear ran for 0.003 secs (0.006u,0.s) (success)
Tactic call pose-build-and-refine-regression-cubic ran for 0.071 secs (0.071u,0.s) (success)
Tactic call fast_rewrite-regression-cubic ran for 0.071 secs (0.071u,0.s) (success)
Tactic call abstract-regression-cubic ran for 0.227 secs (0.227u,0.s) (success)
Tactic call close-abstract-regression-cubic ran for 0.155 secs (0.155u,0.s)
Params: n= 260
Tactic call refine-regression-quadratic-regression-linear ran for 0.002 secs (0.002u,0.s) (success)
Tactic call pose-build-and-refine-regression-cubic ran for 0.086 secs (0.086u,0.s) (success)
Tactic call fast_rewrite-regression-cubic ran for 0.086 secs (0.086u,0.s) (success)
Tactic call abstract-regression-cubic ran for 0.287 secs (0.287u,0.s) (success)
Tactic call close-abstract-regression-cubic ran for 0.2 secs (0.2u,0.s)
Params: n= 270
Tactic call refine-regression-quadratic-regression-linear ran for 0.003 secs (0.003u,0.s) (success)
Tactic call pose-build-and-refine-regression-cubic ran for 0.109 secs (0.109u,0.s) (success)
Tactic call fast_rewrite-regression-cubic ran for 0.109 secs (0.109u,0.s) (success)
Tactic call abstract-regression-cubic ran for 0.329 secs (0.329u,0.s) (success)
Tactic call close-abstract-regression-cubic ran for 0.219 secs (0.219u,0.s)
Params: n= 280
Tactic call refine-regression-quadratic-regression-linear ran for 0.004 secs (0.004u,0.s) (success)
Tactic call pose-build-and-refine-regression-cubic ran for 0.086 secs (0.086u,0.s) (success)
Tactic call fast_rewrite-regression-cubic ran for 0.086 secs (0.086u,0.s) (success)
Tactic call abstract-regression-cubic ran for 0.339 secs (0.339u,0.s) (success)
Tactic call close-abstract-regression-cubic ran for 0.251 secs (0.251u,0.s)
Params: n= 290
Tactic call refine-regression-quadratic-regression-linear ran for 0.003 secs (0.003u,0.s) (success)
Tactic call pose-build-and-refine-regression-cubic ran for 0.11 secs (0.11u,0.s) (success)
Tactic call fast_rewrite-regression-cubic ran for 0.11 secs (0.11u,0.s) (success)
Tactic call abstract-regression-cubic ran for 0.393 secs (0.393u,0.s) (success)
Tactic call close-abstract-regression-cubic ran for 0.282 secs (0.282u,0.s)
Params: n= 310
Tactic call refine-regression-quadratic-regression-linear ran for 0.024 secs (0.024u,0.s) (success)
Tactic call pose-build-and-refine-regression-cubic ran for 0.126 secs (0.126u,0.s) (success)
Tactic call fast_rewrite-regression-cubic ran for 0.126 secs (0.126u,0.s) (success)
Tactic call abstract-regression-cubic ran for 0.479 secs (0.479u,0.s) (success)
Tactic call close-abstract-regression-cubic ran for 0.323 secs (0.323u,0.s)
Params: n= 320
Tactic call refine-regression-quadratic-regression-linear ran for 0.004 secs (0.004u,0.s) (success)
Tactic call pose-build-and-refine-regression-cubic ran for 0.144 secs (0.144u,0.s) (success)
Tactic call fast_rewrite-regression-cubic ran for 0.145 secs (0.144u,0.s) (success)
Tactic call abstract-regression-cubic ran for 0.502 secs (0.502u,0.s) (success)
Tactic call close-abstract-regression-cubic ran for 0.355 secs (0.355u,0.s)
Params: n= 330
Tactic call refine-regression-quadratic-regression-linear ran for 0.005 secs (0.005u,0.s) (success)
Tactic call pose-build-and-refine-regression-cubic ran for 0.107 secs (0.107u,0.s) (success)
Tactic call fast_rewrite-regression-cubic ran for 0.107 secs (0.107u,0.s) (success)
Tactic call abstract-regression-cubic ran for 0.52 secs (0.52u,0.s) (success)
Tactic call close-abstract-regression-cubic ran for 0.411 secs (0.411u,0.s)
Params: n= 340
Tactic call refine-regression-quadratic-regression-linear ran for 0.005 secs (0.005u,0.s) (success)
Tactic call pose-build-and-refine-regression-cubic ran for 0.133 secs (0.133u,0.s) (success)
Tactic call fast_rewrite-regression-cubic ran for 0.133 secs (0.133u,0.s) (success)
Tactic call abstract-regression-cubic ran for 0.571 secs (0.567u,0.003s) (success)
Tactic call close-abstract-regression-cubic ran for 0.437 secs (0.433u,0.003s)
Params: n= 360
Tactic call refine-regression-quadratic-regression-linear ran for 0.005 secs (0.005u,0.s) (success)
Tactic call pose-build-and-refine-regression-cubic ran for 0.156 secs (0.156u,0.s) (success)
Tactic call fast_rewrite-regression-cubic ran for 0.156 secs (0.156u,0.s) (success)
Tactic call abstract-regression-cubic ran for 0.678 secs (0.674u,0.003s) (success)
Tactic call close-abstract-regression-cubic ran for 0.52 secs (0.516u,0.003s)
Params: n= 370
Tactic call refine-regression-quadratic-regression-linear ran for 0.005 secs (0.005u,0.s) (success)
Tactic call pose-build-and-refine-regression-cubic ran for 0.145 secs (0.141u,0.003s) (success)
Tactic call fast_rewrite-regression-cubic ran for 0.145 secs (0.141u,0.003s) (success)
Tactic call abstract-regression-cubic ran for 0.703 secs (0.699u,0.004s) (success)
Tactic call close-abstract-regression-cubic ran for 0.556 secs (0.556u,0.s)
Params: n= 380
Tactic call refine-regression-quadratic-regression-linear ran for 0.016 secs (0.016u,0.s) (success)
Tactic call pose-build-and-refine-regression-cubic ran for 0.161 secs (0.161u,0.s) (success)
Tactic call fast_rewrite-regression-cubic ran for 0.161 secs (0.161u,0.s) (success)
Tactic call abstract-regression-cubic ran for 0.742 secs (0.741u,0.s) (success)
Tactic call close-abstract-regression-cubic ran for 0.579 secs (0.579u,0.s)
Params: n= 390
Tactic call refine-regression-quadratic-regression-linear ran for 0.006 secs (0.006u,0.s) (success)
Tactic call pose-build-and-refine-regression-cubic ran for 0.151 secs (0.151u,0.s) (success)
Tactic call fast_rewrite-regression-cubic ran for 0.151 secs (0.151u,0.s) (success)
Tactic call abstract-regression-cubic ran for 0.8 secs (0.796u,0.004s) (success)
Tactic call close-abstract-regression-cubic ran for 0.647 secs (0.643u,0.004s)
Params: n= 500
Tactic call refine-regression-quadratic-regression-linear ran for 0.007 secs (0.006u,0.s) (success)
Tactic call pose-build-and-refine-regression-cubic ran for 0.337 secs (0.321u,0.016s) (success)
Tactic call fast_rewrite-regression-cubic ran for 0.337 secs (0.321u,0.016s) (success)
Tactic call abstract-regression-cubic ran for 1.594 secs (1.573u,0.016s) (success)
Tactic call close-abstract-regression-cubic ran for 1.254 secs (1.25u,0.s)
Params: n= 600
Tactic call refine-regression-quadratic-regression-linear ran for 0.009 secs (0.009u,0.s) (success)
Tactic call pose-build-and-refine-regression-cubic ran for 0.326 secs (0.318u,0.008s) (success)
Tactic call fast_rewrite-regression-cubic ran for 0.326 secs (0.318u,0.008s) (success)
Tactic call abstract-regression-cubic ran for 2.515 secs (2.495u,0.02s) (success)
Tactic call close-abstract-regression-cubic ran for 2.188 secs (2.175u,0.012s)
Params: n= 700
Tactic call refine-regression-quadratic-regression-linear ran for 0.018 secs (0.018u,0.s) (success)
Tactic call pose-build-and-refine-regression-cubic ran for 0.568 secs (0.568u,0.s) (success)
Tactic call fast_rewrite-regression-cubic ran for 0.568 secs (0.568u,0.s) (success)
Tactic call abstract-regression-cubic ran for 4.064 secs (4.063u,0.s) (success)
Tactic call close-abstract-regression-cubic ran for 3.494 secs (3.494u,0.s)
Params: n= 800
Tactic call refine-regression-quadratic-regression-linear ran for 0.01 secs (0.01u,0.s) (success)
Tactic call pose-build-and-refine-regression-cubic ran for 0.589 secs (0.581u,0.007s) (success)
Tactic call fast_rewrite-regression-cubic ran for 0.589 secs (0.581u,0.007s) (success)
Tactic call abstract-regression-cubic ran for 5.673 secs (5.652u,0.019s) (success)
Tactic call close-abstract-regression-cubic ran for 5.082 secs (5.069u,0.012s)
Params: n= 900
Tactic call refine-regression-quadratic-regression-linear ran for 0.012 secs (0.012u,0.s) (success)
Tactic call pose-build-and-refine-regression-cubic ran for 0.788 secs (0.776u,0.012s) (success)
Tactic call fast_rewrite-regression-cubic ran for 0.788 secs (0.776u,0.012s) (success)
Tactic call abstract-regression-cubic ran for 8.081 secs (8.068u,0.012s) (success)
Tactic call close-abstract-regression-cubic ran for 7.292 secs (7.291u,0.s)
Params: n= 1000
Tactic call refine-regression-quadratic-regression-linear ran for 0.015 secs (0.015u,0.s) (success)
Tactic call pose-build-and-refine-regression-cubic ran for 0.868 secs (0.852u,0.016s) (success)
Tactic call fast_rewrite-regression-cubic ran for 0.868 secs (0.852u,0.016s) (success)
Tactic call abstract-regression-cubic ran for 10.888 secs (10.854u,0.032s) (success)
Tactic call close-abstract-regression-cubic ran for 10.018 secs (10.u,0.016s)
