Params: n= 50
Tactic call refine-regression-quadratic-regression-linear ran for 0. secs (0.u,0.s) (success)
Tactic call pose-build-and-refine-regression-cubic ran for 0.009 secs (0.004u,0.004s) (success)
Tactic call fast_rewrite-regression-cubic ran for 0.009 secs (0.004u,0.004s) (success)
Tactic call abstract-regression-cubic ran for 0.014 secs (0.01u,0.004s) (success)
Tactic call close-abstract-regression-cubic ran for 0.005 secs (0.005u,0.s)
Params: n= 100
Tactic call refine-regression-quadratic-regression-linear ran for 0.001 secs (0.001u,0.s) (success)
Tactic call pose-build-and-refine-regression-cubic ran for 0.023 secs (0.011u,0.012s) (success)
Tactic call fast_rewrite-regression-cubic ran for 0.023 secs (0.011u,0.012s) (success)
Tactic call abstract-regression-cubic ran for 0.101 secs (0.087u,0.012s) (success)
Tactic call close-abstract-regression-cubic ran for 0.078 secs (0.075u,0.s)
Params: n= 150
Tactic call refine-regression-quadratic-regression-linear ran for 0.001 secs (0.001u,0.s) (success)
Tactic call pose-build-and-refine-regression-cubic ran for 0.025 secs (0.03u,0.s) (success)
Tactic call fast_rewrite-regression-cubic ran for 0.025 secs (0.03u,0.s) (success)
Tactic call abstract-regression-cubic ran for 0.063 secs (0.067u,0.s) (success)
Tactic call close-abstract-regression-cubic ran for 0.037 secs (0.036u,0.s)
Params: n= 200
Tactic call refine-regression-quadratic-regression-linear ran for 0.002 secs (0.001u,0.s) (success)
Tactic call pose-build-and-refine-regression-cubic ran for 0.042 secs (0.038u,0.003s) (success)
Tactic call fast_rewrite-regression-cubic ran for 0.042 secs (0.038u,0.003s) (success)
Tactic call abstract-regression-cubic ran for 0.118 secs (0.114u,0.003s) (success)
Tactic call close-abstract-regression-cubic ran for 0.075 secs (0.075u,0.s)
Params: n= 250
Tactic call refine-regression-quadratic-regression-linear ran for 0.002 secs (0.002u,0.s) (success)
Tactic call pose-build-and-refine-regression-cubic ran for 0.067 secs (0.067u,0.s) (success)
Tactic call fast_rewrite-regression-cubic ran for 0.067 secs (0.067u,0.s) (success)
Tactic call abstract-regression-cubic ran for 0.208 secs (0.208u,0.s) (success)
Tactic call close-abstract-regression-cubic ran for 0.141 secs (0.141u,0.s)
Params: n= 300
Tactic call refine-regression-quadratic-regression-linear ran for 0.003 secs (0.003u,0.s) (success)
Tactic call pose-build-and-refine-regression-cubic ran for 0.075 secs (0.075u,0.s) (success)
Tactic call fast_rewrite-regression-cubic ran for 0.075 secs (0.075u,0.s) (success)
Tactic call abstract-regression-cubic ran for 0.302 secs (0.302u,0.s) (success)
Tactic call close-abstract-regression-cubic ran for 0.226 secs (0.226u,0.s)
Params: n= 350
Tactic call refine-regression-quadratic-regression-linear ran for 0.003 secs (0.003u,0.s) (success)
Tactic call pose-build-and-refine-regression-cubic ran for 0.1 secs (0.1u,0.s) (success)
Tactic call fast_rewrite-regression-cubic ran for 0.1 secs (0.1u,0.s) (success)
Tactic call abstract-regression-cubic ran for 0.465 secs (0.465u,0.s) (success)
Tactic call close-abstract-regression-cubic ran for 0.365 secs (0.365u,0.s)
Params: n= 400
Tactic call refine-regression-quadratic-regression-linear ran for 0.004 secs (0.004u,0.s) (success)
Tactic call pose-build-and-refine-regression-cubic ran for 0.124 secs (0.122u,0.002s) (success)
Tactic call fast_rewrite-regression-cubic ran for 0.124 secs (0.122u,0.002s) (success)
Tactic call abstract-regression-cubic ran for 0.674 secs (0.672u,0.002s) (success)
Tactic call close-abstract-regression-cubic ran for 0.55 secs (0.549u,0.s)
