Params: n= 50
Tactic call rewrite_strat-topdown ran for 0.104 secs (0.072u,0.032s) (success)
Tactic call rewrite_strat-topdown-noop ran for 0. secs (0.u,0.s) (success)
Tactic call abstract+rewrite_strat-topdown ran for 0.131 secs (0.098u,0.032s) (success)
Tactic call close-abstract+rewrite_strat-topdown ran for 0.025 secs (0.025u,0.s)
Params: n= 100
Tactic call rewrite_strat-topdown ran for 0.134 secs (0.134u,0.s) (success)
Tactic call rewrite_strat-topdown-noop ran for 0.001 secs (0.001u,0.s) (success)
Tactic call abstract+rewrite_strat-topdown ran for 0.247 secs (0.247u,0.s) (success)
Tactic call close-abstract+rewrite_strat-topdown ran for 0.111 secs (0.11u,0.s)
Params: n= 150
Tactic call rewrite_strat-topdown ran for 0.321 secs (0.32u,0.s) (success)
Tactic call rewrite_strat-topdown-noop ran for 0.003 secs (0.003u,0.s) (success)
Tactic call abstract+rewrite_strat-topdown ran for 0.585 secs (0.584u,0.s) (success)
Tactic call close-abstract+rewrite_strat-topdown ran for 0.26 secs (0.26u,0.s)
Params: n= 200
Tactic call rewrite_strat-topdown ran for 0.573 secs (0.573u,0.s) (success)
Tactic call rewrite_strat-topdown-noop ran for 0.014 secs (0.014u,0.s) (success)
Tactic call abstract+rewrite_strat-topdown ran for 1.035 secs (1.035u,0.s) (success)
Tactic call close-abstract+rewrite_strat-topdown ran for 0.446 secs (0.445u,0.s)
Params: n= 250
Tactic call rewrite_strat-topdown ran for 0.848 secs (0.832u,0.015s) (success)
Tactic call rewrite_strat-topdown-noop ran for 0.006 secs (0.006u,0.s) (success)
Tactic call abstract+rewrite_strat-topdown ran for 1.492 secs (1.476u,0.016s) (success)
Tactic call close-abstract+rewrite_strat-topdown ran for 0.629 secs (0.629u,0.s)
Params: n= 300
Tactic call rewrite_strat-topdown ran for 1.366 secs (1.342u,0.023s) (success)
Tactic call rewrite_strat-topdown-noop ran for 0.007 secs (0.007u,0.s) (success)
Tactic call abstract+rewrite_strat-topdown ran for 2.287 secs (2.262u,0.023s) (success)
Tactic call close-abstract+rewrite_strat-topdown ran for 0.912 secs (0.912u,0.s)
Params: n= 350
Tactic call rewrite_strat-topdown ran for 1.747 secs (1.739u,0.007s) (success)
Tactic call rewrite_strat-topdown-noop ran for 0.01 secs (0.01u,0.s) (success)
Tactic call abstract+rewrite_strat-topdown ran for 2.909 secs (2.893u,0.015s) (success)
Tactic call close-abstract+rewrite_strat-topdown ran for 1.149 secs (1.141u,0.007s)
Params: n= 400
Tactic call rewrite_strat-topdown ran for 2.42 secs (2.411u,0.008s) (success)
Tactic call rewrite_strat-topdown-noop ran for 0.015 secs (0.015u,0.s) (success)
Tactic call abstract+rewrite_strat-topdown ran for 4.031 secs (4.022u,0.008s) (success)
Tactic call close-abstract+rewrite_strat-topdown ran for 1.594 secs (1.593u,0.s)
