Params: n= 4
Tactic call rewrite_strat-bottomup ran for 0.003 secs (0.003u,0.s) (success)
Tactic call rewrite_strat-bottomup-noop ran for 0. secs (0.u,0.s) (success)
Tactic call abstract+rewrite_strat-bottomup ran for 0.004 secs (0.004u,0.s) (success)
Tactic call close-abstract+rewrite_strat-bottomup ran for 0.001 secs (0.001u,0.s)
Params: n= 5
Tactic call rewrite_strat-bottomup ran for 0.003 secs (0.003u,0.s) (success)
Tactic call rewrite_strat-bottomup-noop ran for 0. secs (0.u,0.s) (success)
Tactic call abstract+rewrite_strat-bottomup ran for 0.005 secs (0.004u,0.001s) (success)
Tactic call close-abstract+rewrite_strat-bottomup ran for 0.001 secs (0.u,0.001s)
Params: n= 6
Tactic call rewrite_strat-bottomup ran for 0.005 secs (0.003u,0.001s) (success)
Tactic call rewrite_strat-bottomup-noop ran for 0. secs (0.u,0.s) (success)
Tactic call abstract+rewrite_strat-bottomup ran for 0.007 secs (0.005u,0.001s) (success)
Tactic call close-abstract+rewrite_strat-bottomup ran for 0.001 secs (0.001u,0.s)
Params: n= 7
Tactic call rewrite_strat-bottomup ran for 0.006 secs (0.006u,0.s) (success)
Tactic call rewrite_strat-bottomup-noop ran for 0. secs (0.u,0.s) (success)
Tactic call abstract+rewrite_strat-bottomup ran for 0.071 secs (0.055u,0.015s) (success)
Tactic call close-abstract+rewrite_strat-bottomup ran for 0.064 secs (0.049u,0.015s)
Params: n= 8
Tactic call rewrite_strat-bottomup ran for 0.004 secs (0.004u,0.s) (success)
Tactic call rewrite_strat-bottomup-noop ran for 0. secs (0.u,0.s) (success)
Tactic call abstract+rewrite_strat-bottomup ran for 0.006 secs (0.006u,0.s) (success)
Tactic call close-abstract+rewrite_strat-bottomup ran for 0.001 secs (0.001u,0.s)
Params: n= 9
Tactic call rewrite_strat-bottomup ran for 0.005 secs (0.005u,0.s) (success)
Tactic call rewrite_strat-bottomup-noop ran for 0. secs (0.u,0.s) (success)
Tactic call abstract+rewrite_strat-bottomup ran for 0.007 secs (0.007u,0.s) (success)
Tactic call close-abstract+rewrite_strat-bottomup ran for 0.001 secs (0.001u,0.s)
Params: n= 10
Tactic call rewrite_strat-bottomup ran for 0.006 secs (0.006u,0.s) (success)
Tactic call rewrite_strat-bottomup-noop ran for 0. secs (0.u,0.s) (success)
Tactic call abstract+rewrite_strat-bottomup ran for 0.009 secs (0.009u,0.s) (success)
Tactic call close-abstract+rewrite_strat-bottomup ran for 0.001 secs (0.001u,0.s)
Params: n= 11
Tactic call rewrite_strat-bottomup ran for 0.007 secs (0.007u,0.s) (success)
Tactic call rewrite_strat-bottomup-noop ran for 0. secs (0.u,0.s) (success)
Tactic call abstract+rewrite_strat-bottomup ran for 0.01 secs (0.01u,0.s) (success)
Tactic call close-abstract+rewrite_strat-bottomup ran for 0.002 secs (0.002u,0.s)
Params: n= 12
Tactic call rewrite_strat-bottomup ran for 0.008 secs (0.008u,0.s) (success)
Tactic call rewrite_strat-bottomup-noop ran for 0. secs (0.u,0.s) (success)
Tactic call abstract+rewrite_strat-bottomup ran for 0.011 secs (0.011u,0.s) (success)
Tactic call close-abstract+rewrite_strat-bottomup ran for 0.002 secs (0.002u,0.s)
Params: n= 13
Tactic call rewrite_strat-bottomup ran for 0.008 secs (0.008u,0.s) (success)
Tactic call rewrite_strat-bottomup-noop ran for 0. secs (0.u,0.s) (success)
Tactic call abstract+rewrite_strat-bottomup ran for 0.011 secs (0.011u,0.s) (success)
Tactic call close-abstract+rewrite_strat-bottomup ran for 0.002 secs (0.002u,0.s)
Params: n= 14
Tactic call rewrite_strat-bottomup ran for 0.011 secs (0.01u,0.s) (success)
Tactic call rewrite_strat-bottomup-noop ran for 0. secs (0.u,0.s) (success)
Tactic call abstract+rewrite_strat-bottomup ran for 0.014 secs (0.014u,0.s) (success)
Tactic call close-abstract+rewrite_strat-bottomup ran for 0.003 secs (0.003u,0.s)
Params: n= 15
Tactic call rewrite_strat-bottomup ran for 0.014 secs (0.014u,0.s) (success)
Tactic call rewrite_strat-bottomup-noop ran for 0. secs (0.u,0.s) (success)
Tactic call abstract+rewrite_strat-bottomup ran for 0.019 secs (0.019u,0.s) (success)
Tactic call close-abstract+rewrite_strat-bottomup ran for 0.004 secs (0.004u,0.s)
Params: n= 16
Tactic call rewrite_strat-bottomup ran for 0.011 secs (0.011u,0.s) (success)
Tactic call rewrite_strat-bottomup-noop ran for 0. secs (0.u,0.s) (success)
Tactic call abstract+rewrite_strat-bottomup ran for 0.017 secs (0.017u,0.s) (success)
Tactic call close-abstract+rewrite_strat-bottomup ran for 0.004 secs (0.004u,0.s)
Params: n= 17
Tactic call rewrite_strat-bottomup ran for 0.013 secs (0.013u,0.s) (success)
Tactic call rewrite_strat-bottomup-noop ran for 0. secs (0.u,0.s) (success)
Tactic call abstract+rewrite_strat-bottomup ran for 0.018 secs (0.018u,0.s) (success)
Tactic call close-abstract+rewrite_strat-bottomup ran for 0.004 secs (0.004u,0.s)
Params: n= 18
Tactic call rewrite_strat-bottomup ran for 0.015 secs (0.015u,0.s) (success)
Tactic call rewrite_strat-bottomup-noop ran for 0. secs (0.u,0.s) (success)
Tactic call abstract+rewrite_strat-bottomup ran for 0.021 secs (0.021u,0.s) (success)
Tactic call close-abstract+rewrite_strat-bottomup ran for 0.005 secs (0.005u,0.s)
Params: n= 19
Tactic call rewrite_strat-bottomup ran for 0.019 secs (0.018u,0.s) (success)
Tactic call rewrite_strat-bottomup-noop ran for 0. secs (0.u,0.s) (success)
Tactic call abstract+rewrite_strat-bottomup ran for 0.025 secs (0.025u,0.s) (success)
Tactic call close-abstract+rewrite_strat-bottomup ran for 0.005 secs (0.005u,0.s)
Params: n= 20
Tactic call rewrite_strat-bottomup ran for 0.017 secs (0.017u,0.s) (success)
Tactic call rewrite_strat-bottomup-noop ran for 0. secs (0.u,0.s) (success)
Tactic call abstract+rewrite_strat-bottomup ran for 0.026 secs (0.026u,0.s) (success)
Tactic call close-abstract+rewrite_strat-bottomup ran for 0.008 secs (0.008u,0.s)
Params: n= 21
Tactic call rewrite_strat-bottomup ran for 0.017 secs (0.017u,0.s) (success)
Tactic call rewrite_strat-bottomup-noop ran for 0. secs (0.u,0.s) (success)
Tactic call abstract+rewrite_strat-bottomup ran for 0.026 secs (0.026u,0.s) (success)
Tactic call close-abstract+rewrite_strat-bottomup ran for 0.007 secs (0.007u,0.s)
Params: n= 22
Tactic call rewrite_strat-bottomup ran for 0.019 secs (0.019u,0.s) (success)
Tactic call rewrite_strat-bottomup-noop ran for 0. secs (0.u,0.s) (success)
Tactic call abstract+rewrite_strat-bottomup ran for 0.028 secs (0.028u,0.s) (success)
Tactic call close-abstract+rewrite_strat-bottomup ran for 0.007 secs (0.007u,0.s)
Params: n= 23
Tactic call rewrite_strat-bottomup ran for 0.021 secs (0.021u,0.s) (success)
Tactic call rewrite_strat-bottomup-noop ran for 0. secs (0.u,0.s) (success)
Tactic call abstract+rewrite_strat-bottomup ran for 0.03 secs (0.03u,0.s) (success)
Tactic call close-abstract+rewrite_strat-bottomup ran for 0.008 secs (0.008u,0.s)
Params: n= 24
Tactic call rewrite_strat-bottomup ran for 0.022 secs (0.022u,0.s) (success)
Tactic call rewrite_strat-bottomup-noop ran for 0. secs (0.u,0.s) (success)
Tactic call abstract+rewrite_strat-bottomup ran for 0.032 secs (0.032u,0.s) (success)
Tactic call close-abstract+rewrite_strat-bottomup ran for 0.009 secs (0.009u,0.s)
Params: n= 25
Tactic call rewrite_strat-bottomup ran for 0.025 secs (0.025u,0.s) (success)
Tactic call rewrite_strat-bottomup-noop ran for 0. secs (0.u,0.s) (success)
Tactic call abstract+rewrite_strat-bottomup ran for 0.036 secs (0.036u,0.s) (success)
Tactic call close-abstract+rewrite_strat-bottomup ran for 0.01 secs (0.01u,0.s)
Params: n= 26
Tactic call rewrite_strat-bottomup ran for 0.025 secs (0.025u,0.s) (success)
Tactic call rewrite_strat-bottomup-noop ran for 0. secs (0.u,0.s) (success)
Tactic call abstract+rewrite_strat-bottomup ran for 0.037 secs (0.037u,0.s) (success)
Tactic call close-abstract+rewrite_strat-bottomup ran for 0.011 secs (0.011u,0.s)
Params: n= 27
Tactic call rewrite_strat-bottomup ran for 0.027 secs (0.027u,0.s) (success)
Tactic call rewrite_strat-bottomup-noop ran for 0. secs (0.u,0.s) (success)
Tactic call abstract+rewrite_strat-bottomup ran for 0.039 secs (0.039u,0.s) (success)
Tactic call close-abstract+rewrite_strat-bottomup ran for 0.011 secs (0.011u,0.s)
Params: n= 28
Tactic call rewrite_strat-bottomup ran for 0.029 secs (0.027u,0.002s) (success)
Tactic call rewrite_strat-bottomup-noop ran for 0. secs (0.u,0.s) (success)
Tactic call abstract+rewrite_strat-bottomup ran for 0.042 secs (0.04u,0.002s) (success)
Tactic call close-abstract+rewrite_strat-bottomup ran for 0.012 secs (0.012u,0.s)
Params: n= 29
Tactic call rewrite_strat-bottomup ran for 0.033 secs (0.033u,0.s) (success)
Tactic call rewrite_strat-bottomup-noop ran for 0. secs (0.u,0.s) (success)
Tactic call abstract+rewrite_strat-bottomup ran for 0.048 secs (0.048u,0.s) (success)
Tactic call close-abstract+rewrite_strat-bottomup ran for 0.013 secs (0.013u,0.s)
Params: n= 30
Tactic call rewrite_strat-bottomup ran for 0.029 secs (0.029u,0.s) (success)
Tactic call rewrite_strat-bottomup-noop ran for 0. secs (0.u,0.s) (success)
Tactic call abstract+rewrite_strat-bottomup ran for 0.044 secs (0.044u,0.s) (success)
Tactic call close-abstract+rewrite_strat-bottomup ran for 0.013 secs (0.013u,0.s)
Params: n= 31
Tactic call rewrite_strat-bottomup ran for 0.032 secs (0.032u,0.s) (success)
Tactic call rewrite_strat-bottomup-noop ran for 0. secs (0.u,0.s) (success)
Tactic call abstract+rewrite_strat-bottomup ran for 0.049 secs (0.049u,0.s) (success)
Tactic call close-abstract+rewrite_strat-bottomup ran for 0.016 secs (0.016u,0.s)
Params: n= 32
Tactic call rewrite_strat-bottomup ran for 0.031 secs (0.031u,0.s) (success)
Tactic call rewrite_strat-bottomup-noop ran for 0.001 secs (0.001u,0.s) (success)
Tactic call abstract+rewrite_strat-bottomup ran for 0.05 secs (0.05u,0.s) (success)
Tactic call close-abstract+rewrite_strat-bottomup ran for 0.016 secs (0.016u,0.s)
Params: n= 33
Tactic call rewrite_strat-bottomup ran for 0.037 secs (0.037u,0.s) (success)
Tactic call rewrite_strat-bottomup-noop ran for 0. secs (0.u,0.s) (success)
Tactic call abstract+rewrite_strat-bottomup ran for 0.056 secs (0.056u,0.s) (success)
Tactic call close-abstract+rewrite_strat-bottomup ran for 0.017 secs (0.017u,0.s)
Params: n= 34
Tactic call rewrite_strat-bottomup ran for 0.039 secs (0.039u,0.s) (success)
Tactic call rewrite_strat-bottomup-noop ran for 0. secs (0.u,0.s) (success)
Tactic call abstract+rewrite_strat-bottomup ran for 0.062 secs (0.058u,0.s) (success)
Tactic call close-abstract+rewrite_strat-bottomup ran for 0.02 secs (0.016u,0.s)
Params: n= 35
Tactic call rewrite_strat-bottomup ran for 0.041 secs (0.042u,0.003s) (success)
Tactic call rewrite_strat-bottomup-noop ran for 0. secs (0.u,0.s) (success)
Tactic call abstract+rewrite_strat-bottomup ran for 0.061 secs (0.061u,0.003s) (success)
Tactic call close-abstract+rewrite_strat-bottomup ran for 0.018 secs (0.018u,0.s)
Params: n= 36
Tactic call rewrite_strat-bottomup ran for 0.042 secs (0.042u,0.s) (success)
Tactic call rewrite_strat-bottomup-noop ran for 0. secs (0.u,0.s) (success)
Tactic call abstract+rewrite_strat-bottomup ran for 0.067 secs (0.067u,0.s) (success)
Tactic call close-abstract+rewrite_strat-bottomup ran for 0.023 secs (0.023u,0.s)
Params: n= 37
Tactic call rewrite_strat-bottomup ran for 0.043 secs (0.043u,0.s) (success)
Tactic call rewrite_strat-bottomup-noop ran for 0. secs (0.u,0.s) (success)
Tactic call abstract+rewrite_strat-bottomup ran for 0.066 secs (0.066u,0.s) (success)
Tactic call close-abstract+rewrite_strat-bottomup ran for 0.021 secs (0.021u,0.s)
Params: n= 38
Tactic call rewrite_strat-bottomup ran for 0.048 secs (0.048u,0.s) (success)
Tactic call rewrite_strat-bottomup-noop ran for 0. secs (0.u,0.s) (success)
Tactic call abstract+rewrite_strat-bottomup ran for 0.07 secs (0.07u,0.s) (success)
Tactic call close-abstract+rewrite_strat-bottomup ran for 0.02 secs (0.02u,0.s)
Params: n= 39
Tactic call rewrite_strat-bottomup ran for 0.044 secs (0.044u,0.s) (success)
Tactic call rewrite_strat-bottomup-noop ran for 0. secs (0.u,0.s) (success)
Tactic call abstract+rewrite_strat-bottomup ran for 0.069 secs (0.069u,0.s) (success)
Tactic call close-abstract+rewrite_strat-bottomup ran for 0.024 secs (0.024u,0.s)
Params: n= 40
Tactic call rewrite_strat-bottomup ran for 0.051 secs (0.051u,0.s) (success)
Tactic call rewrite_strat-bottomup-noop ran for 0. secs (0.u,0.s) (success)
Tactic call abstract+rewrite_strat-bottomup ran for 0.079 secs (0.079u,0.s) (success)
Tactic call close-abstract+rewrite_strat-bottomup ran for 0.026 secs (0.026u,0.s)
Params: n= 41
Tactic call rewrite_strat-bottomup ran for 0.053 secs (0.049u,0.003s) (success)
Tactic call rewrite_strat-bottomup-noop ran for 0. secs (0.u,0.s) (success)
Tactic call abstract+rewrite_strat-bottomup ran for 0.079 secs (0.076u,0.003s) (success)
Tactic call close-abstract+rewrite_strat-bottomup ran for 0.025 secs (0.025u,0.s)
Params: n= 42
Tactic call rewrite_strat-bottomup ran for 0.055 secs (0.055u,0.s) (success)
Tactic call rewrite_strat-bottomup-noop ran for 0. secs (0.u,0.s) (success)
Tactic call abstract+rewrite_strat-bottomup ran for 0.086 secs (0.086u,0.s) (success)
Tactic call close-abstract+rewrite_strat-bottomup ran for 0.03 secs (0.03u,0.s)
Params: n= 43
Tactic call rewrite_strat-bottomup ran for 0.057 secs (0.057u,0.s) (success)
Tactic call rewrite_strat-bottomup-noop ran for 0. secs (0.u,0.s) (success)
Tactic call abstract+rewrite_strat-bottomup ran for 0.085 secs (0.085u,0.s) (success)
Tactic call close-abstract+rewrite_strat-bottomup ran for 0.027 secs (0.027u,0.s)
Params: n= 44
Tactic call rewrite_strat-bottomup ran for 0.062 secs (0.062u,0.s) (success)
Tactic call rewrite_strat-bottomup-noop ran for 0. secs (0.u,0.s) (success)
Tactic call abstract+rewrite_strat-bottomup ran for 0.092 secs (0.092u,0.s) (success)
Tactic call close-abstract+rewrite_strat-bottomup ran for 0.028 secs (0.028u,0.s)
Params: n= 45
Tactic call rewrite_strat-bottomup ran for 0.056 secs (0.056u,0.s) (success)
Tactic call rewrite_strat-bottomup-noop ran for 0. secs (0.u,0.s) (success)
Tactic call abstract+rewrite_strat-bottomup ran for 0.087 secs (0.087u,0.s) (success)
Tactic call close-abstract+rewrite_strat-bottomup ran for 0.029 secs (0.029u,0.s)
Params: n= 46
Tactic call rewrite_strat-bottomup ran for 0.063 secs (0.063u,0.s) (success)
Tactic call rewrite_strat-bottomup-noop ran for 0. secs (0.u,0.s) (success)
Tactic call abstract+rewrite_strat-bottomup ran for 0.097 secs (0.097u,0.s) (success)
Tactic call close-abstract+rewrite_strat-bottomup ran for 0.032 secs (0.032u,0.s)
Params: n= 47
Tactic call rewrite_strat-bottomup ran for 0.068 secs (0.068u,0.s) (success)
Tactic call rewrite_strat-bottomup-noop ran for 0. secs (0.u,0.s) (success)
Tactic call abstract+rewrite_strat-bottomup ran for 0.101 secs (0.101u,0.s) (success)
Tactic call close-abstract+rewrite_strat-bottomup ran for 0.031 secs (0.031u,0.s)
Params: n= 48
Tactic call rewrite_strat-bottomup ran for 0.068 secs (0.068u,0.s) (success)
Tactic call rewrite_strat-bottomup-noop ran for 0. secs (0.u,0.s) (success)
Tactic call abstract+rewrite_strat-bottomup ran for 0.104 secs (0.104u,0.s) (success)
Tactic call close-abstract+rewrite_strat-bottomup ran for 0.034 secs (0.034u,0.s)
Params: n= 49
Tactic call rewrite_strat-bottomup ran for 0.07 secs (0.07u,0.s) (success)
Tactic call rewrite_strat-bottomup-noop ran for 0. secs (0.u,0.s) (success)
Tactic call abstract+rewrite_strat-bottomup ran for 0.114 secs (0.114u,0.s) (success)
Tactic call close-abstract+rewrite_strat-bottomup ran for 0.042 secs (0.042u,0.s)
Params: n= 51
Tactic call rewrite_strat-bottomup ran for 0.079 secs (0.079u,0.s) (success)
Tactic call rewrite_strat-bottomup-noop ran for 0. secs (0.u,0.s) (success)
Tactic call abstract+rewrite_strat-bottomup ran for 0.116 secs (0.116u,0.s) (success)
Tactic call close-abstract+rewrite_strat-bottomup ran for 0.035 secs (0.035u,0.s)
Params: n= 52
Tactic call rewrite_strat-bottomup ran for 0.078 secs (0.078u,0.s) (success)
Tactic call rewrite_strat-bottomup-noop ran for 0. secs (0.u,0.s) (success)
Tactic call abstract+rewrite_strat-bottomup ran for 0.118 secs (0.118u,0.s) (success)
Tactic call close-abstract+rewrite_strat-bottomup ran for 0.038 secs (0.038u,0.s)
Params: n= 53
Tactic call rewrite_strat-bottomup ran for 0.079 secs (0.079u,0.s) (success)
Tactic call rewrite_strat-bottomup-noop ran for 0. secs (0.u,0.s) (success)
Tactic call abstract+rewrite_strat-bottomup ran for 0.127 secs (0.127u,0.s) (success)
Tactic call close-abstract+rewrite_strat-bottomup ran for 0.042 secs (0.042u,0.s)
Params: n= 54
Tactic call rewrite_strat-bottomup ran for 0.083 secs (0.083u,0.s) (success)
Tactic call rewrite_strat-bottomup-noop ran for 0. secs (0.u,0.s) (success)
Tactic call abstract+rewrite_strat-bottomup ran for 0.13 secs (0.13u,0.s) (success)
Tactic call close-abstract+rewrite_strat-bottomup ran for 0.044 secs (0.044u,0.s)
Params: n= 55
Tactic call rewrite_strat-bottomup ran for 0.087 secs (0.087u,0.s) (success)
Tactic call rewrite_strat-bottomup-noop ran for 0. secs (0.u,0.s) (success)
Tactic call abstract+rewrite_strat-bottomup ran for 0.135 secs (0.135u,0.s) (success)
Tactic call close-abstract+rewrite_strat-bottomup ran for 0.046 secs (0.046u,0.s)
Params: n= 56
Tactic call rewrite_strat-bottomup ran for 0.084 secs (0.084u,0.s) (success)
Tactic call rewrite_strat-bottomup-noop ran for 0. secs (0.u,0.s) (success)
Tactic call abstract+rewrite_strat-bottomup ran for 0.134 secs (0.134u,0.s) (success)
Tactic call close-abstract+rewrite_strat-bottomup ran for 0.047 secs (0.047u,0.s)
Params: n= 57
Tactic call rewrite_strat-bottomup ran for 0.091 secs (0.091u,0.s) (success)
Tactic call rewrite_strat-bottomup-noop ran for 0. secs (0.u,0.s) (success)
Tactic call abstract+rewrite_strat-bottomup ran for 0.147 secs (0.147u,0.s) (success)
Tactic call close-abstract+rewrite_strat-bottomup ran for 0.053 secs (0.053u,0.s)
Params: n= 58
Tactic call rewrite_strat-bottomup ran for 0.094 secs (0.094u,0.s) (success)
Tactic call rewrite_strat-bottomup-noop ran for 0. secs (0.u,0.s) (success)
Tactic call abstract+rewrite_strat-bottomup ran for 0.148 secs (0.148u,0.s) (success)
Tactic call close-abstract+rewrite_strat-bottomup ran for 0.052 secs (0.052u,0.s)
Params: n= 59
Tactic call rewrite_strat-bottomup ran for 0.1 secs (0.1u,0.s) (success)
Tactic call rewrite_strat-bottomup-noop ran for 0. secs (0.u,0.s) (success)
Tactic call abstract+rewrite_strat-bottomup ran for 0.152 secs (0.152u,0.s) (success)
Tactic call close-abstract+rewrite_strat-bottomup ran for 0.05 secs (0.05u,0.s)
Params: n= 60
Tactic call rewrite_strat-bottomup ran for 0.113 secs (0.111u,0.001s) (success)
Tactic call rewrite_strat-bottomup-noop ran for 0. secs (0.u,0.s) (success)
Tactic call abstract+rewrite_strat-bottomup ran for 0.171 secs (0.169u,0.002s) (success)
Tactic call close-abstract+rewrite_strat-bottomup ran for 0.056 secs (0.056u,0.s)
Params: n= 61
Tactic call rewrite_strat-bottomup ran for 0.113 secs (0.113u,0.s) (success)
Tactic call rewrite_strat-bottomup-noop ran for 0. secs (0.u,0.s) (success)
Tactic call abstract+rewrite_strat-bottomup ran for 0.174 secs (0.173u,0.s) (success)
Tactic call close-abstract+rewrite_strat-bottomup ran for 0.058 secs (0.058u,0.s)
Params: n= 62
Tactic call rewrite_strat-bottomup ran for 0.109 secs (0.109u,0.s) (success)
Tactic call rewrite_strat-bottomup-noop ran for 0. secs (0.u,0.s) (success)
Tactic call abstract+rewrite_strat-bottomup ran for 0.165 secs (0.165u,0.s) (success)
Tactic call close-abstract+rewrite_strat-bottomup ran for 0.053 secs (0.053u,0.s)
Params: n= 63
Tactic call rewrite_strat-bottomup ran for 0.126 secs (0.126u,0.s) (success)
Tactic call rewrite_strat-bottomup-noop ran for 0. secs (0.u,0.s) (success)
Tactic call abstract+rewrite_strat-bottomup ran for 0.192 secs (0.192u,0.s) (success)
Tactic call close-abstract+rewrite_strat-bottomup ran for 0.06 secs (0.06u,0.s)
Params: n= 64
Tactic call rewrite_strat-bottomup ran for 0.113 secs (0.113u,0.s) (success)
Tactic call rewrite_strat-bottomup-noop ran for 0. secs (0.u,0.s) (success)
Tactic call abstract+rewrite_strat-bottomup ran for 0.184 secs (0.184u,0.s) (success)
Tactic call close-abstract+rewrite_strat-bottomup ran for 0.068 secs (0.068u,0.s)
Params: n= 65
Tactic call rewrite_strat-bottomup ran for 0.118 secs (0.118u,0.s) (success)
Tactic call rewrite_strat-bottomup-noop ran for 0. secs (0.u,0.s) (success)
Tactic call abstract+rewrite_strat-bottomup ran for 0.191 secs (0.191u,0.s) (success)
Tactic call close-abstract+rewrite_strat-bottomup ran for 0.071 secs (0.071u,0.s)
Params: n= 66
Tactic call rewrite_strat-bottomup ran for 0.119 secs (0.115u,0.003s) (success)
Tactic call rewrite_strat-bottomup-noop ran for 0. secs (0.u,0.s) (success)
Tactic call abstract+rewrite_strat-bottomup ran for 0.188 secs (0.184u,0.003s) (success)
Tactic call close-abstract+rewrite_strat-bottomup ran for 0.067 secs (0.067u,0.s)
Params: n= 67
Tactic call rewrite_strat-bottomup ran for 0.114 secs (0.114u,0.s) (success)
Tactic call rewrite_strat-bottomup-noop ran for 0.001 secs (0.001u,0.s) (success)
Tactic call abstract+rewrite_strat-bottomup ran for 0.186 secs (0.186u,0.s) (success)
Tactic call close-abstract+rewrite_strat-bottomup ran for 0.069 secs (0.069u,0.s)
Params: n= 68
Tactic call rewrite_strat-bottomup ran for 0.122 secs (0.122u,0.s) (success)
Tactic call rewrite_strat-bottomup-noop ran for 0.001 secs (0.001u,0.s) (success)
Tactic call abstract+rewrite_strat-bottomup ran for 0.196 secs (0.196u,0.s) (success)
Tactic call close-abstract+rewrite_strat-bottomup ran for 0.071 secs (0.071u,0.s)
Params: n= 69
Tactic call rewrite_strat-bottomup ran for 0.135 secs (0.135u,0.s) (success)
Tactic call rewrite_strat-bottomup-noop ran for 0. secs (0.u,0.s) (success)
Tactic call abstract+rewrite_strat-bottomup ran for 0.206 secs (0.206u,0.s) (success)
Tactic call close-abstract+rewrite_strat-bottomup ran for 0.069 secs (0.069u,0.s)
Params: n= 70
Tactic call rewrite_strat-bottomup ran for 0.147 secs (0.147u,0.s) (success)
Tactic call rewrite_strat-bottomup-noop ran for 0.001 secs (0.001u,0.s) (success)
Tactic call abstract+rewrite_strat-bottomup ran for 0.229 secs (0.229u,0.s) (success)
Tactic call close-abstract+rewrite_strat-bottomup ran for 0.08 secs (0.08u,0.s)
Params: n= 71
Tactic call rewrite_strat-bottomup ran for 0.134 secs (0.134u,0.s) (success)
Tactic call rewrite_strat-bottomup-noop ran for 0.001 secs (0.001u,0.s) (success)
Tactic call abstract+rewrite_strat-bottomup ran for 0.21 secs (0.21u,0.s) (success)
Tactic call close-abstract+rewrite_strat-bottomup ran for 0.073 secs (0.073u,0.s)
Params: n= 72
Tactic call rewrite_strat-bottomup ran for 0.143 secs (0.143u,0.s) (success)
Tactic call rewrite_strat-bottomup-noop ran for 0.001 secs (0.001u,0.s) (success)
Tactic call abstract+rewrite_strat-bottomup ran for 0.214 secs (0.214u,0.s) (success)
Tactic call close-abstract+rewrite_strat-bottomup ran for 0.068 secs (0.068u,0.s)
Params: n= 73
Tactic call rewrite_strat-bottomup ran for 0.145 secs (0.145u,0.s) (success)
Tactic call rewrite_strat-bottomup-noop ran for 0.001 secs (0.001u,0.s) (success)
Tactic call abstract+rewrite_strat-bottomup ran for 0.219 secs (0.219u,0.s) (success)
Tactic call close-abstract+rewrite_strat-bottomup ran for 0.071 secs (0.071u,0.s)
Params: n= 74
Tactic call rewrite_strat-bottomup ran for 0.14 secs (0.137u,0.003s) (success)
Tactic call rewrite_strat-bottomup-noop ran for 0.001 secs (0.001u,0.s) (success)
Tactic call abstract+rewrite_strat-bottomup ran for 0.219 secs (0.215u,0.003s) (success)
Tactic call close-abstract+rewrite_strat-bottomup ran for 0.076 secs (0.076u,0.s)
Params: n= 75
Tactic call rewrite_strat-bottomup ran for 0.15 secs (0.15u,0.s) (success)
Tactic call rewrite_strat-bottomup-noop ran for 0.001 secs (0.001u,0.s) (success)
Tactic call abstract+rewrite_strat-bottomup ran for 0.235 secs (0.234u,0.s) (success)
Tactic call close-abstract+rewrite_strat-bottomup ran for 0.082 secs (0.081u,0.s)
Params: n= 76
Tactic call rewrite_strat-bottomup ran for 0.145 secs (0.145u,0.s) (success)
Tactic call rewrite_strat-bottomup-noop ran for 0.001 secs (0.001u,0.s) (success)
Tactic call abstract+rewrite_strat-bottomup ran for 0.228 secs (0.228u,0.s) (success)
Tactic call close-abstract+rewrite_strat-bottomup ran for 0.079 secs (0.079u,0.s)
Params: n= 77
Tactic call rewrite_strat-bottomup ran for 0.154 secs (0.154u,0.s) (success)
Tactic call rewrite_strat-bottomup-noop ran for 0.001 secs (0.001u,0.s) (success)
Tactic call abstract+rewrite_strat-bottomup ran for 0.241 secs (0.241u,0.s) (success)
Tactic call close-abstract+rewrite_strat-bottomup ran for 0.084 secs (0.084u,0.s)
Params: n= 78
Tactic call rewrite_strat-bottomup ran for 0.152 secs (0.148u,0.003s) (success)
Tactic call rewrite_strat-bottomup-noop ran for 0.001 secs (0.001u,0.s) (success)
Tactic call abstract+rewrite_strat-bottomup ran for 0.239 secs (0.235u,0.003s) (success)
Tactic call close-abstract+rewrite_strat-bottomup ran for 0.085 secs (0.085u,0.s)
Params: n= 79
Tactic call rewrite_strat-bottomup ran for 0.159 secs (0.155u,0.003s) (success)
Tactic call rewrite_strat-bottomup-noop ran for 0.001 secs (0.001u,0.s) (success)
Tactic call abstract+rewrite_strat-bottomup ran for 0.247 secs (0.243u,0.003s) (success)
Tactic call close-abstract+rewrite_strat-bottomup ran for 0.086 secs (0.086u,0.s)
Params: n= 80
Tactic call rewrite_strat-bottomup ran for 0.162 secs (0.162u,0.s) (success)
Tactic call rewrite_strat-bottomup-noop ran for 0.001 secs (0.001u,0.s) (success)
Tactic call abstract+rewrite_strat-bottomup ran for 0.251 secs (0.251u,0.s) (success)
Tactic call close-abstract+rewrite_strat-bottomup ran for 0.086 secs (0.086u,0.s)
Params: n= 81
Tactic call rewrite_strat-bottomup ran for 0.174 secs (0.174u,0.s) (success)
Tactic call rewrite_strat-bottomup-noop ran for 0.001 secs (0.001u,0.s) (success)
Tactic call abstract+rewrite_strat-bottomup ran for 0.267 secs (0.266u,0.s) (success)
Tactic call close-abstract+rewrite_strat-bottomup ran for 0.09 secs (0.09u,0.s)
Params: n= 82
Tactic call rewrite_strat-bottomup ran for 0.185 secs (0.184u,0.s) (success)
Tactic call rewrite_strat-bottomup-noop ran for 0.001 secs (0.001u,0.s) (success)
Tactic call abstract+rewrite_strat-bottomup ran for 0.283 secs (0.283u,0.s) (success)
Tactic call close-abstract+rewrite_strat-bottomup ran for 0.095 secs (0.095u,0.s)
Params: n= 83
Tactic call rewrite_strat-bottomup ran for 0.172 secs (0.168u,0.003s) (success)
Tactic call rewrite_strat-bottomup-noop ran for 0.001 secs (0.001u,0.s) (success)
Tactic call abstract+rewrite_strat-bottomup ran for 0.275 secs (0.271u,0.003s) (success)
Tactic call close-abstract+rewrite_strat-bottomup ran for 0.101 secs (0.101u,0.s)
Params: n= 84
Tactic call rewrite_strat-bottomup ran for 0.171 secs (0.171u,0.s) (success)
Tactic call rewrite_strat-bottomup-noop ran for 0.001 secs (0.001u,0.s) (success)
Tactic call abstract+rewrite_strat-bottomup ran for 0.27 secs (0.27u,0.s) (success)
Tactic call close-abstract+rewrite_strat-bottomup ran for 0.097 secs (0.097u,0.s)
Params: n= 85
Tactic call rewrite_strat-bottomup ran for 0.188 secs (0.188u,0.s) (success)
Tactic call rewrite_strat-bottomup-noop ran for 0.001 secs (0.001u,0.s) (success)
Tactic call abstract+rewrite_strat-bottomup ran for 0.297 secs (0.297u,0.s) (success)
Tactic call close-abstract+rewrite_strat-bottomup ran for 0.107 secs (0.107u,0.s)
Params: n= 86
Tactic call rewrite_strat-bottomup ran for 0.191 secs (0.187u,0.003s) (success)
Tactic call rewrite_strat-bottomup-noop ran for 0.001 secs (0.001u,0.s) (success)
Tactic call abstract+rewrite_strat-bottomup ran for 0.314 secs (0.306u,0.007s) (success)
Tactic call close-abstract+rewrite_strat-bottomup ran for 0.12 secs (0.116u,0.003s)
Params: n= 87
Tactic call rewrite_strat-bottomup ran for 0.191 secs (0.19u,0.s) (success)
Tactic call rewrite_strat-bottomup-noop ran for 0.001 secs (0.001u,0.s) (success)
Tactic call abstract+rewrite_strat-bottomup ran for 0.301 secs (0.301u,0.s) (success)
Tactic call close-abstract+rewrite_strat-bottomup ran for 0.108 secs (0.108u,0.s)
Params: n= 88
Tactic call rewrite_strat-bottomup ran for 0.21 secs (0.21u,0.s) (success)
Tactic call rewrite_strat-bottomup-noop ran for 0.001 secs (0.001u,0.s) (success)
Tactic call abstract+rewrite_strat-bottomup ran for 0.34 secs (0.34u,0.s) (success)
Tactic call close-abstract+rewrite_strat-bottomup ran for 0.127 secs (0.127u,0.s)
Params: n= 89
Tactic call rewrite_strat-bottomup ran for 0.204 secs (0.203u,0.s) (success)
Tactic call rewrite_strat-bottomup-noop ran for 0.001 secs (0.001u,0.s) (success)
Tactic call abstract+rewrite_strat-bottomup ran for 0.321 secs (0.321u,0.s) (success)
Tactic call close-abstract+rewrite_strat-bottomup ran for 0.115 secs (0.115u,0.s)
Params: n= 90
Tactic call rewrite_strat-bottomup ran for 0.218 secs (0.218u,0.s) (success)
Tactic call rewrite_strat-bottomup-noop ran for 0.001 secs (0.001u,0.s) (success)
Tactic call abstract+rewrite_strat-bottomup ran for 0.34 secs (0.34u,0.s) (success)
Tactic call close-abstract+rewrite_strat-bottomup ran for 0.119 secs (0.119u,0.s)
Params: n= 91
Tactic call rewrite_strat-bottomup ran for 0.214 secs (0.213u,0.s) (success)
Tactic call rewrite_strat-bottomup-noop ran for 0.001 secs (0.001u,0.s) (success)
Tactic call abstract+rewrite_strat-bottomup ran for 0.353 secs (0.352u,0.s) (success)
Tactic call close-abstract+rewrite_strat-bottomup ran for 0.135 secs (0.135u,0.s)
Params: n= 92
Tactic call rewrite_strat-bottomup ran for 0.209 secs (0.209u,0.s) (success)
Tactic call rewrite_strat-bottomup-noop ran for 0.001 secs (0.001u,0.s) (success)
Tactic call abstract+rewrite_strat-bottomup ran for 0.344 secs (0.344u,0.s) (success)
Tactic call close-abstract+rewrite_strat-bottomup ran for 0.132 secs (0.132u,0.s)
Params: n= 93
Tactic call rewrite_strat-bottomup ran for 0.243 secs (0.243u,0.s) (success)
Tactic call rewrite_strat-bottomup-noop ran for 0.002 secs (0.002u,0.s) (success)
Tactic call abstract+rewrite_strat-bottomup ran for 0.381 secs (0.381u,0.s) (success)
Tactic call close-abstract+rewrite_strat-bottomup ran for 0.135 secs (0.135u,0.s)
Params: n= 94
Tactic call rewrite_strat-bottomup ran for 0.225 secs (0.225u,0.s) (success)
Tactic call rewrite_strat-bottomup-noop ran for 0.001 secs (0.001u,0.s) (success)
Tactic call abstract+rewrite_strat-bottomup ran for 0.378 secs (0.378u,0.s) (success)
Tactic call close-abstract+rewrite_strat-bottomup ran for 0.149 secs (0.149u,0.s)
Params: n= 95
Tactic call rewrite_strat-bottomup ran for 0.257 secs (0.253u,0.003s) (success)
Tactic call rewrite_strat-bottomup-noop ran for 0.001 secs (0.001u,0.s) (success)
Tactic call abstract+rewrite_strat-bottomup ran for 0.391 secs (0.387u,0.003s) (success)
Tactic call close-abstract+rewrite_strat-bottomup ran for 0.131 secs (0.131u,0.s)
Params: n= 96
Tactic call rewrite_strat-bottomup ran for 0.231 secs (0.231u,0.s) (success)
Tactic call rewrite_strat-bottomup-noop ran for 0.001 secs (0.001u,0.s) (success)
Tactic call abstract+rewrite_strat-bottomup ran for 0.376 secs (0.376u,0.s) (success)
Tactic call close-abstract+rewrite_strat-bottomup ran for 0.142 secs (0.142u,0.s)
Params: n= 97
Tactic call rewrite_strat-bottomup ran for 0.24 secs (0.24u,0.s) (success)
Tactic call rewrite_strat-bottomup-noop ran for 0.001 secs (0.001u,0.s) (success)
Tactic call abstract+rewrite_strat-bottomup ran for 0.377 secs (0.377u,0.s) (success)
Tactic call close-abstract+rewrite_strat-bottomup ran for 0.134 secs (0.134u,0.s)
Params: n= 98
Tactic call rewrite_strat-bottomup ran for 0.239 secs (0.239u,0.s) (success)
Tactic call rewrite_strat-bottomup-noop ran for 0.001 secs (0.001u,0.s) (success)
Tactic call abstract+rewrite_strat-bottomup ran for 0.399 secs (0.391u,0.007s) (success)
Tactic call close-abstract+rewrite_strat-bottomup ran for 0.157 secs (0.149u,0.007s)
Params: n= 99
Tactic call rewrite_strat-bottomup ran for 0.262 secs (0.259u,0.003s) (success)
Tactic call rewrite_strat-bottomup-noop ran for 0.001 secs (0.001u,0.s) (success)
Tactic call abstract+rewrite_strat-bottomup ran for 0.407 secs (0.403u,0.003s) (success)
Tactic call close-abstract+rewrite_strat-bottomup ran for 0.141 secs (0.141u,0.s)
Params: n= 110
Tactic call rewrite_strat-bottomup ran for 0.309 secs (0.309u,0.s) (success)
Tactic call rewrite_strat-bottomup-noop ran for 0.001 secs (0.001u,0.s) (success)
Tactic call abstract+rewrite_strat-bottomup ran for 0.481 secs (0.48u,0.s) (success)
Tactic call close-abstract+rewrite_strat-bottomup ran for 0.168 secs (0.168u,0.s)
Params: n= 120
Tactic call rewrite_strat-bottomup ran for 0.354 secs (0.35u,0.003s) (success)
Tactic call rewrite_strat-bottomup-noop ran for 0.001 secs (0.001u,0.s) (success)
Tactic call abstract+rewrite_strat-bottomup ran for 0.561 secs (0.557u,0.003s) (success)
Tactic call close-abstract+rewrite_strat-bottomup ran for 0.203 secs (0.203u,0.s)
Params: n= 130
Tactic call rewrite_strat-bottomup ran for 0.409 secs (0.409u,0.s) (success)
Tactic call rewrite_strat-bottomup-noop ran for 0.001 secs (0.001u,0.s) (success)
Tactic call abstract+rewrite_strat-bottomup ran for 0.646 secs (0.646u,0.s) (success)
Tactic call close-abstract+rewrite_strat-bottomup ran for 0.234 secs (0.234u,0.s)
Params: n= 140
Tactic call rewrite_strat-bottomup ran for 0.459 secs (0.459u,0.s) (success)
Tactic call rewrite_strat-bottomup-noop ran for 0.002 secs (0.002u,0.s) (success)
Tactic call abstract+rewrite_strat-bottomup ran for 0.727 secs (0.727u,0.s) (success)
Tactic call close-abstract+rewrite_strat-bottomup ran for 0.264 secs (0.264u,0.s)
Params: n= 160
Tactic call rewrite_strat-bottomup ran for 0.653 secs (0.653u,0.s) (success)
Tactic call rewrite_strat-bottomup-noop ran for 0.003 secs (0.003u,0.s) (success)
Tactic call abstract+rewrite_strat-bottomup ran for 1.041 secs (1.041u,0.s) (success)
Tactic call close-abstract+rewrite_strat-bottomup ran for 0.383 secs (0.383u,0.s)
Params: n= 170
Tactic call rewrite_strat-bottomup ran for 0.738 secs (0.734u,0.003s) (success)
Tactic call rewrite_strat-bottomup-noop ran for 0.003 secs (0.003u,0.s) (success)
Tactic call abstract+rewrite_strat-bottomup ran for 1.153 secs (1.148u,0.003s) (success)
Tactic call close-abstract+rewrite_strat-bottomup ran for 0.41 secs (0.409u,0.s)
Params: n= 180
Tactic call rewrite_strat-bottomup ran for 0.808 secs (0.798u,0.007s) (success)
Tactic call rewrite_strat-bottomup-noop ran for 0.003 secs (0.003u,0.s) (success)
Tactic call abstract+rewrite_strat-bottomup ran for 1.253 secs (1.243u,0.008s) (success)
Tactic call close-abstract+rewrite_strat-bottomup ran for 0.439 secs (0.439u,0.s)
Params: n= 190
Tactic call rewrite_strat-bottomup ran for 0.912 secs (0.911u,0.s) (success)
Tactic call rewrite_strat-bottomup-noop ran for 0.003 secs (0.003u,0.s) (success)
Tactic call abstract+rewrite_strat-bottomup ran for 1.435 secs (1.435u,0.s) (success)
Tactic call close-abstract+rewrite_strat-bottomup ran for 0.518 secs (0.518u,0.s)
Params: n= 210
Tactic call rewrite_strat-bottomup ran for 1.134 secs (1.133u,0.s) (success)
Tactic call rewrite_strat-bottomup-noop ran for 0.004 secs (0.004u,0.s) (success)
Tactic call abstract+rewrite_strat-bottomup ran for 1.757 secs (1.752u,0.003s) (success)
Tactic call close-abstract+rewrite_strat-bottomup ran for 0.616 secs (0.612u,0.003s)
Params: n= 220
Tactic call rewrite_strat-bottomup ran for 1.145 secs (1.145u,0.s) (success)
Tactic call rewrite_strat-bottomup-noop ran for 0.004 secs (0.004u,0.s) (success)
Tactic call abstract+rewrite_strat-bottomup ran for 1.802 secs (1.797u,0.003s) (success)
Tactic call close-abstract+rewrite_strat-bottomup ran for 0.65 secs (0.646u,0.003s)
Params: n= 230
Tactic call rewrite_strat-bottomup ran for 1.338 secs (1.326u,0.012s) (success)
Tactic call rewrite_strat-bottomup-noop ran for 0.004 secs (0.004u,0.s) (success)
Tactic call abstract+rewrite_strat-bottomup ran for 2.099 secs (2.087u,0.012s) (success)
Tactic call close-abstract+rewrite_strat-bottomup ran for 0.754 secs (0.754u,0.s)
Params: n= 240
Tactic call rewrite_strat-bottomup ran for 1.494 secs (1.494u,0.s) (success)
Tactic call rewrite_strat-bottomup-noop ran for 0.005 secs (0.005u,0.s) (success)
Tactic call abstract+rewrite_strat-bottomup ran for 2.268 secs (2.263u,0.004s) (success)
Tactic call close-abstract+rewrite_strat-bottomup ran for 0.767 secs (0.762u,0.004s)
Params: n= 260
Tactic call rewrite_strat-bottomup ran for 1.671 secs (1.667u,0.004s) (success)
Tactic call rewrite_strat-bottomup-noop ran for 0.005 secs (0.005u,0.s) (success)
Tactic call abstract+rewrite_strat-bottomup ran for 2.573 secs (2.564u,0.008s) (success)
Tactic call close-abstract+rewrite_strat-bottomup ran for 0.894 secs (0.89u,0.004s)
Params: n= 270
Tactic call rewrite_strat-bottomup ran for 1.899 secs (1.898u,0.s) (success)
Tactic call rewrite_strat-bottomup-noop ran for 0.007 secs (0.007u,0.s) (success)
Tactic call abstract+rewrite_strat-bottomup ran for 2.869 secs (2.868u,0.s) (success)
Tactic call close-abstract+rewrite_strat-bottomup ran for 0.961 secs (0.96u,0.s)
Params: n= 280
Tactic call rewrite_strat-bottomup ran for 1.959 secs (1.958u,0.s) (success)
Tactic call rewrite_strat-bottomup-noop ran for 0.006 secs (0.006u,0.s) (success)
Tactic call abstract+rewrite_strat-bottomup ran for 2.991 secs (2.991u,0.s) (success)
Tactic call close-abstract+rewrite_strat-bottomup ran for 1.023 secs (1.023u,0.s)
Params: n= 290
Tactic call rewrite_strat-bottomup ran for 2.22 secs (2.215u,0.003s) (success)
Tactic call rewrite_strat-bottomup-noop ran for 0.012 secs (0.012u,0.s) (success)
Tactic call abstract+rewrite_strat-bottomup ran for 3.329 secs (3.324u,0.003s) (success)
Tactic call close-abstract+rewrite_strat-bottomup ran for 1.095 secs (1.094u,0.s)
Params: n= 310
Tactic call rewrite_strat-bottomup ran for 2.51 secs (2.505u,0.004s) (success)
Tactic call rewrite_strat-bottomup-noop ran for 0.007 secs (0.007u,0.s) (success)
Tactic call abstract+rewrite_strat-bottomup ran for 3.855 secs (3.846u,0.008s) (success)
Tactic call close-abstract+rewrite_strat-bottomup ran for 1.335 secs (1.331u,0.004s)
Params: n= 320
Tactic call rewrite_strat-bottomup ran for 2.647 secs (2.646u,0.s) (success)
Tactic call rewrite_strat-bottomup-noop ran for 0.017 secs (0.017u,0.s) (success)
Tactic call abstract+rewrite_strat-bottomup ran for 4.015 secs (4.015u,0.s) (success)
Tactic call close-abstract+rewrite_strat-bottomup ran for 1.348 secs (1.348u,0.s)
Params: n= 330
Tactic call rewrite_strat-bottomup ran for 2.84 secs (2.823u,0.016s) (success)
Tactic call rewrite_strat-bottomup-noop ran for 0.008 secs (0.008u,0.s) (success)
Tactic call abstract+rewrite_strat-bottomup ran for 4.392 secs (4.375u,0.016s) (success)
Tactic call close-abstract+rewrite_strat-bottomup ran for 1.541 secs (1.54u,0.s)
Params: n= 340
Tactic call rewrite_strat-bottomup ran for 2.984 secs (2.967u,0.016s) (success)
Tactic call rewrite_strat-bottomup-noop ran for 0.019 secs (0.019u,0.s) (success)
Tactic call abstract+rewrite_strat-bottomup ran for 4.529 secs (4.504u,0.024s) (success)
Tactic call close-abstract+rewrite_strat-bottomup ran for 1.524 secs (1.515u,0.008s)
Params: n= 360
Tactic call rewrite_strat-bottomup ran for 3.532 secs (3.523u,0.008s) (success)
Tactic call rewrite_strat-bottomup-noop ran for 0.018 secs (0.018u,0.s) (success)
Tactic call abstract+rewrite_strat-bottomup ran for 5.36 secs (5.351u,0.008s) (success)
Tactic call close-abstract+rewrite_strat-bottomup ran for 1.807 secs (1.807u,0.s)
Params: n= 370
Tactic call rewrite_strat-bottomup ran for 3.767 secs (3.766u,0.s) (success)
Tactic call rewrite_strat-bottomup-noop ran for 0.019 secs (0.019u,0.s) (success)
Tactic call abstract+rewrite_strat-bottomup ran for 5.628 secs (5.627u,0.s) (success)
Tactic call close-abstract+rewrite_strat-bottomup ran for 1.839 secs (1.838u,0.s)
Params: n= 380
Tactic call rewrite_strat-bottomup ran for 3.956 secs (3.955u,0.s) (success)
Tactic call rewrite_strat-bottomup-noop ran for 0.011 secs (0.011u,0.s) (success)
Tactic call abstract+rewrite_strat-bottomup ran for 5.849 secs (5.847u,0.s) (success)
Tactic call close-abstract+rewrite_strat-bottomup ran for 1.879 secs (1.879u,0.s)
Params: n= 390
Tactic call rewrite_strat-bottomup ran for 4.16 secs (4.159u,0.s) (success)
Tactic call rewrite_strat-bottomup-noop ran for 0.016 secs (0.016u,0.s) (success)
Tactic call abstract+rewrite_strat-bottomup ran for 6.325 secs (6.313u,0.008s) (success)
Tactic call close-abstract+rewrite_strat-bottomup ran for 2.146 secs (2.135u,0.008s)
