Params: n= 50
Tactic call rewrite_strat-bottomup ran for 0.134 secs (0.106u,0.027s) (success)
Tactic call rewrite_strat-bottomup-noop ran for 0. secs (0.u,0.s) (success)
Tactic call abstract+rewrite_strat-bottomup ran for 0.163 secs (0.136u,0.027s) (success)
Tactic call close-abstract+rewrite_strat-bottomup ran for 0.028 secs (0.028u,0.s)
Params: n= 100
Tactic call rewrite_strat-bottomup ran for 0.222 secs (0.222u,0.s) (success)
Tactic call rewrite_strat-bottomup-noop ran for 0.001 secs (0.001u,0.s) (success)
Tactic call abstract+rewrite_strat-bottomup ran for 0.337 secs (0.337u,0.s) (success)
Tactic call close-abstract+rewrite_strat-bottomup ran for 0.113 secs (0.113u,0.s)
Params: n= 150
Tactic call rewrite_strat-bottomup ran for 0.482 secs (0.478u,0.003s) (success)
Tactic call rewrite_strat-bottomup-noop ran for 0.002 secs (0.001u,0.s) (success)
Tactic call abstract+rewrite_strat-bottomup ran for 0.753 secs (0.749u,0.003s) (success)
Tactic call close-abstract+rewrite_strat-bottomup ran for 0.268 secs (0.268u,0.s)
Params: n= 200
Tactic call rewrite_strat-bottomup ran for 0.883 secs (0.875u,0.007s) (success)
Tactic call rewrite_strat-bottomup-noop ran for 0.003 secs (0.003u,0.s) (success)
Tactic call abstract+rewrite_strat-bottomup ran for 1.315 secs (1.303u,0.011s) (success)
Tactic call close-abstract+rewrite_strat-bottomup ran for 0.427 secs (0.423u,0.004s)
Params: n= 250
Tactic call rewrite_strat-bottomup ran for 1.377 secs (1.368u,0.008s) (success)
Tactic call rewrite_strat-bottomup-noop ran for 0.004 secs (0.004u,0.s) (success)
Tactic call abstract+rewrite_strat-bottomup ran for 2.078 secs (2.057u,0.02s) (success)
Tactic call close-abstract+rewrite_strat-bottomup ran for 0.695 secs (0.683u,0.011s)
Params: n= 300
Tactic call rewrite_strat-bottomup ran for 2.339 secs (2.317u,0.021s) (success)
Tactic call rewrite_strat-bottomup-noop ran for 0.009 secs (0.009u,0.s) (success)
Tactic call abstract+rewrite_strat-bottomup ran for 3.355 secs (3.332u,0.021s) (success)
Tactic call close-abstract+rewrite_strat-bottomup ran for 1.004 secs (1.004u,0.s)
Params: n= 350
Tactic call rewrite_strat-bottomup ran for 2.904 secs (2.88u,0.023s) (success)
Tactic call rewrite_strat-bottomup-noop ran for 0.018 secs (0.018u,0.s) (success)
Tactic call abstract+rewrite_strat-bottomup ran for 4.293 secs (4.269u,0.023s) (success)
Tactic call close-abstract+rewrite_strat-bottomup ran for 1.369 secs (1.369u,0.s)
Params: n= 400
Tactic call rewrite_strat-bottomup ran for 4.166 secs (4.129u,0.035s) (success)
Tactic call rewrite_strat-bottomup-noop ran for 0.01 secs (0.01u,0.s) (success)
Tactic call abstract+rewrite_strat-bottomup ran for 5.965 secs (5.928u,0.035s) (success)
Tactic call close-abstract+rewrite_strat-bottomup ran for 1.787 secs (1.787u,0.s)
