Params: n= 110
Tactic call reify-regression-cubic ran for 4.563 secs (4.526u,0.035s)
Tactic call abstract-regression-linear ran for 0.004 secs (0.004u,0.s) (success)
Params: n= 120
Tactic call reify-regression-cubic ran for 5.834 secs (5.813u,0.02s)
Tactic call abstract-regression-linear ran for 0.004 secs (0.004u,0.s) (success)
Params: n= 130
Tactic call reify-regression-cubic ran for 7.646 secs (7.641u,0.003s)
Tactic call abstract-regression-linear ran for 0.005 secs (0.005u,0.s) (success)
Params: n= 140
Tactic call reify-regression-cubic ran for 9.728 secs (9.722u,0.003s)
Tactic call abstract-regression-linear ran for 0.005 secs (0.005u,0.s) (success)
Params: n= 150
Tactic call reify-regression-cubic ran for 12.278 secs (12.275u,0.s)
Tactic call abstract-regression-linear ran for 0.005 secs (0.005u,0.s) (success)
Params: n= 160
Tactic call reify-regression-cubic ran for 15.228 secs (15.219u,0.004s)
Tactic call abstract-regression-linear ran for 0.006 secs (0.002u,0.003s) (success)
Params: n= 170
Tactic call reify-regression-cubic ran for 18.696 secs (18.68u,0.012s)
Tactic call abstract-regression-linear ran for 0.006 secs (0.006u,0.s) (success)
Params: n= 180
Tactic call reify-regression-cubic ran for 22.85 secs (22.833u,0.012s)
Tactic call abstract-regression-linear ran for 0.007 secs (0.007u,0.s) (success)
Params: n= 190
Tactic call reify-regression-cubic ran for 27.327 secs (27.322u,0.s)
Tactic call abstract-regression-linear ran for 0.007 secs (0.007u,0.s) (success)
Params: n= 200
Tactic call reify-regression-cubic ran for 32.749 secs (32.728u,0.015s)
Tactic call abstract-regression-linear ran for 0.007 secs (0.007u,0.s) (success)
