Params: n= 50
Tactic call refine-regression-quadratic-regression-linear ran for 0.001 secs (0.u,0.s) (success)
Tactic call pose-build-and-refine-regression-cubic ran for 0.018 secs (0.012u,0.005s) (success)
Tactic call fast_rewrite-regression-cubic ran for 0.018 secs (0.012u,0.005s) (success)
Tactic call abstract-regression-cubic ran for 0.024 secs (0.012u,0.012s) (success)
Tactic call close-abstract-regression-cubic ran for 0.006 secs (0.u,0.006s)
Params: n= 100
Tactic call refine-regression-quadratic-regression-linear ran for 0.001 secs (0.u,0.s) (success)
Tactic call pose-build-and-refine-regression-cubic ran for 0.096 secs (0.08u,0.016s) (success)
Tactic call fast_rewrite-regression-cubic ran for 0.096 secs (0.08u,0.016s) (success)
Tactic call abstract-regression-cubic ran for 0.118 secs (0.101u,0.017s) (success)
Tactic call close-abstract-regression-cubic ran for 0.021 secs (0.021u,0.s)
Params: n= 150
Tactic call refine-regression-quadratic-regression-linear ran for 0.001 secs (0.001u,0.s) (success)
Tactic call pose-build-and-refine-regression-cubic ran for 0.093 secs (0.089u,0.003s) (success)
Tactic call fast_rewrite-regression-cubic ran for 0.093 secs (0.089u,0.003s) (success)
Tactic call abstract-regression-cubic ran for 0.154 secs (0.15u,0.003s) (success)
Tactic call close-abstract-regression-cubic ran for 0.06 secs (0.06u,0.s)
Params: n= 200
Tactic call refine-regression-quadratic-regression-linear ran for 0.002 secs (0.002u,0.s) (success)
Tactic call pose-build-and-refine-regression-cubic ran for 0.173 secs (0.161u,0.011s) (success)
Tactic call fast_rewrite-regression-cubic ran for 0.173 secs (0.161u,0.011s) (success)
Tactic call abstract-regression-cubic ran for 0.3 secs (0.284u,0.015s) (success)
Tactic call close-abstract-regression-cubic ran for 0.126 secs (0.122u,0.003s)
Params: n= 250
Tactic call refine-regression-quadratic-regression-linear ran for 0.003 secs (0.003u,0.s) (success)
Tactic call pose-build-and-refine-regression-cubic ran for 0.279 secs (0.274u,0.004s) (success)
Tactic call fast_rewrite-regression-cubic ran for 0.279 secs (0.274u,0.004s) (success)
Tactic call abstract-regression-cubic ran for 0.515 secs (0.507u,0.008s) (success)
Tactic call close-abstract-regression-cubic ran for 0.236 secs (0.232u,0.003s)
Params: n= 300
Tactic call refine-regression-quadratic-regression-linear ran for 0.003 secs (0.003u,0.s) (success)
Tactic call pose-build-and-refine-regression-cubic ran for 0.333 secs (0.325u,0.007s) (success)
Tactic call fast_rewrite-regression-cubic ran for 0.333 secs (0.325u,0.007s) (success)
Tactic call abstract-regression-cubic ran for 0.744 secs (0.736u,0.007s) (success)
Tactic call close-abstract-regression-cubic ran for 0.41 secs (0.41u,0.s)
Params: n= 350
Tactic call refine-regression-quadratic-regression-linear ran for 0.004 secs (0.004u,0.s) (success)
Tactic call pose-build-and-refine-regression-cubic ran for 0.48 secs (0.472u,0.007s) (success)
Tactic call fast_rewrite-regression-cubic ran for 0.48 secs (0.472u,0.007s) (success)
Tactic call abstract-regression-cubic ran for 1.184 secs (1.171u,0.012s) (success)
Tactic call close-abstract-regression-cubic ran for 0.703 secs (0.699u,0.004s)
Params: n= 400
Tactic call refine-regression-quadratic-regression-linear ran for 0.005 secs (0.005u,0.s) (success)
Tactic call pose-build-and-refine-regression-cubic ran for 0.631 secs (0.626u,0.004s) (success)
Tactic call fast_rewrite-regression-cubic ran for 0.631 secs (0.626u,0.004s) (success)
Tactic call abstract-regression-cubic ran for 1.631 secs (1.618u,0.012s) (success)
Tactic call close-abstract-regression-cubic ran for 0.999 secs (0.991u,0.007s)
