Params: n= 10
Tactic call repeat-setoid_rewrite-regression-cubic ran for 0.021 secs (0.01u,0.009s) (success)
Tactic call noop-repeat-setoid_rewrite-regression-cubic ran for 0.009 secs (0.01u,0.001s) (success)
Params: n= 20
Tactic call repeat-setoid_rewrite-regression-cubic ran for 0.092 secs (0.064u,0.028s) (success)
Tactic call noop-repeat-setoid_rewrite-regression-cubic ran for 0.011 secs (0.011u,0.s) (success)
Params: n= 30
Tactic call repeat-setoid_rewrite-regression-cubic ran for 0.083 secs (0.083u,0.s) (success)
Tactic call noop-repeat-setoid_rewrite-regression-cubic ran for 0.031 secs (0.031u,0.s) (success)
Params: n= 40
Tactic call repeat-setoid_rewrite-regression-cubic ran for 0.162 secs (0.158u,0.003s) (success)
Tactic call noop-repeat-setoid_rewrite-regression-cubic ran for 0.066 secs (0.066u,0.s) (success)
Params: n= 60
Tactic call repeat-setoid_rewrite-regression-cubic ran for 0.468 secs (0.468u,0.s) (success)
Tactic call noop-repeat-setoid_rewrite-regression-cubic ran for 0.195 secs (0.195u,0.s) (success)
Params: n= 70
Tactic call repeat-setoid_rewrite-regression-cubic ran for 0.692 secs (0.687u,0.003s) (success)
Tactic call noop-repeat-setoid_rewrite-regression-cubic ran for 0.291 secs (0.291u,0.s) (success)
Params: n= 80
Tactic call repeat-setoid_rewrite-regression-cubic ran for 0.968 secs (0.968u,0.s) (success)
Tactic call noop-repeat-setoid_rewrite-regression-cubic ran for 0.428 secs (0.428u,0.s) (success)
Params: n= 90
Tactic call repeat-setoid_rewrite-regression-cubic ran for 1.321 secs (1.32u,0.s) (success)
Tactic call noop-repeat-setoid_rewrite-regression-cubic ran for 0.573 secs (0.573u,0.s) (success)
Params: n= 110
Tactic call repeat-setoid_rewrite-regression-cubic ran for 2.36 secs (2.353u,0.003s) (success)
Tactic call noop-repeat-setoid_rewrite-regression-cubic ran for 1.107 secs (1.107u,0.s) (success)
Params: n= 120
Tactic call repeat-setoid_rewrite-regression-cubic ran for 2.855 secs (2.85u,0.003s) (success)
Tactic call noop-repeat-setoid_rewrite-regression-cubic ran for 1.328 secs (1.328u,0.s) (success)
Params: n= 130
Tactic call repeat-setoid_rewrite-regression-cubic ran for 3.625 secs (3.624u,0.s) (success)
Tactic call noop-repeat-setoid_rewrite-regression-cubic ran for 1.673 secs (1.673u,0.s) (success)
Params: n= 140
Tactic call repeat-setoid_rewrite-regression-cubic ran for 4.623 secs (4.618u,0.004s) (success)
Tactic call noop-repeat-setoid_rewrite-regression-cubic ran for 2.25 secs (2.249u,0.s) (success)
Params: n= 160
Tactic call repeat-setoid_rewrite-regression-cubic ran for 6.677 secs (6.671u,0.003s) (success)
Tactic call noop-repeat-setoid_rewrite-regression-cubic ran for 3.173 secs (3.172u,0.s) (success)
Params: n= 170
Tactic call repeat-setoid_rewrite-regression-cubic ran for 7.714 secs (7.713u,0.s) (success)
Tactic call noop-repeat-setoid_rewrite-regression-cubic ran for 3.657 secs (3.652u,0.003s) (success)
Params: n= 180
Tactic call repeat-setoid_rewrite-regression-cubic ran for 9.456 secs (9.451u,0.003s) (success)
Tactic call noop-repeat-setoid_rewrite-regression-cubic ran for 4.582 secs (4.581u,0.s) (success)
Params: n= 190
Tactic call repeat-setoid_rewrite-regression-cubic ran for 10.985 secs (10.977u,0.004s) (success)
Tactic call noop-repeat-setoid_rewrite-regression-cubic ran for 5.184 secs (5.183u,0.s) (success)
Params: n= 210
Tactic call repeat-setoid_rewrite-regression-cubic ran for 14.598 secs (14.591u,0.003s) (success)
Tactic call noop-repeat-setoid_rewrite-regression-cubic ran for 7.118 secs (7.117u,0.s) (success)
Params: n= 220
Tactic call repeat-setoid_rewrite-regression-cubic ran for 16.77 secs (16.765u,0.s) (success)
Tactic call noop-repeat-setoid_rewrite-regression-cubic ran for 8.098 secs (8.092u,0.003s) (success)
Params: n= 230
Tactic call repeat-setoid_rewrite-regression-cubic ran for 19.231 secs (19.228u,0.s) (success)
Tactic call noop-repeat-setoid_rewrite-regression-cubic ran for 9.567 secs (9.565u,0.s) (success)
Params: n= 240
Tactic call repeat-setoid_rewrite-regression-cubic ran for 21.559 secs (21.556u,0.s) (success)
Tactic call noop-repeat-setoid_rewrite-regression-cubic ran for 10.64 secs (10.634u,0.003s) (success)
Params: n= 250
Tactic call repeat-setoid_rewrite-regression-cubic ran for 24.64 secs (24.637u,0.s) (success)
Tactic call noop-repeat-setoid_rewrite-regression-cubic ran for 11.883 secs (11.881u,0.s) (success)
Params: n= 300
Tactic call repeat-setoid_rewrite-regression-cubic ran for 41.68 secs (41.655u,0.s) (success)
Tactic call noop-repeat-setoid_rewrite-regression-cubic ran for 20.267 secs (20.256u,0.007s) (success)
Params: n= 400
Tactic call repeat-setoid_rewrite-regression-cubic ran for 99.163 secs (99.131u,0.02s) (success)
Tactic call noop-repeat-setoid_rewrite-regression-cubic ran for 49.185 secs (49.153u,0.012s) (success)
