Params: n= 10
Tactic call setoid_rewrite-regression-cubic ran for 0.013 secs (0.005u,0.008s) (success)
Tactic call abstract+setoid_rewrite-regression-cubic ran for 0.02 secs (0.011u,0.008s) (success)
Tactic call close-abstract+setoid_rewrite-regression-quadratic ran for 0.005 secs (0.005u,0.s)
Params: n= 20
Tactic call setoid_rewrite-regression-cubic ran for 0.085 secs (0.075u,0.01s) (success)
Tactic call abstract+setoid_rewrite-regression-cubic ran for 0.096 secs (0.084u,0.011s) (success)
Tactic call close-abstract+setoid_rewrite-regression-quadratic ran for 0.01 secs (0.009u,0.s)
Params: n= 30
Tactic call setoid_rewrite-regression-cubic ran for 0.061 secs (0.061u,0.s) (success)
Tactic call abstract+setoid_rewrite-regression-cubic ran for 0.083 secs (0.083u,0.s) (success)
Tactic call close-abstract+setoid_rewrite-regression-quadratic ran for 0.021 secs (0.021u,0.s)
Params: n= 40
Tactic call setoid_rewrite-regression-cubic ran for 0.116 secs (0.113u,0.003s) (success)
Tactic call abstract+setoid_rewrite-regression-cubic ran for 0.152 secs (0.149u,0.003s) (success)
Tactic call close-abstract+setoid_rewrite-regression-quadratic ran for 0.036 secs (0.036u,0.s)
Params: n= 60
Tactic call setoid_rewrite-regression-cubic ran for 0.298 secs (0.293u,0.004s) (success)
Tactic call abstract+setoid_rewrite-regression-cubic ran for 0.382 secs (0.377u,0.004s) (success)
Tactic call close-abstract+setoid_rewrite-regression-quadratic ran for 0.083 secs (0.083u,0.s)
Params: n= 70
Tactic call setoid_rewrite-regression-cubic ran for 0.421 secs (0.417u,0.003s) (success)
Tactic call abstract+setoid_rewrite-regression-cubic ran for 0.528 secs (0.524u,0.003s) (success)
Tactic call close-abstract+setoid_rewrite-regression-quadratic ran for 0.106 secs (0.106u,0.s)
Params: n= 80
Tactic call setoid_rewrite-regression-cubic ran for 0.616 secs (0.616u,0.s) (success)
Tactic call abstract+setoid_rewrite-regression-cubic ran for 0.754 secs (0.754u,0.s) (success)
Tactic call close-abstract+setoid_rewrite-regression-quadratic ran for 0.137 secs (0.137u,0.s)
Params: n= 90
Tactic call setoid_rewrite-regression-cubic ran for 0.814 secs (0.81u,0.004s) (success)
Tactic call abstract+setoid_rewrite-regression-cubic ran for 0.986 secs (0.982u,0.004s) (success)
Tactic call close-abstract+setoid_rewrite-regression-quadratic ran for 0.171 secs (0.171u,0.s)
Params: n= 110
Tactic call setoid_rewrite-regression-cubic ran for 1.475 secs (1.471u,0.003s) (success)
Tactic call abstract+setoid_rewrite-regression-cubic ran for 1.712 secs (1.708u,0.004s) (success)
Tactic call close-abstract+setoid_rewrite-regression-quadratic ran for 0.236 secs (0.236u,0.s)
Params: n= 120
Tactic call setoid_rewrite-regression-cubic ran for 1.817 secs (1.809u,0.007s) (success)
Tactic call abstract+setoid_rewrite-regression-cubic ran for 2.092 secs (2.084u,0.007s) (success)
Tactic call close-abstract+setoid_rewrite-regression-quadratic ran for 0.274 secs (0.274u,0.s)
Params: n= 130
Tactic call setoid_rewrite-regression-cubic ran for 2.259 secs (2.258u,0.s) (success)
Tactic call abstract+setoid_rewrite-regression-cubic ran for 2.572 secs (2.571u,0.s) (success)
Tactic call close-abstract+setoid_rewrite-regression-quadratic ran for 0.312 secs (0.312u,0.s)
Params: n= 140
Tactic call setoid_rewrite-regression-cubic ran for 2.662 secs (2.662u,0.s) (success)
Tactic call abstract+setoid_rewrite-regression-cubic ran for 3.032 secs (3.032u,0.s) (success)
Tactic call close-abstract+setoid_rewrite-regression-quadratic ran for 0.369 secs (0.369u,0.s)
Params: n= 160
Tactic call setoid_rewrite-regression-cubic ran for 4.009 secs (4.004u,0.003s) (success)
Tactic call abstract+setoid_rewrite-regression-cubic ran for 4.489 secs (4.485u,0.003s) (success)
Tactic call close-abstract+setoid_rewrite-regression-quadratic ran for 0.48 secs (0.48u,0.s)
Params: n= 170
Tactic call setoid_rewrite-regression-cubic ran for 4.828 secs (4.806u,0.003s) (success)
Tactic call abstract+setoid_rewrite-regression-cubic ran for 5.349 secs (5.327u,0.003s) (success)
Tactic call close-abstract+setoid_rewrite-regression-quadratic ran for 0.52 secs (0.52u,0.s)
Params: n= 180
Tactic call setoid_rewrite-regression-cubic ran for 5.399 secs (5.394u,0.003s) (success)
Tactic call abstract+setoid_rewrite-regression-cubic ran for 5.985 secs (5.981u,0.003s) (success)
Tactic call close-abstract+setoid_rewrite-regression-quadratic ran for 0.585 secs (0.585u,0.s)
Params: n= 190
Tactic call setoid_rewrite-regression-cubic ran for 6.403 secs (6.403u,0.s) (success)
Tactic call abstract+setoid_rewrite-regression-cubic ran for 7.091 secs (7.09u,0.s) (success)
Tactic call close-abstract+setoid_rewrite-regression-quadratic ran for 0.687 secs (0.687u,0.s)
Params: n= 210
Tactic call setoid_rewrite-regression-cubic ran for 8.717 secs (8.713u,0.004s) (success)
Tactic call abstract+setoid_rewrite-regression-cubic ran for 9.513 secs (9.504u,0.008s) (success)
Tactic call close-abstract+setoid_rewrite-regression-quadratic ran for 0.794 secs (0.79u,0.003s)
Params: n= 220
Tactic call setoid_rewrite-regression-cubic ran for 10.012 secs (9.998u,0.012s) (success)
Tactic call abstract+setoid_rewrite-regression-cubic ran for 10.88 secs (10.867u,0.012s) (success)
Tactic call close-abstract+setoid_rewrite-regression-quadratic ran for 0.868 secs (0.867u,0.s)
Params: n= 230
Tactic call setoid_rewrite-regression-cubic ran for 11.08 secs (11.079u,0.s) (success)
Tactic call abstract+setoid_rewrite-regression-cubic ran for 12.04 secs (12.04u,0.s) (success)
Tactic call close-abstract+setoid_rewrite-regression-quadratic ran for 0.96 secs (0.959u,0.s)
Params: n= 240
Tactic call setoid_rewrite-regression-cubic ran for 12.455 secs (12.455u,0.s) (success)
Tactic call abstract+setoid_rewrite-regression-cubic ran for 13.489 secs (13.488u,0.s) (success)
Tactic call close-abstract+setoid_rewrite-regression-quadratic ran for 1.032 secs (1.032u,0.s)
Params: n= 250
Tactic call setoid_rewrite-regression-cubic ran for 14.058 secs (14.057u,0.s) (success)
Tactic call abstract+setoid_rewrite-regression-cubic ran for 15.177 secs (15.176u,0.s) (success)
Tactic call close-abstract+setoid_rewrite-regression-quadratic ran for 1.118 secs (1.118u,0.s)
Params: n= 300
Tactic call setoid_rewrite-regression-cubic ran for 24.086 secs (24.08u,0.003s) (success)
Tactic call abstract+setoid_rewrite-regression-cubic ran for 25.797 secs (25.787u,0.007s) (success)
Tactic call close-abstract+setoid_rewrite-regression-quadratic ran for 1.71 secs (1.706u,0.003s)
Params: n= 400
Tactic call setoid_rewrite-regression-cubic ran for 58.259 secs (58.23u,0.024s) (success)
Tactic call abstract+setoid_rewrite-regression-cubic ran for 61.094 secs (61.065u,0.024s) (success)
Tactic call close-abstract+setoid_rewrite-regression-quadratic ran for 2.834 secs (2.833u,0.s)
