Params: n= 4
Tactic call reify-regression-cubic ran for 0.009 secs (0.009u,0.s)
Tactic call abstract-regression-linear ran for 0.001 secs (0.001u,0.s) (success)
Params: n= 5
Tactic call reify-regression-cubic ran for 0.012 secs (0.008u,0.004s)
Tactic call abstract-regression-linear ran for 0.001 secs (0.001u,0.s) (success)
Params: n= 6
Tactic call reify-regression-cubic ran for 0.067 secs (0.06u,0.007s)
Tactic call abstract-regression-linear ran for 0.001 secs (0.u,0.s) (success)
Params: n= 7
Tactic call reify-regression-cubic ran for 0.012 secs (0.012u,0.s)
Tactic call abstract-regression-linear ran for 0.001 secs (0.001u,0.s) (success)
Params: n= 8
Tactic call reify-regression-cubic ran for 0.015 secs (0.015u,0.s)
Tactic call abstract-regression-linear ran for 0.001 secs (0.001u,0.s) (success)
Params: n= 9
Tactic call reify-regression-cubic ran for 0.017 secs (0.017u,0.s)
Tactic call abstract-regression-linear ran for 0.001 secs (0.001u,0.s) (success)
Params: n= 10
Tactic call reify-regression-cubic ran for 0.02 secs (0.02u,0.s)
Tactic call abstract-regression-linear ran for 0.001 secs (0.001u,0.s) (success)
Params: n= 11
Tactic call reify-regression-cubic ran for 0.024 secs (0.024u,0.s)
Tactic call abstract-regression-linear ran for 0.001 secs (0.001u,0.s) (success)
Params: n= 12
Tactic call reify-regression-cubic ran for 0.026 secs (0.026u,0.s)
Tactic call abstract-regression-linear ran for 0.001 secs (0.001u,0.s) (success)
Params: n= 13
Tactic call reify-regression-cubic ran for 0.03 secs (0.03u,0.s)
Tactic call abstract-regression-linear ran for 0.001 secs (0.001u,0.s) (success)
Params: n= 14
Tactic call reify-regression-cubic ran for 0.033 secs (0.033u,0.s)
Tactic call abstract-regression-linear ran for 0.001 secs (0.001u,0.s) (success)
Params: n= 15
Tactic call reify-regression-cubic ran for 0.039 secs (0.039u,0.s)
Tactic call abstract-regression-linear ran for 0.002 secs (0.002u,0.s) (success)
Params: n= 16
Tactic call reify-regression-cubic ran for 0.041 secs (0.041u,0.s)
Tactic call abstract-regression-linear ran for 0.002 secs (0.002u,0.s) (success)
Params: n= 17
Tactic call reify-regression-cubic ran for 0.045 secs (0.045u,0.s)
Tactic call abstract-regression-linear ran for 0.002 secs (0.002u,0.s) (success)
Params: n= 18
Tactic call reify-regression-cubic ran for 0.047 secs (0.047u,0.s)
Tactic call abstract-regression-linear ran for 0.002 secs (0.002u,0.s) (success)
Params: n= 19
Tactic call reify-regression-cubic ran for 0.054 secs (0.054u,0.s)
Tactic call abstract-regression-linear ran for 0.002 secs (0.002u,0.s) (success)
Params: n= 20
Tactic call reify-regression-cubic ran for 0.06 secs (0.06u,0.s)
Tactic call abstract-regression-linear ran for 0.002 secs (0.002u,0.s) (success)
Params: n= 21
Tactic call reify-regression-cubic ran for 0.064 secs (0.064u,0.s)
Tactic call abstract-regression-linear ran for 0.002 secs (0.002u,0.s) (success)
Params: n= 22
Tactic call reify-regression-cubic ran for 0.066 secs (0.066u,0.s)
Tactic call abstract-regression-linear ran for 0.011 secs (0.011u,0.s) (success)
Params: n= 23
Tactic call reify-regression-cubic ran for 0.071 secs (0.071u,0.s)
Tactic call abstract-regression-linear ran for 0.002 secs (0.002u,0.s) (success)
Params: n= 24
Tactic call reify-regression-cubic ran for 0.089 secs (0.086u,0.003s)
Tactic call abstract-regression-linear ran for 0.003 secs (0.003u,0.s) (success)
Params: n= 25
Tactic call reify-regression-cubic ran for 0.093 secs (0.089u,0.003s)
Tactic call abstract-regression-linear ran for 0.002 secs (0.002u,0.s) (success)
Params: n= 26
Tactic call reify-regression-cubic ran for 0.099 secs (0.099u,0.s)
Tactic call abstract-regression-linear ran for 0.002 secs (0.002u,0.s) (success)
Params: n= 27
Tactic call reify-regression-cubic ran for 0.097 secs (0.093u,0.003s)
Tactic call abstract-regression-linear ran for 0.003 secs (0.002u,0.s) (success)
Params: n= 28
Tactic call reify-regression-cubic ran for 0.107 secs (0.107u,0.s)
Tactic call abstract-regression-linear ran for 0.003 secs (0.003u,0.s) (success)
Params: n= 29
Tactic call reify-regression-cubic ran for 0.112 secs (0.112u,0.s)
Tactic call abstract-regression-linear ran for 0.003 secs (0.003u,0.s) (success)
Params: n= 30
Tactic call reify-regression-cubic ran for 0.118 secs (0.118u,0.s)
Tactic call abstract-regression-linear ran for 0.003 secs (0.003u,0.s) (success)
Params: n= 31
Tactic call reify-regression-cubic ran for 0.131 secs (0.127u,0.003s)
Tactic call abstract-regression-linear ran for 0.003 secs (0.003u,0.s) (success)
Params: n= 32
Tactic call reify-regression-cubic ran for 0.147 secs (0.143u,0.003s)
Tactic call abstract-regression-linear ran for 0.003 secs (0.003u,0.s) (success)
Params: n= 33
Tactic call reify-regression-cubic ran for 0.16 secs (0.16u,0.s)
Tactic call abstract-regression-linear ran for 0.003 secs (0.003u,0.s) (success)
Params: n= 34
Tactic call reify-regression-cubic ran for 0.164 secs (0.164u,0.s)
Tactic call abstract-regression-linear ran for 0.003 secs (0.003u,0.s) (success)
Params: n= 35
Tactic call reify-regression-cubic ran for 0.156 secs (0.156u,0.s)
Tactic call abstract-regression-linear ran for 0.003 secs (0.003u,0.s) (success)
Params: n= 36
Tactic call reify-regression-cubic ran for 0.172 secs (0.172u,0.s)
Tactic call abstract-regression-linear ran for 0.003 secs (0.003u,0.s) (success)
Params: n= 37
Tactic call reify-regression-cubic ran for 0.197 secs (0.197u,0.s)
Tactic call abstract-regression-linear ran for 0.004 secs (0.004u,0.s) (success)
Params: n= 38
Tactic call reify-regression-cubic ran for 0.211 secs (0.211u,0.s)
Tactic call abstract-regression-linear ran for 0.004 secs (0.004u,0.s) (success)
Params: n= 39
Tactic call reify-regression-cubic ran for 0.214 secs (0.21u,0.003s)
Tactic call abstract-regression-linear ran for 0.004 secs (0.004u,0.s) (success)
Params: n= 40
Tactic call reify-regression-cubic ran for 0.204 secs (0.203u,0.s)
Tactic call abstract-regression-linear ran for 0.004 secs (0.004u,0.s) (success)
Params: n= 41
Tactic call reify-regression-cubic ran for 0.222 secs (0.222u,0.s)
Tactic call abstract-regression-linear ran for 0.004 secs (0.004u,0.s) (success)
Params: n= 42
Tactic call reify-regression-cubic ran for 0.24 secs (0.24u,0.s)
Tactic call abstract-regression-linear ran for 0.004 secs (0.004u,0.s) (success)
Params: n= 43
Tactic call reify-regression-cubic ran for 0.241 secs (0.238u,0.003s)
Tactic call abstract-regression-linear ran for 0.004 secs (0.004u,0.s) (success)
Params: n= 44
Tactic call reify-regression-cubic ran for 0.257 secs (0.253u,0.004s)
Tactic call abstract-regression-linear ran for 0.004 secs (0.004u,0.s) (success)
Params: n= 45
Tactic call reify-regression-cubic ran for 0.264 secs (0.26u,0.003s)
Tactic call abstract-regression-linear ran for 0.004 secs (0.004u,0.s) (success)
Params: n= 46
Tactic call reify-regression-cubic ran for 0.28 secs (0.28u,0.s)
Tactic call abstract-regression-linear ran for 0.004 secs (0.004u,0.s) (success)
Params: n= 47
Tactic call reify-regression-cubic ran for 0.291 secs (0.283u,0.007s)
Tactic call abstract-regression-linear ran for 0.004 secs (0.004u,0.s) (success)
Params: n= 48
Tactic call reify-regression-cubic ran for 0.304 secs (0.304u,0.s)
Tactic call abstract-regression-linear ran for 0.004 secs (0.004u,0.s) (success)
Params: n= 49
Tactic call reify-regression-cubic ran for 0.335 secs (0.335u,0.s)
Tactic call abstract-regression-linear ran for 0.005 secs (0.005u,0.s) (success)
Params: n= 50
Tactic call reify-regression-cubic ran for 0.34 secs (0.34u,0.s)
Tactic call abstract-regression-linear ran for 0.005 secs (0.005u,0.s) (success)
Params: n= 51
Tactic call reify-regression-cubic ran for 0.355 secs (0.355u,0.s)
Tactic call abstract-regression-linear ran for 0.009 secs (0.009u,0.s) (success)
Params: n= 52
Tactic call reify-regression-cubic ran for 0.381 secs (0.38u,0.s)
Tactic call abstract-regression-linear ran for 0.005 secs (0.005u,0.s) (success)
Params: n= 53
Tactic call reify-regression-cubic ran for 0.405 secs (0.397u,0.007s)
Tactic call abstract-regression-linear ran for 0.005 secs (0.005u,0.s) (success)
Params: n= 54
Tactic call reify-regression-cubic ran for 0.409 secs (0.401u,0.008s)
Tactic call abstract-regression-linear ran for 0.005 secs (0.005u,0.s) (success)
Params: n= 55
Tactic call reify-regression-cubic ran for 0.401 secs (0.397u,0.003s)
Tactic call abstract-regression-linear ran for 0.005 secs (0.005u,0.s) (success)
Params: n= 56
Tactic call reify-regression-cubic ran for 0.422 secs (0.422u,0.s)
Tactic call abstract-regression-linear ran for 0.005 secs (0.005u,0.s) (success)
Params: n= 57
Tactic call reify-regression-cubic ran for 0.439 secs (0.439u,0.s)
Tactic call abstract-regression-linear ran for 0.005 secs (0.005u,0.s) (success)
Params: n= 58
Tactic call reify-regression-cubic ran for 0.451 secs (0.451u,0.s)
Tactic call abstract-regression-linear ran for 0.005 secs (0.005u,0.s) (success)
Params: n= 59
Tactic call reify-regression-cubic ran for 0.467 secs (0.467u,0.s)
Tactic call abstract-regression-linear ran for 0.005 secs (0.005u,0.s) (success)
Params: n= 60
Tactic call reify-regression-cubic ran for 0.478 secs (0.478u,0.s)
Tactic call abstract-regression-linear ran for 0.005 secs (0.005u,0.s) (success)
Params: n= 61
Tactic call reify-regression-cubic ran for 0.532 secs (0.532u,0.s)
Tactic call abstract-regression-linear ran for 0.006 secs (0.006u,0.s) (success)
Params: n= 62
Tactic call reify-regression-cubic ran for 0.551 secs (0.551u,0.s)
Tactic call abstract-regression-linear ran for 0.006 secs (0.006u,0.s) (success)
Params: n= 63
Tactic call reify-regression-cubic ran for 0.561 secs (0.561u,0.s)
Tactic call abstract-regression-linear ran for 0.006 secs (0.006u,0.s) (success)
Params: n= 64
Tactic call reify-regression-cubic ran for 0.573 secs (0.573u,0.s)
Tactic call abstract-regression-linear ran for 0.006 secs (0.006u,0.s) (success)
Params: n= 65
Tactic call reify-regression-cubic ran for 0.59 secs (0.586u,0.003s)
Tactic call abstract-regression-linear ran for 0.006 secs (0.006u,0.s) (success)
Params: n= 66
Tactic call reify-regression-cubic ran for 0.607 secs (0.603u,0.003s)
Tactic call abstract-regression-linear ran for 0.006 secs (0.006u,0.s) (success)
Params: n= 67
Tactic call reify-regression-cubic ran for 0.623 secs (0.623u,0.s)
Tactic call abstract-regression-linear ran for 0.006 secs (0.006u,0.s) (success)
Params: n= 68
Tactic call reify-regression-cubic ran for 0.639 secs (0.635u,0.004s)
Tactic call abstract-regression-linear ran for 0.006 secs (0.006u,0.s) (success)
Params: n= 69
Tactic call reify-regression-cubic ran for 0.866 secs (0.866u,0.s)
Tactic call abstract-regression-linear ran for 0.006 secs (0.006u,0.s) (success)
Params: n= 70
Tactic call reify-regression-cubic ran for 0.725 secs (0.725u,0.s)
Tactic call abstract-regression-linear ran for 0.007 secs (0.007u,0.s) (success)
Params: n= 71
Tactic call reify-regression-cubic ran for 0.742 secs (0.741u,0.s)
Tactic call abstract-regression-linear ran for 0.007 secs (0.007u,0.s) (success)
Params: n= 72
Tactic call reify-regression-cubic ran for 0.746 secs (0.746u,0.s)
Tactic call abstract-regression-linear ran for 0.007 secs (0.007u,0.s) (success)
Params: n= 73
Tactic call reify-regression-cubic ran for 0.741 secs (0.74u,0.s)
Tactic call abstract-regression-linear ran for 0.006 secs (0.006u,0.s) (success)
Params: n= 74
Tactic call reify-regression-cubic ran for 0.771 secs (0.771u,0.s)
Tactic call abstract-regression-linear ran for 0.007 secs (0.007u,0.s) (success)
Params: n= 75
Tactic call reify-regression-cubic ran for 0.772 secs (0.772u,0.s)
Tactic call abstract-regression-linear ran for 0.007 secs (0.007u,0.s) (success)
Params: n= 76
Tactic call reify-regression-cubic ran for 0.822 secs (0.822u,0.s)
Tactic call abstract-regression-linear ran for 0.007 secs (0.007u,0.s) (success)
Params: n= 77
Tactic call reify-regression-cubic ran for 0.87 secs (0.87u,0.s)
Tactic call abstract-regression-linear ran for 0.007 secs (0.007u,0.s) (success)
Params: n= 78
Tactic call reify-regression-cubic ran for 0.902 secs (0.902u,0.s)
Tactic call abstract-regression-linear ran for 0.007 secs (0.007u,0.s) (success)
Params: n= 79
Tactic call reify-regression-cubic ran for 0.901 secs (0.901u,0.s)
Tactic call abstract-regression-linear ran for 0.007 secs (0.007u,0.s) (success)
Params: n= 80
Tactic call reify-regression-cubic ran for 0.915 secs (0.915u,0.s)
Tactic call abstract-regression-linear ran for 0.007 secs (0.007u,0.s) (success)
Params: n= 81
Tactic call reify-regression-cubic ran for 0.949 secs (0.949u,0.s)
Tactic call abstract-regression-linear ran for 0.007 secs (0.007u,0.s) (success)
Params: n= 82
Tactic call reify-regression-cubic ran for 0.972 secs (0.971u,0.s)
Tactic call abstract-regression-linear ran for 0.008 secs (0.008u,0.s) (success)
Params: n= 83
Tactic call reify-regression-cubic ran for 1.037 secs (1.037u,0.s)
Tactic call abstract-regression-linear ran for 0.008 secs (0.008u,0.s) (success)
Params: n= 84
Tactic call reify-regression-cubic ran for 1.072 secs (1.072u,0.s)
Tactic call abstract-regression-linear ran for 0.008 secs (0.008u,0.s) (success)
Params: n= 85
Tactic call reify-regression-cubic ran for 1.066 secs (1.066u,0.s)
Tactic call abstract-regression-linear ran for 0.009 secs (0.009u,0.s) (success)
Params: n= 86
Tactic call reify-regression-cubic ran for 1.087 secs (1.087u,0.s)
Tactic call abstract-regression-linear ran for 0.008 secs (0.008u,0.s) (success)
Params: n= 87
Tactic call reify-regression-cubic ran for 1.117 secs (1.117u,0.s)
Tactic call abstract-regression-linear ran for 0.008 secs (0.008u,0.s) (success)
Params: n= 88
Tactic call reify-regression-cubic ran for 1.168 secs (1.168u,0.s)
Tactic call abstract-regression-linear ran for 0.008 secs (0.008u,0.s) (success)
Params: n= 89
Tactic call reify-regression-cubic ran for 1.315 secs (1.315u,0.s)
Tactic call abstract-regression-linear ran for 0.008 secs (0.008u,0.s) (success)
Params: n= 90
Tactic call reify-regression-cubic ran for 1.216 secs (1.215u,0.s)
Tactic call abstract-regression-linear ran for 0.008 secs (0.008u,0.s) (success)
Params: n= 91
Tactic call reify-regression-cubic ran for 1.259 secs (1.254u,0.003s)
Tactic call abstract-regression-linear ran for 0.008 secs (0.008u,0.s) (success)
Params: n= 92
Tactic call reify-regression-cubic ran for 1.282 secs (1.282u,0.s)
Tactic call abstract-regression-linear ran for 0.008 secs (0.008u,0.s) (success)
Params: n= 93
Tactic call reify-regression-cubic ran for 1.338 secs (1.338u,0.s)
Tactic call abstract-regression-linear ran for 0.009 secs (0.009u,0.s) (success)
Params: n= 94
Tactic call reify-regression-cubic ran for 1.386 secs (1.386u,0.s)
Tactic call abstract-regression-linear ran for 0.008 secs (0.008u,0.s) (success)
Params: n= 95
Tactic call reify-regression-cubic ran for 1.403 secs (1.403u,0.s)
Tactic call abstract-regression-linear ran for 0.008 secs (0.008u,0.s) (success)
Params: n= 96
Tactic call reify-regression-cubic ran for 1.4 secs (1.4u,0.s)
Tactic call abstract-regression-linear ran for 0.008 secs (0.008u,0.s) (success)
Params: n= 97
Tactic call reify-regression-cubic ran for 1.467 secs (1.466u,0.s)
Tactic call abstract-regression-linear ran for 0.009 secs (0.009u,0.s) (success)
Params: n= 98
Tactic call reify-regression-cubic ran for 1.536 secs (1.536u,0.s)
Tactic call abstract-regression-linear ran for 0.009 secs (0.009u,0.s) (success)
Params: n= 99
Tactic call reify-regression-cubic ran for 1.559 secs (1.553u,0.003s)
Tactic call abstract-regression-linear ran for 0.009 secs (0.009u,0.s) (success)
Params: n= 100
Tactic call reify-regression-cubic ran for 1.543 secs (1.543u,0.s)
Tactic call abstract-regression-linear ran for 0.009 secs (0.009u,0.s) (success)
