Params: n= 10
Tactic call noop-repeat-setoid_rewrite-regression-cubic ran for 0.007 secs (0.007u,0.s) (success)
Tactic call noop-repeat-rewrite_strat-topdown-regression-cubic ran for 0.006 secs (0.003u,0.003s) (success)
Tactic call noop-repeat-rewrite_strat-bottomup-regression-cubic ran for 0.006 secs (0.006u,0.s) (success)
Params: n= 20
Tactic call noop-repeat-setoid_rewrite-regression-cubic ran for 0.021 secs (0.014u,0.007s) (success)
Tactic call noop-repeat-rewrite_strat-topdown-regression-cubic ran for 0.069 secs (0.046u,0.023s) (success)
Tactic call noop-repeat-rewrite_strat-bottomup-regression-cubic ran for 0.014 secs (0.013u,0.s) (success)
Params: n= 30
Tactic call noop-repeat-setoid_rewrite-regression-cubic ran for 0.037 secs (0.037u,0.s) (success)
Tactic call noop-repeat-rewrite_strat-topdown-regression-cubic ran for 0.038 secs (0.038u,0.s) (success)
Tactic call noop-repeat-rewrite_strat-bottomup-regression-cubic ran for 0.036 secs (0.036u,0.s) (success)
Params: n= 40
Tactic call noop-repeat-setoid_rewrite-regression-cubic ran for 0.077 secs (0.076u,0.s) (success)
Tactic call noop-repeat-rewrite_strat-topdown-regression-cubic ran for 0.075 secs (0.072u,0.002s) (success)
Tactic call noop-repeat-rewrite_strat-bottomup-regression-cubic ran for 0.078 secs (0.078u,0.s) (success)
Params: n= 60
Tactic call noop-repeat-setoid_rewrite-regression-cubic ran for 0.223 secs (0.223u,0.s) (success)
Tactic call noop-repeat-rewrite_strat-topdown-regression-cubic ran for 0.221 secs (0.221u,0.s) (success)
Tactic call noop-repeat-rewrite_strat-bottomup-regression-cubic ran for 0.222 secs (0.222u,0.s) (success)
Params: n= 70
Tactic call noop-repeat-setoid_rewrite-regression-cubic ran for 0.347 secs (0.347u,0.s) (success)
Tactic call noop-repeat-rewrite_strat-topdown-regression-cubic ran for 0.34 secs (0.339u,0.s) (success)
Tactic call noop-repeat-rewrite_strat-bottomup-regression-cubic ran for 0.342 secs (0.342u,0.s) (success)
Params: n= 80
Tactic call noop-repeat-setoid_rewrite-regression-cubic ran for 0.499 secs (0.499u,0.s) (success)
Tactic call noop-repeat-rewrite_strat-topdown-regression-cubic ran for 0.504 secs (0.504u,0.s) (success)
Tactic call noop-repeat-rewrite_strat-bottomup-regression-cubic ran for 0.522 secs (0.522u,0.s) (success)
Params: n= 90
Tactic call noop-repeat-setoid_rewrite-regression-cubic ran for 0.703 secs (0.703u,0.s) (success)
Tactic call noop-repeat-rewrite_strat-topdown-regression-cubic ran for 0.702 secs (0.701u,0.s) (success)
Tactic call noop-repeat-rewrite_strat-bottomup-regression-cubic ran for 0.697 secs (0.697u,0.s) (success)
Params: n= 110
Tactic call noop-repeat-setoid_rewrite-regression-cubic ran for 1.259 secs (1.259u,0.s) (success)
Tactic call noop-repeat-rewrite_strat-topdown-regression-cubic ran for 1.242 secs (1.242u,0.s) (success)
Tactic call noop-repeat-rewrite_strat-bottomup-regression-cubic ran for 1.253 secs (1.252u,0.s) (success)
Params: n= 120
Tactic call noop-repeat-setoid_rewrite-regression-cubic ran for 1.624 secs (1.62u,0.003s) (success)
Tactic call noop-repeat-rewrite_strat-topdown-regression-cubic ran for 1.598 secs (1.598u,0.s) (success)
Tactic call noop-repeat-rewrite_strat-bottomup-regression-cubic ran for 1.593 secs (1.592u,0.s) (success)
Params: n= 130
Tactic call noop-repeat-setoid_rewrite-regression-cubic ran for 2.024 secs (2.023u,0.s) (success)
Tactic call noop-repeat-rewrite_strat-topdown-regression-cubic ran for 2.029 secs (2.029u,0.s) (success)
Tactic call noop-repeat-rewrite_strat-bottomup-regression-cubic ran for 2.015 secs (2.015u,0.s) (success)
Params: n= 140
Tactic call noop-repeat-setoid_rewrite-regression-cubic ran for 2.528 secs (2.526u,0.s) (success)
Tactic call noop-repeat-rewrite_strat-topdown-regression-cubic ran for 2.526 secs (2.525u,0.s) (success)
Tactic call noop-repeat-rewrite_strat-bottomup-regression-cubic ran for 2.511 secs (2.51u,0.s) (success)
Params: n= 160
Tactic call noop-repeat-setoid_rewrite-regression-cubic ran for 3.735 secs (3.734u,0.s) (success)
Tactic call noop-repeat-rewrite_strat-topdown-regression-cubic ran for 3.775 secs (3.774u,0.s) (success)
Tactic call noop-repeat-rewrite_strat-bottomup-regression-cubic ran for 3.73 secs (3.726u,0.003s) (success)
Params: n= 170
Tactic call noop-repeat-setoid_rewrite-regression-cubic ran for 4.507 secs (4.505u,0.002s) (success)
Tactic call noop-repeat-rewrite_strat-topdown-regression-cubic ran for 4.495 secs (4.494u,0.s) (success)
Tactic call noop-repeat-rewrite_strat-bottomup-regression-cubic ran for 4.468 secs (4.464u,0.003s) (success)
Params: n= 180
Tactic call noop-repeat-setoid_rewrite-regression-cubic ran for 5.303 secs (5.298u,0.003s) (success)
Tactic call noop-repeat-rewrite_strat-topdown-regression-cubic ran for 5.343 secs (5.337u,0.004s) (success)
Tactic call noop-repeat-rewrite_strat-bottomup-regression-cubic ran for 5.309 secs (5.305u,0.004s) (success)
Params: n= 190
Tactic call noop-repeat-setoid_rewrite-regression-cubic ran for 6.24 secs (6.239u,0.s) (success)
Tactic call noop-repeat-rewrite_strat-topdown-regression-cubic ran for 6.259 secs (6.258u,0.s) (success)
Tactic call noop-repeat-rewrite_strat-bottomup-regression-cubic ran for 6.236 secs (6.232u,0.003s) (success)
