Params: n= 4
Tactic call autorewrite-regression-quadratic ran for 0.001 secs (0.001u,0.s) (success)
Tactic call autorewrite-noop-regression-linear ran for 0. secs (0.u,0.s) (success)
Tactic call abstract+autorewrite-regression-quadratic ran for 0.002 secs (0.002u,0.s) (success)
Tactic call close-abstract+autorewrite-regression-quadratic ran for 0. secs (0.u,0.s)
Params: n= 5
Tactic call autorewrite-regression-quadratic ran for 0.001 secs (0.001u,0.s) (success)
Tactic call autorewrite-noop-regression-linear ran for 0. secs (0.u,0.s) (success)
Tactic call abstract+autorewrite-regression-quadratic ran for 0.002 secs (0.002u,0.s) (success)
Tactic call close-abstract+autorewrite-regression-quadratic ran for 0. secs (0.u,0.s)
Params: n= 6
Tactic call autorewrite-regression-quadratic ran for 0.002 secs (0.002u,0.s) (success)
Tactic call autorewrite-noop-regression-linear ran for 0. secs (0.u,0.s) (success)
Tactic call abstract+autorewrite-regression-quadratic ran for 0.003 secs (0.002u,0.s) (success)
Tactic call close-abstract+autorewrite-regression-quadratic ran for 0.001 secs (0.u,0.001s)
Params: n= 7
Tactic call autorewrite-regression-quadratic ran for 0.002 secs (0.u,0.002s) (success)
Tactic call autorewrite-noop-regression-linear ran for 0. secs (0.u,0.s) (success)
Tactic call abstract+autorewrite-regression-quadratic ran for 0.003 secs (0.u,0.003s) (success)
Tactic call close-abstract+autorewrite-regression-quadratic ran for 0.001 secs (0.u,0.001s)
Params: n= 8
Tactic call autorewrite-regression-quadratic ran for 0.002 secs (0.u,0.002s) (success)
Tactic call autorewrite-noop-regression-linear ran for 0. secs (0.u,0.s) (success)
Tactic call abstract+autorewrite-regression-quadratic ran for 0.004 secs (0.u,0.004s) (success)
Tactic call close-abstract+autorewrite-regression-quadratic ran for 0. secs (0.u,0.s)
Params: n= 9
Tactic call autorewrite-regression-quadratic ran for 0.002 secs (0.u,0.002s) (success)
Tactic call autorewrite-noop-regression-linear ran for 0. secs (0.u,0.s) (success)
Tactic call abstract+autorewrite-regression-quadratic ran for 0.004 secs (0.u,0.004s) (success)
Tactic call close-abstract+autorewrite-regression-quadratic ran for 0. secs (0.u,0.s)
Params: n= 10
Tactic call autorewrite-regression-quadratic ran for 0.003 secs (0.u,0.003s) (success)
Tactic call autorewrite-noop-regression-linear ran for 0. secs (0.u,0.s) (success)
Tactic call abstract+autorewrite-regression-quadratic ran for 0.005 secs (0.u,0.005s) (success)
Tactic call close-abstract+autorewrite-regression-quadratic ran for 0.001 secs (0.u,0.001s)
Params: n= 11
Tactic call autorewrite-regression-quadratic ran for 0.004 secs (0.u,0.004s) (success)
Tactic call autorewrite-noop-regression-linear ran for 0. secs (0.u,0.s) (success)
Tactic call abstract+autorewrite-regression-quadratic ran for 0.006 secs (0.u,0.006s) (success)
Tactic call close-abstract+autorewrite-regression-quadratic ran for 0.001 secs (0.u,0.001s)
Params: n= 12
Tactic call autorewrite-regression-quadratic ran for 0.052 secs (0.046u,0.006s) (success)
Tactic call autorewrite-noop-regression-linear ran for 0. secs (0.u,0.s) (success)
Tactic call abstract+autorewrite-regression-quadratic ran for 0.054 secs (0.047u,0.006s) (success)
Tactic call close-abstract+autorewrite-regression-quadratic ran for 0.001 secs (0.u,0.s)
Params: n= 13
Tactic call autorewrite-regression-quadratic ran for 0.003 secs (0.003u,0.s) (success)
Tactic call autorewrite-noop-regression-linear ran for 0. secs (0.u,0.s) (success)
Tactic call abstract+autorewrite-regression-quadratic ran for 0.005 secs (0.005u,0.s) (success)
Tactic call close-abstract+autorewrite-regression-quadratic ran for 0.001 secs (0.001u,0.s)
Params: n= 14
Tactic call autorewrite-regression-quadratic ran for 0.003 secs (0.003u,0.s) (success)
Tactic call autorewrite-noop-regression-linear ran for 0. secs (0.u,0.s) (success)
Tactic call abstract+autorewrite-regression-quadratic ran for 0.005 secs (0.005u,0.s) (success)
Tactic call close-abstract+autorewrite-regression-quadratic ran for 0.001 secs (0.001u,0.s)
Params: n= 15
Tactic call autorewrite-regression-quadratic ran for 0.004 secs (0.004u,0.s) (success)
Tactic call autorewrite-noop-regression-linear ran for 0. secs (0.u,0.s) (success)
Tactic call abstract+autorewrite-regression-quadratic ran for 0.006 secs (0.006u,0.s) (success)
Tactic call close-abstract+autorewrite-regression-quadratic ran for 0.001 secs (0.001u,0.s)
Params: n= 16
Tactic call autorewrite-regression-quadratic ran for 0.004 secs (0.004u,0.s) (success)
Tactic call autorewrite-noop-regression-linear ran for 0. secs (0.u,0.s) (success)
Tactic call abstract+autorewrite-regression-quadratic ran for 0.007 secs (0.007u,0.s) (success)
Tactic call close-abstract+autorewrite-regression-quadratic ran for 0.002 secs (0.002u,0.s)
Params: n= 17
Tactic call autorewrite-regression-quadratic ran for 0.004 secs (0.004u,0.s) (success)
Tactic call autorewrite-noop-regression-linear ran for 0. secs (0.u,0.s) (success)
Tactic call abstract+autorewrite-regression-quadratic ran for 0.007 secs (0.007u,0.s) (success)
Tactic call close-abstract+autorewrite-regression-quadratic ran for 0.002 secs (0.002u,0.s)
Params: n= 18
Tactic call autorewrite-regression-quadratic ran for 0.005 secs (0.005u,0.s) (success)
Tactic call autorewrite-noop-regression-linear ran for 0. secs (0.u,0.s) (success)
Tactic call abstract+autorewrite-regression-quadratic ran for 0.008 secs (0.008u,0.s) (success)
Tactic call close-abstract+autorewrite-regression-quadratic ran for 0.002 secs (0.002u,0.s)
Params: n= 19
Tactic call autorewrite-regression-quadratic ran for 0.005 secs (0.005u,0.s) (success)
Tactic call autorewrite-noop-regression-linear ran for 0. secs (0.u,0.s) (success)
Tactic call abstract+autorewrite-regression-quadratic ran for 0.01 secs (0.01u,0.s) (success)
Tactic call close-abstract+autorewrite-regression-quadratic ran for 0.004 secs (0.004u,0.s)
Params: n= 20
Tactic call autorewrite-regression-quadratic ran for 0.006 secs (0.006u,0.s) (success)
Tactic call autorewrite-noop-regression-linear ran for 0. secs (0.u,0.s) (success)
Tactic call abstract+autorewrite-regression-quadratic ran for 0.01 secs (0.01u,0.s) (success)
Tactic call close-abstract+autorewrite-regression-quadratic ran for 0.003 secs (0.003u,0.s)
Params: n= 21
Tactic call autorewrite-regression-quadratic ran for 0.006 secs (0.006u,0.s) (success)
Tactic call autorewrite-noop-regression-linear ran for 0. secs (0.u,0.s) (success)
Tactic call abstract+autorewrite-regression-quadratic ran for 0.011 secs (0.011u,0.s) (success)
Tactic call close-abstract+autorewrite-regression-quadratic ran for 0.003 secs (0.003u,0.s)
Params: n= 22
Tactic call autorewrite-regression-quadratic ran for 0.007 secs (0.007u,0.s) (success)
Tactic call autorewrite-noop-regression-linear ran for 0. secs (0.u,0.s) (success)
Tactic call abstract+autorewrite-regression-quadratic ran for 0.011 secs (0.011u,0.s) (success)
Tactic call close-abstract+autorewrite-regression-quadratic ran for 0.003 secs (0.003u,0.s)
Params: n= 23
Tactic call autorewrite-regression-quadratic ran for 0.007 secs (0.007u,0.s) (success)
Tactic call autorewrite-noop-regression-linear ran for 0. secs (0.u,0.s) (success)
Tactic call abstract+autorewrite-regression-quadratic ran for 0.012 secs (0.012u,0.s) (success)
Tactic call close-abstract+autorewrite-regression-quadratic ran for 0.004 secs (0.004u,0.s)
Params: n= 24
Tactic call autorewrite-regression-quadratic ran for 0.01 secs (0.01u,0.s) (success)
Tactic call autorewrite-noop-regression-linear ran for 0. secs (0.u,0.s) (success)
Tactic call abstract+autorewrite-regression-quadratic ran for 0.015 secs (0.015u,0.s) (success)
Tactic call close-abstract+autorewrite-regression-quadratic ran for 0.004 secs (0.004u,0.s)
Params: n= 25
Tactic call autorewrite-regression-quadratic ran for 0.009 secs (0.009u,0.s) (success)
Tactic call autorewrite-noop-regression-linear ran for 0. secs (0.u,0.s) (success)
Tactic call abstract+autorewrite-regression-quadratic ran for 0.014 secs (0.014u,0.s) (success)
Tactic call close-abstract+autorewrite-regression-quadratic ran for 0.004 secs (0.004u,0.s)
Params: n= 26
Tactic call autorewrite-regression-quadratic ran for 0.009 secs (0.009u,0.s) (success)
Tactic call autorewrite-noop-regression-linear ran for 0. secs (0.u,0.s) (success)
Tactic call abstract+autorewrite-regression-quadratic ran for 0.015 secs (0.015u,0.s) (success)
Tactic call close-abstract+autorewrite-regression-quadratic ran for 0.005 secs (0.005u,0.s)
Params: n= 27
Tactic call autorewrite-regression-quadratic ran for 0.01 secs (0.01u,0.s) (success)
Tactic call autorewrite-noop-regression-linear ran for 0. secs (0.u,0.s) (success)
Tactic call abstract+autorewrite-regression-quadratic ran for 0.018 secs (0.018u,0.s) (success)
Tactic call close-abstract+autorewrite-regression-quadratic ran for 0.006 secs (0.006u,0.s)
Params: n= 28
Tactic call autorewrite-regression-quadratic ran for 0.011 secs (0.011u,0.s) (success)
Tactic call autorewrite-noop-regression-linear ran for 0. secs (0.u,0.s) (success)
Tactic call abstract+autorewrite-regression-quadratic ran for 0.017 secs (0.017u,0.s) (success)
Tactic call close-abstract+autorewrite-regression-quadratic ran for 0.006 secs (0.006u,0.s)
Params: n= 29
Tactic call autorewrite-regression-quadratic ran for 0.011 secs (0.011u,0.s) (success)
Tactic call autorewrite-noop-regression-linear ran for 0. secs (0.u,0.s) (success)
Tactic call abstract+autorewrite-regression-quadratic ran for 0.018 secs (0.018u,0.s) (success)
Tactic call close-abstract+autorewrite-regression-quadratic ran for 0.006 secs (0.006u,0.s)
Params: n= 30
Tactic call autorewrite-regression-quadratic ran for 0.014 secs (0.014u,0.s) (success)
Tactic call autorewrite-noop-regression-linear ran for 0. secs (0.u,0.s) (success)
Tactic call abstract+autorewrite-regression-quadratic ran for 0.022 secs (0.022u,0.s) (success)
Tactic call close-abstract+autorewrite-regression-quadratic ran for 0.006 secs (0.006u,0.s)
Params: n= 31
Tactic call autorewrite-regression-quadratic ran for 0.013 secs (0.013u,0.s) (success)
Tactic call autorewrite-noop-regression-linear ran for 0. secs (0.u,0.s) (success)
Tactic call abstract+autorewrite-regression-quadratic ran for 0.021 secs (0.021u,0.s) (success)
Tactic call close-abstract+autorewrite-regression-quadratic ran for 0.007 secs (0.007u,0.s)
Params: n= 32
Tactic call autorewrite-regression-quadratic ran for 0.013 secs (0.013u,0.s) (success)
Tactic call autorewrite-noop-regression-linear ran for 0. secs (0.u,0.s) (success)
Tactic call abstract+autorewrite-regression-quadratic ran for 0.022 secs (0.022u,0.s) (success)
Tactic call close-abstract+autorewrite-regression-quadratic ran for 0.007 secs (0.007u,0.s)
Params: n= 33
Tactic call autorewrite-regression-quadratic ran for 0.015 secs (0.015u,0.s) (success)
Tactic call autorewrite-noop-regression-linear ran for 0. secs (0.u,0.s) (success)
Tactic call abstract+autorewrite-regression-quadratic ran for 0.024 secs (0.024u,0.s) (success)
Tactic call close-abstract+autorewrite-regression-quadratic ran for 0.008 secs (0.008u,0.s)
Params: n= 34
Tactic call autorewrite-regression-quadratic ran for 0.015 secs (0.015u,0.s) (success)
Tactic call autorewrite-noop-regression-linear ran for 0. secs (0.u,0.s) (success)
Tactic call abstract+autorewrite-regression-quadratic ran for 0.024 secs (0.021u,0.003s) (success)
Tactic call close-abstract+autorewrite-regression-quadratic ran for 0.008 secs (0.006u,0.002s)
Params: n= 35
Tactic call autorewrite-regression-quadratic ran for 0.018 secs (0.018u,0.s) (success)
Tactic call autorewrite-noop-regression-linear ran for 0. secs (0.u,0.s) (success)
Tactic call abstract+autorewrite-regression-quadratic ran for 0.028 secs (0.028u,0.s) (success)
Tactic call close-abstract+autorewrite-regression-quadratic ran for 0.009 secs (0.009u,0.s)
Params: n= 36
Tactic call autorewrite-regression-quadratic ran for 0.016 secs (0.016u,0.s) (success)
Tactic call autorewrite-noop-regression-linear ran for 0. secs (0.u,0.s) (success)
Tactic call abstract+autorewrite-regression-quadratic ran for 0.027 secs (0.027u,0.s) (success)
Tactic call close-abstract+autorewrite-regression-quadratic ran for 0.009 secs (0.009u,0.s)
Params: n= 37
Tactic call autorewrite-regression-quadratic ran for 0.018 secs (0.018u,0.s) (success)
Tactic call autorewrite-noop-regression-linear ran for 0. secs (0.u,0.s) (success)
Tactic call abstract+autorewrite-regression-quadratic ran for 0.029 secs (0.029u,0.s) (success)
Tactic call close-abstract+autorewrite-regression-quadratic ran for 0.01 secs (0.01u,0.s)
Params: n= 38
Tactic call autorewrite-regression-quadratic ran for 0.018 secs (0.018u,0.s) (success)
Tactic call autorewrite-noop-regression-linear ran for 0. secs (0.u,0.s) (success)
Tactic call abstract+autorewrite-regression-quadratic ran for 0.03 secs (0.03u,0.s) (success)
Tactic call close-abstract+autorewrite-regression-quadratic ran for 0.01 secs (0.01u,0.s)
Params: n= 39
Tactic call autorewrite-regression-quadratic ran for 0.019 secs (0.019u,0.s) (success)
Tactic call autorewrite-noop-regression-linear ran for 0. secs (0.u,0.s) (success)
Tactic call abstract+autorewrite-regression-quadratic ran for 0.034 secs (0.034u,0.s) (success)
Tactic call close-abstract+autorewrite-regression-quadratic ran for 0.011 secs (0.011u,0.s)
Params: n= 40
Tactic call autorewrite-regression-quadratic ran for 0.022 secs (0.021u,0.s) (success)
Tactic call autorewrite-noop-regression-linear ran for 0. secs (0.u,0.s) (success)
Tactic call abstract+autorewrite-regression-quadratic ran for 0.034 secs (0.034u,0.s) (success)
Tactic call close-abstract+autorewrite-regression-quadratic ran for 0.011 secs (0.011u,0.s)
Params: n= 41
Tactic call autorewrite-regression-quadratic ran for 0.02 secs (0.02u,0.s) (success)
Tactic call autorewrite-noop-regression-linear ran for 0. secs (0.u,0.s) (success)
Tactic call abstract+autorewrite-regression-quadratic ran for 0.034 secs (0.034u,0.s) (success)
Tactic call close-abstract+autorewrite-regression-quadratic ran for 0.012 secs (0.012u,0.s)
Params: n= 42
Tactic call autorewrite-regression-quadratic ran for 0.025 secs (0.025u,0.s) (success)
Tactic call autorewrite-noop-regression-linear ran for 0. secs (0.u,0.s) (success)
Tactic call abstract+autorewrite-regression-quadratic ran for 0.039 secs (0.039u,0.s) (success)
Tactic call close-abstract+autorewrite-regression-quadratic ran for 0.012 secs (0.012u,0.s)
Params: n= 43
Tactic call autorewrite-regression-quadratic ran for 0.025 secs (0.025u,0.s) (success)
Tactic call autorewrite-noop-regression-linear ran for 0. secs (0.u,0.s) (success)
Tactic call abstract+autorewrite-regression-quadratic ran for 0.039 secs (0.039u,0.s) (success)
Tactic call close-abstract+autorewrite-regression-quadratic ran for 0.013 secs (0.013u,0.s)
Params: n= 44
Tactic call autorewrite-regression-quadratic ran for 0.023 secs (0.023u,0.s) (success)
Tactic call autorewrite-noop-regression-linear ran for 0. secs (0.u,0.s) (success)
Tactic call abstract+autorewrite-regression-quadratic ran for 0.041 secs (0.041u,0.s) (success)
Tactic call close-abstract+autorewrite-regression-quadratic ran for 0.016 secs (0.016u,0.s)
Params: n= 45
Tactic call autorewrite-regression-quadratic ran for 0.024 secs (0.024u,0.s) (success)
Tactic call autorewrite-noop-regression-linear ran for 0. secs (0.u,0.s) (success)
Tactic call abstract+autorewrite-regression-quadratic ran for 0.04 secs (0.04u,0.s) (success)
Tactic call close-abstract+autorewrite-regression-quadratic ran for 0.014 secs (0.014u,0.s)
Params: n= 46
Tactic call autorewrite-regression-quadratic ran for 0.027 secs (0.027u,0.s) (success)
Tactic call autorewrite-noop-regression-linear ran for 0. secs (0.u,0.s) (success)
Tactic call abstract+autorewrite-regression-quadratic ran for 0.043 secs (0.043u,0.s) (success)
Tactic call close-abstract+autorewrite-regression-quadratic ran for 0.015 secs (0.015u,0.s)
Params: n= 47
Tactic call autorewrite-regression-quadratic ran for 0.028 secs (0.028u,0.s) (success)
Tactic call autorewrite-noop-regression-linear ran for 0. secs (0.u,0.s) (success)
Tactic call abstract+autorewrite-regression-quadratic ran for 0.045 secs (0.045u,0.s) (success)
Tactic call close-abstract+autorewrite-regression-quadratic ran for 0.016 secs (0.016u,0.s)
Params: n= 48
Tactic call autorewrite-regression-quadratic ran for 0.03 secs (0.03u,0.s) (success)
Tactic call autorewrite-noop-regression-linear ran for 0. secs (0.u,0.s) (success)
Tactic call abstract+autorewrite-regression-quadratic ran for 0.047 secs (0.047u,0.s) (success)
Tactic call close-abstract+autorewrite-regression-quadratic ran for 0.016 secs (0.016u,0.s)
Params: n= 49
Tactic call autorewrite-regression-quadratic ran for 0.028 secs (0.026u,0.002s) (success)
Tactic call autorewrite-noop-regression-linear ran for 0. secs (0.u,0.s) (success)
Tactic call abstract+autorewrite-regression-quadratic ran for 0.05 secs (0.047u,0.003s) (success)
Tactic call close-abstract+autorewrite-regression-quadratic ran for 0.02 secs (0.02u,0.s)
Params: n= 51
Tactic call autorewrite-regression-quadratic ran for 0.031 secs (0.031u,0.s) (success)
Tactic call autorewrite-noop-regression-linear ran for 0. secs (0.u,0.s) (success)
Tactic call abstract+autorewrite-regression-quadratic ran for 0.051 secs (0.051u,0.s) (success)
Tactic call close-abstract+autorewrite-regression-quadratic ran for 0.019 secs (0.019u,0.s)
Params: n= 52
Tactic call autorewrite-regression-quadratic ran for 0.032 secs (0.032u,0.s) (success)
Tactic call autorewrite-noop-regression-linear ran for 0. secs (0.u,0.s) (success)
Tactic call abstract+autorewrite-regression-quadratic ran for 0.054 secs (0.054u,0.s) (success)
Tactic call close-abstract+autorewrite-regression-quadratic ran for 0.021 secs (0.021u,0.s)
Params: n= 53
Tactic call autorewrite-regression-quadratic ran for 0.033 secs (0.033u,0.s) (success)
Tactic call autorewrite-noop-regression-linear ran for 0. secs (0.u,0.s) (success)
Tactic call abstract+autorewrite-regression-quadratic ran for 0.055 secs (0.055u,0.s) (success)
Tactic call close-abstract+autorewrite-regression-quadratic ran for 0.021 secs (0.021u,0.s)
Params: n= 54
Tactic call autorewrite-regression-quadratic ran for 0.034 secs (0.034u,0.s) (success)
Tactic call autorewrite-noop-regression-linear ran for 0. secs (0.u,0.s) (success)
Tactic call abstract+autorewrite-regression-quadratic ran for 0.059 secs (0.059u,0.s) (success)
Tactic call close-abstract+autorewrite-regression-quadratic ran for 0.023 secs (0.023u,0.s)
Params: n= 55
Tactic call autorewrite-regression-quadratic ran for 0.038 secs (0.038u,0.s) (success)
Tactic call autorewrite-noop-regression-linear ran for 0. secs (0.u,0.s) (success)
Tactic call abstract+autorewrite-regression-quadratic ran for 0.06 secs (0.06u,0.s) (success)
Tactic call close-abstract+autorewrite-regression-quadratic ran for 0.021 secs (0.021u,0.s)
Params: n= 56
Tactic call autorewrite-regression-quadratic ran for 0.041 secs (0.041u,0.s) (success)
Tactic call autorewrite-noop-regression-linear ran for 0. secs (0.u,0.s) (success)
Tactic call abstract+autorewrite-regression-quadratic ran for 0.064 secs (0.064u,0.s) (success)
Tactic call close-abstract+autorewrite-regression-quadratic ran for 0.022 secs (0.022u,0.s)
Params: n= 57
Tactic call autorewrite-regression-quadratic ran for 0.039 secs (0.039u,0.s) (success)
Tactic call autorewrite-noop-regression-linear ran for 0. secs (0.u,0.s) (success)
Tactic call abstract+autorewrite-regression-quadratic ran for 0.063 secs (0.063u,0.s) (success)
Tactic call close-abstract+autorewrite-regression-quadratic ran for 0.022 secs (0.022u,0.s)
Params: n= 58
Tactic call autorewrite-regression-quadratic ran for 0.041 secs (0.041u,0.s) (success)
Tactic call autorewrite-noop-regression-linear ran for 0. secs (0.u,0.s) (success)
Tactic call abstract+autorewrite-regression-quadratic ran for 0.067 secs (0.067u,0.s) (success)
Tactic call close-abstract+autorewrite-regression-quadratic ran for 0.024 secs (0.024u,0.s)
Params: n= 59
Tactic call autorewrite-regression-quadratic ran for 0.04 secs (0.04u,0.s) (success)
Tactic call autorewrite-noop-regression-linear ran for 0. secs (0.u,0.s) (success)
Tactic call abstract+autorewrite-regression-quadratic ran for 0.067 secs (0.067u,0.s) (success)
Tactic call close-abstract+autorewrite-regression-quadratic ran for 0.025 secs (0.025u,0.s)
Params: n= 60
Tactic call autorewrite-regression-quadratic ran for 0.044 secs (0.044u,0.s) (success)
Tactic call autorewrite-noop-regression-linear ran for 0. secs (0.u,0.s) (success)
Tactic call abstract+autorewrite-regression-quadratic ran for 0.071 secs (0.07u,0.s) (success)
Tactic call close-abstract+autorewrite-regression-quadratic ran for 0.025 secs (0.025u,0.s)
Params: n= 61
Tactic call autorewrite-regression-quadratic ran for 0.047 secs (0.047u,0.s) (success)
Tactic call autorewrite-noop-regression-linear ran for 0. secs (0.u,0.s) (success)
Tactic call abstract+autorewrite-regression-quadratic ran for 0.075 secs (0.075u,0.s) (success)
Tactic call close-abstract+autorewrite-regression-quadratic ran for 0.027 secs (0.027u,0.s)
Params: n= 62
Tactic call autorewrite-regression-quadratic ran for 0.044 secs (0.044u,0.s) (success)
Tactic call autorewrite-noop-regression-linear ran for 0. secs (0.u,0.s) (success)
Tactic call abstract+autorewrite-regression-quadratic ran for 0.074 secs (0.074u,0.s) (success)
Tactic call close-abstract+autorewrite-regression-quadratic ran for 0.028 secs (0.028u,0.s)
Params: n= 63
Tactic call autorewrite-regression-quadratic ran for 0.047 secs (0.047u,0.s) (success)
Tactic call autorewrite-noop-regression-linear ran for 0. secs (0.u,0.s) (success)
Tactic call abstract+autorewrite-regression-quadratic ran for 0.077 secs (0.077u,0.s) (success)
Tactic call close-abstract+autorewrite-regression-quadratic ran for 0.027 secs (0.027u,0.s)
Params: n= 64
Tactic call autorewrite-regression-quadratic ran for 0.051 secs (0.051u,0.s) (success)
Tactic call autorewrite-noop-regression-linear ran for 0. secs (0.u,0.s) (success)
Tactic call abstract+autorewrite-regression-quadratic ran for 0.083 secs (0.083u,0.s) (success)
Tactic call close-abstract+autorewrite-regression-quadratic ran for 0.03 secs (0.03u,0.s)
Params: n= 65
Tactic call autorewrite-regression-quadratic ran for 0.052 secs (0.052u,0.s) (success)
Tactic call autorewrite-noop-regression-linear ran for 0. secs (0.u,0.s) (success)
Tactic call abstract+autorewrite-regression-quadratic ran for 0.083 secs (0.083u,0.s) (success)
Tactic call close-abstract+autorewrite-regression-quadratic ran for 0.03 secs (0.03u,0.s)
Params: n= 66
Tactic call autorewrite-regression-quadratic ran for 0.051 secs (0.051u,0.s) (success)
Tactic call autorewrite-noop-regression-linear ran for 0. secs (0.u,0.s) (success)
Tactic call abstract+autorewrite-regression-quadratic ran for 0.085 secs (0.085u,0.s) (success)
Tactic call close-abstract+autorewrite-regression-quadratic ran for 0.032 secs (0.032u,0.s)
Params: n= 67
Tactic call autorewrite-regression-quadratic ran for 0.053 secs (0.053u,0.s) (success)
Tactic call autorewrite-noop-regression-linear ran for 0. secs (0.u,0.s) (success)
Tactic call abstract+autorewrite-regression-quadratic ran for 0.089 secs (0.089u,0.s) (success)
Tactic call close-abstract+autorewrite-regression-quadratic ran for 0.034 secs (0.034u,0.s)
Params: n= 68
Tactic call autorewrite-regression-quadratic ran for 0.056 secs (0.056u,0.s) (success)
Tactic call autorewrite-noop-regression-linear ran for 0. secs (0.u,0.s) (success)
Tactic call abstract+autorewrite-regression-quadratic ran for 0.089 secs (0.089u,0.s) (success)
Tactic call close-abstract+autorewrite-regression-quadratic ran for 0.032 secs (0.032u,0.s)
Params: n= 69
Tactic call autorewrite-regression-quadratic ran for 0.058 secs (0.058u,0.s) (success)
Tactic call autorewrite-noop-regression-linear ran for 0. secs (0.u,0.s) (success)
Tactic call abstract+autorewrite-regression-quadratic ran for 0.096 secs (0.096u,0.s) (success)
Tactic call close-abstract+autorewrite-regression-quadratic ran for 0.035 secs (0.035u,0.s)
Params: n= 70
Tactic call autorewrite-regression-quadratic ran for 0.059 secs (0.059u,0.s) (success)
Tactic call autorewrite-noop-regression-linear ran for 0. secs (0.u,0.s) (success)
Tactic call abstract+autorewrite-regression-quadratic ran for 0.096 secs (0.096u,0.s) (success)
Tactic call close-abstract+autorewrite-regression-quadratic ran for 0.036 secs (0.036u,0.s)
Params: n= 71
Tactic call autorewrite-regression-quadratic ran for 0.06 secs (0.06u,0.s) (success)
Tactic call autorewrite-noop-regression-linear ran for 0. secs (0.u,0.s) (success)
Tactic call abstract+autorewrite-regression-quadratic ran for 0.098 secs (0.098u,0.s) (success)
Tactic call close-abstract+autorewrite-regression-quadratic ran for 0.036 secs (0.036u,0.s)
Params: n= 72
Tactic call autorewrite-regression-quadratic ran for 0.06 secs (0.06u,0.s) (success)
Tactic call autorewrite-noop-regression-linear ran for 0. secs (0.u,0.s) (success)
Tactic call abstract+autorewrite-regression-quadratic ran for 0.098 secs (0.098u,0.s) (success)
Tactic call close-abstract+autorewrite-regression-quadratic ran for 0.036 secs (0.036u,0.s)
Params: n= 73
Tactic call autorewrite-regression-quadratic ran for 0.062 secs (0.062u,0.s) (success)
Tactic call autorewrite-noop-regression-linear ran for 0. secs (0.u,0.s) (success)
Tactic call abstract+autorewrite-regression-quadratic ran for 0.101 secs (0.101u,0.s) (success)
Tactic call close-abstract+autorewrite-regression-quadratic ran for 0.037 secs (0.037u,0.s)
Params: n= 74
Tactic call autorewrite-regression-quadratic ran for 0.064 secs (0.064u,0.s) (success)
Tactic call autorewrite-noop-regression-linear ran for 0. secs (0.u,0.s) (success)
Tactic call abstract+autorewrite-regression-quadratic ran for 0.105 secs (0.105u,0.s) (success)
Tactic call close-abstract+autorewrite-regression-quadratic ran for 0.038 secs (0.038u,0.s)
Params: n= 75
Tactic call autorewrite-regression-quadratic ran for 0.066 secs (0.066u,0.s) (success)
Tactic call autorewrite-noop-regression-linear ran for 0. secs (0.u,0.s) (success)
Tactic call abstract+autorewrite-regression-quadratic ran for 0.107 secs (0.107u,0.s) (success)
Tactic call close-abstract+autorewrite-regression-quadratic ran for 0.039 secs (0.039u,0.s)
Params: n= 76
Tactic call autorewrite-regression-quadratic ran for 0.067 secs (0.064u,0.003s) (success)
Tactic call autorewrite-noop-regression-linear ran for 0. secs (0.u,0.s) (success)
Tactic call abstract+autorewrite-regression-quadratic ran for 0.11 secs (0.107u,0.003s) (success)
Tactic call close-abstract+autorewrite-regression-quadratic ran for 0.041 secs (0.041u,0.s)
Params: n= 77
Tactic call autorewrite-regression-quadratic ran for 0.069 secs (0.069u,0.s) (success)
Tactic call autorewrite-noop-regression-linear ran for 0. secs (0.u,0.s) (success)
Tactic call abstract+autorewrite-regression-quadratic ran for 0.114 secs (0.113u,0.s) (success)
Tactic call close-abstract+autorewrite-regression-quadratic ran for 0.042 secs (0.042u,0.s)
Params: n= 78
Tactic call autorewrite-regression-quadratic ran for 0.069 secs (0.069u,0.s) (success)
Tactic call autorewrite-noop-regression-linear ran for 0. secs (0.u,0.s) (success)
Tactic call abstract+autorewrite-regression-quadratic ran for 0.116 secs (0.116u,0.s) (success)
Tactic call close-abstract+autorewrite-regression-quadratic ran for 0.045 secs (0.045u,0.s)
Params: n= 79
Tactic call autorewrite-regression-quadratic ran for 0.072 secs (0.072u,0.s) (success)
Tactic call autorewrite-noop-regression-linear ran for 0. secs (0.u,0.s) (success)
Tactic call abstract+autorewrite-regression-quadratic ran for 0.119 secs (0.119u,0.s) (success)
Tactic call close-abstract+autorewrite-regression-quadratic ran for 0.045 secs (0.045u,0.s)
Params: n= 80
Tactic call autorewrite-regression-quadratic ran for 0.075 secs (0.075u,0.s) (success)
Tactic call autorewrite-noop-regression-linear ran for 0. secs (0.u,0.s) (success)
Tactic call abstract+autorewrite-regression-quadratic ran for 0.125 secs (0.125u,0.s) (success)
Tactic call close-abstract+autorewrite-regression-quadratic ran for 0.047 secs (0.047u,0.s)
Params: n= 81
Tactic call autorewrite-regression-quadratic ran for 0.081 secs (0.081u,0.s) (success)
Tactic call autorewrite-noop-regression-linear ran for 0.001 secs (0.001u,0.s) (success)
Tactic call abstract+autorewrite-regression-quadratic ran for 0.134 secs (0.134u,0.s) (success)
Tactic call close-abstract+autorewrite-regression-quadratic ran for 0.051 secs (0.051u,0.s)
Params: n= 82
Tactic call autorewrite-regression-quadratic ran for 0.077 secs (0.077u,0.s) (success)
Tactic call autorewrite-noop-regression-linear ran for 0.001 secs (0.001u,0.s) (success)
Tactic call abstract+autorewrite-regression-quadratic ran for 0.131 secs (0.131u,0.s) (success)
Tactic call close-abstract+autorewrite-regression-quadratic ran for 0.051 secs (0.051u,0.s)
Params: n= 83
Tactic call autorewrite-regression-quadratic ran for 0.082 secs (0.082u,0.s) (success)
Tactic call autorewrite-noop-regression-linear ran for 0.001 secs (0.001u,0.s) (success)
Tactic call abstract+autorewrite-regression-quadratic ran for 0.133 secs (0.133u,0.s) (success)
Tactic call close-abstract+autorewrite-regression-quadratic ran for 0.048 secs (0.048u,0.s)
Params: n= 84
Tactic call autorewrite-regression-quadratic ran for 0.08 secs (0.08u,0.s) (success)
Tactic call autorewrite-noop-regression-linear ran for 0.001 secs (0.001u,0.s) (success)
Tactic call abstract+autorewrite-regression-quadratic ran for 0.134 secs (0.134u,0.s) (success)
Tactic call close-abstract+autorewrite-regression-quadratic ran for 0.051 secs (0.051u,0.s)
Params: n= 85
Tactic call autorewrite-regression-quadratic ran for 0.087 secs (0.083u,0.003s) (success)
Tactic call autorewrite-noop-regression-linear ran for 0.001 secs (0.u,0.001s) (success)
Tactic call abstract+autorewrite-regression-quadratic ran for 0.14 secs (0.132u,0.007s) (success)
Tactic call close-abstract+autorewrite-regression-quadratic ran for 0.05 secs (0.047u,0.002s)
Params: n= 86
Tactic call autorewrite-regression-quadratic ran for 0.091 secs (0.091u,0.s) (success)
Tactic call autorewrite-noop-regression-linear ran for 0.001 secs (0.001u,0.s) (success)
Tactic call abstract+autorewrite-regression-quadratic ran for 0.151 secs (0.151u,0.s) (success)
Tactic call close-abstract+autorewrite-regression-quadratic ran for 0.057 secs (0.057u,0.s)
Params: n= 87
Tactic call autorewrite-regression-quadratic ran for 0.089 secs (0.089u,0.s) (success)
Tactic call autorewrite-noop-regression-linear ran for 0.001 secs (0.001u,0.s) (success)
Tactic call abstract+autorewrite-regression-quadratic ran for 0.146 secs (0.146u,0.s) (success)
Tactic call close-abstract+autorewrite-regression-quadratic ran for 0.054 secs (0.054u,0.s)
Params: n= 88
Tactic call autorewrite-regression-quadratic ran for 0.092 secs (0.088u,0.003s) (success)
Tactic call autorewrite-noop-regression-linear ran for 0.001 secs (0.001u,0.s) (success)
Tactic call abstract+autorewrite-regression-quadratic ran for 0.149 secs (0.145u,0.003s) (success)
Tactic call close-abstract+autorewrite-regression-quadratic ran for 0.054 secs (0.054u,0.s)
Params: n= 89
Tactic call autorewrite-regression-quadratic ran for 0.091 secs (0.091u,0.s) (success)
Tactic call autorewrite-noop-regression-linear ran for 0.001 secs (0.001u,0.s) (success)
Tactic call abstract+autorewrite-regression-quadratic ran for 0.147 secs (0.147u,0.s) (success)
Tactic call close-abstract+autorewrite-regression-quadratic ran for 0.054 secs (0.054u,0.s)
Params: n= 90
Tactic call autorewrite-regression-quadratic ran for 0.092 secs (0.092u,0.s) (success)
Tactic call autorewrite-noop-regression-linear ran for 0.001 secs (0.001u,0.s) (success)
Tactic call abstract+autorewrite-regression-quadratic ran for 0.152 secs (0.152u,0.s) (success)
Tactic call close-abstract+autorewrite-regression-quadratic ran for 0.057 secs (0.057u,0.s)
Params: n= 91
Tactic call autorewrite-regression-quadratic ran for 0.097 secs (0.097u,0.s) (success)
Tactic call autorewrite-noop-regression-linear ran for 0.001 secs (0.001u,0.s) (success)
Tactic call abstract+autorewrite-regression-quadratic ran for 0.156 secs (0.156u,0.s) (success)
Tactic call close-abstract+autorewrite-regression-quadratic ran for 0.056 secs (0.056u,0.s)
Params: n= 92
Tactic call autorewrite-regression-quadratic ran for 0.097 secs (0.097u,0.s) (success)
Tactic call autorewrite-noop-regression-linear ran for 0.001 secs (0.001u,0.s) (success)
Tactic call abstract+autorewrite-regression-quadratic ran for 0.158 secs (0.158u,0.s) (success)
Tactic call close-abstract+autorewrite-regression-quadratic ran for 0.058 secs (0.058u,0.s)
Params: n= 93
Tactic call autorewrite-regression-quadratic ran for 0.102 secs (0.102u,0.s) (success)
Tactic call autorewrite-noop-regression-linear ran for 0.001 secs (0.001u,0.s) (success)
Tactic call abstract+autorewrite-regression-quadratic ran for 0.164 secs (0.164u,0.s) (success)
Tactic call close-abstract+autorewrite-regression-quadratic ran for 0.06 secs (0.06u,0.s)
Params: n= 94
Tactic call autorewrite-regression-quadratic ran for 0.101 secs (0.101u,0.s) (success)
Tactic call autorewrite-noop-regression-linear ran for 0.001 secs (0.001u,0.s) (success)
Tactic call abstract+autorewrite-regression-quadratic ran for 0.165 secs (0.165u,0.s) (success)
Tactic call close-abstract+autorewrite-regression-quadratic ran for 0.061 secs (0.061u,0.s)
Params: n= 95
Tactic call autorewrite-regression-quadratic ran for 0.106 secs (0.106u,0.s) (success)
Tactic call autorewrite-noop-regression-linear ran for 0.001 secs (0.001u,0.s) (success)
Tactic call abstract+autorewrite-regression-quadratic ran for 0.171 secs (0.171u,0.s) (success)
Tactic call close-abstract+autorewrite-regression-quadratic ran for 0.063 secs (0.063u,0.s)
Params: n= 96
Tactic call autorewrite-regression-quadratic ran for 0.107 secs (0.107u,0.s) (success)
Tactic call autorewrite-noop-regression-linear ran for 0.001 secs (0.001u,0.s) (success)
Tactic call abstract+autorewrite-regression-quadratic ran for 0.174 secs (0.174u,0.s) (success)
Tactic call close-abstract+autorewrite-regression-quadratic ran for 0.064 secs (0.064u,0.s)
Params: n= 97
Tactic call autorewrite-regression-quadratic ran for 0.109 secs (0.109u,0.s) (success)
Tactic call autorewrite-noop-regression-linear ran for 0.001 secs (0.001u,0.s) (success)
Tactic call abstract+autorewrite-regression-quadratic ran for 0.177 secs (0.177u,0.s) (success)
Tactic call close-abstract+autorewrite-regression-quadratic ran for 0.065 secs (0.065u,0.s)
Params: n= 98
Tactic call autorewrite-regression-quadratic ran for 0.112 secs (0.112u,0.s) (success)
Tactic call autorewrite-noop-regression-linear ran for 0.001 secs (0.001u,0.s) (success)
Tactic call abstract+autorewrite-regression-quadratic ran for 0.182 secs (0.182u,0.s) (success)
Tactic call close-abstract+autorewrite-regression-quadratic ran for 0.067 secs (0.066u,0.s)
Params: n= 99
Tactic call autorewrite-regression-quadratic ran for 0.114 secs (0.114u,0.s) (success)
Tactic call autorewrite-noop-regression-linear ran for 0.001 secs (0.001u,0.s) (success)
Tactic call abstract+autorewrite-regression-quadratic ran for 0.185 secs (0.185u,0.s) (success)
Tactic call close-abstract+autorewrite-regression-quadratic ran for 0.068 secs (0.068u,0.s)
Params: n= 110
Tactic call autorewrite-regression-quadratic ran for 0.141 secs (0.141u,0.s) (success)
Tactic call autorewrite-noop-regression-linear ran for 0.001 secs (0.001u,0.s) (success)
Tactic call abstract+autorewrite-regression-quadratic ran for 0.227 secs (0.227u,0.s) (success)
Tactic call close-abstract+autorewrite-regression-quadratic ran for 0.083 secs (0.083u,0.s)
Params: n= 120
Tactic call autorewrite-regression-quadratic ran for 0.169 secs (0.169u,0.s) (success)
Tactic call autorewrite-noop-regression-linear ran for 0.001 secs (0.001u,0.s) (success)
Tactic call abstract+autorewrite-regression-quadratic ran for 0.271 secs (0.267u,0.003s) (success)
Tactic call close-abstract+autorewrite-regression-quadratic ran for 0.099 secs (0.095u,0.003s)
Params: n= 130
Tactic call autorewrite-regression-quadratic ran for 0.199 secs (0.199u,0.s) (success)
Tactic call autorewrite-noop-regression-linear ran for 0.001 secs (0.001u,0.s) (success)
Tactic call abstract+autorewrite-regression-quadratic ran for 0.32 secs (0.316u,0.003s) (success)
Tactic call close-abstract+autorewrite-regression-quadratic ran for 0.117 secs (0.113u,0.003s)
Params: n= 140
Tactic call autorewrite-regression-quadratic ran for 0.238 secs (0.238u,0.s) (success)
Tactic call autorewrite-noop-regression-linear ran for 0.001 secs (0.001u,0.s) (success)
Tactic call abstract+autorewrite-regression-quadratic ran for 0.387 secs (0.387u,0.s) (success)
Tactic call close-abstract+autorewrite-regression-quadratic ran for 0.145 secs (0.145u,0.s)
Params: n= 160
Tactic call autorewrite-regression-quadratic ran for 0.319 secs (0.319u,0.s) (success)
Tactic call autorewrite-noop-regression-linear ran for 0.002 secs (0.002u,0.s) (success)
Tactic call abstract+autorewrite-regression-quadratic ran for 0.52 secs (0.52u,0.s) (success)
Tactic call close-abstract+autorewrite-regression-quadratic ran for 0.197 secs (0.197u,0.s)
Params: n= 170
Tactic call autorewrite-regression-quadratic ran for 0.354 secs (0.354u,0.s) (success)
Tactic call autorewrite-noop-regression-linear ran for 0.002 secs (0.002u,0.s) (success)
Tactic call abstract+autorewrite-regression-quadratic ran for 0.579 secs (0.579u,0.s) (success)
Tactic call close-abstract+autorewrite-regression-quadratic ran for 0.221 secs (0.221u,0.s)
Params: n= 180
Tactic call autorewrite-regression-quadratic ran for 0.407 secs (0.407u,0.s) (success)
Tactic call autorewrite-noop-regression-linear ran for 0.002 secs (0.002u,0.s) (success)
Tactic call abstract+autorewrite-regression-quadratic ran for 0.659 secs (0.655u,0.003s) (success)
Tactic call close-abstract+autorewrite-regression-quadratic ran for 0.247 secs (0.243u,0.003s)
Params: n= 190
Tactic call autorewrite-regression-quadratic ran for 0.435 secs (0.435u,0.s) (success)
Tactic call autorewrite-noop-regression-linear ran for 0.002 secs (0.002u,0.s) (success)
Tactic call abstract+autorewrite-regression-quadratic ran for 0.698 secs (0.694u,0.003s) (success)
Tactic call close-abstract+autorewrite-regression-quadratic ran for 0.259 secs (0.255u,0.003s)
Params: n= 210
Tactic call autorewrite-regression-quadratic ran for 0.544 secs (0.532u,0.011s) (success)
Tactic call autorewrite-noop-regression-linear ran for 0.003 secs (0.003u,0.s) (success)
Tactic call abstract+autorewrite-regression-quadratic ran for 0.863 secs (0.847u,0.015s) (success)
Tactic call close-abstract+autorewrite-regression-quadratic ran for 0.314 secs (0.31u,0.004s)
Params: n= 220
Tactic call autorewrite-regression-quadratic ran for 0.595 secs (0.591u,0.003s) (success)
Tactic call autorewrite-noop-regression-linear ran for 0.003 secs (0.003u,0.s) (success)
Tactic call abstract+autorewrite-regression-quadratic ran for 0.939 secs (0.933u,0.003s) (success)
Tactic call close-abstract+autorewrite-regression-quadratic ran for 0.338 secs (0.337u,0.s)
Params: n= 230
Tactic call autorewrite-regression-quadratic ran for 0.668 secs (0.668u,0.s) (success)
Tactic call autorewrite-noop-regression-linear ran for 0.003 secs (0.003u,0.s) (success)
Tactic call abstract+autorewrite-regression-quadratic ran for 1.086 secs (1.086u,0.s) (success)
Tactic call close-abstract+autorewrite-regression-quadratic ran for 0.412 secs (0.412u,0.s)
Params: n= 240
Tactic call autorewrite-regression-quadratic ran for 0.737 secs (0.737u,0.s) (success)
Tactic call autorewrite-noop-regression-linear ran for 0.003 secs (0.003u,0.s) (success)
Tactic call abstract+autorewrite-regression-quadratic ran for 1.156 secs (1.156u,0.s) (success)
Tactic call close-abstract+autorewrite-regression-quadratic ran for 0.413 secs (0.413u,0.s)
Params: n= 260
Tactic call autorewrite-regression-quadratic ran for 0.857 secs (0.857u,0.s) (success)
Tactic call autorewrite-noop-regression-linear ran for 0.004 secs (0.004u,0.s) (success)
Tactic call abstract+autorewrite-regression-quadratic ran for 1.345 secs (1.345u,0.s) (success)
Tactic call close-abstract+autorewrite-regression-quadratic ran for 0.482 secs (0.482u,0.s)
Params: n= 270
Tactic call autorewrite-regression-quadratic ran for 0.922 secs (0.922u,0.s) (success)
Tactic call autorewrite-noop-regression-linear ran for 0.004 secs (0.004u,0.s) (success)
Tactic call abstract+autorewrite-regression-quadratic ran for 1.467 secs (1.467u,0.s) (success)
Tactic call close-abstract+autorewrite-regression-quadratic ran for 0.538 secs (0.538u,0.s)
Params: n= 280
Tactic call autorewrite-regression-quadratic ran for 1.036 secs (1.036u,0.s) (success)
Tactic call autorewrite-noop-regression-linear ran for 0.004 secs (0.004u,0.s) (success)
Tactic call abstract+autorewrite-regression-quadratic ran for 1.646 secs (1.646u,0.s) (success)
Tactic call close-abstract+autorewrite-regression-quadratic ran for 0.603 secs (0.603u,0.s)
Params: n= 290
Tactic call autorewrite-regression-quadratic ran for 1.091 secs (1.079u,0.011s) (success)
Tactic call autorewrite-noop-regression-linear ran for 0.005 secs (0.005u,0.s) (success)
Tactic call abstract+autorewrite-regression-quadratic ran for 1.702 secs (1.69u,0.011s) (success)
Tactic call close-abstract+autorewrite-regression-quadratic ran for 0.604 secs (0.604u,0.s)
Params: n= 310
Tactic call autorewrite-regression-quadratic ran for 1.257 secs (1.253u,0.003s) (success)
Tactic call autorewrite-noop-regression-linear ran for 0.005 secs (0.005u,0.s) (success)
Tactic call abstract+autorewrite-regression-quadratic ran for 1.99 secs (1.985u,0.003s) (success)
Tactic call close-abstract+autorewrite-regression-quadratic ran for 0.725 secs (0.725u,0.s)
Params: n= 320
Tactic call autorewrite-regression-quadratic ran for 1.386 secs (1.386u,0.s) (success)
Tactic call autorewrite-noop-regression-linear ran for 0.006 secs (0.006u,0.s) (success)
Tactic call abstract+autorewrite-regression-quadratic ran for 2.128 secs (2.128u,0.s) (success)
Tactic call close-abstract+autorewrite-regression-quadratic ran for 0.734 secs (0.734u,0.s)
Params: n= 330
Tactic call autorewrite-regression-quadratic ran for 1.445 secs (1.445u,0.s) (success)
Tactic call autorewrite-noop-regression-linear ran for 0.006 secs (0.006u,0.s) (success)
Tactic call abstract+autorewrite-regression-quadratic ran for 2.228 secs (2.226u,0.001s) (success)
Tactic call close-abstract+autorewrite-regression-quadratic ran for 0.774 secs (0.774u,0.s)
Params: n= 340
Tactic call autorewrite-regression-quadratic ran for 1.541 secs (1.541u,0.s) (success)
Tactic call autorewrite-noop-regression-linear ran for 0.008 secs (0.008u,0.s) (success)
Tactic call abstract+autorewrite-regression-quadratic ran for 2.448 secs (2.447u,0.s) (success)
Tactic call close-abstract+autorewrite-regression-quadratic ran for 0.896 secs (0.896u,0.s)
Params: n= 360
Tactic call autorewrite-regression-quadratic ran for 1.77 secs (1.77u,0.s) (success)
Tactic call autorewrite-noop-regression-linear ran for 0.007 secs (0.007u,0.s) (success)
Tactic call abstract+autorewrite-regression-quadratic ran for 2.708 secs (2.708u,0.s) (success)
Tactic call close-abstract+autorewrite-regression-quadratic ran for 0.928 secs (0.928u,0.s)
Params: n= 370
Tactic call autorewrite-regression-quadratic ran for 1.859 secs (1.859u,0.s) (success)
Tactic call autorewrite-noop-regression-linear ran for 0.007 secs (0.007u,0.s) (success)
Tactic call abstract+autorewrite-regression-quadratic ran for 2.934 secs (2.934u,0.s) (success)
Tactic call close-abstract+autorewrite-regression-quadratic ran for 1.065 secs (1.065u,0.s)
Params: n= 380
Tactic call autorewrite-regression-quadratic ran for 2.003 secs (2.003u,0.s) (success)
Tactic call autorewrite-noop-regression-linear ran for 0.007 secs (0.007u,0.s) (success)
Tactic call abstract+autorewrite-regression-quadratic ran for 3.042 secs (3.041u,0.s) (success)
Tactic call close-abstract+autorewrite-regression-quadratic ran for 1.028 secs (1.028u,0.s)
Params: n= 390
Tactic call autorewrite-regression-quadratic ran for 2.103 secs (2.102u,0.s) (success)
Tactic call autorewrite-noop-regression-linear ran for 0.008 secs (0.008u,0.s) (success)
Tactic call abstract+autorewrite-regression-quadratic ran for 3.298 secs (3.298u,0.s) (success)
Tactic call close-abstract+autorewrite-regression-quadratic ran for 1.185 secs (1.185u,0.s)
