Params: n= 50
Tactic call autorewrite-regression-quadratic ran for 0.086 secs (0.067u,0.019s) (success)
Tactic call autorewrite-noop-regression-linear ran for 0. secs (0.u,0.s) (success)
Tactic call abstract+autorewrite-regression-quadratic ran for 0.103 secs (0.083u,0.019s) (success)
Tactic call close-abstract+autorewrite-regression-quadratic ran for 0.016 secs (0.016u,0.s)
Params: n= 100
Tactic call autorewrite-regression-quadratic ran for 0.111 secs (0.111u,0.s) (success)
Tactic call autorewrite-noop-regression-linear ran for 0.001 secs (0.001u,0.s) (success)
Tactic call abstract+autorewrite-regression-quadratic ran for 0.182 secs (0.178u,0.003s) (success)
Tactic call close-abstract+autorewrite-regression-quadratic ran for 0.069 secs (0.065u,0.003s)
Params: n= 150
Tactic call autorewrite-regression-quadratic ran for 0.271 secs (0.263u,0.008s) (success)
Tactic call autorewrite-noop-regression-linear ran for 0.001 secs (0.001u,0.s) (success)
Tactic call abstract+autorewrite-regression-quadratic ran for 0.431 secs (0.423u,0.008s) (success)
Tactic call close-abstract+autorewrite-regression-quadratic ran for 0.157 secs (0.157u,0.s)
Params: n= 200
Tactic call autorewrite-regression-quadratic ran for 0.481 secs (0.481u,0.s) (success)
Tactic call autorewrite-noop-regression-linear ran for 0.002 secs (0.002u,0.s) (success)
Tactic call abstract+autorewrite-regression-quadratic ran for 0.777 secs (0.776u,0.s) (success)
Tactic call close-abstract+autorewrite-regression-quadratic ran for 0.291 secs (0.291u,0.s)
Params: n= 250
Tactic call autorewrite-regression-quadratic ran for 0.761 secs (0.761u,0.s) (success)
Tactic call autorewrite-noop-regression-linear ran for 0.003 secs (0.003u,0.s) (success)
Tactic call abstract+autorewrite-regression-quadratic ran for 1.183 secs (1.18u,0.003s) (success)
Tactic call close-abstract+autorewrite-regression-quadratic ran for 0.417 secs (0.413u,0.003s)
Params: n= 300
Tactic call autorewrite-regression-quadratic ran for 1.111 secs (1.103u,0.007s) (success)
Tactic call autorewrite-noop-regression-linear ran for 0.005 secs (0.005u,0.s) (success)
Tactic call abstract+autorewrite-regression-quadratic ran for 1.777 secs (1.765u,0.011s) (success)
Tactic call close-abstract+autorewrite-regression-quadratic ran for 0.66 secs (0.656u,0.004s)
Params: n= 350
Tactic call autorewrite-regression-quadratic ran for 1.6 secs (1.596u,0.003s) (success)
Tactic call autorewrite-noop-regression-linear ran for 0.008 secs (0.008u,0.s) (success)
Tactic call abstract+autorewrite-regression-quadratic ran for 2.435 secs (2.427u,0.007s) (success)
Tactic call close-abstract+autorewrite-regression-quadratic ran for 0.825 secs (0.821u,0.003s)
Params: n= 400
Tactic call autorewrite-regression-quadratic ran for 2.134 secs (2.126u,0.007s) (success)
Tactic call autorewrite-noop-regression-linear ran for 0.009 secs (0.009u,0.s) (success)
Tactic call abstract+autorewrite-regression-quadratic ran for 3.262 secs (3.254u,0.008s) (success)
Tactic call close-abstract+autorewrite-regression-quadratic ran for 1.117 secs (1.117u,0.s)
