Params: n= 4
Tactic call rewrite!-regression-quadratic ran for 0.001 secs (0.001u,0.s) (success)
Tactic call rewrite?-noop-regression-linear ran for 0. secs (0.u,0.s) (success)
Tactic call abstract+rewrite!-regression-quadratic ran for 0.002 secs (0.001u,0.s) (success)
Tactic call close-abstract+rewrite!-regression-quadratic ran for 0. secs (0.u,0.s)
Params: n= 5
Tactic call rewrite!-regression-quadratic ran for 0.001 secs (0.001u,0.s) (success)
Tactic call rewrite?-noop-regression-linear ran for 0. secs (0.u,0.s) (success)
Tactic call abstract+rewrite!-regression-quadratic ran for 0.002 secs (0.002u,0.s) (success)
Tactic call close-abstract+rewrite!-regression-quadratic ran for 0. secs (0.u,0.s)
Params: n= 6
Tactic call rewrite!-regression-quadratic ran for 0.001 secs (0.001u,0.s) (success)
Tactic call rewrite?-noop-regression-linear ran for 0. secs (0.u,0.s) (success)
Tactic call abstract+rewrite!-regression-quadratic ran for 0.003 secs (0.003u,0.s) (success)
Tactic call close-abstract+rewrite!-regression-quadratic ran for 0.001 secs (0.001u,0.s)
Params: n= 7
Tactic call rewrite!-regression-quadratic ran for 0.002 secs (0.u,0.002s) (success)
Tactic call rewrite?-noop-regression-linear ran for 0. secs (0.u,0.s) (success)
Tactic call abstract+rewrite!-regression-quadratic ran for 0.003 secs (0.u,0.003s) (success)
Tactic call close-abstract+rewrite!-regression-quadratic ran for 0. secs (0.u,0.s)
Params: n= 8
Tactic call rewrite!-regression-quadratic ran for 0.002 secs (0.u,0.002s) (success)
Tactic call rewrite?-noop-regression-linear ran for 0. secs (0.u,0.s) (success)
Tactic call abstract+rewrite!-regression-quadratic ran for 0.004 secs (0.001u,0.003s) (success)
Tactic call close-abstract+rewrite!-regression-quadratic ran for 0.001 secs (0.001u,0.s)
Params: n= 9
Tactic call rewrite!-regression-quadratic ran for 0.003 secs (0.003u,0.s) (success)
Tactic call rewrite?-noop-regression-linear ran for 0. secs (0.u,0.s) (success)
Tactic call abstract+rewrite!-regression-quadratic ran for 0.005 secs (0.005u,0.s) (success)
Tactic call close-abstract+rewrite!-regression-quadratic ran for 0.001 secs (0.001u,0.s)
Params: n= 10
Tactic call rewrite!-regression-quadratic ran for 0.003 secs (0.003u,0.s) (success)
Tactic call rewrite?-noop-regression-linear ran for 0. secs (0.u,0.s) (success)
Tactic call abstract+rewrite!-regression-quadratic ran for 0.006 secs (0.006u,0.s) (success)
Tactic call close-abstract+rewrite!-regression-quadratic ran for 0.001 secs (0.001u,0.s)
Params: n= 11
Tactic call rewrite!-regression-quadratic ran for 0.004 secs (0.u,0.003s) (success)
Tactic call rewrite?-noop-regression-linear ran for 0. secs (0.u,0.s) (success)
Tactic call abstract+rewrite!-regression-quadratic ran for 0.006 secs (0.002u,0.003s) (success)
Tactic call close-abstract+rewrite!-regression-quadratic ran for 0.001 secs (0.001u,0.s)
Params: n= 12
Tactic call rewrite!-regression-quadratic ran for 0.004 secs (0.u,0.004s) (success)
Tactic call rewrite?-noop-regression-linear ran for 0. secs (0.u,0.s) (success)
Tactic call abstract+rewrite!-regression-quadratic ran for 0.008 secs (0.003u,0.004s) (success)
Tactic call close-abstract+rewrite!-regression-quadratic ran for 0.002 secs (0.002u,0.s)
Params: n= 13
Tactic call rewrite!-regression-quadratic ran for 0.003 secs (0.003u,0.s) (success)
Tactic call rewrite?-noop-regression-linear ran for 0. secs (0.u,0.s) (success)
Tactic call abstract+rewrite!-regression-quadratic ran for 0.006 secs (0.005u,0.s) (success)
Tactic call close-abstract+rewrite!-regression-quadratic ran for 0.001 secs (0.001u,0.s)
Params: n= 14
Tactic call rewrite!-regression-quadratic ran for 0.004 secs (0.004u,0.s) (success)
Tactic call rewrite?-noop-regression-linear ran for 0. secs (0.u,0.s) (success)
Tactic call abstract+rewrite!-regression-quadratic ran for 0.006 secs (0.006u,0.s) (success)
Tactic call close-abstract+rewrite!-regression-quadratic ran for 0.002 secs (0.002u,0.s)
Params: n= 15
Tactic call rewrite!-regression-quadratic ran for 0.004 secs (0.004u,0.s) (success)
Tactic call rewrite?-noop-regression-linear ran for 0. secs (0.u,0.s) (success)
Tactic call abstract+rewrite!-regression-quadratic ran for 0.007 secs (0.007u,0.s) (success)
Tactic call close-abstract+rewrite!-regression-quadratic ran for 0.002 secs (0.002u,0.s)
Params: n= 16
Tactic call rewrite!-regression-quadratic ran for 0.004 secs (0.004u,0.s) (success)
Tactic call rewrite?-noop-regression-linear ran for 0. secs (0.u,0.s) (success)
Tactic call abstract+rewrite!-regression-quadratic ran for 0.007 secs (0.007u,0.s) (success)
Tactic call close-abstract+rewrite!-regression-quadratic ran for 0.002 secs (0.002u,0.s)
Params: n= 17
Tactic call rewrite!-regression-quadratic ran for 0.005 secs (0.005u,0.s) (success)
Tactic call rewrite?-noop-regression-linear ran for 0. secs (0.u,0.s) (success)
Tactic call abstract+rewrite!-regression-quadratic ran for 0.008 secs (0.008u,0.s) (success)
Tactic call close-abstract+rewrite!-regression-quadratic ran for 0.002 secs (0.002u,0.s)
Params: n= 18
Tactic call rewrite!-regression-quadratic ran for 0.005 secs (0.005u,0.s) (success)
Tactic call rewrite?-noop-regression-linear ran for 0. secs (0.u,0.s) (success)
Tactic call abstract+rewrite!-regression-quadratic ran for 0.009 secs (0.009u,0.s) (success)
Tactic call close-abstract+rewrite!-regression-quadratic ran for 0.003 secs (0.003u,0.s)
Params: n= 19
Tactic call rewrite!-regression-quadratic ran for 0.006 secs (0.006u,0.s) (success)
Tactic call rewrite?-noop-regression-linear ran for 0. secs (0.u,0.s) (success)
Tactic call abstract+rewrite!-regression-quadratic ran for 0.01 secs (0.01u,0.s) (success)
Tactic call close-abstract+rewrite!-regression-quadratic ran for 0.003 secs (0.003u,0.s)
Params: n= 20
Tactic call rewrite!-regression-quadratic ran for 0.008 secs (0.008u,0.s) (success)
Tactic call rewrite?-noop-regression-linear ran for 0. secs (0.u,0.s) (success)
Tactic call abstract+rewrite!-regression-quadratic ran for 0.013 secs (0.013u,0.s) (success)
Tactic call close-abstract+rewrite!-regression-quadratic ran for 0.003 secs (0.003u,0.s)
Params: n= 21
Tactic call rewrite!-regression-quadratic ran for 0.007 secs (0.007u,0.s) (success)
Tactic call rewrite?-noop-regression-linear ran for 0. secs (0.u,0.s) (success)
Tactic call abstract+rewrite!-regression-quadratic ran for 0.012 secs (0.012u,0.s) (success)
Tactic call close-abstract+rewrite!-regression-quadratic ran for 0.004 secs (0.004u,0.s)
Params: n= 22
Tactic call rewrite!-regression-quadratic ran for 0.007 secs (0.007u,0.s) (success)
Tactic call rewrite?-noop-regression-linear ran for 0. secs (0.u,0.s) (success)
Tactic call abstract+rewrite!-regression-quadratic ran for 0.013 secs (0.013u,0.s) (success)
Tactic call close-abstract+rewrite!-regression-quadratic ran for 0.004 secs (0.004u,0.s)
Params: n= 23
Tactic call rewrite!-regression-quadratic ran for 0.008 secs (0.008u,0.s) (success)
Tactic call rewrite?-noop-regression-linear ran for 0. secs (0.u,0.s) (success)
Tactic call abstract+rewrite!-regression-quadratic ran for 0.014 secs (0.014u,0.s) (success)
Tactic call close-abstract+rewrite!-regression-quadratic ran for 0.004 secs (0.004u,0.s)
Params: n= 24
Tactic call rewrite!-regression-quadratic ran for 0.009 secs (0.009u,0.s) (success)
Tactic call rewrite?-noop-regression-linear ran for 0. secs (0.u,0.s) (success)
Tactic call abstract+rewrite!-regression-quadratic ran for 0.017 secs (0.017u,0.s) (success)
Tactic call close-abstract+rewrite!-regression-quadratic ran for 0.007 secs (0.007u,0.s)
Params: n= 25
Tactic call rewrite!-regression-quadratic ran for 0.009 secs (0.009u,0.s) (success)
Tactic call rewrite?-noop-regression-linear ran for 0. secs (0.u,0.s) (success)
Tactic call abstract+rewrite!-regression-quadratic ran for 0.016 secs (0.016u,0.s) (success)
Tactic call close-abstract+rewrite!-regression-quadratic ran for 0.005 secs (0.005u,0.s)
Params: n= 26
Tactic call rewrite!-regression-quadratic ran for 0.01 secs (0.01u,0.s) (success)
Tactic call rewrite?-noop-regression-linear ran for 0. secs (0.u,0.s) (success)
Tactic call abstract+rewrite!-regression-quadratic ran for 0.017 secs (0.017u,0.s) (success)
Tactic call close-abstract+rewrite!-regression-quadratic ran for 0.006 secs (0.006u,0.s)
Params: n= 27
Tactic call rewrite!-regression-quadratic ran for 0.011 secs (0.011u,0.s) (success)
Tactic call rewrite?-noop-regression-linear ran for 0. secs (0.u,0.s) (success)
Tactic call abstract+rewrite!-regression-quadratic ran for 0.018 secs (0.018u,0.s) (success)
Tactic call close-abstract+rewrite!-regression-quadratic ran for 0.006 secs (0.006u,0.s)
Params: n= 28
Tactic call rewrite!-regression-quadratic ran for 0.013 secs (0.013u,0.s) (success)
Tactic call rewrite?-noop-regression-linear ran for 0. secs (0.u,0.s) (success)
Tactic call abstract+rewrite!-regression-quadratic ran for 0.021 secs (0.021u,0.s) (success)
Tactic call close-abstract+rewrite!-regression-quadratic ran for 0.007 secs (0.007u,0.s)
Params: n= 29
Tactic call rewrite!-regression-quadratic ran for 0.012 secs (0.012u,0.s) (success)
Tactic call rewrite?-noop-regression-linear ran for 0. secs (0.u,0.s) (success)
Tactic call abstract+rewrite!-regression-quadratic ran for 0.02 secs (0.02u,0.s) (success)
Tactic call close-abstract+rewrite!-regression-quadratic ran for 0.007 secs (0.007u,0.s)
Params: n= 30
Tactic call rewrite!-regression-quadratic ran for 0.013 secs (0.013u,0.s) (success)
Tactic call rewrite?-noop-regression-linear ran for 0. secs (0.u,0.s) (success)
Tactic call abstract+rewrite!-regression-quadratic ran for 0.021 secs (0.021u,0.s) (success)
Tactic call close-abstract+rewrite!-regression-quadratic ran for 0.007 secs (0.007u,0.s)
Params: n= 31
Tactic call rewrite!-regression-quadratic ran for 0.016 secs (0.016u,0.s) (success)
Tactic call rewrite?-noop-regression-linear ran for 0. secs (0.u,0.s) (success)
Tactic call abstract+rewrite!-regression-quadratic ran for 0.026 secs (0.026u,0.s) (success)
Tactic call close-abstract+rewrite!-regression-quadratic ran for 0.008 secs (0.008u,0.s)
Params: n= 32
Tactic call rewrite!-regression-quadratic ran for 0.014 secs (0.014u,0.s) (success)
Tactic call rewrite?-noop-regression-linear ran for 0. secs (0.u,0.s) (success)
Tactic call abstract+rewrite!-regression-quadratic ran for 0.024 secs (0.021u,0.002s) (success)
Tactic call close-abstract+rewrite!-regression-quadratic ran for 0.009 secs (0.006u,0.002s)
Params: n= 33
Tactic call rewrite!-regression-quadratic ran for 0.018 secs (0.018u,0.s) (success)
Tactic call rewrite?-noop-regression-linear ran for 0. secs (0.u,0.s) (success)
Tactic call abstract+rewrite!-regression-quadratic ran for 0.028 secs (0.028u,0.s) (success)
Tactic call close-abstract+rewrite!-regression-quadratic ran for 0.009 secs (0.009u,0.s)
Params: n= 34
Tactic call rewrite!-regression-quadratic ran for 0.016 secs (0.016u,0.s) (success)
Tactic call rewrite?-noop-regression-linear ran for 0. secs (0.u,0.s) (success)
Tactic call abstract+rewrite!-regression-quadratic ran for 0.028 secs (0.028u,0.s) (success)
Tactic call close-abstract+rewrite!-regression-quadratic ran for 0.011 secs (0.011u,0.s)
Params: n= 35
Tactic call rewrite!-regression-quadratic ran for 0.017 secs (0.017u,0.s) (success)
Tactic call rewrite?-noop-regression-linear ran for 0. secs (0.u,0.s) (success)
Tactic call abstract+rewrite!-regression-quadratic ran for 0.033 secs (0.032u,0.s) (success)
Tactic call close-abstract+rewrite!-regression-quadratic ran for 0.015 secs (0.015u,0.s)
Params: n= 36
Tactic call rewrite!-regression-quadratic ran for 0.018 secs (0.018u,0.s) (success)
Tactic call rewrite?-noop-regression-linear ran for 0. secs (0.u,0.s) (success)
Tactic call abstract+rewrite!-regression-quadratic ran for 0.031 secs (0.031u,0.s) (success)
Tactic call close-abstract+rewrite!-regression-quadratic ran for 0.011 secs (0.011u,0.s)
Params: n= 37
Tactic call rewrite!-regression-quadratic ran for 0.019 secs (0.019u,0.s) (success)
Tactic call rewrite?-noop-regression-linear ran for 0. secs (0.u,0.s) (success)
Tactic call abstract+rewrite!-regression-quadratic ran for 0.033 secs (0.033u,0.s) (success)
Tactic call close-abstract+rewrite!-regression-quadratic ran for 0.013 secs (0.013u,0.s)
Params: n= 38
Tactic call rewrite!-regression-quadratic ran for 0.02 secs (0.02u,0.s) (success)
Tactic call rewrite?-noop-regression-linear ran for 0. secs (0.u,0.s) (success)
Tactic call abstract+rewrite!-regression-quadratic ran for 0.033 secs (0.033u,0.s) (success)
Tactic call close-abstract+rewrite!-regression-quadratic ran for 0.012 secs (0.012u,0.s)
Params: n= 39
Tactic call rewrite!-regression-quadratic ran for 0.025 secs (0.025u,0.s) (success)
Tactic call rewrite?-noop-regression-linear ran for 0. secs (0.u,0.s) (success)
Tactic call abstract+rewrite!-regression-quadratic ran for 0.039 secs (0.039u,0.s) (success)
Tactic call close-abstract+rewrite!-regression-quadratic ran for 0.012 secs (0.012u,0.s)
Params: n= 40
Tactic call rewrite!-regression-quadratic ran for 0.021 secs (0.021u,0.s) (success)
Tactic call rewrite?-noop-regression-linear ran for 0. secs (0.u,0.s) (success)
Tactic call abstract+rewrite!-regression-quadratic ran for 0.036 secs (0.036u,0.s) (success)
Tactic call close-abstract+rewrite!-regression-quadratic ran for 0.013 secs (0.013u,0.s)
Params: n= 41
Tactic call rewrite!-regression-quadratic ran for 0.024 secs (0.024u,0.s) (success)
Tactic call rewrite?-noop-regression-linear ran for 0. secs (0.u,0.s) (success)
Tactic call abstract+rewrite!-regression-quadratic ran for 0.039 secs (0.039u,0.s) (success)
Tactic call close-abstract+rewrite!-regression-quadratic ran for 0.014 secs (0.014u,0.s)
Params: n= 42
Tactic call rewrite!-regression-quadratic ran for 0.027 secs (0.027u,0.s) (success)
Tactic call rewrite?-noop-regression-linear ran for 0. secs (0.u,0.s) (success)
Tactic call abstract+rewrite!-regression-quadratic ran for 0.043 secs (0.043u,0.s) (success)
Tactic call close-abstract+rewrite!-regression-quadratic ran for 0.015 secs (0.015u,0.s)
Params: n= 43
Tactic call rewrite!-regression-quadratic ran for 0.025 secs (0.025u,0.s) (success)
Tactic call rewrite?-noop-regression-linear ran for 0. secs (0.u,0.s) (success)
Tactic call abstract+rewrite!-regression-quadratic ran for 0.042 secs (0.042u,0.s) (success)
Tactic call close-abstract+rewrite!-regression-quadratic ran for 0.016 secs (0.016u,0.s)
Params: n= 44
Tactic call rewrite!-regression-quadratic ran for 0.027 secs (0.023u,0.003s) (success)
Tactic call rewrite?-noop-regression-linear ran for 0. secs (0.u,0.s) (success)
Tactic call abstract+rewrite!-regression-quadratic ran for 0.044 secs (0.041u,0.003s) (success)
Tactic call close-abstract+rewrite!-regression-quadratic ran for 0.016 secs (0.016u,0.s)
Params: n= 45
Tactic call rewrite!-regression-quadratic ran for 0.028 secs (0.028u,0.s) (success)
Tactic call rewrite?-noop-regression-linear ran for 0. secs (0.u,0.s) (success)
Tactic call abstract+rewrite!-regression-quadratic ran for 0.046 secs (0.046u,0.s) (success)
Tactic call close-abstract+rewrite!-regression-quadratic ran for 0.016 secs (0.016u,0.s)
Params: n= 46
Tactic call rewrite!-regression-quadratic ran for 0.028 secs (0.028u,0.s) (success)
Tactic call rewrite?-noop-regression-linear ran for 0.002 secs (0.002u,0.s) (success)
Tactic call abstract+rewrite!-regression-quadratic ran for 0.048 secs (0.048u,0.s) (success)
Tactic call close-abstract+rewrite!-regression-quadratic ran for 0.017 secs (0.017u,0.s)
Params: n= 47
Tactic call rewrite!-regression-quadratic ran for 0.029 secs (0.029u,0.s) (success)
Tactic call rewrite?-noop-regression-linear ran for 0. secs (0.u,0.s) (success)
Tactic call abstract+rewrite!-regression-quadratic ran for 0.052 secs (0.052u,0.s) (success)
Tactic call close-abstract+rewrite!-regression-quadratic ran for 0.021 secs (0.021u,0.s)
Params: n= 48
Tactic call rewrite!-regression-quadratic ran for 0.033 secs (0.033u,0.s) (success)
Tactic call rewrite?-noop-regression-linear ran for 0.002 secs (0.002u,0.s) (success)
Tactic call abstract+rewrite!-regression-quadratic ran for 0.056 secs (0.056u,0.s) (success)
Tactic call close-abstract+rewrite!-regression-quadratic ran for 0.019 secs (0.019u,0.s)
Params: n= 49
Tactic call rewrite!-regression-quadratic ran for 0.035 secs (0.035u,0.s) (success)
Tactic call rewrite?-noop-regression-linear ran for 0. secs (0.u,0.s) (success)
Tactic call abstract+rewrite!-regression-quadratic ran for 0.058 secs (0.058u,0.s) (success)
Tactic call close-abstract+rewrite!-regression-quadratic ran for 0.021 secs (0.021u,0.s)
Params: n= 51
Tactic call rewrite!-regression-quadratic ran for 0.035 secs (0.035u,0.s) (success)
Tactic call rewrite?-noop-regression-linear ran for 0. secs (0.u,0.s) (success)
Tactic call abstract+rewrite!-regression-quadratic ran for 0.058 secs (0.058u,0.s) (success)
Tactic call close-abstract+rewrite!-regression-quadratic ran for 0.021 secs (0.021u,0.s)
Params: n= 52
Tactic call rewrite!-regression-quadratic ran for 0.035 secs (0.035u,0.s) (success)
Tactic call rewrite?-noop-regression-linear ran for 0. secs (0.u,0.s) (success)
Tactic call abstract+rewrite!-regression-quadratic ran for 0.059 secs (0.059u,0.s) (success)
Tactic call close-abstract+rewrite!-regression-quadratic ran for 0.022 secs (0.022u,0.s)
Params: n= 53
Tactic call rewrite!-regression-quadratic ran for 0.038 secs (0.038u,0.s) (success)
Tactic call rewrite?-noop-regression-linear ran for 0. secs (0.u,0.s) (success)
Tactic call abstract+rewrite!-regression-quadratic ran for 0.062 secs (0.062u,0.s) (success)
Tactic call close-abstract+rewrite!-regression-quadratic ran for 0.023 secs (0.023u,0.s)
Params: n= 54
Tactic call rewrite!-regression-quadratic ran for 0.038 secs (0.038u,0.s) (success)
Tactic call rewrite?-noop-regression-linear ran for 0. secs (0.u,0.s) (success)
Tactic call abstract+rewrite!-regression-quadratic ran for 0.064 secs (0.064u,0.s) (success)
Tactic call close-abstract+rewrite!-regression-quadratic ran for 0.024 secs (0.024u,0.s)
Params: n= 55
Tactic call rewrite!-regression-quadratic ran for 0.039 secs (0.039u,0.s) (success)
Tactic call rewrite?-noop-regression-linear ran for 0. secs (0.u,0.s) (success)
Tactic call abstract+rewrite!-regression-quadratic ran for 0.066 secs (0.066u,0.s) (success)
Tactic call close-abstract+rewrite!-regression-quadratic ran for 0.025 secs (0.025u,0.s)
Params: n= 56
Tactic call rewrite!-regression-quadratic ran for 0.039 secs (0.039u,0.s) (success)
Tactic call rewrite?-noop-regression-linear ran for 0. secs (0.u,0.s) (success)
Tactic call abstract+rewrite!-regression-quadratic ran for 0.068 secs (0.068u,0.s) (success)
Tactic call close-abstract+rewrite!-regression-quadratic ran for 0.028 secs (0.028u,0.s)
Params: n= 57
Tactic call rewrite!-regression-quadratic ran for 0.042 secs (0.042u,0.s) (success)
Tactic call rewrite?-noop-regression-linear ran for 0. secs (0.u,0.s) (success)
Tactic call abstract+rewrite!-regression-quadratic ran for 0.071 secs (0.071u,0.s) (success)
Tactic call close-abstract+rewrite!-regression-quadratic ran for 0.026 secs (0.026u,0.s)
Params: n= 58
Tactic call rewrite!-regression-quadratic ran for 0.047 secs (0.047u,0.s) (success)
Tactic call rewrite?-noop-regression-linear ran for 0. secs (0.u,0.s) (success)
Tactic call abstract+rewrite!-regression-quadratic ran for 0.076 secs (0.076u,0.s) (success)
Tactic call close-abstract+rewrite!-regression-quadratic ran for 0.027 secs (0.027u,0.s)
Params: n= 59
Tactic call rewrite!-regression-quadratic ran for 0.047 secs (0.047u,0.s) (success)
Tactic call rewrite?-noop-regression-linear ran for 0. secs (0.u,0.s) (success)
Tactic call abstract+rewrite!-regression-quadratic ran for 0.077 secs (0.077u,0.s) (success)
Tactic call close-abstract+rewrite!-regression-quadratic ran for 0.028 secs (0.028u,0.s)
Params: n= 60
Tactic call rewrite!-regression-quadratic ran for 0.048 secs (0.048u,0.s) (success)
Tactic call rewrite?-noop-regression-linear ran for 0. secs (0.u,0.s) (success)
Tactic call abstract+rewrite!-regression-quadratic ran for 0.081 secs (0.081u,0.s) (success)
Tactic call close-abstract+rewrite!-regression-quadratic ran for 0.031 secs (0.031u,0.s)
Params: n= 61
Tactic call rewrite!-regression-quadratic ran for 0.049 secs (0.049u,0.s) (success)
Tactic call rewrite?-noop-regression-linear ran for 0. secs (0.u,0.s) (success)
Tactic call abstract+rewrite!-regression-quadratic ran for 0.08 secs (0.08u,0.s) (success)
Tactic call close-abstract+rewrite!-regression-quadratic ran for 0.03 secs (0.03u,0.s)
Params: n= 62
Tactic call rewrite!-regression-quadratic ran for 0.048 secs (0.048u,0.s) (success)
Tactic call rewrite?-noop-regression-linear ran for 0. secs (0.u,0.s) (success)
Tactic call abstract+rewrite!-regression-quadratic ran for 0.081 secs (0.081u,0.s) (success)
Tactic call close-abstract+rewrite!-regression-quadratic ran for 0.03 secs (0.03u,0.s)
Params: n= 63
Tactic call rewrite!-regression-quadratic ran for 0.051 secs (0.051u,0.s) (success)
Tactic call rewrite?-noop-regression-linear ran for 0. secs (0.u,0.s) (success)
Tactic call abstract+rewrite!-regression-quadratic ran for 0.089 secs (0.089u,0.s) (success)
Tactic call close-abstract+rewrite!-regression-quadratic ran for 0.035 secs (0.035u,0.s)
Params: n= 64
Tactic call rewrite!-regression-quadratic ran for 0.055 secs (0.055u,0.s) (success)
Tactic call rewrite?-noop-regression-linear ran for 0. secs (0.u,0.s) (success)
Tactic call abstract+rewrite!-regression-quadratic ran for 0.09 secs (0.09u,0.s) (success)
Tactic call close-abstract+rewrite!-regression-quadratic ran for 0.033 secs (0.033u,0.s)
Params: n= 65
Tactic call rewrite!-regression-quadratic ran for 0.055 secs (0.055u,0.s) (success)
Tactic call rewrite?-noop-regression-linear ran for 0. secs (0.u,0.s) (success)
Tactic call abstract+rewrite!-regression-quadratic ran for 0.095 secs (0.095u,0.s) (success)
Tactic call close-abstract+rewrite!-regression-quadratic ran for 0.038 secs (0.038u,0.s)
Params: n= 66
Tactic call rewrite!-regression-quadratic ran for 0.061 secs (0.061u,0.s) (success)
Tactic call rewrite?-noop-regression-linear ran for 0. secs (0.u,0.s) (success)
Tactic call abstract+rewrite!-regression-quadratic ran for 0.098 secs (0.098u,0.s) (success)
Tactic call close-abstract+rewrite!-regression-quadratic ran for 0.035 secs (0.035u,0.s)
Params: n= 67
Tactic call rewrite!-regression-quadratic ran for 0.063 secs (0.063u,0.s) (success)
Tactic call rewrite?-noop-regression-linear ran for 0. secs (0.u,0.s) (success)
Tactic call abstract+rewrite!-regression-quadratic ran for 0.101 secs (0.101u,0.s) (success)
Tactic call close-abstract+rewrite!-regression-quadratic ran for 0.035 secs (0.035u,0.s)
Params: n= 68
Tactic call rewrite!-regression-quadratic ran for 0.061 secs (0.061u,0.s) (success)
Tactic call rewrite?-noop-regression-linear ran for 0. secs (0.u,0.s) (success)
Tactic call abstract+rewrite!-regression-quadratic ran for 0.102 secs (0.102u,0.s) (success)
Tactic call close-abstract+rewrite!-regression-quadratic ran for 0.039 secs (0.039u,0.s)
Params: n= 69
Tactic call rewrite!-regression-quadratic ran for 0.063 secs (0.063u,0.s) (success)
Tactic call rewrite?-noop-regression-linear ran for 0. secs (0.u,0.s) (success)
Tactic call abstract+rewrite!-regression-quadratic ran for 0.104 secs (0.104u,0.s) (success)
Tactic call close-abstract+rewrite!-regression-quadratic ran for 0.038 secs (0.038u,0.s)
Params: n= 70
Tactic call rewrite!-regression-quadratic ran for 0.062 secs (0.062u,0.s) (success)
Tactic call rewrite?-noop-regression-linear ran for 0. secs (0.u,0.s) (success)
Tactic call abstract+rewrite!-regression-quadratic ran for 0.104 secs (0.104u,0.s) (success)
Tactic call close-abstract+rewrite!-regression-quadratic ran for 0.04 secs (0.04u,0.s)
Params: n= 71
Tactic call rewrite!-regression-quadratic ran for 0.064 secs (0.064u,0.s) (success)
Tactic call rewrite?-noop-regression-linear ran for 0. secs (0.u,0.s) (success)
Tactic call abstract+rewrite!-regression-quadratic ran for 0.109 secs (0.109u,0.s) (success)
Tactic call close-abstract+rewrite!-regression-quadratic ran for 0.043 secs (0.043u,0.s)
Params: n= 72
Tactic call rewrite!-regression-quadratic ran for 0.066 secs (0.066u,0.s) (success)
Tactic call rewrite?-noop-regression-linear ran for 0. secs (0.u,0.s) (success)
Tactic call abstract+rewrite!-regression-quadratic ran for 0.112 secs (0.112u,0.s) (success)
Tactic call close-abstract+rewrite!-regression-quadratic ran for 0.044 secs (0.044u,0.s)
Params: n= 73
Tactic call rewrite!-regression-quadratic ran for 0.068 secs (0.068u,0.s) (success)
Tactic call rewrite?-noop-regression-linear ran for 0. secs (0.u,0.s) (success)
Tactic call abstract+rewrite!-regression-quadratic ran for 0.117 secs (0.117u,0.s) (success)
Tactic call close-abstract+rewrite!-regression-quadratic ran for 0.047 secs (0.047u,0.s)
Params: n= 74
Tactic call rewrite!-regression-quadratic ran for 0.069 secs (0.066u,0.003s) (success)
Tactic call rewrite?-noop-regression-linear ran for 0.001 secs (0.u,0.s) (success)
Tactic call abstract+rewrite!-regression-quadratic ran for 0.119 secs (0.116u,0.003s) (success)
Tactic call close-abstract+rewrite!-regression-quadratic ran for 0.048 secs (0.048u,0.s)
Params: n= 75
Tactic call rewrite!-regression-quadratic ran for 0.071 secs (0.071u,0.s) (success)
Tactic call rewrite?-noop-regression-linear ran for 0.001 secs (0.001u,0.s) (success)
Tactic call abstract+rewrite!-regression-quadratic ran for 0.123 secs (0.123u,0.s) (success)
Tactic call close-abstract+rewrite!-regression-quadratic ran for 0.049 secs (0.049u,0.s)
Params: n= 76
Tactic call rewrite!-regression-quadratic ran for 0.073 secs (0.073u,0.s) (success)
Tactic call rewrite?-noop-regression-linear ran for 0.001 secs (0.001u,0.s) (success)
Tactic call abstract+rewrite!-regression-quadratic ran for 0.126 secs (0.126u,0.s) (success)
Tactic call close-abstract+rewrite!-regression-quadratic ran for 0.051 secs (0.051u,0.s)
Params: n= 77
Tactic call rewrite!-regression-quadratic ran for 0.074 secs (0.074u,0.s) (success)
Tactic call rewrite?-noop-regression-linear ran for 0.001 secs (0.001u,0.s) (success)
Tactic call abstract+rewrite!-regression-quadratic ran for 0.128 secs (0.128u,0.s) (success)
Tactic call close-abstract+rewrite!-regression-quadratic ran for 0.051 secs (0.051u,0.s)
Params: n= 78
Tactic call rewrite!-regression-quadratic ran for 0.074 secs (0.074u,0.s) (success)
Tactic call rewrite?-noop-regression-linear ran for 0.001 secs (0.001u,0.s) (success)
Tactic call abstract+rewrite!-regression-quadratic ran for 0.128 secs (0.128u,0.s) (success)
Tactic call close-abstract+rewrite!-regression-quadratic ran for 0.052 secs (0.052u,0.s)
Params: n= 79
Tactic call rewrite!-regression-quadratic ran for 0.079 secs (0.079u,0.s) (success)
Tactic call rewrite?-noop-regression-linear ran for 0.001 secs (0.001u,0.s) (success)
Tactic call abstract+rewrite!-regression-quadratic ran for 0.132 secs (0.132u,0.s) (success)
Tactic call close-abstract+rewrite!-regression-quadratic ran for 0.051 secs (0.051u,0.s)
Params: n= 80
Tactic call rewrite!-regression-quadratic ran for 0.079 secs (0.079u,0.s) (success)
Tactic call rewrite?-noop-regression-linear ran for 0.001 secs (0.001u,0.s) (success)
Tactic call abstract+rewrite!-regression-quadratic ran for 0.136 secs (0.136u,0.s) (success)
Tactic call close-abstract+rewrite!-regression-quadratic ran for 0.054 secs (0.054u,0.s)
Params: n= 81
Tactic call rewrite!-regression-quadratic ran for 0.08 secs (0.08u,0.s) (success)
Tactic call rewrite?-noop-regression-linear ran for 0.001 secs (0.001u,0.s) (success)
Tactic call abstract+rewrite!-regression-quadratic ran for 0.139 secs (0.139u,0.s) (success)
Tactic call close-abstract+rewrite!-regression-quadratic ran for 0.056 secs (0.056u,0.s)
Params: n= 82
Tactic call rewrite!-regression-quadratic ran for 0.089 secs (0.088u,0.s) (success)
Tactic call rewrite?-noop-regression-linear ran for 0.001 secs (0.001u,0.s) (success)
Tactic call abstract+rewrite!-regression-quadratic ran for 0.145 secs (0.145u,0.s) (success)
Tactic call close-abstract+rewrite!-regression-quadratic ran for 0.054 secs (0.054u,0.s)
Params: n= 83
Tactic call rewrite!-regression-quadratic ran for 0.092 secs (0.092u,0.s) (success)
Tactic call rewrite?-noop-regression-linear ran for 0.001 secs (0.001u,0.s) (success)
Tactic call abstract+rewrite!-regression-quadratic ran for 0.156 secs (0.156u,0.s) (success)
Tactic call close-abstract+rewrite!-regression-quadratic ran for 0.061 secs (0.061u,0.s)
Params: n= 84
Tactic call rewrite!-regression-quadratic ran for 0.091 secs (0.087u,0.003s) (success)
Tactic call rewrite?-noop-regression-linear ran for 0.001 secs (0.001u,0.s) (success)
Tactic call abstract+rewrite!-regression-quadratic ran for 0.15 secs (0.146u,0.003s) (success)
Tactic call close-abstract+rewrite!-regression-quadratic ran for 0.057 secs (0.057u,0.s)
Params: n= 85
Tactic call rewrite!-regression-quadratic ran for 0.088 secs (0.088u,0.s) (success)
Tactic call rewrite?-noop-regression-linear ran for 0.001 secs (0.001u,0.s) (success)
Tactic call abstract+rewrite!-regression-quadratic ran for 0.152 secs (0.151u,0.s) (success)
Tactic call close-abstract+rewrite!-regression-quadratic ran for 0.061 secs (0.061u,0.s)
Params: n= 86
Tactic call rewrite!-regression-quadratic ran for 0.097 secs (0.093u,0.003s) (success)
Tactic call rewrite?-noop-regression-linear ran for 0.001 secs (0.001u,0.s) (success)
Tactic call abstract+rewrite!-regression-quadratic ran for 0.167 secs (0.163u,0.003s) (success)
Tactic call close-abstract+rewrite!-regression-quadratic ran for 0.067 secs (0.067u,0.s)
Params: n= 87
Tactic call rewrite!-regression-quadratic ran for 0.092 secs (0.092u,0.s) (success)
Tactic call rewrite?-noop-regression-linear ran for 0.001 secs (0.001u,0.s) (success)
Tactic call abstract+rewrite!-regression-quadratic ran for 0.161 secs (0.161u,0.s) (success)
Tactic call close-abstract+rewrite!-regression-quadratic ran for 0.066 secs (0.066u,0.s)
Params: n= 88
Tactic call rewrite!-regression-quadratic ran for 0.098 secs (0.098u,0.s) (success)
Tactic call rewrite?-noop-regression-linear ran for 0.001 secs (0.001u,0.s) (success)
Tactic call abstract+rewrite!-regression-quadratic ran for 0.165 secs (0.165u,0.s) (success)
Tactic call close-abstract+rewrite!-regression-quadratic ran for 0.063 secs (0.063u,0.s)
Params: n= 89
Tactic call rewrite!-regression-quadratic ran for 0.112 secs (0.112u,0.s) (success)
Tactic call rewrite?-noop-regression-linear ran for 0.002 secs (0.002u,0.s) (success)
Tactic call abstract+rewrite!-regression-quadratic ran for 0.183 secs (0.183u,0.s) (success)
Tactic call close-abstract+rewrite!-regression-quadratic ran for 0.067 secs (0.067u,0.s)
Params: n= 90
Tactic call rewrite!-regression-quadratic ran for 0.105 secs (0.105u,0.s) (success)
Tactic call rewrite?-noop-regression-linear ran for 0.001 secs (0.001u,0.s) (success)
Tactic call abstract+rewrite!-regression-quadratic ran for 0.176 secs (0.176u,0.s) (success)
Tactic call close-abstract+rewrite!-regression-quadratic ran for 0.068 secs (0.068u,0.s)
Params: n= 91
Tactic call rewrite!-regression-quadratic ran for 0.107 secs (0.107u,0.s) (success)
Tactic call rewrite?-noop-regression-linear ran for 0.001 secs (0.001u,0.s) (success)
Tactic call abstract+rewrite!-regression-quadratic ran for 0.179 secs (0.179u,0.s) (success)
Tactic call close-abstract+rewrite!-regression-quadratic ran for 0.069 secs (0.069u,0.s)
Params: n= 92
Tactic call rewrite!-regression-quadratic ran for 0.118 secs (0.118u,0.s) (success)
Tactic call rewrite?-noop-regression-linear ran for 0.001 secs (0.001u,0.s) (success)
Tactic call abstract+rewrite!-regression-quadratic ran for 0.187 secs (0.187u,0.s) (success)
Tactic call close-abstract+rewrite!-regression-quadratic ran for 0.066 secs (0.066u,0.s)
Params: n= 93
Tactic call rewrite!-regression-quadratic ran for 0.109 secs (0.109u,0.s) (success)
Tactic call rewrite?-noop-regression-linear ran for 0.001 secs (0.001u,0.s) (success)
Tactic call abstract+rewrite!-regression-quadratic ran for 0.184 secs (0.184u,0.s) (success)
Tactic call close-abstract+rewrite!-regression-quadratic ran for 0.072 secs (0.072u,0.s)
Params: n= 94
Tactic call rewrite!-regression-quadratic ran for 0.109 secs (0.109u,0.s) (success)
Tactic call rewrite?-noop-regression-linear ran for 0.001 secs (0.001u,0.s) (success)
Tactic call abstract+rewrite!-regression-quadratic ran for 0.183 secs (0.179u,0.003s) (success)
Tactic call close-abstract+rewrite!-regression-quadratic ran for 0.07 secs (0.066u,0.003s)
Params: n= 95
Tactic call rewrite!-regression-quadratic ran for 0.113 secs (0.113u,0.s) (success)
Tactic call rewrite?-noop-regression-linear ran for 0.001 secs (0.001u,0.s) (success)
Tactic call abstract+rewrite!-regression-quadratic ran for 0.187 secs (0.187u,0.s) (success)
Tactic call close-abstract+rewrite!-regression-quadratic ran for 0.071 secs (0.071u,0.s)
Params: n= 96
Tactic call rewrite!-regression-quadratic ran for 0.113 secs (0.113u,0.s) (success)
Tactic call rewrite?-noop-regression-linear ran for 0.001 secs (0.001u,0.s) (success)
Tactic call abstract+rewrite!-regression-quadratic ran for 0.189 secs (0.189u,0.s) (success)
Tactic call close-abstract+rewrite!-regression-quadratic ran for 0.073 secs (0.073u,0.s)
Params: n= 97
Tactic call rewrite!-regression-quadratic ran for 0.119 secs (0.119u,0.s) (success)
Tactic call rewrite?-noop-regression-linear ran for 0.001 secs (0.001u,0.s) (success)
Tactic call abstract+rewrite!-regression-quadratic ran for 0.196 secs (0.195u,0.s) (success)
Tactic call close-abstract+rewrite!-regression-quadratic ran for 0.073 secs (0.073u,0.s)
Params: n= 98
Tactic call rewrite!-regression-quadratic ran for 0.119 secs (0.115u,0.003s) (success)
Tactic call rewrite?-noop-regression-linear ran for 0.001 secs (0.001u,0.s) (success)
Tactic call abstract+rewrite!-regression-quadratic ran for 0.199 secs (0.196u,0.003s) (success)
Tactic call close-abstract+rewrite!-regression-quadratic ran for 0.078 secs (0.078u,0.s)
Params: n= 99
Tactic call rewrite!-regression-quadratic ran for 0.122 secs (0.122u,0.s) (success)
Tactic call rewrite?-noop-regression-linear ran for 0.001 secs (0.001u,0.s) (success)
Tactic call abstract+rewrite!-regression-quadratic ran for 0.204 secs (0.2u,0.003s) (success)
Tactic call close-abstract+rewrite!-regression-quadratic ran for 0.079 secs (0.075u,0.003s)
Params: n= 110
Tactic call rewrite!-regression-quadratic ran for 0.153 secs (0.153u,0.s) (success)
Tactic call rewrite?-noop-regression-linear ran for 0.001 secs (0.001u,0.s) (success)
Tactic call abstract+rewrite!-regression-quadratic ran for 0.255 secs (0.255u,0.s) (success)
Tactic call close-abstract+rewrite!-regression-quadratic ran for 0.097 secs (0.097u,0.s)
Params: n= 120
Tactic call rewrite!-regression-quadratic ran for 0.183 secs (0.183u,0.s) (success)
Tactic call rewrite?-noop-regression-linear ran for 0.001 secs (0.001u,0.s) (success)
Tactic call abstract+rewrite!-regression-quadratic ran for 0.3 secs (0.3u,0.s) (success)
Tactic call close-abstract+rewrite!-regression-quadratic ran for 0.114 secs (0.114u,0.s)
Params: n= 130
Tactic call rewrite!-regression-quadratic ran for 0.216 secs (0.212u,0.003s) (success)
Tactic call rewrite?-noop-regression-linear ran for 0.002 secs (0.002u,0.s) (success)
Tactic call abstract+rewrite!-regression-quadratic ran for 0.368 secs (0.364u,0.003s) (success)
Tactic call close-abstract+rewrite!-regression-quadratic ran for 0.148 secs (0.148u,0.s)
Params: n= 140
Tactic call rewrite!-regression-quadratic ran for 0.258 secs (0.258u,0.s) (success)
Tactic call rewrite?-noop-regression-linear ran for 0.006 secs (0.006u,0.s) (success)
Tactic call abstract+rewrite!-regression-quadratic ran for 0.435 secs (0.435u,0.s) (success)
Tactic call close-abstract+rewrite!-regression-quadratic ran for 0.169 secs (0.169u,0.s)
Params: n= 160
Tactic call rewrite!-regression-quadratic ran for 0.358 secs (0.358u,0.s) (success)
Tactic call rewrite?-noop-regression-linear ran for 0.002 secs (0.002u,0.s) (success)
Tactic call abstract+rewrite!-regression-quadratic ran for 0.587 secs (0.587u,0.s) (success)
Tactic call close-abstract+rewrite!-regression-quadratic ran for 0.225 secs (0.225u,0.s)
Params: n= 170
Tactic call rewrite!-regression-quadratic ran for 0.385 secs (0.385u,0.s) (success)
Tactic call rewrite?-noop-regression-linear ran for 0.002 secs (0.002u,0.s) (success)
Tactic call abstract+rewrite!-regression-quadratic ran for 0.652 secs (0.646u,0.s) (success)
Tactic call close-abstract+rewrite!-regression-quadratic ran for 0.262 secs (0.256u,0.s)
Params: n= 180
Tactic call rewrite!-regression-quadratic ran for 0.441 secs (0.437u,0.004s) (success)
Tactic call rewrite?-noop-regression-linear ran for 0.002 secs (0.002u,0.s) (success)
Tactic call abstract+rewrite!-regression-quadratic ran for 0.719 secs (0.714u,0.004s) (success)
Tactic call close-abstract+rewrite!-regression-quadratic ran for 0.273 secs (0.273u,0.s)
Params: n= 190
Tactic call rewrite!-regression-quadratic ran for 0.463 secs (0.451u,0.011s) (success)
Tactic call rewrite?-noop-regression-linear ran for 0.006 secs (0.006u,0.s) (success)
Tactic call abstract+rewrite!-regression-quadratic ran for 0.767 secs (0.75u,0.015s) (success)
Tactic call close-abstract+rewrite!-regression-quadratic ran for 0.295 secs (0.291u,0.003s)
Params: n= 210
Tactic call rewrite!-regression-quadratic ran for 0.585 secs (0.585u,0.s) (success)
Tactic call rewrite?-noop-regression-linear ran for 0.003 secs (0.003u,0.s) (success)
Tactic call abstract+rewrite!-regression-quadratic ran for 0.963 secs (0.962u,0.s) (success)
Tactic call close-abstract+rewrite!-regression-quadratic ran for 0.372 secs (0.372u,0.s)
Params: n= 220
Tactic call rewrite!-regression-quadratic ran for 0.64 secs (0.627u,0.012s) (success)
Tactic call rewrite?-noop-regression-linear ran for 0.003 secs (0.003u,0.s) (success)
Tactic call abstract+rewrite!-regression-quadratic ran for 1.038 secs (1.026u,0.012s) (success)
Tactic call close-abstract+rewrite!-regression-quadratic ran for 0.392 secs (0.392u,0.s)
Params: n= 230
Tactic call rewrite!-regression-quadratic ran for 0.698 secs (0.698u,0.s) (success)
Tactic call rewrite?-noop-regression-linear ran for 0.003 secs (0.003u,0.s) (success)
Tactic call abstract+rewrite!-regression-quadratic ran for 1.166 secs (1.166u,0.s) (success)
Tactic call close-abstract+rewrite!-regression-quadratic ran for 0.462 secs (0.462u,0.s)
Params: n= 240
Tactic call rewrite!-regression-quadratic ran for 0.819 secs (0.818u,0.s) (success)
Tactic call rewrite?-noop-regression-linear ran for 0.004 secs (0.004u,0.s) (success)
Tactic call abstract+rewrite!-regression-quadratic ran for 1.338 secs (1.337u,0.s) (success)
Tactic call close-abstract+rewrite!-regression-quadratic ran for 0.513 secs (0.513u,0.s)
Params: n= 260
Tactic call rewrite!-regression-quadratic ran for 0.925 secs (0.924u,0.s) (success)
Tactic call rewrite?-noop-regression-linear ran for 0.004 secs (0.004u,0.s) (success)
Tactic call abstract+rewrite!-regression-quadratic ran for 1.581 secs (1.577u,0.004s) (success)
Tactic call close-abstract+rewrite!-regression-quadratic ran for 0.65 secs (0.645u,0.004s)
Params: n= 270
Tactic call rewrite!-regression-quadratic ran for 1.073 secs (1.072u,0.s) (success)
Tactic call rewrite?-noop-regression-linear ran for 0.005 secs (0.005u,0.s) (success)
Tactic call abstract+rewrite!-regression-quadratic ran for 1.69 secs (1.689u,0.s) (success)
Tactic call close-abstract+rewrite!-regression-quadratic ran for 0.61 secs (0.61u,0.s)
Params: n= 280
Tactic call rewrite!-regression-quadratic ran for 1.114 secs (1.114u,0.s) (success)
Tactic call rewrite?-noop-regression-linear ran for 0.007 secs (0.007u,0.s) (success)
Tactic call abstract+rewrite!-regression-quadratic ran for 1.808 secs (1.807u,0.s) (success)
Tactic call close-abstract+rewrite!-regression-quadratic ran for 0.684 secs (0.684u,0.s)
Params: n= 290
Tactic call rewrite!-regression-quadratic ran for 1.179 secs (1.179u,0.s) (success)
Tactic call rewrite?-noop-regression-linear ran for 0.005 secs (0.005u,0.s) (success)
Tactic call abstract+rewrite!-regression-quadratic ran for 1.888 secs (1.888u,0.s) (success)
Tactic call close-abstract+rewrite!-regression-quadratic ran for 0.701 secs (0.701u,0.s)
Params: n= 310
Tactic call rewrite!-regression-quadratic ran for 1.357 secs (1.357u,0.s) (success)
Tactic call rewrite?-noop-regression-linear ran for 0.006 secs (0.006u,0.s) (success)
Tactic call abstract+rewrite!-regression-quadratic ran for 2.208 secs (2.208u,0.s) (success)
Tactic call close-abstract+rewrite!-regression-quadratic ran for 0.843 secs (0.843u,0.s)
Params: n= 320
Tactic call rewrite!-regression-quadratic ran for 1.507 secs (1.507u,0.s) (success)
Tactic call rewrite?-noop-regression-linear ran for 0.006 secs (0.006u,0.s) (success)
Tactic call abstract+rewrite!-regression-quadratic ran for 2.374 secs (2.373u,0.s) (success)
Tactic call close-abstract+rewrite!-regression-quadratic ran for 0.858 secs (0.858u,0.s)
Params: n= 330
Tactic call rewrite!-regression-quadratic ran for 1.574 secs (1.566u,0.007s) (success)
Tactic call rewrite?-noop-regression-linear ran for 0.007 secs (0.007u,0.s) (success)
Tactic call abstract+rewrite!-regression-quadratic ran for 2.489 secs (2.481u,0.007s) (success)
Tactic call close-abstract+rewrite!-regression-quadratic ran for 0.905 secs (0.904u,0.s)
Params: n= 340
Tactic call rewrite!-regression-quadratic ran for 1.676 secs (1.675u,0.s) (success)
Tactic call rewrite?-noop-regression-linear ran for 0.007 secs (0.007u,0.s) (success)
Tactic call abstract+rewrite!-regression-quadratic ran for 2.721 secs (2.72u,0.s) (success)
Tactic call close-abstract+rewrite!-regression-quadratic ran for 1.035 secs (1.035u,0.s)
Params: n= 360
Tactic call rewrite!-regression-quadratic ran for 1.897 secs (1.896u,0.s) (success)
Tactic call rewrite?-noop-regression-linear ran for 0.01 secs (0.01u,0.s) (success)
Tactic call abstract+rewrite!-regression-quadratic ran for 2.99 secs (2.99u,0.s) (success)
Tactic call close-abstract+rewrite!-regression-quadratic ran for 1.081 secs (1.081u,0.s)
Params: n= 370
Tactic call rewrite!-regression-quadratic ran for 2.024 secs (2.023u,0.s) (success)
Tactic call rewrite?-noop-regression-linear ran for 0.008 secs (0.003u,0.s) (success)
Tactic call abstract+rewrite!-regression-quadratic ran for 3.248 secs (3.247u,0.s) (success)
Tactic call close-abstract+rewrite!-regression-quadratic ran for 1.213 secs (1.219u,0.s)
Params: n= 380
Tactic call rewrite!-regression-quadratic ran for 2.157 secs (2.157u,0.s) (success)
Tactic call rewrite?-noop-regression-linear ran for 0.008 secs (0.008u,0.s) (success)
Tactic call abstract+rewrite!-regression-quadratic ran for 3.374 secs (3.373u,0.s) (success)
Tactic call close-abstract+rewrite!-regression-quadratic ran for 1.206 secs (1.205u,0.s)
Params: n= 390
Tactic call rewrite!-regression-quadratic ran for 2.265 secs (2.265u,0.s) (success)
Tactic call rewrite?-noop-regression-linear ran for 0.011 secs (0.011u,0.s) (success)
Tactic call abstract+rewrite!-regression-quadratic ran for 3.561 secs (3.56u,0.s) (success)
Tactic call close-abstract+rewrite!-regression-quadratic ran for 1.282 secs (1.282u,0.s)
