Params: n= 50
Tactic call rewrite!-regression-quadratic ran for 0.11 secs (0.062u,0.047s) (success)
Tactic call rewrite?-noop-regression-linear ran for 0. secs (0.u,0.s) (success)
Tactic call abstract+rewrite!-regression-quadratic ran for 0.134 secs (0.086u,0.048s) (success)
Tactic call close-abstract+rewrite!-regression-quadratic ran for 0.022 secs (0.022u,0.s)
Params: n= 100
Tactic call rewrite!-regression-quadratic ran for 0.127 secs (0.127u,0.s) (success)
Tactic call rewrite?-noop-regression-linear ran for 0.001 secs (0.001u,0.s) (success)
Tactic call abstract+rewrite!-regression-quadratic ran for 0.241 secs (0.241u,0.s) (success)
Tactic call close-abstract+rewrite!-regression-quadratic ran for 0.112 secs (0.112u,0.s)
Params: n= 150
Tactic call rewrite!-regression-quadratic ran for 0.331 secs (0.327u,0.004s) (success)
Tactic call rewrite?-noop-regression-linear ran for 0.002 secs (0.001u,0.s) (success)
Tactic call abstract+rewrite!-regression-quadratic ran for 0.544 secs (0.539u,0.004s) (success)
Tactic call close-abstract+rewrite!-regression-quadratic ran for 0.209 secs (0.209u,0.s)
Params: n= 200
Tactic call rewrite!-regression-quadratic ran for 0.563 secs (0.559u,0.003s) (success)
Tactic call rewrite?-noop-regression-linear ran for 0.003 secs (0.003u,0.s) (success)
Tactic call abstract+rewrite!-regression-quadratic ran for 0.965 secs (0.961u,0.003s) (success)
Tactic call close-abstract+rewrite!-regression-quadratic ran for 0.398 secs (0.397u,0.s)
Params: n= 250
Tactic call rewrite!-regression-quadratic ran for 0.889 secs (0.885u,0.004s) (success)
Tactic call rewrite?-noop-regression-linear ran for 0.005 secs (0.005u,0.s) (success)
Tactic call abstract+rewrite!-regression-quadratic ran for 1.445 secs (1.432u,0.012s) (success)
Tactic call close-abstract+rewrite!-regression-quadratic ran for 0.549 secs (0.54u,0.008s)
Params: n= 300
Tactic call rewrite!-regression-quadratic ran for 1.332 secs (1.328u,0.004s) (success)
Tactic call rewrite?-noop-regression-linear ran for 0.008 secs (0.008u,0.s) (success)
Tactic call abstract+rewrite!-regression-quadratic ran for 2.253 secs (2.245u,0.007s) (success)
Tactic call close-abstract+rewrite!-regression-quadratic ran for 0.912 secs (0.908u,0.003s)
Params: n= 350
Tactic call rewrite!-regression-quadratic ran for 1.971 secs (1.967u,0.003s) (success)
Tactic call rewrite?-noop-regression-linear ran for 0.007 secs (0.007u,0.s) (success)
Tactic call abstract+rewrite!-regression-quadratic ran for 3.093 secs (3.076u,0.015s) (success)
Tactic call close-abstract+rewrite!-regression-quadratic ran for 1.113 secs (1.1u,0.012s)
Params: n= 400
Tactic call rewrite!-regression-quadratic ran for 2.595 secs (2.593u,0.s) (success)
Tactic call rewrite?-noop-regression-linear ran for 0.01 secs (0.01u,0.s) (success)
Tactic call abstract+rewrite!-regression-quadratic ran for 4.063 secs (4.062u,0.s) (success)
Tactic call close-abstract+rewrite!-regression-quadratic ran for 1.457 secs (1.457u,0.s)
