Params: n= 10
Tactic call repeat-rewrite_strat-topdown-regression-cubic ran for 0.157 secs (0.121u,0.036s) (success)
Tactic call noop-repeat-rewrite_strat-topdown-regression-cubic ran for 0.005 secs (0.004u,0.s) (success)
Tactic call abstract+repeat-rewrite_strat-topdown-regression-cubic ran for 0.168 secs (0.131u,0.036s) (success)
Tactic call close-abstract+repeat-rewrite_strat-topdown-regression-quadratic ran for 0.004 secs (0.005u,0.s)
Params: n= 20
Tactic call repeat-rewrite_strat-topdown-regression-cubic ran for 0.503 secs (0.503u,0.s) (success)
Tactic call noop-repeat-rewrite_strat-topdown-regression-cubic ran for 0.014 secs (0.014u,0.s) (success)
Tactic call abstract+repeat-rewrite_strat-topdown-regression-cubic ran for 0.53 secs (0.53u,0.s) (success)
Tactic call close-abstract+repeat-rewrite_strat-topdown-regression-quadratic ran for 0.011 secs (0.011u,0.s)
Params: n= 30
Tactic call repeat-rewrite_strat-topdown-regression-cubic ran for 1.829 secs (1.829u,0.s) (success)
Tactic call noop-repeat-rewrite_strat-topdown-regression-cubic ran for 0.039 secs (0.039u,0.s) (success)
Tactic call abstract+repeat-rewrite_strat-topdown-regression-cubic ran for 1.891 secs (1.891u,0.s) (success)
Tactic call close-abstract+repeat-rewrite_strat-topdown-regression-quadratic ran for 0.022 secs (0.022u,0.s)
Params: n= 40
Tactic call repeat-rewrite_strat-topdown-regression-cubic ran for 4.984 secs (4.983u,0.s) (success)
Tactic call noop-repeat-rewrite_strat-topdown-regression-cubic ran for 0.076 secs (0.076u,0.s) (success)
Tactic call abstract+repeat-rewrite_strat-topdown-regression-cubic ran for 5.1 secs (5.099u,0.s) (success)
Tactic call close-abstract+repeat-rewrite_strat-topdown-regression-quadratic ran for 0.038 secs (0.038u,0.s)
