Params: n= 50
Tactic call rewrite_strat-topdown ran for 0.041 secs (0.036u,0.008s) (success)
Tactic call rewrite_strat-topdown-noop ran for 0.001 secs (0.u,0.s) (success)
Tactic call abstract+rewrite_strat-topdown ran for 0.119 secs (0.106u,0.016s) (success)
Tactic call close-abstract+rewrite_strat-topdown ran for 0.076 secs (0.068u,0.008s)
Params: n= 100
Tactic call rewrite_strat-topdown ran for 0.113 secs (0.113u,0.s) (success)
Tactic call rewrite_strat-topdown-noop ran for 0.001 secs (0.001u,0.s) (success)
Tactic call abstract+rewrite_strat-topdown ran for 0.206 secs (0.205u,0.s) (success)
Tactic call close-abstract+rewrite_strat-topdown ran for 0.091 secs (0.091u,0.s)
Params: n= 150
Tactic call rewrite_strat-topdown ran for 0.292 secs (0.289u,0.002s) (success)
Tactic call rewrite_strat-topdown-noop ran for 0.002 secs (0.002u,0.s) (success)
Tactic call abstract+rewrite_strat-topdown ran for 0.515 secs (0.512u,0.002s) (success)
Tactic call close-abstract+rewrite_strat-topdown ran for 0.219 secs (0.219u,0.s)
Params: n= 200
Tactic call rewrite_strat-topdown ran for 0.479 secs (0.475u,0.003s) (success)
Tactic call rewrite_strat-topdown-noop ran for 0.004 secs (0.004u,0.s) (success)
Tactic call abstract+rewrite_strat-topdown ran for 0.857 secs (0.853u,0.003s) (success)
Tactic call close-abstract+rewrite_strat-topdown ran for 0.373 secs (0.373u,0.s)
Params: n= 250
Tactic call rewrite_strat-topdown ran for 0.699 secs (0.699u,0.s) (success)
Tactic call rewrite_strat-topdown-noop ran for 0.005 secs (0.005u,0.s) (success)
Tactic call abstract+rewrite_strat-topdown ran for 1.229 secs (1.22u,0.008s) (success)
Tactic call close-abstract+rewrite_strat-topdown ran for 0.523 secs (0.514u,0.008s)
Params: n= 300
Tactic call rewrite_strat-topdown ran for 1.1 secs (1.084u,0.015s) (success)
Tactic call rewrite_strat-topdown-noop ran for 0.007 secs (0.007u,0.s) (success)
Tactic call abstract+rewrite_strat-topdown ran for 1.872 secs (1.852u,0.019s) (success)
Tactic call close-abstract+rewrite_strat-topdown ran for 0.763 secs (0.759u,0.003s)
Params: n= 350
Tactic call rewrite_strat-topdown ran for 1.625 secs (1.609u,0.016s) (success)
Tactic call rewrite_strat-topdown-noop ran for 0.016 secs (0.016u,0.s) (success)
Tactic call abstract+rewrite_strat-topdown ran for 2.635 secs (2.61u,0.024s) (success)
Tactic call close-abstract+rewrite_strat-topdown ran for 0.992 secs (0.983u,0.008s)
Params: n= 400
Tactic call rewrite_strat-topdown ran for 2.253 secs (2.221u,0.032s) (success)
Tactic call rewrite_strat-topdown-noop ran for 0.013 secs (0.013u,0.s) (success)
Tactic call abstract+rewrite_strat-topdown ran for 3.602 secs (3.57u,0.032s) (success)
Tactic call close-abstract+rewrite_strat-topdown ran for 1.328 secs (1.328u,0.s)
