Params: n= 4
Tactic call rewrite_strat-bottomup ran for 0.002 secs (0.001u,0.s) (success)
Tactic call rewrite_strat-bottomup-noop ran for 0. secs (0.u,0.s) (success)
Tactic call abstract+rewrite_strat-bottomup ran for 0.003 secs (0.003u,0.s) (success)
Tactic call close-abstract+rewrite_strat-bottomup ran for 0.001 secs (0.001u,0.s)
Params: n= 5
Tactic call rewrite_strat-bottomup ran for 0.003 secs (0.003u,0.s) (success)
Tactic call rewrite_strat-bottomup-noop ran for 0. secs (0.u,0.s) (success)
Tactic call abstract+rewrite_strat-bottomup ran for 0.004 secs (0.004u,0.s) (success)
Tactic call close-abstract+rewrite_strat-bottomup ran for 0.001 secs (0.001u,0.s)
Params: n= 6
Tactic call rewrite_strat-bottomup ran for 0.005 secs (0.002u,0.003s) (success)
Tactic call rewrite_strat-bottomup-noop ran for 0. secs (0.u,0.s) (success)
Tactic call abstract+rewrite_strat-bottomup ran for 0.007 secs (0.003u,0.003s) (success)
Tactic call close-abstract+rewrite_strat-bottomup ran for 0. secs (0.u,0.s)
Params: n= 7
Tactic call rewrite_strat-bottomup ran for 0.004 secs (0.004u,0.s) (success)
Tactic call rewrite_strat-bottomup-noop ran for 0. secs (0.u,0.s) (success)
Tactic call abstract+rewrite_strat-bottomup ran for 0.007 secs (0.006u,0.s) (success)
Tactic call close-abstract+rewrite_strat-bottomup ran for 0.001 secs (0.001u,0.s)
Params: n= 8
Tactic call rewrite_strat-bottomup ran for 0.005 secs (0.002u,0.003s) (success)
Tactic call rewrite_strat-bottomup-noop ran for 0. secs (0.u,0.s) (success)
Tactic call abstract+rewrite_strat-bottomup ran for 0.007 secs (0.003u,0.003s) (success)
Tactic call close-abstract+rewrite_strat-bottomup ran for 0.001 secs (0.001u,0.s)
Params: n= 9
Tactic call rewrite_strat-bottomup ran for 0.006 secs (0.002u,0.003s) (success)
Tactic call rewrite_strat-bottomup-noop ran for 0. secs (0.u,0.s) (success)
Tactic call abstract+rewrite_strat-bottomup ran for 0.008 secs (0.004u,0.004s) (success)
Tactic call close-abstract+rewrite_strat-bottomup ran for 0.002 secs (0.001u,0.s)
Params: n= 10
Tactic call rewrite_strat-bottomup ran for 0.006 secs (0.006u,0.s) (success)
Tactic call rewrite_strat-bottomup-noop ran for 0. secs (0.u,0.s) (success)
Tactic call abstract+rewrite_strat-bottomup ran for 0.01 secs (0.01u,0.s) (success)
Tactic call close-abstract+rewrite_strat-bottomup ran for 0.002 secs (0.002u,0.s)
Params: n= 11
Tactic call rewrite_strat-bottomup ran for 0.06 secs (0.057u,0.003s) (success)
Tactic call rewrite_strat-bottomup-noop ran for 0. secs (0.u,0.s) (success)
Tactic call abstract+rewrite_strat-bottomup ran for 0.063 secs (0.059u,0.003s) (success)
Tactic call close-abstract+rewrite_strat-bottomup ran for 0.002 secs (0.002u,0.s)
Params: n= 12
Tactic call rewrite_strat-bottomup ran for 0.006 secs (0.006u,0.s) (success)
Tactic call rewrite_strat-bottomup-noop ran for 0. secs (0.u,0.s) (success)
Tactic call abstract+rewrite_strat-bottomup ran for 0.009 secs (0.009u,0.s) (success)
Tactic call close-abstract+rewrite_strat-bottomup ran for 0.002 secs (0.002u,0.s)
Params: n= 13
Tactic call rewrite_strat-bottomup ran for 0.006 secs (0.006u,0.s) (success)
Tactic call rewrite_strat-bottomup-noop ran for 0. secs (0.u,0.s) (success)
Tactic call abstract+rewrite_strat-bottomup ran for 0.009 secs (0.009u,0.s) (success)
Tactic call close-abstract+rewrite_strat-bottomup ran for 0.002 secs (0.002u,0.s)
Params: n= 14
Tactic call rewrite_strat-bottomup ran for 0.007 secs (0.007u,0.s) (success)
Tactic call rewrite_strat-bottomup-noop ran for 0. secs (0.u,0.s) (success)
Tactic call abstract+rewrite_strat-bottomup ran for 0.01 secs (0.01u,0.s) (success)
Tactic call close-abstract+rewrite_strat-bottomup ran for 0.002 secs (0.002u,0.s)
Params: n= 15
Tactic call rewrite_strat-bottomup ran for 0.008 secs (0.008u,0.s) (success)
Tactic call rewrite_strat-bottomup-noop ran for 0. secs (0.u,0.s) (success)
Tactic call abstract+rewrite_strat-bottomup ran for 0.011 secs (0.011u,0.s) (success)
Tactic call close-abstract+rewrite_strat-bottomup ran for 0.003 secs (0.003u,0.s)
Params: n= 16
Tactic call rewrite_strat-bottomup ran for 0.008 secs (0.008u,0.s) (success)
Tactic call rewrite_strat-bottomup-noop ran for 0. secs (0.u,0.s) (success)
Tactic call abstract+rewrite_strat-bottomup ran for 0.012 secs (0.012u,0.s) (success)
Tactic call close-abstract+rewrite_strat-bottomup ran for 0.003 secs (0.003u,0.s)
Params: n= 17
Tactic call rewrite_strat-bottomup ran for 0.011 secs (0.011u,0.s) (success)
Tactic call rewrite_strat-bottomup-noop ran for 0. secs (0.u,0.s) (success)
Tactic call abstract+rewrite_strat-bottomup ran for 0.016 secs (0.016u,0.s) (success)
Tactic call close-abstract+rewrite_strat-bottomup ran for 0.004 secs (0.004u,0.s)
Params: n= 18
Tactic call rewrite_strat-bottomup ran for 0.01 secs (0.01u,0.s) (success)
Tactic call rewrite_strat-bottomup-noop ran for 0. secs (0.u,0.s) (success)
Tactic call abstract+rewrite_strat-bottomup ran for 0.015 secs (0.015u,0.s) (success)
Tactic call close-abstract+rewrite_strat-bottomup ran for 0.004 secs (0.004u,0.s)
Params: n= 19
Tactic call rewrite_strat-bottomup ran for 0.01 secs (0.01u,0.s) (success)
Tactic call rewrite_strat-bottomup-noop ran for 0. secs (0.u,0.s) (success)
Tactic call abstract+rewrite_strat-bottomup ran for 0.016 secs (0.016u,0.s) (success)
Tactic call close-abstract+rewrite_strat-bottomup ran for 0.004 secs (0.004u,0.s)
Params: n= 20
Tactic call rewrite_strat-bottomup ran for 0.012 secs (0.012u,0.s) (success)
Tactic call rewrite_strat-bottomup-noop ran for 0. secs (0.u,0.s) (success)
Tactic call abstract+rewrite_strat-bottomup ran for 0.018 secs (0.018u,0.s) (success)
Tactic call close-abstract+rewrite_strat-bottomup ran for 0.005 secs (0.005u,0.s)
Params: n= 21
Tactic call rewrite_strat-bottomup ran for 0.013 secs (0.013u,0.s) (success)
Tactic call rewrite_strat-bottomup-noop ran for 0. secs (0.u,0.s) (success)
Tactic call abstract+rewrite_strat-bottomup ran for 0.021 secs (0.021u,0.s) (success)
Tactic call close-abstract+rewrite_strat-bottomup ran for 0.007 secs (0.007u,0.s)
Params: n= 22
Tactic call rewrite_strat-bottomup ran for 0.018 secs (0.018u,0.s) (success)
Tactic call rewrite_strat-bottomup-noop ran for 0. secs (0.u,0.s) (success)
Tactic call abstract+rewrite_strat-bottomup ran for 0.025 secs (0.025u,0.s) (success)
Tactic call close-abstract+rewrite_strat-bottomup ran for 0.006 secs (0.006u,0.s)
Params: n= 23
Tactic call rewrite_strat-bottomup ran for 0.016 secs (0.016u,0.s) (success)
Tactic call rewrite_strat-bottomup-noop ran for 0. secs (0.u,0.s) (success)
Tactic call abstract+rewrite_strat-bottomup ran for 0.023 secs (0.023u,0.s) (success)
Tactic call close-abstract+rewrite_strat-bottomup ran for 0.006 secs (0.006u,0.s)
Params: n= 24
Tactic call rewrite_strat-bottomup ran for 0.017 secs (0.017u,0.s) (success)
Tactic call rewrite_strat-bottomup-noop ran for 0. secs (0.u,0.s) (success)
Tactic call abstract+rewrite_strat-bottomup ran for 0.025 secs (0.025u,0.s) (success)
Tactic call close-abstract+rewrite_strat-bottomup ran for 0.007 secs (0.007u,0.s)
Params: n= 25
Tactic call rewrite_strat-bottomup ran for 0.019 secs (0.019u,0.s) (success)
Tactic call rewrite_strat-bottomup-noop ran for 0. secs (0.u,0.s) (success)
Tactic call abstract+rewrite_strat-bottomup ran for 0.029 secs (0.029u,0.s) (success)
Tactic call close-abstract+rewrite_strat-bottomup ran for 0.008 secs (0.008u,0.s)
Params: n= 26
Tactic call rewrite_strat-bottomup ran for 0.02 secs (0.02u,0.s) (success)
Tactic call rewrite_strat-bottomup-noop ran for 0. secs (0.u,0.s) (success)
Tactic call abstract+rewrite_strat-bottomup ran for 0.032 secs (0.032u,0.s) (success)
Tactic call close-abstract+rewrite_strat-bottomup ran for 0.011 secs (0.011u,0.s)
Params: n= 27
Tactic call rewrite_strat-bottomup ran for 0.022 secs (0.022u,0.s) (success)
Tactic call rewrite_strat-bottomup-noop ran for 0. secs (0.u,0.s) (success)
Tactic call abstract+rewrite_strat-bottomup ran for 0.032 secs (0.032u,0.s) (success)
Tactic call close-abstract+rewrite_strat-bottomup ran for 0.009 secs (0.009u,0.s)
Params: n= 28
Tactic call rewrite_strat-bottomup ran for 0.022 secs (0.022u,0.s) (success)
Tactic call rewrite_strat-bottomup-noop ran for 0. secs (0.u,0.s) (success)
Tactic call abstract+rewrite_strat-bottomup ran for 0.033 secs (0.033u,0.s) (success)
Tactic call close-abstract+rewrite_strat-bottomup ran for 0.009 secs (0.009u,0.s)
Params: n= 29
Tactic call rewrite_strat-bottomup ran for 0.021 secs (0.021u,0.s) (success)
Tactic call rewrite_strat-bottomup-noop ran for 0. secs (0.u,0.s) (success)
Tactic call abstract+rewrite_strat-bottomup ran for 0.034 secs (0.034u,0.s) (success)
Tactic call close-abstract+rewrite_strat-bottomup ran for 0.011 secs (0.011u,0.s)
Params: n= 30
Tactic call rewrite_strat-bottomup ran for 0.023 secs (0.023u,0.s) (success)
Tactic call rewrite_strat-bottomup-noop ran for 0. secs (0.u,0.s) (success)
Tactic call abstract+rewrite_strat-bottomup ran for 0.034 secs (0.034u,0.s) (success)
Tactic call close-abstract+rewrite_strat-bottomup ran for 0.01 secs (0.01u,0.s)
Params: n= 31
Tactic call rewrite_strat-bottomup ran for 0.024 secs (0.024u,0.s) (success)
Tactic call rewrite_strat-bottomup-noop ran for 0. secs (0.u,0.s) (success)
Tactic call abstract+rewrite_strat-bottomup ran for 0.038 secs (0.038u,0.s) (success)
Tactic call close-abstract+rewrite_strat-bottomup ran for 0.013 secs (0.013u,0.s)
Params: n= 32
Tactic call rewrite_strat-bottomup ran for 0.025 secs (0.025u,0.s) (success)
Tactic call rewrite_strat-bottomup-noop ran for 0. secs (0.u,0.s) (success)
Tactic call abstract+rewrite_strat-bottomup ran for 0.038 secs (0.038u,0.s) (success)
Tactic call close-abstract+rewrite_strat-bottomup ran for 0.011 secs (0.011u,0.s)
Params: n= 33
Tactic call rewrite_strat-bottomup ran for 0.026 secs (0.026u,0.s) (success)
Tactic call rewrite_strat-bottomup-noop ran for 0. secs (0.u,0.s) (success)
Tactic call abstract+rewrite_strat-bottomup ran for 0.042 secs (0.042u,0.s) (success)
Tactic call close-abstract+rewrite_strat-bottomup ran for 0.014 secs (0.014u,0.s)
Params: n= 34
Tactic call rewrite_strat-bottomup ran for 0.03 secs (0.029u,0.s) (success)
Tactic call rewrite_strat-bottomup-noop ran for 0. secs (0.u,0.s) (success)
Tactic call abstract+rewrite_strat-bottomup ran for 0.044 secs (0.044u,0.s) (success)
Tactic call close-abstract+rewrite_strat-bottomup ran for 0.013 secs (0.013u,0.s)
Params: n= 35
Tactic call rewrite_strat-bottomup ran for 0.031 secs (0.031u,0.s) (success)
Tactic call rewrite_strat-bottomup-noop ran for 0. secs (0.u,0.s) (success)
Tactic call abstract+rewrite_strat-bottomup ran for 0.046 secs (0.046u,0.s) (success)
Tactic call close-abstract+rewrite_strat-bottomup ran for 0.014 secs (0.014u,0.s)
Params: n= 36
Tactic call rewrite_strat-bottomup ran for 0.03 secs (0.03u,0.s) (success)
Tactic call rewrite_strat-bottomup-noop ran for 0. secs (0.u,0.s) (success)
Tactic call abstract+rewrite_strat-bottomup ran for 0.047 secs (0.047u,0.s) (success)
Tactic call close-abstract+rewrite_strat-bottomup ran for 0.015 secs (0.015u,0.s)
Params: n= 37
Tactic call rewrite_strat-bottomup ran for 0.035 secs (0.035u,0.s) (success)
Tactic call rewrite_strat-bottomup-noop ran for 0. secs (0.u,0.s) (success)
Tactic call abstract+rewrite_strat-bottomup ran for 0.051 secs (0.051u,0.s) (success)
Tactic call close-abstract+rewrite_strat-bottomup ran for 0.015 secs (0.015u,0.s)
Params: n= 38
Tactic call rewrite_strat-bottomup ran for 0.035 secs (0.035u,0.s) (success)
Tactic call rewrite_strat-bottomup-noop ran for 0. secs (0.u,0.s) (success)
Tactic call abstract+rewrite_strat-bottomup ran for 0.052 secs (0.052u,0.s) (success)
Tactic call close-abstract+rewrite_strat-bottomup ran for 0.016 secs (0.016u,0.s)
Params: n= 39
Tactic call rewrite_strat-bottomup ran for 0.034 secs (0.034u,0.s) (success)
Tactic call rewrite_strat-bottomup-noop ran for 0. secs (0.u,0.s) (success)
Tactic call abstract+rewrite_strat-bottomup ran for 0.053 secs (0.053u,0.s) (success)
Tactic call close-abstract+rewrite_strat-bottomup ran for 0.017 secs (0.017u,0.s)
Params: n= 40
Tactic call rewrite_strat-bottomup ran for 0.037 secs (0.037u,0.s) (success)
Tactic call rewrite_strat-bottomup-noop ran for 0. secs (0.u,0.s) (success)
Tactic call abstract+rewrite_strat-bottomup ran for 0.056 secs (0.056u,0.s) (success)
Tactic call close-abstract+rewrite_strat-bottomup ran for 0.018 secs (0.018u,0.s)
Params: n= 41
Tactic call rewrite_strat-bottomup ran for 0.039 secs (0.039u,0.s) (success)
Tactic call rewrite_strat-bottomup-noop ran for 0. secs (0.u,0.s) (success)
Tactic call abstract+rewrite_strat-bottomup ran for 0.064 secs (0.064u,0.s) (success)
Tactic call close-abstract+rewrite_strat-bottomup ran for 0.024 secs (0.024u,0.s)
Params: n= 42
Tactic call rewrite_strat-bottomup ran for 0.047 secs (0.047u,0.s) (success)
Tactic call rewrite_strat-bottomup-noop ran for 0. secs (0.u,0.s) (success)
Tactic call abstract+rewrite_strat-bottomup ran for 0.067 secs (0.067u,0.s) (success)
Tactic call close-abstract+rewrite_strat-bottomup ran for 0.019 secs (0.019u,0.s)
Params: n= 43
Tactic call rewrite_strat-bottomup ran for 0.045 secs (0.045u,0.s) (success)
Tactic call rewrite_strat-bottomup-noop ran for 0. secs (0.u,0.s) (success)
Tactic call abstract+rewrite_strat-bottomup ran for 0.067 secs (0.067u,0.s) (success)
Tactic call close-abstract+rewrite_strat-bottomup ran for 0.02 secs (0.02u,0.s)
Params: n= 44
Tactic call rewrite_strat-bottomup ran for 0.045 secs (0.045u,0.s) (success)
Tactic call rewrite_strat-bottomup-noop ran for 0. secs (0.u,0.s) (success)
Tactic call abstract+rewrite_strat-bottomup ran for 0.069 secs (0.069u,0.s) (success)
Tactic call close-abstract+rewrite_strat-bottomup ran for 0.022 secs (0.022u,0.s)
Params: n= 45
Tactic call rewrite_strat-bottomup ran for 0.046 secs (0.046u,0.s) (success)
Tactic call rewrite_strat-bottomup-noop ran for 0. secs (0.u,0.s) (success)
Tactic call abstract+rewrite_strat-bottomup ran for 0.071 secs (0.071u,0.s) (success)
Tactic call close-abstract+rewrite_strat-bottomup ran for 0.024 secs (0.024u,0.s)
Params: n= 46
Tactic call rewrite_strat-bottomup ran for 0.047 secs (0.047u,0.s) (success)
Tactic call rewrite_strat-bottomup-noop ran for 0. secs (0.u,0.s) (success)
Tactic call abstract+rewrite_strat-bottomup ran for 0.073 secs (0.073u,0.s) (success)
Tactic call close-abstract+rewrite_strat-bottomup ran for 0.025 secs (0.025u,0.s)
Params: n= 47
Tactic call rewrite_strat-bottomup ran for 0.048 secs (0.048u,0.s) (success)
Tactic call rewrite_strat-bottomup-noop ran for 0. secs (0.u,0.s) (success)
Tactic call abstract+rewrite_strat-bottomup ran for 0.078 secs (0.078u,0.s) (success)
Tactic call close-abstract+rewrite_strat-bottomup ran for 0.028 secs (0.028u,0.s)
Params: n= 48
Tactic call rewrite_strat-bottomup ran for 0.05 secs (0.05u,0.s) (success)
Tactic call rewrite_strat-bottomup-noop ran for 0. secs (0.u,0.s) (success)
Tactic call abstract+rewrite_strat-bottomup ran for 0.08 secs (0.077u,0.002s) (success)
Tactic call close-abstract+rewrite_strat-bottomup ran for 0.027 secs (0.024u,0.002s)
Params: n= 49
Tactic call rewrite_strat-bottomup ran for 0.056 secs (0.056u,0.s) (success)
Tactic call rewrite_strat-bottomup-noop ran for 0. secs (0.u,0.s) (success)
Tactic call abstract+rewrite_strat-bottomup ran for 0.086 secs (0.086u,0.s) (success)
Tactic call close-abstract+rewrite_strat-bottomup ran for 0.028 secs (0.028u,0.s)
Params: n= 51
Tactic call rewrite_strat-bottomup ran for 0.057 secs (0.057u,0.s) (success)
Tactic call rewrite_strat-bottomup-noop ran for 0. secs (0.u,0.s) (success)
Tactic call abstract+rewrite_strat-bottomup ran for 0.087 secs (0.087u,0.s) (success)
Tactic call close-abstract+rewrite_strat-bottomup ran for 0.028 secs (0.028u,0.s)
Params: n= 52
Tactic call rewrite_strat-bottomup ran for 0.062 secs (0.062u,0.s) (success)
Tactic call rewrite_strat-bottomup-noop ran for 0. secs (0.u,0.s) (success)
Tactic call abstract+rewrite_strat-bottomup ran for 0.095 secs (0.095u,0.s) (success)
Tactic call close-abstract+rewrite_strat-bottomup ran for 0.031 secs (0.031u,0.s)
Params: n= 53
Tactic call rewrite_strat-bottomup ran for 0.062 secs (0.062u,0.s) (success)
Tactic call rewrite_strat-bottomup-noop ran for 0. secs (0.u,0.s) (success)
Tactic call abstract+rewrite_strat-bottomup ran for 0.094 secs (0.094u,0.s) (success)
Tactic call close-abstract+rewrite_strat-bottomup ran for 0.03 secs (0.03u,0.s)
Params: n= 54
Tactic call rewrite_strat-bottomup ran for 0.064 secs (0.064u,0.s) (success)
Tactic call rewrite_strat-bottomup-noop ran for 0. secs (0.u,0.s) (success)
Tactic call abstract+rewrite_strat-bottomup ran for 0.098 secs (0.098u,0.s) (success)
Tactic call close-abstract+rewrite_strat-bottomup ran for 0.032 secs (0.032u,0.s)
Params: n= 55
Tactic call rewrite_strat-bottomup ran for 0.073 secs (0.073u,0.s) (success)
Tactic call rewrite_strat-bottomup-noop ran for 0.001 secs (0.001u,0.s) (success)
Tactic call abstract+rewrite_strat-bottomup ran for 0.111 secs (0.111u,0.s) (success)
Tactic call close-abstract+rewrite_strat-bottomup ran for 0.035 secs (0.035u,0.s)
Params: n= 56
Tactic call rewrite_strat-bottomup ran for 0.076 secs (0.076u,0.s) (success)
Tactic call rewrite_strat-bottomup-noop ran for 0. secs (0.u,0.s) (success)
Tactic call abstract+rewrite_strat-bottomup ran for 0.112 secs (0.111u,0.s) (success)
Tactic call close-abstract+rewrite_strat-bottomup ran for 0.034 secs (0.034u,0.s)
Params: n= 57
Tactic call rewrite_strat-bottomup ran for 0.07 secs (0.07u,0.s) (success)
Tactic call rewrite_strat-bottomup-noop ran for 0. secs (0.u,0.s) (success)
Tactic call abstract+rewrite_strat-bottomup ran for 0.112 secs (0.112u,0.s) (success)
Tactic call close-abstract+rewrite_strat-bottomup ran for 0.037 secs (0.037u,0.s)
Params: n= 58
Tactic call rewrite_strat-bottomup ran for 0.075 secs (0.075u,0.s) (success)
Tactic call rewrite_strat-bottomup-noop ran for 0. secs (0.u,0.s) (success)
Tactic call abstract+rewrite_strat-bottomup ran for 0.111 secs (0.111u,0.s) (success)
Tactic call close-abstract+rewrite_strat-bottomup ran for 0.034 secs (0.034u,0.s)
Params: n= 59
Tactic call rewrite_strat-bottomup ran for 0.073 secs (0.073u,0.s) (success)
Tactic call rewrite_strat-bottomup-noop ran for 0. secs (0.u,0.s) (success)
Tactic call abstract+rewrite_strat-bottomup ran for 0.113 secs (0.113u,0.s) (success)
Tactic call close-abstract+rewrite_strat-bottomup ran for 0.038 secs (0.038u,0.s)
Params: n= 60
Tactic call rewrite_strat-bottomup ran for 0.076 secs (0.076u,0.s) (success)
Tactic call rewrite_strat-bottomup-noop ran for 0. secs (0.u,0.s) (success)
Tactic call abstract+rewrite_strat-bottomup ran for 0.115 secs (0.115u,0.s) (success)
Tactic call close-abstract+rewrite_strat-bottomup ran for 0.037 secs (0.037u,0.s)
Params: n= 61
Tactic call rewrite_strat-bottomup ran for 0.085 secs (0.085u,0.s) (success)
Tactic call rewrite_strat-bottomup-noop ran for 0. secs (0.u,0.s) (success)
Tactic call abstract+rewrite_strat-bottomup ran for 0.127 secs (0.127u,0.s) (success)
Tactic call close-abstract+rewrite_strat-bottomup ran for 0.04 secs (0.04u,0.s)
Params: n= 62
Tactic call rewrite_strat-bottomup ran for 0.087 secs (0.087u,0.s) (success)
Tactic call rewrite_strat-bottomup-noop ran for 0. secs (0.u,0.s) (success)
Tactic call abstract+rewrite_strat-bottomup ran for 0.131 secs (0.131u,0.s) (success)
Tactic call close-abstract+rewrite_strat-bottomup ran for 0.042 secs (0.042u,0.s)
Params: n= 63
Tactic call rewrite_strat-bottomup ran for 0.091 secs (0.091u,0.s) (success)
Tactic call rewrite_strat-bottomup-noop ran for 0. secs (0.u,0.s) (success)
Tactic call abstract+rewrite_strat-bottomup ran for 0.135 secs (0.135u,0.s) (success)
Tactic call close-abstract+rewrite_strat-bottomup ran for 0.042 secs (0.042u,0.s)
Params: n= 64
Tactic call rewrite_strat-bottomup ran for 0.087 secs (0.087u,0.s) (success)
Tactic call rewrite_strat-bottomup-noop ran for 0. secs (0.u,0.s) (success)
Tactic call abstract+rewrite_strat-bottomup ran for 0.132 secs (0.132u,0.s) (success)
Tactic call close-abstract+rewrite_strat-bottomup ran for 0.042 secs (0.042u,0.s)
Params: n= 65
Tactic call rewrite_strat-bottomup ran for 0.088 secs (0.088u,0.s) (success)
Tactic call rewrite_strat-bottomup-noop ran for 0. secs (0.u,0.s) (success)
Tactic call abstract+rewrite_strat-bottomup ran for 0.138 secs (0.138u,0.s) (success)
Tactic call close-abstract+rewrite_strat-bottomup ran for 0.048 secs (0.048u,0.s)
Params: n= 66
Tactic call rewrite_strat-bottomup ran for 0.091 secs (0.091u,0.s) (success)
Tactic call rewrite_strat-bottomup-noop ran for 0. secs (0.u,0.s) (success)
Tactic call abstract+rewrite_strat-bottomup ran for 0.141 secs (0.141u,0.s) (success)
Tactic call close-abstract+rewrite_strat-bottomup ran for 0.048 secs (0.048u,0.s)
Params: n= 67
Tactic call rewrite_strat-bottomup ran for 0.092 secs (0.092u,0.s) (success)
Tactic call rewrite_strat-bottomup-noop ran for 0. secs (0.u,0.s) (success)
Tactic call abstract+rewrite_strat-bottomup ran for 0.145 secs (0.145u,0.s) (success)
Tactic call close-abstract+rewrite_strat-bottomup ran for 0.051 secs (0.051u,0.s)
Params: n= 68
Tactic call rewrite_strat-bottomup ran for 0.1 secs (0.1u,0.s) (success)
Tactic call rewrite_strat-bottomup-noop ran for 0. secs (0.u,0.s) (success)
Tactic call abstract+rewrite_strat-bottomup ran for 0.155 secs (0.155u,0.s) (success)
Tactic call close-abstract+rewrite_strat-bottomup ran for 0.053 secs (0.053u,0.s)
Params: n= 69
Tactic call rewrite_strat-bottomup ran for 0.109 secs (0.109u,0.s) (success)
Tactic call rewrite_strat-bottomup-noop ran for 0. secs (0.u,0.s) (success)
Tactic call abstract+rewrite_strat-bottomup ran for 0.171 secs (0.171u,0.s) (success)
Tactic call close-abstract+rewrite_strat-bottomup ran for 0.06 secs (0.06u,0.s)
Params: n= 70
Tactic call rewrite_strat-bottomup ran for 0.106 secs (0.106u,0.s) (success)
Tactic call rewrite_strat-bottomup-noop ran for 0. secs (0.u,0.s) (success)
Tactic call abstract+rewrite_strat-bottomup ran for 0.167 secs (0.166u,0.s) (success)
Tactic call close-abstract+rewrite_strat-bottomup ran for 0.057 secs (0.057u,0.s)
Params: n= 71
Tactic call rewrite_strat-bottomup ran for 0.102 secs (0.102u,0.s) (success)
Tactic call rewrite_strat-bottomup-noop ran for 0. secs (0.u,0.s) (success)
Tactic call abstract+rewrite_strat-bottomup ran for 0.173 secs (0.173u,0.s) (success)
Tactic call close-abstract+rewrite_strat-bottomup ran for 0.068 secs (0.068u,0.s)
Params: n= 72
Tactic call rewrite_strat-bottomup ran for 0.114 secs (0.114u,0.s) (success)
Tactic call rewrite_strat-bottomup-noop ran for 0. secs (0.u,0.s) (success)
Tactic call abstract+rewrite_strat-bottomup ran for 0.172 secs (0.172u,0.s) (success)
Tactic call close-abstract+rewrite_strat-bottomup ran for 0.056 secs (0.056u,0.s)
Params: n= 73
Tactic call rewrite_strat-bottomup ran for 0.122 secs (0.122u,0.s) (success)
Tactic call rewrite_strat-bottomup-noop ran for 0.001 secs (0.001u,0.s) (success)
Tactic call abstract+rewrite_strat-bottomup ran for 0.18 secs (0.18u,0.s) (success)
Tactic call close-abstract+rewrite_strat-bottomup ran for 0.056 secs (0.056u,0.s)
Params: n= 74
Tactic call rewrite_strat-bottomup ran for 0.117 secs (0.117u,0.s) (success)
Tactic call rewrite_strat-bottomup-noop ran for 0. secs (0.u,0.s) (success)
Tactic call abstract+rewrite_strat-bottomup ran for 0.178 secs (0.178u,0.s) (success)
Tactic call close-abstract+rewrite_strat-bottomup ran for 0.059 secs (0.059u,0.s)
Params: n= 75
Tactic call rewrite_strat-bottomup ran for 0.124 secs (0.124u,0.s) (success)
Tactic call rewrite_strat-bottomup-noop ran for 0. secs (0.u,0.s) (success)
Tactic call abstract+rewrite_strat-bottomup ran for 0.19 secs (0.19u,0.s) (success)
Tactic call close-abstract+rewrite_strat-bottomup ran for 0.063 secs (0.063u,0.s)
Params: n= 76
Tactic call rewrite_strat-bottomup ran for 0.139 secs (0.139u,0.s) (success)
Tactic call rewrite_strat-bottomup-noop ran for 0.003 secs (0.003u,0.s) (success)
Tactic call abstract+rewrite_strat-bottomup ran for 0.211 secs (0.211u,0.s) (success)
Tactic call close-abstract+rewrite_strat-bottomup ran for 0.066 secs (0.066u,0.s)
Params: n= 77
Tactic call rewrite_strat-bottomup ran for 0.133 secs (0.132u,0.s) (success)
Tactic call rewrite_strat-bottomup-noop ran for 0. secs (0.u,0.s) (success)
Tactic call abstract+rewrite_strat-bottomup ran for 0.214 secs (0.213u,0.s) (success)
Tactic call close-abstract+rewrite_strat-bottomup ran for 0.07 secs (0.07u,0.s)
Params: n= 78
Tactic call rewrite_strat-bottomup ran for 0.125 secs (0.125u,0.s) (success)
Tactic call rewrite_strat-bottomup-noop ran for 0. secs (0.u,0.s) (success)
Tactic call abstract+rewrite_strat-bottomup ran for 0.191 secs (0.191u,0.s) (success)
Tactic call close-abstract+rewrite_strat-bottomup ran for 0.064 secs (0.064u,0.s)
Params: n= 79
Tactic call rewrite_strat-bottomup ran for 0.128 secs (0.128u,0.s) (success)
Tactic call rewrite_strat-bottomup-noop ran for 0. secs (0.u,0.s) (success)
Tactic call abstract+rewrite_strat-bottomup ran for 0.206 secs (0.202u,0.003s) (success)
Tactic call close-abstract+rewrite_strat-bottomup ran for 0.075 secs (0.072u,0.003s)
Params: n= 80
Tactic call rewrite_strat-bottomup ran for 0.149 secs (0.149u,0.s) (success)
Tactic call rewrite_strat-bottomup-noop ran for 0.001 secs (0.001u,0.s) (success)
Tactic call abstract+rewrite_strat-bottomup ran for 0.227 secs (0.226u,0.s) (success)
Tactic call close-abstract+rewrite_strat-bottomup ran for 0.075 secs (0.075u,0.s)
Params: n= 81
Tactic call rewrite_strat-bottomup ran for 0.145 secs (0.145u,0.s) (success)
Tactic call rewrite_strat-bottomup-noop ran for 0.001 secs (0.001u,0.s) (success)
Tactic call abstract+rewrite_strat-bottomup ran for 0.22 secs (0.22u,0.s) (success)
Tactic call close-abstract+rewrite_strat-bottomup ran for 0.072 secs (0.072u,0.s)
Params: n= 82
Tactic call rewrite_strat-bottomup ran for 0.146 secs (0.146u,0.s) (success)
Tactic call rewrite_strat-bottomup-noop ran for 0.001 secs (0.001u,0.s) (success)
Tactic call abstract+rewrite_strat-bottomup ran for 0.22 secs (0.22u,0.s) (success)
Tactic call close-abstract+rewrite_strat-bottomup ran for 0.071 secs (0.071u,0.s)
Params: n= 83
Tactic call rewrite_strat-bottomup ran for 0.156 secs (0.155u,0.s) (success)
Tactic call rewrite_strat-bottomup-noop ran for 0.001 secs (0.001u,0.s) (success)
Tactic call abstract+rewrite_strat-bottomup ran for 0.228 secs (0.227u,0.s) (success)
Tactic call close-abstract+rewrite_strat-bottomup ran for 0.07 secs (0.07u,0.s)
Params: n= 84
Tactic call rewrite_strat-bottomup ran for 0.153 secs (0.153u,0.s) (success)
Tactic call rewrite_strat-bottomup-noop ran for 0.001 secs (0.001u,0.s) (success)
Tactic call abstract+rewrite_strat-bottomup ran for 0.228 secs (0.228u,0.s) (success)
Tactic call close-abstract+rewrite_strat-bottomup ran for 0.072 secs (0.072u,0.s)
Params: n= 85
Tactic call rewrite_strat-bottomup ran for 0.161 secs (0.161u,0.s) (success)
Tactic call rewrite_strat-bottomup-noop ran for 0.001 secs (0.001u,0.s) (success)
Tactic call abstract+rewrite_strat-bottomup ran for 0.237 secs (0.236u,0.s) (success)
Tactic call close-abstract+rewrite_strat-bottomup ran for 0.073 secs (0.073u,0.s)
Params: n= 86
Tactic call rewrite_strat-bottomup ran for 0.156 secs (0.152u,0.003s) (success)
Tactic call rewrite_strat-bottomup-noop ran for 0.001 secs (0.001u,0.s) (success)
Tactic call abstract+rewrite_strat-bottomup ran for 0.24 secs (0.232u,0.007s) (success)
Tactic call close-abstract+rewrite_strat-bottomup ran for 0.081 secs (0.077u,0.004s)
Params: n= 87
Tactic call rewrite_strat-bottomup ran for 0.159 secs (0.155u,0.003s) (success)
Tactic call rewrite_strat-bottomup-noop ran for 0.001 secs (0.001u,0.s) (success)
Tactic call abstract+rewrite_strat-bottomup ran for 0.239 secs (0.235u,0.004s) (success)
Tactic call close-abstract+rewrite_strat-bottomup ran for 0.077 secs (0.077u,0.s)
Params: n= 88
Tactic call rewrite_strat-bottomup ran for 0.164 secs (0.164u,0.s) (success)
Tactic call rewrite_strat-bottomup-noop ran for 0.001 secs (0.001u,0.s) (success)
Tactic call abstract+rewrite_strat-bottomup ran for 0.249 secs (0.249u,0.s) (success)
Tactic call close-abstract+rewrite_strat-bottomup ran for 0.082 secs (0.082u,0.s)
Params: n= 89
Tactic call rewrite_strat-bottomup ran for 0.165 secs (0.165u,0.s) (success)
Tactic call rewrite_strat-bottomup-noop ran for 0.001 secs (0.001u,0.s) (success)
Tactic call abstract+rewrite_strat-bottomup ran for 0.26 secs (0.26u,0.s) (success)
Tactic call close-abstract+rewrite_strat-bottomup ran for 0.092 secs (0.092u,0.s)
Params: n= 90
Tactic call rewrite_strat-bottomup ran for 0.173 secs (0.173u,0.s) (success)
Tactic call rewrite_strat-bottomup-noop ran for 0.001 secs (0.001u,0.s) (success)
Tactic call abstract+rewrite_strat-bottomup ran for 0.259 secs (0.259u,0.s) (success)
Tactic call close-abstract+rewrite_strat-bottomup ran for 0.083 secs (0.083u,0.s)
Params: n= 91
Tactic call rewrite_strat-bottomup ran for 0.168 secs (0.168u,0.s) (success)
Tactic call rewrite_strat-bottomup-noop ran for 0.001 secs (0.001u,0.s) (success)
Tactic call abstract+rewrite_strat-bottomup ran for 0.261 secs (0.261u,0.s) (success)
Tactic call close-abstract+rewrite_strat-bottomup ran for 0.09 secs (0.09u,0.s)
Params: n= 92
Tactic call rewrite_strat-bottomup ran for 0.185 secs (0.185u,0.s) (success)
Tactic call rewrite_strat-bottomup-noop ran for 0.001 secs (0.001u,0.s) (success)
Tactic call abstract+rewrite_strat-bottomup ran for 0.277 secs (0.277u,0.s) (success)
Tactic call close-abstract+rewrite_strat-bottomup ran for 0.089 secs (0.089u,0.s)
Params: n= 93
Tactic call rewrite_strat-bottomup ran for 0.178 secs (0.178u,0.s) (success)
Tactic call rewrite_strat-bottomup-noop ran for 0.001 secs (0.001u,0.s) (success)
Tactic call abstract+rewrite_strat-bottomup ran for 0.269 secs (0.269u,0.s) (success)
Tactic call close-abstract+rewrite_strat-bottomup ran for 0.088 secs (0.088u,0.s)
Params: n= 94
Tactic call rewrite_strat-bottomup ran for 0.197 secs (0.197u,0.s) (success)
Tactic call rewrite_strat-bottomup-noop ran for 0.001 secs (0.001u,0.s) (success)
Tactic call abstract+rewrite_strat-bottomup ran for 0.29 secs (0.29u,0.s) (success)
Tactic call close-abstract+rewrite_strat-bottomup ran for 0.089 secs (0.089u,0.s)
Params: n= 95
Tactic call rewrite_strat-bottomup ran for 0.196 secs (0.196u,0.s) (success)
Tactic call rewrite_strat-bottomup-noop ran for 0.001 secs (0.001u,0.s) (success)
Tactic call abstract+rewrite_strat-bottomup ran for 0.326 secs (0.325u,0.s) (success)
Tactic call close-abstract+rewrite_strat-bottomup ran for 0.127 secs (0.126u,0.s)
Params: n= 96
Tactic call rewrite_strat-bottomup ran for 0.2 secs (0.196u,0.003s) (success)
Tactic call rewrite_strat-bottomup-noop ran for 0.001 secs (0.001u,0.s) (success)
Tactic call abstract+rewrite_strat-bottomup ran for 0.32 secs (0.316u,0.004s) (success)
Tactic call close-abstract+rewrite_strat-bottomup ran for 0.117 secs (0.117u,0.s)
Params: n= 97
Tactic call rewrite_strat-bottomup ran for 0.209 secs (0.205u,0.004s) (success)
Tactic call rewrite_strat-bottomup-noop ran for 0.001 secs (0.001u,0.s) (success)
Tactic call abstract+rewrite_strat-bottomup ran for 0.326 secs (0.321u,0.004s) (success)
Tactic call close-abstract+rewrite_strat-bottomup ran for 0.113 secs (0.113u,0.s)
Params: n= 98
Tactic call rewrite_strat-bottomup ran for 0.204 secs (0.204u,0.s) (success)
Tactic call rewrite_strat-bottomup-noop ran for 0.001 secs (0.001u,0.s) (success)
Tactic call abstract+rewrite_strat-bottomup ran for 0.317 secs (0.317u,0.s) (success)
Tactic call close-abstract+rewrite_strat-bottomup ran for 0.11 secs (0.11u,0.s)
Params: n= 99
Tactic call rewrite_strat-bottomup ran for 0.212 secs (0.208u,0.004s) (success)
Tactic call rewrite_strat-bottomup-noop ran for 0.001 secs (0.001u,0.s) (success)
Tactic call abstract+rewrite_strat-bottomup ran for 0.336 secs (0.332u,0.004s) (success)
Tactic call close-abstract+rewrite_strat-bottomup ran for 0.12 secs (0.12u,0.s)
Params: n= 110
Tactic call rewrite_strat-bottomup ran for 0.262 secs (0.258u,0.004s) (success)
Tactic call rewrite_strat-bottomup-noop ran for 0.001 secs (0.001u,0.s) (success)
Tactic call abstract+rewrite_strat-bottomup ran for 0.409 secs (0.405u,0.004s) (success)
Tactic call close-abstract+rewrite_strat-bottomup ran for 0.144 secs (0.144u,0.s)
Params: n= 120
Tactic call rewrite_strat-bottomup ran for 0.312 secs (0.312u,0.s) (success)
Tactic call rewrite_strat-bottomup-noop ran for 0.001 secs (0.001u,0.s) (success)
Tactic call abstract+rewrite_strat-bottomup ran for 0.476 secs (0.476u,0.s) (success)
Tactic call close-abstract+rewrite_strat-bottomup ran for 0.161 secs (0.161u,0.s)
Params: n= 130
Tactic call rewrite_strat-bottomup ran for 0.355 secs (0.355u,0.s) (success)
Tactic call rewrite_strat-bottomup-noop ran for 0.002 secs (0.002u,0.s) (success)
Tactic call abstract+rewrite_strat-bottomup ran for 0.539 secs (0.539u,0.s) (success)
Tactic call close-abstract+rewrite_strat-bottomup ran for 0.18 secs (0.18u,0.s)
Params: n= 140
Tactic call rewrite_strat-bottomup ran for 0.398 secs (0.398u,0.s) (success)
Tactic call rewrite_strat-bottomup-noop ran for 0.001 secs (0.001u,0.s) (success)
Tactic call abstract+rewrite_strat-bottomup ran for 0.618 secs (0.615u,0.003s) (success)
Tactic call close-abstract+rewrite_strat-bottomup ran for 0.216 secs (0.212u,0.003s)
Params: n= 160
Tactic call rewrite_strat-bottomup ran for 0.537 secs (0.533u,0.004s) (success)
Tactic call rewrite_strat-bottomup-noop ran for 0.002 secs (0.002u,0.s) (success)
Tactic call abstract+rewrite_strat-bottomup ran for 0.822 secs (0.813u,0.008s) (success)
Tactic call close-abstract+rewrite_strat-bottomup ran for 0.28 secs (0.276u,0.003s)
Params: n= 170
Tactic call rewrite_strat-bottomup ran for 0.619 secs (0.619u,0.s) (success)
Tactic call rewrite_strat-bottomup-noop ran for 0.002 secs (0.002u,0.s) (success)
Tactic call abstract+rewrite_strat-bottomup ran for 0.963 secs (0.959u,0.004s) (success)
Tactic call close-abstract+rewrite_strat-bottomup ran for 0.339 secs (0.335u,0.004s)
Params: n= 180
Tactic call rewrite_strat-bottomup ran for 0.686 secs (0.686u,0.s) (success)
Tactic call rewrite_strat-bottomup-noop ran for 0.003 secs (0.003u,0.s) (success)
Tactic call abstract+rewrite_strat-bottomup ran for 1.069 secs (1.069u,0.s) (success)
Tactic call close-abstract+rewrite_strat-bottomup ran for 0.377 secs (0.377u,0.s)
Params: n= 190
Tactic call rewrite_strat-bottomup ran for 0.762 secs (0.762u,0.s) (success)
Tactic call rewrite_strat-bottomup-noop ran for 0.003 secs (0.003u,0.s) (success)
Tactic call abstract+rewrite_strat-bottomup ran for 1.149 secs (1.149u,0.s) (success)
Tactic call close-abstract+rewrite_strat-bottomup ran for 0.382 secs (0.382u,0.s)
Params: n= 210
Tactic call rewrite_strat-bottomup ran for 0.946 secs (0.942u,0.003s) (success)
Tactic call rewrite_strat-bottomup-noop ran for 0.003 secs (0.003u,0.s) (success)
Tactic call abstract+rewrite_strat-bottomup ran for 1.416 secs (1.407u,0.008s) (success)
Tactic call close-abstract+rewrite_strat-bottomup ran for 0.464 secs (0.46u,0.004s)
Params: n= 220
Tactic call rewrite_strat-bottomup ran for 1.023 secs (1.023u,0.s) (success)
Tactic call rewrite_strat-bottomup-noop ran for 0.003 secs (0.003u,0.s) (success)
Tactic call abstract+rewrite_strat-bottomup ran for 1.579 secs (1.579u,0.s) (success)
Tactic call close-abstract+rewrite_strat-bottomup ran for 0.55 secs (0.55u,0.s)
Params: n= 230
Tactic call rewrite_strat-bottomup ran for 1.207 secs (1.199u,0.007s) (success)
Tactic call rewrite_strat-bottomup-noop ran for 0.004 secs (0.004u,0.s) (success)
Tactic call abstract+rewrite_strat-bottomup ran for 1.803 secs (1.795u,0.007s) (success)
Tactic call close-abstract+rewrite_strat-bottomup ran for 0.589 secs (0.589u,0.s)
Params: n= 240
Tactic call rewrite_strat-bottomup ran for 1.244 secs (1.243u,0.s) (success)
Tactic call rewrite_strat-bottomup-noop ran for 0.004 secs (0.004u,0.s) (success)
Tactic call abstract+rewrite_strat-bottomup ran for 1.838 secs (1.838u,0.s) (success)
Tactic call close-abstract+rewrite_strat-bottomup ran for 0.588 secs (0.588u,0.s)
Params: n= 260
Tactic call rewrite_strat-bottomup ran for 1.459 secs (1.459u,0.s) (success)
Tactic call rewrite_strat-bottomup-noop ran for 0.005 secs (0.005u,0.s) (success)
Tactic call abstract+rewrite_strat-bottomup ran for 2.253 secs (2.253u,0.s) (success)
Tactic call close-abstract+rewrite_strat-bottomup ran for 0.787 secs (0.787u,0.s)
Params: n= 270
Tactic call rewrite_strat-bottomup ran for 1.656 secs (1.651u,0.004s) (success)
Tactic call rewrite_strat-bottomup-noop ran for 0.005 secs (0.005u,0.s) (success)
Tactic call abstract+rewrite_strat-bottomup ran for 2.435 secs (2.431u,0.004s) (success)
Tactic call close-abstract+rewrite_strat-bottomup ran for 0.772 secs (0.771u,0.s)
Params: n= 280
Tactic call rewrite_strat-bottomup ran for 1.855 secs (1.854u,0.s) (success)
Tactic call rewrite_strat-bottomup-noop ran for 0.005 secs (0.005u,0.s) (success)
Tactic call abstract+rewrite_strat-bottomup ran for 2.772 secs (2.771u,0.s) (success)
Tactic call close-abstract+rewrite_strat-bottomup ran for 0.909 secs (0.909u,0.s)
Params: n= 290
Tactic call rewrite_strat-bottomup ran for 1.898 secs (1.889u,0.007s) (success)
Tactic call rewrite_strat-bottomup-noop ran for 0.005 secs (0.005u,0.s) (success)
Tactic call abstract+rewrite_strat-bottomup ran for 2.793 secs (2.779u,0.011s) (success)
Tactic call close-abstract+rewrite_strat-bottomup ran for 0.887 secs (0.881u,0.003s)
Params: n= 310
Tactic call rewrite_strat-bottomup ran for 2.154 secs (2.138u,0.016s) (success)
Tactic call rewrite_strat-bottomup-noop ran for 0.006 secs (0.006u,0.s) (success)
Tactic call abstract+rewrite_strat-bottomup ran for 3.231 secs (3.214u,0.016s) (success)
Tactic call close-abstract+rewrite_strat-bottomup ran for 1.068 secs (1.067u,0.s)
Params: n= 320
Tactic call rewrite_strat-bottomup ran for 2.476 secs (2.471u,0.004s) (success)
Tactic call rewrite_strat-bottomup-noop ran for 0.006 secs (0.006u,0.s) (success)
Tactic call abstract+rewrite_strat-bottomup ran for 3.565 secs (3.56u,0.004s) (success)
Tactic call close-abstract+rewrite_strat-bottomup ran for 1.079 secs (1.079u,0.s)
Params: n= 330
Tactic call rewrite_strat-bottomup ran for 2.58 secs (2.579u,0.s) (success)
Tactic call rewrite_strat-bottomup-noop ran for 0.019 secs (0.019u,0.s) (success)
Tactic call abstract+rewrite_strat-bottomup ran for 3.81 secs (3.809u,0.s) (success)
Tactic call close-abstract+rewrite_strat-bottomup ran for 1.209 secs (1.208u,0.s)
Params: n= 340
Tactic call rewrite_strat-bottomup ran for 2.62 secs (2.607u,0.012s) (success)
Tactic call rewrite_strat-bottomup-noop ran for 0.016 secs (0.012u,0.s) (success)
Tactic call abstract+rewrite_strat-bottomup ran for 3.873 secs (3.846u,0.024s) (success)
Tactic call close-abstract+rewrite_strat-bottomup ran for 1.234 secs (1.219u,0.012s)
Params: n= 360
Tactic call rewrite_strat-bottomup ran for 3.168 secs (3.164u,0.003s) (success)
Tactic call rewrite_strat-bottomup-noop ran for 0.008 secs (0.008u,0.s) (success)
Tactic call abstract+rewrite_strat-bottomup ran for 4.55 secs (4.545u,0.003s) (success)
Tactic call close-abstract+rewrite_strat-bottomup ran for 1.371 secs (1.371u,0.s)
Params: n= 370
Tactic call rewrite_strat-bottomup ran for 3.325 secs (3.325u,0.s) (success)
Tactic call rewrite_strat-bottomup-noop ran for 0.012 secs (0.012u,0.s) (success)
Tactic call abstract+rewrite_strat-bottomup ran for 4.769 secs (4.768u,0.s) (success)
Tactic call close-abstract+rewrite_strat-bottomup ran for 1.428 secs (1.428u,0.s)
Params: n= 380
Tactic call rewrite_strat-bottomup ran for 3.543 secs (3.538u,0.004s) (success)
Tactic call rewrite_strat-bottomup-noop ran for 0.009 secs (0.009u,0.s) (success)
Tactic call abstract+rewrite_strat-bottomup ran for 5.219 secs (5.214u,0.004s) (success)
Tactic call close-abstract+rewrite_strat-bottomup ran for 1.664 secs (1.664u,0.s)
Params: n= 390
Tactic call rewrite_strat-bottomup ran for 3.59 secs (3.577u,0.012s) (success)
Tactic call rewrite_strat-bottomup-noop ran for 0.01 secs (0.01u,0.s) (success)
Tactic call abstract+rewrite_strat-bottomup ran for 5.212 secs (5.199u,0.012s) (success)
Tactic call close-abstract+rewrite_strat-bottomup ran for 1.609 secs (1.609u,0.s)
