Params: n= 50
Tactic call rewrite_strat-bottomup ran for 0.103 secs (0.075u,0.027s) (success)
Tactic call rewrite_strat-bottomup-noop ran for 0. secs (0.u,0.s) (success)
Tactic call abstract+rewrite_strat-bottomup ran for 0.125 secs (0.097u,0.027s) (success)
Tactic call close-abstract+rewrite_strat-bottomup ran for 0.02 secs (0.02u,0.s)
Params: n= 100
Tactic call rewrite_strat-bottomup ran for 0.165 secs (0.161u,0.003s) (success)
Tactic call rewrite_strat-bottomup-noop ran for 0.001 secs (0.001u,0.s) (success)
Tactic call abstract+rewrite_strat-bottomup ran for 0.257 secs (0.253u,0.003s) (success)
Tactic call close-abstract+rewrite_strat-bottomup ran for 0.09 secs (0.09u,0.s)
Params: n= 150
Tactic call rewrite_strat-bottomup ran for 0.389 secs (0.385u,0.003s) (success)
Tactic call rewrite_strat-bottomup-noop ran for 0.001 secs (0.001u,0.s) (success)
Tactic call abstract+rewrite_strat-bottomup ran for 0.616 secs (0.607u,0.008s) (success)
Tactic call close-abstract+rewrite_strat-bottomup ran for 0.225 secs (0.22u,0.004s)
Params: n= 200
Tactic call rewrite_strat-bottomup ran for 0.734 secs (0.726u,0.007s) (success)
Tactic call rewrite_strat-bottomup-noop ran for 0.002 secs (0.002u,0.s) (success)
Tactic call abstract+rewrite_strat-bottomup ran for 1.06 secs (1.048u,0.011s) (success)
Tactic call close-abstract+rewrite_strat-bottomup ran for 0.322 secs (0.318u,0.003s)
Params: n= 250
Tactic call rewrite_strat-bottomup ran for 1.097 secs (1.097u,0.s) (success)
Tactic call rewrite_strat-bottomup-noop ran for 0.004 secs (0.004u,0.s) (success)
Tactic call abstract+rewrite_strat-bottomup ran for 1.679 secs (1.663u,0.015s) (success)
Tactic call close-abstract+rewrite_strat-bottomup ran for 0.577 secs (0.561u,0.015s)
Params: n= 300
Tactic call rewrite_strat-bottomup ran for 1.682 secs (1.677u,0.003s) (success)
Tactic call rewrite_strat-bottomup-noop ran for 0.005 secs (0.005u,0.s) (success)
Tactic call abstract+rewrite_strat-bottomup ran for 2.46 secs (2.439u,0.019s) (success)
Tactic call close-abstract+rewrite_strat-bottomup ran for 0.772 secs (0.756u,0.015s)
Params: n= 350
Tactic call rewrite_strat-bottomup ran for 2.346 secs (2.338u,0.008s) (success)
Tactic call rewrite_strat-bottomup-noop ran for 0.006 secs (0.006u,0.s) (success)
Tactic call abstract+rewrite_strat-bottomup ran for 3.411 secs (3.402u,0.008s) (success)
Tactic call close-abstract+rewrite_strat-bottomup ran for 1.057 secs (1.057u,0.s)
Params: n= 400
Tactic call rewrite_strat-bottomup ran for 3.138 secs (3.129u,0.008s) (success)
Tactic call rewrite_strat-bottomup-noop ran for 0.02 secs (0.016u,0.003s) (success)
Tactic call abstract+rewrite_strat-bottomup ran for 4.502 secs (4.465u,0.036s) (success)
Tactic call close-abstract+rewrite_strat-bottomup ran for 1.342 secs (1.318u,0.024s)
