Params: n= 4
Tactic call rewrite_strat-topdown ran for 0.001 secs (0.001u,0.s) (success)
Tactic call rewrite_strat-topdown-noop ran for 0. secs (0.u,0.s) (success)
Tactic call abstract+rewrite_strat-topdown ran for 0.002 secs (0.001u,0.s) (success)
Tactic call close-abstract+rewrite_strat-topdown ran for 0. secs (0.u,0.s)
Params: n= 5
Tactic call rewrite_strat-topdown ran for 0.001 secs (0.u,0.001s) (success)
Tactic call rewrite_strat-topdown-noop ran for 0. secs (0.u,0.s) (success)
Tactic call abstract+rewrite_strat-topdown ran for 0.003 secs (0.u,0.003s) (success)
Tactic call close-abstract+rewrite_strat-topdown ran for 0. secs (0.u,0.s)
Params: n= 6
Tactic call rewrite_strat-topdown ran for 0.002 secs (0.002u,0.s) (success)
Tactic call rewrite_strat-topdown-noop ran for 0. secs (0.u,0.s) (success)
Tactic call abstract+rewrite_strat-topdown ran for 0.003 secs (0.003u,0.s) (success)
Tactic call close-abstract+rewrite_strat-topdown ran for 0. secs (0.u,0.s)
Params: n= 7
Tactic call rewrite_strat-topdown ran for 0.002 secs (0.u,0.002s) (success)
Tactic call rewrite_strat-topdown-noop ran for 0. secs (0.u,0.s) (success)
Tactic call abstract+rewrite_strat-topdown ran for 0.004 secs (0.u,0.003s) (success)
Tactic call close-abstract+rewrite_strat-topdown ran for 0. secs (0.u,0.s)
Params: n= 8
Tactic call rewrite_strat-topdown ran for 0.002 secs (0.u,0.002s) (success)
Tactic call rewrite_strat-topdown-noop ran for 0. secs (0.u,0.s) (success)
Tactic call abstract+rewrite_strat-topdown ran for 0.004 secs (0.001u,0.003s) (success)
Tactic call close-abstract+rewrite_strat-topdown ran for 0.001 secs (0.u,0.s)
Params: n= 9
Tactic call rewrite_strat-topdown ran for 0.003 secs (0.003u,0.s) (success)
Tactic call rewrite_strat-topdown-noop ran for 0. secs (0.u,0.s) (success)
Tactic call abstract+rewrite_strat-topdown ran for 0.005 secs (0.005u,0.s) (success)
Tactic call close-abstract+rewrite_strat-topdown ran for 0.001 secs (0.001u,0.s)
Params: n= 10
Tactic call rewrite_strat-topdown ran for 0.003 secs (0.u,0.003s) (success)
Tactic call rewrite_strat-topdown-noop ran for 0. secs (0.u,0.s) (success)
Tactic call abstract+rewrite_strat-topdown ran for 0.006 secs (0.002u,0.004s) (success)
Tactic call close-abstract+rewrite_strat-topdown ran for 0.001 secs (0.001u,0.s)
Params: n= 11
Tactic call rewrite_strat-topdown ran for 0.058 secs (0.035u,0.023s) (success)
Tactic call rewrite_strat-topdown-noop ran for 0. secs (0.u,0.s) (success)
Tactic call abstract+rewrite_strat-topdown ran for 0.06 secs (0.037u,0.023s) (success)
Tactic call close-abstract+rewrite_strat-topdown ran for 0.001 secs (0.001u,0.s)
Params: n= 12
Tactic call rewrite_strat-topdown ran for 0.003 secs (0.003u,0.s) (success)
Tactic call rewrite_strat-topdown-noop ran for 0. secs (0.u,0.s) (success)
Tactic call abstract+rewrite_strat-topdown ran for 0.005 secs (0.005u,0.s) (success)
Tactic call close-abstract+rewrite_strat-topdown ran for 0.001 secs (0.001u,0.s)
Params: n= 13
Tactic call rewrite_strat-topdown ran for 0.003 secs (0.003u,0.s) (success)
Tactic call rewrite_strat-topdown-noop ran for 0. secs (0.u,0.s) (success)
Tactic call abstract+rewrite_strat-topdown ran for 0.006 secs (0.005u,0.s) (success)
Tactic call close-abstract+rewrite_strat-topdown ran for 0.002 secs (0.002u,0.s)
Params: n= 14
Tactic call rewrite_strat-topdown ran for 0.003 secs (0.003u,0.s) (success)
Tactic call rewrite_strat-topdown-noop ran for 0. secs (0.u,0.s) (success)
Tactic call abstract+rewrite_strat-topdown ran for 0.006 secs (0.006u,0.s) (success)
Tactic call close-abstract+rewrite_strat-topdown ran for 0.002 secs (0.002u,0.s)
Params: n= 15
Tactic call rewrite_strat-topdown ran for 0.004 secs (0.004u,0.s) (success)
Tactic call rewrite_strat-topdown-noop ran for 0. secs (0.u,0.s) (success)
Tactic call abstract+rewrite_strat-topdown ran for 0.007 secs (0.007u,0.s) (success)
Tactic call close-abstract+rewrite_strat-topdown ran for 0.002 secs (0.002u,0.s)
Params: n= 16
Tactic call rewrite_strat-topdown ran for 0.004 secs (0.004u,0.s) (success)
Tactic call rewrite_strat-topdown-noop ran for 0. secs (0.u,0.s) (success)
Tactic call abstract+rewrite_strat-topdown ran for 0.007 secs (0.007u,0.s) (success)
Tactic call close-abstract+rewrite_strat-topdown ran for 0.002 secs (0.002u,0.s)
Params: n= 17
Tactic call rewrite_strat-topdown ran for 0.005 secs (0.005u,0.s) (success)
Tactic call rewrite_strat-topdown-noop ran for 0. secs (0.u,0.s) (success)
Tactic call abstract+rewrite_strat-topdown ran for 0.008 secs (0.008u,0.s) (success)
Tactic call close-abstract+rewrite_strat-topdown ran for 0.003 secs (0.003u,0.s)
Params: n= 18
Tactic call rewrite_strat-topdown ran for 0.005 secs (0.005u,0.s) (success)
Tactic call rewrite_strat-topdown-noop ran for 0. secs (0.u,0.s) (success)
Tactic call abstract+rewrite_strat-topdown ran for 0.009 secs (0.009u,0.s) (success)
Tactic call close-abstract+rewrite_strat-topdown ran for 0.003 secs (0.003u,0.s)
Params: n= 19
Tactic call rewrite_strat-topdown ran for 0.007 secs (0.007u,0.s) (success)
Tactic call rewrite_strat-topdown-noop ran for 0. secs (0.u,0.s) (success)
Tactic call abstract+rewrite_strat-topdown ran for 0.011 secs (0.011u,0.s) (success)
Tactic call close-abstract+rewrite_strat-topdown ran for 0.003 secs (0.003u,0.s)
Params: n= 20
Tactic call rewrite_strat-topdown ran for 0.006 secs (0.006u,0.s) (success)
Tactic call rewrite_strat-topdown-noop ran for 0. secs (0.u,0.s) (success)
Tactic call abstract+rewrite_strat-topdown ran for 0.011 secs (0.011u,0.s) (success)
Tactic call close-abstract+rewrite_strat-topdown ran for 0.004 secs (0.004u,0.s)
Params: n= 21
Tactic call rewrite_strat-topdown ran for 0.006 secs (0.006u,0.s) (success)
Tactic call rewrite_strat-topdown-noop ran for 0. secs (0.u,0.s) (success)
Tactic call abstract+rewrite_strat-topdown ran for 0.012 secs (0.012u,0.s) (success)
Tactic call close-abstract+rewrite_strat-topdown ran for 0.004 secs (0.004u,0.s)
Params: n= 22
Tactic call rewrite_strat-topdown ran for 0.007 secs (0.007u,0.s) (success)
Tactic call rewrite_strat-topdown-noop ran for 0. secs (0.u,0.s) (success)
Tactic call abstract+rewrite_strat-topdown ran for 0.013 secs (0.013u,0.s) (success)
Tactic call close-abstract+rewrite_strat-topdown ran for 0.005 secs (0.005u,0.s)
Params: n= 23
Tactic call rewrite_strat-topdown ran for 0.008 secs (0.008u,0.s) (success)
Tactic call rewrite_strat-topdown-noop ran for 0. secs (0.u,0.s) (success)
Tactic call abstract+rewrite_strat-topdown ran for 0.014 secs (0.014u,0.s) (success)
Tactic call close-abstract+rewrite_strat-topdown ran for 0.005 secs (0.005u,0.s)
Params: n= 24
Tactic call rewrite_strat-topdown ran for 0.009 secs (0.009u,0.s) (success)
Tactic call rewrite_strat-topdown-noop ran for 0.002 secs (0.002u,0.s) (success)
Tactic call abstract+rewrite_strat-topdown ran for 0.019 secs (0.019u,0.s) (success)
Tactic call close-abstract+rewrite_strat-topdown ran for 0.006 secs (0.006u,0.s)
Params: n= 25
Tactic call rewrite_strat-topdown ran for 0.009 secs (0.007u,0.002s) (success)
Tactic call rewrite_strat-topdown-noop ran for 0. secs (0.u,0.s) (success)
Tactic call abstract+rewrite_strat-topdown ran for 0.017 secs (0.014u,0.002s) (success)
Tactic call close-abstract+rewrite_strat-topdown ran for 0.006 secs (0.006u,0.s)
Params: n= 26
Tactic call rewrite_strat-topdown ran for 0.009 secs (0.009u,0.s) (success)
Tactic call rewrite_strat-topdown-noop ran for 0. secs (0.u,0.s) (success)
Tactic call abstract+rewrite_strat-topdown ran for 0.017 secs (0.017u,0.s) (success)
Tactic call close-abstract+rewrite_strat-topdown ran for 0.006 secs (0.006u,0.s)
Params: n= 27
Tactic call rewrite_strat-topdown ran for 0.009 secs (0.009u,0.s) (success)
Tactic call rewrite_strat-topdown-noop ran for 0. secs (0.u,0.s) (success)
Tactic call abstract+rewrite_strat-topdown ran for 0.019 secs (0.019u,0.s) (success)
Tactic call close-abstract+rewrite_strat-topdown ran for 0.008 secs (0.008u,0.s)
Params: n= 28
Tactic call rewrite_strat-topdown ran for 0.01 secs (0.01u,0.s) (success)
Tactic call rewrite_strat-topdown-noop ran for 0. secs (0.u,0.s) (success)
Tactic call abstract+rewrite_strat-topdown ran for 0.019 secs (0.019u,0.s) (success)
Tactic call close-abstract+rewrite_strat-topdown ran for 0.007 secs (0.007u,0.s)
Params: n= 29
Tactic call rewrite_strat-topdown ran for 0.011 secs (0.011u,0.s) (success)
Tactic call rewrite_strat-topdown-noop ran for 0. secs (0.u,0.s) (success)
Tactic call abstract+rewrite_strat-topdown ran for 0.02 secs (0.02u,0.s) (success)
Tactic call close-abstract+rewrite_strat-topdown ran for 0.008 secs (0.008u,0.s)
Params: n= 30
Tactic call rewrite_strat-topdown ran for 0.015 secs (0.015u,0.s) (success)
Tactic call rewrite_strat-topdown-noop ran for 0. secs (0.u,0.s) (success)
Tactic call abstract+rewrite_strat-topdown ran for 0.024 secs (0.024u,0.s) (success)
Tactic call close-abstract+rewrite_strat-topdown ran for 0.008 secs (0.008u,0.s)
Params: n= 31
Tactic call rewrite_strat-topdown ran for 0.012 secs (0.012u,0.s) (success)
Tactic call rewrite_strat-topdown-noop ran for 0. secs (0.u,0.s) (success)
Tactic call abstract+rewrite_strat-topdown ran for 0.022 secs (0.022u,0.s) (success)
Tactic call close-abstract+rewrite_strat-topdown ran for 0.009 secs (0.009u,0.s)
Params: n= 32
Tactic call rewrite_strat-topdown ran for 0.012 secs (0.012u,0.s) (success)
Tactic call rewrite_strat-topdown-noop ran for 0. secs (0.u,0.s) (success)
Tactic call abstract+rewrite_strat-topdown ran for 0.023 secs (0.023u,0.s) (success)
Tactic call close-abstract+rewrite_strat-topdown ran for 0.009 secs (0.009u,0.s)
Params: n= 33
Tactic call rewrite_strat-topdown ran for 0.014 secs (0.014u,0.s) (success)
Tactic call rewrite_strat-topdown-noop ran for 0. secs (0.u,0.s) (success)
Tactic call abstract+rewrite_strat-topdown ran for 0.024 secs (0.024u,0.s) (success)
Tactic call close-abstract+rewrite_strat-topdown ran for 0.009 secs (0.009u,0.s)
Params: n= 34
Tactic call rewrite_strat-topdown ran for 0.014 secs (0.014u,0.s) (success)
Tactic call rewrite_strat-topdown-noop ran for 0. secs (0.u,0.s) (success)
Tactic call abstract+rewrite_strat-topdown ran for 0.026 secs (0.026u,0.s) (success)
Tactic call close-abstract+rewrite_strat-topdown ran for 0.011 secs (0.011u,0.s)
Params: n= 35
Tactic call rewrite_strat-topdown ran for 0.017 secs (0.017u,0.s) (success)
Tactic call rewrite_strat-topdown-noop ran for 0. secs (0.u,0.s) (success)
Tactic call abstract+rewrite_strat-topdown ran for 0.03 secs (0.03u,0.s) (success)
Tactic call close-abstract+rewrite_strat-topdown ran for 0.012 secs (0.012u,0.s)
Params: n= 36
Tactic call rewrite_strat-topdown ran for 0.016 secs (0.016u,0.s) (success)
Tactic call rewrite_strat-topdown-noop ran for 0. secs (0.u,0.s) (success)
Tactic call abstract+rewrite_strat-topdown ran for 0.03 secs (0.03u,0.s) (success)
Tactic call close-abstract+rewrite_strat-topdown ran for 0.012 secs (0.012u,0.s)
Params: n= 37
Tactic call rewrite_strat-topdown ran for 0.018 secs (0.018u,0.s) (success)
Tactic call rewrite_strat-topdown-noop ran for 0. secs (0.u,0.s) (success)
Tactic call abstract+rewrite_strat-topdown ran for 0.032 secs (0.032u,0.s) (success)
Tactic call close-abstract+rewrite_strat-topdown ran for 0.012 secs (0.012u,0.s)
Params: n= 38
Tactic call rewrite_strat-topdown ran for 0.017 secs (0.017u,0.s) (success)
Tactic call rewrite_strat-topdown-noop ran for 0. secs (0.u,0.s) (success)
Tactic call abstract+rewrite_strat-topdown ran for 0.031 secs (0.031u,0.s) (success)
Tactic call close-abstract+rewrite_strat-topdown ran for 0.012 secs (0.012u,0.s)
Params: n= 39
Tactic call rewrite_strat-topdown ran for 0.022 secs (0.022u,0.s) (success)
Tactic call rewrite_strat-topdown-noop ran for 0. secs (0.u,0.s) (success)
Tactic call abstract+rewrite_strat-topdown ran for 0.037 secs (0.037u,0.s) (success)
Tactic call close-abstract+rewrite_strat-topdown ran for 0.013 secs (0.013u,0.s)
Params: n= 40
Tactic call rewrite_strat-topdown ran for 0.019 secs (0.019u,0.s) (success)
Tactic call rewrite_strat-topdown-noop ran for 0. secs (0.u,0.s) (success)
Tactic call abstract+rewrite_strat-topdown ran for 0.035 secs (0.035u,0.s) (success)
Tactic call close-abstract+rewrite_strat-topdown ran for 0.015 secs (0.015u,0.s)
Params: n= 41
Tactic call rewrite_strat-topdown ran for 0.022 secs (0.021u,0.s) (success)
Tactic call rewrite_strat-topdown-noop ran for 0. secs (0.u,0.s) (success)
Tactic call abstract+rewrite_strat-topdown ran for 0.038 secs (0.037u,0.s) (success)
Tactic call close-abstract+rewrite_strat-topdown ran for 0.015 secs (0.015u,0.s)
Params: n= 42
Tactic call rewrite_strat-topdown ran for 0.022 secs (0.022u,0.s) (success)
Tactic call rewrite_strat-topdown-noop ran for 0. secs (0.u,0.s) (success)
Tactic call abstract+rewrite_strat-topdown ran for 0.04 secs (0.04u,0.s) (success)
Tactic call close-abstract+rewrite_strat-topdown ran for 0.016 secs (0.016u,0.s)
Params: n= 43
Tactic call rewrite_strat-topdown ran for 0.021 secs (0.021u,0.s) (success)
Tactic call rewrite_strat-topdown-noop ran for 0. secs (0.u,0.s) (success)
Tactic call abstract+rewrite_strat-topdown ran for 0.04 secs (0.04u,0.s) (success)
Tactic call close-abstract+rewrite_strat-topdown ran for 0.017 secs (0.017u,0.s)
Params: n= 44
Tactic call rewrite_strat-topdown ran for 0.022 secs (0.022u,0.s) (success)
Tactic call rewrite_strat-topdown-noop ran for 0. secs (0.u,0.s) (success)
Tactic call abstract+rewrite_strat-topdown ran for 0.045 secs (0.045u,0.s) (success)
Tactic call close-abstract+rewrite_strat-topdown ran for 0.021 secs (0.021u,0.s)
Params: n= 45
Tactic call rewrite_strat-topdown ran for 0.024 secs (0.024u,0.s) (success)
Tactic call rewrite_strat-topdown-noop ran for 0. secs (0.u,0.s) (success)
Tactic call abstract+rewrite_strat-topdown ran for 0.043 secs (0.043u,0.s) (success)
Tactic call close-abstract+rewrite_strat-topdown ran for 0.018 secs (0.018u,0.s)
Params: n= 46
Tactic call rewrite_strat-topdown ran for 0.024 secs (0.024u,0.s) (success)
Tactic call rewrite_strat-topdown-noop ran for 0. secs (0.u,0.s) (success)
Tactic call abstract+rewrite_strat-topdown ran for 0.045 secs (0.045u,0.s) (success)
Tactic call close-abstract+rewrite_strat-topdown ran for 0.02 secs (0.019u,0.s)
Params: n= 47
Tactic call rewrite_strat-topdown ran for 0.024 secs (0.026u,0.s) (success)
Tactic call rewrite_strat-topdown-noop ran for 0. secs (0.u,0.s) (success)
Tactic call abstract+rewrite_strat-topdown ran for 0.047 secs (0.048u,0.s) (success)
Tactic call close-abstract+rewrite_strat-topdown ran for 0.021 secs (0.021u,0.s)
Params: n= 48
Tactic call rewrite_strat-topdown ran for 0.033 secs (0.033u,0.s) (success)
Tactic call rewrite_strat-topdown-noop ran for 0. secs (0.u,0.s) (success)
Tactic call abstract+rewrite_strat-topdown ran for 0.055 secs (0.055u,0.s) (success)
Tactic call close-abstract+rewrite_strat-topdown ran for 0.02 secs (0.02u,0.s)
Params: n= 49
Tactic call rewrite_strat-topdown ran for 0.026 secs (0.026u,0.s) (success)
Tactic call rewrite_strat-topdown-noop ran for 0. secs (0.u,0.s) (success)
Tactic call abstract+rewrite_strat-topdown ran for 0.048 secs (0.048u,0.s) (success)
Tactic call close-abstract+rewrite_strat-topdown ran for 0.02 secs (0.02u,0.s)
Params: n= 51
Tactic call rewrite_strat-topdown ran for 0.029 secs (0.029u,0.s) (success)
Tactic call rewrite_strat-topdown-noop ran for 0. secs (0.u,0.s) (success)
Tactic call abstract+rewrite_strat-topdown ran for 0.053 secs (0.053u,0.s) (success)
Tactic call close-abstract+rewrite_strat-topdown ran for 0.022 secs (0.022u,0.s)
Params: n= 52
Tactic call rewrite_strat-topdown ran for 0.032 secs (0.032u,0.s) (success)
Tactic call rewrite_strat-topdown-noop ran for 0. secs (0.u,0.s) (success)
Tactic call abstract+rewrite_strat-topdown ran for 0.057 secs (0.057u,0.s) (success)
Tactic call close-abstract+rewrite_strat-topdown ran for 0.023 secs (0.023u,0.s)
Params: n= 53
Tactic call rewrite_strat-topdown ran for 0.036 secs (0.036u,0.s) (success)
Tactic call rewrite_strat-topdown-noop ran for 0. secs (0.u,0.s) (success)
Tactic call abstract+rewrite_strat-topdown ran for 0.063 secs (0.063u,0.s) (success)
Tactic call close-abstract+rewrite_strat-topdown ran for 0.025 secs (0.025u,0.s)
Params: n= 54
Tactic call rewrite_strat-topdown ran for 0.033 secs (0.033u,0.s) (success)
Tactic call rewrite_strat-topdown-noop ran for 0. secs (0.u,0.s) (success)
Tactic call abstract+rewrite_strat-topdown ran for 0.059 secs (0.059u,0.s) (success)
Tactic call close-abstract+rewrite_strat-topdown ran for 0.025 secs (0.025u,0.s)
Params: n= 55
Tactic call rewrite_strat-topdown ran for 0.034 secs (0.034u,0.s) (success)
Tactic call rewrite_strat-topdown-noop ran for 0. secs (0.u,0.s) (success)
Tactic call abstract+rewrite_strat-topdown ran for 0.061 secs (0.061u,0.s) (success)
Tactic call close-abstract+rewrite_strat-topdown ran for 0.026 secs (0.026u,0.s)
Params: n= 56
Tactic call rewrite_strat-topdown ran for 0.038 secs (0.038u,0.s) (success)
Tactic call rewrite_strat-topdown-noop ran for 0. secs (0.u,0.s) (success)
Tactic call abstract+rewrite_strat-topdown ran for 0.067 secs (0.067u,0.s) (success)
Tactic call close-abstract+rewrite_strat-topdown ran for 0.027 secs (0.027u,0.s)
Params: n= 57
Tactic call rewrite_strat-topdown ran for 0.042 secs (0.042u,0.s) (success)
Tactic call rewrite_strat-topdown-noop ran for 0. secs (0.u,0.s) (success)
Tactic call abstract+rewrite_strat-topdown ran for 0.072 secs (0.072u,0.s) (success)
Tactic call close-abstract+rewrite_strat-topdown ran for 0.028 secs (0.028u,0.s)
Params: n= 58
Tactic call rewrite_strat-topdown ran for 0.035 secs (0.035u,0.s) (success)
Tactic call rewrite_strat-topdown-noop ran for 0. secs (0.u,0.s) (success)
Tactic call abstract+rewrite_strat-topdown ran for 0.067 secs (0.067u,0.s) (success)
Tactic call close-abstract+rewrite_strat-topdown ran for 0.029 secs (0.029u,0.s)
Params: n= 59
Tactic call rewrite_strat-topdown ran for 0.036 secs (0.036u,0.s) (success)
Tactic call rewrite_strat-topdown-noop ran for 0. secs (0.u,0.s) (success)
Tactic call abstract+rewrite_strat-topdown ran for 0.069 secs (0.066u,0.003s) (success)
Tactic call close-abstract+rewrite_strat-topdown ran for 0.031 secs (0.028u,0.003s)
Params: n= 60
Tactic call rewrite_strat-topdown ran for 0.04 secs (0.04u,0.s) (success)
Tactic call rewrite_strat-topdown-noop ran for 0. secs (0.u,0.s) (success)
Tactic call abstract+rewrite_strat-topdown ran for 0.074 secs (0.074u,0.s) (success)
Tactic call close-abstract+rewrite_strat-topdown ran for 0.032 secs (0.032u,0.s)
Params: n= 61
Tactic call rewrite_strat-topdown ran for 0.044 secs (0.044u,0.s) (success)
Tactic call rewrite_strat-topdown-noop ran for 0. secs (0.u,0.s) (success)
Tactic call abstract+rewrite_strat-topdown ran for 0.082 secs (0.082u,0.s) (success)
Tactic call close-abstract+rewrite_strat-topdown ran for 0.036 secs (0.036u,0.s)
Params: n= 62
Tactic call rewrite_strat-topdown ran for 0.047 secs (0.047u,0.s) (success)
Tactic call rewrite_strat-topdown-noop ran for 0. secs (0.u,0.s) (success)
Tactic call abstract+rewrite_strat-topdown ran for 0.084 secs (0.084u,0.s) (success)
Tactic call close-abstract+rewrite_strat-topdown ran for 0.035 secs (0.035u,0.s)
Params: n= 63
Tactic call rewrite_strat-topdown ran for 0.048 secs (0.044u,0.004s) (success)
Tactic call rewrite_strat-topdown-noop ran for 0. secs (0.u,0.s) (success)
Tactic call abstract+rewrite_strat-topdown ran for 0.085 secs (0.08u,0.004s) (success)
Tactic call close-abstract+rewrite_strat-topdown ran for 0.035 secs (0.035u,0.s)
Params: n= 64
Tactic call rewrite_strat-topdown ran for 0.045 secs (0.045u,0.s) (success)
Tactic call rewrite_strat-topdown-noop ran for 0. secs (0.u,0.s) (success)
Tactic call abstract+rewrite_strat-topdown ran for 0.082 secs (0.082u,0.s) (success)
Tactic call close-abstract+rewrite_strat-topdown ran for 0.035 secs (0.035u,0.s)
Params: n= 65
Tactic call rewrite_strat-topdown ran for 0.044 secs (0.044u,0.s) (success)
Tactic call rewrite_strat-topdown-noop ran for 0. secs (0.u,0.s) (success)
Tactic call abstract+rewrite_strat-topdown ran for 0.084 secs (0.083u,0.s) (success)
Tactic call close-abstract+rewrite_strat-topdown ran for 0.038 secs (0.037u,0.s)
Params: n= 66
Tactic call rewrite_strat-topdown ran for 0.05 secs (0.053u,0.s) (success)
Tactic call rewrite_strat-topdown-noop ran for 0. secs (0.u,0.s) (success)
Tactic call abstract+rewrite_strat-topdown ran for 0.091 secs (0.093u,0.s) (success)
Tactic call close-abstract+rewrite_strat-topdown ran for 0.038 secs (0.038u,0.s)
Params: n= 67
Tactic call rewrite_strat-topdown ran for 0.047 secs (0.047u,0.s) (success)
Tactic call rewrite_strat-topdown-noop ran for 0. secs (0.u,0.s) (success)
Tactic call abstract+rewrite_strat-topdown ran for 0.088 secs (0.088u,0.s) (success)
Tactic call close-abstract+rewrite_strat-topdown ran for 0.039 secs (0.039u,0.s)
Params: n= 68
Tactic call rewrite_strat-topdown ran for 0.051 secs (0.048u,0.003s) (success)
Tactic call rewrite_strat-topdown-noop ran for 0. secs (0.u,0.s) (success)
Tactic call abstract+rewrite_strat-topdown ran for 0.102 secs (0.098u,0.003s) (success)
Tactic call close-abstract+rewrite_strat-topdown ran for 0.048 secs (0.048u,0.s)
Params: n= 69
Tactic call rewrite_strat-topdown ran for 0.056 secs (0.051u,0.004s) (success)
Tactic call rewrite_strat-topdown-noop ran for 0. secs (0.u,0.s) (success)
Tactic call abstract+rewrite_strat-topdown ran for 0.097 secs (0.093u,0.004s) (success)
Tactic call close-abstract+rewrite_strat-topdown ran for 0.039 secs (0.039u,0.s)
Params: n= 70
Tactic call rewrite_strat-topdown ran for 0.057 secs (0.057u,0.s) (success)
Tactic call rewrite_strat-topdown-noop ran for 0. secs (0.u,0.s) (success)
Tactic call abstract+rewrite_strat-topdown ran for 0.103 secs (0.103u,0.s) (success)
Tactic call close-abstract+rewrite_strat-topdown ran for 0.043 secs (0.043u,0.s)
Params: n= 71
Tactic call rewrite_strat-topdown ran for 0.056 secs (0.056u,0.s) (success)
Tactic call rewrite_strat-topdown-noop ran for 0. secs (0.u,0.s) (success)
Tactic call abstract+rewrite_strat-topdown ran for 0.103 secs (0.103u,0.s) (success)
Tactic call close-abstract+rewrite_strat-topdown ran for 0.045 secs (0.045u,0.s)
Params: n= 72
Tactic call rewrite_strat-topdown ran for 0.057 secs (0.057u,0.s) (success)
Tactic call rewrite_strat-topdown-noop ran for 0. secs (0.u,0.s) (success)
Tactic call abstract+rewrite_strat-topdown ran for 0.104 secs (0.104u,0.s) (success)
Tactic call close-abstract+rewrite_strat-topdown ran for 0.045 secs (0.045u,0.s)
Params: n= 73
Tactic call rewrite_strat-topdown ran for 0.056 secs (0.056u,0.s) (success)
Tactic call rewrite_strat-topdown-noop ran for 0. secs (0.u,0.s) (success)
Tactic call abstract+rewrite_strat-topdown ran for 0.11 secs (0.11u,0.s) (success)
Tactic call close-abstract+rewrite_strat-topdown ran for 0.051 secs (0.051u,0.s)
Params: n= 74
Tactic call rewrite_strat-topdown ran for 0.059 secs (0.059u,0.s) (success)
Tactic call rewrite_strat-topdown-noop ran for 0.001 secs (0.001u,0.s) (success)
Tactic call abstract+rewrite_strat-topdown ran for 0.112 secs (0.112u,0.s) (success)
Tactic call close-abstract+rewrite_strat-topdown ran for 0.05 secs (0.05u,0.s)
Params: n= 75
Tactic call rewrite_strat-topdown ran for 0.065 secs (0.065u,0.s) (success)
Tactic call rewrite_strat-topdown-noop ran for 0. secs (0.u,0.s) (success)
Tactic call abstract+rewrite_strat-topdown ran for 0.118 secs (0.118u,0.s) (success)
Tactic call close-abstract+rewrite_strat-topdown ran for 0.05 secs (0.05u,0.s)
Params: n= 76
Tactic call rewrite_strat-topdown ran for 0.068 secs (0.068u,0.s) (success)
Tactic call rewrite_strat-topdown-noop ran for 0. secs (0.u,0.s) (success)
Tactic call abstract+rewrite_strat-topdown ran for 0.13 secs (0.13u,0.s) (success)
Tactic call close-abstract+rewrite_strat-topdown ran for 0.06 secs (0.06u,0.s)
Params: n= 77
Tactic call rewrite_strat-topdown ran for 0.066 secs (0.062u,0.003s) (success)
Tactic call rewrite_strat-topdown-noop ran for 0. secs (0.u,0.s) (success)
Tactic call abstract+rewrite_strat-topdown ran for 0.126 secs (0.123u,0.003s) (success)
Tactic call close-abstract+rewrite_strat-topdown ran for 0.058 secs (0.058u,0.s)
Params: n= 78
Tactic call rewrite_strat-topdown ran for 0.067 secs (0.063u,0.003s) (success)
Tactic call rewrite_strat-topdown-noop ran for 0.001 secs (0.u,0.s) (success)
Tactic call abstract+rewrite_strat-topdown ran for 0.127 secs (0.123u,0.004s) (success)
Tactic call close-abstract+rewrite_strat-topdown ran for 0.058 secs (0.058u,0.s)
Params: n= 79
Tactic call rewrite_strat-topdown ran for 0.073 secs (0.069u,0.004s) (success)
Tactic call rewrite_strat-topdown-noop ran for 0.001 secs (0.u,0.s) (success)
Tactic call abstract+rewrite_strat-topdown ran for 0.135 secs (0.131u,0.004s) (success)
Tactic call close-abstract+rewrite_strat-topdown ran for 0.06 secs (0.06u,0.s)
Params: n= 80
Tactic call rewrite_strat-topdown ran for 0.073 secs (0.073u,0.s) (success)
Tactic call rewrite_strat-topdown-noop ran for 0.001 secs (0.001u,0.s) (success)
Tactic call abstract+rewrite_strat-topdown ran for 0.139 secs (0.139u,0.s) (success)
Tactic call close-abstract+rewrite_strat-topdown ran for 0.063 secs (0.063u,0.s)
Params: n= 81
Tactic call rewrite_strat-topdown ran for 0.076 secs (0.076u,0.s) (success)
Tactic call rewrite_strat-topdown-noop ran for 0.001 secs (0.001u,0.s) (success)
Tactic call abstract+rewrite_strat-topdown ran for 0.144 secs (0.144u,0.s) (success)
Tactic call close-abstract+rewrite_strat-topdown ran for 0.065 secs (0.065u,0.s)
Params: n= 82
Tactic call rewrite_strat-topdown ran for 0.07 secs (0.069u,0.s) (success)
Tactic call rewrite_strat-topdown-noop ran for 0.001 secs (0.001u,0.s) (success)
Tactic call abstract+rewrite_strat-topdown ran for 0.126 secs (0.125u,0.s) (success)
Tactic call close-abstract+rewrite_strat-topdown ran for 0.053 secs (0.053u,0.s)
Params: n= 83
Tactic call rewrite_strat-topdown ran for 0.072 secs (0.072u,0.s) (success)
Tactic call rewrite_strat-topdown-noop ran for 0.001 secs (0.001u,0.s) (success)
Tactic call abstract+rewrite_strat-topdown ran for 0.131 secs (0.131u,0.s) (success)
Tactic call close-abstract+rewrite_strat-topdown ran for 0.057 secs (0.057u,0.s)
Params: n= 84
Tactic call rewrite_strat-topdown ran for 0.075 secs (0.075u,0.s) (success)
Tactic call rewrite_strat-topdown-noop ran for 0.001 secs (0.001u,0.s) (success)
Tactic call abstract+rewrite_strat-topdown ran for 0.137 secs (0.133u,0.003s) (success)
Tactic call close-abstract+rewrite_strat-topdown ran for 0.059 secs (0.055u,0.003s)
Params: n= 85
Tactic call rewrite_strat-topdown ran for 0.076 secs (0.076u,0.s) (success)
Tactic call rewrite_strat-topdown-noop ran for 0.001 secs (0.001u,0.s) (success)
Tactic call abstract+rewrite_strat-topdown ran for 0.137 secs (0.137u,0.s) (success)
Tactic call close-abstract+rewrite_strat-topdown ran for 0.058 secs (0.058u,0.s)
Params: n= 86
Tactic call rewrite_strat-topdown ran for 0.08 secs (0.08u,0.s) (success)
Tactic call rewrite_strat-topdown-noop ran for 0.001 secs (0.001u,0.s) (success)
Tactic call abstract+rewrite_strat-topdown ran for 0.142 secs (0.142u,0.s) (success)
Tactic call close-abstract+rewrite_strat-topdown ran for 0.059 secs (0.059u,0.s)
Params: n= 87
Tactic call rewrite_strat-topdown ran for 0.084 secs (0.084u,0.s) (success)
Tactic call rewrite_strat-topdown-noop ran for 0.001 secs (0.001u,0.s) (success)
Tactic call abstract+rewrite_strat-topdown ran for 0.154 secs (0.154u,0.s) (success)
Tactic call close-abstract+rewrite_strat-topdown ran for 0.068 secs (0.068u,0.s)
Params: n= 88
Tactic call rewrite_strat-topdown ran for 0.08 secs (0.08u,0.s) (success)
Tactic call rewrite_strat-topdown-noop ran for 0.001 secs (0.001u,0.s) (success)
Tactic call abstract+rewrite_strat-topdown ran for 0.155 secs (0.151u,0.003s) (success)
Tactic call close-abstract+rewrite_strat-topdown ran for 0.072 secs (0.068u,0.003s)
Params: n= 89
Tactic call rewrite_strat-topdown ran for 0.083 secs (0.083u,0.s) (success)
Tactic call rewrite_strat-topdown-noop ran for 0.001 secs (0.001u,0.s) (success)
Tactic call abstract+rewrite_strat-topdown ran for 0.149 secs (0.149u,0.s) (success)
Tactic call close-abstract+rewrite_strat-topdown ran for 0.064 secs (0.064u,0.s)
Params: n= 90
Tactic call rewrite_strat-topdown ran for 0.086 secs (0.086u,0.s) (success)
Tactic call rewrite_strat-topdown-noop ran for 0.001 secs (0.001u,0.s) (success)
Tactic call abstract+rewrite_strat-topdown ran for 0.154 secs (0.154u,0.s) (success)
Tactic call close-abstract+rewrite_strat-topdown ran for 0.065 secs (0.065u,0.s)
Params: n= 91
Tactic call rewrite_strat-topdown ran for 0.089 secs (0.089u,0.s) (success)
Tactic call rewrite_strat-topdown-noop ran for 0.001 secs (0.001u,0.s) (success)
Tactic call abstract+rewrite_strat-topdown ran for 0.165 secs (0.165u,0.s) (success)
Tactic call close-abstract+rewrite_strat-topdown ran for 0.074 secs (0.074u,0.s)
Params: n= 92
Tactic call rewrite_strat-topdown ran for 0.095 secs (0.091u,0.003s) (success)
Tactic call rewrite_strat-topdown-noop ran for 0.001 secs (0.001u,0.s) (success)
Tactic call abstract+rewrite_strat-topdown ran for 0.166 secs (0.163u,0.003s) (success)
Tactic call close-abstract+rewrite_strat-topdown ran for 0.068 secs (0.068u,0.s)
Params: n= 93
Tactic call rewrite_strat-topdown ran for 0.095 secs (0.095u,0.s) (success)
Tactic call rewrite_strat-topdown-noop ran for 0.001 secs (0.001u,0.s) (success)
Tactic call abstract+rewrite_strat-topdown ran for 0.171 secs (0.171u,0.s) (success)
Tactic call close-abstract+rewrite_strat-topdown ran for 0.073 secs (0.073u,0.s)
Params: n= 94
Tactic call rewrite_strat-topdown ran for 0.091 secs (0.091u,0.s) (success)
Tactic call rewrite_strat-topdown-noop ran for 0.001 secs (0.001u,0.s) (success)
Tactic call abstract+rewrite_strat-topdown ran for 0.169 secs (0.169u,0.s) (success)
Tactic call close-abstract+rewrite_strat-topdown ran for 0.074 secs (0.074u,0.s)
Params: n= 95
Tactic call rewrite_strat-topdown ran for 0.096 secs (0.096u,0.s) (success)
Tactic call rewrite_strat-topdown-noop ran for 0.001 secs (0.001u,0.s) (success)
Tactic call abstract+rewrite_strat-topdown ran for 0.171 secs (0.171u,0.s) (success)
Tactic call close-abstract+rewrite_strat-topdown ran for 0.071 secs (0.071u,0.s)
Params: n= 96
Tactic call rewrite_strat-topdown ran for 0.1 secs (0.1u,0.s) (success)
Tactic call rewrite_strat-topdown-noop ran for 0.001 secs (0.001u,0.s) (success)
Tactic call abstract+rewrite_strat-topdown ran for 0.18 secs (0.18u,0.s) (success)
Tactic call close-abstract+rewrite_strat-topdown ran for 0.077 secs (0.077u,0.s)
Params: n= 97
Tactic call rewrite_strat-topdown ran for 0.101 secs (0.101u,0.s) (success)
Tactic call rewrite_strat-topdown-noop ran for 0.001 secs (0.001u,0.s) (success)
Tactic call abstract+rewrite_strat-topdown ran for 0.18 secs (0.18u,0.s) (success)
Tactic call close-abstract+rewrite_strat-topdown ran for 0.075 secs (0.075u,0.s)
Params: n= 98
Tactic call rewrite_strat-topdown ran for 0.104 secs (0.104u,0.s) (success)
Tactic call rewrite_strat-topdown-noop ran for 0.002 secs (0.002u,0.s) (success)
Tactic call abstract+rewrite_strat-topdown ran for 0.188 secs (0.188u,0.s) (success)
Tactic call close-abstract+rewrite_strat-topdown ran for 0.08 secs (0.08u,0.s)
Params: n= 99
Tactic call rewrite_strat-topdown ran for 0.112 secs (0.112u,0.s) (success)
Tactic call rewrite_strat-topdown-noop ran for 0.001 secs (0.001u,0.s) (success)
Tactic call abstract+rewrite_strat-topdown ran for 0.2 secs (0.2u,0.s) (success)
Tactic call close-abstract+rewrite_strat-topdown ran for 0.085 secs (0.085u,0.s)
Params: n= 110
Tactic call rewrite_strat-topdown ran for 0.127 secs (0.127u,0.s) (success)
Tactic call rewrite_strat-topdown-noop ran for 0.001 secs (0.001u,0.s) (success)
Tactic call abstract+rewrite_strat-topdown ran for 0.263 secs (0.263u,0.s) (success)
Tactic call close-abstract+rewrite_strat-topdown ran for 0.132 secs (0.132u,0.s)
Params: n= 120
Tactic call rewrite_strat-topdown ran for 0.168 secs (0.168u,0.s) (success)
Tactic call rewrite_strat-topdown-noop ran for 0.001 secs (0.001u,0.s) (success)
Tactic call abstract+rewrite_strat-topdown ran for 0.306 secs (0.306u,0.s) (success)
Tactic call close-abstract+rewrite_strat-topdown ran for 0.135 secs (0.135u,0.s)
Params: n= 130
Tactic call rewrite_strat-topdown ran for 0.193 secs (0.19u,0.003s) (success)
Tactic call rewrite_strat-topdown-noop ran for 0.001 secs (0.001u,0.s) (success)
Tactic call abstract+rewrite_strat-topdown ran for 0.364 secs (0.36u,0.003s) (success)
Tactic call close-abstract+rewrite_strat-topdown ran for 0.167 secs (0.167u,0.s)
Params: n= 140
Tactic call rewrite_strat-topdown ran for 0.23 secs (0.226u,0.004s) (success)
Tactic call rewrite_strat-topdown-noop ran for 0.002 secs (0.002u,0.s) (success)
Tactic call abstract+rewrite_strat-topdown ran for 0.418 secs (0.406u,0.012s) (success)
Tactic call close-abstract+rewrite_strat-topdown ran for 0.184 secs (0.176u,0.007s)
Params: n= 160
Tactic call rewrite_strat-topdown ran for 0.291 secs (0.291u,0.s) (success)
Tactic call rewrite_strat-topdown-noop ran for 0.002 secs (0.002u,0.s) (success)
Tactic call abstract+rewrite_strat-topdown ran for 0.531 secs (0.531u,0.s) (success)
Tactic call close-abstract+rewrite_strat-topdown ran for 0.236 secs (0.236u,0.s)
Params: n= 170
Tactic call rewrite_strat-topdown ran for 0.323 secs (0.319u,0.003s) (success)
Tactic call rewrite_strat-topdown-noop ran for 0.002 secs (0.002u,0.s) (success)
Tactic call abstract+rewrite_strat-topdown ran for 0.581 secs (0.577u,0.003s) (success)
Tactic call close-abstract+rewrite_strat-topdown ran for 0.253 secs (0.253u,0.s)
Params: n= 180
Tactic call rewrite_strat-topdown ran for 0.374 secs (0.37u,0.003s) (success)
Tactic call rewrite_strat-topdown-noop ran for 0.003 secs (0.003u,0.s) (success)
Tactic call abstract+rewrite_strat-topdown ran for 0.65 secs (0.646u,0.003s) (success)
Tactic call close-abstract+rewrite_strat-topdown ran for 0.271 secs (0.271u,0.s)
Params: n= 190
Tactic call rewrite_strat-topdown ran for 0.394 secs (0.394u,0.s) (success)
Tactic call rewrite_strat-topdown-noop ran for 0.003 secs (0.003u,0.s) (success)
Tactic call abstract+rewrite_strat-topdown ran for 0.692 secs (0.692u,0.s) (success)
Tactic call close-abstract+rewrite_strat-topdown ran for 0.293 secs (0.293u,0.s)
Params: n= 210
Tactic call rewrite_strat-topdown ran for 0.499 secs (0.499u,0.s) (success)
Tactic call rewrite_strat-topdown-noop ran for 0.003 secs (0.003u,0.s) (success)
Tactic call abstract+rewrite_strat-topdown ran for 0.918 secs (0.918u,0.s) (success)
Tactic call close-abstract+rewrite_strat-topdown ran for 0.413 secs (0.413u,0.s)
Params: n= 220
Tactic call rewrite_strat-topdown ran for 0.583 secs (0.583u,0.s) (success)
Tactic call rewrite_strat-topdown-noop ran for 0.004 secs (0.004u,0.s) (success)
Tactic call abstract+rewrite_strat-topdown ran for 1.041 secs (1.041u,0.s) (success)
Tactic call close-abstract+rewrite_strat-topdown ran for 0.452 secs (0.452u,0.s)
Params: n= 230
Tactic call rewrite_strat-topdown ran for 0.755 secs (0.75u,0.004s) (success)
Tactic call rewrite_strat-topdown-noop ran for 0.004 secs (0.004u,0.s) (success)
Tactic call abstract+rewrite_strat-topdown ran for 1.187 secs (1.182u,0.004s) (success)
Tactic call close-abstract+rewrite_strat-topdown ran for 0.425 secs (0.425u,0.s)
Params: n= 240
Tactic call rewrite_strat-topdown ran for 0.692 secs (0.684u,0.007s) (success)
Tactic call rewrite_strat-topdown-noop ran for 0.004 secs (0.004u,0.s) (success)
Tactic call abstract+rewrite_strat-topdown ran for 1.185 secs (1.173u,0.012s) (success)
Tactic call close-abstract+rewrite_strat-topdown ran for 0.487 secs (0.483u,0.004s)
Params: n= 260
Tactic call rewrite_strat-topdown ran for 0.772 secs (0.764u,0.008s) (success)
Tactic call rewrite_strat-topdown-noop ran for 0.009 secs (0.009u,0.s) (success)
Tactic call abstract+rewrite_strat-topdown ran for 1.39 secs (1.382u,0.008s) (success)
Tactic call close-abstract+rewrite_strat-topdown ran for 0.607 secs (0.607u,0.s)
Params: n= 270
Tactic call rewrite_strat-topdown ran for 0.883 secs (0.883u,0.s) (success)
Tactic call rewrite_strat-topdown-noop ran for 0.013 secs (0.013u,0.s) (success)
Tactic call abstract+rewrite_strat-topdown ran for 1.497 secs (1.497u,0.s) (success)
Tactic call close-abstract+rewrite_strat-topdown ran for 0.598 secs (0.598u,0.s)
Params: n= 280
Tactic call rewrite_strat-topdown ran for 0.924 secs (0.924u,0.s) (success)
Tactic call rewrite_strat-topdown-noop ran for 0.005 secs (0.005u,0.s) (success)
Tactic call abstract+rewrite_strat-topdown ran for 1.59 secs (1.59u,0.s) (success)
Tactic call close-abstract+rewrite_strat-topdown ran for 0.657 secs (0.657u,0.s)
Params: n= 290
Tactic call rewrite_strat-topdown ran for 1.005 secs (1.005u,0.s) (success)
Tactic call rewrite_strat-topdown-noop ran for 0.006 secs (0.006u,0.s) (success)
Tactic call abstract+rewrite_strat-topdown ran for 1.716 secs (1.708u,0.007s) (success)
Tactic call close-abstract+rewrite_strat-topdown ran for 0.703 secs (0.695u,0.007s)
Params: n= 310
Tactic call rewrite_strat-topdown ran for 1.208 secs (1.209u,0.s) (success)
Tactic call rewrite_strat-topdown-noop ran for 0.006 secs (0.006u,0.s) (success)
Tactic call abstract+rewrite_strat-topdown ran for 1.996 secs (1.995u,0.s) (success)
Tactic call close-abstract+rewrite_strat-topdown ran for 0.778 secs (0.778u,0.s)
Params: n= 320
Tactic call rewrite_strat-topdown ran for 1.522 secs (1.514u,0.007s) (success)
Tactic call rewrite_strat-topdown-noop ran for 0.008 secs (0.008u,0.s) (success)
Tactic call abstract+rewrite_strat-topdown ran for 2.461 secs (2.453u,0.007s) (success)
Tactic call close-abstract+rewrite_strat-topdown ran for 0.929 secs (0.929u,0.s)
Params: n= 330
Tactic call rewrite_strat-topdown ran for 1.378 secs (1.378u,0.s) (success)
Tactic call rewrite_strat-topdown-noop ran for 0.01 secs (0.01u,0.s) (success)
Tactic call abstract+rewrite_strat-topdown ran for 2.259 secs (2.259u,0.s) (success)
Tactic call close-abstract+rewrite_strat-topdown ran for 0.868 secs (0.868u,0.s)
Params: n= 340
Tactic call rewrite_strat-topdown ran for 1.453 secs (1.453u,0.s) (success)
Tactic call rewrite_strat-topdown-noop ran for 0.007 secs (0.007u,0.s) (success)
Tactic call abstract+rewrite_strat-topdown ran for 2.467 secs (2.467u,0.s) (success)
Tactic call close-abstract+rewrite_strat-topdown ran for 1.004 secs (1.004u,0.s)
Params: n= 360
Tactic call rewrite_strat-topdown ran for 1.675 secs (1.646u,0.028s) (success)
Tactic call rewrite_strat-topdown-noop ran for 0.008 secs (0.008u,0.s) (success)
Tactic call abstract+rewrite_strat-topdown ran for 2.722 secs (2.69u,0.031s) (success)
Tactic call close-abstract+rewrite_strat-topdown ran for 1.036 secs (1.032u,0.003s)
Params: n= 370
Tactic call rewrite_strat-topdown ran for 1.838 secs (1.829u,0.008s) (success)
Tactic call rewrite_strat-topdown-noop ran for 0.017 secs (0.017u,0.s) (success)
Tactic call abstract+rewrite_strat-topdown ran for 3.069 secs (3.061u,0.008s) (success)
Tactic call close-abstract+rewrite_strat-topdown ran for 1.212 secs (1.212u,0.s)
Params: n= 380
Tactic call rewrite_strat-topdown ran for 1.818 secs (1.817u,0.s) (success)
Tactic call rewrite_strat-topdown-noop ran for 0.009 secs (0.009u,0.s) (success)
Tactic call abstract+rewrite_strat-topdown ran for 3.005 secs (3.004u,0.s) (success)
Tactic call close-abstract+rewrite_strat-topdown ran for 1.175 secs (1.175u,0.s)
Params: n= 390
Tactic call rewrite_strat-topdown ran for 2.033 secs (2.033u,0.s) (success)
Tactic call rewrite_strat-topdown-noop ran for 0.012 secs (0.012u,0.s) (success)
Tactic call abstract+rewrite_strat-topdown ran for 3.385 secs (3.381u,0.003s) (success)
Tactic call close-abstract+rewrite_strat-topdown ran for 1.337 secs (1.333u,0.003s)
