Params: n= 50
Tactic call rewrite_strat-topdown ran for 0.095 secs (0.071u,0.023s) (success)
Tactic call rewrite_strat-topdown-noop ran for 0. secs (0.u,0.s) (success)
Tactic call abstract+rewrite_strat-topdown ran for 0.117 secs (0.092u,0.024s) (success)
Tactic call close-abstract+rewrite_strat-topdown ran for 0.02 secs (0.02u,0.s)
Params: n= 100
Tactic call rewrite_strat-topdown ran for 0.104 secs (0.104u,0.s) (success)
Tactic call rewrite_strat-topdown-noop ran for 0.001 secs (0.001u,0.s) (success)
Tactic call abstract+rewrite_strat-topdown ran for 0.201 secs (0.201u,0.s) (success)
Tactic call close-abstract+rewrite_strat-topdown ran for 0.095 secs (0.095u,0.s)
Params: n= 150
Tactic call rewrite_strat-topdown ran for 0.277 secs (0.276u,0.001s) (success)
Tactic call rewrite_strat-topdown-noop ran for 0.002 secs (0.002u,0.s) (success)
Tactic call abstract+rewrite_strat-topdown ran for 0.49 secs (0.484u,0.005s) (success)
Tactic call close-abstract+rewrite_strat-topdown ran for 0.209 secs (0.205u,0.003s)
Params: n= 200
Tactic call rewrite_strat-topdown ran for 0.537 secs (0.529u,0.008s) (success)
Tactic call rewrite_strat-topdown-noop ran for 0.003 secs (0.003u,0.s) (success)
Tactic call abstract+rewrite_strat-topdown ran for 0.904 secs (0.892u,0.012s) (success)
Tactic call close-abstract+rewrite_strat-topdown ran for 0.362 secs (0.358u,0.004s)
Params: n= 250
Tactic call rewrite_strat-topdown ran for 0.772 secs (0.752u,0.019s) (success)
Tactic call rewrite_strat-topdown-noop ran for 0.006 secs (0.006u,0.s) (success)
Tactic call abstract+rewrite_strat-topdown ran for 1.35 secs (1.33u,0.019s) (success)
Tactic call close-abstract+rewrite_strat-topdown ran for 0.571 secs (0.57u,0.s)
Params: n= 300
Tactic call rewrite_strat-topdown ran for 1.165 secs (1.161u,0.003s) (success)
Tactic call rewrite_strat-topdown-noop ran for 0.006 secs (0.006u,0.s) (success)
Tactic call abstract+rewrite_strat-topdown ran for 1.904 secs (1.896u,0.007s) (success)
Tactic call close-abstract+rewrite_strat-topdown ran for 0.731 secs (0.727u,0.003s)
Params: n= 350
Tactic call rewrite_strat-topdown ran for 1.651 secs (1.623u,0.027s) (success)
Tactic call rewrite_strat-topdown-noop ran for 0.008 secs (0.008u,0.s) (success)
Tactic call abstract+rewrite_strat-topdown ran for 2.738 secs (2.702u,0.035s) (success)
Tactic call close-abstract+rewrite_strat-topdown ran for 1.077 secs (1.069u,0.007s)
Params: n= 400
Tactic call rewrite_strat-topdown ran for 2.146 secs (2.13u,0.015s) (success)
Tactic call rewrite_strat-topdown-noop ran for 0.011 secs (0.011u,0.s) (success)
Tactic call abstract+rewrite_strat-topdown ran for 3.484 secs (3.463u,0.019s) (success)
Tactic call close-abstract+rewrite_strat-topdown ran for 1.324 secs (1.319u,0.003s)
