Params: n= 4
Tactic call rewrite_strat-bottomup ran for 0.002 secs (0.002u,0.s) (success)
Tactic call rewrite_strat-bottomup-noop ran for 0. secs (0.u,0.s) (success)
Tactic call abstract+rewrite_strat-bottomup ran for 0.003 secs (0.003u,0.s) (success)
Tactic call close-abstract+rewrite_strat-bottomup ran for 0. secs (0.u,0.s)
Params: n= 5
Tactic call rewrite_strat-bottomup ran for 0.002 secs (0.u,0.002s) (success)
Tactic call rewrite_strat-bottomup-noop ran for 0. secs (0.u,0.s) (success)
Tactic call abstract+rewrite_strat-bottomup ran for 0.004 secs (0.u,0.004s) (success)
Tactic call close-abstract+rewrite_strat-bottomup ran for 0.001 secs (0.u,0.s)
Params: n= 6
Tactic call rewrite_strat-bottomup ran for 0.003 secs (0.003u,0.s) (success)
Tactic call rewrite_strat-bottomup-noop ran for 0. secs (0.u,0.s) (success)
Tactic call abstract+rewrite_strat-bottomup ran for 0.005 secs (0.004u,0.s) (success)
Tactic call close-abstract+rewrite_strat-bottomup ran for 0.001 secs (0.u,0.s)
Params: n= 7
Tactic call rewrite_strat-bottomup ran for 0.003 secs (0.003u,0.s) (success)
Tactic call rewrite_strat-bottomup-noop ran for 0. secs (0.u,0.s) (success)
Tactic call abstract+rewrite_strat-bottomup ran for 0.005 secs (0.005u,0.s) (success)
Tactic call close-abstract+rewrite_strat-bottomup ran for 0. secs (0.u,0.s)
Params: n= 8
Tactic call rewrite_strat-bottomup ran for 0.005 secs (0.005u,0.s) (success)
Tactic call rewrite_strat-bottomup-noop ran for 0. secs (0.u,0.s) (success)
Tactic call abstract+rewrite_strat-bottomup ran for 0.007 secs (0.007u,0.s) (success)
Tactic call close-abstract+rewrite_strat-bottomup ran for 0.001 secs (0.001u,0.s)
Params: n= 9
Tactic call rewrite_strat-bottomup ran for 0.006 secs (0.u,0.006s) (success)
Tactic call rewrite_strat-bottomup-noop ran for 0. secs (0.u,0.s) (success)
Tactic call abstract+rewrite_strat-bottomup ran for 0.058 secs (0.043u,0.014s) (success)
Tactic call close-abstract+rewrite_strat-bottomup ran for 0.052 secs (0.043u,0.008s)
Params: n= 10
Tactic call rewrite_strat-bottomup ran for 0.004 secs (0.004u,0.s) (success)
Tactic call rewrite_strat-bottomup-noop ran for 0. secs (0.u,0.s) (success)
Tactic call abstract+rewrite_strat-bottomup ran for 0.006 secs (0.005u,0.s) (success)
Tactic call close-abstract+rewrite_strat-bottomup ran for 0.001 secs (0.u,0.s)
Params: n= 11
Tactic call rewrite_strat-bottomup ran for 0.004 secs (0.004u,0.s) (success)
Tactic call rewrite_strat-bottomup-noop ran for 0. secs (0.u,0.s) (success)
Tactic call abstract+rewrite_strat-bottomup ran for 0.006 secs (0.006u,0.s) (success)
Tactic call close-abstract+rewrite_strat-bottomup ran for 0.001 secs (0.001u,0.s)
Params: n= 12
Tactic call rewrite_strat-bottomup ran for 0.005 secs (0.005u,0.s) (success)
Tactic call rewrite_strat-bottomup-noop ran for 0. secs (0.u,0.s) (success)
Tactic call abstract+rewrite_strat-bottomup ran for 0.007 secs (0.007u,0.s) (success)
Tactic call close-abstract+rewrite_strat-bottomup ran for 0.002 secs (0.002u,0.s)
Params: n= 13
Tactic call rewrite_strat-bottomup ran for 0.005 secs (0.005u,0.s) (success)
Tactic call rewrite_strat-bottomup-noop ran for 0. secs (0.u,0.s) (success)
Tactic call abstract+rewrite_strat-bottomup ran for 0.008 secs (0.008u,0.s) (success)
Tactic call close-abstract+rewrite_strat-bottomup ran for 0.001 secs (0.001u,0.s)
Params: n= 14
Tactic call rewrite_strat-bottomup ran for 0.005 secs (0.005u,0.s) (success)
Tactic call rewrite_strat-bottomup-noop ran for 0. secs (0.u,0.s) (success)
Tactic call abstract+rewrite_strat-bottomup ran for 0.008 secs (0.008u,0.s) (success)
Tactic call close-abstract+rewrite_strat-bottomup ran for 0.002 secs (0.002u,0.s)
Params: n= 15
Tactic call rewrite_strat-bottomup ran for 0.007 secs (0.007u,0.s) (success)
Tactic call rewrite_strat-bottomup-noop ran for 0. secs (0.u,0.s) (success)
Tactic call abstract+rewrite_strat-bottomup ran for 0.01 secs (0.01u,0.s) (success)
Tactic call close-abstract+rewrite_strat-bottomup ran for 0.002 secs (0.002u,0.s)
Params: n= 16
Tactic call rewrite_strat-bottomup ran for 0.008 secs (0.008u,0.s) (success)
Tactic call rewrite_strat-bottomup-noop ran for 0. secs (0.u,0.s) (success)
Tactic call abstract+rewrite_strat-bottomup ran for 0.012 secs (0.012u,0.s) (success)
Tactic call close-abstract+rewrite_strat-bottomup ran for 0.003 secs (0.003u,0.s)
Params: n= 17
Tactic call rewrite_strat-bottomup ran for 0.008 secs (0.008u,0.s) (success)
Tactic call rewrite_strat-bottomup-noop ran for 0. secs (0.u,0.s) (success)
Tactic call abstract+rewrite_strat-bottomup ran for 0.012 secs (0.012u,0.s) (success)
Tactic call close-abstract+rewrite_strat-bottomup ran for 0.003 secs (0.003u,0.s)
Params: n= 18
Tactic call rewrite_strat-bottomup ran for 0.009 secs (0.009u,0.s) (success)
Tactic call rewrite_strat-bottomup-noop ran for 0. secs (0.u,0.s) (success)
Tactic call abstract+rewrite_strat-bottomup ran for 0.014 secs (0.014u,0.s) (success)
Tactic call close-abstract+rewrite_strat-bottomup ran for 0.003 secs (0.003u,0.s)
Params: n= 19
Tactic call rewrite_strat-bottomup ran for 0.01 secs (0.01u,0.s) (success)
Tactic call rewrite_strat-bottomup-noop ran for 0. secs (0.u,0.s) (success)
Tactic call abstract+rewrite_strat-bottomup ran for 0.015 secs (0.015u,0.s) (success)
Tactic call close-abstract+rewrite_strat-bottomup ran for 0.004 secs (0.004u,0.s)
Params: n= 20
Tactic call rewrite_strat-bottomup ran for 0.014 secs (0.014u,0.s) (success)
Tactic call rewrite_strat-bottomup-noop ran for 0. secs (0.u,0.s) (success)
Tactic call abstract+rewrite_strat-bottomup ran for 0.02 secs (0.02u,0.s) (success)
Tactic call close-abstract+rewrite_strat-bottomup ran for 0.004 secs (0.004u,0.s)
Params: n= 21
Tactic call rewrite_strat-bottomup ran for 0.012 secs (0.012u,0.s) (success)
Tactic call rewrite_strat-bottomup-noop ran for 0. secs (0.u,0.s) (success)
Tactic call abstract+rewrite_strat-bottomup ran for 0.019 secs (0.019u,0.s) (success)
Tactic call close-abstract+rewrite_strat-bottomup ran for 0.006 secs (0.006u,0.s)
Params: n= 22
Tactic call rewrite_strat-bottomup ran for 0.015 secs (0.015u,0.s) (success)
Tactic call rewrite_strat-bottomup-noop ran for 0. secs (0.u,0.s) (success)
Tactic call abstract+rewrite_strat-bottomup ran for 0.025 secs (0.025u,0.s) (success)
Tactic call close-abstract+rewrite_strat-bottomup ran for 0.008 secs (0.008u,0.s)
Params: n= 23
Tactic call rewrite_strat-bottomup ran for 0.015 secs (0.015u,0.s) (success)
Tactic call rewrite_strat-bottomup-noop ran for 0. secs (0.u,0.s) (success)
Tactic call abstract+rewrite_strat-bottomup ran for 0.021 secs (0.021u,0.s) (success)
Tactic call close-abstract+rewrite_strat-bottomup ran for 0.005 secs (0.005u,0.s)
Params: n= 24
Tactic call rewrite_strat-bottomup ran for 0.013 secs (0.013u,0.s) (success)
Tactic call rewrite_strat-bottomup-noop ran for 0. secs (0.u,0.s) (success)
Tactic call abstract+rewrite_strat-bottomup ran for 0.02 secs (0.02u,0.s) (success)
Tactic call close-abstract+rewrite_strat-bottomup ran for 0.007 secs (0.007u,0.s)
Params: n= 25
Tactic call rewrite_strat-bottomup ran for 0.015 secs (0.015u,0.s) (success)
Tactic call rewrite_strat-bottomup-noop ran for 0. secs (0.u,0.s) (success)
Tactic call abstract+rewrite_strat-bottomup ran for 0.025 secs (0.025u,0.s) (success)
Tactic call close-abstract+rewrite_strat-bottomup ran for 0.009 secs (0.009u,0.s)
Params: n= 26
Tactic call rewrite_strat-bottomup ran for 0.015 secs (0.015u,0.s) (success)
Tactic call rewrite_strat-bottomup-noop ran for 0. secs (0.u,0.s) (success)
Tactic call abstract+rewrite_strat-bottomup ran for 0.023 secs (0.023u,0.s) (success)
Tactic call close-abstract+rewrite_strat-bottomup ran for 0.007 secs (0.007u,0.s)
Params: n= 27
Tactic call rewrite_strat-bottomup ran for 0.016 secs (0.016u,0.s) (success)
Tactic call rewrite_strat-bottomup-noop ran for 0. secs (0.u,0.s) (success)
Tactic call abstract+rewrite_strat-bottomup ran for 0.026 secs (0.026u,0.s) (success)
Tactic call close-abstract+rewrite_strat-bottomup ran for 0.009 secs (0.009u,0.s)
Params: n= 28
Tactic call rewrite_strat-bottomup ran for 0.016 secs (0.016u,0.s) (success)
Tactic call rewrite_strat-bottomup-noop ran for 0. secs (0.u,0.s) (success)
Tactic call abstract+rewrite_strat-bottomup ran for 0.025 secs (0.025u,0.s) (success)
Tactic call close-abstract+rewrite_strat-bottomup ran for 0.008 secs (0.008u,0.s)
Params: n= 29
Tactic call rewrite_strat-bottomup ran for 0.018 secs (0.018u,0.s) (success)
Tactic call rewrite_strat-bottomup-noop ran for 0. secs (0.u,0.s) (success)
Tactic call abstract+rewrite_strat-bottomup ran for 0.029 secs (0.029u,0.s) (success)
Tactic call close-abstract+rewrite_strat-bottomup ran for 0.01 secs (0.01u,0.s)
Params: n= 30
Tactic call rewrite_strat-bottomup ran for 0.018 secs (0.018u,0.s) (success)
Tactic call rewrite_strat-bottomup-noop ran for 0. secs (0.u,0.s) (success)
Tactic call abstract+rewrite_strat-bottomup ran for 0.028 secs (0.028u,0.s) (success)
Tactic call close-abstract+rewrite_strat-bottomup ran for 0.008 secs (0.008u,0.s)
Params: n= 31
Tactic call rewrite_strat-bottomup ran for 0.02 secs (0.02u,0.s) (success)
Tactic call rewrite_strat-bottomup-noop ran for 0. secs (0.u,0.s) (success)
Tactic call abstract+rewrite_strat-bottomup ran for 0.03 secs (0.03u,0.s) (success)
Tactic call close-abstract+rewrite_strat-bottomup ran for 0.009 secs (0.009u,0.s)
Params: n= 32
Tactic call rewrite_strat-bottomup ran for 0.022 secs (0.022u,0.s) (success)
Tactic call rewrite_strat-bottomup-noop ran for 0. secs (0.u,0.s) (success)
Tactic call abstract+rewrite_strat-bottomup ran for 0.034 secs (0.034u,0.s) (success)
Tactic call close-abstract+rewrite_strat-bottomup ran for 0.011 secs (0.011u,0.s)
Params: n= 33
Tactic call rewrite_strat-bottomup ran for 0.024 secs (0.024u,0.s) (success)
Tactic call rewrite_strat-bottomup-noop ran for 0. secs (0.u,0.s) (success)
Tactic call abstract+rewrite_strat-bottomup ran for 0.036 secs (0.036u,0.s) (success)
Tactic call close-abstract+rewrite_strat-bottomup ran for 0.01 secs (0.01u,0.s)
Params: n= 34
Tactic call rewrite_strat-bottomup ran for 0.025 secs (0.025u,0.s) (success)
Tactic call rewrite_strat-bottomup-noop ran for 0. secs (0.u,0.s) (success)
Tactic call abstract+rewrite_strat-bottomup ran for 0.038 secs (0.038u,0.s) (success)
Tactic call close-abstract+rewrite_strat-bottomup ran for 0.011 secs (0.011u,0.s)
Params: n= 35
Tactic call rewrite_strat-bottomup ran for 0.024 secs (0.024u,0.s) (success)
Tactic call rewrite_strat-bottomup-noop ran for 0. secs (0.u,0.s) (success)
Tactic call abstract+rewrite_strat-bottomup ran for 0.039 secs (0.039u,0.s) (success)
Tactic call close-abstract+rewrite_strat-bottomup ran for 0.014 secs (0.014u,0.s)
Params: n= 36
Tactic call rewrite_strat-bottomup ran for 0.026 secs (0.026u,0.s) (success)
Tactic call rewrite_strat-bottomup-noop ran for 0. secs (0.u,0.s) (success)
Tactic call abstract+rewrite_strat-bottomup ran for 0.039 secs (0.039u,0.s) (success)
Tactic call close-abstract+rewrite_strat-bottomup ran for 0.012 secs (0.012u,0.s)
Params: n= 37
Tactic call rewrite_strat-bottomup ran for 0.031 secs (0.031u,0.s) (success)
Tactic call rewrite_strat-bottomup-noop ran for 0. secs (0.u,0.s) (success)
Tactic call abstract+rewrite_strat-bottomup ran for 0.048 secs (0.048u,0.s) (success)
Tactic call close-abstract+rewrite_strat-bottomup ran for 0.016 secs (0.016u,0.s)
Params: n= 38
Tactic call rewrite_strat-bottomup ran for 0.029 secs (0.029u,0.s) (success)
Tactic call rewrite_strat-bottomup-noop ran for 0. secs (0.u,0.s) (success)
Tactic call abstract+rewrite_strat-bottomup ran for 0.044 secs (0.044u,0.s) (success)
Tactic call close-abstract+rewrite_strat-bottomup ran for 0.014 secs (0.014u,0.s)
Params: n= 39
Tactic call rewrite_strat-bottomup ran for 0.03 secs (0.03u,0.s) (success)
Tactic call rewrite_strat-bottomup-noop ran for 0. secs (0.u,0.s) (success)
Tactic call abstract+rewrite_strat-bottomup ran for 0.045 secs (0.045u,0.s) (success)
Tactic call close-abstract+rewrite_strat-bottomup ran for 0.014 secs (0.014u,0.s)
Params: n= 40
Tactic call rewrite_strat-bottomup ran for 0.033 secs (0.033u,0.s) (success)
Tactic call rewrite_strat-bottomup-noop ran for 0. secs (0.u,0.s) (success)
Tactic call abstract+rewrite_strat-bottomup ran for 0.049 secs (0.049u,0.s) (success)
Tactic call close-abstract+rewrite_strat-bottomup ran for 0.015 secs (0.015u,0.s)
Params: n= 41
Tactic call rewrite_strat-bottomup ran for 0.032 secs (0.032u,0.s) (success)
Tactic call rewrite_strat-bottomup-noop ran for 0.002 secs (0.002u,0.s) (success)
Tactic call abstract+rewrite_strat-bottomup ran for 0.05 secs (0.05u,0.s) (success)
Tactic call close-abstract+rewrite_strat-bottomup ran for 0.015 secs (0.015u,0.s)
Params: n= 42
Tactic call rewrite_strat-bottomup ran for 0.033 secs (0.033u,0.s) (success)
Tactic call rewrite_strat-bottomup-noop ran for 0.003 secs (0.003u,0.s) (success)
Tactic call abstract+rewrite_strat-bottomup ran for 0.054 secs (0.054u,0.s) (success)
Tactic call close-abstract+rewrite_strat-bottomup ran for 0.017 secs (0.017u,0.s)
Params: n= 43
Tactic call rewrite_strat-bottomup ran for 0.037 secs (0.037u,0.s) (success)
Tactic call rewrite_strat-bottomup-noop ran for 0. secs (0.u,0.s) (success)
Tactic call abstract+rewrite_strat-bottomup ran for 0.055 secs (0.055u,0.s) (success)
Tactic call close-abstract+rewrite_strat-bottomup ran for 0.017 secs (0.017u,0.s)
Params: n= 44
Tactic call rewrite_strat-bottomup ran for 0.038 secs (0.038u,0.s) (success)
Tactic call rewrite_strat-bottomup-noop ran for 0. secs (0.u,0.s) (success)
Tactic call abstract+rewrite_strat-bottomup ran for 0.058 secs (0.058u,0.s) (success)
Tactic call close-abstract+rewrite_strat-bottomup ran for 0.018 secs (0.018u,0.s)
Params: n= 45
Tactic call rewrite_strat-bottomup ran for 0.044 secs (0.044u,0.s) (success)
Tactic call rewrite_strat-bottomup-noop ran for 0. secs (0.u,0.s) (success)
Tactic call abstract+rewrite_strat-bottomup ran for 0.064 secs (0.064u,0.s) (success)
Tactic call close-abstract+rewrite_strat-bottomup ran for 0.019 secs (0.019u,0.s)
Params: n= 46
Tactic call rewrite_strat-bottomup ran for 0.045 secs (0.045u,0.s) (success)
Tactic call rewrite_strat-bottomup-noop ran for 0. secs (0.u,0.s) (success)
Tactic call abstract+rewrite_strat-bottomup ran for 0.07 secs (0.07u,0.s) (success)
Tactic call close-abstract+rewrite_strat-bottomup ran for 0.023 secs (0.023u,0.s)
Params: n= 47
Tactic call rewrite_strat-bottomup ran for 0.044 secs (0.044u,0.s) (success)
Tactic call rewrite_strat-bottomup-noop ran for 0. secs (0.u,0.s) (success)
Tactic call abstract+rewrite_strat-bottomup ran for 0.068 secs (0.068u,0.s) (success)
Tactic call close-abstract+rewrite_strat-bottomup ran for 0.023 secs (0.023u,0.s)
Params: n= 48
Tactic call rewrite_strat-bottomup ran for 0.045 secs (0.045u,0.s) (success)
Tactic call rewrite_strat-bottomup-noop ran for 0. secs (0.u,0.s) (success)
Tactic call abstract+rewrite_strat-bottomup ran for 0.07 secs (0.07u,0.s) (success)
Tactic call close-abstract+rewrite_strat-bottomup ran for 0.023 secs (0.023u,0.s)
Params: n= 49
Tactic call rewrite_strat-bottomup ran for 0.047 secs (0.047u,0.s) (success)
Tactic call rewrite_strat-bottomup-noop ran for 0. secs (0.u,0.s) (success)
Tactic call abstract+rewrite_strat-bottomup ran for 0.072 secs (0.072u,0.s) (success)
Tactic call close-abstract+rewrite_strat-bottomup ran for 0.023 secs (0.023u,0.s)
Params: n= 51
Tactic call rewrite_strat-bottomup ran for 0.049 secs (0.049u,0.s) (success)
Tactic call rewrite_strat-bottomup-noop ran for 0. secs (0.u,0.s) (success)
Tactic call abstract+rewrite_strat-bottomup ran for 0.08 secs (0.08u,0.s) (success)
Tactic call close-abstract+rewrite_strat-bottomup ran for 0.03 secs (0.03u,0.s)
Params: n= 52
Tactic call rewrite_strat-bottomup ran for 0.054 secs (0.051u,0.002s) (success)
Tactic call rewrite_strat-bottomup-noop ran for 0. secs (0.u,0.s) (success)
Tactic call abstract+rewrite_strat-bottomup ran for 0.08 secs (0.077u,0.003s) (success)
Tactic call close-abstract+rewrite_strat-bottomup ran for 0.025 secs (0.025u,0.s)
Params: n= 53
Tactic call rewrite_strat-bottomup ran for 0.055 secs (0.055u,0.s) (success)
Tactic call rewrite_strat-bottomup-noop ran for 0. secs (0.u,0.s) (success)
Tactic call abstract+rewrite_strat-bottomup ran for 0.084 secs (0.084u,0.s) (success)
Tactic call close-abstract+rewrite_strat-bottomup ran for 0.028 secs (0.028u,0.s)
Params: n= 54
Tactic call rewrite_strat-bottomup ran for 0.061 secs (0.061u,0.s) (success)
Tactic call rewrite_strat-bottomup-noop ran for 0. secs (0.u,0.s) (success)
Tactic call abstract+rewrite_strat-bottomup ran for 0.092 secs (0.092u,0.s) (success)
Tactic call close-abstract+rewrite_strat-bottomup ran for 0.03 secs (0.03u,0.s)
Params: n= 55
Tactic call rewrite_strat-bottomup ran for 0.062 secs (0.061u,0.s) (success)
Tactic call rewrite_strat-bottomup-noop ran for 0. secs (0.u,0.s) (success)
Tactic call abstract+rewrite_strat-bottomup ran for 0.097 secs (0.096u,0.s) (success)
Tactic call close-abstract+rewrite_strat-bottomup ran for 0.033 secs (0.033u,0.s)
Params: n= 56
Tactic call rewrite_strat-bottomup ran for 0.059 secs (0.055u,0.003s) (success)
Tactic call rewrite_strat-bottomup-noop ran for 0. secs (0.u,0.s) (success)
Tactic call abstract+rewrite_strat-bottomup ran for 0.095 secs (0.091u,0.003s) (success)
Tactic call close-abstract+rewrite_strat-bottomup ran for 0.034 secs (0.034u,0.s)
Params: n= 57
Tactic call rewrite_strat-bottomup ran for 0.062 secs (0.062u,0.s) (success)
Tactic call rewrite_strat-bottomup-noop ran for 0. secs (0.u,0.s) (success)
Tactic call abstract+rewrite_strat-bottomup ran for 0.096 secs (0.096u,0.s) (success)
Tactic call close-abstract+rewrite_strat-bottomup ran for 0.032 secs (0.032u,0.s)
Params: n= 58
Tactic call rewrite_strat-bottomup ran for 0.071 secs (0.071u,0.s) (success)
Tactic call rewrite_strat-bottomup-noop ran for 0. secs (0.u,0.s) (success)
Tactic call abstract+rewrite_strat-bottomup ran for 0.105 secs (0.105u,0.s) (success)
Tactic call close-abstract+rewrite_strat-bottomup ran for 0.032 secs (0.032u,0.s)
Params: n= 59
Tactic call rewrite_strat-bottomup ran for 0.068 secs (0.068u,0.s) (success)
Tactic call rewrite_strat-bottomup-noop ran for 0. secs (0.u,0.s) (success)
Tactic call abstract+rewrite_strat-bottomup ran for 0.107 secs (0.107u,0.s) (success)
Tactic call close-abstract+rewrite_strat-bottomup ran for 0.037 secs (0.037u,0.s)
Params: n= 60
Tactic call rewrite_strat-bottomup ran for 0.071 secs (0.071u,0.s) (success)
Tactic call rewrite_strat-bottomup-noop ran for 0. secs (0.u,0.s) (success)
Tactic call abstract+rewrite_strat-bottomup ran for 0.112 secs (0.112u,0.s) (success)
Tactic call close-abstract+rewrite_strat-bottomup ran for 0.039 secs (0.039u,0.s)
Params: n= 61
Tactic call rewrite_strat-bottomup ran for 0.071 secs (0.071u,0.s) (success)
Tactic call rewrite_strat-bottomup-noop ran for 0. secs (0.u,0.s) (success)
Tactic call abstract+rewrite_strat-bottomup ran for 0.111 secs (0.108u,0.003s) (success)
Tactic call close-abstract+rewrite_strat-bottomup ran for 0.039 secs (0.035u,0.003s)
Params: n= 62
Tactic call rewrite_strat-bottomup ran for 0.072 secs (0.072u,0.s) (success)
Tactic call rewrite_strat-bottomup-noop ran for 0. secs (0.u,0.s) (success)
Tactic call abstract+rewrite_strat-bottomup ran for 0.112 secs (0.112u,0.s) (success)
Tactic call close-abstract+rewrite_strat-bottomup ran for 0.038 secs (0.038u,0.s)
Params: n= 63
Tactic call rewrite_strat-bottomup ran for 0.073 secs (0.073u,0.s) (success)
Tactic call rewrite_strat-bottomup-noop ran for 0. secs (0.u,0.s) (success)
Tactic call abstract+rewrite_strat-bottomup ran for 0.115 secs (0.115u,0.s) (success)
Tactic call close-abstract+rewrite_strat-bottomup ran for 0.04 secs (0.04u,0.s)
Params: n= 64
Tactic call rewrite_strat-bottomup ran for 0.084 secs (0.084u,0.s) (success)
Tactic call rewrite_strat-bottomup-noop ran for 0. secs (0.u,0.s) (success)
Tactic call abstract+rewrite_strat-bottomup ran for 0.126 secs (0.126u,0.s) (success)
Tactic call close-abstract+rewrite_strat-bottomup ran for 0.041 secs (0.041u,0.s)
Params: n= 65
Tactic call rewrite_strat-bottomup ran for 0.08 secs (0.08u,0.s) (success)
Tactic call rewrite_strat-bottomup-noop ran for 0. secs (0.u,0.s) (success)
Tactic call abstract+rewrite_strat-bottomup ran for 0.12 secs (0.12u,0.s) (success)
Tactic call close-abstract+rewrite_strat-bottomup ran for 0.038 secs (0.038u,0.s)
Params: n= 66
Tactic call rewrite_strat-bottomup ran for 0.084 secs (0.084u,0.s) (success)
Tactic call rewrite_strat-bottomup-noop ran for 0. secs (0.u,0.s) (success)
Tactic call abstract+rewrite_strat-bottomup ran for 0.133 secs (0.133u,0.s) (success)
Tactic call close-abstract+rewrite_strat-bottomup ran for 0.047 secs (0.047u,0.s)
Params: n= 67
Tactic call rewrite_strat-bottomup ran for 0.081 secs (0.081u,0.s) (success)
Tactic call rewrite_strat-bottomup-noop ran for 0. secs (0.u,0.s) (success)
Tactic call abstract+rewrite_strat-bottomup ran for 0.131 secs (0.131u,0.s) (success)
Tactic call close-abstract+rewrite_strat-bottomup ran for 0.049 secs (0.049u,0.s)
Params: n= 68
Tactic call rewrite_strat-bottomup ran for 0.085 secs (0.085u,0.s) (success)
Tactic call rewrite_strat-bottomup-noop ran for 0. secs (0.u,0.s) (success)
Tactic call abstract+rewrite_strat-bottomup ran for 0.132 secs (0.132u,0.s) (success)
Tactic call close-abstract+rewrite_strat-bottomup ran for 0.045 secs (0.045u,0.s)
Params: n= 69
Tactic call rewrite_strat-bottomup ran for 0.086 secs (0.086u,0.s) (success)
Tactic call rewrite_strat-bottomup-noop ran for 0. secs (0.u,0.s) (success)
Tactic call abstract+rewrite_strat-bottomup ran for 0.137 secs (0.137u,0.s) (success)
Tactic call close-abstract+rewrite_strat-bottomup ran for 0.05 secs (0.05u,0.s)
Params: n= 70
Tactic call rewrite_strat-bottomup ran for 0.102 secs (0.102u,0.s) (success)
Tactic call rewrite_strat-bottomup-noop ran for 0. secs (0.u,0.s) (success)
Tactic call abstract+rewrite_strat-bottomup ran for 0.15 secs (0.15u,0.s) (success)
Tactic call close-abstract+rewrite_strat-bottomup ran for 0.046 secs (0.046u,0.s)
Params: n= 71
Tactic call rewrite_strat-bottomup ran for 0.112 secs (0.112u,0.s) (success)
Tactic call rewrite_strat-bottomup-noop ran for 0. secs (0.u,0.s) (success)
Tactic call abstract+rewrite_strat-bottomup ran for 0.163 secs (0.163u,0.s) (success)
Tactic call close-abstract+rewrite_strat-bottomup ran for 0.049 secs (0.049u,0.s)
Params: n= 72
Tactic call rewrite_strat-bottomup ran for 0.087 secs (0.087u,0.s) (success)
Tactic call rewrite_strat-bottomup-noop ran for 0. secs (0.u,0.s) (success)
Tactic call abstract+rewrite_strat-bottomup ran for 0.134 secs (0.134u,0.s) (success)
Tactic call close-abstract+rewrite_strat-bottomup ran for 0.045 secs (0.045u,0.s)
Params: n= 73
Tactic call rewrite_strat-bottomup ran for 0.1 secs (0.1u,0.s) (success)
Tactic call rewrite_strat-bottomup-noop ran for 0. secs (0.u,0.s) (success)
Tactic call abstract+rewrite_strat-bottomup ran for 0.149 secs (0.149u,0.s) (success)
Tactic call close-abstract+rewrite_strat-bottomup ran for 0.047 secs (0.047u,0.s)
Params: n= 74
Tactic call rewrite_strat-bottomup ran for 0.1 secs (0.1u,0.s) (success)
Tactic call rewrite_strat-bottomup-noop ran for 0. secs (0.u,0.s) (success)
Tactic call abstract+rewrite_strat-bottomup ran for 0.154 secs (0.154u,0.s) (success)
Tactic call close-abstract+rewrite_strat-bottomup ran for 0.052 secs (0.052u,0.s)
Params: n= 75
Tactic call rewrite_strat-bottomup ran for 0.097 secs (0.097u,0.s) (success)
Tactic call rewrite_strat-bottomup-noop ran for 0. secs (0.u,0.s) (success)
Tactic call abstract+rewrite_strat-bottomup ran for 0.148 secs (0.148u,0.s) (success)
Tactic call close-abstract+rewrite_strat-bottomup ran for 0.049 secs (0.049u,0.s)
Params: n= 76
Tactic call rewrite_strat-bottomup ran for 0.109 secs (0.109u,0.s) (success)
Tactic call rewrite_strat-bottomup-noop ran for 0. secs (0.u,0.s) (success)
Tactic call abstract+rewrite_strat-bottomup ran for 0.163 secs (0.163u,0.s) (success)
Tactic call close-abstract+rewrite_strat-bottomup ran for 0.052 secs (0.052u,0.s)
Params: n= 77
Tactic call rewrite_strat-bottomup ran for 0.1 secs (0.1u,0.s) (success)
Tactic call rewrite_strat-bottomup-noop ran for 0. secs (0.u,0.s) (success)
Tactic call abstract+rewrite_strat-bottomup ran for 0.155 secs (0.155u,0.s) (success)
Tactic call close-abstract+rewrite_strat-bottomup ran for 0.053 secs (0.053u,0.s)
Params: n= 78
Tactic call rewrite_strat-bottomup ran for 0.116 secs (0.116u,0.s) (success)
Tactic call rewrite_strat-bottomup-noop ran for 0. secs (0.u,0.s) (success)
Tactic call abstract+rewrite_strat-bottomup ran for 0.173 secs (0.173u,0.s) (success)
Tactic call close-abstract+rewrite_strat-bottomup ran for 0.054 secs (0.054u,0.s)
Params: n= 79
Tactic call rewrite_strat-bottomup ran for 0.113 secs (0.109u,0.003s) (success)
Tactic call rewrite_strat-bottomup-noop ran for 0. secs (0.u,0.s) (success)
Tactic call abstract+rewrite_strat-bottomup ran for 0.175 secs (0.171u,0.003s) (success)
Tactic call close-abstract+rewrite_strat-bottomup ran for 0.06 secs (0.06u,0.s)
Params: n= 80
Tactic call rewrite_strat-bottomup ran for 0.113 secs (0.113u,0.s) (success)
Tactic call rewrite_strat-bottomup-noop ran for 0. secs (0.u,0.s) (success)
Tactic call abstract+rewrite_strat-bottomup ran for 0.175 secs (0.175u,0.s) (success)
Tactic call close-abstract+rewrite_strat-bottomup ran for 0.06 secs (0.06u,0.s)
Params: n= 81
Tactic call rewrite_strat-bottomup ran for 0.118 secs (0.118u,0.s) (success)
Tactic call rewrite_strat-bottomup-noop ran for 0. secs (0.u,0.s) (success)
Tactic call abstract+rewrite_strat-bottomup ran for 0.178 secs (0.178u,0.s) (success)
Tactic call close-abstract+rewrite_strat-bottomup ran for 0.057 secs (0.057u,0.s)
Params: n= 82
Tactic call rewrite_strat-bottomup ran for 0.113 secs (0.113u,0.s) (success)
Tactic call rewrite_strat-bottomup-noop ran for 0. secs (0.u,0.s) (success)
Tactic call abstract+rewrite_strat-bottomup ran for 0.179 secs (0.179u,0.s) (success)
Tactic call close-abstract+rewrite_strat-bottomup ran for 0.064 secs (0.064u,0.s)
Params: n= 83
Tactic call rewrite_strat-bottomup ran for 0.123 secs (0.123u,0.s) (success)
Tactic call rewrite_strat-bottomup-noop ran for 0. secs (0.u,0.s) (success)
Tactic call abstract+rewrite_strat-bottomup ran for 0.2 secs (0.2u,0.s) (success)
Tactic call close-abstract+rewrite_strat-bottomup ran for 0.075 secs (0.075u,0.s)
Params: n= 84
Tactic call rewrite_strat-bottomup ran for 0.128 secs (0.128u,0.s) (success)
Tactic call rewrite_strat-bottomup-noop ran for 0. secs (0.u,0.s) (success)
Tactic call abstract+rewrite_strat-bottomup ran for 0.194 secs (0.193u,0.s) (success)
Tactic call close-abstract+rewrite_strat-bottomup ran for 0.063 secs (0.063u,0.s)
Params: n= 85
Tactic call rewrite_strat-bottomup ran for 0.124 secs (0.124u,0.s) (success)
Tactic call rewrite_strat-bottomup-noop ran for 0. secs (0.u,0.s) (success)
Tactic call abstract+rewrite_strat-bottomup ran for 0.192 secs (0.192u,0.s) (success)
Tactic call close-abstract+rewrite_strat-bottomup ran for 0.066 secs (0.066u,0.s)
Params: n= 86
Tactic call rewrite_strat-bottomup ran for 0.141 secs (0.141u,0.s) (success)
Tactic call rewrite_strat-bottomup-noop ran for 0.001 secs (0.001u,0.s) (success)
Tactic call abstract+rewrite_strat-bottomup ran for 0.216 secs (0.216u,0.s) (success)
Tactic call close-abstract+rewrite_strat-bottomup ran for 0.072 secs (0.072u,0.s)
Params: n= 87
Tactic call rewrite_strat-bottomup ran for 0.156 secs (0.152u,0.003s) (success)
Tactic call rewrite_strat-bottomup-noop ran for 0. secs (0.u,0.s) (success)
Tactic call abstract+rewrite_strat-bottomup ran for 0.235 secs (0.231u,0.003s) (success)
Tactic call close-abstract+rewrite_strat-bottomup ran for 0.076 secs (0.076u,0.s)
Params: n= 88
Tactic call rewrite_strat-bottomup ran for 0.137 secs (0.137u,0.s) (success)
Tactic call rewrite_strat-bottomup-noop ran for 0.001 secs (0.001u,0.s) (success)
Tactic call abstract+rewrite_strat-bottomup ran for 0.228 secs (0.228u,0.s) (success)
Tactic call close-abstract+rewrite_strat-bottomup ran for 0.084 secs (0.084u,0.s)
Params: n= 89
Tactic call rewrite_strat-bottomup ran for 0.155 secs (0.155u,0.s) (success)
Tactic call rewrite_strat-bottomup-noop ran for 0.001 secs (0.001u,0.s) (success)
Tactic call abstract+rewrite_strat-bottomup ran for 0.257 secs (0.254u,0.003s) (success)
Tactic call close-abstract+rewrite_strat-bottomup ran for 0.1 secs (0.096u,0.003s)
Params: n= 90
Tactic call rewrite_strat-bottomup ran for 0.159 secs (0.159u,0.s) (success)
Tactic call rewrite_strat-bottomup-noop ran for 0.009 secs (0.009u,0.s) (success)
Tactic call abstract+rewrite_strat-bottomup ran for 0.259 secs (0.259u,0.s) (success)
Tactic call close-abstract+rewrite_strat-bottomup ran for 0.089 secs (0.089u,0.s)
Params: n= 91
Tactic call rewrite_strat-bottomup ran for 0.186 secs (0.186u,0.s) (success)
Tactic call rewrite_strat-bottomup-noop ran for 0.001 secs (0.u,0.s) (success)
Tactic call abstract+rewrite_strat-bottomup ran for 0.266 secs (0.266u,0.s) (success)
Tactic call close-abstract+rewrite_strat-bottomup ran for 0.077 secs (0.077u,0.s)
Params: n= 92
Tactic call rewrite_strat-bottomup ran for 0.148 secs (0.148u,0.s) (success)
Tactic call rewrite_strat-bottomup-noop ran for 0. secs (0.u,0.s) (success)
Tactic call abstract+rewrite_strat-bottomup ran for 0.232 secs (0.232u,0.s) (success)
Tactic call close-abstract+rewrite_strat-bottomup ran for 0.081 secs (0.081u,0.s)
Params: n= 93
Tactic call rewrite_strat-bottomup ran for 0.149 secs (0.149u,0.s) (success)
Tactic call rewrite_strat-bottomup-noop ran for 0.001 secs (0.001u,0.s) (success)
Tactic call abstract+rewrite_strat-bottomup ran for 0.231 secs (0.231u,0.s) (success)
Tactic call close-abstract+rewrite_strat-bottomup ran for 0.079 secs (0.079u,0.s)
Params: n= 94
Tactic call rewrite_strat-bottomup ran for 0.168 secs (0.164u,0.003s) (success)
Tactic call rewrite_strat-bottomup-noop ran for 0. secs (0.u,0.s) (success)
Tactic call abstract+rewrite_strat-bottomup ran for 0.263 secs (0.259u,0.003s) (success)
Tactic call close-abstract+rewrite_strat-bottomup ran for 0.092 secs (0.092u,0.s)
Params: n= 95
Tactic call rewrite_strat-bottomup ran for 0.17 secs (0.17u,0.s) (success)
Tactic call rewrite_strat-bottomup-noop ran for 0.001 secs (0.001u,0.s) (success)
Tactic call abstract+rewrite_strat-bottomup ran for 0.262 secs (0.262u,0.s) (success)
Tactic call close-abstract+rewrite_strat-bottomup ran for 0.088 secs (0.088u,0.s)
Params: n= 96
Tactic call rewrite_strat-bottomup ran for 0.174 secs (0.17u,0.004s) (success)
Tactic call rewrite_strat-bottomup-noop ran for 0. secs (0.u,0.s) (success)
Tactic call abstract+rewrite_strat-bottomup ran for 0.269 secs (0.265u,0.004s) (success)
Tactic call close-abstract+rewrite_strat-bottomup ran for 0.093 secs (0.093u,0.s)
Params: n= 97
Tactic call rewrite_strat-bottomup ran for 0.17 secs (0.17u,0.s) (success)
Tactic call rewrite_strat-bottomup-noop ran for 0. secs (0.u,0.s) (success)
Tactic call abstract+rewrite_strat-bottomup ran for 0.26 secs (0.26u,0.s) (success)
Tactic call close-abstract+rewrite_strat-bottomup ran for 0.087 secs (0.087u,0.s)
Params: n= 98
Tactic call rewrite_strat-bottomup ran for 0.165 secs (0.165u,0.s) (success)
Tactic call rewrite_strat-bottomup-noop ran for 0. secs (0.u,0.s) (success)
Tactic call abstract+rewrite_strat-bottomup ran for 0.256 secs (0.255u,0.s) (success)
Tactic call close-abstract+rewrite_strat-bottomup ran for 0.088 secs (0.088u,0.s)
Params: n= 99
Tactic call rewrite_strat-bottomup ran for 0.177 secs (0.177u,0.s) (success)
Tactic call rewrite_strat-bottomup-noop ran for 0.001 secs (0.001u,0.s) (success)
Tactic call abstract+rewrite_strat-bottomup ran for 0.27 secs (0.27u,0.s) (success)
Tactic call close-abstract+rewrite_strat-bottomup ran for 0.09 secs (0.09u,0.s)
Params: n= 110
Tactic call rewrite_strat-bottomup ran for 0.209 secs (0.209u,0.s) (success)
Tactic call rewrite_strat-bottomup-noop ran for 0.001 secs (0.001u,0.s) (success)
Tactic call abstract+rewrite_strat-bottomup ran for 0.324 secs (0.323u,0.s) (success)
Tactic call close-abstract+rewrite_strat-bottomup ran for 0.112 secs (0.112u,0.s)
Params: n= 120
Tactic call rewrite_strat-bottomup ran for 0.242 secs (0.241u,0.s) (success)
Tactic call rewrite_strat-bottomup-noop ran for 0.001 secs (0.001u,0.s) (success)
Tactic call abstract+rewrite_strat-bottomup ran for 0.376 secs (0.376u,0.s) (success)
Tactic call close-abstract+rewrite_strat-bottomup ran for 0.132 secs (0.132u,0.s)
Params: n= 130
Tactic call rewrite_strat-bottomup ran for 0.286 secs (0.286u,0.s) (success)
Tactic call rewrite_strat-bottomup-noop ran for 0.001 secs (0.001u,0.s) (success)
Tactic call abstract+rewrite_strat-bottomup ran for 0.467 secs (0.467u,0.s) (success)
Tactic call close-abstract+rewrite_strat-bottomup ran for 0.178 secs (0.178u,0.s)
Params: n= 140
Tactic call rewrite_strat-bottomup ran for 0.335 secs (0.335u,0.s) (success)
Tactic call rewrite_strat-bottomup-noop ran for 0.001 secs (0.001u,0.s) (success)
Tactic call abstract+rewrite_strat-bottomup ran for 0.557 secs (0.557u,0.s) (success)
Tactic call close-abstract+rewrite_strat-bottomup ran for 0.219 secs (0.219u,0.s)
Params: n= 160
Tactic call rewrite_strat-bottomup ran for 0.474 secs (0.473u,0.s) (success)
Tactic call rewrite_strat-bottomup-noop ran for 0.001 secs (0.001u,0.s) (success)
Tactic call abstract+rewrite_strat-bottomup ran for 0.737 secs (0.736u,0.s) (success)
Tactic call close-abstract+rewrite_strat-bottomup ran for 0.259 secs (0.259u,0.s)
Params: n= 170
Tactic call rewrite_strat-bottomup ran for 0.529 secs (0.529u,0.s) (success)
Tactic call rewrite_strat-bottomup-noop ran for 0.002 secs (0.002u,0.s) (success)
Tactic call abstract+rewrite_strat-bottomup ran for 0.806 secs (0.806u,0.s) (success)
Tactic call close-abstract+rewrite_strat-bottomup ran for 0.273 secs (0.273u,0.s)
Params: n= 180
Tactic call rewrite_strat-bottomup ran for 0.57 secs (0.566u,0.003s) (success)
Tactic call rewrite_strat-bottomup-noop ran for 0.002 secs (0.002u,0.s) (success)
Tactic call abstract+rewrite_strat-bottomup ran for 0.871 secs (0.866u,0.003s) (success)
Tactic call close-abstract+rewrite_strat-bottomup ran for 0.297 secs (0.297u,0.s)
Params: n= 190
Tactic call rewrite_strat-bottomup ran for 0.641 secs (0.641u,0.s) (success)
Tactic call rewrite_strat-bottomup-noop ran for 0.002 secs (0.002u,0.s) (success)
Tactic call abstract+rewrite_strat-bottomup ran for 0.977 secs (0.977u,0.s) (success)
Tactic call close-abstract+rewrite_strat-bottomup ran for 0.332 secs (0.332u,0.s)
Params: n= 210
Tactic call rewrite_strat-bottomup ran for 0.894 secs (0.893u,0.s) (success)
Tactic call rewrite_strat-bottomup-noop ran for 0.003 secs (0.003u,0.s) (success)
Tactic call abstract+rewrite_strat-bottomup ran for 1.291 secs (1.291u,0.s) (success)
Tactic call close-abstract+rewrite_strat-bottomup ran for 0.392 secs (0.392u,0.s)
Params: n= 220
Tactic call rewrite_strat-bottomup ran for 0.897 secs (0.897u,0.s) (success)
Tactic call rewrite_strat-bottomup-noop ran for 0.004 secs (0.004u,0.s) (success)
Tactic call abstract+rewrite_strat-bottomup ran for 1.376 secs (1.376u,0.s) (success)
Tactic call close-abstract+rewrite_strat-bottomup ran for 0.473 secs (0.473u,0.s)
Params: n= 230
Tactic call rewrite_strat-bottomup ran for 1.05 secs (1.05u,0.s) (success)
Tactic call rewrite_strat-bottomup-noop ran for 0.003 secs (0.003u,0.s) (success)
Tactic call abstract+rewrite_strat-bottomup ran for 1.634 secs (1.634u,0.s) (success)
Tactic call close-abstract+rewrite_strat-bottomup ran for 0.579 secs (0.579u,0.s)
Params: n= 240
Tactic call rewrite_strat-bottomup ran for 1.154 secs (1.13u,0.024s) (success)
Tactic call rewrite_strat-bottomup-noop ran for 0.004 secs (0.004u,0.s) (success)
Tactic call abstract+rewrite_strat-bottomup ran for 1.713 secs (1.689u,0.024s) (success)
Tactic call close-abstract+rewrite_strat-bottomup ran for 0.553 secs (0.553u,0.s)
Params: n= 260
Tactic call rewrite_strat-bottomup ran for 1.27 secs (1.254u,0.016s) (success)
Tactic call rewrite_strat-bottomup-noop ran for 0.006 secs (0.006u,0.s) (success)
Tactic call abstract+rewrite_strat-bottomup ran for 1.896 secs (1.88u,0.016s) (success)
Tactic call close-abstract+rewrite_strat-bottomup ran for 0.618 secs (0.618u,0.s)
Params: n= 270
Tactic call rewrite_strat-bottomup ran for 1.437 secs (1.436u,0.s) (success)
Tactic call rewrite_strat-bottomup-noop ran for 0.004 secs (0.004u,0.s) (success)
Tactic call abstract+rewrite_strat-bottomup ran for 2.117 secs (2.116u,0.s) (success)
Tactic call close-abstract+rewrite_strat-bottomup ran for 0.674 secs (0.673u,0.s)
Params: n= 280
Tactic call rewrite_strat-bottomup ran for 1.429 secs (1.429u,0.s) (success)
Tactic call rewrite_strat-bottomup-noop ran for 0.004 secs (0.004u,0.s) (success)
Tactic call abstract+rewrite_strat-bottomup ran for 2.128 secs (2.128u,0.s) (success)
Tactic call close-abstract+rewrite_strat-bottomup ran for 0.692 secs (0.692u,0.s)
Params: n= 290
Tactic call rewrite_strat-bottomup ran for 1.763 secs (1.763u,0.s) (success)
Tactic call rewrite_strat-bottomup-noop ran for 0.013 secs (0.013u,0.s) (success)
Tactic call abstract+rewrite_strat-bottomup ran for 2.625 secs (2.624u,0.s) (success)
Tactic call close-abstract+rewrite_strat-bottomup ran for 0.845 secs (0.845u,0.s)
Params: n= 310
Tactic call rewrite_strat-bottomup ran for 1.746 secs (1.746u,0.s) (success)
Tactic call rewrite_strat-bottomup-noop ran for 0.005 secs (0.005u,0.s) (success)
Tactic call abstract+rewrite_strat-bottomup ran for 2.641 secs (2.641u,0.s) (success)
Tactic call close-abstract+rewrite_strat-bottomup ran for 0.887 secs (0.887u,0.s)
Params: n= 320
Tactic call rewrite_strat-bottomup ran for 2.054 secs (2.054u,0.s) (success)
Tactic call rewrite_strat-bottomup-noop ran for 0.005 secs (0.005u,0.s) (success)
Tactic call abstract+rewrite_strat-bottomup ran for 3.013 secs (3.012u,0.s) (success)
Tactic call close-abstract+rewrite_strat-bottomup ran for 0.951 secs (0.951u,0.s)
Params: n= 330
Tactic call rewrite_strat-bottomup ran for 2.191 secs (2.178u,0.011s) (success)
Tactic call rewrite_strat-bottomup-noop ran for 0.006 secs (0.006u,0.s) (success)
Tactic call abstract+rewrite_strat-bottomup ran for 3.219 secs (3.206u,0.011s) (success)
Tactic call close-abstract+rewrite_strat-bottomup ran for 1.02 secs (1.02u,0.s)
Params: n= 340
Tactic call rewrite_strat-bottomup ran for 2.308 secs (2.304u,0.003s) (success)
Tactic call rewrite_strat-bottomup-noop ran for 0.006 secs (0.006u,0.s) (success)
Tactic call abstract+rewrite_strat-bottomup ran for 3.377 secs (3.373u,0.003s) (success)
Tactic call close-abstract+rewrite_strat-bottomup ran for 1.06 secs (1.06u,0.s)
Params: n= 360
Tactic call rewrite_strat-bottomup ran for 2.447 secs (2.447u,0.s) (success)
Tactic call rewrite_strat-bottomup-noop ran for 0.017 secs (0.017u,0.s) (success)
Tactic call abstract+rewrite_strat-bottomup ran for 3.713 secs (3.713u,0.s) (success)
Tactic call close-abstract+rewrite_strat-bottomup ran for 1.246 secs (1.246u,0.s)
Params: n= 370
Tactic call rewrite_strat-bottomup ran for 2.708 secs (2.683u,0.024s) (success)
Tactic call rewrite_strat-bottomup-noop ran for 0.006 secs (0.006u,0.s) (success)
Tactic call abstract+rewrite_strat-bottomup ran for 3.962 secs (3.933u,0.028s) (success)
Tactic call close-abstract+rewrite_strat-bottomup ran for 1.245 secs (1.241u,0.004s)
Params: n= 380
Tactic call rewrite_strat-bottomup ran for 2.92 secs (2.895u,0.024s) (success)
Tactic call rewrite_strat-bottomup-noop ran for 0.008 secs (0.008u,0.s) (success)
Tactic call abstract+rewrite_strat-bottomup ran for 4.27 secs (4.245u,0.024s) (success)
Tactic call close-abstract+rewrite_strat-bottomup ran for 1.339 secs (1.339u,0.s)
Params: n= 390
Tactic call rewrite_strat-bottomup ran for 3.298 secs (3.289u,0.007s) (success)
Tactic call rewrite_strat-bottomup-noop ran for 0.007 secs (0.007u,0.s) (success)
Tactic call abstract+rewrite_strat-bottomup ran for 4.815 secs (4.806u,0.007s) (success)
Tactic call close-abstract+rewrite_strat-bottomup ran for 1.507 secs (1.507u,0.s)
