Params: n= 50
Tactic call rewrite_strat-bottomup ran for 0.111 secs (0.091u,0.019s) (success)
Tactic call rewrite_strat-bottomup-noop ran for 0. secs (0.u,0.s) (success)
Tactic call abstract+rewrite_strat-bottomup ran for 0.136 secs (0.116u,0.019s) (success)
Tactic call close-abstract+rewrite_strat-bottomup ran for 0.024 secs (0.024u,0.s)
Params: n= 100
Tactic call rewrite_strat-bottomup ran for 0.211 secs (0.211u,0.s) (success)
Tactic call rewrite_strat-bottomup-noop ran for 0.001 secs (0.001u,0.s) (success)
Tactic call abstract+rewrite_strat-bottomup ran for 0.314 secs (0.314u,0.s) (success)
Tactic call close-abstract+rewrite_strat-bottomup ran for 0.101 secs (0.101u,0.s)
Params: n= 150
Tactic call rewrite_strat-bottomup ran for 0.418 secs (0.418u,0.s) (success)
Tactic call rewrite_strat-bottomup-noop ran for 0.001 secs (0.001u,0.s) (success)
Tactic call abstract+rewrite_strat-bottomup ran for 0.648 secs (0.648u,0.s) (success)
Tactic call close-abstract+rewrite_strat-bottomup ran for 0.228 secs (0.228u,0.s)
Params: n= 200
Tactic call rewrite_strat-bottomup ran for 0.71 secs (0.707u,0.002s) (success)
Tactic call rewrite_strat-bottomup-noop ran for 0.003 secs (0.003u,0.s) (success)
Tactic call abstract+rewrite_strat-bottomup ran for 1.089 secs (1.086u,0.002s) (success)
Tactic call close-abstract+rewrite_strat-bottomup ran for 0.374 secs (0.374u,0.s)
Params: n= 250
Tactic call rewrite_strat-bottomup ran for 1.165 secs (1.157u,0.008s) (success)
Tactic call rewrite_strat-bottomup-noop ran for 0.004 secs (0.004u,0.s) (success)
Tactic call abstract+rewrite_strat-bottomup ran for 1.79 secs (1.777u,0.011s) (success)
Tactic call close-abstract+rewrite_strat-bottomup ran for 0.619 secs (0.615u,0.003s)
Params: n= 300
Tactic call rewrite_strat-bottomup ran for 1.75 secs (1.726u,0.023s) (success)
Tactic call rewrite_strat-bottomup-noop ran for 0.005 secs (0.005u,0.s) (success)
Tactic call abstract+rewrite_strat-bottomup ran for 2.604 secs (2.58u,0.023s) (success)
Tactic call close-abstract+rewrite_strat-bottomup ran for 0.847 secs (0.847u,0.s)
Params: n= 350
Tactic call rewrite_strat-bottomup ran for 2.336 secs (2.332u,0.004s) (success)
Tactic call rewrite_strat-bottomup-noop ran for 0.014 secs (0.014u,0.s) (success)
Tactic call abstract+rewrite_strat-bottomup ran for 3.559 secs (3.554u,0.004s) (success)
Tactic call close-abstract+rewrite_strat-bottomup ran for 1.208 secs (1.207u,0.s)
Params: n= 400
Tactic call rewrite_strat-bottomup ran for 3.256 secs (3.22u,0.032s) (success)
Tactic call rewrite_strat-bottomup-noop ran for 0.007 secs (0.007u,0.s) (success)
Tactic call abstract+rewrite_strat-bottomup ran for 4.829 secs (4.792u,0.032s) (success)
Tactic call close-abstract+rewrite_strat-bottomup ran for 1.563 secs (1.563u,0.s)
