Params: n= 50
Tactic call refine-regression-quadratic-regression-linear ran for 0. secs (0.u,0.s) (success)
Tactic call pose-build-and-refine-regression-cubic ran for 0.014 secs (0.006u,0.008s) (success)
Tactic call fast_rewrite-regression-cubic ran for 0.014 secs (0.006u,0.008s) (success)
Params: n= 100
Tactic call refine-regression-quadratic-regression-linear ran for 0.001 secs (0.u,0.s) (success)
Tactic call pose-build-and-refine-regression-cubic ran for 0.096 secs (0.079u,0.016s) (success)
Tactic call fast_rewrite-regression-cubic ran for 0.096 secs (0.079u,0.016s) (success)
Params: n= 150
Tactic call refine-regression-quadratic-regression-linear ran for 0.001 secs (0.001u,0.s) (success)
Tactic call pose-build-and-refine-regression-cubic ran for 0.073 secs (0.073u,0.s) (success)
Tactic call fast_rewrite-regression-cubic ran for 0.073 secs (0.073u,0.s) (success)
Params: n= 200
Tactic call refine-regression-quadratic-regression-linear ran for 0.002 secs (0.002u,0.s) (success)
Tactic call pose-build-and-refine-regression-cubic ran for 0.15 secs (0.15u,0.s) (success)
Tactic call fast_rewrite-regression-cubic ran for 0.15 secs (0.15u,0.s) (success)
Params: n= 250
Tactic call refine-regression-quadratic-regression-linear ran for 0.002 secs (0.002u,0.s) (success)
Tactic call pose-build-and-refine-regression-cubic ran for 0.236 secs (0.229u,0.007s) (success)
Tactic call fast_rewrite-regression-cubic ran for 0.236 secs (0.229u,0.007s) (success)
Params: n= 300
Tactic call refine-regression-quadratic-regression-linear ran for 0.003 secs (0.003u,0.s) (success)
Tactic call pose-build-and-refine-regression-cubic ran for 0.28 secs (0.265u,0.015s) (success)
Tactic call fast_rewrite-regression-cubic ran for 0.28 secs (0.265u,0.015s) (success)
Params: n= 350
Tactic call refine-regression-quadratic-regression-linear ran for 0.003 secs (0.003u,0.s) (success)
Tactic call pose-build-and-refine-regression-cubic ran for 0.373 secs (0.368u,0.004s) (success)
Tactic call fast_rewrite-regression-cubic ran for 0.373 secs (0.368u,0.004s) (success)
Params: n= 400
Tactic call refine-regression-quadratic-regression-linear ran for 0.004 secs (0.004u,0.s) (success)
Tactic call pose-build-and-refine-regression-cubic ran for 0.54 secs (0.525u,0.015s) (success)
Tactic call fast_rewrite-regression-cubic ran for 0.54 secs (0.525u,0.015s) (success)
