Params: n= 4
Tactic call reify-regression-cubic ran for 0.009 secs (0.004u,0.004s)
Tactic call abstract-regression-linear ran for 0.001 secs (0.001u,0.s) (success)
Params: n= 5
Tactic call reify-regression-cubic ran for 0.011 secs (0.008u,0.002s)
Tactic call abstract-regression-linear ran for 0.001 secs (0.u,0.s) (success)
Params: n= 6
Tactic call reify-regression-cubic ran for 0.013 secs (0.01u,0.003s)
Tactic call abstract-regression-linear ran for 0.001 secs (0.u,0.s) (success)
Params: n= 7
Tactic call reify-regression-cubic ran for 0.061 secs (0.049u,0.012s)
Tactic call abstract-regression-linear ran for 0.001 secs (0.001u,0.s) (success)
Params: n= 8
Tactic call reify-regression-cubic ran for 0.013 secs (0.013u,0.s)
Tactic call abstract-regression-linear ran for 0.001 secs (0.001u,0.s) (success)
Params: n= 9
Tactic call reify-regression-cubic ran for 0.015 secs (0.015u,0.s)
Tactic call abstract-regression-linear ran for 0.001 secs (0.001u,0.s) (success)
Params: n= 10
Tactic call reify-regression-cubic ran for 0.017 secs (0.017u,0.s)
Tactic call abstract-regression-linear ran for 0.001 secs (0.001u,0.s) (success)
Params: n= 11
Tactic call reify-regression-cubic ran for 0.021 secs (0.021u,0.s)
Tactic call abstract-regression-linear ran for 0.001 secs (0.001u,0.s) (success)
Params: n= 12
Tactic call reify-regression-cubic ran for 0.023 secs (0.023u,0.s)
Tactic call abstract-regression-linear ran for 0.001 secs (0.001u,0.s) (success)
Params: n= 13
Tactic call reify-regression-cubic ran for 0.025 secs (0.025u,0.s)
Tactic call abstract-regression-linear ran for 0.001 secs (0.001u,0.s) (success)
Params: n= 14
Tactic call reify-regression-cubic ran for 0.031 secs (0.031u,0.s)
Tactic call abstract-regression-linear ran for 0.001 secs (0.001u,0.s) (success)
Params: n= 15
Tactic call reify-regression-cubic ran for 0.032 secs (0.032u,0.s)
Tactic call abstract-regression-linear ran for 0.001 secs (0.001u,0.s) (success)
Params: n= 16
Tactic call reify-regression-cubic ran for 0.034 secs (0.034u,0.s)
Tactic call abstract-regression-linear ran for 0.002 secs (0.002u,0.s) (success)
Params: n= 17
Tactic call reify-regression-cubic ran for 0.041 secs (0.041u,0.s)
Tactic call abstract-regression-linear ran for 0.002 secs (0.002u,0.s) (success)
Params: n= 18
Tactic call reify-regression-cubic ran for 0.043 secs (0.043u,0.s)
Tactic call abstract-regression-linear ran for 0.001 secs (0.001u,0.s) (success)
Params: n= 19
Tactic call reify-regression-cubic ran for 0.047 secs (0.047u,0.s)
Tactic call abstract-regression-linear ran for 0.002 secs (0.002u,0.s) (success)
Params: n= 20
Tactic call reify-regression-cubic ran for 0.058 secs (0.058u,0.s)
Tactic call abstract-regression-linear ran for 0.002 secs (0.002u,0.s) (success)
Params: n= 21
Tactic call reify-regression-cubic ran for 0.059 secs (0.059u,0.s)
Tactic call abstract-regression-linear ran for 0.002 secs (0.002u,0.s) (success)
Params: n= 22
Tactic call reify-regression-cubic ran for 0.065 secs (0.065u,0.s)
Tactic call abstract-regression-linear ran for 0.002 secs (0.002u,0.s) (success)
Params: n= 23
Tactic call reify-regression-cubic ran for 0.067 secs (0.067u,0.s)
Tactic call abstract-regression-linear ran for 0.002 secs (0.002u,0.s) (success)
Params: n= 24
Tactic call reify-regression-cubic ran for 0.068 secs (0.068u,0.s)
Tactic call abstract-regression-linear ran for 0.002 secs (0.002u,0.s) (success)
Params: n= 25
Tactic call reify-regression-cubic ran for 0.075 secs (0.075u,0.s)
Tactic call abstract-regression-linear ran for 0.002 secs (0.002u,0.s) (success)
Params: n= 26
Tactic call reify-regression-cubic ran for 0.082 secs (0.082u,0.s)
Tactic call abstract-regression-linear ran for 0.002 secs (0.002u,0.s) (success)
Params: n= 27
Tactic call reify-regression-cubic ran for 0.089 secs (0.088u,0.s)
Tactic call abstract-regression-linear ran for 0.002 secs (0.002u,0.s) (success)
Params: n= 28
Tactic call reify-regression-cubic ran for 0.1 secs (0.1u,0.s)
Tactic call abstract-regression-linear ran for 0.002 secs (0.002u,0.s) (success)
Params: n= 29
Tactic call reify-regression-cubic ran for 0.106 secs (0.106u,0.s)
Tactic call abstract-regression-linear ran for 0.002 secs (0.002u,0.s) (success)
Params: n= 30
Tactic call reify-regression-cubic ran for 0.111 secs (0.111u,0.s)
Tactic call abstract-regression-linear ran for 0.002 secs (0.002u,0.s) (success)
Params: n= 31
Tactic call reify-regression-cubic ran for 0.12 secs (0.12u,0.s)
Tactic call abstract-regression-linear ran for 0.003 secs (0.003u,0.s) (success)
Params: n= 32
Tactic call reify-regression-cubic ran for 0.126 secs (0.126u,0.s)
Tactic call abstract-regression-linear ran for 0.006 secs (0.006u,0.s) (success)
Params: n= 33
Tactic call reify-regression-cubic ran for 0.132 secs (0.131u,0.s)
Tactic call abstract-regression-linear ran for 0.003 secs (0.003u,0.s) (success)
Params: n= 34
Tactic call reify-regression-cubic ran for 0.136 secs (0.136u,0.s)
Tactic call abstract-regression-linear ran for 0.003 secs (0.003u,0.s) (success)
Params: n= 35
Tactic call reify-regression-cubic ran for 0.147 secs (0.145u,0.002s)
Tactic call abstract-regression-linear ran for 0.003 secs (0.003u,0.s) (success)
Params: n= 36
Tactic call reify-regression-cubic ran for 0.151 secs (0.151u,0.s)
Tactic call abstract-regression-linear ran for 0.003 secs (0.003u,0.s) (success)
Params: n= 37
Tactic call reify-regression-cubic ran for 0.165 secs (0.165u,0.s)
Tactic call abstract-regression-linear ran for 0.003 secs (0.003u,0.s) (success)
Params: n= 38
Tactic call reify-regression-cubic ran for 0.186 secs (0.186u,0.s)
Tactic call abstract-regression-linear ran for 0.003 secs (0.003u,0.s) (success)
Params: n= 39
Tactic call reify-regression-cubic ran for 0.192 secs (0.184u,0.007s)
Tactic call abstract-regression-linear ran for 0.004 secs (0.004u,0.s) (success)
Params: n= 40
Tactic call reify-regression-cubic ran for 0.22 secs (0.22u,0.s)
Tactic call abstract-regression-linear ran for 0.006 secs (0.006u,0.s) (success)
Params: n= 41
Tactic call reify-regression-cubic ran for 0.202 secs (0.198u,0.004s)
Tactic call abstract-regression-linear ran for 0.004 secs (0.004u,0.s) (success)
Params: n= 42
Tactic call reify-regression-cubic ran for 0.22 secs (0.216u,0.003s)
Tactic call abstract-regression-linear ran for 0.003 secs (0.003u,0.s) (success)
Params: n= 43
Tactic call reify-regression-cubic ran for 0.216 secs (0.216u,0.s)
Tactic call abstract-regression-linear ran for 0.003 secs (0.003u,0.s) (success)
Params: n= 44
Tactic call reify-regression-cubic ran for 0.225 secs (0.225u,0.s)
Tactic call abstract-regression-linear ran for 0.008 secs (0.008u,0.s) (success)
Params: n= 45
Tactic call reify-regression-cubic ran for 0.246 secs (0.238u,0.007s)
Tactic call abstract-regression-linear ran for 0.003 secs (0.003u,0.s) (success)
Params: n= 46
Tactic call reify-regression-cubic ran for 0.25 secs (0.25u,0.s)
Tactic call abstract-regression-linear ran for 0.004 secs (0.004u,0.s) (success)
Params: n= 47
Tactic call reify-regression-cubic ran for 0.259 secs (0.255u,0.003s)
Tactic call abstract-regression-linear ran for 0.004 secs (0.004u,0.s) (success)
Params: n= 48
Tactic call reify-regression-cubic ran for 0.283 secs (0.283u,0.s)
Tactic call abstract-regression-linear ran for 0.006 secs (0.006u,0.s) (success)
Params: n= 49
Tactic call reify-regression-cubic ran for 0.286 secs (0.286u,0.s)
Tactic call abstract-regression-linear ran for 0.004 secs (0.004u,0.s) (success)
Params: n= 50
Tactic call reify-regression-cubic ran for 0.307 secs (0.303u,0.003s)
Tactic call abstract-regression-linear ran for 0.004 secs (0.004u,0.s) (success)
Params: n= 51
Tactic call reify-regression-cubic ran for 0.318 secs (0.314u,0.004s)
Tactic call abstract-regression-linear ran for 0.004 secs (0.004u,0.s) (success)
Params: n= 52
Tactic call reify-regression-cubic ran for 0.332 secs (0.332u,0.s)
Tactic call abstract-regression-linear ran for 0.004 secs (0.004u,0.s) (success)
Params: n= 53
Tactic call reify-regression-cubic ran for 0.354 secs (0.354u,0.s)
Tactic call abstract-regression-linear ran for 0.004 secs (0.004u,0.s) (success)
Params: n= 54
Tactic call reify-regression-cubic ran for 0.352 secs (0.352u,0.s)
Tactic call abstract-regression-linear ran for 0.018 secs (0.018u,0.s) (success)
Params: n= 55
Tactic call reify-regression-cubic ran for 0.358 secs (0.358u,0.s)
Tactic call abstract-regression-linear ran for 0.005 secs (0.005u,0.s) (success)
Params: n= 56
Tactic call reify-regression-cubic ran for 0.367 secs (0.363u,0.003s)
Tactic call abstract-regression-linear ran for 0.004 secs (0.004u,0.s) (success)
Params: n= 57
Tactic call reify-regression-cubic ran for 0.387 secs (0.378u,0.008s)
Tactic call abstract-regression-linear ran for 0.005 secs (0.001u,0.003s) (success)
Params: n= 58
Tactic call reify-regression-cubic ran for 0.411 secs (0.41u,0.s)
Tactic call abstract-regression-linear ran for 0.005 secs (0.005u,0.s) (success)
Params: n= 59
Tactic call reify-regression-cubic ran for 0.411 secs (0.411u,0.s)
Tactic call abstract-regression-linear ran for 0.004 secs (0.004u,0.s) (success)
Params: n= 60
Tactic call reify-regression-cubic ran for 0.435 secs (0.434u,0.s)
Tactic call abstract-regression-linear ran for 0.005 secs (0.005u,0.s) (success)
Params: n= 61
Tactic call reify-regression-cubic ran for 0.451 secs (0.451u,0.s)
Tactic call abstract-regression-linear ran for 0.005 secs (0.005u,0.s) (success)
Params: n= 62
Tactic call reify-regression-cubic ran for 0.491 secs (0.491u,0.s)
Tactic call abstract-regression-linear ran for 0.005 secs (0.005u,0.s) (success)
Params: n= 63
Tactic call reify-regression-cubic ran for 0.495 secs (0.495u,0.s)
Tactic call abstract-regression-linear ran for 0.005 secs (0.005u,0.s) (success)
Params: n= 64
Tactic call reify-regression-cubic ran for 0.513 secs (0.513u,0.s)
Tactic call abstract-regression-linear ran for 0.005 secs (0.005u,0.s) (success)
Params: n= 65
Tactic call reify-regression-cubic ran for 0.536 secs (0.536u,0.s)
Tactic call abstract-regression-linear ran for 0.005 secs (0.005u,0.s) (success)
Params: n= 66
Tactic call reify-regression-cubic ran for 0.54 secs (0.536u,0.003s)
Tactic call abstract-regression-linear ran for 0.005 secs (0.005u,0.s) (success)
Params: n= 67
Tactic call reify-regression-cubic ran for 0.543 secs (0.539u,0.003s)
Tactic call abstract-regression-linear ran for 0.005 secs (0.005u,0.s) (success)
Params: n= 68
Tactic call reify-regression-cubic ran for 0.57 secs (0.562u,0.007s)
Tactic call abstract-regression-linear ran for 0.005 secs (0.005u,0.s) (success)
Params: n= 69
Tactic call reify-regression-cubic ran for 0.583 secs (0.583u,0.s)
Tactic call abstract-regression-linear ran for 0.006 secs (0.006u,0.s) (success)
Params: n= 70
Tactic call reify-regression-cubic ran for 0.611 secs (0.611u,0.s)
Tactic call abstract-regression-linear ran for 0.006 secs (0.006u,0.s) (success)
Params: n= 71
Tactic call reify-regression-cubic ran for 0.646 secs (0.639u,0.s)
Tactic call abstract-regression-linear ran for 0.006 secs (0.006u,0.s) (success)
Params: n= 72
Tactic call reify-regression-cubic ran for 0.656 secs (0.656u,0.s)
Tactic call abstract-regression-linear ran for 0.006 secs (0.006u,0.s) (success)
Params: n= 73
Tactic call reify-regression-cubic ran for 0.702 secs (0.702u,0.s)
Tactic call abstract-regression-linear ran for 0.006 secs (0.006u,0.s) (success)
Params: n= 74
Tactic call reify-regression-cubic ran for 0.683 secs (0.683u,0.s)
Tactic call abstract-regression-linear ran for 0.006 secs (0.006u,0.s) (success)
Params: n= 75
Tactic call reify-regression-cubic ran for 0.725 secs (0.725u,0.s)
Tactic call abstract-regression-linear ran for 0.006 secs (0.006u,0.s) (success)
Params: n= 76
Tactic call reify-regression-cubic ran for 0.724 secs (0.724u,0.s)
Tactic call abstract-regression-linear ran for 0.006 secs (0.006u,0.s) (success)
Params: n= 77
Tactic call reify-regression-cubic ran for 0.754 secs (0.754u,0.s)
Tactic call abstract-regression-linear ran for 0.006 secs (0.006u,0.s) (success)
Params: n= 78
Tactic call reify-regression-cubic ran for 0.788 secs (0.783u,0.004s)
Tactic call abstract-regression-linear ran for 0.007 secs (0.007u,0.s) (success)
Params: n= 79
Tactic call reify-regression-cubic ran for 0.809 secs (0.809u,0.s)
Tactic call abstract-regression-linear ran for 0.006 secs (0.006u,0.s) (success)
Params: n= 80
Tactic call reify-regression-cubic ran for 0.843 secs (0.843u,0.s)
Tactic call abstract-regression-linear ran for 0.006 secs (0.006u,0.s) (success)
Params: n= 81
Tactic call reify-regression-cubic ran for 0.853 secs (0.853u,0.s)
Tactic call abstract-regression-linear ran for 0.006 secs (0.006u,0.s) (success)
Params: n= 82
Tactic call reify-regression-cubic ran for 0.877 secs (0.877u,0.s)
Tactic call abstract-regression-linear ran for 0.006 secs (0.006u,0.s) (success)
Params: n= 83
Tactic call reify-regression-cubic ran for 0.883 secs (0.883u,0.s)
Tactic call abstract-regression-linear ran for 0.007 secs (0.007u,0.s) (success)
Params: n= 84
Tactic call reify-regression-cubic ran for 0.888 secs (0.888u,0.s)
Tactic call abstract-regression-linear ran for 0.007 secs (0.007u,0.s) (success)
Params: n= 85
Tactic call reify-regression-cubic ran for 0.973 secs (0.968u,0.004s)
Tactic call abstract-regression-linear ran for 0.007 secs (0.007u,0.s) (success)
Params: n= 86
Tactic call reify-regression-cubic ran for 0.983 secs (0.983u,0.s)
Tactic call abstract-regression-linear ran for 0.006 secs (0.006u,0.s) (success)
Params: n= 87
Tactic call reify-regression-cubic ran for 0.998 secs (0.998u,0.s)
Tactic call abstract-regression-linear ran for 0.007 secs (0.007u,0.s) (success)
Params: n= 88
Tactic call reify-regression-cubic ran for 1.015 secs (1.015u,0.s)
Tactic call abstract-regression-linear ran for 0.007 secs (0.007u,0.s) (success)
Params: n= 89
Tactic call reify-regression-cubic ran for 1.029 secs (1.029u,0.s)
Tactic call abstract-regression-linear ran for 0.007 secs (0.007u,0.s) (success)
Params: n= 90
Tactic call reify-regression-cubic ran for 1.096 secs (1.095u,0.s)
Tactic call abstract-regression-linear ran for 0.007 secs (0.007u,0.s) (success)
Params: n= 91
Tactic call reify-regression-cubic ran for 1.106 secs (1.106u,0.s)
Tactic call abstract-regression-linear ran for 0.007 secs (0.007u,0.s) (success)
Params: n= 92
Tactic call reify-regression-cubic ran for 1.141 secs (1.129u,0.011s)
Tactic call abstract-regression-linear ran for 0.008 secs (0.008u,0.s) (success)
Params: n= 93
Tactic call reify-regression-cubic ran for 1.176 secs (1.168u,0.008s)
Tactic call abstract-regression-linear ran for 0.008 secs (0.008u,0.s) (success)
Params: n= 94
Tactic call reify-regression-cubic ran for 1.214 secs (1.213u,0.s)
Tactic call abstract-regression-linear ran for 0.008 secs (0.008u,0.s) (success)
Params: n= 95
Tactic call reify-regression-cubic ran for 1.282 secs (1.282u,0.s)
Tactic call abstract-regression-linear ran for 0.008 secs (0.008u,0.s) (success)
Params: n= 96
Tactic call reify-regression-cubic ran for 1.312 secs (1.312u,0.s)
Tactic call abstract-regression-linear ran for 0.008 secs (0.008u,0.s) (success)
Params: n= 97
Tactic call reify-regression-cubic ran for 1.311 secs (1.311u,0.s)
Tactic call abstract-regression-linear ran for 0.008 secs (0.008u,0.s) (success)
Params: n= 98
Tactic call reify-regression-cubic ran for 1.417 secs (1.416u,0.s)
Tactic call abstract-regression-linear ran for 0.008 secs (0.008u,0.s) (success)
Params: n= 99
Tactic call reify-regression-cubic ran for 1.412 secs (1.412u,0.s)
Tactic call abstract-regression-linear ran for 0.008 secs (0.008u,0.s) (success)
Params: n= 100
Tactic call reify-regression-cubic ran for 1.408 secs (1.408u,0.s)
Tactic call abstract-regression-linear ran for 0.009 secs (0.009u,0.s) (success)
