Params: n= 10
Tactic call repeat-setoid_rewrite-regression-cubic ran for 0.022 secs (0.011u,0.011s) (success)
Tactic call noop-repeat-setoid_rewrite-regression-cubic ran for 0.064 secs (0.048u,0.016s) (success)
Params: n= 20
Tactic call repeat-setoid_rewrite-regression-cubic ran for 0.042 secs (0.042u,0.s) (success)
Tactic call noop-repeat-setoid_rewrite-regression-cubic ran for 0.013 secs (0.013u,0.s) (success)
Params: n= 30
Tactic call repeat-setoid_rewrite-regression-cubic ran for 0.094 secs (0.094u,0.s) (success)
Tactic call noop-repeat-setoid_rewrite-regression-cubic ran for 0.032 secs (0.032u,0.s) (success)
Params: n= 40
Tactic call repeat-setoid_rewrite-regression-cubic ran for 0.176 secs (0.176u,0.s) (success)
Tactic call noop-repeat-setoid_rewrite-regression-cubic ran for 0.067 secs (0.067u,0.s) (success)
Params: n= 60
Tactic call repeat-setoid_rewrite-regression-cubic ran for 0.514 secs (0.509u,0.004s) (success)
Tactic call noop-repeat-setoid_rewrite-regression-cubic ran for 0.194 secs (0.194u,0.s) (success)
Params: n= 70
Tactic call repeat-setoid_rewrite-regression-cubic ran for 0.74 secs (0.74u,0.s) (success)
Tactic call noop-repeat-setoid_rewrite-regression-cubic ran for 0.282 secs (0.282u,0.s) (success)
Params: n= 80
Tactic call repeat-setoid_rewrite-regression-cubic ran for 1.05 secs (1.05u,0.s) (success)
Tactic call noop-repeat-setoid_rewrite-regression-cubic ran for 0.419 secs (0.419u,0.s) (success)
Params: n= 90
Tactic call repeat-setoid_rewrite-regression-cubic ran for 1.471 secs (1.467u,0.003s) (success)
Tactic call noop-repeat-setoid_rewrite-regression-cubic ran for 0.65 secs (0.65u,0.s) (success)
Params: n= 110
Tactic call repeat-setoid_rewrite-regression-cubic ran for 2.617 secs (2.608u,0.008s) (success)
Tactic call noop-repeat-setoid_rewrite-regression-cubic ran for 1.143 secs (1.143u,0.s) (success)
Params: n= 120
Tactic call repeat-setoid_rewrite-regression-cubic ran for 3.222 secs (3.217u,0.004s) (success)
Tactic call noop-repeat-setoid_rewrite-regression-cubic ran for 1.415 secs (1.415u,0.s) (success)
Params: n= 130
Tactic call repeat-setoid_rewrite-regression-cubic ran for 3.85 secs (3.835u,0.012s) (success)
Tactic call noop-repeat-setoid_rewrite-regression-cubic ran for 1.8 secs (1.798u,0.s) (success)
Params: n= 140
Tactic call repeat-setoid_rewrite-regression-cubic ran for 4.846 secs (4.794u,0.02s) (success)
Tactic call noop-repeat-setoid_rewrite-regression-cubic ran for 2.322 secs (2.321u,0.s) (success)
Params: n= 160
Tactic call repeat-setoid_rewrite-regression-cubic ran for 7.582 secs (7.576u,0.003s) (success)
Tactic call noop-repeat-setoid_rewrite-regression-cubic ran for 3.505 secs (3.504u,0.s) (success)
Params: n= 170
Tactic call repeat-setoid_rewrite-regression-cubic ran for 8.761 secs (8.752u,0.007s) (success)
Tactic call noop-repeat-setoid_rewrite-regression-cubic ran for 4.046 secs (4.046u,0.s) (success)
Params: n= 180
Tactic call repeat-setoid_rewrite-regression-cubic ran for 9.92 secs (9.918u,0.s) (success)
Tactic call noop-repeat-setoid_rewrite-regression-cubic ran for 4.79 secs (4.774u,0.s) (success)
Params: n= 190
Tactic call repeat-setoid_rewrite-regression-cubic ran for 11.922 secs (11.916u,0.004s) (success)
Tactic call noop-repeat-setoid_rewrite-regression-cubic ran for 5.621 secs (5.62u,0.s) (success)
Params: n= 210
Tactic call repeat-setoid_rewrite-regression-cubic ran for 15.842 secs (15.834u,0.004s) (success)
Tactic call noop-repeat-setoid_rewrite-regression-cubic ran for 7.637 secs (7.635u,0.s) (success)
Params: n= 220
Tactic call repeat-setoid_rewrite-regression-cubic ran for 17.831 secs (17.824u,0.003s) (success)
Tactic call noop-repeat-setoid_rewrite-regression-cubic ran for 8.651 secs (8.646u,0.003s) (success)
Params: n= 230
Tactic call repeat-setoid_rewrite-regression-cubic ran for 20.002 secs (19.999u,0.s) (success)
Tactic call noop-repeat-setoid_rewrite-regression-cubic ran for 9.177 secs (9.171u,0.004s) (success)
Params: n= 240
Tactic call repeat-setoid_rewrite-regression-cubic ran for 22.067 secs (22.064u,0.s) (success)
Tactic call noop-repeat-setoid_rewrite-regression-cubic ran for 11.401 secs (11.399u,0.s) (success)
Params: n= 250
Tactic call repeat-setoid_rewrite-regression-cubic ran for 27.226 secs (27.217u,0.004s) (success)
Tactic call noop-repeat-setoid_rewrite-regression-cubic ran for 12.996 secs (12.994u,0.s) (success)
Params: n= 300
Tactic call repeat-setoid_rewrite-regression-cubic ran for 44.764 secs (44.753u,0.003s) (success)
Tactic call noop-repeat-setoid_rewrite-regression-cubic ran for 21.611 secs (21.608u,0.s) (success)
Params: n= 400
Tactic call repeat-setoid_rewrite-regression-cubic ran for 108.114 secs (108.077u,0.016s) (success)
Tactic call noop-repeat-setoid_rewrite-regression-cubic ran for 52.178 secs (52.143u,0.016s) (success)
