Params: n= 10
Tactic call setoid_rewrite-regression-cubic ran for 0.018 secs (0.005u,0.012s) (success)
Tactic call abstract+setoid_rewrite-regression-cubic ran for 0.024 secs (0.011u,0.012s) (success)
Tactic call close-abstract+setoid_rewrite-regression-quadratic ran for 0.005 secs (0.005u,0.s)
Params: n= 20
Tactic call setoid_rewrite-regression-cubic ran for 0.096 secs (0.076u,0.019s) (success)
Tactic call abstract+setoid_rewrite-regression-cubic ran for 0.107 secs (0.087u,0.019s) (success)
Tactic call close-abstract+setoid_rewrite-regression-quadratic ran for 0.011 secs (0.011u,0.s)
Params: n= 30
Tactic call setoid_rewrite-regression-cubic ran for 0.081 secs (0.074u,0.s) (success)
Tactic call abstract+setoid_rewrite-regression-cubic ran for 0.105 secs (0.104u,0.001s) (success)
Tactic call close-abstract+setoid_rewrite-regression-quadratic ran for 0.023 secs (0.029u,0.s)
Params: n= 40
Tactic call setoid_rewrite-regression-cubic ran for 0.119 secs (0.116u,0.003s) (success)
Tactic call abstract+setoid_rewrite-regression-cubic ran for 0.163 secs (0.159u,0.003s) (success)
Tactic call close-abstract+setoid_rewrite-regression-quadratic ran for 0.043 secs (0.043u,0.s)
Params: n= 60
Tactic call setoid_rewrite-regression-cubic ran for 0.304 secs (0.3u,0.003s) (success)
Tactic call abstract+setoid_rewrite-regression-cubic ran for 0.395 secs (0.392u,0.003s) (success)
Tactic call close-abstract+setoid_rewrite-regression-quadratic ran for 0.091 secs (0.091u,0.s)
Params: n= 70
Tactic call setoid_rewrite-regression-cubic ran for 0.478 secs (0.478u,0.s) (success)
Tactic call abstract+setoid_rewrite-regression-cubic ran for 0.637 secs (0.636u,0.s) (success)
Tactic call close-abstract+setoid_rewrite-regression-quadratic ran for 0.158 secs (0.158u,0.s)
Params: n= 80
Tactic call setoid_rewrite-regression-cubic ran for 0.781 secs (0.766u,0.014s) (success)
Tactic call abstract+setoid_rewrite-regression-cubic ran for 0.929 secs (0.914u,0.014s) (success)
Tactic call close-abstract+setoid_rewrite-regression-quadratic ran for 0.147 secs (0.147u,0.s)
Params: n= 90
Tactic call setoid_rewrite-regression-cubic ran for 0.896 secs (0.892u,0.003s) (success)
Tactic call abstract+setoid_rewrite-regression-cubic ran for 1.086 secs (1.082u,0.003s) (success)
Tactic call close-abstract+setoid_rewrite-regression-quadratic ran for 0.189 secs (0.189u,0.s)
Params: n= 110
Tactic call setoid_rewrite-regression-cubic ran for 1.47 secs (1.47u,0.s) (success)
Tactic call abstract+setoid_rewrite-regression-cubic ran for 1.724 secs (1.724u,0.s) (success)
Tactic call close-abstract+setoid_rewrite-regression-quadratic ran for 0.253 secs (0.253u,0.s)
Params: n= 120
Tactic call setoid_rewrite-regression-cubic ran for 1.78 secs (1.779u,0.s) (success)
Tactic call abstract+setoid_rewrite-regression-cubic ran for 2.065 secs (2.065u,0.s) (success)
Tactic call close-abstract+setoid_rewrite-regression-quadratic ran for 0.285 secs (0.285u,0.s)
Params: n= 130
Tactic call setoid_rewrite-regression-cubic ran for 2.246 secs (2.245u,0.s) (success)
Tactic call abstract+setoid_rewrite-regression-cubic ran for 2.596 secs (2.594u,0.001s) (success)
Tactic call close-abstract+setoid_rewrite-regression-quadratic ran for 0.35 secs (0.347u,0.001s)
Params: n= 140
Tactic call setoid_rewrite-regression-cubic ran for 2.745 secs (2.729u,0.015s) (success)
Tactic call abstract+setoid_rewrite-regression-cubic ran for 3.185 secs (3.164u,0.019s) (success)
Tactic call close-abstract+setoid_rewrite-regression-quadratic ran for 0.438 secs (0.434u,0.004s)
Params: n= 160
Tactic call setoid_rewrite-regression-cubic ran for 4.16 secs (4.153u,0.006s) (success)
Tactic call abstract+setoid_rewrite-regression-cubic ran for 4.697 secs (4.691u,0.006s) (success)
Tactic call close-abstract+setoid_rewrite-regression-quadratic ran for 0.537 secs (0.537u,0.s)
Params: n= 170
Tactic call setoid_rewrite-regression-cubic ran for 4.856 secs (4.851u,0.004s) (success)
Tactic call abstract+setoid_rewrite-regression-cubic ran for 5.432 secs (5.427u,0.004s) (success)
Tactic call close-abstract+setoid_rewrite-regression-quadratic ran for 0.574 secs (0.574u,0.s)
Params: n= 180
Tactic call setoid_rewrite-regression-cubic ran for 5.54 secs (5.539u,0.s) (success)
Tactic call abstract+setoid_rewrite-regression-cubic ran for 6.176 secs (6.175u,0.s) (success)
Tactic call close-abstract+setoid_rewrite-regression-quadratic ran for 0.635 secs (0.635u,0.s)
Params: n= 190
Tactic call setoid_rewrite-regression-cubic ran for 6.357 secs (6.356u,0.s) (success)
Tactic call abstract+setoid_rewrite-regression-cubic ran for 7.1 secs (7.098u,0.s) (success)
Tactic call close-abstract+setoid_rewrite-regression-quadratic ran for 0.742 secs (0.742u,0.s)
Params: n= 210
Tactic call setoid_rewrite-regression-cubic ran for 8.805 secs (8.795u,0.008s) (success)
Tactic call abstract+setoid_rewrite-regression-cubic ran for 9.673 secs (9.664u,0.008s) (success)
Tactic call close-abstract+setoid_rewrite-regression-quadratic ran for 0.867 secs (0.867u,0.s)
Params: n= 220
Tactic call setoid_rewrite-regression-cubic ran for 9.676 secs (9.674u,0.s) (success)
Tactic call abstract+setoid_rewrite-regression-cubic ran for 10.623 secs (10.62u,0.s) (success)
Tactic call close-abstract+setoid_rewrite-regression-quadratic ran for 0.946 secs (0.945u,0.s)
Params: n= 230
Tactic call setoid_rewrite-regression-cubic ran for 11.34 secs (11.337u,0.s) (success)
Tactic call abstract+setoid_rewrite-regression-cubic ran for 12.402 secs (12.398u,0.s) (success)
Tactic call close-abstract+setoid_rewrite-regression-quadratic ran for 1.061 secs (1.06u,0.s)
Params: n= 240
Tactic call setoid_rewrite-regression-cubic ran for 12.422 secs (12.415u,0.005s) (success)
Tactic call abstract+setoid_rewrite-regression-cubic ran for 13.509 secs (13.502u,0.005s) (success)
Tactic call close-abstract+setoid_rewrite-regression-quadratic ran for 1.086 secs (1.086u,0.s)
Params: n= 250
Tactic call setoid_rewrite-regression-cubic ran for 13.67 secs (13.668u,0.s) (success)
Tactic call abstract+setoid_rewrite-regression-cubic ran for 14.875 secs (14.872u,0.s) (success)
Tactic call close-abstract+setoid_rewrite-regression-quadratic ran for 1.204 secs (1.204u,0.s)
Params: n= 300
Tactic call setoid_rewrite-regression-cubic ran for 23.605 secs (23.589u,0.011s) (success)
Tactic call abstract+setoid_rewrite-regression-cubic ran for 25.47 secs (25.453u,0.012s) (success)
Tactic call close-abstract+setoid_rewrite-regression-quadratic ran for 1.863 secs (1.862u,0.s)
Params: n= 400
Tactic call setoid_rewrite-regression-cubic ran for 56.609 secs (56.56u,0.011s) (success)
Tactic call abstract+setoid_rewrite-regression-cubic ran for 59.887 secs (59.838u,0.011s) (success)
Tactic call close-abstract+setoid_rewrite-regression-quadratic ran for 3.276 secs (3.276u,0.s)
