Params: n= 50
Tactic call refine-regression-quadratic-regression-linear ran for 0.001 secs (0.001u,0.s) (success)
Tactic call pose-build-and-refine-regression-cubic ran for 0.017 secs (0.013u,0.003s) (success)
Tactic call fast_rewrite-regression-cubic ran for 0.017 secs (0.013u,0.003s) (success)
Params: n= 100
Tactic call refine-regression-quadratic-regression-linear ran for 0.001 secs (0.u,0.s) (success)
Tactic call pose-build-and-refine-regression-cubic ran for 0.097 secs (0.085u,0.011s) (success)
Tactic call fast_rewrite-regression-cubic ran for 0.097 secs (0.085u,0.011s) (success)
Params: n= 150
Tactic call refine-regression-quadratic-regression-linear ran for 0.001 secs (0.001u,0.s) (success)
Tactic call pose-build-and-refine-regression-cubic ran for 0.082 secs (0.082u,0.s) (success)
Tactic call fast_rewrite-regression-cubic ran for 0.082 secs (0.082u,0.s) (success)
Params: n= 200
Tactic call refine-regression-quadratic-regression-linear ran for 0.002 secs (0.002u,0.s) (success)
Tactic call pose-build-and-refine-regression-cubic ran for 0.179 secs (0.167u,0.012s) (success)
Tactic call fast_rewrite-regression-cubic ran for 0.179 secs (0.167u,0.012s) (success)
Params: n= 250
Tactic call refine-regression-quadratic-regression-linear ran for 0.003 secs (0.003u,0.s) (success)
Tactic call pose-build-and-refine-regression-cubic ran for 0.258 secs (0.253u,0.004s) (success)
Tactic call fast_rewrite-regression-cubic ran for 0.258 secs (0.253u,0.004s) (success)
Params: n= 300
Tactic call refine-regression-quadratic-regression-linear ran for 0.003 secs (0.003u,0.s) (success)
Tactic call pose-build-and-refine-regression-cubic ran for 0.335 secs (0.327u,0.007s) (success)
Tactic call fast_rewrite-regression-cubic ran for 0.335 secs (0.327u,0.007s) (success)
Params: n= 350
Tactic call refine-regression-quadratic-regression-linear ran for 0.004 secs (0.004u,0.s) (success)
Tactic call pose-build-and-refine-regression-cubic ran for 0.433 secs (0.42u,0.012s) (success)
Tactic call fast_rewrite-regression-cubic ran for 0.433 secs (0.42u,0.012s) (success)
Params: n= 400
Tactic call refine-regression-quadratic-regression-linear ran for 0.005 secs (0.005u,0.s) (success)
Tactic call pose-build-and-refine-regression-cubic ran for 0.637 secs (0.617u,0.019s) (success)
Tactic call fast_rewrite-regression-cubic ran for 0.637 secs (0.617u,0.019s) (success)
