Params: n= 110
Tactic call reify-regression-quadratic ran for 4.205 secs (4.149u,0.056s)
Tactic call abstract-regression-linear ran for 0.003 secs (0.003u,0.s) (success)
Params: n= 120
Tactic call reify-regression-quadratic ran for 5.371 secs (5.367u,0.003s)
Tactic call abstract-regression-linear ran for 0.004 secs (0.004u,0.s) (success)
Params: n= 130
Tactic call reify-regression-quadratic ran for 7.047 secs (7.034u,0.011s)
Tactic call abstract-regression-linear ran for 0.004 secs (0.004u,0.s) (success)
Params: n= 140
Tactic call reify-regression-quadratic ran for 8.971 secs (8.966u,0.003s)
Tactic call abstract-regression-linear ran for 0.004 secs (0.004u,0.s) (success)
Params: n= 150
Tactic call reify-regression-quadratic ran for 11.264 secs (11.264u,0.s)
Tactic call abstract-regression-linear ran for 0.005 secs (0.001u,0.003s) (success)
Params: n= 160
Tactic call reify-regression-quadratic ran for 14.045 secs (14.044u,0.s)
Tactic call abstract-regression-linear ran for 0.005 secs (0.005u,0.s) (success)
Params: n= 170
Tactic call reify-regression-quadratic ran for 17.305 secs (17.305u,0.s)
Tactic call abstract-regression-linear ran for 0.005 secs (0.005u,0.s) (success)
Params: n= 180
Tactic call reify-regression-quadratic ran for 21.034 secs (21.033u,0.s)
Tactic call abstract-regression-linear ran for 0.005 secs (0.005u,0.s) (success)
Params: n= 190
Tactic call reify-regression-quadratic ran for 25.357 secs (25.356u,0.s)
Tactic call abstract-regression-linear ran for 0.006 secs (0.006u,0.s) (success)
Params: n= 200
Tactic call reify-regression-quadratic ran for 30.351 secs (30.35u,0.s)
Tactic call abstract-regression-linear ran for 0.006 secs (0.006u,0.s) (success)
