Params: n= 4
Tactic call reify-regression-cubic ran for 0.007 secs (0.007u,0.s)
Tactic call abstract-regression-linear ran for 0. secs (0.u,0.s) (success)
Params: n= 5
Tactic call reify-regression-cubic ran for 0.009 secs (0.009u,0.s)
Tactic call abstract-regression-linear ran for 0. secs (0.u,0.s) (success)
Params: n= 6
Tactic call reify-regression-cubic ran for 0.012 secs (0.009u,0.003s)
Tactic call abstract-regression-linear ran for 0. secs (0.u,0.s) (success)
Params: n= 7
Tactic call reify-regression-cubic ran for 0.015 secs (0.007u,0.007s)
Tactic call abstract-regression-linear ran for 0. secs (0.u,0.s) (success)
Params: n= 8
Tactic call reify-regression-cubic ran for 0.07 secs (0.066u,0.003s)
Tactic call abstract-regression-linear ran for 0. secs (0.u,0.s) (success)
Params: n= 9
Tactic call reify-regression-cubic ran for 0.019 secs (0.019u,0.s)
Tactic call abstract-regression-linear ran for 0. secs (0.u,0.s) (success)
Params: n= 10
Tactic call reify-regression-cubic ran for 0.02 secs (0.02u,0.s)
Tactic call abstract-regression-linear ran for 0. secs (0.u,0.s) (success)
Params: n= 11
Tactic call reify-regression-cubic ran for 0.023 secs (0.023u,0.s)
Tactic call abstract-regression-linear ran for 0. secs (0.u,0.s) (success)
Params: n= 12
Tactic call reify-regression-cubic ran for 0.026 secs (0.026u,0.s)
Tactic call abstract-regression-linear ran for 0. secs (0.u,0.s) (success)
Params: n= 13
Tactic call reify-regression-cubic ran for 0.029 secs (0.029u,0.s)
Tactic call abstract-regression-linear ran for 0. secs (0.u,0.s) (success)
Params: n= 14
Tactic call reify-regression-cubic ran for 0.031 secs (0.031u,0.s)
Tactic call abstract-regression-linear ran for 0. secs (0.u,0.s) (success)
Params: n= 15
Tactic call reify-regression-cubic ran for 0.038 secs (0.038u,0.s)
Tactic call abstract-regression-linear ran for 0. secs (0.u,0.s) (success)
Params: n= 16
Tactic call reify-regression-cubic ran for 0.041 secs (0.041u,0.s)
Tactic call abstract-regression-linear ran for 0. secs (0.u,0.s) (success)
Params: n= 17
Tactic call reify-regression-cubic ran for 0.046 secs (0.046u,0.s)
Tactic call abstract-regression-linear ran for 0. secs (0.u,0.s) (success)
Params: n= 18
Tactic call reify-regression-cubic ran for 0.052 secs (0.052u,0.s)
Tactic call abstract-regression-linear ran for 0. secs (0.u,0.s) (success)
Params: n= 19
Tactic call reify-regression-cubic ran for 0.054 secs (0.054u,0.s)
Tactic call abstract-regression-linear ran for 0. secs (0.u,0.s) (success)
Params: n= 20
Tactic call reify-regression-cubic ran for 0.058 secs (0.058u,0.s)
Tactic call abstract-regression-linear ran for 0.001 secs (0.001u,0.s) (success)
Params: n= 21
Tactic call reify-regression-cubic ran for 0.078 secs (0.078u,0.s)
Tactic call abstract-regression-linear ran for 0.001 secs (0.001u,0.s) (success)
Params: n= 22
Tactic call reify-regression-cubic ran for 0.07 secs (0.07u,0.s)
Tactic call abstract-regression-linear ran for 0.001 secs (0.001u,0.s) (success)
Params: n= 23
Tactic call reify-regression-cubic ran for 0.081 secs (0.081u,0.s)
Tactic call abstract-regression-linear ran for 0. secs (0.u,0.s) (success)
Params: n= 24
Tactic call reify-regression-cubic ran for 0.086 secs (0.086u,0.s)
Tactic call abstract-regression-linear ran for 0.001 secs (0.001u,0.s) (success)
Params: n= 25
Tactic call reify-regression-cubic ran for 0.097 secs (0.097u,0.s)
Tactic call abstract-regression-linear ran for 0.001 secs (0.001u,0.s) (success)
Params: n= 26
Tactic call reify-regression-cubic ran for 0.101 secs (0.101u,0.s)
Tactic call abstract-regression-linear ran for 0.001 secs (0.001u,0.s) (success)
Params: n= 27
Tactic call reify-regression-cubic ran for 0.119 secs (0.116u,0.003s)
Tactic call abstract-regression-linear ran for 0.001 secs (0.001u,0.s) (success)
Params: n= 28
Tactic call reify-regression-cubic ran for 0.117 secs (0.117u,0.s)
Tactic call abstract-regression-linear ran for 0.001 secs (0.u,0.001s) (success)
Params: n= 29
Tactic call reify-regression-cubic ran for 0.126 secs (0.124u,0.002s)
Tactic call abstract-regression-linear ran for 0.001 secs (0.001u,0.s) (success)
Params: n= 30
Tactic call reify-regression-cubic ran for 0.132 secs (0.132u,0.s)
Tactic call abstract-regression-linear ran for 0.001 secs (0.001u,0.s) (success)
Params: n= 31
Tactic call reify-regression-cubic ran for 0.156 secs (0.152u,0.003s)
Tactic call abstract-regression-linear ran for 0.001 secs (0.001u,0.s) (success)
Params: n= 32
Tactic call reify-regression-cubic ran for 0.164 secs (0.164u,0.s)
Tactic call abstract-regression-linear ran for 0.001 secs (0.001u,0.s) (success)
Params: n= 33
Tactic call reify-regression-cubic ran for 0.173 secs (0.173u,0.s)
Tactic call abstract-regression-linear ran for 0.001 secs (0.001u,0.s) (success)
Params: n= 34
Tactic call reify-regression-cubic ran for 0.195 secs (0.19u,0.004s)
Tactic call abstract-regression-linear ran for 0.007 secs (0.007u,0.s) (success)
Params: n= 35
Tactic call reify-regression-cubic ran for 0.182 secs (0.182u,0.s)
Tactic call abstract-regression-linear ran for 0.001 secs (0.001u,0.s) (success)
Params: n= 36
Tactic call reify-regression-cubic ran for 0.2 secs (0.2u,0.s)
Tactic call abstract-regression-linear ran for 0.001 secs (0.001u,0.s) (success)
Params: n= 37
Tactic call reify-regression-cubic ran for 0.206 secs (0.206u,0.s)
Tactic call abstract-regression-linear ran for 0.001 secs (0.001u,0.s) (success)
Params: n= 38
Tactic call reify-regression-cubic ran for 0.24 secs (0.24u,0.s)
Tactic call abstract-regression-linear ran for 0.001 secs (0.001u,0.s) (success)
Params: n= 39
Tactic call reify-regression-cubic ran for 0.247 secs (0.247u,0.s)
Tactic call abstract-regression-linear ran for 0.001 secs (0.001u,0.s) (success)
Params: n= 40
Tactic call reify-regression-cubic ran for 0.26 secs (0.26u,0.s)
Tactic call abstract-regression-linear ran for 0.001 secs (0.001u,0.s) (success)
Params: n= 41
Tactic call reify-regression-cubic ran for 0.269 secs (0.268u,0.s)
Tactic call abstract-regression-linear ran for 0.001 secs (0.001u,0.s) (success)
Params: n= 42
Tactic call reify-regression-cubic ran for 0.29 secs (0.286u,0.003s)
Tactic call abstract-regression-linear ran for 0.001 secs (0.001u,0.s) (success)
Params: n= 43
Tactic call reify-regression-cubic ran for 0.307 secs (0.306u,0.s)
Tactic call abstract-regression-linear ran for 0.001 secs (0.001u,0.s) (success)
Params: n= 44
Tactic call reify-regression-cubic ran for 0.324 secs (0.324u,0.s)
Tactic call abstract-regression-linear ran for 0.001 secs (0.001u,0.s) (success)
Params: n= 45
Tactic call reify-regression-cubic ran for 0.338 secs (0.338u,0.s)
Tactic call abstract-regression-linear ran for 0.002 secs (0.002u,0.s) (success)
Params: n= 46
Tactic call reify-regression-cubic ran for 0.373 secs (0.373u,0.s)
Tactic call abstract-regression-linear ran for 0.002 secs (0.002u,0.s) (success)
Params: n= 47
Tactic call reify-regression-cubic ran for 0.379 secs (0.379u,0.s)
Tactic call abstract-regression-linear ran for 0.001 secs (0.001u,0.s) (success)
Params: n= 48
Tactic call reify-regression-cubic ran for 0.392 secs (0.391u,0.s)
Tactic call abstract-regression-linear ran for 0.001 secs (0.001u,0.s) (success)
Params: n= 49
Tactic call reify-regression-cubic ran for 0.418 secs (0.417u,0.s)
Tactic call abstract-regression-linear ran for 0.001 secs (0.001u,0.s) (success)
Params: n= 50
Tactic call reify-regression-cubic ran for 0.435 secs (0.435u,0.s)
Tactic call abstract-regression-linear ran for 0.001 secs (0.001u,0.s) (success)
Params: n= 51
Tactic call reify-regression-cubic ran for 0.47 secs (0.47u,0.s)
Tactic call abstract-regression-linear ran for 0.001 secs (0.001u,0.s) (success)
Params: n= 52
Tactic call reify-regression-cubic ran for 0.493 secs (0.489u,0.003s)
Tactic call abstract-regression-linear ran for 0.001 secs (0.001u,0.s) (success)
Params: n= 53
Tactic call reify-regression-cubic ran for 0.514 secs (0.51u,0.003s)
Tactic call abstract-regression-linear ran for 0.002 secs (0.002u,0.s) (success)
Params: n= 54
Tactic call reify-regression-cubic ran for 0.532 secs (0.532u,0.s)
Tactic call abstract-regression-linear ran for 0.002 secs (0.002u,0.s) (success)
Params: n= 55
Tactic call reify-regression-cubic ran for 0.592 secs (0.592u,0.s)
Tactic call abstract-regression-linear ran for 0.002 secs (0.002u,0.s) (success)
Params: n= 56
Tactic call reify-regression-cubic ran for 0.617 secs (0.617u,0.s)
Tactic call abstract-regression-linear ran for 0.002 secs (0.002u,0.s) (success)
Params: n= 57
Tactic call reify-regression-cubic ran for 0.619 secs (0.619u,0.s)
Tactic call abstract-regression-linear ran for 0.002 secs (0.002u,0.s) (success)
Params: n= 58
Tactic call reify-regression-cubic ran for 0.634 secs (0.634u,0.s)
Tactic call abstract-regression-linear ran for 0.002 secs (0.002u,0.s) (success)
Params: n= 59
Tactic call reify-regression-cubic ran for 0.671 secs (0.671u,0.s)
Tactic call abstract-regression-linear ran for 0.002 secs (0.002u,0.s) (success)
Params: n= 60
Tactic call reify-regression-cubic ran for 0.687 secs (0.687u,0.s)
Tactic call abstract-regression-linear ran for 0.002 secs (0.002u,0.s) (success)
Params: n= 61
Tactic call reify-regression-cubic ran for 0.722 secs (0.722u,0.s)
Tactic call abstract-regression-linear ran for 0.002 secs (0.002u,0.s) (success)
Params: n= 62
Tactic call reify-regression-cubic ran for 0.788 secs (0.788u,0.s)
Tactic call abstract-regression-linear ran for 0.002 secs (0.002u,0.s) (success)
Params: n= 63
Tactic call reify-regression-cubic ran for 0.81 secs (0.81u,0.s)
Tactic call abstract-regression-linear ran for 0.003 secs (0.003u,0.s) (success)
Params: n= 64
Tactic call reify-regression-cubic ran for 0.911 secs (0.911u,0.s)
Tactic call abstract-regression-linear ran for 0.002 secs (0.002u,0.s) (success)
Params: n= 65
Tactic call reify-regression-cubic ran for 0.883 secs (0.883u,0.s)
Tactic call abstract-regression-linear ran for 0.002 secs (0.002u,0.s) (success)
Params: n= 66
Tactic call reify-regression-cubic ran for 0.931 secs (0.931u,0.s)
Tactic call abstract-regression-linear ran for 0.002 secs (0.002u,0.s) (success)
Params: n= 67
Tactic call reify-regression-cubic ran for 0.936 secs (0.932u,0.003s)
Tactic call abstract-regression-linear ran for 0.004 secs (0.004u,0.s) (success)
Params: n= 68
Tactic call reify-regression-cubic ran for 0.971 secs (0.971u,0.s)
Tactic call abstract-regression-linear ran for 0.002 secs (0.002u,0.s) (success)
Params: n= 69
Tactic call reify-regression-cubic ran for 1.069 secs (1.065u,0.004s)
Tactic call abstract-regression-linear ran for 0.003 secs (0.003u,0.s) (success)
Params: n= 70
Tactic call reify-regression-cubic ran for 1.088 secs (1.088u,0.s)
Tactic call abstract-regression-linear ran for 0.002 secs (0.002u,0.s) (success)
Params: n= 71
Tactic call reify-regression-cubic ran for 1.12 secs (1.12u,0.s)
Tactic call abstract-regression-linear ran for 0.002 secs (0.002u,0.s) (success)
Params: n= 72
Tactic call reify-regression-cubic ran for 1.195 secs (1.195u,0.s)
Tactic call abstract-regression-linear ran for 0.002 secs (0.002u,0.s) (success)
Params: n= 73
Tactic call reify-regression-cubic ran for 1.235 secs (1.235u,0.s)
Tactic call abstract-regression-linear ran for 0.002 secs (0.002u,0.s) (success)
Params: n= 74
Tactic call reify-regression-cubic ran for 1.257 secs (1.257u,0.s)
Tactic call abstract-regression-linear ran for 0.004 secs (0.004u,0.s) (success)
Params: n= 75
Tactic call reify-regression-cubic ran for 1.333 secs (1.332u,0.s)
Tactic call abstract-regression-linear ran for 0.002 secs (0.002u,0.s) (success)
Params: n= 76
Tactic call reify-regression-cubic ran for 1.38 secs (1.38u,0.s)
Tactic call abstract-regression-linear ran for 0.002 secs (0.002u,0.s) (success)
Params: n= 77
Tactic call reify-regression-cubic ran for 1.389 secs (1.388u,0.s)
Tactic call abstract-regression-linear ran for 0.003 secs (0.003u,0.s) (success)
Params: n= 78
Tactic call reify-regression-cubic ran for 1.464 secs (1.464u,0.s)
Tactic call abstract-regression-linear ran for 0.002 secs (0.002u,0.s) (success)
Params: n= 79
Tactic call reify-regression-cubic ran for 1.527 secs (1.525u,0.s)
Tactic call abstract-regression-linear ran for 0.003 secs (0.003u,0.s) (success)
Params: n= 80
Tactic call reify-regression-cubic ran for 1.625 secs (1.624u,0.s)
Tactic call abstract-regression-linear ran for 0.003 secs (0.002u,0.s) (success)
Params: n= 81
Tactic call reify-regression-cubic ran for 1.686 secs (1.685u,0.s)
Tactic call abstract-regression-linear ran for 0.002 secs (0.002u,0.s) (success)
Params: n= 82
Tactic call reify-regression-cubic ran for 1.685 secs (1.685u,0.s)
Tactic call abstract-regression-linear ran for 0.002 secs (0.002u,0.s) (success)
Params: n= 83
Tactic call reify-regression-cubic ran for 1.79 secs (1.789u,0.s)
Tactic call abstract-regression-linear ran for 0.002 secs (0.002u,0.s) (success)
Params: n= 84
Tactic call reify-regression-cubic ran for 1.811 secs (1.808u,0.s)
Tactic call abstract-regression-linear ran for 0.002 secs (0.002u,0.s) (success)
Params: n= 85
Tactic call reify-regression-cubic ran for 1.92 secs (1.919u,0.s)
Tactic call abstract-regression-linear ran for 0.003 secs (0.003u,0.s) (success)
Params: n= 86
Tactic call reify-regression-cubic ran for 1.959 secs (1.959u,0.s)
Tactic call abstract-regression-linear ran for 0.003 secs (0.003u,0.s) (success)
Params: n= 87
Tactic call reify-regression-cubic ran for 2.047 secs (2.046u,0.s)
Tactic call abstract-regression-linear ran for 0.002 secs (0.002u,0.s) (success)
Params: n= 88
Tactic call reify-regression-cubic ran for 2.045 secs (2.045u,0.s)
Tactic call abstract-regression-linear ran for 0.003 secs (0.003u,0.s) (success)
Params: n= 89
Tactic call reify-regression-cubic ran for 2.155 secs (2.155u,0.s)
Tactic call abstract-regression-linear ran for 0.002 secs (0.002u,0.s) (success)
Params: n= 90
Tactic call reify-regression-cubic ran for 2.287 secs (2.283u,0.003s)
Tactic call abstract-regression-linear ran for 0.003 secs (0.003u,0.s) (success)
Params: n= 91
Tactic call reify-regression-cubic ran for 2.316 secs (2.314u,0.s)
Tactic call abstract-regression-linear ran for 0.003 secs (0.003u,0.s) (success)
Params: n= 92
Tactic call reify-regression-cubic ran for 2.546 secs (2.545u,0.s)
Tactic call abstract-regression-linear ran for 0.004 secs (0.004u,0.s) (success)
Params: n= 93
Tactic call reify-regression-cubic ran for 2.581 secs (2.58u,0.s)
Tactic call abstract-regression-linear ran for 0.003 secs (0.003u,0.s) (success)
Params: n= 94
Tactic call reify-regression-cubic ran for 2.571 secs (2.566u,0.003s)
Tactic call abstract-regression-linear ran for 0.003 secs (0.003u,0.s) (success)
Params: n= 95
Tactic call reify-regression-cubic ran for 2.663 secs (2.662u,0.s)
Tactic call abstract-regression-linear ran for 0.003 secs (0.003u,0.s) (success)
Params: n= 96
Tactic call reify-regression-cubic ran for 2.914 secs (2.913u,0.s)
Tactic call abstract-regression-linear ran for 0.003 secs (0.003u,0.s) (success)
Params: n= 97
Tactic call reify-regression-cubic ran for 2.817 secs (2.809u,0.007s)
Tactic call abstract-regression-linear ran for 0.003 secs (0.003u,0.s) (success)
Params: n= 98
Tactic call reify-regression-cubic ran for 2.925 secs (2.92u,0.004s)
Tactic call abstract-regression-linear ran for 0.003 secs (0.003u,0.s) (success)
Params: n= 99
Tactic call reify-regression-cubic ran for 2.984 secs (2.979u,0.004s)
Tactic call abstract-regression-linear ran for 0.003 secs (0.003u,0.s) (success)
Params: n= 100
Tactic call reify-regression-cubic ran for 3.153 secs (3.152u,0.s)
Tactic call abstract-regression-linear ran for 0.003 secs (0.003u,0.s) (success)
