Params: n= 3
Tactic call repeat-rewrite_strat-topdown-regression-cubic ran for 0.018 secs (0.009u,0.009s) (success)
Tactic call noop-repeat-rewrite_strat-topdown-regression-cubic ran for 0.001 secs (0.001u,0.s) (success)
Tactic call abstract+repeat-rewrite_strat-topdown-regression-cubic ran for 0.022 secs (0.013u,0.009s) (success)
Tactic call close-abstract+repeat-rewrite_strat-topdown-regression-quadratic ran for 0.001 secs (0.001u,0.s)
Params: n= 4
Tactic call repeat-rewrite_strat-topdown-regression-cubic ran for 0.026 secs (0.019u,0.007s) (success)
Tactic call noop-repeat-rewrite_strat-topdown-regression-cubic ran for 0.051 secs (0.039u,0.011s) (success)
Tactic call abstract+repeat-rewrite_strat-topdown-regression-cubic ran for 0.079 secs (0.06u,0.019s) (success)
Tactic call close-abstract+repeat-rewrite_strat-topdown-regression-quadratic ran for 0.001 secs (0.u,0.s)
Params: n= 5
Tactic call repeat-rewrite_strat-topdown-regression-cubic ran for 0.023 secs (0.023u,0.s) (success)
Tactic call noop-repeat-rewrite_strat-topdown-regression-cubic ran for 0.002 secs (0.002u,0.s) (success)
Tactic call abstract+repeat-rewrite_strat-topdown-regression-cubic ran for 0.027 secs (0.027u,0.s) (success)
Tactic call close-abstract+repeat-rewrite_strat-topdown-regression-quadratic ran for 0.001 secs (0.001u,0.s)
Params: n= 6
Tactic call repeat-rewrite_strat-topdown-regression-cubic ran for 0.04 secs (0.039u,0.001s) (success)
Tactic call noop-repeat-rewrite_strat-topdown-regression-cubic ran for 0.002 secs (0.001u,0.s) (success)
Tactic call abstract+repeat-rewrite_strat-topdown-regression-cubic ran for 0.045 secs (0.043u,0.002s) (success)
Tactic call close-abstract+repeat-rewrite_strat-topdown-regression-quadratic ran for 0.002 secs (0.002u,0.s)
Params: n= 7
Tactic call repeat-rewrite_strat-topdown-regression-cubic ran for 0.041 secs (0.041u,0.s) (success)
Tactic call noop-repeat-rewrite_strat-topdown-regression-cubic ran for 0.003 secs (0.003u,0.s) (success)
Tactic call abstract+repeat-rewrite_strat-topdown-regression-cubic ran for 0.047 secs (0.047u,0.s) (success)
Tactic call close-abstract+repeat-rewrite_strat-topdown-regression-quadratic ran for 0.002 secs (0.002u,0.s)
Params: n= 8
Tactic call repeat-rewrite_strat-topdown-regression-cubic ran for 0.052 secs (0.052u,0.s) (success)
Tactic call noop-repeat-rewrite_strat-topdown-regression-cubic ran for 0.003 secs (0.003u,0.s) (success)
Tactic call abstract+repeat-rewrite_strat-topdown-regression-cubic ran for 0.059 secs (0.059u,0.s) (success)
Tactic call close-abstract+repeat-rewrite_strat-topdown-regression-quadratic ran for 0.003 secs (0.003u,0.s)
Params: n= 9
Tactic call repeat-rewrite_strat-topdown-regression-cubic ran for 0.065 secs (0.065u,0.s) (success)
Tactic call noop-repeat-rewrite_strat-topdown-regression-cubic ran for 0.003 secs (0.003u,0.s) (success)
Tactic call abstract+repeat-rewrite_strat-topdown-regression-cubic ran for 0.073 secs (0.073u,0.s) (success)
Tactic call close-abstract+repeat-rewrite_strat-topdown-regression-quadratic ran for 0.003 secs (0.003u,0.s)
Params: n= 11
Tactic call repeat-rewrite_strat-topdown-regression-cubic ran for 0.1 secs (0.1u,0.s) (success)
Tactic call noop-repeat-rewrite_strat-topdown-regression-cubic ran for 0.005 secs (0.005u,0.s) (success)
Tactic call abstract+repeat-rewrite_strat-topdown-regression-cubic ran for 0.11 secs (0.11u,0.s) (success)
Tactic call close-abstract+repeat-rewrite_strat-topdown-regression-quadratic ran for 0.004 secs (0.004u,0.s)
Params: n= 12
Tactic call repeat-rewrite_strat-topdown-regression-cubic ran for 0.131 secs (0.131u,0.s) (success)
Tactic call noop-repeat-rewrite_strat-topdown-regression-cubic ran for 0.005 secs (0.005u,0.s) (success)
Tactic call abstract+repeat-rewrite_strat-topdown-regression-cubic ran for 0.145 secs (0.145u,0.s) (success)
Tactic call close-abstract+repeat-rewrite_strat-topdown-regression-quadratic ran for 0.007 secs (0.007u,0.s)
Params: n= 13
Tactic call repeat-rewrite_strat-topdown-regression-cubic ran for 0.156 secs (0.155u,0.s) (success)
Tactic call noop-repeat-rewrite_strat-topdown-regression-cubic ran for 0.006 secs (0.006u,0.s) (success)
Tactic call abstract+repeat-rewrite_strat-topdown-regression-cubic ran for 0.169 secs (0.169u,0.s) (success)
Tactic call close-abstract+repeat-rewrite_strat-topdown-regression-quadratic ran for 0.006 secs (0.006u,0.s)
Params: n= 14
Tactic call repeat-rewrite_strat-topdown-regression-cubic ran for 0.185 secs (0.185u,0.s) (success)
Tactic call noop-repeat-rewrite_strat-topdown-regression-cubic ran for 0.007 secs (0.007u,0.s) (success)
Tactic call abstract+repeat-rewrite_strat-topdown-regression-cubic ran for 0.2 secs (0.2u,0.s) (success)
Tactic call close-abstract+repeat-rewrite_strat-topdown-regression-quadratic ran for 0.007 secs (0.007u,0.s)
Params: n= 15
Tactic call repeat-rewrite_strat-topdown-regression-cubic ran for 0.215 secs (0.215u,0.s) (success)
Tactic call noop-repeat-rewrite_strat-topdown-regression-cubic ran for 0.008 secs (0.008u,0.s) (success)
Tactic call abstract+repeat-rewrite_strat-topdown-regression-cubic ran for 0.232 secs (0.232u,0.s) (success)
Tactic call close-abstract+repeat-rewrite_strat-topdown-regression-quadratic ran for 0.007 secs (0.007u,0.s)
Params: n= 16
Tactic call repeat-rewrite_strat-topdown-regression-cubic ran for 0.248 secs (0.248u,0.s) (success)
Tactic call noop-repeat-rewrite_strat-topdown-regression-cubic ran for 0.009 secs (0.009u,0.s) (success)
Tactic call abstract+repeat-rewrite_strat-topdown-regression-cubic ran for 0.266 secs (0.266u,0.s) (success)
Tactic call close-abstract+repeat-rewrite_strat-topdown-regression-quadratic ran for 0.008 secs (0.008u,0.s)
Params: n= 17
Tactic call repeat-rewrite_strat-topdown-regression-cubic ran for 0.29 secs (0.29u,0.s) (success)
Tactic call noop-repeat-rewrite_strat-topdown-regression-cubic ran for 0.01 secs (0.01u,0.s) (success)
Tactic call abstract+repeat-rewrite_strat-topdown-regression-cubic ran for 0.311 secs (0.311u,0.s) (success)
Tactic call close-abstract+repeat-rewrite_strat-topdown-regression-quadratic ran for 0.009 secs (0.009u,0.s)
Params: n= 18
Tactic call repeat-rewrite_strat-topdown-regression-cubic ran for 0.346 secs (0.345u,0.001s) (success)
Tactic call noop-repeat-rewrite_strat-topdown-regression-cubic ran for 0.011 secs (0.011u,0.s) (success)
Tactic call abstract+repeat-rewrite_strat-topdown-regression-cubic ran for 0.368 secs (0.367u,0.001s) (success)
Tactic call close-abstract+repeat-rewrite_strat-topdown-regression-quadratic ran for 0.01 secs (0.01u,0.s)
Params: n= 19
Tactic call repeat-rewrite_strat-topdown-regression-cubic ran for 0.401 secs (0.401u,0.s) (success)
Tactic call noop-repeat-rewrite_strat-topdown-regression-cubic ran for 0.012 secs (0.012u,0.s) (success)
Tactic call abstract+repeat-rewrite_strat-topdown-regression-cubic ran for 0.425 secs (0.425u,0.s) (success)
Tactic call close-abstract+repeat-rewrite_strat-topdown-regression-quadratic ran for 0.011 secs (0.011u,0.s)
Params: n= 21
Tactic call repeat-rewrite_strat-topdown-regression-cubic ran for 0.545 secs (0.545u,0.s) (success)
Tactic call noop-repeat-rewrite_strat-topdown-regression-cubic ran for 0.015 secs (0.015u,0.s) (success)
Tactic call abstract+repeat-rewrite_strat-topdown-regression-cubic ran for 0.575 secs (0.575u,0.s) (success)
Tactic call close-abstract+repeat-rewrite_strat-topdown-regression-quadratic ran for 0.013 secs (0.013u,0.s)
Params: n= 22
Tactic call repeat-rewrite_strat-topdown-regression-cubic ran for 0.609 secs (0.609u,0.s) (success)
Tactic call noop-repeat-rewrite_strat-topdown-regression-cubic ran for 0.017 secs (0.017u,0.s) (success)
Tactic call abstract+repeat-rewrite_strat-topdown-regression-cubic ran for 0.642 secs (0.642u,0.s) (success)
Tactic call close-abstract+repeat-rewrite_strat-topdown-regression-quadratic ran for 0.014 secs (0.014u,0.s)
Params: n= 23
Tactic call repeat-rewrite_strat-topdown-regression-cubic ran for 0.713 secs (0.713u,0.s) (success)
Tactic call noop-repeat-rewrite_strat-topdown-regression-cubic ran for 0.019 secs (0.019u,0.s) (success)
Tactic call abstract+repeat-rewrite_strat-topdown-regression-cubic ran for 0.749 secs (0.749u,0.s) (success)
Tactic call close-abstract+repeat-rewrite_strat-topdown-regression-quadratic ran for 0.015 secs (0.015u,0.s)
Params: n= 24
Tactic call repeat-rewrite_strat-topdown-regression-cubic ran for 0.826 secs (0.826u,0.s) (success)
Tactic call noop-repeat-rewrite_strat-topdown-regression-cubic ran for 0.02 secs (0.02u,0.s) (success)
Tactic call abstract+repeat-rewrite_strat-topdown-regression-cubic ran for 0.864 secs (0.86u,0.004s) (success)
Tactic call close-abstract+repeat-rewrite_strat-topdown-regression-quadratic ran for 0.016 secs (0.013u,0.003s)
Params: n= 25
Tactic call repeat-rewrite_strat-topdown-regression-cubic ran for 0.927 secs (0.927u,0.s) (success)
Tactic call noop-repeat-rewrite_strat-topdown-regression-cubic ran for 0.022 secs (0.022u,0.s) (success)
Tactic call abstract+repeat-rewrite_strat-topdown-regression-cubic ran for 0.969 secs (0.969u,0.s) (success)
Tactic call close-abstract+repeat-rewrite_strat-topdown-regression-quadratic ran for 0.018 secs (0.018u,0.s)
Params: n= 35
Tactic call repeat-rewrite_strat-topdown-regression-cubic ran for 2.858 secs (2.853u,0.003s) (success)
Tactic call noop-repeat-rewrite_strat-topdown-regression-cubic ran for 0.05 secs (0.05u,0.s) (success)
Tactic call abstract+repeat-rewrite_strat-topdown-regression-cubic ran for 2.943 secs (2.938u,0.003s) (success)
Tactic call close-abstract+repeat-rewrite_strat-topdown-regression-quadratic ran for 0.033 secs (0.033u,0.s)
Params: n= 45
Tactic call repeat-rewrite_strat-topdown-regression-cubic ran for 6.926 secs (6.925u,0.s) (success)
Tactic call noop-repeat-rewrite_strat-topdown-regression-cubic ran for 0.097 secs (0.097u,0.s) (success)
Tactic call abstract+repeat-rewrite_strat-topdown-regression-cubic ran for 7.074 secs (7.074u,0.s) (success)
Tactic call close-abstract+repeat-rewrite_strat-topdown-regression-quadratic ran for 0.05 secs (0.05u,0.s)
Params: n= 50
Tactic call repeat-rewrite_strat-topdown-regression-cubic ran for 10.175 secs (10.174u,0.s) (success)
Tactic call noop-repeat-rewrite_strat-topdown-regression-cubic ran for 0.132 secs (0.132u,0.s) (success)
Tactic call abstract+repeat-rewrite_strat-topdown-regression-cubic ran for 10.375 secs (10.374u,0.s) (success)
Tactic call close-abstract+repeat-rewrite_strat-topdown-regression-quadratic ran for 0.067 secs (0.067u,0.s)
