Params: n= 10
Tactic call repeat-rewrite_strat-topdown-regression-cubic ran for 0.129 secs (0.082u,0.047s) (success)
Tactic call noop-repeat-rewrite_strat-topdown-regression-cubic ran for 0.004 secs (0.004u,0.s) (success)
Tactic call abstract+repeat-rewrite_strat-topdown-regression-cubic ran for 0.138 secs (0.091u,0.047s) (success)
Tactic call close-abstract+repeat-rewrite_strat-topdown-regression-quadratic ran for 0.004 secs (0.004u,0.s)
Params: n= 20
Tactic call repeat-rewrite_strat-topdown-regression-cubic ran for 0.385 secs (0.382u,0.003s) (success)
Tactic call noop-repeat-rewrite_strat-topdown-regression-cubic ran for 0.012 secs (0.012u,0.s) (success)
Tactic call abstract+repeat-rewrite_strat-topdown-regression-cubic ran for 0.41 secs (0.406u,0.003s) (success)
Tactic call close-abstract+repeat-rewrite_strat-topdown-regression-quadratic ran for 0.011 secs (0.011u,0.s)
Params: n= 30
Tactic call repeat-rewrite_strat-topdown-regression-cubic ran for 1.329 secs (1.328u,0.s) (success)
Tactic call noop-repeat-rewrite_strat-topdown-regression-cubic ran for 0.029 secs (0.029u,0.s) (success)
Tactic call abstract+repeat-rewrite_strat-topdown-regression-cubic ran for 1.38 secs (1.379u,0.s) (success)
Tactic call close-abstract+repeat-rewrite_strat-topdown-regression-quadratic ran for 0.021 secs (0.021u,0.s)
Params: n= 40
Tactic call repeat-rewrite_strat-topdown-regression-cubic ran for 3.65 secs (3.649u,0.s) (success)
Tactic call noop-repeat-rewrite_strat-topdown-regression-cubic ran for 0.055 secs (0.055u,0.s) (success)
Tactic call abstract+repeat-rewrite_strat-topdown-regression-cubic ran for 3.739 secs (3.737u,0.s) (success)
Tactic call close-abstract+repeat-rewrite_strat-topdown-regression-quadratic ran for 0.033 secs (0.033u,0.s)
