Params: n= 3
Tactic call repeat-rewrite_strat-bottomup-regression-cubic ran for 0.016 secs (0.u,0.016s) (success)
Tactic call noop-repeat-rewrite_strat-bottomup-regression-cubic ran for 0.001 secs (0.001u,0.s) (success)
Tactic call abstract+repeat-rewrite_strat-bottomup-regression-cubic ran for 0.019 secs (0.001u,0.018s) (success)
Tactic call close-abstract+repeat-rewrite_strat-bottomup-regression-quadratic ran for 0.001 secs (0.u,0.001s)
Params: n= 4
Tactic call repeat-rewrite_strat-bottomup-regression-cubic ran for 0.022 secs (0.004u,0.018s) (success)
Tactic call noop-repeat-rewrite_strat-bottomup-regression-cubic ran for 0.045 secs (0.045u,0.s) (success)
Tactic call abstract+repeat-rewrite_strat-bottomup-regression-cubic ran for 0.069 secs (0.05u,0.018s) (success)
Tactic call close-abstract+repeat-rewrite_strat-bottomup-regression-quadratic ran for 0.001 secs (0.001u,0.s)
Params: n= 5
Tactic call repeat-rewrite_strat-bottomup-regression-cubic ran for 0.019 secs (0.019u,0.s) (success)
Tactic call noop-repeat-rewrite_strat-bottomup-regression-cubic ran for 0.001 secs (0.001u,0.s) (success)
Tactic call abstract+repeat-rewrite_strat-bottomup-regression-cubic ran for 0.022 secs (0.022u,0.s) (success)
Tactic call close-abstract+repeat-rewrite_strat-bottomup-regression-quadratic ran for 0.001 secs (0.001u,0.s)
Params: n= 6
Tactic call repeat-rewrite_strat-bottomup-regression-cubic ran for 0.024 secs (0.024u,0.s) (success)
Tactic call noop-repeat-rewrite_strat-bottomup-regression-cubic ran for 0.001 secs (0.001u,0.s) (success)
Tactic call abstract+repeat-rewrite_strat-bottomup-regression-cubic ran for 0.029 secs (0.028u,0.s) (success)
Tactic call close-abstract+repeat-rewrite_strat-bottomup-regression-quadratic ran for 0.002 secs (0.002u,0.s)
Params: n= 7
Tactic call repeat-rewrite_strat-bottomup-regression-cubic ran for 0.032 secs (0.032u,0.s) (success)
Tactic call noop-repeat-rewrite_strat-bottomup-regression-cubic ran for 0.002 secs (0.002u,0.s) (success)
Tactic call abstract+repeat-rewrite_strat-bottomup-regression-cubic ran for 0.037 secs (0.037u,0.s) (success)
Tactic call close-abstract+repeat-rewrite_strat-bottomup-regression-quadratic ran for 0.002 secs (0.002u,0.s)
Params: n= 8
Tactic call repeat-rewrite_strat-bottomup-regression-cubic ran for 0.041 secs (0.041u,0.s) (success)
Tactic call noop-repeat-rewrite_strat-bottomup-regression-cubic ran for 0.002 secs (0.002u,0.s) (success)
Tactic call abstract+repeat-rewrite_strat-bottomup-regression-cubic ran for 0.047 secs (0.047u,0.s) (success)
Tactic call close-abstract+repeat-rewrite_strat-bottomup-regression-quadratic ran for 0.002 secs (0.002u,0.s)
Params: n= 9
Tactic call repeat-rewrite_strat-bottomup-regression-cubic ran for 0.049 secs (0.049u,0.s) (success)
Tactic call noop-repeat-rewrite_strat-bottomup-regression-cubic ran for 0.002 secs (0.002u,0.s) (success)
Tactic call abstract+repeat-rewrite_strat-bottomup-regression-cubic ran for 0.055 secs (0.055u,0.s) (success)
Tactic call close-abstract+repeat-rewrite_strat-bottomup-regression-quadratic ran for 0.002 secs (0.002u,0.s)
Params: n= 11
Tactic call repeat-rewrite_strat-bottomup-regression-cubic ran for 0.082 secs (0.082u,0.s) (success)
Tactic call noop-repeat-rewrite_strat-bottomup-regression-cubic ran for 0.004 secs (0.004u,0.s) (success)
Tactic call abstract+repeat-rewrite_strat-bottomup-regression-cubic ran for 0.091 secs (0.091u,0.s) (success)
Tactic call close-abstract+repeat-rewrite_strat-bottomup-regression-quadratic ran for 0.003 secs (0.003u,0.s)
Params: n= 12
Tactic call repeat-rewrite_strat-bottomup-regression-cubic ran for 0.095 secs (0.095u,0.s) (success)
Tactic call noop-repeat-rewrite_strat-bottomup-regression-cubic ran for 0.004 secs (0.004u,0.s) (success)
Tactic call abstract+repeat-rewrite_strat-bottomup-regression-cubic ran for 0.105 secs (0.105u,0.s) (success)
Tactic call close-abstract+repeat-rewrite_strat-bottomup-regression-quadratic ran for 0.005 secs (0.005u,0.s)
Params: n= 13
Tactic call repeat-rewrite_strat-bottomup-regression-cubic ran for 0.115 secs (0.115u,0.s) (success)
Tactic call noop-repeat-rewrite_strat-bottomup-regression-cubic ran for 0.005 secs (0.005u,0.s) (success)
Tactic call abstract+repeat-rewrite_strat-bottomup-regression-cubic ran for 0.126 secs (0.126u,0.s) (success)
Tactic call close-abstract+repeat-rewrite_strat-bottomup-regression-quadratic ran for 0.004 secs (0.004u,0.s)
Params: n= 14
Tactic call repeat-rewrite_strat-bottomup-regression-cubic ran for 0.135 secs (0.135u,0.s) (success)
Tactic call noop-repeat-rewrite_strat-bottomup-regression-cubic ran for 0.006 secs (0.006u,0.s) (success)
Tactic call abstract+repeat-rewrite_strat-bottomup-regression-cubic ran for 0.147 secs (0.147u,0.s) (success)
Tactic call close-abstract+repeat-rewrite_strat-bottomup-regression-quadratic ran for 0.005 secs (0.005u,0.s)
Params: n= 15
Tactic call repeat-rewrite_strat-bottomup-regression-cubic ran for 0.169 secs (0.169u,0.s) (success)
Tactic call noop-repeat-rewrite_strat-bottomup-regression-cubic ran for 0.006 secs (0.006u,0.s) (success)
Tactic call abstract+repeat-rewrite_strat-bottomup-regression-cubic ran for 0.182 secs (0.182u,0.s) (success)
Tactic call close-abstract+repeat-rewrite_strat-bottomup-regression-quadratic ran for 0.006 secs (0.006u,0.s)
Params: n= 16
Tactic call repeat-rewrite_strat-bottomup-regression-cubic ran for 0.193 secs (0.193u,0.s) (success)
Tactic call noop-repeat-rewrite_strat-bottomup-regression-cubic ran for 0.007 secs (0.007u,0.s) (success)
Tactic call abstract+repeat-rewrite_strat-bottomup-regression-cubic ran for 0.207 secs (0.207u,0.s) (success)
Tactic call close-abstract+repeat-rewrite_strat-bottomup-regression-quadratic ran for 0.006 secs (0.006u,0.s)
Params: n= 17
Tactic call repeat-rewrite_strat-bottomup-regression-cubic ran for 0.231 secs (0.231u,0.s) (success)
Tactic call noop-repeat-rewrite_strat-bottomup-regression-cubic ran for 0.008 secs (0.008u,0.s) (success)
Tactic call abstract+repeat-rewrite_strat-bottomup-regression-cubic ran for 0.25 secs (0.249u,0.s) (success)
Tactic call close-abstract+repeat-rewrite_strat-bottomup-regression-quadratic ran for 0.009 secs (0.009u,0.s)
Params: n= 18
Tactic call repeat-rewrite_strat-bottomup-regression-cubic ran for 0.283 secs (0.283u,0.s) (success)
Tactic call noop-repeat-rewrite_strat-bottomup-regression-cubic ran for 0.009 secs (0.009u,0.s) (success)
Tactic call abstract+repeat-rewrite_strat-bottomup-regression-cubic ran for 0.301 secs (0.301u,0.s) (success)
Tactic call close-abstract+repeat-rewrite_strat-bottomup-regression-quadratic ran for 0.008 secs (0.008u,0.s)
Params: n= 19
Tactic call repeat-rewrite_strat-bottomup-regression-cubic ran for 0.305 secs (0.305u,0.s) (success)
Tactic call noop-repeat-rewrite_strat-bottomup-regression-cubic ran for 0.01 secs (0.01u,0.s) (success)
Tactic call abstract+repeat-rewrite_strat-bottomup-regression-cubic ran for 0.324 secs (0.324u,0.s) (success)
Tactic call close-abstract+repeat-rewrite_strat-bottomup-regression-quadratic ran for 0.008 secs (0.008u,0.s)
Params: n= 21
Tactic call repeat-rewrite_strat-bottomup-regression-cubic ran for 0.413 secs (0.413u,0.s) (success)
Tactic call noop-repeat-rewrite_strat-bottomup-regression-cubic ran for 0.013 secs (0.01u,0.s) (success)
Tactic call abstract+repeat-rewrite_strat-bottomup-regression-cubic ran for 0.438 secs (0.437u,0.s) (success)
Tactic call close-abstract+repeat-rewrite_strat-bottomup-regression-quadratic ran for 0.01 secs (0.012u,0.s)
Params: n= 22
Tactic call repeat-rewrite_strat-bottomup-regression-cubic ran for 0.468 secs (0.468u,0.s) (success)
Tactic call noop-repeat-rewrite_strat-bottomup-regression-cubic ran for 0.017 secs (0.016u,0.s) (success)
Tactic call abstract+repeat-rewrite_strat-bottomup-regression-cubic ran for 0.497 secs (0.496u,0.s) (success)
Tactic call close-abstract+repeat-rewrite_strat-bottomup-regression-quadratic ran for 0.011 secs (0.011u,0.s)
Params: n= 23
Tactic call repeat-rewrite_strat-bottomup-regression-cubic ran for 0.557 secs (0.557u,0.s) (success)
Tactic call noop-repeat-rewrite_strat-bottomup-regression-cubic ran for 0.014 secs (0.014u,0.s) (success)
Tactic call abstract+repeat-rewrite_strat-bottomup-regression-cubic ran for 0.584 secs (0.584u,0.s) (success)
Tactic call close-abstract+repeat-rewrite_strat-bottomup-regression-quadratic ran for 0.012 secs (0.012u,0.s)
Params: n= 24
Tactic call repeat-rewrite_strat-bottomup-regression-cubic ran for 0.62 secs (0.62u,0.s) (success)
Tactic call noop-repeat-rewrite_strat-bottomup-regression-cubic ran for 0.015 secs (0.015u,0.s) (success)
Tactic call abstract+repeat-rewrite_strat-bottomup-regression-cubic ran for 0.65 secs (0.65u,0.s) (success)
Tactic call close-abstract+repeat-rewrite_strat-bottomup-regression-quadratic ran for 0.013 secs (0.013u,0.s)
Params: n= 25
Tactic call repeat-rewrite_strat-bottomup-regression-cubic ran for 0.711 secs (0.711u,0.s) (success)
Tactic call noop-repeat-rewrite_strat-bottomup-regression-cubic ran for 0.02 secs (0.02u,0.s) (success)
Tactic call abstract+repeat-rewrite_strat-bottomup-regression-cubic ran for 0.749 secs (0.749u,0.s) (success)
Tactic call close-abstract+repeat-rewrite_strat-bottomup-regression-quadratic ran for 0.016 secs (0.016u,0.s)
Params: n= 35
Tactic call repeat-rewrite_strat-bottomup-regression-cubic ran for 2.157 secs (2.157u,0.s) (success)
Tactic call noop-repeat-rewrite_strat-bottomup-regression-cubic ran for 0.041 secs (0.041u,0.s) (success)
Tactic call abstract+repeat-rewrite_strat-bottomup-regression-cubic ran for 2.226 secs (2.226u,0.s) (success)
Tactic call close-abstract+repeat-rewrite_strat-bottomup-regression-quadratic ran for 0.026 secs (0.026u,0.s)
Params: n= 45
Tactic call repeat-rewrite_strat-bottomup-regression-cubic ran for 5.48 secs (5.472u,0.007s) (success)
Tactic call noop-repeat-rewrite_strat-bottomup-regression-cubic ran for 0.079 secs (0.079u,0.s) (success)
Tactic call abstract+repeat-rewrite_strat-bottomup-regression-cubic ran for 5.601 secs (5.592u,0.007s) (success)
Tactic call close-abstract+repeat-rewrite_strat-bottomup-regression-quadratic ran for 0.04 secs (0.04u,0.s)
Params: n= 50
Tactic call repeat-rewrite_strat-bottomup-regression-cubic ran for 7.938 secs (7.932u,0.003s) (success)
Tactic call noop-repeat-rewrite_strat-bottomup-regression-cubic ran for 0.099 secs (0.099u,0.s) (success)
Tactic call abstract+repeat-rewrite_strat-bottomup-regression-cubic ran for 8.086 secs (8.08u,0.003s) (success)
Tactic call close-abstract+repeat-rewrite_strat-bottomup-regression-quadratic ran for 0.047 secs (0.047u,0.s)
