Params: n= 3
Tactic call repeat-rewrite_strat-topdown-regression-cubic ran for 0.02 secs (0.02u,0.s) (success)
Tactic call noop-repeat-rewrite_strat-topdown-regression-cubic ran for 0.002 secs (0.001u,0.s) (success)
Tactic call abstract+repeat-rewrite_strat-topdown-regression-cubic ran for 0.024 secs (0.023u,0.s) (success)
Tactic call close-abstract+repeat-rewrite_strat-topdown-regression-quadratic ran for 0.001 secs (0.001u,0.s)
Params: n= 4
Tactic call repeat-rewrite_strat-topdown-regression-cubic ran for 0.077 secs (0.065u,0.012s) (success)
Tactic call noop-repeat-rewrite_strat-topdown-regression-cubic ran for 0.002 secs (0.002u,0.s) (success)
Tactic call abstract+repeat-rewrite_strat-topdown-regression-cubic ran for 0.081 secs (0.069u,0.012s) (success)
Tactic call close-abstract+repeat-rewrite_strat-topdown-regression-quadratic ran for 0.001 secs (0.001u,0.s)
Params: n= 5
Tactic call repeat-rewrite_strat-topdown-regression-cubic ran for 0.032 secs (0.032u,0.s) (success)
Tactic call noop-repeat-rewrite_strat-topdown-regression-cubic ran for 0.002 secs (0.002u,0.s) (success)
Tactic call abstract+repeat-rewrite_strat-topdown-regression-cubic ran for 0.038 secs (0.038u,0.s) (success)
Tactic call close-abstract+repeat-rewrite_strat-topdown-regression-quadratic ran for 0.002 secs (0.002u,0.s)
Params: n= 6
Tactic call repeat-rewrite_strat-topdown-regression-cubic ran for 0.046 secs (0.046u,0.s) (success)
Tactic call noop-repeat-rewrite_strat-topdown-regression-cubic ran for 0.008 secs (0.008u,0.s) (success)
Tactic call abstract+repeat-rewrite_strat-topdown-regression-cubic ran for 0.063 secs (0.063u,0.s) (success)
Tactic call close-abstract+repeat-rewrite_strat-topdown-regression-quadratic ran for 0.008 secs (0.008u,0.s)
Params: n= 7
Tactic call repeat-rewrite_strat-topdown-regression-cubic ran for 0.056 secs (0.056u,0.s) (success)
Tactic call noop-repeat-rewrite_strat-topdown-regression-cubic ran for 0.004 secs (0.004u,0.s) (success)
Tactic call abstract+repeat-rewrite_strat-topdown-regression-cubic ran for 0.064 secs (0.064u,0.s) (success)
Tactic call close-abstract+repeat-rewrite_strat-topdown-regression-quadratic ran for 0.003 secs (0.003u,0.s)
Params: n= 8
Tactic call repeat-rewrite_strat-topdown-regression-cubic ran for 0.08 secs (0.08u,0.s) (success)
Tactic call noop-repeat-rewrite_strat-topdown-regression-cubic ran for 0.004 secs (0.004u,0.s) (success)
Tactic call abstract+repeat-rewrite_strat-topdown-regression-cubic ran for 0.089 secs (0.089u,0.s) (success)
Tactic call close-abstract+repeat-rewrite_strat-topdown-regression-quadratic ran for 0.004 secs (0.004u,0.s)
Params: n= 9
Tactic call repeat-rewrite_strat-topdown-regression-cubic ran for 0.091 secs (0.091u,0.s) (success)
Tactic call noop-repeat-rewrite_strat-topdown-regression-cubic ran for 0.005 secs (0.005u,0.s) (success)
Tactic call abstract+repeat-rewrite_strat-topdown-regression-cubic ran for 0.101 secs (0.101u,0.s) (success)
Tactic call close-abstract+repeat-rewrite_strat-topdown-regression-quadratic ran for 0.003 secs (0.003u,0.s)
Params: n= 11
Tactic call repeat-rewrite_strat-topdown-regression-cubic ran for 0.141 secs (0.141u,0.s) (success)
Tactic call noop-repeat-rewrite_strat-topdown-regression-cubic ran for 0.008 secs (0.008u,0.s) (success)
Tactic call abstract+repeat-rewrite_strat-topdown-regression-cubic ran for 0.156 secs (0.156u,0.s) (success)
Tactic call close-abstract+repeat-rewrite_strat-topdown-regression-quadratic ran for 0.006 secs (0.006u,0.s)
Params: n= 12
Tactic call repeat-rewrite_strat-topdown-regression-cubic ran for 0.163 secs (0.163u,0.s) (success)
Tactic call noop-repeat-rewrite_strat-topdown-regression-cubic ran for 0.008 secs (0.008u,0.s) (success)
Tactic call abstract+repeat-rewrite_strat-topdown-regression-cubic ran for 0.179 secs (0.179u,0.s) (success)
Tactic call close-abstract+repeat-rewrite_strat-topdown-regression-quadratic ran for 0.007 secs (0.007u,0.s)
Params: n= 13
Tactic call repeat-rewrite_strat-topdown-regression-cubic ran for 0.194 secs (0.194u,0.s) (success)
Tactic call noop-repeat-rewrite_strat-topdown-regression-cubic ran for 0.008 secs (0.008u,0.s) (success)
Tactic call abstract+repeat-rewrite_strat-topdown-regression-cubic ran for 0.21 secs (0.209u,0.s) (success)
Tactic call close-abstract+repeat-rewrite_strat-topdown-regression-quadratic ran for 0.006 secs (0.006u,0.s)
Params: n= 14
Tactic call repeat-rewrite_strat-topdown-regression-cubic ran for 0.231 secs (0.231u,0.s) (success)
Tactic call noop-repeat-rewrite_strat-topdown-regression-cubic ran for 0.01 secs (0.01u,0.s) (success)
Tactic call abstract+repeat-rewrite_strat-topdown-regression-cubic ran for 0.25 secs (0.25u,0.s) (success)
Tactic call close-abstract+repeat-rewrite_strat-topdown-regression-quadratic ran for 0.008 secs (0.008u,0.s)
Params: n= 15
Tactic call repeat-rewrite_strat-topdown-regression-cubic ran for 0.281 secs (0.281u,0.s) (success)
Tactic call noop-repeat-rewrite_strat-topdown-regression-cubic ran for 0.012 secs (0.012u,0.s) (success)
Tactic call abstract+repeat-rewrite_strat-topdown-regression-cubic ran for 0.303 secs (0.303u,0.s) (success)
Tactic call close-abstract+repeat-rewrite_strat-topdown-regression-quadratic ran for 0.009 secs (0.009u,0.s)
Params: n= 16
Tactic call repeat-rewrite_strat-topdown-regression-cubic ran for 0.322 secs (0.322u,0.s) (success)
Tactic call noop-repeat-rewrite_strat-topdown-regression-cubic ran for 0.013 secs (0.013u,0.s) (success)
Tactic call abstract+repeat-rewrite_strat-topdown-regression-cubic ran for 0.348 secs (0.348u,0.s) (success)
Tactic call close-abstract+repeat-rewrite_strat-topdown-regression-quadratic ran for 0.011 secs (0.011u,0.s)
Params: n= 17
Tactic call repeat-rewrite_strat-topdown-regression-cubic ran for 0.36 secs (0.36u,0.s) (success)
Tactic call noop-repeat-rewrite_strat-topdown-regression-cubic ran for 0.013 secs (0.013u,0.s) (success)
Tactic call abstract+repeat-rewrite_strat-topdown-regression-cubic ran for 0.386 secs (0.386u,0.s) (success)
Tactic call close-abstract+repeat-rewrite_strat-topdown-regression-quadratic ran for 0.011 secs (0.011u,0.s)
Params: n= 18
Tactic call repeat-rewrite_strat-topdown-regression-cubic ran for 0.45 secs (0.45u,0.s) (success)
Tactic call noop-repeat-rewrite_strat-topdown-regression-cubic ran for 0.014 secs (0.014u,0.s) (success)
Tactic call abstract+repeat-rewrite_strat-topdown-regression-cubic ran for 0.477 secs (0.477u,0.s) (success)
Tactic call close-abstract+repeat-rewrite_strat-topdown-regression-quadratic ran for 0.012 secs (0.012u,0.s)
Params: n= 19
Tactic call repeat-rewrite_strat-topdown-regression-cubic ran for 0.519 secs (0.519u,0.s) (success)
Tactic call noop-repeat-rewrite_strat-topdown-regression-cubic ran for 0.017 secs (0.017u,0.s) (success)
Tactic call abstract+repeat-rewrite_strat-topdown-regression-cubic ran for 0.55 secs (0.55u,0.s) (success)
Tactic call close-abstract+repeat-rewrite_strat-topdown-regression-quadratic ran for 0.013 secs (0.013u,0.s)
Params: n= 21
Tactic call repeat-rewrite_strat-topdown-regression-cubic ran for 0.649 secs (0.648u,0.s) (success)
Tactic call noop-repeat-rewrite_strat-topdown-regression-cubic ran for 0.017 secs (0.019u,0.s) (success)
Tactic call abstract+repeat-rewrite_strat-topdown-regression-cubic ran for 0.684 secs (0.684u,0.s) (success)
Tactic call close-abstract+repeat-rewrite_strat-topdown-regression-quadratic ran for 0.016 secs (0.016u,0.s)
Params: n= 22
Tactic call repeat-rewrite_strat-topdown-regression-cubic ran for 0.756 secs (0.756u,0.s) (success)
Tactic call noop-repeat-rewrite_strat-topdown-regression-cubic ran for 0.021 secs (0.021u,0.s) (success)
Tactic call abstract+repeat-rewrite_strat-topdown-regression-cubic ran for 0.795 secs (0.795u,0.s) (success)
Tactic call close-abstract+repeat-rewrite_strat-topdown-regression-quadratic ran for 0.016 secs (0.016u,0.s)
Params: n= 23
Tactic call repeat-rewrite_strat-topdown-regression-cubic ran for 0.895 secs (0.895u,0.s) (success)
Tactic call noop-repeat-rewrite_strat-topdown-regression-cubic ran for 0.026 secs (0.026u,0.s) (success)
Tactic call abstract+repeat-rewrite_strat-topdown-regression-cubic ran for 0.939 secs (0.939u,0.s) (success)
Tactic call close-abstract+repeat-rewrite_strat-topdown-regression-quadratic ran for 0.017 secs (0.017u,0.s)
Params: n= 24
Tactic call repeat-rewrite_strat-topdown-regression-cubic ran for 0.99 secs (0.99u,0.s) (success)
Tactic call noop-repeat-rewrite_strat-topdown-regression-cubic ran for 0.025 secs (0.025u,0.s) (success)
Tactic call abstract+repeat-rewrite_strat-topdown-regression-cubic ran for 1.033 secs (1.033u,0.s) (success)
Tactic call close-abstract+repeat-rewrite_strat-topdown-regression-quadratic ran for 0.017 secs (0.017u,0.s)
Params: n= 25
Tactic call repeat-rewrite_strat-topdown-regression-cubic ran for 1.081 secs (1.081u,0.s) (success)
Tactic call noop-repeat-rewrite_strat-topdown-regression-cubic ran for 0.028 secs (0.028u,0.s) (success)
Tactic call abstract+repeat-rewrite_strat-topdown-regression-cubic ran for 1.13 secs (1.13u,0.s) (success)
Tactic call close-abstract+repeat-rewrite_strat-topdown-regression-quadratic ran for 0.02 secs (0.02u,0.s)
Params: n= 35
Tactic call repeat-rewrite_strat-topdown-regression-cubic ran for 3.09 secs (3.081u,0.007s) (success)
Tactic call noop-repeat-rewrite_strat-topdown-regression-cubic ran for 0.059 secs (0.059u,0.s) (success)
Tactic call abstract+repeat-rewrite_strat-topdown-regression-cubic ran for 3.183 secs (3.174u,0.007s) (success)
Tactic call close-abstract+repeat-rewrite_strat-topdown-regression-quadratic ran for 0.033 secs (0.033u,0.s)
Params: n= 45
Tactic call repeat-rewrite_strat-topdown-regression-cubic ran for 7.256 secs (7.249u,0.003s) (success)
Tactic call noop-repeat-rewrite_strat-topdown-regression-cubic ran for 0.111 secs (0.111u,0.s) (success)
Tactic call abstract+repeat-rewrite_strat-topdown-regression-cubic ran for 7.424 secs (7.419u,0.004s) (success)
Tactic call close-abstract+repeat-rewrite_strat-topdown-regression-quadratic ran for 0.055 secs (0.055u,0.s)
Params: n= 50
Tactic call repeat-rewrite_strat-topdown-regression-cubic ran for 10.381 secs (10.379u,0.s) (success)
Tactic call noop-repeat-rewrite_strat-topdown-regression-cubic ran for 0.128 secs (0.128u,0.s) (success)
Tactic call abstract+repeat-rewrite_strat-topdown-regression-cubic ran for 10.574 secs (10.572u,0.s) (success)
Tactic call close-abstract+repeat-rewrite_strat-topdown-regression-quadratic ran for 0.064 secs (0.064u,0.s)
