Params: n= 4
Tactic call reify-regression-quadratic ran for 0.006 secs (0.006u,0.s)
Tactic call abstract-regression-linear ran for 0. secs (0.u,0.s) (success)
Params: n= 5
Tactic call reify-regression-quadratic ran for 0.009 secs (0.008u,0.s)
Tactic call abstract-regression-linear ran for 0. secs (0.u,0.s) (success)
Params: n= 6
Tactic call reify-regression-quadratic ran for 0.069 secs (0.057u,0.011s)
Tactic call abstract-regression-linear ran for 0. secs (0.u,0.s) (success)
Params: n= 7
Tactic call reify-regression-quadratic ran for 0.009 secs (0.009u,0.s)
Tactic call abstract-regression-linear ran for 0. secs (0.u,0.s) (success)
Params: n= 8
Tactic call reify-regression-quadratic ran for 0.01 secs (0.01u,0.s)
Tactic call abstract-regression-linear ran for 0. secs (0.u,0.s) (success)
Params: n= 9
Tactic call reify-regression-quadratic ran for 0.012 secs (0.012u,0.s)
Tactic call abstract-regression-linear ran for 0. secs (0.u,0.s) (success)
Params: n= 10
Tactic call reify-regression-quadratic ran for 0.015 secs (0.014u,0.s)
Tactic call abstract-regression-linear ran for 0. secs (0.u,0.s) (success)
Params: n= 11
Tactic call reify-regression-quadratic ran for 0.018 secs (0.018u,0.s)
Tactic call abstract-regression-linear ran for 0. secs (0.u,0.s) (success)
Params: n= 12
Tactic call reify-regression-quadratic ran for 0.02 secs (0.02u,0.s)
Tactic call abstract-regression-linear ran for 0. secs (0.u,0.s) (success)
Params: n= 13
Tactic call reify-regression-quadratic ran for 0.023 secs (0.023u,0.s)
Tactic call abstract-regression-linear ran for 0. secs (0.u,0.s) (success)
Params: n= 14
Tactic call reify-regression-quadratic ran for 0.029 secs (0.029u,0.s)
Tactic call abstract-regression-linear ran for 0. secs (0.u,0.s) (success)
Params: n= 15
Tactic call reify-regression-quadratic ran for 0.028 secs (0.028u,0.s)
Tactic call abstract-regression-linear ran for 0. secs (0.u,0.s) (success)
Params: n= 16
Tactic call reify-regression-quadratic ran for 0.035 secs (0.035u,0.s)
Tactic call abstract-regression-linear ran for 0. secs (0.u,0.s) (success)
Params: n= 17
Tactic call reify-regression-quadratic ran for 0.038 secs (0.038u,0.s)
Tactic call abstract-regression-linear ran for 0. secs (0.u,0.s) (success)
Params: n= 18
Tactic call reify-regression-quadratic ran for 0.046 secs (0.046u,0.s)
Tactic call abstract-regression-linear ran for 0. secs (0.u,0.s) (success)
Params: n= 19
Tactic call reify-regression-quadratic ran for 0.045 secs (0.045u,0.s)
Tactic call abstract-regression-linear ran for 0. secs (0.u,0.s) (success)
Params: n= 20
Tactic call reify-regression-quadratic ran for 0.051 secs (0.051u,0.s)
Tactic call abstract-regression-linear ran for 0. secs (0.u,0.s) (success)
Params: n= 21
Tactic call reify-regression-quadratic ran for 0.058 secs (0.058u,0.s)
Tactic call abstract-regression-linear ran for 0. secs (0.u,0.s) (success)
Params: n= 22
Tactic call reify-regression-quadratic ran for 0.062 secs (0.062u,0.s)
Tactic call abstract-regression-linear ran for 0. secs (0.u,0.s) (success)
Params: n= 23
Tactic call reify-regression-quadratic ran for 0.073 secs (0.073u,0.s)
Tactic call abstract-regression-linear ran for 0. secs (0.u,0.s) (success)
Params: n= 24
Tactic call reify-regression-quadratic ran for 0.076 secs (0.075u,0.s)
Tactic call abstract-regression-linear ran for 0.001 secs (0.u,0.s) (success)
Params: n= 25
Tactic call reify-regression-quadratic ran for 0.085 secs (0.085u,0.s)
Tactic call abstract-regression-linear ran for 0.001 secs (0.001u,0.s) (success)
Params: n= 26
Tactic call reify-regression-quadratic ran for 0.083 secs (0.083u,0.s)
Tactic call abstract-regression-linear ran for 0.001 secs (0.001u,0.s) (success)
Params: n= 27
Tactic call reify-regression-quadratic ran for 0.107 secs (0.103u,0.003s)
Tactic call abstract-regression-linear ran for 0.001 secs (0.u,0.s) (success)
Params: n= 28
Tactic call reify-regression-quadratic ran for 0.108 secs (0.108u,0.s)
Tactic call abstract-regression-linear ran for 0.001 secs (0.001u,0.s) (success)
Params: n= 29
Tactic call reify-regression-quadratic ran for 0.118 secs (0.118u,0.s)
Tactic call abstract-regression-linear ran for 0.001 secs (0.001u,0.s) (success)
Params: n= 30
Tactic call reify-regression-quadratic ran for 0.124 secs (0.124u,0.s)
Tactic call abstract-regression-linear ran for 0.005 secs (0.005u,0.s) (success)
Params: n= 31
Tactic call reify-regression-quadratic ran for 0.125 secs (0.124u,0.s)
Tactic call abstract-regression-linear ran for 0.001 secs (0.001u,0.s) (success)
Params: n= 32
Tactic call reify-regression-quadratic ran for 0.143 secs (0.143u,0.s)
Tactic call abstract-regression-linear ran for 0.001 secs (0.001u,0.s) (success)
Params: n= 33
Tactic call reify-regression-quadratic ran for 0.153 secs (0.153u,0.s)
Tactic call abstract-regression-linear ran for 0.001 secs (0.001u,0.s) (success)
Params: n= 34
Tactic call reify-regression-quadratic ran for 0.171 secs (0.167u,0.003s)
Tactic call abstract-regression-linear ran for 0.001 secs (0.001u,0.s) (success)
Params: n= 35
Tactic call reify-regression-quadratic ran for 0.168 secs (0.168u,0.s)
Tactic call abstract-regression-linear ran for 0.001 secs (0.001u,0.s) (success)
Params: n= 36
Tactic call reify-regression-quadratic ran for 0.179 secs (0.179u,0.s)
Tactic call abstract-regression-linear ran for 0.001 secs (0.001u,0.s) (success)
Params: n= 37
Tactic call reify-regression-quadratic ran for 0.192 secs (0.192u,0.s)
Tactic call abstract-regression-linear ran for 0.001 secs (0.001u,0.s) (success)
Params: n= 38
Tactic call reify-regression-quadratic ran for 0.215 secs (0.215u,0.s)
Tactic call abstract-regression-linear ran for 0.001 secs (0.001u,0.s) (success)
Params: n= 39
Tactic call reify-regression-quadratic ran for 0.218 secs (0.218u,0.s)
Tactic call abstract-regression-linear ran for 0.001 secs (0.001u,0.s) (success)
Params: n= 40
Tactic call reify-regression-quadratic ran for 0.244 secs (0.244u,0.s)
Tactic call abstract-regression-linear ran for 0.001 secs (0.001u,0.s) (success)
Params: n= 41
Tactic call reify-regression-quadratic ran for 0.255 secs (0.255u,0.s)
Tactic call abstract-regression-linear ran for 0.001 secs (0.001u,0.s) (success)
Params: n= 42
Tactic call reify-regression-quadratic ran for 0.261 secs (0.261u,0.s)
Tactic call abstract-regression-linear ran for 0.001 secs (0.001u,0.s) (success)
Params: n= 43
Tactic call reify-regression-quadratic ran for 0.287 secs (0.284u,0.003s)
Tactic call abstract-regression-linear ran for 0.001 secs (0.001u,0.s) (success)
Params: n= 44
Tactic call reify-regression-quadratic ran for 0.309 secs (0.309u,0.s)
Tactic call abstract-regression-linear ran for 0.001 secs (0.001u,0.s) (success)
Params: n= 45
Tactic call reify-regression-quadratic ran for 0.325 secs (0.324u,0.s)
Tactic call abstract-regression-linear ran for 0.001 secs (0.001u,0.s) (success)
Params: n= 46
Tactic call reify-regression-quadratic ran for 0.326 secs (0.322u,0.003s)
Tactic call abstract-regression-linear ran for 0.001 secs (0.001u,0.s) (success)
Params: n= 47
Tactic call reify-regression-quadratic ran for 0.355 secs (0.355u,0.s)
Tactic call abstract-regression-linear ran for 0.001 secs (0.001u,0.s) (success)
Params: n= 48
Tactic call reify-regression-quadratic ran for 0.369 secs (0.369u,0.s)
Tactic call abstract-regression-linear ran for 0.001 secs (0.001u,0.s) (success)
Params: n= 49
Tactic call reify-regression-quadratic ran for 0.413 secs (0.413u,0.s)
Tactic call abstract-regression-linear ran for 0.002 secs (0.002u,0.s) (success)
Params: n= 50
Tactic call reify-regression-quadratic ran for 0.436 secs (0.436u,0.s)
Tactic call abstract-regression-linear ran for 0.001 secs (0.001u,0.s) (success)
Params: n= 51
Tactic call reify-regression-quadratic ran for 0.432 secs (0.432u,0.s)
Tactic call abstract-regression-linear ran for 0.001 secs (0.001u,0.s) (success)
Params: n= 52
Tactic call reify-regression-quadratic ran for 0.481 secs (0.481u,0.s)
Tactic call abstract-regression-linear ran for 0.001 secs (0.001u,0.s) (success)
Params: n= 53
Tactic call reify-regression-quadratic ran for 0.514 secs (0.51u,0.003s)
Tactic call abstract-regression-linear ran for 0.002 secs (0.002u,0.s) (success)
Params: n= 54
Tactic call reify-regression-quadratic ran for 0.569 secs (0.569u,0.s)
Tactic call abstract-regression-linear ran for 0.002 secs (0.002u,0.s) (success)
Params: n= 55
Tactic call reify-regression-quadratic ran for 0.563 secs (0.563u,0.s)
Tactic call abstract-regression-linear ran for 0.002 secs (0.002u,0.s) (success)
Params: n= 56
Tactic call reify-regression-quadratic ran for 0.573 secs (0.569u,0.003s)
Tactic call abstract-regression-linear ran for 0.002 secs (0.002u,0.s) (success)
Params: n= 57
Tactic call reify-regression-quadratic ran for 0.62 secs (0.611u,0.008s)
Tactic call abstract-regression-linear ran for 0.002 secs (0.002u,0.s) (success)
Params: n= 58
Tactic call reify-regression-quadratic ran for 0.637 secs (0.633u,0.003s)
Tactic call abstract-regression-linear ran for 0.002 secs (0.002u,0.s) (success)
Params: n= 59
Tactic call reify-regression-quadratic ran for 0.646 secs (0.646u,0.s)
Tactic call abstract-regression-linear ran for 0.002 secs (0.002u,0.s) (success)
Params: n= 60
Tactic call reify-regression-quadratic ran for 0.67 secs (0.67u,0.s)
Tactic call abstract-regression-linear ran for 0.002 secs (0.002u,0.s) (success)
Params: n= 61
Tactic call reify-regression-quadratic ran for 0.719 secs (0.719u,0.s)
Tactic call abstract-regression-linear ran for 0.002 secs (0.001u,0.s) (success)
Params: n= 62
Tactic call reify-regression-quadratic ran for 0.731 secs (0.731u,0.s)
Tactic call abstract-regression-linear ran for 0.002 secs (0.002u,0.s) (success)
Params: n= 63
Tactic call reify-regression-quadratic ran for 0.788 secs (0.788u,0.s)
Tactic call abstract-regression-linear ran for 0.001 secs (0.001u,0.s) (success)
Params: n= 64
Tactic call reify-regression-quadratic ran for 0.843 secs (0.839u,0.004s)
Tactic call abstract-regression-linear ran for 0.002 secs (0.002u,0.s) (success)
Params: n= 65
Tactic call reify-regression-quadratic ran for 0.876 secs (0.875u,0.s)
Tactic call abstract-regression-linear ran for 0.002 secs (0.002u,0.s) (success)
Params: n= 66
Tactic call reify-regression-quadratic ran for 0.964 secs (0.964u,0.s)
Tactic call abstract-regression-linear ran for 0.002 secs (0.002u,0.s) (success)
Params: n= 67
Tactic call reify-regression-quadratic ran for 0.974 secs (0.97u,0.004s)
Tactic call abstract-regression-linear ran for 0.002 secs (0.002u,0.s) (success)
Params: n= 68
Tactic call reify-regression-quadratic ran for 1.011 secs (1.011u,0.s)
Tactic call abstract-regression-linear ran for 0.002 secs (0.002u,0.s) (success)
Params: n= 69
Tactic call reify-regression-quadratic ran for 1.054 secs (1.054u,0.s)
Tactic call abstract-regression-linear ran for 0.002 secs (0.002u,0.s) (success)
Params: n= 70
Tactic call reify-regression-quadratic ran for 1.067 secs (1.067u,0.s)
Tactic call abstract-regression-linear ran for 0.002 secs (0.002u,0.s) (success)
Params: n= 71
Tactic call reify-regression-quadratic ran for 1.123 secs (1.123u,0.s)
Tactic call abstract-regression-linear ran for 0.002 secs (0.002u,0.s) (success)
Params: n= 72
Tactic call reify-regression-quadratic ran for 1.159 secs (1.159u,0.s)
Tactic call abstract-regression-linear ran for 0.002 secs (0.002u,0.s) (success)
Params: n= 73
Tactic call reify-regression-quadratic ran for 1.18 secs (1.18u,0.s)
Tactic call abstract-regression-linear ran for 0.005 secs (0.005u,0.s) (success)
Params: n= 74
Tactic call reify-regression-quadratic ran for 1.24 secs (1.24u,0.s)
Tactic call abstract-regression-linear ran for 0.002 secs (0.002u,0.s) (success)
Params: n= 75
Tactic call reify-regression-quadratic ran for 1.285 secs (1.285u,0.s)
Tactic call abstract-regression-linear ran for 0.002 secs (0.002u,0.s) (success)
Params: n= 76
Tactic call reify-regression-quadratic ran for 1.314 secs (1.314u,0.s)
Tactic call abstract-regression-linear ran for 0.002 secs (0.002u,0.s) (success)
Params: n= 77
Tactic call reify-regression-quadratic ran for 1.41 secs (1.41u,0.s)
Tactic call abstract-regression-linear ran for 0.002 secs (0.002u,0.s) (success)
Params: n= 78
Tactic call reify-regression-quadratic ran for 1.482 secs (1.482u,0.s)
Tactic call abstract-regression-linear ran for 0.002 secs (0.002u,0.s) (success)
Params: n= 79
Tactic call reify-regression-quadratic ran for 1.421 secs (1.42u,0.s)
Tactic call abstract-regression-linear ran for 0.002 secs (0.002u,0.s) (success)
Params: n= 80
Tactic call reify-regression-quadratic ran for 1.497 secs (1.497u,0.s)
Tactic call abstract-regression-linear ran for 0.002 secs (0.002u,0.s) (success)
Params: n= 81
Tactic call reify-regression-quadratic ran for 1.573 secs (1.567u,0.003s)
Tactic call abstract-regression-linear ran for 0.003 secs (0.003u,0.s) (success)
Params: n= 82
Tactic call reify-regression-quadratic ran for 1.64 secs (1.64u,0.s)
Tactic call abstract-regression-linear ran for 0.003 secs (0.003u,0.s) (success)
Params: n= 83
Tactic call reify-regression-quadratic ran for 1.728 secs (1.728u,0.s)
Tactic call abstract-regression-linear ran for 0.003 secs (0.003u,0.s) (success)
Params: n= 84
Tactic call reify-regression-quadratic ran for 1.806 secs (1.805u,0.s)
Tactic call abstract-regression-linear ran for 0.002 secs (0.002u,0.s) (success)
Params: n= 85
Tactic call reify-regression-quadratic ran for 1.8 secs (1.8u,0.s)
Tactic call abstract-regression-linear ran for 0.003 secs (0.003u,0.s) (success)
Params: n= 86
Tactic call reify-regression-quadratic ran for 1.894 secs (1.885u,0.003s)
Tactic call abstract-regression-linear ran for 0.003 secs (0.006u,0.s) (success)
Params: n= 87
Tactic call reify-regression-quadratic ran for 2.043 secs (2.043u,0.s)
Tactic call abstract-regression-linear ran for 0.002 secs (0.002u,0.s) (success)
Params: n= 88
Tactic call reify-regression-quadratic ran for 2.019 secs (2.018u,0.s)
Tactic call abstract-regression-linear ran for 0.003 secs (0.003u,0.s) (success)
Params: n= 89
Tactic call reify-regression-quadratic ran for 2.13 secs (2.129u,0.s)
Tactic call abstract-regression-linear ran for 0.003 secs (0.003u,0.s) (success)
Params: n= 90
Tactic call reify-regression-quadratic ran for 2.25 secs (2.25u,0.s)
Tactic call abstract-regression-linear ran for 0.003 secs (0.003u,0.s) (success)
Params: n= 91
Tactic call reify-regression-quadratic ran for 2.366 secs (2.366u,0.s)
Tactic call abstract-regression-linear ran for 0.003 secs (0.003u,0.s) (success)
Params: n= 92
Tactic call reify-regression-quadratic ran for 2.511 secs (2.507u,0.s)
Tactic call abstract-regression-linear ran for 0.003 secs (0.003u,0.s) (success)
Params: n= 93
Tactic call reify-regression-quadratic ran for 2.411 secs (2.411u,0.s)
Tactic call abstract-regression-linear ran for 0.003 secs (0.003u,0.s) (success)
Params: n= 94
Tactic call reify-regression-quadratic ran for 2.457 secs (2.457u,0.s)
Tactic call abstract-regression-linear ran for 0.003 secs (0.003u,0.s) (success)
Params: n= 95
Tactic call reify-regression-quadratic ran for 2.583 secs (2.583u,0.s)
Tactic call abstract-regression-linear ran for 0.003 secs (0.003u,0.s) (success)
Params: n= 96
Tactic call reify-regression-quadratic ran for 2.676 secs (2.675u,0.s)
Tactic call abstract-regression-linear ran for 0.003 secs (0.u,0.003s) (success)
Params: n= 97
Tactic call reify-regression-quadratic ran for 2.795 secs (2.794u,0.s)
Tactic call abstract-regression-linear ran for 0.003 secs (0.003u,0.s) (success)
Params: n= 98
Tactic call reify-regression-quadratic ran for 2.95 secs (2.945u,0.004s)
Tactic call abstract-regression-linear ran for 0.003 secs (0.003u,0.s) (success)
Params: n= 99
Tactic call reify-regression-quadratic ran for 3.197 secs (3.196u,0.s)
Tactic call abstract-regression-linear ran for 0.004 secs (0.004u,0.s) (success)
Params: n= 100
Tactic call reify-regression-quadratic ran for 3.105 secs (3.1u,0.004s)
Tactic call abstract-regression-linear ran for 0.003 secs (0.003u,0.s) (success)
