Params: n= 10
Tactic call setoid_rewrite-regression-cubic ran for 0.014 secs (0.01u,0.003s) (success)
Tactic call abstract+setoid_rewrite-regression-cubic ran for 0.019 secs (0.015u,0.003s) (success)
Tactic call close-abstract+setoid_rewrite-regression-quadratic ran for 0.004 secs (0.004u,0.s)
Params: n= 20
Tactic call setoid_rewrite-regression-cubic ran for 0.093 secs (0.061u,0.031s) (success)
Tactic call abstract+setoid_rewrite-regression-cubic ran for 0.103 secs (0.07u,0.032s) (success)
Tactic call close-abstract+setoid_rewrite-regression-quadratic ran for 0.009 secs (0.008u,0.s)
Params: n= 30
Tactic call setoid_rewrite-regression-cubic ran for 0.058 secs (0.058u,0.s) (success)
Tactic call abstract+setoid_rewrite-regression-cubic ran for 0.078 secs (0.078u,0.s) (success)
Tactic call close-abstract+setoid_rewrite-regression-quadratic ran for 0.019 secs (0.019u,0.s)
Params: n= 40
Tactic call setoid_rewrite-regression-cubic ran for 0.115 secs (0.115u,0.s) (success)
Tactic call abstract+setoid_rewrite-regression-cubic ran for 0.147 secs (0.146u,0.s) (success)
Tactic call close-abstract+setoid_rewrite-regression-quadratic ran for 0.03 secs (0.03u,0.s)
Params: n= 60
Tactic call setoid_rewrite-regression-cubic ran for 0.3 secs (0.299u,0.s) (success)
Tactic call abstract+setoid_rewrite-regression-cubic ran for 0.379 secs (0.374u,0.004s) (success)
Tactic call close-abstract+setoid_rewrite-regression-quadratic ran for 0.079 secs (0.075u,0.003s)
Params: n= 70
Tactic call setoid_rewrite-regression-cubic ran for 0.434 secs (0.434u,0.s) (success)
Tactic call abstract+setoid_rewrite-regression-cubic ran for 0.535 secs (0.535u,0.s) (success)
Tactic call close-abstract+setoid_rewrite-regression-quadratic ran for 0.1 secs (0.1u,0.s)
Params: n= 80
Tactic call setoid_rewrite-regression-cubic ran for 0.607 secs (0.603u,0.003s) (success)
Tactic call abstract+setoid_rewrite-regression-cubic ran for 0.728 secs (0.724u,0.003s) (success)
Tactic call close-abstract+setoid_rewrite-regression-quadratic ran for 0.12 secs (0.12u,0.s)
Params: n= 90
Tactic call setoid_rewrite-regression-cubic ran for 0.843 secs (0.843u,0.s) (success)
Tactic call abstract+setoid_rewrite-regression-cubic ran for 0.998 secs (0.998u,0.s) (success)
Tactic call close-abstract+setoid_rewrite-regression-quadratic ran for 0.154 secs (0.154u,0.s)
Params: n= 110
Tactic call setoid_rewrite-regression-cubic ran for 1.437 secs (1.433u,0.004s) (success)
Tactic call abstract+setoid_rewrite-regression-cubic ran for 1.655 secs (1.647u,0.007s) (success)
Tactic call close-abstract+setoid_rewrite-regression-quadratic ran for 0.217 secs (0.213u,0.003s)
Params: n= 120
Tactic call setoid_rewrite-regression-cubic ran for 1.722 secs (1.713u,0.008s) (success)
Tactic call abstract+setoid_rewrite-regression-cubic ran for 1.964 secs (1.955u,0.008s) (success)
Tactic call close-abstract+setoid_rewrite-regression-quadratic ran for 0.241 secs (0.24u,0.s)
Params: n= 130
Tactic call setoid_rewrite-regression-cubic ran for 2.161 secs (2.157u,0.003s) (success)
Tactic call abstract+setoid_rewrite-regression-cubic ran for 2.444 secs (2.44u,0.003s) (success)
Tactic call close-abstract+setoid_rewrite-regression-quadratic ran for 0.282 secs (0.282u,0.s)
Params: n= 140
Tactic call setoid_rewrite-regression-cubic ran for 2.659 secs (2.654u,0.003s) (success)
Tactic call abstract+setoid_rewrite-regression-cubic ran for 3.023 secs (3.015u,0.007s) (success)
Tactic call close-abstract+setoid_rewrite-regression-quadratic ran for 0.364 secs (0.36u,0.004s)
Params: n= 160
Tactic call setoid_rewrite-regression-cubic ran for 4.051 secs (4.05u,0.s) (success)
Tactic call abstract+setoid_rewrite-regression-cubic ran for 4.513 secs (4.512u,0.s) (success)
Tactic call close-abstract+setoid_rewrite-regression-quadratic ran for 0.461 secs (0.461u,0.s)
Params: n= 170
Tactic call setoid_rewrite-regression-cubic ran for 4.738 secs (4.729u,0.008s) (success)
Tactic call abstract+setoid_rewrite-regression-cubic ran for 5.219 secs (5.21u,0.008s) (success)
Tactic call close-abstract+setoid_rewrite-regression-quadratic ran for 0.48 secs (0.48u,0.s)
Params: n= 180
Tactic call setoid_rewrite-regression-cubic ran for 5.358 secs (5.353u,0.004s) (success)
Tactic call abstract+setoid_rewrite-regression-cubic ran for 5.897 secs (5.892u,0.004s) (success)
Tactic call close-abstract+setoid_rewrite-regression-quadratic ran for 0.538 secs (0.538u,0.s)
Params: n= 190
Tactic call setoid_rewrite-regression-cubic ran for 6.249 secs (6.248u,0.s) (success)
Tactic call abstract+setoid_rewrite-regression-cubic ran for 6.897 secs (6.895u,0.s) (success)
Tactic call close-abstract+setoid_rewrite-regression-quadratic ran for 0.647 secs (0.646u,0.s)
Params: n= 210
Tactic call setoid_rewrite-regression-cubic ran for 8.611 secs (8.598u,0.012s) (success)
Tactic call abstract+setoid_rewrite-regression-cubic ran for 9.338 secs (9.324u,0.012s) (success)
Tactic call close-abstract+setoid_rewrite-regression-quadratic ran for 0.725 secs (0.725u,0.s)
Params: n= 220
Tactic call setoid_rewrite-regression-cubic ran for 9.569 secs (9.564u,0.003s) (success)
Tactic call abstract+setoid_rewrite-regression-cubic ran for 10.395 secs (10.39u,0.003s) (success)
Tactic call close-abstract+setoid_rewrite-regression-quadratic ran for 0.825 secs (0.825u,0.s)
Params: n= 230
Tactic call setoid_rewrite-regression-cubic ran for 11.117 secs (11.111u,0.004s) (success)
Tactic call abstract+setoid_rewrite-regression-cubic ran for 12.04 secs (12.034u,0.004s) (success)
Tactic call close-abstract+setoid_rewrite-regression-quadratic ran for 0.922 secs (0.922u,0.s)
Params: n= 240
Tactic call setoid_rewrite-regression-cubic ran for 12.3 secs (12.294u,0.003s) (success)
Tactic call abstract+setoid_rewrite-regression-cubic ran for 13.25 secs (13.241u,0.007s) (success)
Tactic call close-abstract+setoid_rewrite-regression-quadratic ran for 0.949 secs (0.945u,0.003s)
Params: n= 250
Tactic call setoid_rewrite-regression-cubic ran for 13.847 secs (13.846u,0.s) (success)
Tactic call abstract+setoid_rewrite-regression-cubic ran for 14.882 secs (14.88u,0.s) (success)
Tactic call close-abstract+setoid_rewrite-regression-quadratic ran for 1.033 secs (1.033u,0.s)
Params: n= 300
Tactic call setoid_rewrite-regression-cubic ran for 23.645 secs (23.638u,0.003s) (success)
Tactic call abstract+setoid_rewrite-regression-cubic ran for 25.222 secs (25.211u,0.008s) (success)
Tactic call close-abstract+setoid_rewrite-regression-quadratic ran for 1.575 secs (1.571u,0.004s)
Params: n= 400
Tactic call setoid_rewrite-regression-cubic ran for 53.402 secs (53.361u,0.023s) (success)
Tactic call abstract+setoid_rewrite-regression-cubic ran for 56.131 secs (56.082u,0.032s) (success)
Tactic call close-abstract+setoid_rewrite-regression-quadratic ran for 2.728 secs (2.719u,0.008s)
