Params: n= 50
Tactic call build-thunk-regression-linear ran for 0.008 secs (0.u,0.008s) (success)
Tactic call eval-thunk-regression-linear ran for 0. secs (0.u,0.s) (success)
Tactic call build-eval-thunk-regression-linear ran for 0.008 secs (0.u,0.008s) (success)
Tactic call build-I-regression-linear ran for 0. secs (0.u,0.s) (success)
Tactic call check-I-regression-linear ran for 0.001 secs (0.001u,0.s) (success)
Tactic call type-I-regression-linear ran for 0.001 secs (0.001u,0.s) (success)
Tactic call build-admit-regression-linear ran for 0. secs (0.u,0.s) (success)
Tactic call check-admit-regression-quadratic ran for 0.001 secs (0.001u,0.s) (success)
Tactic call type-admit-regression-quadratic ran for 0.001 secs (0.001u,0.s) (success)
Tactic call build-admit-cast-regression-linear ran for 0. secs (0.u,0.s) (success)
Tactic call check-admit-cast-regression-quadratic ran for 0.001 secs (0.001u,0.s) (success)
Tactic call type-admit-cast-regression-quadratic ran for 0.001 secs (0.001u,0.s) (success)
Tactic call build-pf-cast-regression-linear ran for 0. secs (0.u,0.s) (success)
Tactic call check-pf-cast-regression-quadratic ran for 0.001 secs (0.u,0.001s) (success)
Tactic call type-pf-cast-regression-quadratic ran for 0.001 secs (0.u,0.001s) (success)
Tactic call refine-regression-quadratic-regression-linear ran for 0.002 secs (0.u,0.002s) (success)
Tactic call fast_rewrite-regression-quadratic ran for 0.026 secs (0.012u,0.014s) (success)
Tactic call abstract-regression-quadratic ran for 0.031 secs (0.015u,0.015s) (success)
Tactic call close-abstract-regression-quadratic ran for 0.004 secs (0.003u,0.001s)
Params: n= 100
Tactic call build-thunk-regression-linear ran for 0.065 secs (0.054u,0.011s) (success)
Tactic call eval-thunk-regression-linear ran for 0. secs (0.u,0.s) (success)
Tactic call build-eval-thunk-regression-linear ran for 0.065 secs (0.054u,0.011s) (success)
Tactic call build-I-regression-linear ran for 0. secs (0.u,0.s) (success)
Tactic call check-I-regression-linear ran for 0.001 secs (0.001u,0.s) (success)
Tactic call type-I-regression-linear ran for 0.001 secs (0.001u,0.s) (success)
Tactic call build-admit-regression-linear ran for 0. secs (0.u,0.s) (success)
Tactic call check-admit-regression-quadratic ran for 0.003 secs (0.003u,0.s) (success)
Tactic call type-admit-regression-quadratic ran for 0.003 secs (0.003u,0.s) (success)
Tactic call build-admit-cast-regression-linear ran for 0. secs (0.u,0.s) (success)
Tactic call check-admit-cast-regression-quadratic ran for 0.002 secs (0.002u,0.s) (success)
Tactic call type-admit-cast-regression-quadratic ran for 0.002 secs (0.002u,0.s) (success)
Tactic call build-pf-cast-regression-linear ran for 0. secs (0.u,0.s) (success)
Tactic call check-pf-cast-regression-quadratic ran for 0.002 secs (0.002u,0.s) (success)
Tactic call type-pf-cast-regression-quadratic ran for 0.002 secs (0.002u,0.s) (success)
Tactic call refine-regression-quadratic-regression-linear ran for 0.003 secs (0.003u,0.s) (success)
Tactic call fast_rewrite-regression-quadratic ran for 0.092 secs (0.081u,0.011s) (success)
Tactic call abstract-regression-quadratic ran for 0.099 secs (0.087u,0.011s) (success)
Tactic call close-abstract-regression-quadratic ran for 0.006 secs (0.006u,0.s)
Params: n= 150
Tactic call build-thunk-regression-linear ran for 0.013 secs (0.012u,0.s) (success)
Tactic call eval-thunk-regression-linear ran for 0. secs (0.u,0.s) (success)
Tactic call build-eval-thunk-regression-linear ran for 0.013 secs (0.013u,0.s) (success)
Tactic call build-I-regression-linear ran for 0. secs (0.u,0.s) (success)
Tactic call check-I-regression-linear ran for 0.004 secs (0.004u,0.s) (success)
Tactic call type-I-regression-linear ran for 0.003 secs (0.003u,0.s) (success)
Tactic call build-admit-regression-linear ran for 0. secs (0.u,0.s) (success)
Tactic call check-admit-regression-quadratic ran for 0.007 secs (0.004u,0.s) (success)
Tactic call type-admit-regression-quadratic ran for 0.004 secs (0.007u,0.s) (success)
Tactic call build-admit-cast-regression-linear ran for 0.001 secs (0.001u,0.s) (success)
Tactic call check-admit-cast-regression-quadratic ran for 0.005 secs (0.005u,0.s) (success)
Tactic call type-admit-cast-regression-quadratic ran for 0.004 secs (0.004u,0.s) (success)
Tactic call build-pf-cast-regression-linear ran for 0. secs (0.u,0.s) (success)
Tactic call check-pf-cast-regression-quadratic ran for 0.005 secs (0.005u,0.s) (success)
Tactic call type-pf-cast-regression-quadratic ran for 0.005 secs (0.005u,0.s) (success)
Tactic call refine-regression-quadratic-regression-linear ran for 0.005 secs (0.005u,0.s) (success)
Tactic call fast_rewrite-regression-quadratic ran for 0.064 secs (0.063u,0.s) (success)
Tactic call abstract-regression-quadratic ran for 0.075 secs (0.074u,0.s) (success)
Tactic call close-abstract-regression-quadratic ran for 0.011 secs (0.011u,0.s)
Params: n= 200
Tactic call build-thunk-regression-linear ran for 0.02 secs (0.02u,0.s) (success)
Tactic call eval-thunk-regression-linear ran for 0. secs (0.u,0.s) (success)
Tactic call build-eval-thunk-regression-linear ran for 0.02 secs (0.02u,0.s) (success)
Tactic call build-I-regression-linear ran for 0.001 secs (0.001u,0.s) (success)
Tactic call check-I-regression-linear ran for 0.003 secs (0.003u,0.s) (success)
Tactic call type-I-regression-linear ran for 0.002 secs (0.002u,0.s) (success)
Tactic call build-admit-regression-linear ran for 0.001 secs (0.001u,0.s) (success)
Tactic call check-admit-regression-quadratic ran for 0.007 secs (0.007u,0.s) (success)
Tactic call type-admit-regression-quadratic ran for 0.007 secs (0.007u,0.s) (success)
Tactic call build-admit-cast-regression-linear ran for 0.001 secs (0.001u,0.s) (success)
Tactic call check-admit-cast-regression-quadratic ran for 0.007 secs (0.007u,0.s) (success)
Tactic call type-admit-cast-regression-quadratic ran for 0.007 secs (0.007u,0.s) (success)
Tactic call build-pf-cast-regression-linear ran for 0.001 secs (0.001u,0.s) (success)
Tactic call check-pf-cast-regression-quadratic ran for 0.007 secs (0.007u,0.s) (success)
Tactic call type-pf-cast-regression-quadratic ran for 0.007 secs (0.007u,0.s) (success)
Tactic call refine-regression-quadratic-regression-linear ran for 0.007 secs (0.007u,0.s) (success)
Tactic call fast_rewrite-regression-quadratic ran for 0.085 secs (0.085u,0.s) (success)
Tactic call abstract-regression-quadratic ran for 0.103 secs (0.103u,0.s) (success)
Tactic call close-abstract-regression-quadratic ran for 0.017 secs (0.017u,0.s)
Params: n= 250
Tactic call build-thunk-regression-linear ran for 0.019 secs (0.019u,0.s) (success)
Tactic call eval-thunk-regression-linear ran for 0. secs (0.u,0.s) (success)
Tactic call build-eval-thunk-regression-linear ran for 0.02 secs (0.02u,0.s) (success)
Tactic call build-I-regression-linear ran for 0.001 secs (0.001u,0.s) (success)
Tactic call check-I-regression-linear ran for 0.003 secs (0.003u,0.s) (success)
Tactic call type-I-regression-linear ran for 0.004 secs (0.004u,0.s) (success)
Tactic call build-admit-regression-linear ran for 0.001 secs (0.001u,0.s) (success)
Tactic call check-admit-regression-quadratic ran for 0.013 secs (0.013u,0.s) (success)
Tactic call type-admit-regression-quadratic ran for 0.01 secs (0.01u,0.s) (success)
Tactic call build-admit-cast-regression-linear ran for 0.001 secs (0.001u,0.s) (success)
Tactic call check-admit-cast-regression-quadratic ran for 0.01 secs (0.01u,0.s) (success)
Tactic call type-admit-cast-regression-quadratic ran for 0.011 secs (0.011u,0.s) (success)
Tactic call build-pf-cast-regression-linear ran for 0.001 secs (0.001u,0.s) (success)
Tactic call check-pf-cast-regression-quadratic ran for 0.011 secs (0.011u,0.s) (success)
Tactic call type-pf-cast-regression-quadratic ran for 0.012 secs (0.012u,0.s) (success)
Tactic call refine-regression-quadratic-regression-linear ran for 0.011 secs (0.011u,0.s) (success)
Tactic call fast_rewrite-regression-quadratic ran for 0.116 secs (0.116u,0.s) (success)
Tactic call abstract-regression-quadratic ran for 0.141 secs (0.141u,0.s) (success)
Tactic call close-abstract-regression-quadratic ran for 0.024 secs (0.024u,0.s)
Params: n= 300
Tactic call build-thunk-regression-linear ran for 0.025 secs (0.025u,0.s) (success)
Tactic call eval-thunk-regression-linear ran for 0. secs (0.u,0.s) (success)
Tactic call build-eval-thunk-regression-linear ran for 0.026 secs (0.026u,0.s) (success)
Tactic call build-I-regression-linear ran for 0.001 secs (0.001u,0.s) (success)
Tactic call check-I-regression-linear ran for 0.004 secs (0.004u,0.s) (success)
Tactic call type-I-regression-linear ran for 0.004 secs (0.004u,0.s) (success)
Tactic call build-admit-regression-linear ran for 0.002 secs (0.002u,0.s) (success)
Tactic call check-admit-regression-quadratic ran for 0.016 secs (0.016u,0.s) (success)
Tactic call type-admit-regression-quadratic ran for 0.013 secs (0.013u,0.s) (success)
Tactic call build-admit-cast-regression-linear ran for 0.002 secs (0.002u,0.s) (success)
Tactic call check-admit-cast-regression-quadratic ran for 0.015 secs (0.015u,0.s) (success)
Tactic call type-admit-cast-regression-quadratic ran for 0.016 secs (0.016u,0.s) (success)
Tactic call build-pf-cast-regression-linear ran for 0.001 secs (0.001u,0.s) (success)
Tactic call check-pf-cast-regression-quadratic ran for 0.016 secs (0.016u,0.s) (success)
Tactic call type-pf-cast-regression-quadratic ran for 0.017 secs (0.017u,0.s) (success)
Tactic call refine-regression-quadratic-regression-linear ran for 0.018 secs (0.018u,0.s) (success)
Tactic call fast_rewrite-regression-quadratic ran for 0.157 secs (0.157u,0.s) (success)
Tactic call abstract-regression-quadratic ran for 0.199 secs (0.198u,0.s) (success)
Tactic call close-abstract-regression-quadratic ran for 0.041 secs (0.04u,0.s)
Params: n= 350
Tactic call build-thunk-regression-linear ran for 0.032 secs (0.032u,0.s) (success)
Tactic call eval-thunk-regression-linear ran for 0. secs (0.u,0.s) (success)
Tactic call build-eval-thunk-regression-linear ran for 0.033 secs (0.033u,0.s) (success)
Tactic call build-I-regression-linear ran for 0.008 secs (0.008u,0.s) (success)
Tactic call check-I-regression-linear ran for 0.006 secs (0.006u,0.s) (success)
Tactic call type-I-regression-linear ran for 0.006 secs (0.006u,0.s) (success)
Tactic call build-admit-regression-linear ran for 0.002 secs (0.002u,0.s) (success)
Tactic call check-admit-regression-quadratic ran for 0.021 secs (0.021u,0.s) (success)
Tactic call type-admit-regression-quadratic ran for 0.021 secs (0.021u,0.s) (success)
Tactic call build-admit-cast-regression-linear ran for 0.002 secs (0.002u,0.s) (success)
Tactic call check-admit-cast-regression-quadratic ran for 0.019 secs (0.019u,0.s) (success)
Tactic call type-admit-cast-regression-quadratic ran for 0.019 secs (0.019u,0.s) (success)
Tactic call build-pf-cast-regression-linear ran for 0.002 secs (0.002u,0.s) (success)
Tactic call check-pf-cast-regression-quadratic ran for 0.024 secs (0.024u,0.s) (success)
Tactic call type-pf-cast-regression-quadratic ran for 0.019 secs (0.019u,0.s) (success)
Tactic call refine-regression-quadratic-regression-linear ran for 0.02 secs (0.02u,0.s) (success)
Tactic call fast_rewrite-regression-quadratic ran for 0.209 secs (0.208u,0.s) (success)
Tactic call abstract-regression-quadratic ran for 0.253 secs (0.253u,0.s) (success)
Tactic call close-abstract-regression-quadratic ran for 0.044 secs (0.044u,0.s)
Params: n= 400
Tactic call build-thunk-regression-linear ran for 0.045 secs (0.045u,0.s) (success)
Tactic call eval-thunk-regression-linear ran for 0. secs (0.u,0.s) (success)
Tactic call build-eval-thunk-regression-linear ran for 0.045 secs (0.045u,0.s) (success)
Tactic call build-I-regression-linear ran for 0.002 secs (0.002u,0.s) (success)
Tactic call check-I-regression-linear ran for 0.006 secs (0.006u,0.s) (success)
Tactic call type-I-regression-linear ran for 0.012 secs (0.012u,0.s) (success)
Tactic call build-admit-regression-linear ran for 0.002 secs (0.002u,0.s) (success)
Tactic call check-admit-regression-quadratic ran for 0.025 secs (0.025u,0.s) (success)
Tactic call type-admit-regression-quadratic ran for 0.025 secs (0.025u,0.s) (success)
Tactic call build-admit-cast-regression-linear ran for 0.002 secs (0.002u,0.s) (success)
Tactic call check-admit-cast-regression-quadratic ran for 0.026 secs (0.026u,0.s) (success)
Tactic call type-admit-cast-regression-quadratic ran for 0.024 secs (0.024u,0.s) (success)
Tactic call build-pf-cast-regression-linear ran for 0.002 secs (0.002u,0.s) (success)
Tactic call check-pf-cast-regression-quadratic ran for 0.035 secs (0.035u,0.s) (success)
Tactic call type-pf-cast-regression-quadratic ran for 0.026 secs (0.026u,0.s) (success)
Tactic call refine-regression-quadratic-regression-linear ran for 0.026 secs (0.026u,0.s) (success)
Tactic call fast_rewrite-regression-quadratic ran for 0.268 secs (0.268u,0.s) (success)
Tactic call abstract-regression-quadratic ran for 0.325 secs (0.325u,0.s) (success)
Tactic call close-abstract-regression-quadratic ran for 0.056 secs (0.056u,0.s)
