Params: n= 4
Tactic call refine-regression-quadratic-regression-linear ran for 0. secs (0.u,0.s) (success)
Tactic call pose-build-and-refine-regression-cubic ran for 0.001 secs (0.u,0.s) (success)
Tactic call fast_rewrite-regression-cubic ran for 0.001 secs (0.u,0.s) (success)
Params: n= 5
Tactic call refine-regression-quadratic-regression-linear ran for 0. secs (0.u,0.s) (success)
Tactic call pose-build-and-refine-regression-cubic ran for 0. secs (0.u,0.s) (success)
Tactic call fast_rewrite-regression-cubic ran for 0. secs (0.u,0.s) (success)
Params: n= 6
Tactic call refine-regression-quadratic-regression-linear ran for 0. secs (0.u,0.s) (success)
Tactic call pose-build-and-refine-regression-cubic ran for 0.001 secs (0.001u,0.s) (success)
Tactic call fast_rewrite-regression-cubic ran for 0.001 secs (0.001u,0.s) (success)
Params: n= 7
Tactic call refine-regression-quadratic-regression-linear ran for 0. secs (0.u,0.s) (success)
Tactic call pose-build-and-refine-regression-cubic ran for 0.001 secs (0.001u,0.s) (success)
Tactic call fast_rewrite-regression-cubic ran for 0.001 secs (0.001u,0.s) (success)
Params: n= 8
Tactic call refine-regression-quadratic-regression-linear ran for 0. secs (0.u,0.s) (success)
Tactic call pose-build-and-refine-regression-cubic ran for 0.001 secs (0.001u,0.s) (success)
Tactic call fast_rewrite-regression-cubic ran for 0.001 secs (0.001u,0.s) (success)
Params: n= 9
Tactic call refine-regression-quadratic-regression-linear ran for 0. secs (0.u,0.s) (success)
Tactic call pose-build-and-refine-regression-cubic ran for 0.001 secs (0.001u,0.s) (success)
Tactic call fast_rewrite-regression-cubic ran for 0.001 secs (0.001u,0.s) (success)
Params: n= 10
Tactic call refine-regression-quadratic-regression-linear ran for 0. secs (0.u,0.s) (success)
Tactic call pose-build-and-refine-regression-cubic ran for 0.001 secs (0.001u,0.s) (success)
Tactic call fast_rewrite-regression-cubic ran for 0.001 secs (0.001u,0.s) (success)
Params: n= 11
Tactic call refine-regression-quadratic-regression-linear ran for 0. secs (0.u,0.s) (success)
Tactic call pose-build-and-refine-regression-cubic ran for 0.001 secs (0.001u,0.s) (success)
Tactic call fast_rewrite-regression-cubic ran for 0.001 secs (0.001u,0.s) (success)
Params: n= 12
Tactic call refine-regression-quadratic-regression-linear ran for 0. secs (0.u,0.s) (success)
Tactic call pose-build-and-refine-regression-cubic ran for 0.001 secs (0.001u,0.s) (success)
Tactic call fast_rewrite-regression-cubic ran for 0.001 secs (0.001u,0.s) (success)
Params: n= 13
Tactic call refine-regression-quadratic-regression-linear ran for 0. secs (0.u,0.s) (success)
Tactic call pose-build-and-refine-regression-cubic ran for 0.001 secs (0.001u,0.s) (success)
Tactic call fast_rewrite-regression-cubic ran for 0.001 secs (0.001u,0.s) (success)
Params: n= 14
Tactic call refine-regression-quadratic-regression-linear ran for 0. secs (0.u,0.s) (success)
Tactic call pose-build-and-refine-regression-cubic ran for 0.002 secs (0.002u,0.s) (success)
Tactic call fast_rewrite-regression-cubic ran for 0.002 secs (0.002u,0.s) (success)
Params: n= 15
Tactic call refine-regression-quadratic-regression-linear ran for 0. secs (0.u,0.s) (success)
Tactic call pose-build-and-refine-regression-cubic ran for 0.002 secs (0.002u,0.s) (success)
Tactic call fast_rewrite-regression-cubic ran for 0.002 secs (0.002u,0.s) (success)
Params: n= 16
Tactic call refine-regression-quadratic-regression-linear ran for 0. secs (0.u,0.s) (success)
Tactic call pose-build-and-refine-regression-cubic ran for 0.002 secs (0.002u,0.s) (success)
Tactic call fast_rewrite-regression-cubic ran for 0.002 secs (0.002u,0.s) (success)
Params: n= 17
Tactic call refine-regression-quadratic-regression-linear ran for 0. secs (0.u,0.s) (success)
Tactic call pose-build-and-refine-regression-cubic ran for 0.002 secs (0.002u,0.s) (success)
Tactic call fast_rewrite-regression-cubic ran for 0.002 secs (0.002u,0.s) (success)
Params: n= 18
Tactic call refine-regression-quadratic-regression-linear ran for 0. secs (0.u,0.s) (success)
Tactic call pose-build-and-refine-regression-cubic ran for 0.002 secs (0.002u,0.s) (success)
Tactic call fast_rewrite-regression-cubic ran for 0.002 secs (0.002u,0.s) (success)
Params: n= 19
Tactic call refine-regression-quadratic-regression-linear ran for 0. secs (0.u,0.s) (success)
Tactic call pose-build-and-refine-regression-cubic ran for 0.002 secs (0.002u,0.s) (success)
Tactic call fast_rewrite-regression-cubic ran for 0.002 secs (0.002u,0.s) (success)
Params: n= 20
Tactic call refine-regression-quadratic-regression-linear ran for 0. secs (0.u,0.s) (success)
Tactic call pose-build-and-refine-regression-cubic ran for 0.003 secs (0.003u,0.s) (success)
Tactic call fast_rewrite-regression-cubic ran for 0.003 secs (0.003u,0.s) (success)
Params: n= 21
Tactic call refine-regression-quadratic-regression-linear ran for 0. secs (0.u,0.s) (success)
Tactic call pose-build-and-refine-regression-cubic ran for 0.003 secs (0.003u,0.s) (success)
Tactic call fast_rewrite-regression-cubic ran for 0.003 secs (0.003u,0.s) (success)
Params: n= 22
Tactic call refine-regression-quadratic-regression-linear ran for 0. secs (0.u,0.s) (success)
Tactic call pose-build-and-refine-regression-cubic ran for 0.003 secs (0.003u,0.s) (success)
Tactic call fast_rewrite-regression-cubic ran for 0.003 secs (0.003u,0.s) (success)
Params: n= 23
Tactic call refine-regression-quadratic-regression-linear ran for 0. secs (0.u,0.s) (success)
Tactic call pose-build-and-refine-regression-cubic ran for 0.004 secs (0.004u,0.s) (success)
Tactic call fast_rewrite-regression-cubic ran for 0.004 secs (0.004u,0.s) (success)
Params: n= 24
Tactic call refine-regression-quadratic-regression-linear ran for 0. secs (0.u,0.s) (success)
Tactic call pose-build-and-refine-regression-cubic ran for 0.018 secs (0.015u,0.003s) (success)
Tactic call fast_rewrite-regression-cubic ran for 0.018 secs (0.015u,0.003s) (success)
Params: n= 25
Tactic call refine-regression-quadratic-regression-linear ran for 0. secs (0.u,0.s) (success)
Tactic call pose-build-and-refine-regression-cubic ran for 0.003 secs (0.003u,0.s) (success)
Tactic call fast_rewrite-regression-cubic ran for 0.003 secs (0.003u,0.s) (success)
Params: n= 26
Tactic call refine-regression-quadratic-regression-linear ran for 0. secs (0.u,0.s) (success)
Tactic call pose-build-and-refine-regression-cubic ran for 0.004 secs (0.004u,0.s) (success)
Tactic call fast_rewrite-regression-cubic ran for 0.004 secs (0.004u,0.s) (success)
Params: n= 27
Tactic call refine-regression-quadratic-regression-linear ran for 0. secs (0.u,0.s) (success)
Tactic call pose-build-and-refine-regression-cubic ran for 0.004 secs (0.004u,0.s) (success)
Tactic call fast_rewrite-regression-cubic ran for 0.004 secs (0.004u,0.s) (success)
Params: n= 28
Tactic call refine-regression-quadratic-regression-linear ran for 0. secs (0.u,0.s) (success)
Tactic call pose-build-and-refine-regression-cubic ran for 0.004 secs (0.004u,0.s) (success)
Tactic call fast_rewrite-regression-cubic ran for 0.004 secs (0.004u,0.s) (success)
Params: n= 29
Tactic call refine-regression-quadratic-regression-linear ran for 0. secs (0.u,0.s) (success)
Tactic call pose-build-and-refine-regression-cubic ran for 0.004 secs (0.004u,0.s) (success)
Tactic call fast_rewrite-regression-cubic ran for 0.004 secs (0.004u,0.s) (success)
Params: n= 30
Tactic call refine-regression-quadratic-regression-linear ran for 0. secs (0.u,0.s) (success)
Tactic call pose-build-and-refine-regression-cubic ran for 0.004 secs (0.004u,0.s) (success)
Tactic call fast_rewrite-regression-cubic ran for 0.004 secs (0.004u,0.s) (success)
Params: n= 31
Tactic call refine-regression-quadratic-regression-linear ran for 0. secs (0.u,0.s) (success)
Tactic call pose-build-and-refine-regression-cubic ran for 0.005 secs (0.005u,0.s) (success)
Tactic call fast_rewrite-regression-cubic ran for 0.005 secs (0.005u,0.s) (success)
Params: n= 32
Tactic call refine-regression-quadratic-regression-linear ran for 0. secs (0.u,0.s) (success)
Tactic call pose-build-and-refine-regression-cubic ran for 0.005 secs (0.005u,0.s) (success)
Tactic call fast_rewrite-regression-cubic ran for 0.005 secs (0.005u,0.s) (success)
Params: n= 33
Tactic call refine-regression-quadratic-regression-linear ran for 0. secs (0.u,0.s) (success)
Tactic call pose-build-and-refine-regression-cubic ran for 0.005 secs (0.005u,0.s) (success)
Tactic call fast_rewrite-regression-cubic ran for 0.005 secs (0.005u,0.s) (success)
Params: n= 34
Tactic call refine-regression-quadratic-regression-linear ran for 0. secs (0.u,0.s) (success)
Tactic call pose-build-and-refine-regression-cubic ran for 0.005 secs (0.005u,0.s) (success)
Tactic call fast_rewrite-regression-cubic ran for 0.005 secs (0.005u,0.s) (success)
Params: n= 35
Tactic call refine-regression-quadratic-regression-linear ran for 0. secs (0.u,0.s) (success)
Tactic call pose-build-and-refine-regression-cubic ran for 0.005 secs (0.005u,0.s) (success)
Tactic call fast_rewrite-regression-cubic ran for 0.005 secs (0.005u,0.s) (success)
Params: n= 36
Tactic call refine-regression-quadratic-regression-linear ran for 0. secs (0.u,0.s) (success)
Tactic call pose-build-and-refine-regression-cubic ran for 0.006 secs (0.006u,0.s) (success)
Tactic call fast_rewrite-regression-cubic ran for 0.006 secs (0.006u,0.s) (success)
Params: n= 37
Tactic call refine-regression-quadratic-regression-linear ran for 0. secs (0.u,0.s) (success)
Tactic call pose-build-and-refine-regression-cubic ran for 0.023 secs (0.023u,0.s) (success)
Tactic call fast_rewrite-regression-cubic ran for 0.023 secs (0.023u,0.s) (success)
Params: n= 38
Tactic call refine-regression-quadratic-regression-linear ran for 0. secs (0.u,0.s) (success)
Tactic call pose-build-and-refine-regression-cubic ran for 0.006 secs (0.006u,0.s) (success)
Tactic call fast_rewrite-regression-cubic ran for 0.006 secs (0.006u,0.s) (success)
Params: n= 39
Tactic call refine-regression-quadratic-regression-linear ran for 0. secs (0.u,0.s) (success)
Tactic call pose-build-and-refine-regression-cubic ran for 0.006 secs (0.006u,0.s) (success)
Tactic call fast_rewrite-regression-cubic ran for 0.006 secs (0.006u,0.s) (success)
Params: n= 40
Tactic call refine-regression-quadratic-regression-linear ran for 0. secs (0.u,0.s) (success)
Tactic call pose-build-and-refine-regression-cubic ran for 0.006 secs (0.006u,0.s) (success)
Tactic call fast_rewrite-regression-cubic ran for 0.006 secs (0.006u,0.s) (success)
Params: n= 41
Tactic call refine-regression-quadratic-regression-linear ran for 0. secs (0.u,0.s) (success)
Tactic call pose-build-and-refine-regression-cubic ran for 0.006 secs (0.006u,0.s) (success)
Tactic call fast_rewrite-regression-cubic ran for 0.006 secs (0.006u,0.s) (success)
Params: n= 42
Tactic call refine-regression-quadratic-regression-linear ran for 0. secs (0.u,0.s) (success)
Tactic call pose-build-and-refine-regression-cubic ran for 0.007 secs (0.007u,0.s) (success)
Tactic call fast_rewrite-regression-cubic ran for 0.007 secs (0.007u,0.s) (success)
Params: n= 43
Tactic call refine-regression-quadratic-regression-linear ran for 0. secs (0.u,0.s) (success)
Tactic call pose-build-and-refine-regression-cubic ran for 0.007 secs (0.007u,0.s) (success)
Tactic call fast_rewrite-regression-cubic ran for 0.007 secs (0.007u,0.s) (success)
Params: n= 44
Tactic call refine-regression-quadratic-regression-linear ran for 0. secs (0.u,0.s) (success)
Tactic call pose-build-and-refine-regression-cubic ran for 0.007 secs (0.007u,0.s) (success)
Tactic call fast_rewrite-regression-cubic ran for 0.007 secs (0.007u,0.s) (success)
Params: n= 45
Tactic call refine-regression-quadratic-regression-linear ran for 0. secs (0.u,0.s) (success)
Tactic call pose-build-and-refine-regression-cubic ran for 0.007 secs (0.007u,0.s) (success)
Tactic call fast_rewrite-regression-cubic ran for 0.007 secs (0.007u,0.s) (success)
Params: n= 46
Tactic call refine-regression-quadratic-regression-linear ran for 0. secs (0.u,0.s) (success)
Tactic call pose-build-and-refine-regression-cubic ran for 0.008 secs (0.008u,0.s) (success)
Tactic call fast_rewrite-regression-cubic ran for 0.008 secs (0.008u,0.s) (success)
Params: n= 47
Tactic call refine-regression-quadratic-regression-linear ran for 0. secs (0.u,0.s) (success)
Tactic call pose-build-and-refine-regression-cubic ran for 0.009 secs (0.009u,0.s) (success)
Tactic call fast_rewrite-regression-cubic ran for 0.009 secs (0.009u,0.s) (success)
Params: n= 48
Tactic call refine-regression-quadratic-regression-linear ran for 0. secs (0.u,0.s) (success)
Tactic call pose-build-and-refine-regression-cubic ran for 0.008 secs (0.008u,0.s) (success)
Tactic call fast_rewrite-regression-cubic ran for 0.008 secs (0.008u,0.s) (success)
Params: n= 49
Tactic call refine-regression-quadratic-regression-linear ran for 0. secs (0.u,0.s) (success)
Tactic call pose-build-and-refine-regression-cubic ran for 0.007 secs (0.007u,0.s) (success)
Tactic call fast_rewrite-regression-cubic ran for 0.007 secs (0.007u,0.s) (success)
Params: n= 51
Tactic call refine-regression-quadratic-regression-linear ran for 0. secs (0.004u,0.s) (success)
Tactic call pose-build-and-refine-regression-cubic ran for 0.008 secs (0.008u,0.s) (success)
Tactic call fast_rewrite-regression-cubic ran for 0.008 secs (0.008u,0.s) (success)
Params: n= 52
Tactic call refine-regression-quadratic-regression-linear ran for 0. secs (0.u,0.s) (success)
Tactic call pose-build-and-refine-regression-cubic ran for 0.009 secs (0.009u,0.s) (success)
Tactic call fast_rewrite-regression-cubic ran for 0.009 secs (0.009u,0.s) (success)
Params: n= 53
Tactic call refine-regression-quadratic-regression-linear ran for 0. secs (0.u,0.s) (success)
Tactic call pose-build-and-refine-regression-cubic ran for 0.009 secs (0.009u,0.s) (success)
Tactic call fast_rewrite-regression-cubic ran for 0.009 secs (0.009u,0.s) (success)
Params: n= 54
Tactic call refine-regression-quadratic-regression-linear ran for 0. secs (0.u,0.s) (success)
Tactic call pose-build-and-refine-regression-cubic ran for 0.009 secs (0.009u,0.s) (success)
Tactic call fast_rewrite-regression-cubic ran for 0.009 secs (0.009u,0.s) (success)
Params: n= 55
Tactic call refine-regression-quadratic-regression-linear ran for 0. secs (0.u,0.s) (success)
Tactic call pose-build-and-refine-regression-cubic ran for 0.009 secs (0.009u,0.s) (success)
Tactic call fast_rewrite-regression-cubic ran for 0.009 secs (0.009u,0.s) (success)
Params: n= 56
Tactic call refine-regression-quadratic-regression-linear ran for 0. secs (0.u,0.s) (success)
Tactic call pose-build-and-refine-regression-cubic ran for 0.012 secs (0.012u,0.s) (success)
Tactic call fast_rewrite-regression-cubic ran for 0.012 secs (0.012u,0.s) (success)
Params: n= 57
Tactic call refine-regression-quadratic-regression-linear ran for 0.001 secs (0.001u,0.s) (success)
Tactic call pose-build-and-refine-regression-cubic ran for 0.012 secs (0.012u,0.s) (success)
Tactic call fast_rewrite-regression-cubic ran for 0.012 secs (0.012u,0.s) (success)
Params: n= 58
Tactic call refine-regression-quadratic-regression-linear ran for 0. secs (0.u,0.s) (success)
Tactic call pose-build-and-refine-regression-cubic ran for 0.013 secs (0.013u,0.s) (success)
Tactic call fast_rewrite-regression-cubic ran for 0.013 secs (0.013u,0.s) (success)
Params: n= 59
Tactic call refine-regression-quadratic-regression-linear ran for 0. secs (0.u,0.s) (success)
Tactic call pose-build-and-refine-regression-cubic ran for 0.01 secs (0.01u,0.s) (success)
Tactic call fast_rewrite-regression-cubic ran for 0.01 secs (0.01u,0.s) (success)
Params: n= 60
Tactic call refine-regression-quadratic-regression-linear ran for 0. secs (0.u,0.s) (success)
Tactic call pose-build-and-refine-regression-cubic ran for 0.01 secs (0.01u,0.s) (success)
Tactic call fast_rewrite-regression-cubic ran for 0.01 secs (0.01u,0.s) (success)
Params: n= 61
Tactic call refine-regression-quadratic-regression-linear ran for 0. secs (0.u,0.s) (success)
Tactic call pose-build-and-refine-regression-cubic ran for 0.011 secs (0.011u,0.s) (success)
Tactic call fast_rewrite-regression-cubic ran for 0.011 secs (0.011u,0.s) (success)
Params: n= 62
Tactic call refine-regression-quadratic-regression-linear ran for 0. secs (0.u,0.s) (success)
Tactic call pose-build-and-refine-regression-cubic ran for 0.011 secs (0.011u,0.s) (success)
Tactic call fast_rewrite-regression-cubic ran for 0.011 secs (0.011u,0.s) (success)
Params: n= 63
Tactic call refine-regression-quadratic-regression-linear ran for 0. secs (0.u,0.s) (success)
Tactic call pose-build-and-refine-regression-cubic ran for 0.012 secs (0.012u,0.s) (success)
Tactic call fast_rewrite-regression-cubic ran for 0.012 secs (0.012u,0.s) (success)
Params: n= 64
Tactic call refine-regression-quadratic-regression-linear ran for 0. secs (0.u,0.s) (success)
Tactic call pose-build-and-refine-regression-cubic ran for 0.011 secs (0.011u,0.s) (success)
Tactic call fast_rewrite-regression-cubic ran for 0.011 secs (0.011u,0.s) (success)
Params: n= 65
Tactic call refine-regression-quadratic-regression-linear ran for 0.001 secs (0.001u,0.s) (success)
Tactic call pose-build-and-refine-regression-cubic ran for 0.011 secs (0.011u,0.s) (success)
Tactic call fast_rewrite-regression-cubic ran for 0.011 secs (0.011u,0.s) (success)
Params: n= 66
Tactic call refine-regression-quadratic-regression-linear ran for 0. secs (0.u,0.s) (success)
Tactic call pose-build-and-refine-regression-cubic ran for 0.011 secs (0.011u,0.s) (success)
Tactic call fast_rewrite-regression-cubic ran for 0.011 secs (0.011u,0.s) (success)
Params: n= 67
Tactic call refine-regression-quadratic-regression-linear ran for 0.001 secs (0.001u,0.s) (success)
Tactic call pose-build-and-refine-regression-cubic ran for 0.012 secs (0.012u,0.s) (success)
Tactic call fast_rewrite-regression-cubic ran for 0.012 secs (0.012u,0.s) (success)
Params: n= 68
Tactic call refine-regression-quadratic-regression-linear ran for 0. secs (0.u,0.s) (success)
Tactic call pose-build-and-refine-regression-cubic ran for 0.013 secs (0.013u,0.s) (success)
Tactic call fast_rewrite-regression-cubic ran for 0.013 secs (0.013u,0.s) (success)
Params: n= 69
Tactic call refine-regression-quadratic-regression-linear ran for 0. secs (0.u,0.s) (success)
Tactic call pose-build-and-refine-regression-cubic ran for 0.015 secs (0.015u,0.s) (success)
Tactic call fast_rewrite-regression-cubic ran for 0.015 secs (0.015u,0.s) (success)
Params: n= 70
Tactic call refine-regression-quadratic-regression-linear ran for 0. secs (0.u,0.s) (success)
Tactic call pose-build-and-refine-regression-cubic ran for 0.012 secs (0.012u,0.s) (success)
Tactic call fast_rewrite-regression-cubic ran for 0.012 secs (0.012u,0.s) (success)
Params: n= 71
Tactic call refine-regression-quadratic-regression-linear ran for 0.001 secs (0.001u,0.s) (success)
Tactic call pose-build-and-refine-regression-cubic ran for 0.012 secs (0.012u,0.s) (success)
Tactic call fast_rewrite-regression-cubic ran for 0.012 secs (0.012u,0.s) (success)
Params: n= 72
Tactic call refine-regression-quadratic-regression-linear ran for 0.001 secs (0.001u,0.s) (success)
Tactic call pose-build-and-refine-regression-cubic ran for 0.013 secs (0.013u,0.s) (success)
Tactic call fast_rewrite-regression-cubic ran for 0.013 secs (0.013u,0.s) (success)
Params: n= 73
Tactic call refine-regression-quadratic-regression-linear ran for 0.001 secs (0.001u,0.s) (success)
Tactic call pose-build-and-refine-regression-cubic ran for 0.013 secs (0.013u,0.s) (success)
Tactic call fast_rewrite-regression-cubic ran for 0.013 secs (0.013u,0.s) (success)
Params: n= 74
Tactic call refine-regression-quadratic-regression-linear ran for 0. secs (0.u,0.s) (success)
Tactic call pose-build-and-refine-regression-cubic ran for 0.014 secs (0.014u,0.s) (success)
Tactic call fast_rewrite-regression-cubic ran for 0.014 secs (0.014u,0.s) (success)
Params: n= 75
Tactic call refine-regression-quadratic-regression-linear ran for 0.001 secs (0.001u,0.s) (success)
Tactic call pose-build-and-refine-regression-cubic ran for 0.015 secs (0.015u,0.s) (success)
Tactic call fast_rewrite-regression-cubic ran for 0.015 secs (0.015u,0.s) (success)
Params: n= 76
Tactic call refine-regression-quadratic-regression-linear ran for 0.001 secs (0.001u,0.s) (success)
Tactic call pose-build-and-refine-regression-cubic ran for 0.014 secs (0.014u,0.s) (success)
Tactic call fast_rewrite-regression-cubic ran for 0.014 secs (0.014u,0.s) (success)
Params: n= 77
Tactic call refine-regression-quadratic-regression-linear ran for 0.001 secs (0.001u,0.s) (success)
Tactic call pose-build-and-refine-regression-cubic ran for 0.014 secs (0.014u,0.s) (success)
Tactic call fast_rewrite-regression-cubic ran for 0.014 secs (0.014u,0.s) (success)
Params: n= 78
Tactic call refine-regression-quadratic-regression-linear ran for 0.001 secs (0.001u,0.s) (success)
Tactic call pose-build-and-refine-regression-cubic ran for 0.016 secs (0.016u,0.s) (success)
Tactic call fast_rewrite-regression-cubic ran for 0.016 secs (0.016u,0.s) (success)
Params: n= 79
Tactic call refine-regression-quadratic-regression-linear ran for 0.001 secs (0.001u,0.s) (success)
Tactic call pose-build-and-refine-regression-cubic ran for 0.015 secs (0.015u,0.s) (success)
Tactic call fast_rewrite-regression-cubic ran for 0.015 secs (0.015u,0.s) (success)
Params: n= 80
Tactic call refine-regression-quadratic-regression-linear ran for 0.001 secs (0.001u,0.s) (success)
Tactic call pose-build-and-refine-regression-cubic ran for 0.017 secs (0.017u,0.s) (success)
Tactic call fast_rewrite-regression-cubic ran for 0.017 secs (0.017u,0.s) (success)
Params: n= 81
Tactic call refine-regression-quadratic-regression-linear ran for 0.001 secs (0.001u,0.s) (success)
Tactic call pose-build-and-refine-regression-cubic ran for 0.015 secs (0.015u,0.s) (success)
Tactic call fast_rewrite-regression-cubic ran for 0.016 secs (0.016u,0.s) (success)
Params: n= 82
Tactic call refine-regression-quadratic-regression-linear ran for 0.001 secs (0.001u,0.s) (success)
Tactic call pose-build-and-refine-regression-cubic ran for 0.015 secs (0.015u,0.s) (success)
Tactic call fast_rewrite-regression-cubic ran for 0.015 secs (0.015u,0.s) (success)
Params: n= 83
Tactic call refine-regression-quadratic-regression-linear ran for 0.001 secs (0.001u,0.s) (success)
Tactic call pose-build-and-refine-regression-cubic ran for 0.016 secs (0.016u,0.s) (success)
Tactic call fast_rewrite-regression-cubic ran for 0.016 secs (0.016u,0.s) (success)
Params: n= 84
Tactic call refine-regression-quadratic-regression-linear ran for 0.001 secs (0.001u,0.s) (success)
Tactic call pose-build-and-refine-regression-cubic ran for 0.016 secs (0.016u,0.s) (success)
Tactic call fast_rewrite-regression-cubic ran for 0.016 secs (0.016u,0.s) (success)
Params: n= 85
Tactic call refine-regression-quadratic-regression-linear ran for 0.001 secs (0.001u,0.s) (success)
Tactic call pose-build-and-refine-regression-cubic ran for 0.017 secs (0.017u,0.s) (success)
Tactic call fast_rewrite-regression-cubic ran for 0.017 secs (0.017u,0.s) (success)
Params: n= 86
Tactic call refine-regression-quadratic-regression-linear ran for 0.001 secs (0.001u,0.s) (success)
Tactic call pose-build-and-refine-regression-cubic ran for 0.016 secs (0.016u,0.s) (success)
Tactic call fast_rewrite-regression-cubic ran for 0.016 secs (0.016u,0.s) (success)
Params: n= 87
Tactic call refine-regression-quadratic-regression-linear ran for 0.001 secs (0.001u,0.s) (success)
Tactic call pose-build-and-refine-regression-cubic ran for 0.017 secs (0.017u,0.s) (success)
Tactic call fast_rewrite-regression-cubic ran for 0.017 secs (0.017u,0.s) (success)
Params: n= 88
Tactic call refine-regression-quadratic-regression-linear ran for 0.001 secs (0.001u,0.s) (success)
Tactic call pose-build-and-refine-regression-cubic ran for 0.017 secs (0.017u,0.s) (success)
Tactic call fast_rewrite-regression-cubic ran for 0.017 secs (0.017u,0.s) (success)
Params: n= 89
Tactic call refine-regression-quadratic-regression-linear ran for 0.001 secs (0.001u,0.s) (success)
Tactic call pose-build-and-refine-regression-cubic ran for 0.018 secs (0.018u,0.s) (success)
Tactic call fast_rewrite-regression-cubic ran for 0.018 secs (0.018u,0.s) (success)
Params: n= 90
Tactic call refine-regression-quadratic-regression-linear ran for 0.001 secs (0.001u,0.s) (success)
Tactic call pose-build-and-refine-regression-cubic ran for 0.018 secs (0.018u,0.s) (success)
Tactic call fast_rewrite-regression-cubic ran for 0.018 secs (0.018u,0.s) (success)
Params: n= 91
Tactic call refine-regression-quadratic-regression-linear ran for 0.001 secs (0.001u,0.s) (success)
Tactic call pose-build-and-refine-regression-cubic ran for 0.018 secs (0.018u,0.s) (success)
Tactic call fast_rewrite-regression-cubic ran for 0.018 secs (0.018u,0.s) (success)
Params: n= 92
Tactic call refine-regression-quadratic-regression-linear ran for 0.002 secs (0.002u,0.s) (success)
Tactic call pose-build-and-refine-regression-cubic ran for 0.021 secs (0.021u,0.s) (success)
Tactic call fast_rewrite-regression-cubic ran for 0.021 secs (0.021u,0.s) (success)
Params: n= 93
Tactic call refine-regression-quadratic-regression-linear ran for 0.006 secs (0.003u,0.002s) (success)
Tactic call pose-build-and-refine-regression-cubic ran for 0.026 secs (0.023u,0.003s) (success)
Tactic call fast_rewrite-regression-cubic ran for 0.026 secs (0.023u,0.003s) (success)
Params: n= 94
Tactic call refine-regression-quadratic-regression-linear ran for 0.001 secs (0.001u,0.s) (success)
Tactic call pose-build-and-refine-regression-cubic ran for 0.02 secs (0.02u,0.s) (success)
Tactic call fast_rewrite-regression-cubic ran for 0.02 secs (0.02u,0.s) (success)
Params: n= 95
Tactic call refine-regression-quadratic-regression-linear ran for 0.001 secs (0.004u,0.s) (success)
Tactic call pose-build-and-refine-regression-cubic ran for 0.02 secs (0.02u,0.s) (success)
Tactic call fast_rewrite-regression-cubic ran for 0.02 secs (0.02u,0.s) (success)
Params: n= 96
Tactic call refine-regression-quadratic-regression-linear ran for 0.001 secs (0.001u,0.s) (success)
Tactic call pose-build-and-refine-regression-cubic ran for 0.02 secs (0.02u,0.s) (success)
Tactic call fast_rewrite-regression-cubic ran for 0.02 secs (0.02u,0.s) (success)
Params: n= 97
Tactic call refine-regression-quadratic-regression-linear ran for 0.001 secs (0.001u,0.s) (success)
Tactic call pose-build-and-refine-regression-cubic ran for 0.021 secs (0.021u,0.s) (success)
Tactic call fast_rewrite-regression-cubic ran for 0.021 secs (0.021u,0.s) (success)
Params: n= 98
Tactic call refine-regression-quadratic-regression-linear ran for 0.001 secs (0.001u,0.s) (success)
Tactic call pose-build-and-refine-regression-cubic ran for 0.02 secs (0.02u,0.s) (success)
Tactic call fast_rewrite-regression-cubic ran for 0.02 secs (0.02u,0.s) (success)
Params: n= 99
Tactic call refine-regression-quadratic-regression-linear ran for 0.001 secs (0.001u,0.s) (success)
Tactic call pose-build-and-refine-regression-cubic ran for 0.02 secs (0.02u,0.s) (success)
Tactic call fast_rewrite-regression-cubic ran for 0.02 secs (0.02u,0.s) (success)
Params: n= 110
Tactic call refine-regression-quadratic-regression-linear ran for 0.001 secs (0.001u,0.s) (success)
Tactic call pose-build-and-refine-regression-cubic ran for 0.024 secs (0.024u,0.s) (success)
Tactic call fast_rewrite-regression-cubic ran for 0.024 secs (0.024u,0.s) (success)
Params: n= 120
Tactic call refine-regression-quadratic-regression-linear ran for 0.001 secs (0.001u,0.s) (success)
Tactic call pose-build-and-refine-regression-cubic ran for 0.029 secs (0.029u,0.s) (success)
Tactic call fast_rewrite-regression-cubic ran for 0.029 secs (0.029u,0.s) (success)
Params: n= 130
Tactic call refine-regression-quadratic-regression-linear ran for 0.001 secs (0.001u,0.s) (success)
Tactic call pose-build-and-refine-regression-cubic ran for 0.029 secs (0.029u,0.s) (success)
Tactic call fast_rewrite-regression-cubic ran for 0.029 secs (0.029u,0.s) (success)
Params: n= 140
Tactic call refine-regression-quadratic-regression-linear ran for 0.003 secs (0.003u,0.s) (success)
Tactic call pose-build-and-refine-regression-cubic ran for 0.037 secs (0.037u,0.s) (success)
Tactic call fast_rewrite-regression-cubic ran for 0.037 secs (0.037u,0.s) (success)
Params: n= 160
Tactic call refine-regression-quadratic-regression-linear ran for 0.002 secs (0.002u,0.s) (success)
Tactic call pose-build-and-refine-regression-cubic ran for 0.049 secs (0.049u,0.s) (success)
Tactic call fast_rewrite-regression-cubic ran for 0.049 secs (0.049u,0.s) (success)
Params: n= 170
Tactic call refine-regression-quadratic-regression-linear ran for 0.002 secs (0.002u,0.s) (success)
Tactic call pose-build-and-refine-regression-cubic ran for 0.042 secs (0.042u,0.s) (success)
Tactic call fast_rewrite-regression-cubic ran for 0.042 secs (0.042u,0.s) (success)
Params: n= 180
Tactic call refine-regression-quadratic-regression-linear ran for 0.002 secs (0.002u,0.s) (success)
Tactic call pose-build-and-refine-regression-cubic ran for 0.049 secs (0.049u,0.s) (success)
Tactic call fast_rewrite-regression-cubic ran for 0.049 secs (0.049u,0.s) (success)
Params: n= 190
Tactic call refine-regression-quadratic-regression-linear ran for 0.002 secs (0.002u,0.s) (success)
Tactic call pose-build-and-refine-regression-cubic ran for 0.049 secs (0.049u,0.s) (success)
Tactic call fast_rewrite-regression-cubic ran for 0.049 secs (0.049u,0.s) (success)
Params: n= 210
Tactic call refine-regression-quadratic-regression-linear ran for 0.003 secs (0.003u,0.s) (success)
Tactic call pose-build-and-refine-regression-cubic ran for 0.065 secs (0.065u,0.s) (success)
Tactic call fast_rewrite-regression-cubic ran for 0.065 secs (0.065u,0.s) (success)
Params: n= 220
Tactic call refine-regression-quadratic-regression-linear ran for 0.002 secs (0.002u,0.s) (success)
Tactic call pose-build-and-refine-regression-cubic ran for 0.07 secs (0.067u,0.003s) (success)
Tactic call fast_rewrite-regression-cubic ran for 0.07 secs (0.067u,0.003s) (success)
Params: n= 230
Tactic call refine-regression-quadratic-regression-linear ran for 0.004 secs (0.004u,0.s) (success)
Tactic call pose-build-and-refine-regression-cubic ran for 0.065 secs (0.065u,0.s) (success)
Tactic call fast_rewrite-regression-cubic ran for 0.065 secs (0.065u,0.s) (success)
Params: n= 240
Tactic call refine-regression-quadratic-regression-linear ran for 0.003 secs (0.003u,0.s) (success)
Tactic call pose-build-and-refine-regression-cubic ran for 0.091 secs (0.091u,0.s) (success)
Tactic call fast_rewrite-regression-cubic ran for 0.091 secs (0.091u,0.s) (success)
Params: n= 260
Tactic call refine-regression-quadratic-regression-linear ran for 0.003 secs (0.003u,0.s) (success)
Tactic call pose-build-and-refine-regression-cubic ran for 0.087 secs (0.083u,0.003s) (success)
Tactic call fast_rewrite-regression-cubic ran for 0.087 secs (0.083u,0.003s) (success)
Params: n= 270
Tactic call refine-regression-quadratic-regression-linear ran for 0.004 secs (0.004u,0.s) (success)
Tactic call pose-build-and-refine-regression-cubic ran for 0.099 secs (0.099u,0.s) (success)
Tactic call fast_rewrite-regression-cubic ran for 0.099 secs (0.099u,0.s) (success)
Params: n= 280
Tactic call refine-regression-quadratic-regression-linear ran for 0.003 secs (0.003u,0.s) (success)
Tactic call pose-build-and-refine-regression-cubic ran for 0.1 secs (0.096u,0.003s) (success)
Tactic call fast_rewrite-regression-cubic ran for 0.1 secs (0.096u,0.003s) (success)
Params: n= 290
Tactic call refine-regression-quadratic-regression-linear ran for 0.004 secs (0.004u,0.s) (success)
Tactic call pose-build-and-refine-regression-cubic ran for 0.123 secs (0.123u,0.s) (success)
Tactic call fast_rewrite-regression-cubic ran for 0.123 secs (0.123u,0.s) (success)
Params: n= 310
Tactic call refine-regression-quadratic-regression-linear ran for 0.004 secs (0.004u,0.s) (success)
Tactic call pose-build-and-refine-regression-cubic ran for 0.119 secs (0.119u,0.s) (success)
Tactic call fast_rewrite-regression-cubic ran for 0.119 secs (0.119u,0.s) (success)
Params: n= 320
Tactic call refine-regression-quadratic-regression-linear ran for 0.005 secs (0.005u,0.s) (success)
Tactic call pose-build-and-refine-regression-cubic ran for 0.134 secs (0.134u,0.s) (success)
Tactic call fast_rewrite-regression-cubic ran for 0.134 secs (0.134u,0.s) (success)
Params: n= 330
Tactic call refine-regression-quadratic-regression-linear ran for 0.003 secs (0.003u,0.s) (success)
Tactic call pose-build-and-refine-regression-cubic ran for 0.125 secs (0.122u,0.003s) (success)
Tactic call fast_rewrite-regression-cubic ran for 0.125 secs (0.122u,0.003s) (success)
Params: n= 340
Tactic call refine-regression-quadratic-regression-linear ran for 0.004 secs (0.004u,0.s) (success)
Tactic call pose-build-and-refine-regression-cubic ran for 0.118 secs (0.118u,0.s) (success)
Tactic call fast_rewrite-regression-cubic ran for 0.118 secs (0.118u,0.s) (success)
Params: n= 360
Tactic call refine-regression-quadratic-regression-linear ran for 0.006 secs (0.006u,0.s) (success)
Tactic call pose-build-and-refine-regression-cubic ran for 0.131 secs (0.127u,0.004s) (success)
Tactic call fast_rewrite-regression-cubic ran for 0.131 secs (0.127u,0.004s) (success)
Params: n= 370
Tactic call refine-regression-quadratic-regression-linear ran for 0.004 secs (0.004u,0.s) (success)
Tactic call pose-build-and-refine-regression-cubic ran for 0.152 secs (0.144u,0.007s) (success)
Tactic call fast_rewrite-regression-cubic ran for 0.152 secs (0.144u,0.007s) (success)
Params: n= 380
Tactic call refine-regression-quadratic-regression-linear ran for 0.006 secs (0.006u,0.s) (success)
Tactic call pose-build-and-refine-regression-cubic ran for 0.163 secs (0.163u,0.s) (success)
Tactic call fast_rewrite-regression-cubic ran for 0.163 secs (0.163u,0.s) (success)
Params: n= 390
Tactic call refine-regression-quadratic-regression-linear ran for 0.005 secs (0.005u,0.s) (success)
Tactic call pose-build-and-refine-regression-cubic ran for 0.148 secs (0.148u,0.s) (success)
Tactic call fast_rewrite-regression-cubic ran for 0.148 secs (0.148u,0.s) (success)
Params: n= 410
Tactic call refine-regression-quadratic-regression-linear ran for 0.005 secs (0.005u,0.s) (success)
Tactic call pose-build-and-refine-regression-cubic ran for 0.171 secs (0.171u,0.s) (success)
Tactic call fast_rewrite-regression-cubic ran for 0.171 secs (0.171u,0.s) (success)
Params: n= 420
Tactic call refine-regression-quadratic-regression-linear ran for 0.005 secs (0.005u,0.s) (success)
Tactic call pose-build-and-refine-regression-cubic ran for 0.2 secs (0.2u,0.s) (success)
Tactic call fast_rewrite-regression-cubic ran for 0.2 secs (0.2u,0.s) (success)
Params: n= 430
Tactic call refine-regression-quadratic-regression-linear ran for 0.031 secs (0.031u,0.s) (success)
Tactic call pose-build-and-refine-regression-cubic ran for 0.232 secs (0.232u,0.s) (success)
Tactic call fast_rewrite-regression-cubic ran for 0.232 secs (0.232u,0.s) (success)
Params: n= 440
Tactic call refine-regression-quadratic-regression-linear ran for 0.006 secs (0.006u,0.s) (success)
Tactic call pose-build-and-refine-regression-cubic ran for 0.204 secs (0.201u,0.003s) (success)
Tactic call fast_rewrite-regression-cubic ran for 0.205 secs (0.201u,0.003s) (success)
Params: n= 450
Tactic call refine-regression-quadratic-regression-linear ran for 0.005 secs (0.005u,0.s) (success)
Tactic call pose-build-and-refine-regression-cubic ran for 0.259 secs (0.259u,0.s) (success)
Tactic call fast_rewrite-regression-cubic ran for 0.259 secs (0.259u,0.s) (success)
Params: n= 460
Tactic call refine-regression-quadratic-regression-linear ran for 0.006 secs (0.006u,0.s) (success)
Tactic call pose-build-and-refine-regression-cubic ran for 0.272 secs (0.264u,0.007s) (success)
Tactic call fast_rewrite-regression-cubic ran for 0.272 secs (0.264u,0.007s) (success)
Params: n= 470
Tactic call refine-regression-quadratic-regression-linear ran for 0.005 secs (0.005u,0.s) (success)
Tactic call pose-build-and-refine-regression-cubic ran for 0.245 secs (0.245u,0.s) (success)
Tactic call fast_rewrite-regression-cubic ran for 0.245 secs (0.245u,0.s) (success)
Params: n= 480
Tactic call refine-regression-quadratic-regression-linear ran for 0.006 secs (0.006u,0.s) (success)
Tactic call pose-build-and-refine-regression-cubic ran for 0.238 secs (0.23u,0.007s) (success)
Tactic call fast_rewrite-regression-cubic ran for 0.238 secs (0.23u,0.007s) (success)
Params: n= 490
Tactic call refine-regression-quadratic-regression-linear ran for 0.006 secs (0.006u,0.s) (success)
Tactic call pose-build-and-refine-regression-cubic ran for 0.281 secs (0.269u,0.011s) (success)
Tactic call fast_rewrite-regression-cubic ran for 0.281 secs (0.269u,0.011s) (success)
Params: n= 500
Tactic call refine-regression-quadratic-regression-linear ran for 0.006 secs (0.006u,0.s) (success)
Tactic call pose-build-and-refine-regression-cubic ran for 0.274 secs (0.27u,0.003s) (success)
Tactic call fast_rewrite-regression-cubic ran for 0.274 secs (0.27u,0.003s) (success)
Params: n= 510
Tactic call refine-regression-quadratic-regression-linear ran for 0.006 secs (0.006u,0.s) (success)
Tactic call pose-build-and-refine-regression-cubic ran for 0.274 secs (0.274u,0.s) (success)
Tactic call fast_rewrite-regression-cubic ran for 0.274 secs (0.274u,0.s) (success)
Params: n= 520
Tactic call refine-regression-quadratic-regression-linear ran for 0.008 secs (0.008u,0.s) (success)
Tactic call pose-build-and-refine-regression-cubic ran for 0.266 secs (0.266u,0.s) (success)
Tactic call fast_rewrite-regression-cubic ran for 0.266 secs (0.266u,0.s) (success)
Params: n= 530
Tactic call refine-regression-quadratic-regression-linear ran for 0.036 secs (0.036u,0.s) (success)
Tactic call pose-build-and-refine-regression-cubic ran for 0.281 secs (0.281u,0.s) (success)
Tactic call fast_rewrite-regression-cubic ran for 0.281 secs (0.281u,0.s) (success)
Params: n= 540
Tactic call refine-regression-quadratic-regression-linear ran for 0.006 secs (0.006u,0.s) (success)
Tactic call pose-build-and-refine-regression-cubic ran for 0.377 secs (0.377u,0.s) (success)
Tactic call fast_rewrite-regression-cubic ran for 0.377 secs (0.377u,0.s) (success)
Params: n= 550
Tactic call refine-regression-quadratic-regression-linear ran for 0.007 secs (0.007u,0.s) (success)
Tactic call pose-build-and-refine-regression-cubic ran for 0.31 secs (0.298u,0.011s) (success)
Tactic call fast_rewrite-regression-cubic ran for 0.31 secs (0.298u,0.011s) (success)
Params: n= 560
Tactic call refine-regression-quadratic-regression-linear ran for 0.007 secs (0.007u,0.s) (success)
Tactic call pose-build-and-refine-regression-cubic ran for 0.303 secs (0.29u,0.012s) (success)
Tactic call fast_rewrite-regression-cubic ran for 0.303 secs (0.29u,0.012s) (success)
Params: n= 570
Tactic call refine-regression-quadratic-regression-linear ran for 0.008 secs (0.008u,0.s) (success)
Tactic call pose-build-and-refine-regression-cubic ran for 0.31 secs (0.301u,0.008s) (success)
Tactic call fast_rewrite-regression-cubic ran for 0.31 secs (0.301u,0.008s) (success)
Params: n= 580
Tactic call refine-regression-quadratic-regression-linear ran for 0.007 secs (0.007u,0.s) (success)
Tactic call pose-build-and-refine-regression-cubic ran for 0.317 secs (0.317u,0.s) (success)
Tactic call fast_rewrite-regression-cubic ran for 0.317 secs (0.317u,0.s) (success)
Params: n= 590
Tactic call refine-regression-quadratic-regression-linear ran for 0.008 secs (0.008u,0.s) (success)
Tactic call pose-build-and-refine-regression-cubic ran for 0.385 secs (0.385u,0.s) (success)
Tactic call fast_rewrite-regression-cubic ran for 0.385 secs (0.385u,0.s) (success)
Params: n= 600
Tactic call refine-regression-quadratic-regression-linear ran for 0.007 secs (0.007u,0.s) (success)
Tactic call pose-build-and-refine-regression-cubic ran for 0.347 secs (0.347u,0.s) (success)
Tactic call fast_rewrite-regression-cubic ran for 0.347 secs (0.347u,0.s) (success)
Params: n= 610
Tactic call refine-regression-quadratic-regression-linear ran for 0.008 secs (0.008u,0.s) (success)
Tactic call pose-build-and-refine-regression-cubic ran for 0.374 secs (0.373u,0.s) (success)
Tactic call fast_rewrite-regression-cubic ran for 0.374 secs (0.373u,0.s) (success)
Params: n= 620
Tactic call refine-regression-quadratic-regression-linear ran for 0.01 secs (0.01u,0.s) (success)
Tactic call pose-build-and-refine-regression-cubic ran for 0.38 secs (0.38u,0.s) (success)
Tactic call fast_rewrite-regression-cubic ran for 0.38 secs (0.38u,0.s) (success)
Params: n= 630
Tactic call refine-regression-quadratic-regression-linear ran for 0.008 secs (0.008u,0.s) (success)
Tactic call pose-build-and-refine-regression-cubic ran for 0.468 secs (0.466u,0.s) (success)
Tactic call fast_rewrite-regression-cubic ran for 0.468 secs (0.466u,0.s) (success)
Params: n= 640
Tactic call refine-regression-quadratic-regression-linear ran for 0.008 secs (0.008u,0.s) (success)
Tactic call pose-build-and-refine-regression-cubic ran for 0.383 secs (0.382u,0.s) (success)
Tactic call fast_rewrite-regression-cubic ran for 0.383 secs (0.382u,0.s) (success)
Params: n= 650
Tactic call refine-regression-quadratic-regression-linear ran for 0.009 secs (0.009u,0.s) (success)
Tactic call pose-build-and-refine-regression-cubic ran for 0.43 secs (0.426u,0.004s) (success)
Tactic call fast_rewrite-regression-cubic ran for 0.43 secs (0.426u,0.004s) (success)
Params: n= 660
Tactic call refine-regression-quadratic-regression-linear ran for 0.052 secs (0.052u,0.s) (success)
Tactic call pose-build-and-refine-regression-cubic ran for 0.446 secs (0.43u,0.016s) (success)
Tactic call fast_rewrite-regression-cubic ran for 0.446 secs (0.43u,0.016s) (success)
Params: n= 670
Tactic call refine-regression-quadratic-regression-linear ran for 0.008 secs (0.008u,0.s) (success)
Tactic call pose-build-and-refine-regression-cubic ran for 0.429 secs (0.421u,0.007s) (success)
Tactic call fast_rewrite-regression-cubic ran for 0.429 secs (0.421u,0.007s) (success)
Params: n= 680
Tactic call refine-regression-quadratic-regression-linear ran for 0.009 secs (0.009u,0.s) (success)
Tactic call pose-build-and-refine-regression-cubic ran for 0.681 secs (0.681u,0.s) (success)
Tactic call fast_rewrite-regression-cubic ran for 0.681 secs (0.681u,0.s) (success)
Params: n= 690
Tactic call refine-regression-quadratic-regression-linear ran for 0.008 secs (0.008u,0.s) (success)
Tactic call pose-build-and-refine-regression-cubic ran for 0.568 secs (0.568u,0.s) (success)
Tactic call fast_rewrite-regression-cubic ran for 0.568 secs (0.568u,0.s) (success)
Params: n= 700
Tactic call refine-regression-quadratic-regression-linear ran for 0.009 secs (0.009u,0.s) (success)
Tactic call pose-build-and-refine-regression-cubic ran for 0.428 secs (0.428u,0.s) (success)
Tactic call fast_rewrite-regression-cubic ran for 0.428 secs (0.428u,0.s) (success)
Params: n= 710
Tactic call refine-regression-quadratic-regression-linear ran for 0.009 secs (0.009u,0.s) (success)
Tactic call pose-build-and-refine-regression-cubic ran for 0.49 secs (0.49u,0.s) (success)
Tactic call fast_rewrite-regression-cubic ran for 0.49 secs (0.49u,0.s) (success)
Params: n= 720
Tactic call refine-regression-quadratic-regression-linear ran for 0.009 secs (0.009u,0.s) (success)
Tactic call pose-build-and-refine-regression-cubic ran for 0.455 secs (0.455u,0.s) (success)
Tactic call fast_rewrite-regression-cubic ran for 0.456 secs (0.455u,0.s) (success)
Params: n= 730
Tactic call refine-regression-quadratic-regression-linear ran for 0.009 secs (0.009u,0.s) (success)
Tactic call pose-build-and-refine-regression-cubic ran for 0.549 secs (0.549u,0.s) (success)
Tactic call fast_rewrite-regression-cubic ran for 0.549 secs (0.549u,0.s) (success)
Params: n= 740
Tactic call refine-regression-quadratic-regression-linear ran for 0.009 secs (0.009u,0.s) (success)
Tactic call pose-build-and-refine-regression-cubic ran for 0.507 secs (0.507u,0.s) (success)
Tactic call fast_rewrite-regression-cubic ran for 0.507 secs (0.507u,0.s) (success)
Params: n= 750
Tactic call refine-regression-quadratic-regression-linear ran for 0.009 secs (0.009u,0.s) (success)
Tactic call pose-build-and-refine-regression-cubic ran for 0.516 secs (0.516u,0.s) (success)
Tactic call fast_rewrite-regression-cubic ran for 0.516 secs (0.516u,0.s) (success)
Params: n= 760
Tactic call refine-regression-quadratic-regression-linear ran for 0.009 secs (0.009u,0.s) (success)
Tactic call pose-build-and-refine-regression-cubic ran for 0.545 secs (0.545u,0.s) (success)
Tactic call fast_rewrite-regression-cubic ran for 0.545 secs (0.545u,0.s) (success)
Params: n= 770
Tactic call refine-regression-quadratic-regression-linear ran for 0.011 secs (0.011u,0.s) (success)
Tactic call pose-build-and-refine-regression-cubic ran for 0.578 secs (0.578u,0.s) (success)
Tactic call fast_rewrite-regression-cubic ran for 0.578 secs (0.578u,0.s) (success)
Params: n= 780
Tactic call refine-regression-quadratic-regression-linear ran for 0.009 secs (0.009u,0.s) (success)
Tactic call pose-build-and-refine-regression-cubic ran for 0.662 secs (0.662u,0.s) (success)
Tactic call fast_rewrite-regression-cubic ran for 0.662 secs (0.662u,0.s) (success)
Params: n= 790
Tactic call refine-regression-quadratic-regression-linear ran for 0.01 secs (0.01u,0.s) (success)
Tactic call pose-build-and-refine-regression-cubic ran for 0.642 secs (0.642u,0.s) (success)
Tactic call fast_rewrite-regression-cubic ran for 0.642 secs (0.642u,0.s) (success)
Params: n= 800
Tactic call refine-regression-quadratic-regression-linear ran for 0.013 secs (0.013u,0.s) (success)
Tactic call pose-build-and-refine-regression-cubic ran for 0.617 secs (0.618u,0.s) (success)
Tactic call fast_rewrite-regression-cubic ran for 0.617 secs (0.618u,0.s) (success)
Params: n= 810
Tactic call refine-regression-quadratic-regression-linear ran for 0.01 secs (0.01u,0.s) (success)
Tactic call pose-build-and-refine-regression-cubic ran for 0.587 secs (0.587u,0.s) (success)
Tactic call fast_rewrite-regression-cubic ran for 0.587 secs (0.587u,0.s) (success)
Params: n= 820
Tactic call refine-regression-quadratic-regression-linear ran for 0.012 secs (0.012u,0.s) (success)
Tactic call pose-build-and-refine-regression-cubic ran for 0.751 secs (0.751u,0.s) (success)
Tactic call fast_rewrite-regression-cubic ran for 0.751 secs (0.751u,0.s) (success)
Params: n= 830
Tactic call refine-regression-quadratic-regression-linear ran for 0.011 secs (0.011u,0.s) (success)
Tactic call pose-build-and-refine-regression-cubic ran for 0.619 secs (0.611u,0.007s) (success)
Tactic call fast_rewrite-regression-cubic ran for 0.619 secs (0.611u,0.007s) (success)
Params: n= 840
Tactic call refine-regression-quadratic-regression-linear ran for 0.011 secs (0.011u,0.s) (success)
Tactic call pose-build-and-refine-regression-cubic ran for 0.655 secs (0.631u,0.024s) (success)
Tactic call fast_rewrite-regression-cubic ran for 0.655 secs (0.631u,0.024s) (success)
Params: n= 850
Tactic call refine-regression-quadratic-regression-linear ran for 0.009 secs (0.009u,0.s) (success)
Tactic call pose-build-and-refine-regression-cubic ran for 0.699 secs (0.697u,0.001s) (success)
Tactic call fast_rewrite-regression-cubic ran for 0.699 secs (0.697u,0.001s) (success)
Params: n= 860
Tactic call refine-regression-quadratic-regression-linear ran for 0.011 secs (0.011u,0.s) (success)
Tactic call pose-build-and-refine-regression-cubic ran for 0.784 secs (0.784u,0.s) (success)
Tactic call fast_rewrite-regression-cubic ran for 0.784 secs (0.784u,0.s) (success)
Params: n= 870
Tactic call refine-regression-quadratic-regression-linear ran for 0.011 secs (0.011u,0.s) (success)
Tactic call pose-build-and-refine-regression-cubic ran for 0.732 secs (0.73u,0.001s) (success)
Tactic call fast_rewrite-regression-cubic ran for 0.732 secs (0.73u,0.001s) (success)
Params: n= 880
Tactic call refine-regression-quadratic-regression-linear ran for 0.014 secs (0.014u,0.s) (success)
Tactic call pose-build-and-refine-regression-cubic ran for 0.792 secs (0.792u,0.s) (success)
Tactic call fast_rewrite-regression-cubic ran for 0.792 secs (0.792u,0.s) (success)
Params: n= 890
Tactic call refine-regression-quadratic-regression-linear ran for 0.012 secs (0.012u,0.s) (success)
Tactic call pose-build-and-refine-regression-cubic ran for 0.862 secs (0.862u,0.s) (success)
Tactic call fast_rewrite-regression-cubic ran for 0.862 secs (0.862u,0.s) (success)
Params: n= 900
Tactic call refine-regression-quadratic-regression-linear ran for 0.01 secs (0.01u,0.s) (success)
Tactic call pose-build-and-refine-regression-cubic ran for 0.73 secs (0.73u,0.s) (success)
Tactic call fast_rewrite-regression-cubic ran for 0.73 secs (0.73u,0.s) (success)
Params: n= 910
Tactic call refine-regression-quadratic-regression-linear ran for 0.046 secs (0.046u,0.s) (success)
Tactic call pose-build-and-refine-regression-cubic ran for 0.842 secs (0.842u,0.s) (success)
Tactic call fast_rewrite-regression-cubic ran for 0.842 secs (0.842u,0.s) (success)
Params: n= 920
Tactic call refine-regression-quadratic-regression-linear ran for 0.012 secs (0.012u,0.s) (success)
Tactic call pose-build-and-refine-regression-cubic ran for 0.868 secs (0.868u,0.s) (success)
Tactic call fast_rewrite-regression-cubic ran for 0.868 secs (0.868u,0.s) (success)
Params: n= 930
Tactic call refine-regression-quadratic-regression-linear ran for 0.011 secs (0.011u,0.s) (success)
Tactic call pose-build-and-refine-regression-cubic ran for 0.821 secs (0.82u,0.s) (success)
Tactic call fast_rewrite-regression-cubic ran for 0.821 secs (0.82u,0.s) (success)
Params: n= 940
Tactic call refine-regression-quadratic-regression-linear ran for 0.012 secs (0.012u,0.s) (success)
Tactic call pose-build-and-refine-regression-cubic ran for 1.165 secs (1.165u,0.s) (success)
Tactic call fast_rewrite-regression-cubic ran for 1.165 secs (1.165u,0.s) (success)
Params: n= 950
Tactic call refine-regression-quadratic-regression-linear ran for 0.012 secs (0.012u,0.s) (success)
Tactic call pose-build-and-refine-regression-cubic ran for 0.928 secs (0.928u,0.s) (success)
Tactic call fast_rewrite-regression-cubic ran for 0.928 secs (0.928u,0.s) (success)
Params: n= 960
Tactic call refine-regression-quadratic-regression-linear ran for 0.013 secs (0.013u,0.s) (success)
Tactic call pose-build-and-refine-regression-cubic ran for 0.864 secs (0.864u,0.s) (success)
Tactic call fast_rewrite-regression-cubic ran for 0.864 secs (0.864u,0.s) (success)
Params: n= 970
Tactic call refine-regression-quadratic-regression-linear ran for 0.013 secs (0.013u,0.s) (success)
Tactic call pose-build-and-refine-regression-cubic ran for 0.904 secs (0.903u,0.s) (success)
Tactic call fast_rewrite-regression-cubic ran for 0.904 secs (0.903u,0.s) (success)
Params: n= 980
Tactic call refine-regression-quadratic-regression-linear ran for 0.012 secs (0.012u,0.s) (success)
Tactic call pose-build-and-refine-regression-cubic ran for 0.922 secs (0.922u,0.s) (success)
Tactic call fast_rewrite-regression-cubic ran for 0.922 secs (0.922u,0.s) (success)
Params: n= 990
Tactic call refine-regression-quadratic-regression-linear ran for 0.013 secs (0.013u,0.s) (success)
Tactic call pose-build-and-refine-regression-cubic ran for 0.891 secs (0.874u,0.015s) (success)
Tactic call fast_rewrite-regression-cubic ran for 0.891 secs (0.874u,0.015s) (success)
Params: n= 1000
Tactic call refine-regression-quadratic-regression-linear ran for 0.015 secs (0.015u,0.s) (success)
Tactic call pose-build-and-refine-regression-cubic ran for 0.951 secs (0.927u,0.024s) (success)
Tactic call fast_rewrite-regression-cubic ran for 0.951 secs (0.927u,0.024s) (success)
Params: n= 1100
Tactic call refine-regression-quadratic-regression-linear ran for 0.014 secs (0.014u,0.s) (success)
Tactic call pose-build-and-refine-regression-cubic ran for 1.217 secs (1.216u,0.s) (success)
Tactic call fast_rewrite-regression-cubic ran for 1.217 secs (1.216u,0.s) (success)
Params: n= 1200
Tactic call refine-regression-quadratic-regression-linear ran for 0.014 secs (0.014u,0.s) (success)
Tactic call pose-build-and-refine-regression-cubic ran for 1.335 secs (1.335u,0.s) (success)
Tactic call fast_rewrite-regression-cubic ran for 1.336 secs (1.335u,0.s) (success)
Params: n= 1300
Tactic call refine-regression-quadratic-regression-linear ran for 0.018 secs (0.018u,0.s) (success)
Tactic call pose-build-and-refine-regression-cubic ran for 1.605 secs (1.601u,0.003s) (success)
Tactic call fast_rewrite-regression-cubic ran for 1.605 secs (1.601u,0.003s) (success)
Params: n= 1400
Tactic call refine-regression-quadratic-regression-linear ran for 0.019 secs (0.019u,0.s) (success)
Tactic call pose-build-and-refine-regression-cubic ran for 1.8 secs (1.8u,0.s) (success)
Tactic call fast_rewrite-regression-cubic ran for 1.8 secs (1.8u,0.s) (success)
Params: n= 1500
Tactic call refine-regression-quadratic-regression-linear ran for 0.019 secs (0.019u,0.s) (success)
Tactic call pose-build-and-refine-regression-cubic ran for 2.083 secs (2.082u,0.s) (success)
Tactic call fast_rewrite-regression-cubic ran for 2.083 secs (2.082u,0.s) (success)
Params: n= 1600
Tactic call refine-regression-quadratic-regression-linear ran for 0.021 secs (0.021u,0.s) (success)
Tactic call pose-build-and-refine-regression-cubic ran for 2.728 secs (2.728u,0.s) (success)
Tactic call fast_rewrite-regression-cubic ran for 2.728 secs (2.728u,0.s) (success)
Params: n= 1700
Tactic call refine-regression-quadratic-regression-linear ran for 0.047 secs (0.047u,0.s) (success)
Tactic call pose-build-and-refine-regression-cubic ran for 2.649 secs (2.648u,0.s) (success)
Tactic call fast_rewrite-regression-cubic ran for 2.649 secs (2.648u,0.s) (success)
Params: n= 1800
Tactic call refine-regression-quadratic-regression-linear ran for 0.025 secs (0.025u,0.s) (success)
Tactic call pose-build-and-refine-regression-cubic ran for 3.041 secs (3.029u,0.011s) (success)
Tactic call fast_rewrite-regression-cubic ran for 3.041 secs (3.029u,0.011s) (success)
Params: n= 1900
Tactic call refine-regression-quadratic-regression-linear ran for 0.027 secs (0.027u,0.s) (success)
Tactic call pose-build-and-refine-regression-cubic ran for 3.415 secs (3.362u,0.052s) (success)
Tactic call fast_rewrite-regression-cubic ran for 3.415 secs (3.362u,0.052s) (success)
Params: n= 2000
Tactic call refine-regression-quadratic-regression-linear ran for 0.027 secs (0.027u,0.s) (success)
Tactic call pose-build-and-refine-regression-cubic ran for 3.776 secs (3.772u,0.003s) (success)
Tactic call fast_rewrite-regression-cubic ran for 3.776 secs (3.772u,0.003s) (success)
Params: n= 3000
Tactic call refine-regression-quadratic-regression-linear ran for 0.134 secs (0.134u,0.s) (success)
Tactic call pose-build-and-refine-regression-cubic ran for 8.592 secs (8.539u,0.051s) (success)
Tactic call fast_rewrite-regression-cubic ran for 8.592 secs (8.539u,0.051s) (success)
Params: n= 4000
Tactic call refine-regression-quadratic-regression-linear ran for 0.057 secs (0.057u,0.s) (success)
Tactic call pose-build-and-refine-regression-cubic ran for 16.039 secs (15.806u,0.225s) (success)
Tactic call fast_rewrite-regression-cubic ran for 16.039 secs (15.806u,0.225s) (success)
Params: n= 5000
Tactic call refine-regression-quadratic-regression-linear ran for 0.087 secs (0.087u,0.s) (success)
Tactic call pose-build-and-refine-regression-cubic ran for 24.678 secs (24.481u,0.192s) (success)
Tactic call fast_rewrite-regression-cubic ran for 24.678 secs (24.481u,0.192s) (success)
