Params: n= 50
Tactic call refine-regression-quadratic-regression-linear ran for 0.001 secs (0.u,0.s) (success)
Tactic call pose-build-and-refine-regression-cubic ran for 0.011 secs (0.003u,0.007s) (success)
Tactic call fast_rewrite-regression-cubic ran for 0.011 secs (0.003u,0.007s) (success)
Params: n= 100
Tactic call refine-regression-quadratic-regression-linear ran for 0.002 secs (0.001u,0.s) (success)
Tactic call pose-build-and-refine-regression-cubic ran for 0.028 secs (0.02u,0.008s) (success)
Tactic call fast_rewrite-regression-cubic ran for 0.028 secs (0.02u,0.008s) (success)
Params: n= 150
Tactic call refine-regression-quadratic-regression-linear ran for 0.001 secs (0.001u,0.s) (success)
Tactic call pose-build-and-refine-regression-cubic ran for 0.089 secs (0.068u,0.021s) (success)
Tactic call fast_rewrite-regression-cubic ran for 0.089 secs (0.068u,0.021s) (success)
Params: n= 200
Tactic call refine-regression-quadratic-regression-linear ran for 0.002 secs (0.002u,0.s) (success)
Tactic call pose-build-and-refine-regression-cubic ran for 0.042 secs (0.042u,0.s) (success)
Tactic call fast_rewrite-regression-cubic ran for 0.042 secs (0.042u,0.s) (success)
Params: n= 250
Tactic call refine-regression-quadratic-regression-linear ran for 0.003 secs (0.003u,0.s) (success)
Tactic call pose-build-and-refine-regression-cubic ran for 0.06 secs (0.06u,0.s) (success)
Tactic call fast_rewrite-regression-cubic ran for 0.06 secs (0.06u,0.s) (success)
Params: n= 300
Tactic call refine-regression-quadratic-regression-linear ran for 0.004 secs (0.004u,0.s) (success)
Tactic call pose-build-and-refine-regression-cubic ran for 0.079 secs (0.079u,0.s) (success)
Tactic call fast_rewrite-regression-cubic ran for 0.079 secs (0.079u,0.s) (success)
Params: n= 350
Tactic call refine-regression-quadratic-regression-linear ran for 0.004 secs (0.004u,0.s) (success)
Tactic call pose-build-and-refine-regression-cubic ran for 0.103 secs (0.103u,0.s) (success)
Tactic call fast_rewrite-regression-cubic ran for 0.103 secs (0.103u,0.s) (success)
Params: n= 400
Tactic call refine-regression-quadratic-regression-linear ran for 0.004 secs (0.004u,0.s) (success)
Tactic call pose-build-and-refine-regression-cubic ran for 0.146 secs (0.143u,0.002s) (success)
Tactic call fast_rewrite-regression-cubic ran for 0.146 secs (0.143u,0.002s) (success)
