Params: n= 10
Tactic call repeat-setoid_rewrite-regression-cubic ran for 0.023 secs (0.011u,0.011s) (success)
Tactic call noop-repeat-setoid_rewrite-regression-cubic ran for 0.007 secs (0.007u,0.s) (success)
Params: n= 20
Tactic call repeat-setoid_rewrite-regression-cubic ran for 0.102 secs (0.094u,0.007s) (success)
Tactic call noop-repeat-setoid_rewrite-regression-cubic ran for 0.014 secs (0.013u,0.s) (success)
Params: n= 30
Tactic call repeat-setoid_rewrite-regression-cubic ran for 0.099 secs (0.099u,0.s) (success)
Tactic call noop-repeat-setoid_rewrite-regression-cubic ran for 0.037 secs (0.037u,0.s) (success)
Params: n= 40
Tactic call repeat-setoid_rewrite-regression-cubic ran for 0.191 secs (0.19u,0.s) (success)
Tactic call noop-repeat-setoid_rewrite-regression-cubic ran for 0.073 secs (0.073u,0.s) (success)
Params: n= 60
Tactic call repeat-setoid_rewrite-regression-cubic ran for 0.543 secs (0.534u,0.008s) (success)
Tactic call noop-repeat-setoid_rewrite-regression-cubic ran for 0.214 secs (0.214u,0.s) (success)
Params: n= 70
Tactic call repeat-setoid_rewrite-regression-cubic ran for 0.799 secs (0.795u,0.003s) (success)
Tactic call noop-repeat-setoid_rewrite-regression-cubic ran for 0.325 secs (0.325u,0.s) (success)
Params: n= 80
Tactic call repeat-setoid_rewrite-regression-cubic ran for 1.134 secs (1.126u,0.007s) (success)
Tactic call noop-repeat-setoid_rewrite-regression-cubic ran for 0.478 secs (0.474u,0.004s) (success)
Params: n= 90
Tactic call repeat-setoid_rewrite-regression-cubic ran for 1.576 secs (1.571u,0.004s) (success)
Tactic call noop-repeat-setoid_rewrite-regression-cubic ran for 0.67 secs (0.67u,0.s) (success)
Params: n= 110
Tactic call repeat-setoid_rewrite-regression-cubic ran for 2.675 secs (2.666u,0.008s) (success)
Tactic call noop-repeat-setoid_rewrite-regression-cubic ran for 1.143 secs (1.143u,0.s) (success)
Params: n= 120
Tactic call repeat-setoid_rewrite-regression-cubic ran for 3.277 secs (3.269u,0.007s) (success)
Tactic call noop-repeat-setoid_rewrite-regression-cubic ran for 1.491 secs (1.49u,0.s) (success)
Params: n= 130
Tactic call repeat-setoid_rewrite-regression-cubic ran for 4.088 secs (4.079u,0.007s) (success)
Tactic call noop-repeat-setoid_rewrite-regression-cubic ran for 1.862 secs (1.862u,0.s) (success)
Params: n= 140
Tactic call repeat-setoid_rewrite-regression-cubic ran for 5.281 secs (5.276u,0.003s) (success)
Tactic call noop-repeat-setoid_rewrite-regression-cubic ran for 2.419 secs (2.418u,0.s) (success)
Params: n= 160
Tactic call repeat-setoid_rewrite-regression-cubic ran for 7.556 secs (7.527u,0.016s) (success)
Tactic call noop-repeat-setoid_rewrite-regression-cubic ran for 3.437 secs (3.436u,0.s) (success)
Params: n= 170
Tactic call repeat-setoid_rewrite-regression-cubic ran for 8.862 secs (8.853u,0.008s) (success)
Tactic call noop-repeat-setoid_rewrite-regression-cubic ran for 4.136 secs (4.134u,0.s) (success)
Params: n= 180
Tactic call repeat-setoid_rewrite-regression-cubic ran for 10.615 secs (10.61u,0.004s) (success)
Tactic call noop-repeat-setoid_rewrite-regression-cubic ran for 5.146 secs (5.146u,0.s) (success)
Params: n= 190
Tactic call repeat-setoid_rewrite-regression-cubic ran for 12.485 secs (12.479u,0.004s) (success)
Tactic call noop-repeat-setoid_rewrite-regression-cubic ran for 5.718 secs (5.713u,0.004s) (success)
Params: n= 210
Tactic call repeat-setoid_rewrite-regression-cubic ran for 16.173 secs (16.166u,0.004s) (success)
Tactic call noop-repeat-setoid_rewrite-regression-cubic ran for 7.737 secs (7.735u,0.s) (success)
Params: n= 220
Tactic call repeat-setoid_rewrite-regression-cubic ran for 18.962 secs (18.959u,0.s) (success)
Tactic call noop-repeat-setoid_rewrite-regression-cubic ran for 8.956 secs (8.955u,0.s) (success)
Params: n= 230
Tactic call repeat-setoid_rewrite-regression-cubic ran for 21.491 secs (21.48u,0.007s) (success)
Tactic call noop-repeat-setoid_rewrite-regression-cubic ran for 10.488 secs (10.468u,0.008s) (success)
Params: n= 240
Tactic call repeat-setoid_rewrite-regression-cubic ran for 24.423 secs (24.394u,0.02s) (success)
Tactic call noop-repeat-setoid_rewrite-regression-cubic ran for 11.608 secs (11.597u,0.008s) (success)
Params: n= 250
Tactic call repeat-setoid_rewrite-regression-cubic ran for 27.562 secs (27.546u,0.008s) (success)
Tactic call noop-repeat-setoid_rewrite-regression-cubic ran for 13.574 secs (13.567u,0.004s) (success)
Params: n= 300
Tactic call repeat-setoid_rewrite-regression-cubic ran for 48.138 secs (48.108u,0.016s) (success)
Tactic call noop-repeat-setoid_rewrite-regression-cubic ran for 23.085 secs (23.071u,0.008s) (success)
Params: n= 400
Tactic call repeat-setoid_rewrite-regression-cubic ran for 115.081 secs (114.982u,0.064s) (success)
Tactic call noop-repeat-setoid_rewrite-regression-cubic ran for 56.76 secs (56.736u,0.016s) (success)
