Params: n= 10
Tactic call setoid_rewrite-regression-cubic ran for 0.015 secs (0.007u,0.007s) (success)
Tactic call abstract+setoid_rewrite-regression-cubic ran for 0.022 secs (0.007u,0.014s) (success)
Tactic call close-abstract+setoid_rewrite-regression-quadratic ran for 0.006 secs (0.u,0.006s)
Params: n= 20
Tactic call setoid_rewrite-regression-cubic ran for 0.087 secs (0.071u,0.016s) (success)
Tactic call abstract+setoid_rewrite-regression-cubic ran for 0.099 secs (0.083u,0.016s) (success)
Tactic call close-abstract+setoid_rewrite-regression-quadratic ran for 0.011 secs (0.011u,0.s)
Params: n= 30
Tactic call setoid_rewrite-regression-cubic ran for 0.063 secs (0.063u,0.s) (success)
Tactic call abstract+setoid_rewrite-regression-cubic ran for 0.089 secs (0.089u,0.s) (success)
Tactic call close-abstract+setoid_rewrite-regression-quadratic ran for 0.024 secs (0.024u,0.s)
Params: n= 40
Tactic call setoid_rewrite-regression-cubic ran for 0.121 secs (0.121u,0.s) (success)
Tactic call abstract+setoid_rewrite-regression-cubic ran for 0.168 secs (0.168u,0.s) (success)
Tactic call close-abstract+setoid_rewrite-regression-quadratic ran for 0.047 secs (0.047u,0.s)
Params: n= 60
Tactic call setoid_rewrite-regression-cubic ran for 0.309 secs (0.305u,0.003s) (success)
Tactic call abstract+setoid_rewrite-regression-cubic ran for 0.406 secs (0.402u,0.004s) (success)
Tactic call close-abstract+setoid_rewrite-regression-quadratic ran for 0.096 secs (0.096u,0.s)
Params: n= 70
Tactic call setoid_rewrite-regression-cubic ran for 0.459 secs (0.459u,0.s) (success)
Tactic call abstract+setoid_rewrite-regression-cubic ran for 0.581 secs (0.581u,0.s) (success)
Tactic call close-abstract+setoid_rewrite-regression-quadratic ran for 0.122 secs (0.122u,0.s)
Params: n= 80
Tactic call setoid_rewrite-regression-cubic ran for 0.645 secs (0.645u,0.s) (success)
Tactic call abstract+setoid_rewrite-regression-cubic ran for 0.802 secs (0.801u,0.s) (success)
Tactic call close-abstract+setoid_rewrite-regression-quadratic ran for 0.156 secs (0.156u,0.s)
Params: n= 90
Tactic call setoid_rewrite-regression-cubic ran for 0.869 secs (0.865u,0.003s) (success)
Tactic call abstract+setoid_rewrite-regression-cubic ran for 1.065 secs (1.057u,0.007s) (success)
Tactic call close-abstract+setoid_rewrite-regression-quadratic ran for 0.194 secs (0.19u,0.003s)
Params: n= 110
Tactic call setoid_rewrite-regression-cubic ran for 1.464 secs (1.459u,0.004s) (success)
Tactic call abstract+setoid_rewrite-regression-cubic ran for 1.725 secs (1.72u,0.004s) (success)
Tactic call close-abstract+setoid_rewrite-regression-quadratic ran for 0.26 secs (0.26u,0.s)
Params: n= 120
Tactic call setoid_rewrite-regression-cubic ran for 1.778 secs (1.77u,0.007s) (success)
Tactic call abstract+setoid_rewrite-regression-cubic ran for 2.084 secs (2.076u,0.007s) (success)
Tactic call close-abstract+setoid_rewrite-regression-quadratic ran for 0.305 secs (0.305u,0.s)
Params: n= 130
Tactic call setoid_rewrite-regression-cubic ran for 2.185 secs (2.185u,0.s) (success)
Tactic call abstract+setoid_rewrite-regression-cubic ran for 2.541 secs (2.54u,0.s) (success)
Tactic call close-abstract+setoid_rewrite-regression-quadratic ran for 0.355 secs (0.355u,0.s)
Params: n= 140
Tactic call setoid_rewrite-regression-cubic ran for 2.799 secs (2.794u,0.003s) (success)
Tactic call abstract+setoid_rewrite-regression-cubic ran for 3.254 secs (3.249u,0.003s) (success)
Tactic call close-abstract+setoid_rewrite-regression-quadratic ran for 0.454 secs (0.454u,0.s)
Params: n= 160
Tactic call setoid_rewrite-regression-cubic ran for 4.075 secs (4.057u,0.015s) (success)
Tactic call abstract+setoid_rewrite-regression-cubic ran for 4.609 secs (4.59u,0.015s) (success)
Tactic call close-abstract+setoid_rewrite-regression-quadratic ran for 0.533 secs (0.533u,0.s)
Params: n= 170
Tactic call setoid_rewrite-regression-cubic ran for 4.659 secs (4.658u,0.s) (success)
Tactic call abstract+setoid_rewrite-regression-cubic ran for 5.266 secs (5.265u,0.s) (success)
Tactic call close-abstract+setoid_rewrite-regression-quadratic ran for 0.606 secs (0.606u,0.s)
Params: n= 180
Tactic call setoid_rewrite-regression-cubic ran for 5.47 secs (5.468u,0.s) (success)
Tactic call abstract+setoid_rewrite-regression-cubic ran for 6.217 secs (6.214u,0.s) (success)
Tactic call close-abstract+setoid_rewrite-regression-quadratic ran for 0.745 secs (0.745u,0.s)
Params: n= 190
Tactic call setoid_rewrite-regression-cubic ran for 6.625 secs (6.615u,0.007s) (success)
Tactic call abstract+setoid_rewrite-regression-cubic ran for 7.373 secs (7.363u,0.007s) (success)
Tactic call close-abstract+setoid_rewrite-regression-quadratic ran for 0.746 secs (0.746u,0.s)
Params: n= 210
Tactic call setoid_rewrite-regression-cubic ran for 8.446 secs (8.436u,0.008s) (success)
Tactic call abstract+setoid_rewrite-regression-cubic ran for 9.356 secs (9.345u,0.008s) (success)
Tactic call close-abstract+setoid_rewrite-regression-quadratic ran for 0.908 secs (0.908u,0.s)
Params: n= 220
Tactic call setoid_rewrite-regression-cubic ran for 9.714 secs (9.713u,0.s) (success)
Tactic call abstract+setoid_rewrite-regression-cubic ran for 10.71 secs (10.709u,0.s) (success)
Tactic call close-abstract+setoid_rewrite-regression-quadratic ran for 0.995 secs (0.994u,0.s)
Params: n= 230
Tactic call setoid_rewrite-regression-cubic ran for 10.954 secs (10.949u,0.003s) (success)
Tactic call abstract+setoid_rewrite-regression-cubic ran for 12.044 secs (12.039u,0.003s) (success)
Tactic call close-abstract+setoid_rewrite-regression-quadratic ran for 1.089 secs (1.089u,0.s)
Params: n= 240
Tactic call setoid_rewrite-regression-cubic ran for 12.575 secs (12.569u,0.004s) (success)
Tactic call abstract+setoid_rewrite-regression-cubic ran for 13.784 secs (13.777u,0.004s) (success)
Tactic call close-abstract+setoid_rewrite-regression-quadratic ran for 1.207 secs (1.207u,0.s)
Params: n= 250
Tactic call setoid_rewrite-regression-cubic ran for 13.907 secs (13.905u,0.s) (success)
Tactic call abstract+setoid_rewrite-regression-cubic ran for 15.277 secs (15.269u,0.s) (success)
Tactic call close-abstract+setoid_rewrite-regression-quadratic ran for 1.369 secs (1.362u,0.s)
Params: n= 300
Tactic call setoid_rewrite-regression-cubic ran for 24.273 secs (24.251u,0.016s) (success)
Tactic call abstract+setoid_rewrite-regression-cubic ran for 26.221 secs (26.197u,0.016s) (success)
Tactic call close-abstract+setoid_rewrite-regression-quadratic ran for 1.946 secs (1.945u,0.s)
Params: n= 400
Tactic call setoid_rewrite-regression-cubic ran for 57.106 secs (57.05u,0.04s) (success)
Tactic call abstract+setoid_rewrite-regression-cubic ran for 60.552 secs (60.495u,0.04s) (success)
Tactic call close-abstract+setoid_rewrite-regression-quadratic ran for 3.445 secs (3.444u,0.s)
