Params: n= 110
Tactic call reify-regression-cubic ran for 2.134 secs (2.105u,0.029s)
Tactic call abstract-regression-linear ran for 0.009 secs (0.009u,0.s) (success)
Params: n= 120
Tactic call reify-regression-cubic ran for 2.487 secs (2.478u,0.008s)
Tactic call abstract-regression-linear ran for 0.01 secs (0.01u,0.s) (success)
Params: n= 130
Tactic call reify-regression-cubic ran for 2.996 secs (2.968u,0.027s)
Tactic call abstract-regression-linear ran for 0.011 secs (0.011u,0.s) (success)
Params: n= 140
Tactic call reify-regression-cubic ran for 3.63 secs (3.605u,0.024s)
Tactic call abstract-regression-linear ran for 0.012 secs (0.012u,0.s) (success)
Params: n= 150
Tactic call reify-regression-cubic ran for 4.314 secs (4.313u,0.s)
Tactic call abstract-regression-linear ran for 0.013 secs (0.013u,0.s) (success)
Params: n= 160
Tactic call reify-regression-cubic ran for 5.077 secs (5.076u,0.s)
Tactic call abstract-regression-linear ran for 0.013 secs (0.013u,0.s) (success)
Params: n= 170
Tactic call reify-regression-cubic ran for 5.926 secs (5.924u,0.s)
Tactic call abstract-regression-linear ran for 0.014 secs (0.014u,0.s) (success)
Params: n= 180
Tactic call reify-regression-cubic ran for 6.838 secs (6.816u,0.02s)
Tactic call abstract-regression-linear ran for 0.016 secs (0.016u,0.s) (success)
Params: n= 190
Tactic call reify-regression-cubic ran for 7.859 secs (7.857u,0.s)
Tactic call abstract-regression-linear ran for 0.016 secs (0.016u,0.s) (success)
Params: n= 200
Tactic call reify-regression-cubic ran for 9.005 secs (9.004u,0.s)
Tactic call abstract-regression-linear ran for 0.017 secs (0.017u,0.s) (success)
Params: n= 210
Tactic call reify-regression-cubic ran for 10.34 secs (10.321u,0.016s)
Tactic call abstract-regression-linear ran for 0.017 secs (0.017u,0.s) (success)
Params: n= 220
Tactic call reify-regression-cubic ran for 11.46 secs (11.453u,0.003s)
Tactic call abstract-regression-linear ran for 0.019 secs (0.019u,0.s) (success)
Params: n= 230
Tactic call reify-regression-cubic ran for 13.272 secs (13.257u,0.012s)
Tactic call abstract-regression-linear ran for 0.019 secs (0.019u,0.s) (success)
Params: n= 240
Tactic call reify-regression-cubic ran for 14.493 secs (14.491u,0.s)
Tactic call abstract-regression-linear ran for 0.021 secs (0.021u,0.s) (success)
Params: n= 250
Tactic call reify-regression-cubic ran for 16.424 secs (16.411u,0.007s)
Tactic call abstract-regression-linear ran for 0.021 secs (0.021u,0.s) (success)
Params: n= 260
Tactic call reify-regression-cubic ran for 18.118 secs (18.103u,0.007s)
Tactic call abstract-regression-linear ran for 0.022 secs (0.022u,0.s) (success)
Params: n= 270
Tactic call reify-regression-cubic ran for 20.235 secs (20.224u,0.008s)
Tactic call abstract-regression-linear ran for 0.024 secs (0.024u,0.s) (success)
Params: n= 280
Tactic call reify-regression-cubic ran for 22.456 secs (22.425u,0.028s)
Tactic call abstract-regression-linear ran for 0.023 secs (0.023u,0.s) (success)
Params: n= 290
Tactic call reify-regression-cubic ran for 24.912 secs (24.907u,0.s)
Tactic call abstract-regression-linear ran for 0.025 secs (0.025u,0.s) (success)
Params: n= 300
Tactic call reify-regression-cubic ran for 27.496 secs (27.488u,0.003s)
Tactic call abstract-regression-linear ran for 0.026 secs (0.026u,0.s) (success)
Params: n= 350
Tactic call reify-regression-cubic ran for 42.103 secs (42.079u,0.016s)
Tactic call abstract-regression-linear ran for 0.031 secs (0.031u,0.s) (success)
Params: n= 400
Tactic call reify-regression-cubic ran for 61.644 secs (61.567u,0.068s)
Tactic call abstract-regression-linear ran for 0.033 secs (0.033u,0.s) (success)
Params: n= 450
Tactic call reify-regression-cubic ran for 85.925 secs (85.868u,0.044s)
Tactic call abstract-regression-linear ran for 0.05 secs (0.05u,0.s) (success)
Params: n= 500
Tactic call reify-regression-cubic ran for 115. secs (114.918u,0.064s)
Tactic call abstract-regression-linear ran for 0.044 secs (0.044u,0.s) (success)
