Params: n= 4
Tactic call reify-regression-cubic ran for 0.009 secs (0.005u,0.004s)
Tactic call abstract-regression-linear ran for 0.001 secs (0.u,0.s) (success)
Params: n= 5
Tactic call reify-regression-cubic ran for 0.068 secs (0.05u,0.018s)
Tactic call abstract-regression-linear ran for 0.001 secs (0.u,0.s) (success)
Params: n= 6
Tactic call reify-regression-cubic ran for 0.011 secs (0.011u,0.s)
Tactic call abstract-regression-linear ran for 0.001 secs (0.001u,0.s) (success)
Params: n= 7
Tactic call reify-regression-cubic ran for 0.014 secs (0.014u,0.s)
Tactic call abstract-regression-linear ran for 0.001 secs (0.001u,0.s) (success)
Params: n= 8
Tactic call reify-regression-cubic ran for 0.017 secs (0.017u,0.s)
Tactic call abstract-regression-linear ran for 0.001 secs (0.001u,0.s) (success)
Params: n= 9
Tactic call reify-regression-cubic ran for 0.022 secs (0.022u,0.s)
Tactic call abstract-regression-linear ran for 0.001 secs (0.001u,0.s) (success)
Params: n= 10
Tactic call reify-regression-cubic ran for 0.023 secs (0.023u,0.s)
Tactic call abstract-regression-linear ran for 0.001 secs (0.001u,0.s) (success)
Params: n= 11
Tactic call reify-regression-cubic ran for 0.029 secs (0.029u,0.s)
Tactic call abstract-regression-linear ran for 0.002 secs (0.002u,0.s) (success)
Params: n= 12
Tactic call reify-regression-cubic ran for 0.028 secs (0.028u,0.s)
Tactic call abstract-regression-linear ran for 0.001 secs (0.001u,0.s) (success)
Params: n= 13
Tactic call reify-regression-cubic ran for 0.034 secs (0.034u,0.s)
Tactic call abstract-regression-linear ran for 0.001 secs (0.001u,0.s) (success)
Params: n= 14
Tactic call reify-regression-cubic ran for 0.032 secs (0.032u,0.s)
Tactic call abstract-regression-linear ran for 0.001 secs (0.001u,0.s) (success)
Params: n= 15
Tactic call reify-regression-cubic ran for 0.039 secs (0.039u,0.s)
Tactic call abstract-regression-linear ran for 0.001 secs (0.001u,0.s) (success)
Params: n= 16
Tactic call reify-regression-cubic ran for 0.04 secs (0.04u,0.s)
Tactic call abstract-regression-linear ran for 0.001 secs (0.001u,0.s) (success)
Params: n= 17
Tactic call reify-regression-cubic ran for 0.047 secs (0.047u,0.s)
Tactic call abstract-regression-linear ran for 0.002 secs (0.002u,0.s) (success)
Params: n= 18
Tactic call reify-regression-cubic ran for 0.048 secs (0.048u,0.s)
Tactic call abstract-regression-linear ran for 0.008 secs (0.008u,0.s) (success)
Params: n= 19
Tactic call reify-regression-cubic ran for 0.054 secs (0.053u,0.s)
Tactic call abstract-regression-linear ran for 0.002 secs (0.002u,0.s) (success)
Params: n= 20
Tactic call reify-regression-cubic ran for 0.063 secs (0.063u,0.s)
Tactic call abstract-regression-linear ran for 0.002 secs (0.002u,0.s) (success)
Params: n= 21
Tactic call reify-regression-cubic ran for 0.08 secs (0.079u,0.001s)
Tactic call abstract-regression-linear ran for 0.002 secs (0.002u,0.s) (success)
Params: n= 22
Tactic call reify-regression-cubic ran for 0.07 secs (0.07u,0.s)
Tactic call abstract-regression-linear ran for 0.007 secs (0.003u,0.003s) (success)
Params: n= 23
Tactic call reify-regression-cubic ran for 0.076 secs (0.076u,0.s)
Tactic call abstract-regression-linear ran for 0.002 secs (0.002u,0.s) (success)
Params: n= 24
Tactic call reify-regression-cubic ran for 0.078 secs (0.078u,0.s)
Tactic call abstract-regression-linear ran for 0.003 secs (0.003u,0.s) (success)
Params: n= 25
Tactic call reify-regression-cubic ran for 0.086 secs (0.082u,0.003s)
Tactic call abstract-regression-linear ran for 0.002 secs (0.002u,0.s) (success)
Params: n= 26
Tactic call reify-regression-cubic ran for 0.095 secs (0.095u,0.s)
Tactic call abstract-regression-linear ran for 0.002 secs (0.002u,0.s) (success)
Params: n= 27
Tactic call reify-regression-cubic ran for 0.099 secs (0.099u,0.s)
Tactic call abstract-regression-linear ran for 0.002 secs (0.002u,0.s) (success)
Params: n= 28
Tactic call reify-regression-cubic ran for 0.107 secs (0.107u,0.s)
Tactic call abstract-regression-linear ran for 0.003 secs (0.003u,0.s) (success)
Params: n= 29
Tactic call reify-regression-cubic ran for 0.105 secs (0.105u,0.s)
Tactic call abstract-regression-linear ran for 0.003 secs (0.003u,0.s) (success)
Params: n= 30
Tactic call reify-regression-cubic ran for 0.119 secs (0.119u,0.s)
Tactic call abstract-regression-linear ran for 0.003 secs (0.003u,0.s) (success)
Params: n= 31
Tactic call reify-regression-cubic ran for 0.13 secs (0.127u,0.003s)
Tactic call abstract-regression-linear ran for 0.002 secs (0.002u,0.s) (success)
Params: n= 32
Tactic call reify-regression-cubic ran for 0.135 secs (0.135u,0.s)
Tactic call abstract-regression-linear ran for 0.002 secs (0.002u,0.s) (success)
Params: n= 33
Tactic call reify-regression-cubic ran for 0.147 secs (0.147u,0.s)
Tactic call abstract-regression-linear ran for 0.003 secs (0.003u,0.s) (success)
Params: n= 34
Tactic call reify-regression-cubic ran for 0.148 secs (0.148u,0.s)
Tactic call abstract-regression-linear ran for 0.003 secs (0.003u,0.s) (success)
Params: n= 35
Tactic call reify-regression-cubic ran for 0.162 secs (0.162u,0.s)
Tactic call abstract-regression-linear ran for 0.003 secs (0.003u,0.s) (success)
Params: n= 36
Tactic call reify-regression-cubic ran for 0.177 secs (0.177u,0.s)
Tactic call abstract-regression-linear ran for 0.003 secs (0.003u,0.s) (success)
Params: n= 37
Tactic call reify-regression-cubic ran for 0.18 secs (0.176u,0.003s)
Tactic call abstract-regression-linear ran for 0.004 secs (0.004u,0.s) (success)
Params: n= 38
Tactic call reify-regression-cubic ran for 0.213 secs (0.205u,0.008s)
Tactic call abstract-regression-linear ran for 0.003 secs (0.003u,0.s) (success)
Params: n= 39
Tactic call reify-regression-cubic ran for 0.193 secs (0.189u,0.004s)
Tactic call abstract-regression-linear ran for 0.003 secs (0.003u,0.s) (success)
Params: n= 40
Tactic call reify-regression-cubic ran for 0.214 secs (0.213u,0.s)
Tactic call abstract-regression-linear ran for 0.003 secs (0.003u,0.s) (success)
Params: n= 41
Tactic call reify-regression-cubic ran for 0.231 secs (0.227u,0.003s)
Tactic call abstract-regression-linear ran for 0.003 secs (0.003u,0.s) (success)
Params: n= 42
Tactic call reify-regression-cubic ran for 0.227 secs (0.227u,0.s)
Tactic call abstract-regression-linear ran for 0.003 secs (0.003u,0.s) (success)
Params: n= 43
Tactic call reify-regression-cubic ran for 0.244 secs (0.244u,0.s)
Tactic call abstract-regression-linear ran for 0.004 secs (0.004u,0.s) (success)
Params: n= 44
Tactic call reify-regression-cubic ran for 0.242 secs (0.234u,0.008s)
Tactic call abstract-regression-linear ran for 0.007 secs (0.007u,0.s) (success)
Params: n= 45
Tactic call reify-regression-cubic ran for 0.25 secs (0.25u,0.s)
Tactic call abstract-regression-linear ran for 0.003 secs (0.003u,0.s) (success)
Params: n= 46
Tactic call reify-regression-cubic ran for 0.272 secs (0.272u,0.s)
Tactic call abstract-regression-linear ran for 0.003 secs (0.003u,0.s) (success)
Params: n= 47
Tactic call reify-regression-cubic ran for 0.28 secs (0.28u,0.s)
Tactic call abstract-regression-linear ran for 0.004 secs (0.004u,0.s) (success)
Params: n= 48
Tactic call reify-regression-cubic ran for 0.291 secs (0.291u,0.s)
Tactic call abstract-regression-linear ran for 0.004 secs (0.004u,0.s) (success)
Params: n= 49
Tactic call reify-regression-cubic ran for 0.332 secs (0.323u,0.008s)
Tactic call abstract-regression-linear ran for 0.005 secs (0.005u,0.s) (success)
Params: n= 50
Tactic call reify-regression-cubic ran for 0.341 secs (0.34u,0.s)
Tactic call abstract-regression-linear ran for 0.004 secs (0.004u,0.s) (success)
Params: n= 51
Tactic call reify-regression-cubic ran for 0.352 secs (0.352u,0.s)
Tactic call abstract-regression-linear ran for 0.005 secs (0.005u,0.s) (success)
Params: n= 52
Tactic call reify-regression-cubic ran for 0.364 secs (0.364u,0.s)
Tactic call abstract-regression-linear ran for 0.004 secs (0.004u,0.s) (success)
Params: n= 53
Tactic call reify-regression-cubic ran for 0.366 secs (0.358u,0.007s)
Tactic call abstract-regression-linear ran for 0.005 secs (0.005u,0.s) (success)
Params: n= 54
Tactic call reify-regression-cubic ran for 0.391 secs (0.391u,0.s)
Tactic call abstract-regression-linear ran for 0.005 secs (0.005u,0.s) (success)
Params: n= 55
Tactic call reify-regression-cubic ran for 0.443 secs (0.443u,0.s)
Tactic call abstract-regression-linear ran for 0.005 secs (0.005u,0.s) (success)
Params: n= 56
Tactic call reify-regression-cubic ran for 0.41 secs (0.406u,0.003s)
Tactic call abstract-regression-linear ran for 0.006 secs (0.006u,0.s) (success)
Params: n= 57
Tactic call reify-regression-cubic ran for 0.411 secs (0.411u,0.s)
Tactic call abstract-regression-linear ran for 0.004 secs (0.004u,0.s) (success)
Params: n= 58
Tactic call reify-regression-cubic ran for 0.428 secs (0.428u,0.s)
Tactic call abstract-regression-linear ran for 0.009 secs (0.005u,0.s) (success)
Params: n= 59
Tactic call reify-regression-cubic ran for 0.453 secs (0.457u,0.s)
Tactic call abstract-regression-linear ran for 0.004 secs (0.004u,0.s) (success)
Params: n= 60
Tactic call reify-regression-cubic ran for 0.462 secs (0.458u,0.003s)
Tactic call abstract-regression-linear ran for 0.005 secs (0.005u,0.s) (success)
Params: n= 61
Tactic call reify-regression-cubic ran for 0.532 secs (0.532u,0.s)
Tactic call abstract-regression-linear ran for 0.005 secs (0.005u,0.s) (success)
Params: n= 62
Tactic call reify-regression-cubic ran for 0.5 secs (0.5u,0.s)
Tactic call abstract-regression-linear ran for 0.006 secs (0.006u,0.s) (success)
Params: n= 63
Tactic call reify-regression-cubic ran for 0.518 secs (0.518u,0.s)
Tactic call abstract-regression-linear ran for 0.008 secs (0.007u,0.s) (success)
Params: n= 64
Tactic call reify-regression-cubic ran for 0.587 secs (0.588u,0.s)
Tactic call abstract-regression-linear ran for 0.008 secs (0.008u,0.s) (success)
Params: n= 65
Tactic call reify-regression-cubic ran for 0.606 secs (0.606u,0.s)
Tactic call abstract-regression-linear ran for 0.005 secs (0.005u,0.s) (success)
Params: n= 66
Tactic call reify-regression-cubic ran for 0.626 secs (0.625u,0.s)
Tactic call abstract-regression-linear ran for 0.005 secs (0.005u,0.s) (success)
Params: n= 67
Tactic call reify-regression-cubic ran for 0.587 secs (0.587u,0.s)
Tactic call abstract-regression-linear ran for 0.006 secs (0.006u,0.s) (success)
Params: n= 68
Tactic call reify-regression-cubic ran for 0.611 secs (0.611u,0.s)
Tactic call abstract-regression-linear ran for 0.005 secs (0.005u,0.s) (success)
Params: n= 69
Tactic call reify-regression-cubic ran for 0.614 secs (0.613u,0.s)
Tactic call abstract-regression-linear ran for 0.005 secs (0.005u,0.s) (success)
Params: n= 70
Tactic call reify-regression-cubic ran for 0.672 secs (0.672u,0.s)
Tactic call abstract-regression-linear ran for 0.005 secs (0.005u,0.s) (success)
Params: n= 71
Tactic call reify-regression-cubic ran for 0.677 secs (0.676u,0.s)
Tactic call abstract-regression-linear ran for 0.007 secs (0.007u,0.s) (success)
Params: n= 72
Tactic call reify-regression-cubic ran for 0.723 secs (0.723u,0.s)
Tactic call abstract-regression-linear ran for 0.014 secs (0.014u,0.s) (success)
Params: n= 73
Tactic call reify-regression-cubic ran for 0.755 secs (0.755u,0.s)
Tactic call abstract-regression-linear ran for 0.007 secs (0.007u,0.s) (success)
Params: n= 74
Tactic call reify-regression-cubic ran for 0.753 secs (0.75u,0.003s)
Tactic call abstract-regression-linear ran for 0.006 secs (0.006u,0.s) (success)
Params: n= 75
Tactic call reify-regression-cubic ran for 0.754 secs (0.754u,0.s)
Tactic call abstract-regression-linear ran for 0.006 secs (0.006u,0.s) (success)
Params: n= 76
Tactic call reify-regression-cubic ran for 0.794 secs (0.793u,0.s)
Tactic call abstract-regression-linear ran for 0.007 secs (0.007u,0.s) (success)
Params: n= 77
Tactic call reify-regression-cubic ran for 0.795 secs (0.795u,0.s)
Tactic call abstract-regression-linear ran for 0.007 secs (0.007u,0.s) (success)
Params: n= 78
Tactic call reify-regression-cubic ran for 0.799 secs (0.799u,0.s)
Tactic call abstract-regression-linear ran for 0.005 secs (0.005u,0.s) (success)
Params: n= 79
Tactic call reify-regression-cubic ran for 0.906 secs (0.906u,0.s)
Tactic call abstract-regression-linear ran for 0.007 secs (0.007u,0.s) (success)
Params: n= 80
Tactic call reify-regression-cubic ran for 0.882 secs (0.882u,0.s)
Tactic call abstract-regression-linear ran for 0.007 secs (0.007u,0.s) (success)
Params: n= 81
Tactic call reify-regression-cubic ran for 0.948 secs (0.947u,0.s)
Tactic call abstract-regression-linear ran for 0.006 secs (0.006u,0.s) (success)
Params: n= 82
Tactic call reify-regression-cubic ran for 0.941 secs (0.936u,0.004s)
Tactic call abstract-regression-linear ran for 0.007 secs (0.007u,0.s) (success)
Params: n= 83
Tactic call reify-regression-cubic ran for 0.942 secs (0.934u,0.008s)
Tactic call abstract-regression-linear ran for 0.006 secs (0.006u,0.s) (success)
Params: n= 84
Tactic call reify-regression-cubic ran for 0.959 secs (0.955u,0.003s)
Tactic call abstract-regression-linear ran for 0.006 secs (0.006u,0.s) (success)
Params: n= 85
Tactic call reify-regression-cubic ran for 1.034 secs (1.032u,0.s)
Tactic call abstract-regression-linear ran for 0.007 secs (0.009u,0.s) (success)
Params: n= 86
Tactic call reify-regression-cubic ran for 1.073 secs (1.073u,0.s)
Tactic call abstract-regression-linear ran for 0.009 secs (0.009u,0.s) (success)
Params: n= 87
Tactic call reify-regression-cubic ran for 1.094 secs (1.094u,0.s)
Tactic call abstract-regression-linear ran for 0.007 secs (0.007u,0.s) (success)
Params: n= 88
Tactic call reify-regression-cubic ran for 1.082 secs (1.082u,0.s)
Tactic call abstract-regression-linear ran for 0.006 secs (0.006u,0.s) (success)
Params: n= 89
Tactic call reify-regression-cubic ran for 1.103 secs (1.103u,0.s)
Tactic call abstract-regression-linear ran for 0.007 secs (0.007u,0.s) (success)
Params: n= 90
Tactic call reify-regression-cubic ran for 1.143 secs (1.143u,0.s)
Tactic call abstract-regression-linear ran for 0.007 secs (0.007u,0.s) (success)
Params: n= 91
Tactic call reify-regression-cubic ran for 1.259 secs (1.259u,0.s)
Tactic call abstract-regression-linear ran for 0.008 secs (0.008u,0.s) (success)
Params: n= 92
Tactic call reify-regression-cubic ran for 1.223 secs (1.223u,0.s)
Tactic call abstract-regression-linear ran for 0.007 secs (0.007u,0.s) (success)
Params: n= 93
Tactic call reify-regression-cubic ran for 1.223 secs (1.223u,0.s)
Tactic call abstract-regression-linear ran for 0.008 secs (0.008u,0.s) (success)
Params: n= 94
Tactic call reify-regression-cubic ran for 1.272 secs (1.272u,0.s)
Tactic call abstract-regression-linear ran for 0.006 secs (0.006u,0.s) (success)
Params: n= 95
Tactic call reify-regression-cubic ran for 1.404 secs (1.404u,0.s)
Tactic call abstract-regression-linear ran for 0.007 secs (0.007u,0.s) (success)
Params: n= 96
Tactic call reify-regression-cubic ran for 1.42 secs (1.42u,0.s)
Tactic call abstract-regression-linear ran for 0.007 secs (0.007u,0.s) (success)
Params: n= 97
Tactic call reify-regression-cubic ran for 1.332 secs (1.332u,0.s)
Tactic call abstract-regression-linear ran for 0.007 secs (0.007u,0.s) (success)
Params: n= 98
Tactic call reify-regression-cubic ran for 1.449 secs (1.449u,0.s)
Tactic call abstract-regression-linear ran for 0.009 secs (0.009u,0.s) (success)
Params: n= 99
Tactic call reify-regression-cubic ran for 1.583 secs (1.583u,0.s)
Tactic call abstract-regression-linear ran for 0.007 secs (0.007u,0.s) (success)
Params: n= 100
Tactic call reify-regression-cubic ran for 1.435 secs (1.435u,0.s)
Tactic call abstract-regression-linear ran for 0.007 secs (0.007u,0.s) (success)
