Params: n= 4
Tactic call rewrite_strat-topdown ran for 0.001 secs (0.u,0.001s) (success)
Tactic call rewrite_strat-topdown-noop ran for 0. secs (0.u,0.s) (success)
Tactic call abstract+rewrite_strat-topdown ran for 0.002 secs (0.u,0.002s) (success)
Tactic call close-abstract+rewrite_strat-topdown ran for 0. secs (0.u,0.s)
Params: n= 5
Tactic call rewrite_strat-topdown ran for 0.001 secs (0.u,0.001s) (success)
Tactic call rewrite_strat-topdown-noop ran for 0. secs (0.u,0.s) (success)
Tactic call abstract+rewrite_strat-topdown ran for 0.003 secs (0.u,0.003s) (success)
Tactic call close-abstract+rewrite_strat-topdown ran for 0.001 secs (0.u,0.001s)
Params: n= 6
Tactic call rewrite_strat-topdown ran for 0.002 secs (0.002u,0.s) (success)
Tactic call rewrite_strat-topdown-noop ran for 0. secs (0.u,0.s) (success)
Tactic call abstract+rewrite_strat-topdown ran for 0.003 secs (0.003u,0.s) (success)
Tactic call close-abstract+rewrite_strat-topdown ran for 0. secs (0.u,0.s)
Params: n= 7
Tactic call rewrite_strat-topdown ran for 0.002 secs (0.u,0.002s) (success)
Tactic call rewrite_strat-topdown-noop ran for 0. secs (0.u,0.s) (success)
Tactic call abstract+rewrite_strat-topdown ran for 0.003 secs (0.u,0.003s) (success)
Tactic call close-abstract+rewrite_strat-topdown ran for 0. secs (0.u,0.s)
Params: n= 8
Tactic call rewrite_strat-topdown ran for 0.003 secs (0.003u,0.s) (success)
Tactic call rewrite_strat-topdown-noop ran for 0. secs (0.u,0.s) (success)
Tactic call abstract+rewrite_strat-topdown ran for 0.005 secs (0.003u,0.001s) (success)
Tactic call close-abstract+rewrite_strat-topdown ran for 0.001 secs (0.u,0.001s)
Params: n= 9
Tactic call rewrite_strat-topdown ran for 0.004 secs (0.002u,0.001s) (success)
Tactic call rewrite_strat-topdown-noop ran for 0. secs (0.u,0.s) (success)
Tactic call abstract+rewrite_strat-topdown ran for 0.006 secs (0.004u,0.001s) (success)
Tactic call close-abstract+rewrite_strat-topdown ran for 0.001 secs (0.001u,0.s)
Params: n= 10
Tactic call rewrite_strat-topdown ran for 0.004 secs (0.004u,0.s) (success)
Tactic call rewrite_strat-topdown-noop ran for 0. secs (0.u,0.s) (success)
Tactic call abstract+rewrite_strat-topdown ran for 0.006 secs (0.006u,0.s) (success)
Tactic call close-abstract+rewrite_strat-topdown ran for 0.002 secs (0.002u,0.s)
Params: n= 11
Tactic call rewrite_strat-topdown ran for 0.003 secs (0.003u,0.s) (success)
Tactic call rewrite_strat-topdown-noop ran for 0. secs (0.u,0.s) (success)
Tactic call abstract+rewrite_strat-topdown ran for 0.006 secs (0.006u,0.s) (success)
Tactic call close-abstract+rewrite_strat-topdown ran for 0.001 secs (0.001u,0.s)
Params: n= 12
Tactic call rewrite_strat-topdown ran for 0.003 secs (0.003u,0.s) (success)
Tactic call rewrite_strat-topdown-noop ran for 0. secs (0.u,0.s) (success)
Tactic call abstract+rewrite_strat-topdown ran for 0.006 secs (0.006u,0.s) (success)
Tactic call close-abstract+rewrite_strat-topdown ran for 0.002 secs (0.002u,0.s)
Params: n= 13
Tactic call rewrite_strat-topdown ran for 0.004 secs (0.004u,0.s) (success)
Tactic call rewrite_strat-topdown-noop ran for 0. secs (0.u,0.s) (success)
Tactic call abstract+rewrite_strat-topdown ran for 0.007 secs (0.007u,0.s) (success)
Tactic call close-abstract+rewrite_strat-topdown ran for 0.002 secs (0.002u,0.s)
Params: n= 14
Tactic call rewrite_strat-topdown ran for 0.004 secs (0.004u,0.s) (success)
Tactic call rewrite_strat-topdown-noop ran for 0. secs (0.u,0.s) (success)
Tactic call abstract+rewrite_strat-topdown ran for 0.008 secs (0.008u,0.s) (success)
Tactic call close-abstract+rewrite_strat-topdown ran for 0.002 secs (0.002u,0.s)
Params: n= 15
Tactic call rewrite_strat-topdown ran for 0.006 secs (0.006u,0.s) (success)
Tactic call rewrite_strat-topdown-noop ran for 0. secs (0.u,0.s) (success)
Tactic call abstract+rewrite_strat-topdown ran for 0.01 secs (0.01u,0.s) (success)
Tactic call close-abstract+rewrite_strat-topdown ran for 0.002 secs (0.002u,0.s)
Params: n= 16
Tactic call rewrite_strat-topdown ran for 0.005 secs (0.005u,0.s) (success)
Tactic call rewrite_strat-topdown-noop ran for 0. secs (0.u,0.s) (success)
Tactic call abstract+rewrite_strat-topdown ran for 0.009 secs (0.009u,0.s) (success)
Tactic call close-abstract+rewrite_strat-topdown ran for 0.003 secs (0.003u,0.s)
Params: n= 17
Tactic call rewrite_strat-topdown ran for 0.006 secs (0.006u,0.s) (success)
Tactic call rewrite_strat-topdown-noop ran for 0. secs (0.u,0.s) (success)
Tactic call abstract+rewrite_strat-topdown ran for 0.01 secs (0.01u,0.s) (success)
Tactic call close-abstract+rewrite_strat-topdown ran for 0.003 secs (0.003u,0.s)
Params: n= 18
Tactic call rewrite_strat-topdown ran for 0.006 secs (0.006u,0.s) (success)
Tactic call rewrite_strat-topdown-noop ran for 0. secs (0.u,0.s) (success)
Tactic call abstract+rewrite_strat-topdown ran for 0.01 secs (0.01u,0.s) (success)
Tactic call close-abstract+rewrite_strat-topdown ran for 0.003 secs (0.003u,0.s)
Params: n= 19
Tactic call rewrite_strat-topdown ran for 0.008 secs (0.008u,0.s) (success)
Tactic call rewrite_strat-topdown-noop ran for 0. secs (0.u,0.s) (success)
Tactic call abstract+rewrite_strat-topdown ran for 0.013 secs (0.013u,0.s) (success)
Tactic call close-abstract+rewrite_strat-topdown ran for 0.004 secs (0.004u,0.s)
Params: n= 20
Tactic call rewrite_strat-topdown ran for 0.008 secs (0.008u,0.s) (success)
Tactic call rewrite_strat-topdown-noop ran for 0. secs (0.u,0.s) (success)
Tactic call abstract+rewrite_strat-topdown ran for 0.013 secs (0.013u,0.s) (success)
Tactic call close-abstract+rewrite_strat-topdown ran for 0.004 secs (0.004u,0.s)
Params: n= 21
Tactic call rewrite_strat-topdown ran for 0.007 secs (0.007u,0.s) (success)
Tactic call rewrite_strat-topdown-noop ran for 0. secs (0.u,0.s) (success)
Tactic call abstract+rewrite_strat-topdown ran for 0.013 secs (0.013u,0.s) (success)
Tactic call close-abstract+rewrite_strat-topdown ran for 0.005 secs (0.005u,0.s)
Params: n= 22
Tactic call rewrite_strat-topdown ran for 0.008 secs (0.008u,0.s) (success)
Tactic call rewrite_strat-topdown-noop ran for 0. secs (0.u,0.s) (success)
Tactic call abstract+rewrite_strat-topdown ran for 0.016 secs (0.016u,0.s) (success)
Tactic call close-abstract+rewrite_strat-topdown ran for 0.007 secs (0.007u,0.s)
Params: n= 23
Tactic call rewrite_strat-topdown ran for 0.011 secs (0.011u,0.s) (success)
Tactic call rewrite_strat-topdown-noop ran for 0. secs (0.u,0.s) (success)
Tactic call abstract+rewrite_strat-topdown ran for 0.018 secs (0.018u,0.s) (success)
Tactic call close-abstract+rewrite_strat-topdown ran for 0.006 secs (0.006u,0.s)
Params: n= 24
Tactic call rewrite_strat-topdown ran for 0.013 secs (0.013u,0.s) (success)
Tactic call rewrite_strat-topdown-noop ran for 0. secs (0.u,0.s) (success)
Tactic call abstract+rewrite_strat-topdown ran for 0.02 secs (0.02u,0.s) (success)
Tactic call close-abstract+rewrite_strat-topdown ran for 0.006 secs (0.006u,0.s)
Params: n= 25
Tactic call rewrite_strat-topdown ran for 0.011 secs (0.011u,0.s) (success)
Tactic call rewrite_strat-topdown-noop ran for 0. secs (0.u,0.s) (success)
Tactic call abstract+rewrite_strat-topdown ran for 0.019 secs (0.019u,0.s) (success)
Tactic call close-abstract+rewrite_strat-topdown ran for 0.007 secs (0.007u,0.s)
Params: n= 26
Tactic call rewrite_strat-topdown ran for 0.011 secs (0.011u,0.s) (success)
Tactic call rewrite_strat-topdown-noop ran for 0. secs (0.u,0.s) (success)
Tactic call abstract+rewrite_strat-topdown ran for 0.019 secs (0.019u,0.s) (success)
Tactic call close-abstract+rewrite_strat-topdown ran for 0.007 secs (0.007u,0.s)
Params: n= 27
Tactic call rewrite_strat-topdown ran for 0.01 secs (0.01u,0.s) (success)
Tactic call rewrite_strat-topdown-noop ran for 0. secs (0.u,0.s) (success)
Tactic call abstract+rewrite_strat-topdown ran for 0.02 secs (0.02u,0.s) (success)
Tactic call close-abstract+rewrite_strat-topdown ran for 0.008 secs (0.008u,0.s)
Params: n= 28
Tactic call rewrite_strat-topdown ran for 0.014 secs (0.012u,0.002s) (success)
Tactic call rewrite_strat-topdown-noop ran for 0. secs (0.u,0.s) (success)
Tactic call abstract+rewrite_strat-topdown ran for 0.024 secs (0.021u,0.003s) (success)
Tactic call close-abstract+rewrite_strat-topdown ran for 0.008 secs (0.008u,0.s)
Params: n= 29
Tactic call rewrite_strat-topdown ran for 0.013 secs (0.013u,0.s) (success)
Tactic call rewrite_strat-topdown-noop ran for 0. secs (0.u,0.s) (success)
Tactic call abstract+rewrite_strat-topdown ran for 0.025 secs (0.025u,0.s) (success)
Tactic call close-abstract+rewrite_strat-topdown ran for 0.01 secs (0.01u,0.s)
Params: n= 30
Tactic call rewrite_strat-topdown ran for 0.015 secs (0.015u,0.s) (success)
Tactic call rewrite_strat-topdown-noop ran for 0. secs (0.u,0.s) (success)
Tactic call abstract+rewrite_strat-topdown ran for 0.037 secs (0.037u,0.s) (success)
Tactic call close-abstract+rewrite_strat-topdown ran for 0.02 secs (0.02u,0.s)
Params: n= 31
Tactic call rewrite_strat-topdown ran for 0.019 secs (0.019u,0.s) (success)
Tactic call rewrite_strat-topdown-noop ran for 0. secs (0.u,0.s) (success)
Tactic call abstract+rewrite_strat-topdown ran for 0.031 secs (0.024u,0.s) (success)
Tactic call close-abstract+rewrite_strat-topdown ran for 0.01 secs (0.003u,0.s)
Params: n= 32
Tactic call rewrite_strat-topdown ran for 0.016 secs (0.016u,0.s) (success)
Tactic call rewrite_strat-topdown-noop ran for 0. secs (0.u,0.s) (success)
Tactic call abstract+rewrite_strat-topdown ran for 0.03 secs (0.03u,0.s) (success)
Tactic call close-abstract+rewrite_strat-topdown ran for 0.013 secs (0.013u,0.s)
Params: n= 33
Tactic call rewrite_strat-topdown ran for 0.018 secs (0.018u,0.s) (success)
Tactic call rewrite_strat-topdown-noop ran for 0. secs (0.u,0.s) (success)
Tactic call abstract+rewrite_strat-topdown ran for 0.03 secs (0.03u,0.s) (success)
Tactic call close-abstract+rewrite_strat-topdown ran for 0.011 secs (0.011u,0.s)
Params: n= 34
Tactic call rewrite_strat-topdown ran for 0.019 secs (0.019u,0.s) (success)
Tactic call rewrite_strat-topdown-noop ran for 0. secs (0.u,0.s) (success)
Tactic call abstract+rewrite_strat-topdown ran for 0.034 secs (0.034u,0.s) (success)
Tactic call close-abstract+rewrite_strat-topdown ran for 0.013 secs (0.013u,0.s)
Params: n= 35
Tactic call rewrite_strat-topdown ran for 0.022 secs (0.022u,0.s) (success)
Tactic call rewrite_strat-topdown-noop ran for 0. secs (0.u,0.s) (success)
Tactic call abstract+rewrite_strat-topdown ran for 0.038 secs (0.038u,0.s) (success)
Tactic call close-abstract+rewrite_strat-topdown ran for 0.014 secs (0.014u,0.s)
Params: n= 36
Tactic call rewrite_strat-topdown ran for 0.019 secs (0.019u,0.s) (success)
Tactic call rewrite_strat-topdown-noop ran for 0. secs (0.u,0.s) (success)
Tactic call abstract+rewrite_strat-topdown ran for 0.034 secs (0.034u,0.s) (success)
Tactic call close-abstract+rewrite_strat-topdown ran for 0.014 secs (0.014u,0.s)
Params: n= 37
Tactic call rewrite_strat-topdown ran for 0.022 secs (0.022u,0.s) (success)
Tactic call rewrite_strat-topdown-noop ran for 0. secs (0.u,0.s) (success)
Tactic call abstract+rewrite_strat-topdown ran for 0.04 secs (0.04u,0.s) (success)
Tactic call close-abstract+rewrite_strat-topdown ran for 0.016 secs (0.016u,0.s)
Params: n= 38
Tactic call rewrite_strat-topdown ran for 0.023 secs (0.023u,0.s) (success)
Tactic call rewrite_strat-topdown-noop ran for 0. secs (0.u,0.s) (success)
Tactic call abstract+rewrite_strat-topdown ran for 0.04 secs (0.04u,0.s) (success)
Tactic call close-abstract+rewrite_strat-topdown ran for 0.016 secs (0.016u,0.s)
Params: n= 39
Tactic call rewrite_strat-topdown ran for 0.026 secs (0.026u,0.s) (success)
Tactic call rewrite_strat-topdown-noop ran for 0. secs (0.u,0.s) (success)
Tactic call abstract+rewrite_strat-topdown ran for 0.045 secs (0.045u,0.s) (success)
Tactic call close-abstract+rewrite_strat-topdown ran for 0.017 secs (0.017u,0.s)
Params: n= 40
Tactic call rewrite_strat-topdown ran for 0.025 secs (0.025u,0.s) (success)
Tactic call rewrite_strat-topdown-noop ran for 0. secs (0.u,0.s) (success)
Tactic call abstract+rewrite_strat-topdown ran for 0.046 secs (0.046u,0.s) (success)
Tactic call close-abstract+rewrite_strat-topdown ran for 0.019 secs (0.019u,0.s)
Params: n= 41
Tactic call rewrite_strat-topdown ran for 0.025 secs (0.025u,0.s) (success)
Tactic call rewrite_strat-topdown-noop ran for 0. secs (0.u,0.s) (success)
Tactic call abstract+rewrite_strat-topdown ran for 0.046 secs (0.046u,0.s) (success)
Tactic call close-abstract+rewrite_strat-topdown ran for 0.02 secs (0.02u,0.s)
Params: n= 42
Tactic call rewrite_strat-topdown ran for 0.025 secs (0.025u,0.s) (success)
Tactic call rewrite_strat-topdown-noop ran for 0. secs (0.u,0.s) (success)
Tactic call abstract+rewrite_strat-topdown ran for 0.05 secs (0.05u,0.s) (success)
Tactic call close-abstract+rewrite_strat-topdown ran for 0.022 secs (0.022u,0.s)
Params: n= 43
Tactic call rewrite_strat-topdown ran for 0.027 secs (0.027u,0.s) (success)
Tactic call rewrite_strat-topdown-noop ran for 0. secs (0.u,0.s) (success)
Tactic call abstract+rewrite_strat-topdown ran for 0.05 secs (0.05u,0.s) (success)
Tactic call close-abstract+rewrite_strat-topdown ran for 0.021 secs (0.021u,0.s)
Params: n= 44
Tactic call rewrite_strat-topdown ran for 0.031 secs (0.031u,0.s) (success)
Tactic call rewrite_strat-topdown-noop ran for 0. secs (0.u,0.s) (success)
Tactic call abstract+rewrite_strat-topdown ran for 0.054 secs (0.054u,0.s) (success)
Tactic call close-abstract+rewrite_strat-topdown ran for 0.022 secs (0.022u,0.s)
Params: n= 45
Tactic call rewrite_strat-topdown ran for 0.028 secs (0.028u,0.s) (success)
Tactic call rewrite_strat-topdown-noop ran for 0. secs (0.u,0.s) (success)
Tactic call abstract+rewrite_strat-topdown ran for 0.056 secs (0.056u,0.s) (success)
Tactic call close-abstract+rewrite_strat-topdown ran for 0.026 secs (0.026u,0.s)
Params: n= 46
Tactic call rewrite_strat-topdown ran for 0.03 secs (0.03u,0.s) (success)
Tactic call rewrite_strat-topdown-noop ran for 0. secs (0.u,0.s) (success)
Tactic call abstract+rewrite_strat-topdown ran for 0.053 secs (0.053u,0.s) (success)
Tactic call close-abstract+rewrite_strat-topdown ran for 0.022 secs (0.022u,0.s)
Params: n= 47
Tactic call rewrite_strat-topdown ran for 0.031 secs (0.031u,0.s) (success)
Tactic call rewrite_strat-topdown-noop ran for 0. secs (0.u,0.s) (success)
Tactic call abstract+rewrite_strat-topdown ran for 0.056 secs (0.056u,0.s) (success)
Tactic call close-abstract+rewrite_strat-topdown ran for 0.024 secs (0.024u,0.s)
Params: n= 48
Tactic call rewrite_strat-topdown ran for 0.031 secs (0.031u,0.s) (success)
Tactic call rewrite_strat-topdown-noop ran for 0. secs (0.u,0.s) (success)
Tactic call abstract+rewrite_strat-topdown ran for 0.059 secs (0.059u,0.s) (success)
Tactic call close-abstract+rewrite_strat-topdown ran for 0.026 secs (0.026u,0.s)
Params: n= 49
Tactic call rewrite_strat-topdown ran for 0.038 secs (0.038u,0.s) (success)
Tactic call rewrite_strat-topdown-noop ran for 0. secs (0.u,0.s) (success)
Tactic call abstract+rewrite_strat-topdown ran for 0.066 secs (0.066u,0.s) (success)
Tactic call close-abstract+rewrite_strat-topdown ran for 0.026 secs (0.026u,0.s)
Params: n= 51
Tactic call rewrite_strat-topdown ran for 0.035 secs (0.035u,0.s) (success)
Tactic call rewrite_strat-topdown-noop ran for 0. secs (0.u,0.s) (success)
Tactic call abstract+rewrite_strat-topdown ran for 0.068 secs (0.068u,0.s) (success)
Tactic call close-abstract+rewrite_strat-topdown ran for 0.032 secs (0.032u,0.s)
Params: n= 52
Tactic call rewrite_strat-topdown ran for 0.043 secs (0.042u,0.s) (success)
Tactic call rewrite_strat-topdown-noop ran for 0. secs (0.u,0.s) (success)
Tactic call abstract+rewrite_strat-topdown ran for 0.079 secs (0.079u,0.s) (success)
Tactic call close-abstract+rewrite_strat-topdown ran for 0.035 secs (0.035u,0.s)
Params: n= 53
Tactic call rewrite_strat-topdown ran for 0.04 secs (0.04u,0.s) (success)
Tactic call rewrite_strat-topdown-noop ran for 0. secs (0.u,0.s) (success)
Tactic call abstract+rewrite_strat-topdown ran for 0.075 secs (0.075u,0.s) (success)
Tactic call close-abstract+rewrite_strat-topdown ran for 0.033 secs (0.033u,0.s)
Params: n= 54
Tactic call rewrite_strat-topdown ran for 0.038 secs (0.038u,0.s) (success)
Tactic call rewrite_strat-topdown-noop ran for 0. secs (0.u,0.s) (success)
Tactic call abstract+rewrite_strat-topdown ran for 0.075 secs (0.075u,0.s) (success)
Tactic call close-abstract+rewrite_strat-topdown ran for 0.035 secs (0.035u,0.s)
Params: n= 55
Tactic call rewrite_strat-topdown ran for 0.042 secs (0.042u,0.s) (success)
Tactic call rewrite_strat-topdown-noop ran for 0. secs (0.u,0.s) (success)
Tactic call abstract+rewrite_strat-topdown ran for 0.079 secs (0.079u,0.s) (success)
Tactic call close-abstract+rewrite_strat-topdown ran for 0.035 secs (0.035u,0.s)
Params: n= 56
Tactic call rewrite_strat-topdown ran for 0.041 secs (0.041u,0.s) (success)
Tactic call rewrite_strat-topdown-noop ran for 0. secs (0.u,0.s) (success)
Tactic call abstract+rewrite_strat-topdown ran for 0.08 secs (0.08u,0.s) (success)
Tactic call close-abstract+rewrite_strat-topdown ran for 0.038 secs (0.038u,0.s)
Params: n= 57
Tactic call rewrite_strat-topdown ran for 0.041 secs (0.041u,0.s) (success)
Tactic call rewrite_strat-topdown-noop ran for 0. secs (0.u,0.s) (success)
Tactic call abstract+rewrite_strat-topdown ran for 0.082 secs (0.082u,0.s) (success)
Tactic call close-abstract+rewrite_strat-topdown ran for 0.039 secs (0.039u,0.s)
Params: n= 58
Tactic call rewrite_strat-topdown ran for 0.045 secs (0.045u,0.s) (success)
Tactic call rewrite_strat-topdown-noop ran for 0. secs (0.u,0.s) (success)
Tactic call abstract+rewrite_strat-topdown ran for 0.086 secs (0.086u,0.s) (success)
Tactic call close-abstract+rewrite_strat-topdown ran for 0.038 secs (0.038u,0.s)
Params: n= 59
Tactic call rewrite_strat-topdown ran for 0.051 secs (0.051u,0.s) (success)
Tactic call rewrite_strat-topdown-noop ran for 0. secs (0.u,0.s) (success)
Tactic call abstract+rewrite_strat-topdown ran for 0.092 secs (0.092u,0.s) (success)
Tactic call close-abstract+rewrite_strat-topdown ran for 0.039 secs (0.039u,0.s)
Params: n= 60
Tactic call rewrite_strat-topdown ran for 0.05 secs (0.05u,0.s) (success)
Tactic call rewrite_strat-topdown-noop ran for 0.001 secs (0.001u,0.s) (success)
Tactic call abstract+rewrite_strat-topdown ran for 0.092 secs (0.092u,0.s) (success)
Tactic call close-abstract+rewrite_strat-topdown ran for 0.04 secs (0.04u,0.s)
Params: n= 61
Tactic call rewrite_strat-topdown ran for 0.054 secs (0.054u,0.s) (success)
Tactic call rewrite_strat-topdown-noop ran for 0. secs (0.u,0.s) (success)
Tactic call abstract+rewrite_strat-topdown ran for 0.098 secs (0.098u,0.s) (success)
Tactic call close-abstract+rewrite_strat-topdown ran for 0.042 secs (0.042u,0.s)
Params: n= 62
Tactic call rewrite_strat-topdown ran for 0.056 secs (0.056u,0.s) (success)
Tactic call rewrite_strat-topdown-noop ran for 0. secs (0.u,0.s) (success)
Tactic call abstract+rewrite_strat-topdown ran for 0.1 secs (0.1u,0.s) (success)
Tactic call close-abstract+rewrite_strat-topdown ran for 0.042 secs (0.042u,0.s)
Params: n= 63
Tactic call rewrite_strat-topdown ran for 0.057 secs (0.057u,0.s) (success)
Tactic call rewrite_strat-topdown-noop ran for 0.001 secs (0.001u,0.s) (success)
Tactic call abstract+rewrite_strat-topdown ran for 0.102 secs (0.102u,0.s) (success)
Tactic call close-abstract+rewrite_strat-topdown ran for 0.042 secs (0.042u,0.s)
Params: n= 64
Tactic call rewrite_strat-topdown ran for 0.056 secs (0.056u,0.s) (success)
Tactic call rewrite_strat-topdown-noop ran for 0.001 secs (0.001u,0.s) (success)
Tactic call abstract+rewrite_strat-topdown ran for 0.104 secs (0.104u,0.s) (success)
Tactic call close-abstract+rewrite_strat-topdown ran for 0.046 secs (0.046u,0.s)
Params: n= 65
Tactic call rewrite_strat-topdown ran for 0.057 secs (0.056u,0.s) (success)
Tactic call rewrite_strat-topdown-noop ran for 0. secs (0.u,0.s) (success)
Tactic call abstract+rewrite_strat-topdown ran for 0.105 secs (0.105u,0.s) (success)
Tactic call close-abstract+rewrite_strat-topdown ran for 0.046 secs (0.046u,0.s)
Params: n= 66
Tactic call rewrite_strat-topdown ran for 0.058 secs (0.058u,0.s) (success)
Tactic call rewrite_strat-topdown-noop ran for 0. secs (0.u,0.s) (success)
Tactic call abstract+rewrite_strat-topdown ran for 0.105 secs (0.105u,0.s) (success)
Tactic call close-abstract+rewrite_strat-topdown ran for 0.045 secs (0.045u,0.s)
Params: n= 67
Tactic call rewrite_strat-topdown ran for 0.063 secs (0.063u,0.s) (success)
Tactic call rewrite_strat-topdown-noop ran for 0. secs (0.u,0.s) (success)
Tactic call abstract+rewrite_strat-topdown ran for 0.119 secs (0.119u,0.s) (success)
Tactic call close-abstract+rewrite_strat-topdown ran for 0.053 secs (0.053u,0.s)
Params: n= 68
Tactic call rewrite_strat-topdown ran for 0.074 secs (0.074u,0.s) (success)
Tactic call rewrite_strat-topdown-noop ran for 0.001 secs (0.001u,0.s) (success)
Tactic call abstract+rewrite_strat-topdown ran for 0.129 secs (0.129u,0.s) (success)
Tactic call close-abstract+rewrite_strat-topdown ran for 0.053 secs (0.053u,0.s)
Params: n= 69
Tactic call rewrite_strat-topdown ran for 0.065 secs (0.065u,0.s) (success)
Tactic call rewrite_strat-topdown-noop ran for 0.001 secs (0.001u,0.s) (success)
Tactic call abstract+rewrite_strat-topdown ran for 0.127 secs (0.127u,0.s) (success)
Tactic call close-abstract+rewrite_strat-topdown ran for 0.059 secs (0.059u,0.s)
Params: n= 70
Tactic call rewrite_strat-topdown ran for 0.07 secs (0.07u,0.s) (success)
Tactic call rewrite_strat-topdown-noop ran for 0. secs (0.u,0.s) (success)
Tactic call abstract+rewrite_strat-topdown ran for 0.135 secs (0.133u,0.s) (success)
Tactic call close-abstract+rewrite_strat-topdown ran for 0.062 secs (0.06u,0.s)
Params: n= 71
Tactic call rewrite_strat-topdown ran for 0.07 secs (0.075u,0.s) (success)
Tactic call rewrite_strat-topdown-noop ran for 0.001 secs (0.001u,0.s) (success)
Tactic call abstract+rewrite_strat-topdown ran for 0.129 secs (0.132u,0.s) (success)
Tactic call close-abstract+rewrite_strat-topdown ran for 0.056 secs (0.056u,0.s)
Params: n= 72
Tactic call rewrite_strat-topdown ran for 0.082 secs (0.082u,0.s) (success)
Tactic call rewrite_strat-topdown-noop ran for 0.001 secs (0.001u,0.s) (success)
Tactic call abstract+rewrite_strat-topdown ran for 0.144 secs (0.144u,0.s) (success)
Tactic call close-abstract+rewrite_strat-topdown ran for 0.06 secs (0.06u,0.s)
Params: n= 73
Tactic call rewrite_strat-topdown ran for 0.072 secs (0.072u,0.s) (success)
Tactic call rewrite_strat-topdown-noop ran for 0. secs (0.u,0.s) (success)
Tactic call abstract+rewrite_strat-topdown ran for 0.141 secs (0.141u,0.s) (success)
Tactic call close-abstract+rewrite_strat-topdown ran for 0.066 secs (0.066u,0.s)
Params: n= 74
Tactic call rewrite_strat-topdown ran for 0.073 secs (0.073u,0.s) (success)
Tactic call rewrite_strat-topdown-noop ran for 0. secs (0.u,0.s) (success)
Tactic call abstract+rewrite_strat-topdown ran for 0.134 secs (0.134u,0.s) (success)
Tactic call close-abstract+rewrite_strat-topdown ran for 0.058 secs (0.058u,0.s)
Params: n= 75
Tactic call rewrite_strat-topdown ran for 0.073 secs (0.073u,0.s) (success)
Tactic call rewrite_strat-topdown-noop ran for 0.001 secs (0.001u,0.s) (success)
Tactic call abstract+rewrite_strat-topdown ran for 0.136 secs (0.136u,0.s) (success)
Tactic call close-abstract+rewrite_strat-topdown ran for 0.06 secs (0.06u,0.s)
Params: n= 76
Tactic call rewrite_strat-topdown ran for 0.073 secs (0.073u,0.s) (success)
Tactic call rewrite_strat-topdown-noop ran for 0.001 secs (0.001u,0.s) (success)
Tactic call abstract+rewrite_strat-topdown ran for 0.141 secs (0.141u,0.s) (success)
Tactic call close-abstract+rewrite_strat-topdown ran for 0.066 secs (0.066u,0.s)
Params: n= 77
Tactic call rewrite_strat-topdown ran for 0.079 secs (0.079u,0.s) (success)
Tactic call rewrite_strat-topdown-noop ran for 0.001 secs (0.001u,0.s) (success)
Tactic call abstract+rewrite_strat-topdown ran for 0.154 secs (0.154u,0.s) (success)
Tactic call close-abstract+rewrite_strat-topdown ran for 0.073 secs (0.073u,0.s)
Params: n= 78
Tactic call rewrite_strat-topdown ran for 0.083 secs (0.082u,0.s) (success)
Tactic call rewrite_strat-topdown-noop ran for 0.001 secs (0.001u,0.s) (success)
Tactic call abstract+rewrite_strat-topdown ran for 0.153 secs (0.153u,0.s) (success)
Tactic call close-abstract+rewrite_strat-topdown ran for 0.067 secs (0.067u,0.s)
Params: n= 79
Tactic call rewrite_strat-topdown ran for 0.081 secs (0.081u,0.s) (success)
Tactic call rewrite_strat-topdown-noop ran for 0.001 secs (0.001u,0.s) (success)
Tactic call abstract+rewrite_strat-topdown ran for 0.153 secs (0.153u,0.s) (success)
Tactic call close-abstract+rewrite_strat-topdown ran for 0.069 secs (0.069u,0.s)
Params: n= 80
Tactic call rewrite_strat-topdown ran for 0.08 secs (0.08u,0.s) (success)
Tactic call rewrite_strat-topdown-noop ran for 0.001 secs (0.001u,0.s) (success)
Tactic call abstract+rewrite_strat-topdown ran for 0.156 secs (0.156u,0.s) (success)
Tactic call close-abstract+rewrite_strat-topdown ran for 0.073 secs (0.073u,0.s)
Params: n= 81
Tactic call rewrite_strat-topdown ran for 0.083 secs (0.083u,0.s) (success)
Tactic call rewrite_strat-topdown-noop ran for 0.001 secs (0.001u,0.s) (success)
Tactic call abstract+rewrite_strat-topdown ran for 0.163 secs (0.163u,0.s) (success)
Tactic call close-abstract+rewrite_strat-topdown ran for 0.077 secs (0.077u,0.s)
Params: n= 82
Tactic call rewrite_strat-topdown ran for 0.09 secs (0.09u,0.s) (success)
Tactic call rewrite_strat-topdown-noop ran for 0.001 secs (0.001u,0.s) (success)
Tactic call abstract+rewrite_strat-topdown ran for 0.164 secs (0.164u,0.s) (success)
Tactic call close-abstract+rewrite_strat-topdown ran for 0.072 secs (0.072u,0.s)
Params: n= 83
Tactic call rewrite_strat-topdown ran for 0.092 secs (0.092u,0.s) (success)
Tactic call rewrite_strat-topdown-noop ran for 0.001 secs (0.001u,0.s) (success)
Tactic call abstract+rewrite_strat-topdown ran for 0.173 secs (0.173u,0.s) (success)
Tactic call close-abstract+rewrite_strat-topdown ran for 0.078 secs (0.078u,0.s)
Params: n= 84
Tactic call rewrite_strat-topdown ran for 0.096 secs (0.096u,0.s) (success)
Tactic call rewrite_strat-topdown-noop ran for 0.001 secs (0.001u,0.s) (success)
Tactic call abstract+rewrite_strat-topdown ran for 0.18 secs (0.179u,0.s) (success)
Tactic call close-abstract+rewrite_strat-topdown ran for 0.08 secs (0.08u,0.s)
Params: n= 85
Tactic call rewrite_strat-topdown ran for 0.095 secs (0.095u,0.s) (success)
Tactic call rewrite_strat-topdown-noop ran for 0.001 secs (0.001u,0.s) (success)
Tactic call abstract+rewrite_strat-topdown ran for 0.177 secs (0.177u,0.s) (success)
Tactic call close-abstract+rewrite_strat-topdown ran for 0.079 secs (0.079u,0.s)
Params: n= 86
Tactic call rewrite_strat-topdown ran for 0.102 secs (0.102u,0.s) (success)
Tactic call rewrite_strat-topdown-noop ran for 0.001 secs (0.001u,0.s) (success)
Tactic call abstract+rewrite_strat-topdown ran for 0.193 secs (0.193u,0.s) (success)
Tactic call close-abstract+rewrite_strat-topdown ran for 0.088 secs (0.088u,0.s)
Params: n= 87
Tactic call rewrite_strat-topdown ran for 0.108 secs (0.108u,0.s) (success)
Tactic call rewrite_strat-topdown-noop ran for 0.001 secs (0.001u,0.s) (success)
Tactic call abstract+rewrite_strat-topdown ran for 0.202 secs (0.202u,0.s) (success)
Tactic call close-abstract+rewrite_strat-topdown ran for 0.091 secs (0.091u,0.s)
Params: n= 88
Tactic call rewrite_strat-topdown ran for 0.102 secs (0.101u,0.s) (success)
Tactic call rewrite_strat-topdown-noop ran for 0.001 secs (0.001u,0.s) (success)
Tactic call abstract+rewrite_strat-topdown ran for 0.195 secs (0.194u,0.s) (success)
Tactic call close-abstract+rewrite_strat-topdown ran for 0.091 secs (0.091u,0.s)
Params: n= 89
Tactic call rewrite_strat-topdown ran for 0.1 secs (0.1u,0.s) (success)
Tactic call rewrite_strat-topdown-noop ran for 0.001 secs (0.001u,0.s) (success)
Tactic call abstract+rewrite_strat-topdown ran for 0.195 secs (0.195u,0.s) (success)
Tactic call close-abstract+rewrite_strat-topdown ran for 0.092 secs (0.092u,0.s)
Params: n= 90
Tactic call rewrite_strat-topdown ran for 0.123 secs (0.123u,0.s) (success)
Tactic call rewrite_strat-topdown-noop ran for 0.001 secs (0.001u,0.s) (success)
Tactic call abstract+rewrite_strat-topdown ran for 0.229 secs (0.229u,0.s) (success)
Tactic call close-abstract+rewrite_strat-topdown ran for 0.103 secs (0.103u,0.s)
Params: n= 91
Tactic call rewrite_strat-topdown ran for 0.118 secs (0.114u,0.003s) (success)
Tactic call rewrite_strat-topdown-noop ran for 0.001 secs (0.001u,0.s) (success)
Tactic call abstract+rewrite_strat-topdown ran for 0.215 secs (0.212u,0.003s) (success)
Tactic call close-abstract+rewrite_strat-topdown ran for 0.095 secs (0.095u,0.s)
Params: n= 92
Tactic call rewrite_strat-topdown ran for 0.111 secs (0.111u,0.s) (success)
Tactic call rewrite_strat-topdown-noop ran for 0.001 secs (0.001u,0.s) (success)
Tactic call abstract+rewrite_strat-topdown ran for 0.21 secs (0.21u,0.s) (success)
Tactic call close-abstract+rewrite_strat-topdown ran for 0.096 secs (0.096u,0.s)
Params: n= 93
Tactic call rewrite_strat-topdown ran for 0.121 secs (0.121u,0.s) (success)
Tactic call rewrite_strat-topdown-noop ran for 0.001 secs (0.001u,0.s) (success)
Tactic call abstract+rewrite_strat-topdown ran for 0.212 secs (0.212u,0.s) (success)
Tactic call close-abstract+rewrite_strat-topdown ran for 0.088 secs (0.088u,0.s)
Params: n= 94
Tactic call rewrite_strat-topdown ran for 0.118 secs (0.118u,0.s) (success)
Tactic call rewrite_strat-topdown-noop ran for 0.001 secs (0.001u,0.s) (success)
Tactic call abstract+rewrite_strat-topdown ran for 0.219 secs (0.218u,0.s) (success)
Tactic call close-abstract+rewrite_strat-topdown ran for 0.097 secs (0.097u,0.s)
Params: n= 95
Tactic call rewrite_strat-topdown ran for 0.119 secs (0.119u,0.s) (success)
Tactic call rewrite_strat-topdown-noop ran for 0.001 secs (0.001u,0.s) (success)
Tactic call abstract+rewrite_strat-topdown ran for 0.219 secs (0.219u,0.s) (success)
Tactic call close-abstract+rewrite_strat-topdown ran for 0.097 secs (0.097u,0.s)
Params: n= 96
Tactic call rewrite_strat-topdown ran for 0.121 secs (0.121u,0.s) (success)
Tactic call rewrite_strat-topdown-noop ran for 0.001 secs (0.001u,0.s) (success)
Tactic call abstract+rewrite_strat-topdown ran for 0.232 secs (0.232u,0.s) (success)
Tactic call close-abstract+rewrite_strat-topdown ran for 0.107 secs (0.107u,0.s)
Params: n= 97
Tactic call rewrite_strat-topdown ran for 0.135 secs (0.135u,0.s) (success)
Tactic call rewrite_strat-topdown-noop ran for 0.001 secs (0.001u,0.s) (success)
Tactic call abstract+rewrite_strat-topdown ran for 0.249 secs (0.246u,0.s) (success)
Tactic call close-abstract+rewrite_strat-topdown ran for 0.11 secs (0.107u,0.s)
Params: n= 98
Tactic call rewrite_strat-topdown ran for 0.132 secs (0.132u,0.s) (success)
Tactic call rewrite_strat-topdown-noop ran for 0.001 secs (0.001u,0.s) (success)
Tactic call abstract+rewrite_strat-topdown ran for 0.24 secs (0.24u,0.s) (success)
Tactic call close-abstract+rewrite_strat-topdown ran for 0.105 secs (0.105u,0.s)
Params: n= 99
Tactic call rewrite_strat-topdown ran for 0.126 secs (0.126u,0.s) (success)
Tactic call rewrite_strat-topdown-noop ran for 0.001 secs (0.001u,0.s) (success)
Tactic call abstract+rewrite_strat-topdown ran for 0.233 secs (0.233u,0.s) (success)
Tactic call close-abstract+rewrite_strat-topdown ran for 0.104 secs (0.104u,0.s)
Params: n= 110
Tactic call rewrite_strat-topdown ran for 0.163 secs (0.163u,0.s) (success)
Tactic call rewrite_strat-topdown-noop ran for 0.002 secs (0.002u,0.s) (success)
Tactic call abstract+rewrite_strat-topdown ran for 0.302 secs (0.302u,0.s) (success)
Tactic call close-abstract+rewrite_strat-topdown ran for 0.134 secs (0.134u,0.s)
Params: n= 120
Tactic call rewrite_strat-topdown ran for 0.193 secs (0.189u,0.003s) (success)
Tactic call rewrite_strat-topdown-noop ran for 0.002 secs (0.002u,0.s) (success)
Tactic call abstract+rewrite_strat-topdown ran for 0.372 secs (0.364u,0.007s) (success)
Tactic call close-abstract+rewrite_strat-topdown ran for 0.175 secs (0.171u,0.003s)
Params: n= 130
Tactic call rewrite_strat-topdown ran for 0.218 secs (0.214u,0.003s) (success)
Tactic call rewrite_strat-topdown-noop ran for 0.002 secs (0.002u,0.s) (success)
Tactic call abstract+rewrite_strat-topdown ran for 0.398 secs (0.393u,0.003s) (success)
Tactic call close-abstract+rewrite_strat-topdown ran for 0.175 secs (0.175u,0.s)
Params: n= 140
Tactic call rewrite_strat-topdown ran for 0.271 secs (0.263u,0.007s) (success)
Tactic call rewrite_strat-topdown-noop ran for 0.004 secs (0.004u,0.s) (success)
Tactic call abstract+rewrite_strat-topdown ran for 0.482 secs (0.474u,0.007s) (success)
Tactic call close-abstract+rewrite_strat-topdown ran for 0.204 secs (0.204u,0.s)
Params: n= 160
Tactic call rewrite_strat-topdown ran for 0.339 secs (0.331u,0.007s) (success)
Tactic call rewrite_strat-topdown-noop ran for 0.003 secs (0.003u,0.s) (success)
Tactic call abstract+rewrite_strat-topdown ran for 0.608 secs (0.596u,0.011s) (success)
Tactic call close-abstract+rewrite_strat-topdown ran for 0.263 secs (0.259u,0.003s)
Params: n= 170
Tactic call rewrite_strat-topdown ran for 0.378 secs (0.374u,0.004s) (success)
Tactic call rewrite_strat-topdown-noop ran for 0.003 secs (0.003u,0.s) (success)
Tactic call abstract+rewrite_strat-topdown ran for 0.718 secs (0.705u,0.012s) (success)
Tactic call close-abstract+rewrite_strat-topdown ran for 0.334 secs (0.326u,0.008s)
Params: n= 180
Tactic call rewrite_strat-topdown ran for 0.412 secs (0.408u,0.003s) (success)
Tactic call rewrite_strat-topdown-noop ran for 0.003 secs (0.003u,0.s) (success)
Tactic call abstract+rewrite_strat-topdown ran for 0.718 secs (0.714u,0.003s) (success)
Tactic call close-abstract+rewrite_strat-topdown ran for 0.301 secs (0.301u,0.s)
Params: n= 190
Tactic call rewrite_strat-topdown ran for 0.445 secs (0.437u,0.007s) (success)
Tactic call rewrite_strat-topdown-noop ran for 0.003 secs (0.003u,0.s) (success)
Tactic call abstract+rewrite_strat-topdown ran for 0.833 secs (0.817u,0.015s) (success)
Tactic call close-abstract+rewrite_strat-topdown ran for 0.382 secs (0.374u,0.007s)
Params: n= 210
Tactic call rewrite_strat-topdown ran for 0.607 secs (0.599u,0.008s) (success)
Tactic call rewrite_strat-topdown-noop ran for 0.014 secs (0.014u,0.s) (success)
Tactic call abstract+rewrite_strat-topdown ran for 1.064 secs (1.056u,0.008s) (success)
Tactic call close-abstract+rewrite_strat-topdown ran for 0.44 secs (0.44u,0.s)
Params: n= 220
Tactic call rewrite_strat-topdown ran for 0.623 secs (0.615u,0.007s) (success)
Tactic call rewrite_strat-topdown-noop ran for 0.004 secs (0.004u,0.s) (success)
Tactic call abstract+rewrite_strat-topdown ran for 1.157 secs (1.149u,0.007s) (success)
Tactic call close-abstract+rewrite_strat-topdown ran for 0.527 secs (0.527u,0.s)
Params: n= 230
Tactic call rewrite_strat-topdown ran for 0.727 secs (0.728u,0.s) (success)
Tactic call rewrite_strat-topdown-noop ran for 0.004 secs (0.004u,0.s) (success)
Tactic call abstract+rewrite_strat-topdown ran for 1.285 secs (1.285u,0.s) (success)
Tactic call close-abstract+rewrite_strat-topdown ran for 0.552 secs (0.552u,0.s)
Params: n= 240
Tactic call rewrite_strat-topdown ran for 0.732 secs (0.732u,0.s) (success)
Tactic call rewrite_strat-topdown-noop ran for 0.006 secs (0.006u,0.s) (success)
Tactic call abstract+rewrite_strat-topdown ran for 1.309 secs (1.309u,0.s) (success)
Tactic call close-abstract+rewrite_strat-topdown ran for 0.568 secs (0.568u,0.s)
Params: n= 260
Tactic call rewrite_strat-topdown ran for 0.895 secs (0.891u,0.003s) (success)
Tactic call rewrite_strat-topdown-noop ran for 0.011 secs (0.011u,0.s) (success)
Tactic call abstract+rewrite_strat-topdown ran for 1.559 secs (1.554u,0.003s) (success)
Tactic call close-abstract+rewrite_strat-topdown ran for 0.65 secs (0.65u,0.s)
Params: n= 270
Tactic call rewrite_strat-topdown ran for 0.98 secs (0.971u,0.008s) (success)
Tactic call rewrite_strat-topdown-noop ran for 0.006 secs (0.006u,0.s) (success)
Tactic call abstract+rewrite_strat-topdown ran for 1.752 secs (1.744u,0.008s) (success)
Tactic call close-abstract+rewrite_strat-topdown ran for 0.764 secs (0.763u,0.s)
Params: n= 280
Tactic call rewrite_strat-topdown ran for 1.207 secs (1.203u,0.004s) (success)
Tactic call rewrite_strat-topdown-noop ran for 0.009 secs (0.009u,0.s) (success)
Tactic call abstract+rewrite_strat-topdown ran for 2.025 secs (2.016u,0.008s) (success)
Tactic call close-abstract+rewrite_strat-topdown ran for 0.805 secs (0.801u,0.004s)
Params: n= 290
Tactic call rewrite_strat-topdown ran for 1.295 secs (1.291u,0.004s) (success)
Tactic call rewrite_strat-topdown-noop ran for 0.007 secs (0.007u,0.s) (success)
Tactic call abstract+rewrite_strat-topdown ran for 2.195 secs (2.19u,0.004s) (success)
Tactic call close-abstract+rewrite_strat-topdown ran for 0.891 secs (0.89u,0.s)
Params: n= 310
Tactic call rewrite_strat-topdown ran for 1.399 secs (1.396u,0.s) (success)
Tactic call rewrite_strat-topdown-noop ran for 0.007 secs (0.008u,0.s) (success)
Tactic call abstract+rewrite_strat-topdown ran for 2.32 secs (2.318u,0.s) (success)
Tactic call close-abstract+rewrite_strat-topdown ran for 0.911 secs (0.91u,0.s)
Params: n= 320
Tactic call rewrite_strat-topdown ran for 1.505 secs (1.493u,0.012s) (success)
Tactic call rewrite_strat-topdown-noop ran for 0.009 secs (0.009u,0.s) (success)
Tactic call abstract+rewrite_strat-topdown ran for 2.558 secs (2.541u,0.016s) (success)
Tactic call close-abstract+rewrite_strat-topdown ran for 1.041 secs (1.036u,0.004s)
Params: n= 330
Tactic call rewrite_strat-topdown ran for 1.552 secs (1.548u,0.003s) (success)
Tactic call rewrite_strat-topdown-noop ran for 0.01 secs (0.01u,0.s) (success)
Tactic call abstract+rewrite_strat-topdown ran for 2.63 secs (2.625u,0.003s) (success)
Tactic call close-abstract+rewrite_strat-topdown ran for 1.064 secs (1.064u,0.s)
Params: n= 340
Tactic call rewrite_strat-topdown ran for 1.726 secs (1.726u,0.s) (success)
Tactic call rewrite_strat-topdown-noop ran for 0.01 secs (0.01u,0.s) (success)
Tactic call abstract+rewrite_strat-topdown ran for 2.863 secs (2.862u,0.s) (success)
Tactic call close-abstract+rewrite_strat-topdown ran for 1.124 secs (1.123u,0.s)
Params: n= 360
Tactic call rewrite_strat-topdown ran for 1.923 secs (1.922u,0.s) (success)
Tactic call rewrite_strat-topdown-noop ran for 0.009 secs (0.009u,0.s) (success)
Tactic call abstract+rewrite_strat-topdown ran for 3.245 secs (3.236u,0.008s) (success)
Tactic call close-abstract+rewrite_strat-topdown ran for 1.31 secs (1.302u,0.008s)
Params: n= 370
Tactic call rewrite_strat-topdown ran for 2.005 secs (2.005u,0.s) (success)
Tactic call rewrite_strat-topdown-noop ran for 0.018 secs (0.018u,0.s) (success)
Tactic call abstract+rewrite_strat-topdown ran for 3.444 secs (3.439u,0.003s) (success)
Tactic call close-abstract+rewrite_strat-topdown ran for 1.417 secs (1.412u,0.003s)
Params: n= 380
Tactic call rewrite_strat-topdown ran for 2.075 secs (2.076u,0.s) (success)
Tactic call rewrite_strat-topdown-noop ran for 0.011 secs (0.011u,0.s) (success)
Tactic call abstract+rewrite_strat-topdown ran for 3.513 secs (3.507u,0.004s) (success)
Tactic call close-abstract+rewrite_strat-topdown ran for 1.423 secs (1.418u,0.004s)
Params: n= 390
Tactic call rewrite_strat-topdown ran for 2.149 secs (2.136u,0.012s) (success)
Tactic call rewrite_strat-topdown-noop ran for 0.017 secs (0.017u,0.s) (success)
Tactic call abstract+rewrite_strat-topdown ran for 3.642 secs (3.629u,0.012s) (success)
Tactic call close-abstract+rewrite_strat-topdown ran for 1.473 secs (1.473u,0.s)
