Params: n= 50
Tactic call rewrite_strat-topdown ran for 0.096 secs (0.085u,0.011s) (success)
Tactic call rewrite_strat-topdown-noop ran for 0. secs (0.u,0.s) (success)
Tactic call abstract+rewrite_strat-topdown ran for 0.119 secs (0.107u,0.011s) (success)
Tactic call close-abstract+rewrite_strat-topdown ran for 0.021 secs (0.02u,0.s)
Params: n= 100
Tactic call rewrite_strat-topdown ran for 0.107 secs (0.107u,0.s) (success)
Tactic call rewrite_strat-topdown-noop ran for 0.001 secs (0.001u,0.s) (success)
Tactic call abstract+rewrite_strat-topdown ran for 0.196 secs (0.196u,0.s) (success)
Tactic call close-abstract+rewrite_strat-topdown ran for 0.087 secs (0.087u,0.s)
Params: n= 150
Tactic call rewrite_strat-topdown ran for 0.253 secs (0.253u,0.s) (success)
Tactic call rewrite_strat-topdown-noop ran for 0.002 secs (0.002u,0.s) (success)
Tactic call abstract+rewrite_strat-topdown ran for 0.497 secs (0.49u,0.003s) (success)
Tactic call close-abstract+rewrite_strat-topdown ran for 0.24 secs (0.234u,0.003s)
Params: n= 200
Tactic call rewrite_strat-topdown ran for 0.546 secs (0.537u,0.013s) (success)
Tactic call rewrite_strat-topdown-noop ran for 0.003 secs (0.003u,0.s) (success)
Tactic call abstract+rewrite_strat-topdown ran for 0.891 secs (0.881u,0.013s) (success)
Tactic call close-abstract+rewrite_strat-topdown ran for 0.34 secs (0.339u,0.s)
Params: n= 250
Tactic call rewrite_strat-topdown ran for 0.795 secs (0.783u,0.011s) (success)
Tactic call rewrite_strat-topdown-noop ran for 0.005 secs (0.005u,0.s) (success)
Tactic call abstract+rewrite_strat-topdown ran for 1.334 secs (1.322u,0.012s) (success)
Tactic call close-abstract+rewrite_strat-topdown ran for 0.533 secs (0.533u,0.s)
Params: n= 300
Tactic call rewrite_strat-topdown ran for 1.246 secs (1.231u,0.015s) (success)
Tactic call rewrite_strat-topdown-noop ran for 0.007 secs (0.002u,0.s) (success)
Tactic call abstract+rewrite_strat-topdown ran for 1.991 secs (1.968u,0.023s) (success)
Tactic call close-abstract+rewrite_strat-topdown ran for 0.736 secs (0.734u,0.007s)
Params: n= 350
Tactic call rewrite_strat-topdown ran for 1.654 secs (1.646u,0.008s) (success)
Tactic call rewrite_strat-topdown-noop ran for 0.009 secs (0.009u,0.s) (success)
Tactic call abstract+rewrite_strat-topdown ran for 2.775 secs (2.766u,0.008s) (success)
Tactic call close-abstract+rewrite_strat-topdown ran for 1.11 secs (1.11u,0.s)
Params: n= 400
Tactic call rewrite_strat-topdown ran for 2.185 secs (2.173u,0.011s) (success)
Tactic call rewrite_strat-topdown-noop ran for 0.01 secs (0.01u,0.s) (success)
Tactic call abstract+rewrite_strat-topdown ran for 3.546 secs (3.521u,0.023s) (success)
Tactic call close-abstract+rewrite_strat-topdown ran for 1.348 secs (1.336u,0.012s)
