Params: n= 4
Tactic call rewrite_strat-bottomup ran for 0.002 secs (0.002u,0.s) (success)
Tactic call rewrite_strat-bottomup-noop ran for 0. secs (0.u,0.s) (success)
Tactic call abstract+rewrite_strat-bottomup ran for 0.004 secs (0.004u,0.s) (success)
Tactic call close-abstract+rewrite_strat-bottomup ran for 0.001 secs (0.001u,0.s)
Params: n= 5
Tactic call rewrite_strat-bottomup ran for 0.003 secs (0.003u,0.s) (success)
Tactic call rewrite_strat-bottomup-noop ran for 0. secs (0.u,0.s) (success)
Tactic call abstract+rewrite_strat-bottomup ran for 0.004 secs (0.004u,0.s) (success)
Tactic call close-abstract+rewrite_strat-bottomup ran for 0.001 secs (0.001u,0.s)
Params: n= 6
Tactic call rewrite_strat-bottomup ran for 0.004 secs (0.u,0.004s) (success)
Tactic call rewrite_strat-bottomup-noop ran for 0. secs (0.u,0.s) (success)
Tactic call abstract+rewrite_strat-bottomup ran for 0.006 secs (0.002u,0.004s) (success)
Tactic call close-abstract+rewrite_strat-bottomup ran for 0.001 secs (0.001u,0.s)
Params: n= 7
Tactic call rewrite_strat-bottomup ran for 0.004 secs (0.004u,0.s) (success)
Tactic call rewrite_strat-bottomup-noop ran for 0. secs (0.u,0.s) (success)
Tactic call abstract+rewrite_strat-bottomup ran for 0.007 secs (0.005u,0.002s) (success)
Tactic call close-abstract+rewrite_strat-bottomup ran for 0.002 secs (0.u,0.002s)
Params: n= 8
Tactic call rewrite_strat-bottomup ran for 0.006 secs (0.002u,0.003s) (success)
Tactic call rewrite_strat-bottomup-noop ran for 0. secs (0.u,0.s) (success)
Tactic call abstract+rewrite_strat-bottomup ran for 0.009 secs (0.004u,0.004s) (success)
Tactic call close-abstract+rewrite_strat-bottomup ran for 0.002 secs (0.001u,0.s)
Params: n= 9
Tactic call rewrite_strat-bottomup ran for 0.062 secs (0.05u,0.011s) (success)
Tactic call rewrite_strat-bottomup-noop ran for 0. secs (0.u,0.s) (success)
Tactic call abstract+rewrite_strat-bottomup ran for 0.064 secs (0.052u,0.011s) (success)
Tactic call close-abstract+rewrite_strat-bottomup ran for 0.001 secs (0.001u,0.s)
Params: n= 10
Tactic call rewrite_strat-bottomup ran for 0.005 secs (0.005u,0.s) (success)
Tactic call rewrite_strat-bottomup-noop ran for 0. secs (0.u,0.s) (success)
Tactic call abstract+rewrite_strat-bottomup ran for 0.007 secs (0.007u,0.s) (success)
Tactic call close-abstract+rewrite_strat-bottomup ran for 0.001 secs (0.001u,0.s)
Params: n= 11
Tactic call rewrite_strat-bottomup ran for 0.007 secs (0.007u,0.s) (success)
Tactic call rewrite_strat-bottomup-noop ran for 0. secs (0.u,0.s) (success)
Tactic call abstract+rewrite_strat-bottomup ran for 0.009 secs (0.009u,0.s) (success)
Tactic call close-abstract+rewrite_strat-bottomup ran for 0.002 secs (0.002u,0.s)
Params: n= 12
Tactic call rewrite_strat-bottomup ran for 0.008 secs (0.008u,0.s) (success)
Tactic call rewrite_strat-bottomup-noop ran for 0. secs (0.u,0.s) (success)
Tactic call abstract+rewrite_strat-bottomup ran for 0.011 secs (0.011u,0.s) (success)
Tactic call close-abstract+rewrite_strat-bottomup ran for 0.002 secs (0.002u,0.s)
Params: n= 13
Tactic call rewrite_strat-bottomup ran for 0.007 secs (0.u,0.s) (success)
Tactic call rewrite_strat-bottomup-noop ran for 0. secs (0.u,0.s) (success)
Tactic call abstract+rewrite_strat-bottomup ran for 0.011 secs (0.009u,0.001s) (success)
Tactic call close-abstract+rewrite_strat-bottomup ran for 0.003 secs (0.008u,0.001s)
Params: n= 14
Tactic call rewrite_strat-bottomup ran for 0.008 secs (0.008u,0.s) (success)
Tactic call rewrite_strat-bottomup-noop ran for 0. secs (0.u,0.s) (success)
Tactic call abstract+rewrite_strat-bottomup ran for 0.013 secs (0.013u,0.s) (success)
Tactic call close-abstract+rewrite_strat-bottomup ran for 0.003 secs (0.003u,0.s)
Params: n= 15
Tactic call rewrite_strat-bottomup ran for 0.011 secs (0.011u,0.s) (success)
Tactic call rewrite_strat-bottomup-noop ran for 0. secs (0.u,0.s) (success)
Tactic call abstract+rewrite_strat-bottomup ran for 0.015 secs (0.015u,0.s) (success)
Tactic call close-abstract+rewrite_strat-bottomup ran for 0.003 secs (0.003u,0.s)
Params: n= 16
Tactic call rewrite_strat-bottomup ran for 0.013 secs (0.013u,0.s) (success)
Tactic call rewrite_strat-bottomup-noop ran for 0. secs (0.u,0.s) (success)
Tactic call abstract+rewrite_strat-bottomup ran for 0.018 secs (0.018u,0.s) (success)
Tactic call close-abstract+rewrite_strat-bottomup ran for 0.004 secs (0.004u,0.s)
Params: n= 17
Tactic call rewrite_strat-bottomup ran for 0.012 secs (0.012u,0.s) (success)
Tactic call rewrite_strat-bottomup-noop ran for 0. secs (0.u,0.s) (success)
Tactic call abstract+rewrite_strat-bottomup ran for 0.017 secs (0.017u,0.s) (success)
Tactic call close-abstract+rewrite_strat-bottomup ran for 0.004 secs (0.004u,0.s)
Params: n= 18
Tactic call rewrite_strat-bottomup ran for 0.013 secs (0.013u,0.s) (success)
Tactic call rewrite_strat-bottomup-noop ran for 0. secs (0.u,0.s) (success)
Tactic call abstract+rewrite_strat-bottomup ran for 0.02 secs (0.02u,0.s) (success)
Tactic call close-abstract+rewrite_strat-bottomup ran for 0.005 secs (0.005u,0.s)
Params: n= 19
Tactic call rewrite_strat-bottomup ran for 0.018 secs (0.018u,0.s) (success)
Tactic call rewrite_strat-bottomup-noop ran for 0. secs (0.u,0.s) (success)
Tactic call abstract+rewrite_strat-bottomup ran for 0.025 secs (0.025u,0.s) (success)
Tactic call close-abstract+rewrite_strat-bottomup ran for 0.006 secs (0.006u,0.s)
Params: n= 20
Tactic call rewrite_strat-bottomup ran for 0.022 secs (0.022u,0.s) (success)
Tactic call rewrite_strat-bottomup-noop ran for 0. secs (0.u,0.s) (success)
Tactic call abstract+rewrite_strat-bottomup ran for 0.029 secs (0.029u,0.s) (success)
Tactic call close-abstract+rewrite_strat-bottomup ran for 0.006 secs (0.006u,0.s)
Params: n= 21
Tactic call rewrite_strat-bottomup ran for 0.016 secs (0.016u,0.s) (success)
Tactic call rewrite_strat-bottomup-noop ran for 0. secs (0.u,0.s) (success)
Tactic call abstract+rewrite_strat-bottomup ran for 0.024 secs (0.024u,0.s) (success)
Tactic call close-abstract+rewrite_strat-bottomup ran for 0.007 secs (0.007u,0.s)
Params: n= 22
Tactic call rewrite_strat-bottomup ran for 0.017 secs (0.017u,0.s) (success)
Tactic call rewrite_strat-bottomup-noop ran for 0. secs (0.u,0.s) (success)
Tactic call abstract+rewrite_strat-bottomup ran for 0.025 secs (0.025u,0.s) (success)
Tactic call close-abstract+rewrite_strat-bottomup ran for 0.006 secs (0.006u,0.s)
Params: n= 23
Tactic call rewrite_strat-bottomup ran for 0.019 secs (0.019u,0.s) (success)
Tactic call rewrite_strat-bottomup-noop ran for 0. secs (0.u,0.s) (success)
Tactic call abstract+rewrite_strat-bottomup ran for 0.027 secs (0.027u,0.s) (success)
Tactic call close-abstract+rewrite_strat-bottomup ran for 0.007 secs (0.007u,0.s)
Params: n= 24
Tactic call rewrite_strat-bottomup ran for 0.02 secs (0.02u,0.s) (success)
Tactic call rewrite_strat-bottomup-noop ran for 0. secs (0.u,0.s) (success)
Tactic call abstract+rewrite_strat-bottomup ran for 0.029 secs (0.029u,0.s) (success)
Tactic call close-abstract+rewrite_strat-bottomup ran for 0.008 secs (0.008u,0.s)
Params: n= 25
Tactic call rewrite_strat-bottomup ran for 0.02 secs (0.02u,0.s) (success)
Tactic call rewrite_strat-bottomup-noop ran for 0. secs (0.u,0.s) (success)
Tactic call abstract+rewrite_strat-bottomup ran for 0.034 secs (0.03u,0.003s) (success)
Tactic call close-abstract+rewrite_strat-bottomup ran for 0.012 secs (0.009u,0.002s)
Params: n= 26
Tactic call rewrite_strat-bottomup ran for 0.022 secs (0.022u,0.s) (success)
Tactic call rewrite_strat-bottomup-noop ran for 0. secs (0.u,0.s) (success)
Tactic call abstract+rewrite_strat-bottomup ran for 0.033 secs (0.033u,0.s) (success)
Tactic call close-abstract+rewrite_strat-bottomup ran for 0.01 secs (0.009u,0.s)
Params: n= 27
Tactic call rewrite_strat-bottomup ran for 0.023 secs (0.023u,0.s) (success)
Tactic call rewrite_strat-bottomup-noop ran for 0. secs (0.u,0.s) (success)
Tactic call abstract+rewrite_strat-bottomup ran for 0.034 secs (0.034u,0.s) (success)
Tactic call close-abstract+rewrite_strat-bottomup ran for 0.011 secs (0.011u,0.s)
Params: n= 28
Tactic call rewrite_strat-bottomup ran for 0.025 secs (0.025u,0.s) (success)
Tactic call rewrite_strat-bottomup-noop ran for 0. secs (0.u,0.s) (success)
Tactic call abstract+rewrite_strat-bottomup ran for 0.038 secs (0.038u,0.s) (success)
Tactic call close-abstract+rewrite_strat-bottomup ran for 0.011 secs (0.011u,0.s)
Params: n= 29
Tactic call rewrite_strat-bottomup ran for 0.027 secs (0.027u,0.s) (success)
Tactic call rewrite_strat-bottomup-noop ran for 0. secs (0.u,0.s) (success)
Tactic call abstract+rewrite_strat-bottomup ran for 0.041 secs (0.041u,0.s) (success)
Tactic call close-abstract+rewrite_strat-bottomup ran for 0.013 secs (0.013u,0.s)
Params: n= 30
Tactic call rewrite_strat-bottomup ran for 0.027 secs (0.027u,0.s) (success)
Tactic call rewrite_strat-bottomup-noop ran for 0. secs (0.u,0.s) (success)
Tactic call abstract+rewrite_strat-bottomup ran for 0.041 secs (0.041u,0.s) (success)
Tactic call close-abstract+rewrite_strat-bottomup ran for 0.013 secs (0.013u,0.s)
Params: n= 31
Tactic call rewrite_strat-bottomup ran for 0.028 secs (0.028u,0.s) (success)
Tactic call rewrite_strat-bottomup-noop ran for 0. secs (0.u,0.s) (success)
Tactic call abstract+rewrite_strat-bottomup ran for 0.043 secs (0.043u,0.s) (success)
Tactic call close-abstract+rewrite_strat-bottomup ran for 0.014 secs (0.014u,0.s)
Params: n= 32
Tactic call rewrite_strat-bottomup ran for 0.03 secs (0.03u,0.s) (success)
Tactic call rewrite_strat-bottomup-noop ran for 0. secs (0.u,0.s) (success)
Tactic call abstract+rewrite_strat-bottomup ran for 0.046 secs (0.046u,0.s) (success)
Tactic call close-abstract+rewrite_strat-bottomup ran for 0.014 secs (0.014u,0.s)
Params: n= 33
Tactic call rewrite_strat-bottomup ran for 0.038 secs (0.038u,0.s) (success)
Tactic call rewrite_strat-bottomup-noop ran for 0. secs (0.u,0.s) (success)
Tactic call abstract+rewrite_strat-bottomup ran for 0.056 secs (0.056u,0.s) (success)
Tactic call close-abstract+rewrite_strat-bottomup ran for 0.016 secs (0.016u,0.s)
Params: n= 34
Tactic call rewrite_strat-bottomup ran for 0.035 secs (0.035u,0.s) (success)
Tactic call rewrite_strat-bottomup-noop ran for 0. secs (0.u,0.s) (success)
Tactic call abstract+rewrite_strat-bottomup ran for 0.055 secs (0.055u,0.s) (success)
Tactic call close-abstract+rewrite_strat-bottomup ran for 0.018 secs (0.018u,0.s)
Params: n= 35
Tactic call rewrite_strat-bottomup ran for 0.04 secs (0.04u,0.s) (success)
Tactic call rewrite_strat-bottomup-noop ran for 0. secs (0.u,0.s) (success)
Tactic call abstract+rewrite_strat-bottomup ran for 0.06 secs (0.06u,0.s) (success)
Tactic call close-abstract+rewrite_strat-bottomup ran for 0.018 secs (0.018u,0.s)
Params: n= 36
Tactic call rewrite_strat-bottomup ran for 0.039 secs (0.039u,0.s) (success)
Tactic call rewrite_strat-bottomup-noop ran for 0. secs (0.u,0.s) (success)
Tactic call abstract+rewrite_strat-bottomup ran for 0.059 secs (0.059u,0.s) (success)
Tactic call close-abstract+rewrite_strat-bottomup ran for 0.018 secs (0.018u,0.s)
Params: n= 37
Tactic call rewrite_strat-bottomup ran for 0.039 secs (0.039u,0.s) (success)
Tactic call rewrite_strat-bottomup-noop ran for 0. secs (0.u,0.s) (success)
Tactic call abstract+rewrite_strat-bottomup ran for 0.063 secs (0.06u,0.s) (success)
Tactic call close-abstract+rewrite_strat-bottomup ran for 0.022 secs (0.019u,0.s)
Params: n= 38
Tactic call rewrite_strat-bottomup ran for 0.042 secs (0.046u,0.s) (success)
Tactic call rewrite_strat-bottomup-noop ran for 0. secs (0.u,0.s) (success)
Tactic call abstract+rewrite_strat-bottomup ran for 0.066 secs (0.07u,0.s) (success)
Tactic call close-abstract+rewrite_strat-bottomup ran for 0.023 secs (0.023u,0.s)
Params: n= 39
Tactic call rewrite_strat-bottomup ran for 0.043 secs (0.043u,0.s) (success)
Tactic call rewrite_strat-bottomup-noop ran for 0. secs (0.u,0.s) (success)
Tactic call abstract+rewrite_strat-bottomup ran for 0.069 secs (0.069u,0.s) (success)
Tactic call close-abstract+rewrite_strat-bottomup ran for 0.024 secs (0.024u,0.s)
Params: n= 40
Tactic call rewrite_strat-bottomup ran for 0.046 secs (0.046u,0.s) (success)
Tactic call rewrite_strat-bottomup-noop ran for 0. secs (0.u,0.s) (success)
Tactic call abstract+rewrite_strat-bottomup ran for 0.071 secs (0.071u,0.s) (success)
Tactic call close-abstract+rewrite_strat-bottomup ran for 0.024 secs (0.024u,0.s)
Params: n= 41
Tactic call rewrite_strat-bottomup ran for 0.05 secs (0.05u,0.s) (success)
Tactic call rewrite_strat-bottomup-noop ran for 0. secs (0.u,0.s) (success)
Tactic call abstract+rewrite_strat-bottomup ran for 0.076 secs (0.076u,0.s) (success)
Tactic call close-abstract+rewrite_strat-bottomup ran for 0.024 secs (0.024u,0.s)
Params: n= 42
Tactic call rewrite_strat-bottomup ran for 0.049 secs (0.049u,0.s) (success)
Tactic call rewrite_strat-bottomup-noop ran for 0. secs (0.u,0.s) (success)
Tactic call abstract+rewrite_strat-bottomup ran for 0.076 secs (0.076u,0.s) (success)
Tactic call close-abstract+rewrite_strat-bottomup ran for 0.025 secs (0.025u,0.s)
Params: n= 43
Tactic call rewrite_strat-bottomup ran for 0.053 secs (0.053u,0.s) (success)
Tactic call rewrite_strat-bottomup-noop ran for 0. secs (0.u,0.s) (success)
Tactic call abstract+rewrite_strat-bottomup ran for 0.082 secs (0.082u,0.s) (success)
Tactic call close-abstract+rewrite_strat-bottomup ran for 0.027 secs (0.027u,0.s)
Params: n= 44
Tactic call rewrite_strat-bottomup ran for 0.053 secs (0.053u,0.s) (success)
Tactic call rewrite_strat-bottomup-noop ran for 0. secs (0.u,0.s) (success)
Tactic call abstract+rewrite_strat-bottomup ran for 0.084 secs (0.084u,0.s) (success)
Tactic call close-abstract+rewrite_strat-bottomup ran for 0.03 secs (0.03u,0.s)
Params: n= 45
Tactic call rewrite_strat-bottomup ran for 0.058 secs (0.058u,0.s) (success)
Tactic call rewrite_strat-bottomup-noop ran for 0. secs (0.u,0.s) (success)
Tactic call abstract+rewrite_strat-bottomup ran for 0.093 secs (0.093u,0.s) (success)
Tactic call close-abstract+rewrite_strat-bottomup ran for 0.033 secs (0.033u,0.s)
Params: n= 46
Tactic call rewrite_strat-bottomup ran for 0.059 secs (0.059u,0.s) (success)
Tactic call rewrite_strat-bottomup-noop ran for 0. secs (0.u,0.s) (success)
Tactic call abstract+rewrite_strat-bottomup ran for 0.094 secs (0.094u,0.s) (success)
Tactic call close-abstract+rewrite_strat-bottomup ran for 0.033 secs (0.033u,0.s)
Params: n= 47
Tactic call rewrite_strat-bottomup ran for 0.066 secs (0.066u,0.s) (success)
Tactic call rewrite_strat-bottomup-noop ran for 0. secs (0.u,0.s) (success)
Tactic call abstract+rewrite_strat-bottomup ran for 0.102 secs (0.098u,0.003s) (success)
Tactic call close-abstract+rewrite_strat-bottomup ran for 0.034 secs (0.031u,0.002s)
Params: n= 48
Tactic call rewrite_strat-bottomup ran for 0.074 secs (0.074u,0.s) (success)
Tactic call rewrite_strat-bottomup-noop ran for 0. secs (0.u,0.s) (success)
Tactic call abstract+rewrite_strat-bottomup ran for 0.117 secs (0.117u,0.s) (success)
Tactic call close-abstract+rewrite_strat-bottomup ran for 0.041 secs (0.041u,0.s)
Params: n= 49
Tactic call rewrite_strat-bottomup ran for 0.06 secs (0.06u,0.s) (success)
Tactic call rewrite_strat-bottomup-noop ran for 0. secs (0.u,0.s) (success)
Tactic call abstract+rewrite_strat-bottomup ran for 0.098 secs (0.098u,0.s) (success)
Tactic call close-abstract+rewrite_strat-bottomup ran for 0.035 secs (0.035u,0.s)
Params: n= 51
Tactic call rewrite_strat-bottomup ran for 0.078 secs (0.078u,0.s) (success)
Tactic call rewrite_strat-bottomup-noop ran for 0. secs (0.u,0.s) (success)
Tactic call abstract+rewrite_strat-bottomup ran for 0.118 secs (0.118u,0.s) (success)
Tactic call close-abstract+rewrite_strat-bottomup ran for 0.038 secs (0.038u,0.s)
Params: n= 52
Tactic call rewrite_strat-bottomup ran for 0.072 secs (0.072u,0.s) (success)
Tactic call rewrite_strat-bottomup-noop ran for 0. secs (0.u,0.s) (success)
Tactic call abstract+rewrite_strat-bottomup ran for 0.114 secs (0.114u,0.s) (success)
Tactic call close-abstract+rewrite_strat-bottomup ran for 0.04 secs (0.04u,0.s)
Params: n= 53
Tactic call rewrite_strat-bottomup ran for 0.071 secs (0.071u,0.s) (success)
Tactic call rewrite_strat-bottomup-noop ran for 0. secs (0.u,0.s) (success)
Tactic call abstract+rewrite_strat-bottomup ran for 0.115 secs (0.115u,0.s) (success)
Tactic call close-abstract+rewrite_strat-bottomup ran for 0.042 secs (0.042u,0.s)
Params: n= 54
Tactic call rewrite_strat-bottomup ran for 0.084 secs (0.084u,0.s) (success)
Tactic call rewrite_strat-bottomup-noop ran for 0. secs (0.u,0.s) (success)
Tactic call abstract+rewrite_strat-bottomup ran for 0.129 secs (0.129u,0.s) (success)
Tactic call close-abstract+rewrite_strat-bottomup ran for 0.043 secs (0.043u,0.s)
Params: n= 55
Tactic call rewrite_strat-bottomup ran for 0.085 secs (0.085u,0.s) (success)
Tactic call rewrite_strat-bottomup-noop ran for 0. secs (0.u,0.s) (success)
Tactic call abstract+rewrite_strat-bottomup ran for 0.133 secs (0.133u,0.s) (success)
Tactic call close-abstract+rewrite_strat-bottomup ran for 0.046 secs (0.046u,0.s)
Params: n= 56
Tactic call rewrite_strat-bottomup ran for 0.082 secs (0.082u,0.s) (success)
Tactic call rewrite_strat-bottomup-noop ran for 0. secs (0.u,0.s) (success)
Tactic call abstract+rewrite_strat-bottomup ran for 0.137 secs (0.137u,0.s) (success)
Tactic call close-abstract+rewrite_strat-bottomup ran for 0.053 secs (0.053u,0.s)
Params: n= 57
Tactic call rewrite_strat-bottomup ran for 0.087 secs (0.087u,0.s) (success)
Tactic call rewrite_strat-bottomup-noop ran for 0. secs (0.u,0.s) (success)
Tactic call abstract+rewrite_strat-bottomup ran for 0.144 secs (0.144u,0.s) (success)
Tactic call close-abstract+rewrite_strat-bottomup ran for 0.055 secs (0.055u,0.s)
Params: n= 58
Tactic call rewrite_strat-bottomup ran for 0.082 secs (0.082u,0.s) (success)
Tactic call rewrite_strat-bottomup-noop ran for 0. secs (0.u,0.s) (success)
Tactic call abstract+rewrite_strat-bottomup ran for 0.137 secs (0.137u,0.s) (success)
Tactic call close-abstract+rewrite_strat-bottomup ran for 0.053 secs (0.053u,0.s)
Params: n= 59
Tactic call rewrite_strat-bottomup ran for 0.085 secs (0.085u,0.s) (success)
Tactic call rewrite_strat-bottomup-noop ran for 0. secs (0.u,0.s) (success)
Tactic call abstract+rewrite_strat-bottomup ran for 0.138 secs (0.138u,0.s) (success)
Tactic call close-abstract+rewrite_strat-bottomup ran for 0.051 secs (0.051u,0.s)
Params: n= 60
Tactic call rewrite_strat-bottomup ran for 0.098 secs (0.098u,0.s) (success)
Tactic call rewrite_strat-bottomup-noop ran for 0.001 secs (0.001u,0.s) (success)
Tactic call abstract+rewrite_strat-bottomup ran for 0.158 secs (0.158u,0.s) (success)
Tactic call close-abstract+rewrite_strat-bottomup ran for 0.058 secs (0.058u,0.s)
Params: n= 61
Tactic call rewrite_strat-bottomup ran for 0.091 secs (0.091u,0.s) (success)
Tactic call rewrite_strat-bottomup-noop ran for 0. secs (0.u,0.s) (success)
Tactic call abstract+rewrite_strat-bottomup ran for 0.148 secs (0.148u,0.s) (success)
Tactic call close-abstract+rewrite_strat-bottomup ran for 0.055 secs (0.055u,0.s)
Params: n= 62
Tactic call rewrite_strat-bottomup ran for 0.093 secs (0.09u,0.003s) (success)
Tactic call rewrite_strat-bottomup-noop ran for 0. secs (0.u,0.s) (success)
Tactic call abstract+rewrite_strat-bottomup ran for 0.153 secs (0.15u,0.003s) (success)
Tactic call close-abstract+rewrite_strat-bottomup ran for 0.057 secs (0.057u,0.s)
Params: n= 63
Tactic call rewrite_strat-bottomup ran for 0.105 secs (0.105u,0.s) (success)
Tactic call rewrite_strat-bottomup-noop ran for 0. secs (0.u,0.s) (success)
Tactic call abstract+rewrite_strat-bottomup ran for 0.169 secs (0.169u,0.s) (success)
Tactic call close-abstract+rewrite_strat-bottomup ran for 0.062 secs (0.062u,0.s)
Params: n= 64
Tactic call rewrite_strat-bottomup ran for 0.103 secs (0.103u,0.s) (success)
Tactic call rewrite_strat-bottomup-noop ran for 0. secs (0.u,0.s) (success)
Tactic call abstract+rewrite_strat-bottomup ran for 0.166 secs (0.166u,0.s) (success)
Tactic call close-abstract+rewrite_strat-bottomup ran for 0.061 secs (0.061u,0.s)
Params: n= 65
Tactic call rewrite_strat-bottomup ran for 0.098 secs (0.098u,0.s) (success)
Tactic call rewrite_strat-bottomup-noop ran for 0.001 secs (0.001u,0.s) (success)
Tactic call abstract+rewrite_strat-bottomup ran for 0.162 secs (0.162u,0.s) (success)
Tactic call close-abstract+rewrite_strat-bottomup ran for 0.061 secs (0.061u,0.s)
Params: n= 66
Tactic call rewrite_strat-bottomup ran for 0.104 secs (0.104u,0.s) (success)
Tactic call rewrite_strat-bottomup-noop ran for 0. secs (0.001u,0.s) (success)
Tactic call abstract+rewrite_strat-bottomup ran for 0.169 secs (0.169u,0.s) (success)
Tactic call close-abstract+rewrite_strat-bottomup ran for 0.062 secs (0.062u,0.s)
Params: n= 67
Tactic call rewrite_strat-bottomup ran for 0.104 secs (0.104u,0.s) (success)
Tactic call rewrite_strat-bottomup-noop ran for 0. secs (0.u,0.s) (success)
Tactic call abstract+rewrite_strat-bottomup ran for 0.17 secs (0.17u,0.s) (success)
Tactic call close-abstract+rewrite_strat-bottomup ran for 0.063 secs (0.063u,0.s)
Params: n= 68
Tactic call rewrite_strat-bottomup ran for 0.115 secs (0.115u,0.s) (success)
Tactic call rewrite_strat-bottomup-noop ran for 0. secs (0.u,0.s) (success)
Tactic call abstract+rewrite_strat-bottomup ran for 0.183 secs (0.183u,0.s) (success)
Tactic call close-abstract+rewrite_strat-bottomup ran for 0.066 secs (0.066u,0.s)
Params: n= 69
Tactic call rewrite_strat-bottomup ran for 0.14 secs (0.14u,0.s) (success)
Tactic call rewrite_strat-bottomup-noop ran for 0.003 secs (0.u,0.003s) (success)
Tactic call abstract+rewrite_strat-bottomup ran for 0.215 secs (0.212u,0.003s) (success)
Tactic call close-abstract+rewrite_strat-bottomup ran for 0.071 secs (0.071u,0.s)
Params: n= 70
Tactic call rewrite_strat-bottomup ran for 0.124 secs (0.124u,0.s) (success)
Tactic call rewrite_strat-bottomup-noop ran for 0.001 secs (0.001u,0.s) (success)
Tactic call abstract+rewrite_strat-bottomup ran for 0.209 secs (0.209u,0.s) (success)
Tactic call close-abstract+rewrite_strat-bottomup ran for 0.083 secs (0.083u,0.s)
Params: n= 71
Tactic call rewrite_strat-bottomup ran for 0.134 secs (0.134u,0.s) (success)
Tactic call rewrite_strat-bottomup-noop ran for 0.001 secs (0.001u,0.s) (success)
Tactic call abstract+rewrite_strat-bottomup ran for 0.216 secs (0.216u,0.s) (success)
Tactic call close-abstract+rewrite_strat-bottomup ran for 0.079 secs (0.079u,0.s)
Params: n= 72
Tactic call rewrite_strat-bottomup ran for 0.118 secs (0.118u,0.s) (success)
Tactic call rewrite_strat-bottomup-noop ran for 0.001 secs (0.001u,0.s) (success)
Tactic call abstract+rewrite_strat-bottomup ran for 0.194 secs (0.194u,0.s) (success)
Tactic call close-abstract+rewrite_strat-bottomup ran for 0.074 secs (0.074u,0.s)
Params: n= 73
Tactic call rewrite_strat-bottomup ran for 0.135 secs (0.135u,0.s) (success)
Tactic call rewrite_strat-bottomup-noop ran for 0.001 secs (0.001u,0.s) (success)
Tactic call abstract+rewrite_strat-bottomup ran for 0.224 secs (0.224u,0.s) (success)
Tactic call close-abstract+rewrite_strat-bottomup ran for 0.087 secs (0.087u,0.s)
Params: n= 74
Tactic call rewrite_strat-bottomup ran for 0.14 secs (0.135u,0.003s) (success)
Tactic call rewrite_strat-bottomup-noop ran for 0.001 secs (0.001u,0.s) (success)
Tactic call abstract+rewrite_strat-bottomup ran for 0.229 secs (0.225u,0.003s) (success)
Tactic call close-abstract+rewrite_strat-bottomup ran for 0.087 secs (0.087u,0.s)
Params: n= 75
Tactic call rewrite_strat-bottomup ran for 0.146 secs (0.146u,0.s) (success)
Tactic call rewrite_strat-bottomup-noop ran for 0.001 secs (0.001u,0.s) (success)
Tactic call abstract+rewrite_strat-bottomup ran for 0.228 secs (0.228u,0.s) (success)
Tactic call close-abstract+rewrite_strat-bottomup ran for 0.079 secs (0.079u,0.s)
Params: n= 76
Tactic call rewrite_strat-bottomup ran for 0.156 secs (0.152u,0.003s) (success)
Tactic call rewrite_strat-bottomup-noop ran for 0.001 secs (0.001u,0.s) (success)
Tactic call abstract+rewrite_strat-bottomup ran for 0.248 secs (0.244u,0.003s) (success)
Tactic call close-abstract+rewrite_strat-bottomup ran for 0.09 secs (0.09u,0.s)
Params: n= 77
Tactic call rewrite_strat-bottomup ran for 0.156 secs (0.156u,0.s) (success)
Tactic call rewrite_strat-bottomup-noop ran for 0. secs (0.u,0.s) (success)
Tactic call abstract+rewrite_strat-bottomup ran for 0.252 secs (0.251u,0.s) (success)
Tactic call close-abstract+rewrite_strat-bottomup ran for 0.093 secs (0.093u,0.s)
Params: n= 78
Tactic call rewrite_strat-bottomup ran for 0.149 secs (0.145u,0.003s) (success)
Tactic call rewrite_strat-bottomup-noop ran for 0.001 secs (0.001u,0.s) (success)
Tactic call abstract+rewrite_strat-bottomup ran for 0.233 secs (0.229u,0.003s) (success)
Tactic call close-abstract+rewrite_strat-bottomup ran for 0.081 secs (0.081u,0.s)
Params: n= 79
Tactic call rewrite_strat-bottomup ran for 0.149 secs (0.149u,0.s) (success)
Tactic call rewrite_strat-bottomup-noop ran for 0.001 secs (0.001u,0.s) (success)
Tactic call abstract+rewrite_strat-bottomup ran for 0.238 secs (0.238u,0.s) (success)
Tactic call close-abstract+rewrite_strat-bottomup ran for 0.087 secs (0.087u,0.s)
Params: n= 80
Tactic call rewrite_strat-bottomup ran for 0.158 secs (0.158u,0.s) (success)
Tactic call rewrite_strat-bottomup-noop ran for 0.001 secs (0.001u,0.s) (success)
Tactic call abstract+rewrite_strat-bottomup ran for 0.251 secs (0.251u,0.s) (success)
Tactic call close-abstract+rewrite_strat-bottomup ran for 0.091 secs (0.091u,0.s)
Params: n= 81
Tactic call rewrite_strat-bottomup ran for 0.164 secs (0.164u,0.s) (success)
Tactic call rewrite_strat-bottomup-noop ran for 0.001 secs (0.001u,0.s) (success)
Tactic call abstract+rewrite_strat-bottomup ran for 0.259 secs (0.259u,0.s) (success)
Tactic call close-abstract+rewrite_strat-bottomup ran for 0.09 secs (0.09u,0.s)
Params: n= 82
Tactic call rewrite_strat-bottomup ran for 0.158 secs (0.158u,0.s) (success)
Tactic call rewrite_strat-bottomup-noop ran for 0.001 secs (0.001u,0.s) (success)
Tactic call abstract+rewrite_strat-bottomup ran for 0.25 secs (0.25u,0.s) (success)
Tactic call close-abstract+rewrite_strat-bottomup ran for 0.089 secs (0.089u,0.s)
Params: n= 83
Tactic call rewrite_strat-bottomup ran for 0.164 secs (0.16u,0.003s) (success)
Tactic call rewrite_strat-bottomup-noop ran for 0. secs (0.u,0.s) (success)
Tactic call abstract+rewrite_strat-bottomup ran for 0.264 secs (0.26u,0.003s) (success)
Tactic call close-abstract+rewrite_strat-bottomup ran for 0.097 secs (0.097u,0.s)
Params: n= 84
Tactic call rewrite_strat-bottomup ran for 0.179 secs (0.179u,0.s) (success)
Tactic call rewrite_strat-bottomup-noop ran for 0.001 secs (0.001u,0.s) (success)
Tactic call abstract+rewrite_strat-bottomup ran for 0.278 secs (0.278u,0.s) (success)
Tactic call close-abstract+rewrite_strat-bottomup ran for 0.096 secs (0.096u,0.s)
Params: n= 85
Tactic call rewrite_strat-bottomup ran for 0.165 secs (0.165u,0.s) (success)
Tactic call rewrite_strat-bottomup-noop ran for 0.001 secs (0.001u,0.s) (success)
Tactic call abstract+rewrite_strat-bottomup ran for 0.271 secs (0.27u,0.s) (success)
Tactic call close-abstract+rewrite_strat-bottomup ran for 0.103 secs (0.103u,0.s)
Params: n= 86
Tactic call rewrite_strat-bottomup ran for 0.178 secs (0.178u,0.s) (success)
Tactic call rewrite_strat-bottomup-noop ran for 0.001 secs (0.001u,0.s) (success)
Tactic call abstract+rewrite_strat-bottomup ran for 0.284 secs (0.278u,0.s) (success)
Tactic call close-abstract+rewrite_strat-bottomup ran for 0.102 secs (0.096u,0.s)
Params: n= 87
Tactic call rewrite_strat-bottomup ran for 0.176 secs (0.176u,0.s) (success)
Tactic call rewrite_strat-bottomup-noop ran for 0.001 secs (0.001u,0.s) (success)
Tactic call abstract+rewrite_strat-bottomup ran for 0.29 secs (0.29u,0.s) (success)
Tactic call close-abstract+rewrite_strat-bottomup ran for 0.112 secs (0.112u,0.s)
Params: n= 88
Tactic call rewrite_strat-bottomup ran for 0.179 secs (0.175u,0.003s) (success)
Tactic call rewrite_strat-bottomup-noop ran for 0.001 secs (0.001u,0.s) (success)
Tactic call abstract+rewrite_strat-bottomup ran for 0.289 secs (0.284u,0.003s) (success)
Tactic call close-abstract+rewrite_strat-bottomup ran for 0.107 secs (0.107u,0.s)
Params: n= 89
Tactic call rewrite_strat-bottomup ran for 0.196 secs (0.196u,0.s) (success)
Tactic call rewrite_strat-bottomup-noop ran for 0.001 secs (0.001u,0.s) (success)
Tactic call abstract+rewrite_strat-bottomup ran for 0.32 secs (0.32u,0.s) (success)
Tactic call close-abstract+rewrite_strat-bottomup ran for 0.121 secs (0.121u,0.s)
Params: n= 90
Tactic call rewrite_strat-bottomup ran for 0.201 secs (0.201u,0.s) (success)
Tactic call rewrite_strat-bottomup-noop ran for 0.001 secs (0.001u,0.s) (success)
Tactic call abstract+rewrite_strat-bottomup ran for 0.322 secs (0.322u,0.s) (success)
Tactic call close-abstract+rewrite_strat-bottomup ran for 0.118 secs (0.118u,0.s)
Params: n= 91
Tactic call rewrite_strat-bottomup ran for 0.231 secs (0.227u,0.004s) (success)
Tactic call rewrite_strat-bottomup-noop ran for 0.001 secs (0.001u,0.s) (success)
Tactic call abstract+rewrite_strat-bottomup ran for 0.352 secs (0.348u,0.004s) (success)
Tactic call close-abstract+rewrite_strat-bottomup ran for 0.118 secs (0.118u,0.s)
Params: n= 92
Tactic call rewrite_strat-bottomup ran for 0.208 secs (0.208u,0.s) (success)
Tactic call rewrite_strat-bottomup-noop ran for 0.001 secs (0.001u,0.s) (success)
Tactic call abstract+rewrite_strat-bottomup ran for 0.354 secs (0.35u,0.003s) (success)
Tactic call close-abstract+rewrite_strat-bottomup ran for 0.138 secs (0.134u,0.003s)
Params: n= 93
Tactic call rewrite_strat-bottomup ran for 0.195 secs (0.195u,0.s) (success)
Tactic call rewrite_strat-bottomup-noop ran for 0.001 secs (0.001u,0.s) (success)
Tactic call abstract+rewrite_strat-bottomup ran for 0.324 secs (0.324u,0.s) (success)
Tactic call close-abstract+rewrite_strat-bottomup ran for 0.126 secs (0.126u,0.s)
Params: n= 94
Tactic call rewrite_strat-bottomup ran for 0.214 secs (0.214u,0.s) (success)
Tactic call rewrite_strat-bottomup-noop ran for 0.001 secs (0.001u,0.s) (success)
Tactic call abstract+rewrite_strat-bottomup ran for 0.354 secs (0.354u,0.s) (success)
Tactic call close-abstract+rewrite_strat-bottomup ran for 0.137 secs (0.137u,0.s)
Params: n= 95
Tactic call rewrite_strat-bottomup ran for 0.224 secs (0.224u,0.s) (success)
Tactic call rewrite_strat-bottomup-noop ran for 0.001 secs (0.001u,0.s) (success)
Tactic call abstract+rewrite_strat-bottomup ran for 0.361 secs (0.361u,0.s) (success)
Tactic call close-abstract+rewrite_strat-bottomup ran for 0.134 secs (0.134u,0.s)
Params: n= 96
Tactic call rewrite_strat-bottomup ran for 0.228 secs (0.224u,0.003s) (success)
Tactic call rewrite_strat-bottomup-noop ran for 0.001 secs (0.001u,0.s) (success)
Tactic call abstract+rewrite_strat-bottomup ran for 0.388 secs (0.385u,0.003s) (success)
Tactic call close-abstract+rewrite_strat-bottomup ran for 0.158 secs (0.158u,0.s)
Params: n= 97
Tactic call rewrite_strat-bottomup ran for 0.248 secs (0.248u,0.s) (success)
Tactic call rewrite_strat-bottomup-noop ran for 0.001 secs (0.001u,0.s) (success)
Tactic call abstract+rewrite_strat-bottomup ran for 0.4 secs (0.4u,0.s) (success)
Tactic call close-abstract+rewrite_strat-bottomup ran for 0.149 secs (0.149u,0.s)
Params: n= 98
Tactic call rewrite_strat-bottomup ran for 0.22 secs (0.22u,0.s) (success)
Tactic call rewrite_strat-bottomup-noop ran for 0.001 secs (0.001u,0.s) (success)
Tactic call abstract+rewrite_strat-bottomup ran for 0.361 secs (0.361u,0.s) (success)
Tactic call close-abstract+rewrite_strat-bottomup ran for 0.137 secs (0.137u,0.s)
Params: n= 99
Tactic call rewrite_strat-bottomup ran for 0.242 secs (0.242u,0.s) (success)
Tactic call rewrite_strat-bottomup-noop ran for 0.001 secs (0.001u,0.s) (success)
Tactic call abstract+rewrite_strat-bottomup ran for 0.398 secs (0.398u,0.s) (success)
Tactic call close-abstract+rewrite_strat-bottomup ran for 0.152 secs (0.152u,0.s)
Params: n= 110
Tactic call rewrite_strat-bottomup ran for 0.286 secs (0.286u,0.s) (success)
Tactic call rewrite_strat-bottomup-noop ran for 0.002 secs (0.002u,0.s) (success)
Tactic call abstract+rewrite_strat-bottomup ran for 0.457 secs (0.457u,0.s) (success)
Tactic call close-abstract+rewrite_strat-bottomup ran for 0.166 secs (0.166u,0.s)
Params: n= 120
Tactic call rewrite_strat-bottomup ran for 0.318 secs (0.318u,0.s) (success)
Tactic call rewrite_strat-bottomup-noop ran for 0.002 secs (0.002u,0.s) (success)
Tactic call abstract+rewrite_strat-bottomup ran for 0.531 secs (0.527u,0.003s) (success)
Tactic call close-abstract+rewrite_strat-bottomup ran for 0.209 secs (0.205u,0.003s)
Params: n= 130
Tactic call rewrite_strat-bottomup ran for 0.389 secs (0.385u,0.003s) (success)
Tactic call rewrite_strat-bottomup-noop ran for 0.001 secs (0.001u,0.s) (success)
Tactic call abstract+rewrite_strat-bottomup ran for 0.646 secs (0.641u,0.004s) (success)
Tactic call close-abstract+rewrite_strat-bottomup ran for 0.253 secs (0.253u,0.s)
Params: n= 140
Tactic call rewrite_strat-bottomup ran for 0.427 secs (0.423u,0.004s) (success)
Tactic call rewrite_strat-bottomup-noop ran for 0.002 secs (0.002u,0.s) (success)
Tactic call abstract+rewrite_strat-bottomup ran for 0.701 secs (0.697u,0.004s) (success)
Tactic call close-abstract+rewrite_strat-bottomup ran for 0.27 secs (0.27u,0.s)
Params: n= 160
Tactic call rewrite_strat-bottomup ran for 0.618 secs (0.618u,0.s) (success)
Tactic call rewrite_strat-bottomup-noop ran for 0.002 secs (0.002u,0.s) (success)
Tactic call abstract+rewrite_strat-bottomup ran for 1.006 secs (1.006u,0.s) (success)
Tactic call close-abstract+rewrite_strat-bottomup ran for 0.383 secs (0.383u,0.s)
Params: n= 170
Tactic call rewrite_strat-bottomup ran for 0.646 secs (0.646u,0.s) (success)
Tactic call rewrite_strat-bottomup-noop ran for 0.002 secs (0.u,0.002s) (success)
Tactic call abstract+rewrite_strat-bottomup ran for 1.076 secs (1.072u,0.003s) (success)
Tactic call close-abstract+rewrite_strat-bottomup ran for 0.425 secs (0.425u,0.s)
Params: n= 180
Tactic call rewrite_strat-bottomup ran for 0.721 secs (0.721u,0.s) (success)
Tactic call rewrite_strat-bottomup-noop ran for 0.003 secs (0.003u,0.s) (success)
Tactic call abstract+rewrite_strat-bottomup ran for 1.149 secs (1.148u,0.s) (success)
Tactic call close-abstract+rewrite_strat-bottomup ran for 0.423 secs (0.422u,0.s)
Params: n= 190
Tactic call rewrite_strat-bottomup ran for 0.837 secs (0.841u,0.s) (success)
Tactic call rewrite_strat-bottomup-noop ran for 0.003 secs (0.003u,0.s) (success)
Tactic call abstract+rewrite_strat-bottomup ran for 1.358 secs (1.36u,0.s) (success)
Tactic call close-abstract+rewrite_strat-bottomup ran for 0.515 secs (0.515u,0.s)
Params: n= 210
Tactic call rewrite_strat-bottomup ran for 1.002 secs (1.002u,0.s) (success)
Tactic call rewrite_strat-bottomup-noop ran for 0.004 secs (0.004u,0.s) (success)
Tactic call abstract+rewrite_strat-bottomup ran for 1.618 secs (1.618u,0.s) (success)
Tactic call close-abstract+rewrite_strat-bottomup ran for 0.61 secs (0.61u,0.s)
Params: n= 220
Tactic call rewrite_strat-bottomup ran for 1.126 secs (1.126u,0.s) (success)
Tactic call rewrite_strat-bottomup-noop ran for 0.014 secs (0.014u,0.s) (success)
Tactic call abstract+rewrite_strat-bottomup ran for 1.85 secs (1.85u,0.s) (success)
Tactic call close-abstract+rewrite_strat-bottomup ran for 0.707 secs (0.707u,0.s)
Params: n= 230
Tactic call rewrite_strat-bottomup ran for 1.258 secs (1.258u,0.s) (success)
Tactic call rewrite_strat-bottomup-noop ran for 0.004 secs (0.004u,0.s) (success)
Tactic call abstract+rewrite_strat-bottomup ran for 1.981 secs (1.977u,0.004s) (success)
Tactic call close-abstract+rewrite_strat-bottomup ran for 0.716 secs (0.712u,0.004s)
Params: n= 240
Tactic call rewrite_strat-bottomup ran for 1.39 secs (1.382u,0.008s) (success)
Tactic call rewrite_strat-bottomup-noop ran for 0.006 secs (0.006u,0.s) (success)
Tactic call abstract+rewrite_strat-bottomup ran for 2.151 secs (2.143u,0.008s) (success)
Tactic call close-abstract+rewrite_strat-bottomup ran for 0.741 secs (0.741u,0.s)
Params: n= 260
Tactic call rewrite_strat-bottomup ran for 1.691 secs (1.685u,0.003s) (success)
Tactic call rewrite_strat-bottomup-noop ran for 0.005 secs (0.005u,0.s) (success)
Tactic call abstract+rewrite_strat-bottomup ran for 2.638 secs (2.632u,0.004s) (success)
Tactic call close-abstract+rewrite_strat-bottomup ran for 0.939 secs (0.939u,0.s)
Params: n= 270
Tactic call rewrite_strat-bottomup ran for 1.8 secs (1.799u,0.s) (success)
Tactic call rewrite_strat-bottomup-noop ran for 0.005 secs (0.005u,0.s) (success)
Tactic call abstract+rewrite_strat-bottomup ran for 2.771 secs (2.77u,0.s) (success)
Tactic call close-abstract+rewrite_strat-bottomup ran for 0.963 secs (0.962u,0.s)
Params: n= 280
Tactic call rewrite_strat-bottomup ran for 1.92 secs (1.919u,0.s) (success)
Tactic call rewrite_strat-bottomup-noop ran for 0.007 secs (0.006u,0.s) (success)
Tactic call abstract+rewrite_strat-bottomup ran for 3.013 secs (3.012u,0.s) (success)
Tactic call close-abstract+rewrite_strat-bottomup ran for 1.084 secs (1.084u,0.s)
Params: n= 290
Tactic call rewrite_strat-bottomup ran for 1.993 secs (1.993u,0.s) (success)
Tactic call rewrite_strat-bottomup-noop ran for 0.006 secs (0.006u,0.s) (success)
Tactic call abstract+rewrite_strat-bottomup ran for 3.09 secs (3.09u,0.s) (success)
Tactic call close-abstract+rewrite_strat-bottomup ran for 1.089 secs (1.089u,0.s)
Params: n= 310
Tactic call rewrite_strat-bottomup ran for 2.393 secs (2.393u,0.s) (success)
Tactic call rewrite_strat-bottomup-noop ran for 0.015 secs (0.015u,0.s) (success)
Tactic call abstract+rewrite_strat-bottomup ran for 3.737 secs (3.737u,0.s) (success)
Tactic call close-abstract+rewrite_strat-bottomup ran for 1.325 secs (1.325u,0.s)
Params: n= 320
Tactic call rewrite_strat-bottomup ran for 2.493 secs (2.469u,0.024s) (success)
Tactic call rewrite_strat-bottomup-noop ran for 0.011 secs (0.011u,0.s) (success)
Tactic call abstract+rewrite_strat-bottomup ran for 3.884 secs (3.855u,0.028s) (success)
Tactic call close-abstract+rewrite_strat-bottomup ran for 1.377 secs (1.373u,0.004s)
Params: n= 330
Tactic call rewrite_strat-bottomup ran for 2.619 secs (2.598u,0.02s) (success)
Tactic call rewrite_strat-bottomup-noop ran for 0.009 secs (0.009u,0.s) (success)
Tactic call abstract+rewrite_strat-bottomup ran for 4.109 secs (4.087u,0.02s) (success)
Tactic call close-abstract+rewrite_strat-bottomup ran for 1.478 secs (1.478u,0.s)
Params: n= 340
Tactic call rewrite_strat-bottomup ran for 3. secs (2.992u,0.008s) (success)
Tactic call rewrite_strat-bottomup-noop ran for 0.01 secs (0.01u,0.s) (success)
Tactic call abstract+rewrite_strat-bottomup ran for 4.55 secs (4.541u,0.008s) (success)
Tactic call close-abstract+rewrite_strat-bottomup ran for 1.537 secs (1.536u,0.s)
Params: n= 360
Tactic call rewrite_strat-bottomup ran for 3.325 secs (3.324u,0.s) (success)
Tactic call rewrite_strat-bottomup-noop ran for 0.009 secs (0.009u,0.s) (success)
Tactic call abstract+rewrite_strat-bottomup ran for 5.102 secs (5.102u,0.s) (success)
Tactic call close-abstract+rewrite_strat-bottomup ran for 1.765 secs (1.765u,0.s)
Params: n= 370
Tactic call rewrite_strat-bottomup ran for 3.538 secs (3.525u,0.012s) (success)
Tactic call rewrite_strat-bottomup-noop ran for 0.009 secs (0.009u,0.s) (success)
Tactic call abstract+rewrite_strat-bottomup ran for 5.686 secs (5.664u,0.02s) (success)
Tactic call close-abstract+rewrite_strat-bottomup ran for 2.135 secs (2.127u,0.008s)
Params: n= 380
Tactic call rewrite_strat-bottomup ran for 3.771 secs (3.77u,0.s) (success)
Tactic call rewrite_strat-bottomup-noop ran for 0.013 secs (0.013u,0.s) (success)
Tactic call abstract+rewrite_strat-bottomup ran for 5.673 secs (5.672u,0.s) (success)
Tactic call close-abstract+rewrite_strat-bottomup ran for 1.886 secs (1.886u,0.s)
Params: n= 390
Tactic call rewrite_strat-bottomup ran for 3.952 secs (3.951u,0.s) (success)
Tactic call rewrite_strat-bottomup-noop ran for 0.01 secs (0.01u,0.s) (success)
Tactic call abstract+rewrite_strat-bottomup ran for 5.895 secs (5.894u,0.s) (success)
Tactic call close-abstract+rewrite_strat-bottomup ran for 1.93 secs (1.93u,0.s)
