Params: n= 50
Tactic call rewrite_strat-bottomup ran for 0.118 secs (0.101u,0.016s) (success)
Tactic call rewrite_strat-bottomup-noop ran for 0. secs (0.u,0.s) (success)
Tactic call abstract+rewrite_strat-bottomup ran for 0.145 secs (0.128u,0.016s) (success)
Tactic call close-abstract+rewrite_strat-bottomup ran for 0.026 secs (0.026u,0.s)
Params: n= 100
Tactic call rewrite_strat-bottomup ran for 0.217 secs (0.214u,0.003s) (success)
Tactic call rewrite_strat-bottomup-noop ran for 0.001 secs (0.u,0.s) (success)
Tactic call abstract+rewrite_strat-bottomup ran for 0.336 secs (0.332u,0.003s) (success)
Tactic call close-abstract+rewrite_strat-bottomup ran for 0.117 secs (0.117u,0.s)
Params: n= 150
Tactic call rewrite_strat-bottomup ran for 0.47 secs (0.466u,0.003s) (success)
Tactic call rewrite_strat-bottomup-noop ran for 0.002 secs (0.002u,0.s) (success)
Tactic call abstract+rewrite_strat-bottomup ran for 0.744 secs (0.736u,0.008s) (success)
Tactic call close-abstract+rewrite_strat-bottomup ran for 0.271 secs (0.266u,0.004s)
Params: n= 200
Tactic call rewrite_strat-bottomup ran for 0.804 secs (0.796u,0.007s) (success)
Tactic call rewrite_strat-bottomup-noop ran for 0.003 secs (0.003u,0.s) (success)
Tactic call abstract+rewrite_strat-bottomup ran for 1.204 secs (1.192u,0.012s) (success)
Tactic call close-abstract+rewrite_strat-bottomup ran for 0.396 secs (0.392u,0.004s)
Params: n= 250
Tactic call rewrite_strat-bottomup ran for 1.272 secs (1.256u,0.015s) (success)
Tactic call rewrite_strat-bottomup-noop ran for 0.004 secs (0.004u,0.s) (success)
Tactic call abstract+rewrite_strat-bottomup ran for 1.991 secs (1.971u,0.019s) (success)
Tactic call close-abstract+rewrite_strat-bottomup ran for 0.714 secs (0.71u,0.003s)
Params: n= 300
Tactic call rewrite_strat-bottomup ran for 1.927 secs (1.906u,0.02s) (success)
Tactic call rewrite_strat-bottomup-noop ran for 0.005 secs (0.005u,0.s) (success)
Tactic call abstract+rewrite_strat-bottomup ran for 2.861 secs (2.832u,0.028s) (success)
Tactic call close-abstract+rewrite_strat-bottomup ran for 0.927 secs (0.919u,0.007s)
Params: n= 350
Tactic call rewrite_strat-bottomup ran for 2.774 secs (2.757u,0.016s) (success)
Tactic call rewrite_strat-bottomup-noop ran for 0.007 secs (0.007u,0.s) (success)
Tactic call abstract+rewrite_strat-bottomup ran for 4.069 secs (4.052u,0.016s) (success)
Tactic call close-abstract+rewrite_strat-bottomup ran for 1.287 secs (1.287u,0.s)
Params: n= 400
Tactic call rewrite_strat-bottomup ran for 3.981 secs (3.964u,0.015s) (success)
Tactic call rewrite_strat-bottomup-noop ran for 0.009 secs (0.009u,0.s) (success)
Tactic call abstract+rewrite_strat-bottomup ran for 5.784 secs (5.767u,0.015s) (success)
Tactic call close-abstract+rewrite_strat-bottomup ran for 1.793 secs (1.792u,0.s)
