Params: n= 4
Tactic call ssr-rewrite!-regression-quadratic ran for 0. secs (0.u,0.s) (success)
Tactic call ssr-rewrite?-noop-regression-linear ran for 0. secs (0.u,0.s) (success)
Tactic call abstract-regression-quadratic ran for 0.002 secs (0.002u,0.s) (success)
Tactic call close-abstract-regression-quadratic ran for 0.001 secs (0.001u,0.s)
Params: n= 5
Tactic call ssr-rewrite!-regression-quadratic ran for 0.001 secs (0.001u,0.s) (success)
Tactic call ssr-rewrite?-noop-regression-linear ran for 0. secs (0.u,0.s) (success)
Tactic call abstract-regression-quadratic ran for 0.003 secs (0.003u,0.s) (success)
Tactic call close-abstract-regression-quadratic ran for 0.001 secs (0.001u,0.s)
Params: n= 6
Tactic call ssr-rewrite!-regression-quadratic ran for 0.001 secs (0.001u,0.s) (success)
Tactic call ssr-rewrite?-noop-regression-linear ran for 0. secs (0.u,0.s) (success)
Tactic call abstract-regression-quadratic ran for 0.003 secs (0.003u,0.s) (success)
Tactic call close-abstract-regression-quadratic ran for 0.001 secs (0.001u,0.s)
Params: n= 7
Tactic call ssr-rewrite!-regression-quadratic ran for 0.001 secs (0.001u,0.s) (success)
Tactic call ssr-rewrite?-noop-regression-linear ran for 0. secs (0.u,0.s) (success)
Tactic call abstract-regression-quadratic ran for 0.004 secs (0.004u,0.s) (success)
Tactic call close-abstract-regression-quadratic ran for 0.001 secs (0.001u,0.s)
Params: n= 8
Tactic call ssr-rewrite!-regression-quadratic ran for 0.003 secs (0.003u,0.s) (success)
Tactic call ssr-rewrite?-noop-regression-linear ran for 0. secs (0.u,0.s) (success)
Tactic call abstract-regression-quadratic ran for 0.005 secs (0.005u,0.s) (success)
Tactic call close-abstract-regression-quadratic ran for 0.001 secs (0.001u,0.s)
Params: n= 9
Tactic call ssr-rewrite!-regression-quadratic ran for 0.069 secs (0.062u,0.007s) (success)
Tactic call ssr-rewrite?-noop-regression-linear ran for 0. secs (0.u,0.s) (success)
Tactic call abstract-regression-quadratic ran for 0.072 secs (0.064u,0.007s) (success)
Tactic call close-abstract-regression-quadratic ran for 0.001 secs (0.001u,0.s)
Params: n= 10
Tactic call ssr-rewrite!-regression-quadratic ran for 0.002 secs (0.002u,0.s) (success)
Tactic call ssr-rewrite?-noop-regression-linear ran for 0. secs (0.u,0.s) (success)
Tactic call abstract-regression-quadratic ran for 0.005 secs (0.005u,0.s) (success)
Tactic call close-abstract-regression-quadratic ran for 0.002 secs (0.002u,0.s)
Params: n= 11
Tactic call ssr-rewrite!-regression-quadratic ran for 0.002 secs (0.002u,0.s) (success)
Tactic call ssr-rewrite?-noop-regression-linear ran for 0. secs (0.u,0.s) (success)
Tactic call abstract-regression-quadratic ran for 0.005 secs (0.005u,0.s) (success)
Tactic call close-abstract-regression-quadratic ran for 0.002 secs (0.002u,0.s)
Params: n= 12
Tactic call ssr-rewrite!-regression-quadratic ran for 0.003 secs (0.003u,0.s) (success)
Tactic call ssr-rewrite?-noop-regression-linear ran for 0. secs (0.u,0.s) (success)
Tactic call abstract-regression-quadratic ran for 0.007 secs (0.007u,0.s) (success)
Tactic call close-abstract-regression-quadratic ran for 0.002 secs (0.002u,0.s)
Params: n= 13
Tactic call ssr-rewrite!-regression-quadratic ran for 0.003 secs (0.003u,0.s) (success)
Tactic call ssr-rewrite?-noop-regression-linear ran for 0. secs (0.u,0.s) (success)
Tactic call abstract-regression-quadratic ran for 0.007 secs (0.007u,0.s) (success)
Tactic call close-abstract-regression-quadratic ran for 0.003 secs (0.003u,0.s)
Params: n= 14
Tactic call ssr-rewrite!-regression-quadratic ran for 0.005 secs (0.005u,0.s) (success)
Tactic call ssr-rewrite?-noop-regression-linear ran for 0. secs (0.u,0.s) (success)
Tactic call abstract-regression-quadratic ran for 0.011 secs (0.011u,0.s) (success)
Tactic call close-abstract-regression-quadratic ran for 0.005 secs (0.005u,0.s)
Params: n= 15
Tactic call ssr-rewrite!-regression-quadratic ran for 0.005 secs (0.005u,0.s) (success)
Tactic call ssr-rewrite?-noop-regression-linear ran for 0. secs (0.u,0.s) (success)
Tactic call abstract-regression-quadratic ran for 0.009 secs (0.009u,0.s) (success)
Tactic call close-abstract-regression-quadratic ran for 0.004 secs (0.004u,0.s)
Params: n= 16
Tactic call ssr-rewrite!-regression-quadratic ran for 0.005 secs (0.005u,0.s) (success)
Tactic call ssr-rewrite?-noop-regression-linear ran for 0. secs (0.u,0.s) (success)
Tactic call abstract-regression-quadratic ran for 0.012 secs (0.012u,0.s) (success)
Tactic call close-abstract-regression-quadratic ran for 0.006 secs (0.006u,0.s)
Params: n= 17
Tactic call ssr-rewrite!-regression-quadratic ran for 0.006 secs (0.006u,0.s) (success)
Tactic call ssr-rewrite?-noop-regression-linear ran for 0. secs (0.u,0.s) (success)
Tactic call abstract-regression-quadratic ran for 0.012 secs (0.012u,0.s) (success)
Tactic call close-abstract-regression-quadratic ran for 0.005 secs (0.005u,0.s)
Params: n= 18
Tactic call ssr-rewrite!-regression-quadratic ran for 0.007 secs (0.007u,0.s) (success)
Tactic call ssr-rewrite?-noop-regression-linear ran for 0. secs (0.u,0.s) (success)
Tactic call abstract-regression-quadratic ran for 0.015 secs (0.015u,0.s) (success)
Tactic call close-abstract-regression-quadratic ran for 0.007 secs (0.007u,0.s)
Params: n= 19
Tactic call ssr-rewrite!-regression-quadratic ran for 0.007 secs (0.007u,0.s) (success)
Tactic call ssr-rewrite?-noop-regression-linear ran for 0. secs (0.u,0.s) (success)
Tactic call abstract-regression-quadratic ran for 0.015 secs (0.015u,0.s) (success)
Tactic call close-abstract-regression-quadratic ran for 0.007 secs (0.007u,0.s)
Params: n= 20
Tactic call ssr-rewrite!-regression-quadratic ran for 0.007 secs (0.007u,0.s) (success)
Tactic call ssr-rewrite?-noop-regression-linear ran for 0. secs (0.u,0.s) (success)
Tactic call abstract-regression-quadratic ran for 0.016 secs (0.016u,0.s) (success)
Tactic call close-abstract-regression-quadratic ran for 0.008 secs (0.008u,0.s)
Params: n= 21
Tactic call ssr-rewrite!-regression-quadratic ran for 0.008 secs (0.008u,0.s) (success)
Tactic call ssr-rewrite?-noop-regression-linear ran for 0. secs (0.u,0.s) (success)
Tactic call abstract-regression-quadratic ran for 0.019 secs (0.019u,0.s) (success)
Tactic call close-abstract-regression-quadratic ran for 0.01 secs (0.01u,0.s)
Params: n= 22
Tactic call ssr-rewrite!-regression-quadratic ran for 0.008 secs (0.008u,0.s) (success)
Tactic call ssr-rewrite?-noop-regression-linear ran for 0. secs (0.u,0.s) (success)
Tactic call abstract-regression-quadratic ran for 0.022 secs (0.022u,0.s) (success)
Tactic call close-abstract-regression-quadratic ran for 0.013 secs (0.013u,0.s)
Params: n= 23
Tactic call ssr-rewrite!-regression-quadratic ran for 0.009 secs (0.009u,0.s) (success)
Tactic call ssr-rewrite?-noop-regression-linear ran for 0. secs (0.u,0.s) (success)
Tactic call abstract-regression-quadratic ran for 0.021 secs (0.021u,0.s) (success)
Tactic call close-abstract-regression-quadratic ran for 0.011 secs (0.011u,0.s)
Params: n= 24
Tactic call ssr-rewrite!-regression-quadratic ran for 0.01 secs (0.007u,0.003s) (success)
Tactic call ssr-rewrite?-noop-regression-linear ran for 0. secs (0.u,0.s) (success)
Tactic call abstract-regression-quadratic ran for 0.022 secs (0.019u,0.003s) (success)
Tactic call close-abstract-regression-quadratic ran for 0.011 secs (0.011u,0.s)
Params: n= 25
Tactic call ssr-rewrite!-regression-quadratic ran for 0.01 secs (0.01u,0.s) (success)
Tactic call ssr-rewrite?-noop-regression-linear ran for 0. secs (0.u,0.s) (success)
Tactic call abstract-regression-quadratic ran for 0.026 secs (0.026u,0.s) (success)
Tactic call close-abstract-regression-quadratic ran for 0.014 secs (0.014u,0.s)
Params: n= 26
Tactic call ssr-rewrite!-regression-quadratic ran for 0.014 secs (0.014u,0.s) (success)
Tactic call ssr-rewrite?-noop-regression-linear ran for 0. secs (0.u,0.s) (success)
Tactic call abstract-regression-quadratic ran for 0.029 secs (0.029u,0.s) (success)
Tactic call close-abstract-regression-quadratic ran for 0.014 secs (0.014u,0.s)
Params: n= 27
Tactic call ssr-rewrite!-regression-quadratic ran for 0.013 secs (0.013u,0.s) (success)
Tactic call ssr-rewrite?-noop-regression-linear ran for 0. secs (0.u,0.s) (success)
Tactic call abstract-regression-quadratic ran for 0.03 secs (0.03u,0.s) (success)
Tactic call close-abstract-regression-quadratic ran for 0.016 secs (0.016u,0.s)
Params: n= 28
Tactic call ssr-rewrite!-regression-quadratic ran for 0.013 secs (0.013u,0.s) (success)
Tactic call ssr-rewrite?-noop-regression-linear ran for 0. secs (0.u,0.s) (success)
Tactic call abstract-regression-quadratic ran for 0.034 secs (0.034u,0.s) (success)
Tactic call close-abstract-regression-quadratic ran for 0.02 secs (0.02u,0.s)
Params: n= 29
Tactic call ssr-rewrite!-regression-quadratic ran for 0.014 secs (0.014u,0.s) (success)
Tactic call ssr-rewrite?-noop-regression-linear ran for 0. secs (0.u,0.s) (success)
Tactic call abstract-regression-quadratic ran for 0.033 secs (0.033u,0.s) (success)
Tactic call close-abstract-regression-quadratic ran for 0.018 secs (0.018u,0.s)
Params: n= 30
Tactic call ssr-rewrite!-regression-quadratic ran for 0.015 secs (0.015u,0.s) (success)
Tactic call ssr-rewrite?-noop-regression-linear ran for 0. secs (0.u,0.s) (success)
Tactic call abstract-regression-quadratic ran for 0.034 secs (0.034u,0.s) (success)
Tactic call close-abstract-regression-quadratic ran for 0.019 secs (0.019u,0.s)
Params: n= 31
Tactic call ssr-rewrite!-regression-quadratic ran for 0.018 secs (0.018u,0.s) (success)
Tactic call ssr-rewrite?-noop-regression-linear ran for 0. secs (0.u,0.s) (success)
Tactic call abstract-regression-quadratic ran for 0.038 secs (0.038u,0.s) (success)
Tactic call close-abstract-regression-quadratic ran for 0.019 secs (0.019u,0.s)
Params: n= 32
Tactic call ssr-rewrite!-regression-quadratic ran for 0.018 secs (0.018u,0.s) (success)
Tactic call ssr-rewrite?-noop-regression-linear ran for 0. secs (0.u,0.s) (success)
Tactic call abstract-regression-quadratic ran for 0.041 secs (0.041u,0.s) (success)
Tactic call close-abstract-regression-quadratic ran for 0.022 secs (0.022u,0.s)
Params: n= 33
Tactic call ssr-rewrite!-regression-quadratic ran for 0.021 secs (0.021u,0.s) (success)
Tactic call ssr-rewrite?-noop-regression-linear ran for 0. secs (0.u,0.s) (success)
Tactic call abstract-regression-quadratic ran for 0.044 secs (0.043u,0.s) (success)
Tactic call close-abstract-regression-quadratic ran for 0.021 secs (0.021u,0.s)
Params: n= 34
Tactic call ssr-rewrite!-regression-quadratic ran for 0.021 secs (0.021u,0.s) (success)
Tactic call ssr-rewrite?-noop-regression-linear ran for 0. secs (0.u,0.s) (success)
Tactic call abstract-regression-quadratic ran for 0.048 secs (0.048u,0.s) (success)
Tactic call close-abstract-regression-quadratic ran for 0.026 secs (0.026u,0.s)
Params: n= 35
Tactic call ssr-rewrite!-regression-quadratic ran for 0.019 secs (0.019u,0.s) (success)
Tactic call ssr-rewrite?-noop-regression-linear ran for 0. secs (0.u,0.s) (success)
Tactic call abstract-regression-quadratic ran for 0.046 secs (0.045u,0.s) (success)
Tactic call close-abstract-regression-quadratic ran for 0.026 secs (0.025u,0.s)
Params: n= 36
Tactic call ssr-rewrite!-regression-quadratic ran for 0.019 secs (0.021u,0.s) (success)
Tactic call ssr-rewrite?-noop-regression-linear ran for 0. secs (0.u,0.s) (success)
Tactic call abstract-regression-quadratic ran for 0.05 secs (0.052u,0.s) (success)
Tactic call close-abstract-regression-quadratic ran for 0.029 secs (0.029u,0.s)
Params: n= 37
Tactic call ssr-rewrite!-regression-quadratic ran for 0.02 secs (0.02u,0.s) (success)
Tactic call ssr-rewrite?-noop-regression-linear ran for 0. secs (0.u,0.s) (success)
Tactic call abstract-regression-quadratic ran for 0.049 secs (0.049u,0.s) (success)
Tactic call close-abstract-regression-quadratic ran for 0.027 secs (0.027u,0.s)
Params: n= 38
Tactic call ssr-rewrite!-regression-quadratic ran for 0.022 secs (0.022u,0.s) (success)
Tactic call ssr-rewrite?-noop-regression-linear ran for 0. secs (0.u,0.s) (success)
Tactic call abstract-regression-quadratic ran for 0.053 secs (0.053u,0.s) (success)
Tactic call close-abstract-regression-quadratic ran for 0.03 secs (0.03u,0.s)
Params: n= 39
Tactic call ssr-rewrite!-regression-quadratic ran for 0.025 secs (0.025u,0.s) (success)
Tactic call ssr-rewrite?-noop-regression-linear ran for 0. secs (0.u,0.s) (success)
Tactic call abstract-regression-quadratic ran for 0.06 secs (0.06u,0.s) (success)
Tactic call close-abstract-regression-quadratic ran for 0.033 secs (0.033u,0.s)
Params: n= 40
Tactic call ssr-rewrite!-regression-quadratic ran for 0.024 secs (0.024u,0.s) (success)
Tactic call ssr-rewrite?-noop-regression-linear ran for 0. secs (0.u,0.s) (success)
Tactic call abstract-regression-quadratic ran for 0.061 secs (0.061u,0.s) (success)
Tactic call close-abstract-regression-quadratic ran for 0.036 secs (0.036u,0.s)
Params: n= 41
Tactic call ssr-rewrite!-regression-quadratic ran for 0.024 secs (0.024u,0.s) (success)
Tactic call ssr-rewrite?-noop-regression-linear ran for 0. secs (0.u,0.s) (success)
Tactic call abstract-regression-quadratic ran for 0.059 secs (0.059u,0.s) (success)
Tactic call close-abstract-regression-quadratic ran for 0.034 secs (0.034u,0.s)
Params: n= 42
Tactic call ssr-rewrite!-regression-quadratic ran for 0.031 secs (0.031u,0.s) (success)
Tactic call ssr-rewrite?-noop-regression-linear ran for 0. secs (0.u,0.s) (success)
Tactic call abstract-regression-quadratic ran for 0.069 secs (0.069u,0.s) (success)
Tactic call close-abstract-regression-quadratic ran for 0.036 secs (0.036u,0.s)
Params: n= 43
Tactic call ssr-rewrite!-regression-quadratic ran for 0.031 secs (0.031u,0.s) (success)
Tactic call ssr-rewrite?-noop-regression-linear ran for 0. secs (0.u,0.s) (success)
Tactic call abstract-regression-quadratic ran for 0.07 secs (0.07u,0.s) (success)
Tactic call close-abstract-regression-quadratic ran for 0.038 secs (0.038u,0.s)
Params: n= 44
Tactic call ssr-rewrite!-regression-quadratic ran for 0.03 secs (0.03u,0.s) (success)
Tactic call ssr-rewrite?-noop-regression-linear ran for 0. secs (0.u,0.s) (success)
Tactic call abstract-regression-quadratic ran for 0.069 secs (0.069u,0.s) (success)
Tactic call close-abstract-regression-quadratic ran for 0.038 secs (0.038u,0.s)
Params: n= 45
Tactic call ssr-rewrite!-regression-quadratic ran for 0.035 secs (0.035u,0.s) (success)
Tactic call ssr-rewrite?-noop-regression-linear ran for 0. secs (0.u,0.s) (success)
Tactic call abstract-regression-quadratic ran for 0.078 secs (0.078u,0.s) (success)
Tactic call close-abstract-regression-quadratic ran for 0.042 secs (0.042u,0.s)
Params: n= 46
Tactic call ssr-rewrite!-regression-quadratic ran for 0.037 secs (0.037u,0.s) (success)
Tactic call ssr-rewrite?-noop-regression-linear ran for 0. secs (0.u,0.s) (success)
Tactic call abstract-regression-quadratic ran for 0.08 secs (0.08u,0.s) (success)
Tactic call close-abstract-regression-quadratic ran for 0.042 secs (0.042u,0.s)
Params: n= 47
Tactic call ssr-rewrite!-regression-quadratic ran for 0.035 secs (0.035u,0.s) (success)
Tactic call ssr-rewrite?-noop-regression-linear ran for 0. secs (0.u,0.s) (success)
Tactic call abstract-regression-quadratic ran for 0.077 secs (0.077u,0.s) (success)
Tactic call close-abstract-regression-quadratic ran for 0.041 secs (0.041u,0.s)
Params: n= 48
Tactic call ssr-rewrite!-regression-quadratic ran for 0.038 secs (0.038u,0.s) (success)
Tactic call ssr-rewrite?-noop-regression-linear ran for 0. secs (0.u,0.s) (success)
Tactic call abstract-regression-quadratic ran for 0.089 secs (0.089u,0.s) (success)
Tactic call close-abstract-regression-quadratic ran for 0.05 secs (0.05u,0.s)
Params: n= 49
Tactic call ssr-rewrite!-regression-quadratic ran for 0.045 secs (0.041u,0.003s) (success)
Tactic call ssr-rewrite?-noop-regression-linear ran for 0. secs (0.u,0.s) (success)
Tactic call abstract-regression-quadratic ran for 0.097 secs (0.093u,0.004s) (success)
Tactic call close-abstract-regression-quadratic ran for 0.051 secs (0.05u,0.s)
Params: n= 51
Tactic call ssr-rewrite!-regression-quadratic ran for 0.042 secs (0.042u,0.s) (success)
Tactic call ssr-rewrite?-noop-regression-linear ran for 0. secs (0.u,0.s) (success)
Tactic call abstract-regression-quadratic ran for 0.097 secs (0.097u,0.s) (success)
Tactic call close-abstract-regression-quadratic ran for 0.054 secs (0.054u,0.s)
Params: n= 52
Tactic call ssr-rewrite!-regression-quadratic ran for 0.04 secs (0.04u,0.s) (success)
Tactic call ssr-rewrite?-noop-regression-linear ran for 0. secs (0.u,0.s) (success)
Tactic call abstract-regression-quadratic ran for 0.098 secs (0.098u,0.s) (success)
Tactic call close-abstract-regression-quadratic ran for 0.056 secs (0.056u,0.s)
Params: n= 53
Tactic call ssr-rewrite!-regression-quadratic ran for 0.04 secs (0.04u,0.s) (success)
Tactic call ssr-rewrite?-noop-regression-linear ran for 0. secs (0.u,0.s) (success)
Tactic call abstract-regression-quadratic ran for 0.101 secs (0.097u,0.003s) (success)
Tactic call close-abstract-regression-quadratic ran for 0.06 secs (0.056u,0.003s)
Params: n= 54
Tactic call ssr-rewrite!-regression-quadratic ran for 0.048 secs (0.048u,0.s) (success)
Tactic call ssr-rewrite?-noop-regression-linear ran for 0. secs (0.u,0.s) (success)
Tactic call abstract-regression-quadratic ran for 0.106 secs (0.106u,0.s) (success)
Tactic call close-abstract-regression-quadratic ran for 0.056 secs (0.056u,0.s)
Params: n= 55
Tactic call ssr-rewrite!-regression-quadratic ran for 0.046 secs (0.046u,0.s) (success)
Tactic call ssr-rewrite?-noop-regression-linear ran for 0. secs (0.u,0.s) (success)
Tactic call abstract-regression-quadratic ran for 0.112 secs (0.112u,0.s) (success)
Tactic call close-abstract-regression-quadratic ran for 0.064 secs (0.064u,0.s)
Params: n= 56
Tactic call ssr-rewrite!-regression-quadratic ran for 0.049 secs (0.049u,0.s) (success)
Tactic call ssr-rewrite?-noop-regression-linear ran for 0. secs (0.u,0.s) (success)
Tactic call abstract-regression-quadratic ran for 0.113 secs (0.113u,0.s) (success)
Tactic call close-abstract-regression-quadratic ran for 0.063 secs (0.063u,0.s)
Params: n= 57
Tactic call ssr-rewrite!-regression-quadratic ran for 0.055 secs (0.051u,0.003s) (success)
Tactic call ssr-rewrite?-noop-regression-linear ran for 0. secs (0.u,0.s) (success)
Tactic call abstract-regression-quadratic ran for 0.125 secs (0.121u,0.003s) (success)
Tactic call close-abstract-regression-quadratic ran for 0.069 secs (0.068u,0.s)
Params: n= 58
Tactic call ssr-rewrite!-regression-quadratic ran for 0.055 secs (0.055u,0.s) (success)
Tactic call ssr-rewrite?-noop-regression-linear ran for 0. secs (0.u,0.s) (success)
Tactic call abstract-regression-quadratic ran for 0.127 secs (0.127u,0.s) (success)
Tactic call close-abstract-regression-quadratic ran for 0.07 secs (0.07u,0.s)
Params: n= 59
Tactic call ssr-rewrite!-regression-quadratic ran for 0.05 secs (0.05u,0.s) (success)
Tactic call ssr-rewrite?-noop-regression-linear ran for 0. secs (0.u,0.s) (success)
Tactic call abstract-regression-quadratic ran for 0.125 secs (0.125u,0.s) (success)
Tactic call close-abstract-regression-quadratic ran for 0.073 secs (0.073u,0.s)
Params: n= 60
Tactic call ssr-rewrite!-regression-quadratic ran for 0.058 secs (0.057u,0.s) (success)
Tactic call ssr-rewrite?-noop-regression-linear ran for 0. secs (0.u,0.s) (success)
Tactic call abstract-regression-quadratic ran for 0.133 secs (0.133u,0.s) (success)
Tactic call close-abstract-regression-quadratic ran for 0.074 secs (0.074u,0.s)
Params: n= 61
Tactic call ssr-rewrite!-regression-quadratic ran for 0.052 secs (0.052u,0.s) (success)
Tactic call ssr-rewrite?-noop-regression-linear ran for 0. secs (0.u,0.s) (success)
Tactic call abstract-regression-quadratic ran for 0.126 secs (0.126u,0.s) (success)
Tactic call close-abstract-regression-quadratic ran for 0.072 secs (0.072u,0.s)
Params: n= 62
Tactic call ssr-rewrite!-regression-quadratic ran for 0.058 secs (0.058u,0.s) (success)
Tactic call ssr-rewrite?-noop-regression-linear ran for 0. secs (0.u,0.s) (success)
Tactic call abstract-regression-quadratic ran for 0.137 secs (0.133u,0.003s) (success)
Tactic call close-abstract-regression-quadratic ran for 0.077 secs (0.073u,0.003s)
Params: n= 63
Tactic call ssr-rewrite!-regression-quadratic ran for 0.064 secs (0.064u,0.s) (success)
Tactic call ssr-rewrite?-noop-regression-linear ran for 0. secs (0.u,0.s) (success)
Tactic call abstract-regression-quadratic ran for 0.146 secs (0.146u,0.s) (success)
Tactic call close-abstract-regression-quadratic ran for 0.08 secs (0.08u,0.s)
Params: n= 64
Tactic call ssr-rewrite!-regression-quadratic ran for 0.062 secs (0.062u,0.s) (success)
Tactic call ssr-rewrite?-noop-regression-linear ran for 0. secs (0.u,0.s) (success)
Tactic call abstract-regression-quadratic ran for 0.151 secs (0.151u,0.s) (success)
Tactic call close-abstract-regression-quadratic ran for 0.088 secs (0.088u,0.s)
Params: n= 65
Tactic call ssr-rewrite!-regression-quadratic ran for 0.061 secs (0.061u,0.s) (success)
Tactic call ssr-rewrite?-noop-regression-linear ran for 0. secs (0.u,0.s) (success)
Tactic call abstract-regression-quadratic ran for 0.15 secs (0.15u,0.s) (success)
Tactic call close-abstract-regression-quadratic ran for 0.087 secs (0.087u,0.s)
Params: n= 66
Tactic call ssr-rewrite!-regression-quadratic ran for 0.068 secs (0.068u,0.s) (success)
Tactic call ssr-rewrite?-noop-regression-linear ran for 0. secs (0.u,0.s) (success)
Tactic call abstract-regression-quadratic ran for 0.158 secs (0.158u,0.s) (success)
Tactic call close-abstract-regression-quadratic ran for 0.088 secs (0.088u,0.s)
Params: n= 67
Tactic call ssr-rewrite!-regression-quadratic ran for 0.066 secs (0.066u,0.s) (success)
Tactic call ssr-rewrite?-noop-regression-linear ran for 0. secs (0.u,0.s) (success)
Tactic call abstract-regression-quadratic ran for 0.157 secs (0.157u,0.s) (success)
Tactic call close-abstract-regression-quadratic ran for 0.09 secs (0.09u,0.s)
Params: n= 68
Tactic call ssr-rewrite!-regression-quadratic ran for 0.067 secs (0.067u,0.s) (success)
Tactic call ssr-rewrite?-noop-regression-linear ran for 0. secs (0.u,0.s) (success)
Tactic call abstract-regression-quadratic ran for 0.162 secs (0.162u,0.s) (success)
Tactic call close-abstract-regression-quadratic ran for 0.093 secs (0.093u,0.s)
Params: n= 69
Tactic call ssr-rewrite!-regression-quadratic ran for 0.068 secs (0.068u,0.s) (success)
Tactic call ssr-rewrite?-noop-regression-linear ran for 0. secs (0.u,0.s) (success)
Tactic call abstract-regression-quadratic ran for 0.171 secs (0.171u,0.s) (success)
Tactic call close-abstract-regression-quadratic ran for 0.101 secs (0.101u,0.s)
Params: n= 70
Tactic call ssr-rewrite!-regression-quadratic ran for 0.069 secs (0.069u,0.s) (success)
Tactic call ssr-rewrite?-noop-regression-linear ran for 0. secs (0.u,0.s) (success)
Tactic call abstract-regression-quadratic ran for 0.171 secs (0.171u,0.s) (success)
Tactic call close-abstract-regression-quadratic ran for 0.101 secs (0.101u,0.s)
Params: n= 71
Tactic call ssr-rewrite!-regression-quadratic ran for 0.077 secs (0.075u,0.s) (success)
Tactic call ssr-rewrite?-noop-regression-linear ran for 0. secs (0.u,0.s) (success)
Tactic call abstract-regression-quadratic ran for 0.183 secs (0.183u,0.s) (success)
Tactic call close-abstract-regression-quadratic ran for 0.105 secs (0.107u,0.s)
Params: n= 72
Tactic call ssr-rewrite!-regression-quadratic ran for 0.077 secs (0.077u,0.s) (success)
Tactic call ssr-rewrite?-noop-regression-linear ran for 0. secs (0.u,0.s) (success)
Tactic call abstract-regression-quadratic ran for 0.191 secs (0.191u,0.s) (success)
Tactic call close-abstract-regression-quadratic ran for 0.112 secs (0.112u,0.s)
Params: n= 73
Tactic call ssr-rewrite!-regression-quadratic ran for 0.075 secs (0.075u,0.s) (success)
Tactic call ssr-rewrite?-noop-regression-linear ran for 0. secs (0.u,0.s) (success)
Tactic call abstract-regression-quadratic ran for 0.186 secs (0.186u,0.s) (success)
Tactic call close-abstract-regression-quadratic ran for 0.109 secs (0.109u,0.s)
Params: n= 74
Tactic call ssr-rewrite!-regression-quadratic ran for 0.083 secs (0.083u,0.s) (success)
Tactic call ssr-rewrite?-noop-regression-linear ran for 0. secs (0.u,0.s) (success)
Tactic call abstract-regression-quadratic ran for 0.195 secs (0.191u,0.003s) (success)
Tactic call close-abstract-regression-quadratic ran for 0.11 secs (0.107u,0.003s)
Params: n= 75
Tactic call ssr-rewrite!-regression-quadratic ran for 0.087 secs (0.087u,0.s) (success)
Tactic call ssr-rewrite?-noop-regression-linear ran for 0. secs (0.u,0.s) (success)
Tactic call abstract-regression-quadratic ran for 0.203 secs (0.203u,0.s) (success)
Tactic call close-abstract-regression-quadratic ran for 0.114 secs (0.114u,0.s)
Params: n= 76
Tactic call ssr-rewrite!-regression-quadratic ran for 0.105 secs (0.105u,0.s) (success)
Tactic call ssr-rewrite?-noop-regression-linear ran for 0. secs (0.u,0.s) (success)
Tactic call abstract-regression-quadratic ran for 0.226 secs (0.226u,0.s) (success)
Tactic call close-abstract-regression-quadratic ran for 0.119 secs (0.119u,0.s)
Params: n= 77
Tactic call ssr-rewrite!-regression-quadratic ran for 0.084 secs (0.084u,0.s) (success)
Tactic call ssr-rewrite?-noop-regression-linear ran for 0. secs (0.u,0.s) (success)
Tactic call abstract-regression-quadratic ran for 0.203 secs (0.203u,0.s) (success)
Tactic call close-abstract-regression-quadratic ran for 0.117 secs (0.117u,0.s)
Params: n= 78
Tactic call ssr-rewrite!-regression-quadratic ran for 0.087 secs (0.087u,0.s) (success)
Tactic call ssr-rewrite?-noop-regression-linear ran for 0. secs (0.u,0.s) (success)
Tactic call abstract-regression-quadratic ran for 0.205 secs (0.205u,0.s) (success)
Tactic call close-abstract-regression-quadratic ran for 0.116 secs (0.116u,0.s)
Params: n= 79
Tactic call ssr-rewrite!-regression-quadratic ran for 0.091 secs (0.091u,0.s) (success)
Tactic call ssr-rewrite?-noop-regression-linear ran for 0. secs (0.u,0.s) (success)
Tactic call abstract-regression-quadratic ran for 0.211 secs (0.211u,0.s) (success)
Tactic call close-abstract-regression-quadratic ran for 0.118 secs (0.118u,0.s)
Params: n= 80
Tactic call ssr-rewrite!-regression-quadratic ran for 0.09 secs (0.09u,0.s) (success)
Tactic call ssr-rewrite?-noop-regression-linear ran for 0. secs (0.u,0.s) (success)
Tactic call abstract-regression-quadratic ran for 0.219 secs (0.215u,0.003s) (success)
Tactic call close-abstract-regression-quadratic ran for 0.127 secs (0.123u,0.003s)
Params: n= 81
Tactic call ssr-rewrite!-regression-quadratic ran for 0.101 secs (0.097u,0.004s) (success)
Tactic call ssr-rewrite?-noop-regression-linear ran for 0. secs (0.u,0.s) (success)
Tactic call abstract-regression-quadratic ran for 0.231 secs (0.227u,0.004s) (success)
Tactic call close-abstract-regression-quadratic ran for 0.129 secs (0.129u,0.s)
Params: n= 82
Tactic call ssr-rewrite!-regression-quadratic ran for 0.097 secs (0.097u,0.s) (success)
Tactic call ssr-rewrite?-noop-regression-linear ran for 0. secs (0.u,0.s) (success)
Tactic call abstract-regression-quadratic ran for 0.227 secs (0.227u,0.s) (success)
Tactic call close-abstract-regression-quadratic ran for 0.129 secs (0.128u,0.s)
Params: n= 83
Tactic call ssr-rewrite!-regression-quadratic ran for 0.106 secs (0.102u,0.004s) (success)
Tactic call ssr-rewrite?-noop-regression-linear ran for 0. secs (0.u,0.s) (success)
Tactic call abstract-regression-quadratic ran for 0.241 secs (0.237u,0.004s) (success)
Tactic call close-abstract-regression-quadratic ran for 0.134 secs (0.134u,0.s)
Params: n= 84
Tactic call ssr-rewrite!-regression-quadratic ran for 0.106 secs (0.106u,0.s) (success)
Tactic call ssr-rewrite?-noop-regression-linear ran for 0. secs (0.u,0.s) (success)
Tactic call abstract-regression-quadratic ran for 0.244 secs (0.244u,0.s) (success)
Tactic call close-abstract-regression-quadratic ran for 0.136 secs (0.136u,0.s)
Params: n= 85
Tactic call ssr-rewrite!-regression-quadratic ran for 0.107 secs (0.103u,0.003s) (success)
Tactic call ssr-rewrite?-noop-regression-linear ran for 0. secs (0.u,0.s) (success)
Tactic call abstract-regression-quadratic ran for 0.255 secs (0.251u,0.003s) (success)
Tactic call close-abstract-regression-quadratic ran for 0.146 secs (0.146u,0.s)
Params: n= 86
Tactic call ssr-rewrite!-regression-quadratic ran for 0.105 secs (0.101u,0.s) (success)
Tactic call ssr-rewrite?-noop-regression-linear ran for 0. secs (0.u,0.s) (success)
Tactic call abstract-regression-quadratic ran for 0.263 secs (0.263u,0.s) (success)
Tactic call close-abstract-regression-quadratic ran for 0.156 secs (0.16u,0.s)
Params: n= 87
Tactic call ssr-rewrite!-regression-quadratic ran for 0.11 secs (0.11u,0.s) (success)
Tactic call ssr-rewrite?-noop-regression-linear ran for 0. secs (0.u,0.s) (success)
Tactic call abstract-regression-quadratic ran for 0.26 secs (0.26u,0.s) (success)
Tactic call close-abstract-regression-quadratic ran for 0.148 secs (0.148u,0.s)
Params: n= 88
Tactic call ssr-rewrite!-regression-quadratic ran for 0.129 secs (0.115u,0.011s) (success)
Tactic call ssr-rewrite?-noop-regression-linear ran for 0. secs (0.u,0.s) (success)
Tactic call abstract-regression-quadratic ran for 0.301 secs (0.286u,0.011s) (success)
Tactic call close-abstract-regression-quadratic ran for 0.17 secs (0.169u,0.s)
Params: n= 89
Tactic call ssr-rewrite!-regression-quadratic ran for 0.123 secs (0.123u,0.s) (success)
Tactic call ssr-rewrite?-noop-regression-linear ran for 0. secs (0.u,0.s) (success)
Tactic call abstract-regression-quadratic ran for 0.289 secs (0.289u,0.s) (success)
Tactic call close-abstract-regression-quadratic ran for 0.164 secs (0.164u,0.s)
Params: n= 90
Tactic call ssr-rewrite!-regression-quadratic ran for 0.119 secs (0.119u,0.s) (success)
Tactic call ssr-rewrite?-noop-regression-linear ran for 0. secs (0.u,0.s) (success)
Tactic call abstract-regression-quadratic ran for 0.284 secs (0.283u,0.s) (success)
Tactic call close-abstract-regression-quadratic ran for 0.162 secs (0.162u,0.s)
Params: n= 91
Tactic call ssr-rewrite!-regression-quadratic ran for 0.122 secs (0.122u,0.s) (success)
Tactic call ssr-rewrite?-noop-regression-linear ran for 0. secs (0.u,0.s) (success)
Tactic call abstract-regression-quadratic ran for 0.299 secs (0.299u,0.s) (success)
Tactic call close-abstract-regression-quadratic ran for 0.175 secs (0.175u,0.s)
Params: n= 92
Tactic call ssr-rewrite!-regression-quadratic ran for 0.142 secs (0.138u,0.004s) (success)
Tactic call ssr-rewrite?-noop-regression-linear ran for 0. secs (0.u,0.s) (success)
Tactic call abstract-regression-quadratic ran for 0.331 secs (0.323u,0.008s) (success)
Tactic call close-abstract-regression-quadratic ran for 0.187 secs (0.183u,0.004s)
Params: n= 93
Tactic call ssr-rewrite!-regression-quadratic ran for 0.13 secs (0.13u,0.s) (success)
Tactic call ssr-rewrite?-noop-regression-linear ran for 0. secs (0.u,0.s) (success)
Tactic call abstract-regression-quadratic ran for 0.317 secs (0.317u,0.s) (success)
Tactic call close-abstract-regression-quadratic ran for 0.183 secs (0.183u,0.s)
Params: n= 94
Tactic call ssr-rewrite!-regression-quadratic ran for 0.121 secs (0.121u,0.s) (success)
Tactic call ssr-rewrite?-noop-regression-linear ran for 0. secs (0.u,0.s) (success)
Tactic call abstract-regression-quadratic ran for 0.315 secs (0.311u,0.003s) (success)
Tactic call close-abstract-regression-quadratic ran for 0.193 secs (0.189u,0.003s)
Params: n= 95
Tactic call ssr-rewrite!-regression-quadratic ran for 0.141 secs (0.141u,0.s) (success)
Tactic call ssr-rewrite?-noop-regression-linear ran for 0. secs (0.u,0.s) (success)
Tactic call abstract-regression-quadratic ran for 0.341 secs (0.341u,0.s) (success)
Tactic call close-abstract-regression-quadratic ran for 0.198 secs (0.198u,0.s)
Params: n= 96
Tactic call ssr-rewrite!-regression-quadratic ran for 0.142 secs (0.142u,0.s) (success)
Tactic call ssr-rewrite?-noop-regression-linear ran for 0. secs (0.u,0.s) (success)
Tactic call abstract-regression-quadratic ran for 0.356 secs (0.356u,0.s) (success)
Tactic call close-abstract-regression-quadratic ran for 0.211 secs (0.211u,0.s)
Params: n= 97
Tactic call ssr-rewrite!-regression-quadratic ran for 0.147 secs (0.147u,0.s) (success)
Tactic call ssr-rewrite?-noop-regression-linear ran for 0. secs (0.u,0.s) (success)
Tactic call abstract-regression-quadratic ran for 0.341 secs (0.341u,0.s) (success)
Tactic call close-abstract-regression-quadratic ran for 0.191 secs (0.191u,0.s)
Params: n= 98
Tactic call ssr-rewrite!-regression-quadratic ran for 0.142 secs (0.138u,0.003s) (success)
Tactic call ssr-rewrite?-noop-regression-linear ran for 0. secs (0.u,0.s) (success)
Tactic call abstract-regression-quadratic ran for 0.344 secs (0.335u,0.008s) (success)
Tactic call close-abstract-regression-quadratic ran for 0.199 secs (0.195u,0.004s)
Params: n= 99
Tactic call ssr-rewrite!-regression-quadratic ran for 0.14 secs (0.14u,0.s) (success)
Tactic call ssr-rewrite?-noop-regression-linear ran for 0. secs (0.u,0.s) (success)
Tactic call abstract-regression-quadratic ran for 0.329 secs (0.329u,0.s) (success)
Tactic call close-abstract-regression-quadratic ran for 0.187 secs (0.187u,0.s)
Params: n= 110
Tactic call ssr-rewrite!-regression-quadratic ran for 0.167 secs (0.167u,0.s) (success)
Tactic call ssr-rewrite?-noop-regression-linear ran for 0. secs (0.u,0.s) (success)
Tactic call abstract-regression-quadratic ran for 0.411 secs (0.411u,0.s) (success)
Tactic call close-abstract-regression-quadratic ran for 0.242 secs (0.242u,0.s)
Params: n= 120
Tactic call ssr-rewrite!-regression-quadratic ran for 0.194 secs (0.19u,0.003s) (success)
Tactic call ssr-rewrite?-noop-regression-linear ran for 0. secs (0.u,0.s) (success)
Tactic call abstract-regression-quadratic ran for 0.473 secs (0.465u,0.007s) (success)
Tactic call close-abstract-regression-quadratic ran for 0.276 secs (0.272u,0.004s)
Params: n= 130
Tactic call ssr-rewrite!-regression-quadratic ran for 0.228 secs (0.228u,0.s) (success)
Tactic call ssr-rewrite?-noop-regression-linear ran for 0. secs (0.u,0.s) (success)
Tactic call abstract-regression-quadratic ran for 0.554 secs (0.554u,0.s) (success)
Tactic call close-abstract-regression-quadratic ran for 0.324 secs (0.324u,0.s)
Params: n= 140
Tactic call ssr-rewrite!-regression-quadratic ran for 0.257 secs (0.256u,0.s) (success)
Tactic call ssr-rewrite?-noop-regression-linear ran for 0. secs (0.u,0.s) (success)
Tactic call abstract-regression-quadratic ran for 0.627 secs (0.627u,0.s) (success)
Tactic call close-abstract-regression-quadratic ran for 0.369 secs (0.369u,0.s)
Params: n= 160
Tactic call ssr-rewrite!-regression-quadratic ran for 0.346 secs (0.346u,0.s) (success)
Tactic call ssr-rewrite?-noop-regression-linear ran for 0. secs (0.u,0.s) (success)
Tactic call abstract-regression-quadratic ran for 0.847 secs (0.847u,0.s) (success)
Tactic call close-abstract-regression-quadratic ran for 0.499 secs (0.499u,0.s)
Params: n= 170
Tactic call ssr-rewrite!-regression-quadratic ran for 0.377 secs (0.377u,0.s) (success)
Tactic call ssr-rewrite?-noop-regression-linear ran for 0. secs (0.u,0.s) (success)
Tactic call abstract-regression-quadratic ran for 0.966 secs (0.966u,0.s) (success)
Tactic call close-abstract-regression-quadratic ran for 0.587 secs (0.587u,0.s)
Params: n= 180
Tactic call ssr-rewrite!-regression-quadratic ran for 0.443 secs (0.443u,0.s) (success)
Tactic call ssr-rewrite?-noop-regression-linear ran for 0. secs (0.u,0.s) (success)
Tactic call abstract-regression-quadratic ran for 1.085 secs (1.085u,0.s) (success)
Tactic call close-abstract-regression-quadratic ran for 0.64 secs (0.639u,0.s)
Params: n= 190
Tactic call ssr-rewrite!-regression-quadratic ran for 0.482 secs (0.482u,0.s) (success)
Tactic call ssr-rewrite?-noop-regression-linear ran for 0. secs (0.u,0.s) (success)
Tactic call abstract-regression-quadratic ran for 1.169 secs (1.161u,0.007s) (success)
Tactic call close-abstract-regression-quadratic ran for 0.685 secs (0.677u,0.007s)
Params: n= 210
Tactic call ssr-rewrite!-regression-quadratic ran for 0.569 secs (0.569u,0.s) (success)
Tactic call ssr-rewrite?-noop-regression-linear ran for 0. secs (0.u,0.s) (success)
Tactic call abstract-regression-quadratic ran for 1.382 secs (1.377u,0.003s) (success)
Tactic call close-abstract-regression-quadratic ran for 0.81 secs (0.806u,0.003s)
Params: n= 220
Tactic call ssr-rewrite!-regression-quadratic ran for 0.626 secs (0.626u,0.s) (success)
Tactic call ssr-rewrite?-noop-regression-linear ran for 0. secs (0.u,0.s) (success)
Tactic call abstract-regression-quadratic ran for 1.553 secs (1.552u,0.s) (success)
Tactic call close-abstract-regression-quadratic ran for 0.924 secs (0.924u,0.s)
Params: n= 230
Tactic call ssr-rewrite!-regression-quadratic ran for 0.726 secs (0.726u,0.s) (success)
Tactic call ssr-rewrite?-noop-regression-linear ran for 0. secs (0.u,0.s) (success)
Tactic call abstract-regression-quadratic ran for 1.767 secs (1.767u,0.s) (success)
Tactic call close-abstract-regression-quadratic ran for 1.038 secs (1.038u,0.s)
Params: n= 240
Tactic call ssr-rewrite!-regression-quadratic ran for 0.757 secs (0.757u,0.s) (success)
Tactic call ssr-rewrite?-noop-regression-linear ran for 0. secs (0.u,0.s) (success)
Tactic call abstract-regression-quadratic ran for 1.829 secs (1.829u,0.s) (success)
Tactic call close-abstract-regression-quadratic ran for 1.07 secs (1.07u,0.s)
Params: n= 260
Tactic call ssr-rewrite!-regression-quadratic ran for 0.873 secs (0.873u,0.s) (success)
Tactic call ssr-rewrite?-noop-regression-linear ran for 0. secs (0.u,0.s) (success)
Tactic call abstract-regression-quadratic ran for 2.083 secs (2.083u,0.s) (success)
Tactic call close-abstract-regression-quadratic ran for 1.207 secs (1.207u,0.s)
Params: n= 270
Tactic call ssr-rewrite!-regression-quadratic ran for 0.97 secs (0.97u,0.s) (success)
Tactic call ssr-rewrite?-noop-regression-linear ran for 0. secs (0.u,0.s) (success)
Tactic call abstract-regression-quadratic ran for 2.4 secs (2.399u,0.s) (success)
Tactic call close-abstract-regression-quadratic ran for 1.427 secs (1.426u,0.s)
Params: n= 280
Tactic call ssr-rewrite!-regression-quadratic ran for 1.021 secs (1.021u,0.s) (success)
Tactic call ssr-rewrite?-noop-regression-linear ran for 0. secs (0.u,0.s) (success)
Tactic call abstract-regression-quadratic ran for 2.425 secs (2.425u,0.s) (success)
Tactic call close-abstract-regression-quadratic ran for 1.401 secs (1.401u,0.s)
Params: n= 290
Tactic call ssr-rewrite!-regression-quadratic ran for 1.087 secs (1.086u,0.s) (success)
Tactic call ssr-rewrite?-noop-regression-linear ran for 0. secs (0.u,0.s) (success)
Tactic call abstract-regression-quadratic ran for 2.698 secs (2.694u,0.003s) (success)
Tactic call close-abstract-regression-quadratic ran for 1.609 secs (1.605u,0.003s)
Params: n= 310
Tactic call ssr-rewrite!-regression-quadratic ran for 1.27 secs (1.27u,0.s) (success)
Tactic call ssr-rewrite?-noop-regression-linear ran for 0. secs (0.u,0.s) (success)
Tactic call abstract-regression-quadratic ran for 3.05 secs (3.045u,0.004s) (success)
Tactic call close-abstract-regression-quadratic ran for 1.777 secs (1.772u,0.004s)
Params: n= 320
Tactic call ssr-rewrite!-regression-quadratic ran for 1.337 secs (1.329u,0.008s) (success)
Tactic call ssr-rewrite?-noop-regression-linear ran for 0. secs (0.u,0.s) (success)
Tactic call abstract-regression-quadratic ran for 3.218 secs (3.209u,0.008s) (success)
Tactic call close-abstract-regression-quadratic ran for 1.878 secs (1.878u,0.s)
Params: n= 330
Tactic call ssr-rewrite!-regression-quadratic ran for 1.42 secs (1.42u,0.s) (success)
Tactic call ssr-rewrite?-noop-regression-linear ran for 0. secs (0.u,0.s) (success)
Tactic call abstract-regression-quadratic ran for 3.393 secs (3.392u,0.s) (success)
Tactic call close-abstract-regression-quadratic ran for 1.97 secs (1.97u,0.s)
Params: n= 340
Tactic call ssr-rewrite!-regression-quadratic ran for 1.479 secs (1.479u,0.s) (success)
Tactic call ssr-rewrite?-noop-regression-linear ran for 0. secs (0.u,0.s) (success)
Tactic call abstract-regression-quadratic ran for 3.585 secs (3.583u,0.s) (success)
Tactic call close-abstract-regression-quadratic ran for 2.102 secs (2.101u,0.s)
Params: n= 360
Tactic call ssr-rewrite!-regression-quadratic ran for 1.685 secs (1.684u,0.s) (success)
Tactic call ssr-rewrite?-noop-regression-linear ran for 0. secs (0.u,0.s) (success)
Tactic call abstract-regression-quadratic ran for 4.033 secs (4.033u,0.s) (success)
Tactic call close-abstract-regression-quadratic ran for 2.346 secs (2.346u,0.s)
Params: n= 370
Tactic call ssr-rewrite!-regression-quadratic ran for 1.723 secs (1.722u,0.s) (success)
Tactic call ssr-rewrite?-noop-regression-linear ran for 0. secs (0.u,0.s) (success)
Tactic call abstract-regression-quadratic ran for 4.319 secs (4.314u,0.003s) (success)
Tactic call close-abstract-regression-quadratic ran for 2.593 secs (2.589u,0.003s)
Params: n= 380
Tactic call ssr-rewrite!-regression-quadratic ran for 1.904 secs (1.904u,0.s) (success)
Tactic call ssr-rewrite?-noop-regression-linear ran for 0. secs (0.u,0.s) (success)
Tactic call abstract-regression-quadratic ran for 4.502 secs (4.497u,0.004s) (success)
Tactic call close-abstract-regression-quadratic ran for 2.594 secs (2.59u,0.004s)
Params: n= 390
Tactic call ssr-rewrite!-regression-quadratic ran for 1.926 secs (1.906u,0.02s) (success)
Tactic call ssr-rewrite?-noop-regression-linear ran for 0. secs (0.u,0.s) (success)
Tactic call abstract-regression-quadratic ran for 4.743 secs (4.722u,0.02s) (success)
Tactic call close-abstract-regression-quadratic ran for 2.814 secs (2.813u,0.s)
