Params: n= 50
Tactic call ssr-rewrite!-regression-quadratic ran for 0.105 secs (0.078u,0.027s) (success)
Tactic call ssr-rewrite?-noop-regression-linear ran for 0. secs (0.u,0.s) (success)
Tactic call abstract-regression-quadratic ran for 0.153 secs (0.125u,0.027s) (success)
Tactic call close-abstract-regression-quadratic ran for 0.047 secs (0.047u,0.s)
Params: n= 100
Tactic call ssr-rewrite!-regression-quadratic ran for 0.131 secs (0.127u,0.003s) (success)
Tactic call ssr-rewrite?-noop-regression-linear ran for 0. secs (0.u,0.s) (success)
Tactic call abstract-regression-quadratic ran for 0.321 secs (0.317u,0.003s) (success)
Tactic call close-abstract-regression-quadratic ran for 0.189 secs (0.189u,0.s)
Params: n= 150
Tactic call ssr-rewrite!-regression-quadratic ran for 0.308 secs (0.307u,0.s) (success)
Tactic call ssr-rewrite?-noop-regression-linear ran for 0. secs (0.u,0.s) (success)
Tactic call abstract-regression-quadratic ran for 0.751 secs (0.742u,0.008s) (success)
Tactic call close-abstract-regression-quadratic ran for 0.43 secs (0.422u,0.008s)
Params: n= 200
Tactic call ssr-rewrite!-regression-quadratic ran for 0.474 secs (0.472u,0.001s) (success)
Tactic call ssr-rewrite?-noop-regression-linear ran for 0. secs (0.u,0.s) (success)
Tactic call abstract-regression-quadratic ran for 1.154 secs (1.14u,0.013s) (success)
Tactic call close-abstract-regression-quadratic ran for 0.679 secs (0.667u,0.011s)
Params: n= 250
Tactic call ssr-rewrite!-regression-quadratic ran for 0.733 secs (0.729u,0.003s) (success)
Tactic call ssr-rewrite?-noop-regression-linear ran for 0. secs (0.u,0.s) (success)
Tactic call abstract-regression-quadratic ran for 1.812 secs (1.796u,0.015s) (success)
Tactic call close-abstract-regression-quadratic ran for 1.078 secs (1.065u,0.012s)
Params: n= 300
Tactic call ssr-rewrite!-regression-quadratic ran for 1.078 secs (1.067u,0.011s) (success)
Tactic call ssr-rewrite?-noop-regression-linear ran for 0. secs (0.u,0.s) (success)
Tactic call abstract-regression-quadratic ran for 2.564 secs (2.527u,0.036s) (success)
Tactic call close-abstract-regression-quadratic ran for 1.484 secs (1.459u,0.024s)
Params: n= 350
Tactic call ssr-rewrite!-regression-quadratic ran for 1.404 secs (1.4u,0.003s) (success)
Tactic call ssr-rewrite?-noop-regression-linear ran for 0. secs (0.u,0.s) (success)
Tactic call abstract-regression-quadratic ran for 3.551 secs (3.545u,0.003s) (success)
Tactic call close-abstract-regression-quadratic ran for 2.145 secs (2.144u,0.s)
Params: n= 400
Tactic call ssr-rewrite!-regression-quadratic ran for 1.906 secs (1.893u,0.011s) (success)
Tactic call ssr-rewrite?-noop-regression-linear ran for 0. secs (0.u,0.s) (success)
Tactic call abstract-regression-quadratic ran for 4.56 secs (4.527u,0.031s) (success)
Tactic call close-abstract-regression-quadratic ran for 2.653 secs (2.632u,0.02s)
