Params: n= 4
Tactic call ssr-rewrite!-regression-quadratic ran for 0.001 secs (0.001u,0.s) (success)
Tactic call ssr-rewrite?-noop-regression-linear ran for 0. secs (0.u,0.s) (success)
Tactic call abstract-regression-quadratic ran for 0.002 secs (0.002u,0.s) (success)
Tactic call close-abstract-regression-quadratic ran for 0. secs (0.u,0.s)
Params: n= 5
Tactic call ssr-rewrite!-regression-quadratic ran for 0. secs (0.u,0.s) (success)
Tactic call ssr-rewrite?-noop-regression-linear ran for 0. secs (0.u,0.s) (success)
Tactic call abstract-regression-quadratic ran for 0.002 secs (0.002u,0.s) (success)
Tactic call close-abstract-regression-quadratic ran for 0.001 secs (0.001u,0.s)
Params: n= 6
Tactic call ssr-rewrite!-regression-quadratic ran for 0. secs (0.u,0.s) (success)
Tactic call ssr-rewrite?-noop-regression-linear ran for 0. secs (0.u,0.s) (success)
Tactic call abstract-regression-quadratic ran for 0.003 secs (0.001u,0.001s) (success)
Tactic call close-abstract-regression-quadratic ran for 0. secs (0.u,0.s)
Params: n= 7
Tactic call ssr-rewrite!-regression-quadratic ran for 0.001 secs (0.u,0.001s) (success)
Tactic call ssr-rewrite?-noop-regression-linear ran for 0. secs (0.u,0.s) (success)
Tactic call abstract-regression-quadratic ran for 0.003 secs (0.002u,0.001s) (success)
Tactic call close-abstract-regression-quadratic ran for 0.001 secs (0.001u,0.s)
Params: n= 8
Tactic call ssr-rewrite!-regression-quadratic ran for 0.002 secs (0.u,0.002s) (success)
Tactic call ssr-rewrite?-noop-regression-linear ran for 0. secs (0.u,0.s) (success)
Tactic call abstract-regression-quadratic ran for 0.004 secs (0.u,0.003s) (success)
Tactic call close-abstract-regression-quadratic ran for 0.002 secs (0.u,0.001s)
Params: n= 9
Tactic call ssr-rewrite!-regression-quadratic ran for 0.002 secs (0.002u,0.s) (success)
Tactic call ssr-rewrite?-noop-regression-linear ran for 0. secs (0.u,0.s) (success)
Tactic call abstract-regression-quadratic ran for 0.005 secs (0.003u,0.002s) (success)
Tactic call close-abstract-regression-quadratic ran for 0.002 secs (0.u,0.002s)
Params: n= 10
Tactic call ssr-rewrite!-regression-quadratic ran for 0.003 secs (0.003u,0.s) (success)
Tactic call ssr-rewrite?-noop-regression-linear ran for 0. secs (0.u,0.s) (success)
Tactic call abstract-regression-quadratic ran for 0.006 secs (0.003u,0.003s) (success)
Tactic call close-abstract-regression-quadratic ran for 0.003 secs (0.u,0.003s)
Params: n= 11
Tactic call ssr-rewrite!-regression-quadratic ran for 0.003 secs (0.u,0.003s) (success)
Tactic call ssr-rewrite?-noop-regression-linear ran for 0. secs (0.u,0.s) (success)
Tactic call abstract-regression-quadratic ran for 0.061 secs (0.048u,0.012s) (success)
Tactic call close-abstract-regression-quadratic ran for 0.057 secs (0.049u,0.008s)
Params: n= 12
Tactic call ssr-rewrite!-regression-quadratic ran for 0.002 secs (0.002u,0.s) (success)
Tactic call ssr-rewrite?-noop-regression-linear ran for 0. secs (0.u,0.s) (success)
Tactic call abstract-regression-quadratic ran for 0.005 secs (0.005u,0.s) (success)
Tactic call close-abstract-regression-quadratic ran for 0.002 secs (0.002u,0.s)
Params: n= 13
Tactic call ssr-rewrite!-regression-quadratic ran for 0.002 secs (0.002u,0.s) (success)
Tactic call ssr-rewrite?-noop-regression-linear ran for 0. secs (0.u,0.s) (success)
Tactic call abstract-regression-quadratic ran for 0.006 secs (0.006u,0.s) (success)
Tactic call close-abstract-regression-quadratic ran for 0.002 secs (0.002u,0.s)
Params: n= 14
Tactic call ssr-rewrite!-regression-quadratic ran for 0.003 secs (0.003u,0.s) (success)
Tactic call ssr-rewrite?-noop-regression-linear ran for 0. secs (0.u,0.s) (success)
Tactic call abstract-regression-quadratic ran for 0.007 secs (0.007u,0.s) (success)
Tactic call close-abstract-regression-quadratic ran for 0.003 secs (0.003u,0.s)
Params: n= 15
Tactic call ssr-rewrite!-regression-quadratic ran for 0.003 secs (0.003u,0.s) (success)
Tactic call ssr-rewrite?-noop-regression-linear ran for 0. secs (0.u,0.s) (success)
Tactic call abstract-regression-quadratic ran for 0.007 secs (0.007u,0.s) (success)
Tactic call close-abstract-regression-quadratic ran for 0.003 secs (0.003u,0.s)
Params: n= 16
Tactic call ssr-rewrite!-regression-quadratic ran for 0.004 secs (0.004u,0.s) (success)
Tactic call ssr-rewrite?-noop-regression-linear ran for 0. secs (0.u,0.s) (success)
Tactic call abstract-regression-quadratic ran for 0.008 secs (0.008u,0.s) (success)
Tactic call close-abstract-regression-quadratic ran for 0.004 secs (0.004u,0.s)
Params: n= 17
Tactic call ssr-rewrite!-regression-quadratic ran for 0.004 secs (0.004u,0.s) (success)
Tactic call ssr-rewrite?-noop-regression-linear ran for 0. secs (0.u,0.s) (success)
Tactic call abstract-regression-quadratic ran for 0.009 secs (0.009u,0.s) (success)
Tactic call close-abstract-regression-quadratic ran for 0.004 secs (0.004u,0.s)
Params: n= 18
Tactic call ssr-rewrite!-regression-quadratic ran for 0.004 secs (0.004u,0.s) (success)
Tactic call ssr-rewrite?-noop-regression-linear ran for 0. secs (0.u,0.s) (success)
Tactic call abstract-regression-quadratic ran for 0.01 secs (0.01u,0.s) (success)
Tactic call close-abstract-regression-quadratic ran for 0.005 secs (0.005u,0.s)
Params: n= 19
Tactic call ssr-rewrite!-regression-quadratic ran for 0.006 secs (0.006u,0.s) (success)
Tactic call ssr-rewrite?-noop-regression-linear ran for 0. secs (0.u,0.s) (success)
Tactic call abstract-regression-quadratic ran for 0.013 secs (0.013u,0.s) (success)
Tactic call close-abstract-regression-quadratic ran for 0.006 secs (0.006u,0.s)
Params: n= 20
Tactic call ssr-rewrite!-regression-quadratic ran for 0.007 secs (0.007u,0.s) (success)
Tactic call ssr-rewrite?-noop-regression-linear ran for 0. secs (0.u,0.s) (success)
Tactic call abstract-regression-quadratic ran for 0.014 secs (0.014u,0.s) (success)
Tactic call close-abstract-regression-quadratic ran for 0.006 secs (0.006u,0.s)
Params: n= 21
Tactic call ssr-rewrite!-regression-quadratic ran for 0.006 secs (0.006u,0.s) (success)
Tactic call ssr-rewrite?-noop-regression-linear ran for 0. secs (0.u,0.s) (success)
Tactic call abstract-regression-quadratic ran for 0.014 secs (0.013u,0.s) (success)
Tactic call close-abstract-regression-quadratic ran for 0.007 secs (0.006u,0.s)
Params: n= 22
Tactic call ssr-rewrite!-regression-quadratic ran for 0.006 secs (0.006u,0.s) (success)
Tactic call ssr-rewrite?-noop-regression-linear ran for 0. secs (0.u,0.s) (success)
Tactic call abstract-regression-quadratic ran for 0.015 secs (0.015u,0.s) (success)
Tactic call close-abstract-regression-quadratic ran for 0.008 secs (0.008u,0.s)
Params: n= 23
Tactic call ssr-rewrite!-regression-quadratic ran for 0.009 secs (0.009u,0.s) (success)
Tactic call ssr-rewrite?-noop-regression-linear ran for 0. secs (0.u,0.s) (success)
Tactic call abstract-regression-quadratic ran for 0.018 secs (0.018u,0.s) (success)
Tactic call close-abstract-regression-quadratic ran for 0.008 secs (0.008u,0.s)
Params: n= 24
Tactic call ssr-rewrite!-regression-quadratic ran for 0.007 secs (0.007u,0.s) (success)
Tactic call ssr-rewrite?-noop-regression-linear ran for 0. secs (0.u,0.s) (success)
Tactic call abstract-regression-quadratic ran for 0.018 secs (0.018u,0.s) (success)
Tactic call close-abstract-regression-quadratic ran for 0.009 secs (0.009u,0.s)
Params: n= 25
Tactic call ssr-rewrite!-regression-quadratic ran for 0.008 secs (0.008u,0.s) (success)
Tactic call ssr-rewrite?-noop-regression-linear ran for 0. secs (0.u,0.s) (success)
Tactic call abstract-regression-quadratic ran for 0.019 secs (0.019u,0.s) (success)
Tactic call close-abstract-regression-quadratic ran for 0.011 secs (0.011u,0.s)
Params: n= 26
Tactic call ssr-rewrite!-regression-quadratic ran for 0.009 secs (0.009u,0.s) (success)
Tactic call ssr-rewrite?-noop-regression-linear ran for 0. secs (0.u,0.s) (success)
Tactic call abstract-regression-quadratic ran for 0.022 secs (0.022u,0.s) (success)
Tactic call close-abstract-regression-quadratic ran for 0.012 secs (0.012u,0.s)
Params: n= 27
Tactic call ssr-rewrite!-regression-quadratic ran for 0.009 secs (0.009u,0.s) (success)
Tactic call ssr-rewrite?-noop-regression-linear ran for 0. secs (0.u,0.s) (success)
Tactic call abstract-regression-quadratic ran for 0.022 secs (0.022u,0.s) (success)
Tactic call close-abstract-regression-quadratic ran for 0.011 secs (0.011u,0.s)
Params: n= 28
Tactic call ssr-rewrite!-regression-quadratic ran for 0.01 secs (0.01u,0.s) (success)
Tactic call ssr-rewrite?-noop-regression-linear ran for 0. secs (0.u,0.s) (success)
Tactic call abstract-regression-quadratic ran for 0.023 secs (0.023u,0.s) (success)
Tactic call close-abstract-regression-quadratic ran for 0.012 secs (0.012u,0.s)
Params: n= 29
Tactic call ssr-rewrite!-regression-quadratic ran for 0.014 secs (0.014u,0.s) (success)
Tactic call ssr-rewrite?-noop-regression-linear ran for 0. secs (0.u,0.s) (success)
Tactic call abstract-regression-quadratic ran for 0.028 secs (0.028u,0.s) (success)
Tactic call close-abstract-regression-quadratic ran for 0.013 secs (0.013u,0.s)
Params: n= 30
Tactic call ssr-rewrite!-regression-quadratic ran for 0.011 secs (0.011u,0.s) (success)
Tactic call ssr-rewrite?-noop-regression-linear ran for 0. secs (0.u,0.s) (success)
Tactic call abstract-regression-quadratic ran for 0.026 secs (0.026u,0.s) (success)
Tactic call close-abstract-regression-quadratic ran for 0.014 secs (0.014u,0.s)
Params: n= 31
Tactic call ssr-rewrite!-regression-quadratic ran for 0.013 secs (0.013u,0.s) (success)
Tactic call ssr-rewrite?-noop-regression-linear ran for 0. secs (0.u,0.s) (success)
Tactic call abstract-regression-quadratic ran for 0.029 secs (0.029u,0.s) (success)
Tactic call close-abstract-regression-quadratic ran for 0.015 secs (0.015u,0.s)
Params: n= 32
Tactic call ssr-rewrite!-regression-quadratic ran for 0.012 secs (0.012u,0.s) (success)
Tactic call ssr-rewrite?-noop-regression-linear ran for 0. secs (0.u,0.s) (success)
Tactic call abstract-regression-quadratic ran for 0.029 secs (0.029u,0.s) (success)
Tactic call close-abstract-regression-quadratic ran for 0.016 secs (0.016u,0.s)
Params: n= 33
Tactic call ssr-rewrite!-regression-quadratic ran for 0.017 secs (0.017u,0.s) (success)
Tactic call ssr-rewrite?-noop-regression-linear ran for 0. secs (0.u,0.s) (success)
Tactic call abstract-regression-quadratic ran for 0.035 secs (0.035u,0.s) (success)
Tactic call close-abstract-regression-quadratic ran for 0.017 secs (0.017u,0.s)
Params: n= 34
Tactic call ssr-rewrite!-regression-quadratic ran for 0.014 secs (0.014u,0.s) (success)
Tactic call ssr-rewrite?-noop-regression-linear ran for 0. secs (0.u,0.s) (success)
Tactic call abstract-regression-quadratic ran for 0.033 secs (0.033u,0.s) (success)
Tactic call close-abstract-regression-quadratic ran for 0.018 secs (0.018u,0.s)
Params: n= 35
Tactic call ssr-rewrite!-regression-quadratic ran for 0.016 secs (0.016u,0.s) (success)
Tactic call ssr-rewrite?-noop-regression-linear ran for 0. secs (0.u,0.s) (success)
Tactic call abstract-regression-quadratic ran for 0.036 secs (0.036u,0.s) (success)
Tactic call close-abstract-regression-quadratic ran for 0.019 secs (0.019u,0.s)
Params: n= 36
Tactic call ssr-rewrite!-regression-quadratic ran for 0.015 secs (0.015u,0.s) (success)
Tactic call ssr-rewrite?-noop-regression-linear ran for 0. secs (0.u,0.s) (success)
Tactic call abstract-regression-quadratic ran for 0.039 secs (0.039u,0.s) (success)
Tactic call close-abstract-regression-quadratic ran for 0.023 secs (0.023u,0.s)
Params: n= 37
Tactic call ssr-rewrite!-regression-quadratic ran for 0.016 secs (0.016u,0.s) (success)
Tactic call ssr-rewrite?-noop-regression-linear ran for 0. secs (0.u,0.s) (success)
Tactic call abstract-regression-quadratic ran for 0.039 secs (0.039u,0.s) (success)
Tactic call close-abstract-regression-quadratic ran for 0.021 secs (0.021u,0.s)
Params: n= 38
Tactic call ssr-rewrite!-regression-quadratic ran for 0.019 secs (0.019u,0.s) (success)
Tactic call ssr-rewrite?-noop-regression-linear ran for 0. secs (0.u,0.s) (success)
Tactic call abstract-regression-quadratic ran for 0.043 secs (0.043u,0.s) (success)
Tactic call close-abstract-regression-quadratic ran for 0.022 secs (0.022u,0.s)
Params: n= 39
Tactic call ssr-rewrite!-regression-quadratic ran for 0.018 secs (0.018u,0.s) (success)
Tactic call ssr-rewrite?-noop-regression-linear ran for 0. secs (0.u,0.s) (success)
Tactic call abstract-regression-quadratic ran for 0.046 secs (0.046u,0.s) (success)
Tactic call close-abstract-regression-quadratic ran for 0.027 secs (0.027u,0.s)
Params: n= 40
Tactic call ssr-rewrite!-regression-quadratic ran for 0.019 secs (0.019u,0.s) (success)
Tactic call ssr-rewrite?-noop-regression-linear ran for 0. secs (0.u,0.s) (success)
Tactic call abstract-regression-quadratic ran for 0.047 secs (0.047u,0.s) (success)
Tactic call close-abstract-regression-quadratic ran for 0.027 secs (0.027u,0.s)
Params: n= 41
Tactic call ssr-rewrite!-regression-quadratic ran for 0.022 secs (0.022u,0.s) (success)
Tactic call ssr-rewrite?-noop-regression-linear ran for 0. secs (0.u,0.s) (success)
Tactic call abstract-regression-quadratic ran for 0.049 secs (0.049u,0.s) (success)
Tactic call close-abstract-regression-quadratic ran for 0.026 secs (0.026u,0.s)
Params: n= 42
Tactic call ssr-rewrite!-regression-quadratic ran for 0.022 secs (0.022u,0.s) (success)
Tactic call ssr-rewrite?-noop-regression-linear ran for 0. secs (0.u,0.s) (success)
Tactic call abstract-regression-quadratic ran for 0.051 secs (0.051u,0.s) (success)
Tactic call close-abstract-regression-quadratic ran for 0.028 secs (0.028u,0.s)
Params: n= 43
Tactic call ssr-rewrite!-regression-quadratic ran for 0.024 secs (0.024u,0.s) (success)
Tactic call ssr-rewrite?-noop-regression-linear ran for 0. secs (0.u,0.s) (success)
Tactic call abstract-regression-quadratic ran for 0.054 secs (0.054u,0.s) (success)
Tactic call close-abstract-regression-quadratic ran for 0.029 secs (0.029u,0.s)
Params: n= 44
Tactic call ssr-rewrite!-regression-quadratic ran for 0.022 secs (0.022u,0.s) (success)
Tactic call ssr-rewrite?-noop-regression-linear ran for 0. secs (0.u,0.s) (success)
Tactic call abstract-regression-quadratic ran for 0.06 secs (0.06u,0.s) (success)
Tactic call close-abstract-regression-quadratic ran for 0.036 secs (0.036u,0.s)
Params: n= 45
Tactic call ssr-rewrite!-regression-quadratic ran for 0.024 secs (0.023u,0.s) (success)
Tactic call ssr-rewrite?-noop-regression-linear ran for 0. secs (0.u,0.s) (success)
Tactic call abstract-regression-quadratic ran for 0.059 secs (0.059u,0.s) (success)
Tactic call close-abstract-regression-quadratic ran for 0.034 secs (0.034u,0.s)
Params: n= 46
Tactic call ssr-rewrite!-regression-quadratic ran for 0.024 secs (0.024u,0.s) (success)
Tactic call ssr-rewrite?-noop-regression-linear ran for 0. secs (0.u,0.s) (success)
Tactic call abstract-regression-quadratic ran for 0.062 secs (0.062u,0.s) (success)
Tactic call close-abstract-regression-quadratic ran for 0.037 secs (0.036u,0.s)
Params: n= 47
Tactic call ssr-rewrite!-regression-quadratic ran for 0.025 secs (0.025u,0.s) (success)
Tactic call ssr-rewrite?-noop-regression-linear ran for 0. secs (0.u,0.s) (success)
Tactic call abstract-regression-quadratic ran for 0.064 secs (0.064u,0.s) (success)
Tactic call close-abstract-regression-quadratic ran for 0.037 secs (0.037u,0.s)
Params: n= 48
Tactic call ssr-rewrite!-regression-quadratic ran for 0.026 secs (0.026u,0.s) (success)
Tactic call ssr-rewrite?-noop-regression-linear ran for 0. secs (0.u,0.s) (success)
Tactic call abstract-regression-quadratic ran for 0.068 secs (0.068u,0.s) (success)
Tactic call close-abstract-regression-quadratic ran for 0.04 secs (0.04u,0.s)
Params: n= 49
Tactic call ssr-rewrite!-regression-quadratic ran for 0.028 secs (0.028u,0.s) (success)
Tactic call ssr-rewrite?-noop-regression-linear ran for 0. secs (0.u,0.s) (success)
Tactic call abstract-regression-quadratic ran for 0.072 secs (0.072u,0.s) (success)
Tactic call close-abstract-regression-quadratic ran for 0.043 secs (0.043u,0.s)
Params: n= 51
Tactic call ssr-rewrite!-regression-quadratic ran for 0.035 secs (0.035u,0.s) (success)
Tactic call ssr-rewrite?-noop-regression-linear ran for 0. secs (0.u,0.s) (success)
Tactic call abstract-regression-quadratic ran for 0.079 secs (0.079u,0.s) (success)
Tactic call close-abstract-regression-quadratic ran for 0.042 secs (0.042u,0.s)
Params: n= 52
Tactic call ssr-rewrite!-regression-quadratic ran for 0.032 secs (0.032u,0.s) (success)
Tactic call ssr-rewrite?-noop-regression-linear ran for 0. secs (0.u,0.s) (success)
Tactic call abstract-regression-quadratic ran for 0.078 secs (0.078u,0.s) (success)
Tactic call close-abstract-regression-quadratic ran for 0.045 secs (0.045u,0.s)
Params: n= 53
Tactic call ssr-rewrite!-regression-quadratic ran for 0.032 secs (0.032u,0.s) (success)
Tactic call ssr-rewrite?-noop-regression-linear ran for 0. secs (0.u,0.s) (success)
Tactic call abstract-regression-quadratic ran for 0.081 secs (0.081u,0.s) (success)
Tactic call close-abstract-regression-quadratic ran for 0.049 secs (0.049u,0.s)
Params: n= 54
Tactic call ssr-rewrite!-regression-quadratic ran for 0.038 secs (0.038u,0.s) (success)
Tactic call ssr-rewrite?-noop-regression-linear ran for 0. secs (0.u,0.s) (success)
Tactic call abstract-regression-quadratic ran for 0.087 secs (0.087u,0.s) (success)
Tactic call close-abstract-regression-quadratic ran for 0.047 secs (0.047u,0.s)
Params: n= 55
Tactic call ssr-rewrite!-regression-quadratic ran for 0.036 secs (0.036u,0.s) (success)
Tactic call ssr-rewrite?-noop-regression-linear ran for 0. secs (0.u,0.s) (success)
Tactic call abstract-regression-quadratic ran for 0.09 secs (0.09u,0.s) (success)
Tactic call close-abstract-regression-quadratic ran for 0.053 secs (0.053u,0.s)
Params: n= 56
Tactic call ssr-rewrite!-regression-quadratic ran for 0.036 secs (0.036u,0.s) (success)
Tactic call ssr-rewrite?-noop-regression-linear ran for 0. secs (0.u,0.s) (success)
Tactic call abstract-regression-quadratic ran for 0.092 secs (0.092u,0.s) (success)
Tactic call close-abstract-regression-quadratic ran for 0.055 secs (0.055u,0.s)
Params: n= 57
Tactic call ssr-rewrite!-regression-quadratic ran for 0.042 secs (0.042u,0.s) (success)
Tactic call ssr-rewrite?-noop-regression-linear ran for 0. secs (0.u,0.s) (success)
Tactic call abstract-regression-quadratic ran for 0.095 secs (0.095u,0.s) (success)
Tactic call close-abstract-regression-quadratic ran for 0.052 secs (0.052u,0.s)
Params: n= 58
Tactic call ssr-rewrite!-regression-quadratic ran for 0.037 secs (0.037u,0.s) (success)
Tactic call ssr-rewrite?-noop-regression-linear ran for 0. secs (0.u,0.s) (success)
Tactic call abstract-regression-quadratic ran for 0.101 secs (0.101u,0.s) (success)
Tactic call close-abstract-regression-quadratic ran for 0.062 secs (0.062u,0.s)
Params: n= 59
Tactic call ssr-rewrite!-regression-quadratic ran for 0.043 secs (0.043u,0.s) (success)
Tactic call ssr-rewrite?-noop-regression-linear ran for 0. secs (0.u,0.s) (success)
Tactic call abstract-regression-quadratic ran for 0.103 secs (0.103u,0.s) (success)
Tactic call close-abstract-regression-quadratic ran for 0.059 secs (0.059u,0.s)
Params: n= 60
Tactic call ssr-rewrite!-regression-quadratic ran for 0.045 secs (0.045u,0.s) (success)
Tactic call ssr-rewrite?-noop-regression-linear ran for 0. secs (0.u,0.s) (success)
Tactic call abstract-regression-quadratic ran for 0.103 secs (0.103u,0.s) (success)
Tactic call close-abstract-regression-quadratic ran for 0.057 secs (0.057u,0.s)
Params: n= 61
Tactic call ssr-rewrite!-regression-quadratic ran for 0.05 secs (0.049u,0.s) (success)
Tactic call ssr-rewrite?-noop-regression-linear ran for 0. secs (0.u,0.s) (success)
Tactic call abstract-regression-quadratic ran for 0.113 secs (0.113u,0.s) (success)
Tactic call close-abstract-regression-quadratic ran for 0.062 secs (0.062u,0.s)
Params: n= 62
Tactic call ssr-rewrite!-regression-quadratic ran for 0.047 secs (0.047u,0.s) (success)
Tactic call ssr-rewrite?-noop-regression-linear ran for 0. secs (0.u,0.s) (success)
Tactic call abstract-regression-quadratic ran for 0.112 secs (0.112u,0.s) (success)
Tactic call close-abstract-regression-quadratic ran for 0.064 secs (0.064u,0.s)
Params: n= 63
Tactic call ssr-rewrite!-regression-quadratic ran for 0.048 secs (0.048u,0.s) (success)
Tactic call ssr-rewrite?-noop-regression-linear ran for 0. secs (0.u,0.s) (success)
Tactic call abstract-regression-quadratic ran for 0.114 secs (0.114u,0.s) (success)
Tactic call close-abstract-regression-quadratic ran for 0.065 secs (0.065u,0.s)
Params: n= 64
Tactic call ssr-rewrite!-regression-quadratic ran for 0.047 secs (0.047u,0.s) (success)
Tactic call ssr-rewrite?-noop-regression-linear ran for 0. secs (0.u,0.s) (success)
Tactic call abstract-regression-quadratic ran for 0.115 secs (0.115u,0.s) (success)
Tactic call close-abstract-regression-quadratic ran for 0.067 secs (0.067u,0.s)
Params: n= 65
Tactic call ssr-rewrite!-regression-quadratic ran for 0.047 secs (0.047u,0.s) (success)
Tactic call ssr-rewrite?-noop-regression-linear ran for 0. secs (0.u,0.s) (success)
Tactic call abstract-regression-quadratic ran for 0.12 secs (0.12u,0.s) (success)
Tactic call close-abstract-regression-quadratic ran for 0.072 secs (0.072u,0.s)
Params: n= 66
Tactic call ssr-rewrite!-regression-quadratic ran for 0.049 secs (0.049u,0.s) (success)
Tactic call ssr-rewrite?-noop-regression-linear ran for 0. secs (0.u,0.s) (success)
Tactic call abstract-regression-quadratic ran for 0.121 secs (0.121u,0.s) (success)
Tactic call close-abstract-regression-quadratic ran for 0.071 secs (0.071u,0.s)
Params: n= 67
Tactic call ssr-rewrite!-regression-quadratic ran for 0.055 secs (0.055u,0.s) (success)
Tactic call ssr-rewrite?-noop-regression-linear ran for 0. secs (0.u,0.s) (success)
Tactic call abstract-regression-quadratic ran for 0.136 secs (0.136u,0.s) (success)
Tactic call close-abstract-regression-quadratic ran for 0.079 secs (0.079u,0.s)
Params: n= 68
Tactic call ssr-rewrite!-regression-quadratic ran for 0.059 secs (0.059u,0.s) (success)
Tactic call ssr-rewrite?-noop-regression-linear ran for 0. secs (0.u,0.s) (success)
Tactic call abstract-regression-quadratic ran for 0.139 secs (0.139u,0.s) (success)
Tactic call close-abstract-regression-quadratic ran for 0.078 secs (0.078u,0.s)
Params: n= 69
Tactic call ssr-rewrite!-regression-quadratic ran for 0.058 secs (0.058u,0.s) (success)
Tactic call ssr-rewrite?-noop-regression-linear ran for 0. secs (0.u,0.s) (success)
Tactic call abstract-regression-quadratic ran for 0.144 secs (0.14u,0.003s) (success)
Tactic call close-abstract-regression-quadratic ran for 0.085 secs (0.081u,0.003s)
Params: n= 70
Tactic call ssr-rewrite!-regression-quadratic ran for 0.058 secs (0.058u,0.s) (success)
Tactic call ssr-rewrite?-noop-regression-linear ran for 0. secs (0.u,0.s) (success)
Tactic call abstract-regression-quadratic ran for 0.142 secs (0.142u,0.s) (success)
Tactic call close-abstract-regression-quadratic ran for 0.082 secs (0.082u,0.s)
Params: n= 71
Tactic call ssr-rewrite!-regression-quadratic ran for 0.06 secs (0.06u,0.s) (success)
Tactic call ssr-rewrite?-noop-regression-linear ran for 0. secs (0.u,0.s) (success)
Tactic call abstract-regression-quadratic ran for 0.146 secs (0.146u,0.s) (success)
Tactic call close-abstract-regression-quadratic ran for 0.085 secs (0.085u,0.s)
Params: n= 72
Tactic call ssr-rewrite!-regression-quadratic ran for 0.063 secs (0.063u,0.s) (success)
Tactic call ssr-rewrite?-noop-regression-linear ran for 0. secs (0.u,0.s) (success)
Tactic call abstract-regression-quadratic ran for 0.162 secs (0.158u,0.003s) (success)
Tactic call close-abstract-regression-quadratic ran for 0.098 secs (0.094u,0.003s)
Params: n= 73
Tactic call ssr-rewrite!-regression-quadratic ran for 0.063 secs (0.063u,0.s) (success)
Tactic call ssr-rewrite?-noop-regression-linear ran for 0. secs (0.u,0.s) (success)
Tactic call abstract-regression-quadratic ran for 0.157 secs (0.157u,0.s) (success)
Tactic call close-abstract-regression-quadratic ran for 0.093 secs (0.093u,0.s)
Params: n= 74
Tactic call ssr-rewrite!-regression-quadratic ran for 0.064 secs (0.064u,0.s) (success)
Tactic call ssr-rewrite?-noop-regression-linear ran for 0. secs (0.u,0.s) (success)
Tactic call abstract-regression-quadratic ran for 0.16 secs (0.16u,0.s) (success)
Tactic call close-abstract-regression-quadratic ran for 0.095 secs (0.095u,0.s)
Params: n= 75
Tactic call ssr-rewrite!-regression-quadratic ran for 0.064 secs (0.064u,0.s) (success)
Tactic call ssr-rewrite?-noop-regression-linear ran for 0. secs (0.u,0.s) (success)
Tactic call abstract-regression-quadratic ran for 0.161 secs (0.161u,0.s) (success)
Tactic call close-abstract-regression-quadratic ran for 0.095 secs (0.095u,0.s)
Params: n= 76
Tactic call ssr-rewrite!-regression-quadratic ran for 0.064 secs (0.064u,0.s) (success)
Tactic call ssr-rewrite?-noop-regression-linear ran for 0. secs (0.u,0.s) (success)
Tactic call abstract-regression-quadratic ran for 0.159 secs (0.156u,0.003s) (success)
Tactic call close-abstract-regression-quadratic ran for 0.093 secs (0.089u,0.003s)
Params: n= 77
Tactic call ssr-rewrite!-regression-quadratic ran for 0.069 secs (0.069u,0.s) (success)
Tactic call ssr-rewrite?-noop-regression-linear ran for 0. secs (0.u,0.s) (success)
Tactic call abstract-regression-quadratic ran for 0.162 secs (0.162u,0.s) (success)
Tactic call close-abstract-regression-quadratic ran for 0.091 secs (0.091u,0.s)
Params: n= 78
Tactic call ssr-rewrite!-regression-quadratic ran for 0.069 secs (0.069u,0.s) (success)
Tactic call ssr-rewrite?-noop-regression-linear ran for 0. secs (0.u,0.s) (success)
Tactic call abstract-regression-quadratic ran for 0.169 secs (0.169u,0.s) (success)
Tactic call close-abstract-regression-quadratic ran for 0.098 secs (0.098u,0.s)
Params: n= 79
Tactic call ssr-rewrite!-regression-quadratic ran for 0.075 secs (0.074u,0.s) (success)
Tactic call ssr-rewrite?-noop-regression-linear ran for 0. secs (0.u,0.s) (success)
Tactic call abstract-regression-quadratic ran for 0.181 secs (0.18u,0.s) (success)
Tactic call close-abstract-regression-quadratic ran for 0.104 secs (0.104u,0.s)
Params: n= 80
Tactic call ssr-rewrite!-regression-quadratic ran for 0.072 secs (0.072u,0.s) (success)
Tactic call ssr-rewrite?-noop-regression-linear ran for 0. secs (0.u,0.s) (success)
Tactic call abstract-regression-quadratic ran for 0.176 secs (0.176u,0.s) (success)
Tactic call close-abstract-regression-quadratic ran for 0.102 secs (0.102u,0.s)
Params: n= 81
Tactic call ssr-rewrite!-regression-quadratic ran for 0.074 secs (0.074u,0.s) (success)
Tactic call ssr-rewrite?-noop-regression-linear ran for 0. secs (0.u,0.s) (success)
Tactic call abstract-regression-quadratic ran for 0.185 secs (0.185u,0.s) (success)
Tactic call close-abstract-regression-quadratic ran for 0.109 secs (0.109u,0.s)
Params: n= 82
Tactic call ssr-rewrite!-regression-quadratic ran for 0.077 secs (0.077u,0.s) (success)
Tactic call ssr-rewrite?-noop-regression-linear ran for 0. secs (0.u,0.s) (success)
Tactic call abstract-regression-quadratic ran for 0.184 secs (0.184u,0.s) (success)
Tactic call close-abstract-regression-quadratic ran for 0.106 secs (0.106u,0.s)
Params: n= 83
Tactic call ssr-rewrite!-regression-quadratic ran for 0.076 secs (0.076u,0.s) (success)
Tactic call ssr-rewrite?-noop-regression-linear ran for 0. secs (0.u,0.s) (success)
Tactic call abstract-regression-quadratic ran for 0.189 secs (0.185u,0.003s) (success)
Tactic call close-abstract-regression-quadratic ran for 0.111 secs (0.107u,0.003s)
Params: n= 84
Tactic call ssr-rewrite!-regression-quadratic ran for 0.079 secs (0.079u,0.s) (success)
Tactic call ssr-rewrite?-noop-regression-linear ran for 0. secs (0.u,0.s) (success)
Tactic call abstract-regression-quadratic ran for 0.195 secs (0.195u,0.s) (success)
Tactic call close-abstract-regression-quadratic ran for 0.115 secs (0.115u,0.s)
Params: n= 85
Tactic call ssr-rewrite!-regression-quadratic ran for 0.091 secs (0.091u,0.s) (success)
Tactic call ssr-rewrite?-noop-regression-linear ran for 0. secs (0.u,0.s) (success)
Tactic call abstract-regression-quadratic ran for 0.202 secs (0.202u,0.s) (success)
Tactic call close-abstract-regression-quadratic ran for 0.11 secs (0.11u,0.s)
Params: n= 86
Tactic call ssr-rewrite!-regression-quadratic ran for 0.082 secs (0.082u,0.s) (success)
Tactic call ssr-rewrite?-noop-regression-linear ran for 0. secs (0.u,0.s) (success)
Tactic call abstract-regression-quadratic ran for 0.209 secs (0.209u,0.s) (success)
Tactic call close-abstract-regression-quadratic ran for 0.125 secs (0.125u,0.s)
Params: n= 87
Tactic call ssr-rewrite!-regression-quadratic ran for 0.087 secs (0.087u,0.s) (success)
Tactic call ssr-rewrite?-noop-regression-linear ran for 0. secs (0.u,0.s) (success)
Tactic call abstract-regression-quadratic ran for 0.209 secs (0.209u,0.s) (success)
Tactic call close-abstract-regression-quadratic ran for 0.121 secs (0.121u,0.s)
Params: n= 88
Tactic call ssr-rewrite!-regression-quadratic ran for 0.091 secs (0.091u,0.s) (success)
Tactic call ssr-rewrite?-noop-regression-linear ran for 0. secs (0.u,0.s) (success)
Tactic call abstract-regression-quadratic ran for 0.241 secs (0.241u,0.s) (success)
Tactic call close-abstract-regression-quadratic ran for 0.149 secs (0.149u,0.s)
Params: n= 89
Tactic call ssr-rewrite!-regression-quadratic ran for 0.09 secs (0.086u,0.003s) (success)
Tactic call ssr-rewrite?-noop-regression-linear ran for 0. secs (0.u,0.s) (success)
Tactic call abstract-regression-quadratic ran for 0.233 secs (0.229u,0.004s) (success)
Tactic call close-abstract-regression-quadratic ran for 0.141 secs (0.141u,0.s)
Params: n= 90
Tactic call ssr-rewrite!-regression-quadratic ran for 0.1 secs (0.1u,0.s) (success)
Tactic call ssr-rewrite?-noop-regression-linear ran for 0. secs (0.u,0.s) (success)
Tactic call abstract-regression-quadratic ran for 0.241 secs (0.241u,0.s) (success)
Tactic call close-abstract-regression-quadratic ran for 0.14 secs (0.139u,0.s)
Params: n= 91
Tactic call ssr-rewrite!-regression-quadratic ran for 0.092 secs (0.092u,0.s) (success)
Tactic call ssr-rewrite?-noop-regression-linear ran for 0. secs (0.u,0.s) (success)
Tactic call abstract-regression-quadratic ran for 0.247 secs (0.247u,0.s) (success)
Tactic call close-abstract-regression-quadratic ran for 0.154 secs (0.153u,0.s)
Params: n= 92
Tactic call ssr-rewrite!-regression-quadratic ran for 0.093 secs (0.093u,0.s) (success)
Tactic call ssr-rewrite?-noop-regression-linear ran for 0. secs (0.u,0.s) (success)
Tactic call abstract-regression-quadratic ran for 0.255 secs (0.255u,0.s) (success)
Tactic call close-abstract-regression-quadratic ran for 0.16 secs (0.16u,0.s)
Params: n= 93
Tactic call ssr-rewrite!-regression-quadratic ran for 0.1 secs (0.1u,0.s) (success)
Tactic call ssr-rewrite?-noop-regression-linear ran for 0. secs (0.u,0.s) (success)
Tactic call abstract-regression-quadratic ran for 0.265 secs (0.261u,0.003s) (success)
Tactic call close-abstract-regression-quadratic ran for 0.163 secs (0.159u,0.003s)
Params: n= 94
Tactic call ssr-rewrite!-regression-quadratic ran for 0.103 secs (0.103u,0.s) (success)
Tactic call ssr-rewrite?-noop-regression-linear ran for 0. secs (0.u,0.s) (success)
Tactic call abstract-regression-quadratic ran for 0.272 secs (0.272u,0.s) (success)
Tactic call close-abstract-regression-quadratic ran for 0.167 secs (0.167u,0.s)
Params: n= 95
Tactic call ssr-rewrite!-regression-quadratic ran for 0.104 secs (0.104u,0.s) (success)
Tactic call ssr-rewrite?-noop-regression-linear ran for 0. secs (0.u,0.s) (success)
Tactic call abstract-regression-quadratic ran for 0.272 secs (0.272u,0.s) (success)
Tactic call close-abstract-regression-quadratic ran for 0.166 secs (0.166u,0.s)
Params: n= 96
Tactic call ssr-rewrite!-regression-quadratic ran for 0.104 secs (0.104u,0.s) (success)
Tactic call ssr-rewrite?-noop-regression-linear ran for 0. secs (0.u,0.s) (success)
Tactic call abstract-regression-quadratic ran for 0.262 secs (0.262u,0.s) (success)
Tactic call close-abstract-regression-quadratic ran for 0.156 secs (0.156u,0.s)
Params: n= 97
Tactic call ssr-rewrite!-regression-quadratic ran for 0.105 secs (0.105u,0.s) (success)
Tactic call ssr-rewrite?-noop-regression-linear ran for 0. secs (0.u,0.s) (success)
Tactic call abstract-regression-quadratic ran for 0.263 secs (0.259u,0.004s) (success)
Tactic call close-abstract-regression-quadratic ran for 0.156 secs (0.152u,0.004s)
Params: n= 98
Tactic call ssr-rewrite!-regression-quadratic ran for 0.108 secs (0.107u,0.s) (success)
Tactic call ssr-rewrite?-noop-regression-linear ran for 0. secs (0.u,0.s) (success)
Tactic call abstract-regression-quadratic ran for 0.273 secs (0.273u,0.s) (success)
Tactic call close-abstract-regression-quadratic ran for 0.164 secs (0.164u,0.s)
Params: n= 99
Tactic call ssr-rewrite!-regression-quadratic ran for 0.118 secs (0.114u,0.003s) (success)
Tactic call ssr-rewrite?-noop-regression-linear ran for 0. secs (0.u,0.s) (success)
Tactic call abstract-regression-quadratic ran for 0.275 secs (0.271u,0.003s) (success)
Tactic call close-abstract-regression-quadratic ran for 0.155 secs (0.155u,0.s)
Params: n= 110
Tactic call ssr-rewrite!-regression-quadratic ran for 0.142 secs (0.142u,0.s) (success)
Tactic call ssr-rewrite?-noop-regression-linear ran for 0. secs (0.u,0.s) (success)
Tactic call abstract-regression-quadratic ran for 0.342 secs (0.338u,0.003s) (success)
Tactic call close-abstract-regression-quadratic ran for 0.199 secs (0.195u,0.003s)
Params: n= 120
Tactic call ssr-rewrite!-regression-quadratic ran for 0.164 secs (0.16u,0.003s) (success)
Tactic call ssr-rewrite?-noop-regression-linear ran for 0. secs (0.u,0.s) (success)
Tactic call abstract-regression-quadratic ran for 0.401 secs (0.397u,0.003s) (success)
Tactic call close-abstract-regression-quadratic ran for 0.235 secs (0.235u,0.s)
Params: n= 130
Tactic call ssr-rewrite!-regression-quadratic ran for 0.189 secs (0.189u,0.s) (success)
Tactic call ssr-rewrite?-noop-regression-linear ran for 0. secs (0.u,0.s) (success)
Tactic call abstract-regression-quadratic ran for 0.467 secs (0.467u,0.s) (success)
Tactic call close-abstract-regression-quadratic ran for 0.276 secs (0.276u,0.s)
Params: n= 140
Tactic call ssr-rewrite!-regression-quadratic ran for 0.219 secs (0.219u,0.s) (success)
Tactic call ssr-rewrite?-noop-regression-linear ran for 0. secs (0.u,0.s) (success)
Tactic call abstract-regression-quadratic ran for 0.554 secs (0.554u,0.s) (success)
Tactic call close-abstract-regression-quadratic ran for 0.333 secs (0.333u,0.s)
Params: n= 160
Tactic call ssr-rewrite!-regression-quadratic ran for 0.298 secs (0.298u,0.s) (success)
Tactic call ssr-rewrite?-noop-regression-linear ran for 0. secs (0.u,0.s) (success)
Tactic call abstract-regression-quadratic ran for 0.747 secs (0.747u,0.s) (success)
Tactic call close-abstract-regression-quadratic ran for 0.447 secs (0.447u,0.s)
Params: n= 170
Tactic call ssr-rewrite!-regression-quadratic ran for 0.341 secs (0.341u,0.s) (success)
Tactic call ssr-rewrite?-noop-regression-linear ran for 0. secs (0.u,0.s) (success)
Tactic call abstract-regression-quadratic ran for 0.847 secs (0.847u,0.s) (success)
Tactic call close-abstract-regression-quadratic ran for 0.503 secs (0.503u,0.s)
Params: n= 180
Tactic call ssr-rewrite!-regression-quadratic ran for 0.373 secs (0.372u,0.s) (success)
Tactic call ssr-rewrite?-noop-regression-linear ran for 0. secs (0.u,0.s) (success)
Tactic call abstract-regression-quadratic ran for 0.895 secs (0.895u,0.s) (success)
Tactic call close-abstract-regression-quadratic ran for 0.52 secs (0.52u,0.s)
Params: n= 190
Tactic call ssr-rewrite!-regression-quadratic ran for 0.405 secs (0.405u,0.s) (success)
Tactic call ssr-rewrite?-noop-regression-linear ran for 0. secs (0.u,0.s) (success)
Tactic call abstract-regression-quadratic ran for 0.965 secs (0.965u,0.s) (success)
Tactic call close-abstract-regression-quadratic ran for 0.558 secs (0.558u,0.s)
Params: n= 210
Tactic call ssr-rewrite!-regression-quadratic ran for 0.478 secs (0.478u,0.s) (success)
Tactic call ssr-rewrite?-noop-regression-linear ran for 0. secs (0.u,0.s) (success)
Tactic call abstract-regression-quadratic ran for 1.168 secs (1.163u,0.003s) (success)
Tactic call close-abstract-regression-quadratic ran for 0.687 secs (0.683u,0.003s)
Params: n= 220
Tactic call ssr-rewrite!-regression-quadratic ran for 0.557 secs (0.557u,0.s) (success)
Tactic call ssr-rewrite?-noop-regression-linear ran for 0. secs (0.u,0.s) (success)
Tactic call abstract-regression-quadratic ran for 1.383 secs (1.382u,0.s) (success)
Tactic call close-abstract-regression-quadratic ran for 0.823 secs (0.823u,0.s)
Params: n= 230
Tactic call ssr-rewrite!-regression-quadratic ran for 0.598 secs (0.598u,0.s) (success)
Tactic call ssr-rewrite?-noop-regression-linear ran for 0. secs (0.u,0.s) (success)
Tactic call abstract-regression-quadratic ran for 1.44 secs (1.432u,0.007s) (success)
Tactic call close-abstract-regression-quadratic ran for 0.84 secs (0.832u,0.007s)
Params: n= 240
Tactic call ssr-rewrite!-regression-quadratic ran for 0.645 secs (0.633u,0.012s) (success)
Tactic call ssr-rewrite?-noop-regression-linear ran for 0. secs (0.u,0.s) (success)
Tactic call abstract-regression-quadratic ran for 1.537 secs (1.524u,0.012s) (success)
Tactic call close-abstract-regression-quadratic ran for 0.889 secs (0.889u,0.s)
Params: n= 260
Tactic call ssr-rewrite!-regression-quadratic ran for 0.968 secs (0.968u,0.s) (success)
Tactic call ssr-rewrite?-noop-regression-linear ran for 0. secs (0.u,0.s) (success)
Tactic call abstract-regression-quadratic ran for 2.093 secs (2.092u,0.s) (success)
Tactic call close-abstract-regression-quadratic ran for 1.122 secs (1.122u,0.s)
Params: n= 270
Tactic call ssr-rewrite!-regression-quadratic ran for 0.808 secs (0.807u,0.s) (success)
Tactic call ssr-rewrite?-noop-regression-linear ran for 0. secs (0.u,0.s) (success)
Tactic call abstract-regression-quadratic ran for 1.923 secs (1.923u,0.s) (success)
Tactic call close-abstract-regression-quadratic ran for 1.113 secs (1.113u,0.s)
Params: n= 280
Tactic call ssr-rewrite!-regression-quadratic ran for 0.84 secs (0.84u,0.s) (success)
Tactic call ssr-rewrite?-noop-regression-linear ran for 0. secs (0.u,0.s) (success)
Tactic call abstract-regression-quadratic ran for 2.126 secs (2.125u,0.s) (success)
Tactic call close-abstract-regression-quadratic ran for 1.283 secs (1.283u,0.s)
Params: n= 290
Tactic call ssr-rewrite!-regression-quadratic ran for 0.976 secs (0.976u,0.s) (success)
Tactic call ssr-rewrite?-noop-regression-linear ran for 0. secs (0.u,0.s) (success)
Tactic call abstract-regression-quadratic ran for 2.295 secs (2.295u,0.s) (success)
Tactic call close-abstract-regression-quadratic ran for 1.317 secs (1.317u,0.s)
Params: n= 310
Tactic call ssr-rewrite!-regression-quadratic ran for 1.058 secs (1.058u,0.s) (success)
Tactic call ssr-rewrite?-noop-regression-linear ran for 0. secs (0.u,0.s) (success)
Tactic call abstract-regression-quadratic ran for 2.515 secs (2.514u,0.s) (success)
Tactic call close-abstract-regression-quadratic ran for 1.454 secs (1.454u,0.s)
Params: n= 320
Tactic call ssr-rewrite!-regression-quadratic ran for 1.164 secs (1.164u,0.s) (success)
Tactic call ssr-rewrite?-noop-regression-linear ran for 0. secs (0.u,0.s) (success)
Tactic call abstract-regression-quadratic ran for 2.803 secs (2.803u,0.s) (success)
Tactic call close-abstract-regression-quadratic ran for 1.637 secs (1.636u,0.s)
Params: n= 330
Tactic call ssr-rewrite!-regression-quadratic ran for 1.224 secs (1.224u,0.s) (success)
Tactic call ssr-rewrite?-noop-regression-linear ran for 0. secs (0.u,0.s) (success)
Tactic call abstract-regression-quadratic ran for 2.977 secs (2.976u,0.s) (success)
Tactic call close-abstract-regression-quadratic ran for 1.75 secs (1.75u,0.s)
Params: n= 340
Tactic call ssr-rewrite!-regression-quadratic ran for 1.361 secs (1.36u,0.s) (success)
Tactic call ssr-rewrite?-noop-regression-linear ran for 0. secs (0.u,0.s) (success)
Tactic call abstract-regression-quadratic ran for 3.165 secs (3.161u,0.003s) (success)
Tactic call close-abstract-regression-quadratic ran for 1.802 secs (1.798u,0.003s)
Params: n= 360
Tactic call ssr-rewrite!-regression-quadratic ran for 1.452 secs (1.452u,0.s) (success)
Tactic call ssr-rewrite?-noop-regression-linear ran for 0. secs (0.u,0.s) (success)
Tactic call abstract-regression-quadratic ran for 3.541 secs (3.541u,0.s) (success)
Tactic call close-abstract-regression-quadratic ran for 2.086 secs (2.086u,0.s)
Params: n= 370
Tactic call ssr-rewrite!-regression-quadratic ran for 1.612 secs (1.612u,0.s) (success)
Tactic call ssr-rewrite?-noop-regression-linear ran for 0. secs (0.u,0.s) (success)
Tactic call abstract-regression-quadratic ran for 3.701 secs (3.689u,0.011s) (success)
Tactic call close-abstract-regression-quadratic ran for 2.086 secs (2.074u,0.011s)
Params: n= 380
Tactic call ssr-rewrite!-regression-quadratic ran for 1.633 secs (1.633u,0.s) (success)
Tactic call ssr-rewrite?-noop-regression-linear ran for 0. secs (0.u,0.s) (success)
Tactic call abstract-regression-quadratic ran for 3.941 secs (3.94u,0.s) (success)
Tactic call close-abstract-regression-quadratic ran for 2.305 secs (2.304u,0.s)
Params: n= 390
Tactic call ssr-rewrite!-regression-quadratic ran for 1.771 secs (1.767u,0.003s) (success)
Tactic call ssr-rewrite?-noop-regression-linear ran for 0. secs (0.u,0.s) (success)
Tactic call abstract-regression-quadratic ran for 4.119 secs (4.102u,0.016s) (success)
Tactic call close-abstract-regression-quadratic ran for 2.345 secs (2.333u,0.012s)
