Params: n= 50
Tactic call ssr-rewrite!-regression-quadratic ran for 0.083 secs (0.046u,0.036s) (success)
Tactic call ssr-rewrite?-noop-regression-linear ran for 0. secs (0.u,0.s) (success)
Tactic call abstract-regression-quadratic ran for 0.115 secs (0.074u,0.04s) (success)
Tactic call close-abstract-regression-quadratic ran for 0.031 secs (0.027u,0.004s)
Params: n= 100
Tactic call ssr-rewrite!-regression-quadratic ran for 0.094 secs (0.094u,0.s) (success)
Tactic call ssr-rewrite?-noop-regression-linear ran for 0. secs (0.u,0.s) (success)
Tactic call abstract-regression-quadratic ran for 0.244 secs (0.24u,0.003s) (success)
Tactic call close-abstract-regression-quadratic ran for 0.149 secs (0.145u,0.003s)
Params: n= 150
Tactic call ssr-rewrite!-regression-quadratic ran for 0.223 secs (0.219u,0.004s) (success)
Tactic call ssr-rewrite?-noop-regression-linear ran for 0. secs (0.u,0.s) (success)
Tactic call abstract-regression-quadratic ran for 0.538 secs (0.53u,0.008s) (success)
Tactic call close-abstract-regression-quadratic ran for 0.314 secs (0.31u,0.003s)
Params: n= 200
Tactic call ssr-rewrite!-regression-quadratic ran for 0.396 secs (0.396u,0.s) (success)
Tactic call ssr-rewrite?-noop-regression-linear ran for 0. secs (0.u,0.s) (success)
Tactic call abstract-regression-quadratic ran for 0.898 secs (0.898u,0.s) (success)
Tactic call close-abstract-regression-quadratic ran for 0.5 secs (0.5u,0.s)
Params: n= 250
Tactic call ssr-rewrite!-regression-quadratic ran for 0.591 secs (0.583u,0.007s) (success)
Tactic call ssr-rewrite?-noop-regression-linear ran for 0. secs (0.u,0.s) (success)
Tactic call abstract-regression-quadratic ran for 1.39 secs (1.374u,0.015s) (success)
Tactic call close-abstract-regression-quadratic ran for 0.798 secs (0.79u,0.007s)
Params: n= 300
Tactic call ssr-rewrite!-regression-quadratic ran for 0.902 secs (0.898u,0.003s) (success)
Tactic call ssr-rewrite?-noop-regression-linear ran for 0. secs (0.u,0.s) (success)
Tactic call abstract-regression-quadratic ran for 2.046 secs (2.025u,0.019s) (success)
Tactic call close-abstract-regression-quadratic ran for 1.142 secs (1.126u,0.015s)
Params: n= 350
Tactic call ssr-rewrite!-regression-quadratic ran for 1.182 secs (1.178u,0.003s) (success)
Tactic call ssr-rewrite?-noop-regression-linear ran for 0. secs (0.u,0.s) (success)
Tactic call abstract-regression-quadratic ran for 2.775 secs (2.771u,0.004s) (success)
Tactic call close-abstract-regression-quadratic ran for 1.592 secs (1.591u,0.s)
Params: n= 400
Tactic call ssr-rewrite!-regression-quadratic ran for 1.604 secs (1.588u,0.015s) (success)
Tactic call ssr-rewrite?-noop-regression-linear ran for 0. secs (0.u,0.s) (success)
Tactic call abstract-regression-quadratic ran for 3.608 secs (3.592u,0.015s) (success)
Tactic call close-abstract-regression-quadratic ran for 2.002 secs (2.001u,0.s)
