Params: n= 10
Tactic call noop-repeat-setoid_rewrite-regression-cubic ran for 0.006 secs (0.002u,0.003s) (success)
Tactic call noop-repeat-rewrite_strat-topdown-regression-cubic ran for 0.006 secs (0.001u,0.004s) (success)
Tactic call noop-repeat-rewrite_strat-bottomup-regression-cubic ran for 0.006 secs (0.006u,0.s) (success)
Params: n= 20
Tactic call noop-repeat-setoid_rewrite-regression-cubic ran for 0.02 secs (0.012u,0.008s) (success)
Tactic call noop-repeat-rewrite_strat-topdown-regression-cubic ran for 0.066 secs (0.054u,0.011s) (success)
Tactic call noop-repeat-rewrite_strat-bottomup-regression-cubic ran for 0.013 secs (0.013u,0.s) (success)
Params: n= 30
Tactic call noop-repeat-setoid_rewrite-regression-cubic ran for 0.035 secs (0.035u,0.s) (success)
Tactic call noop-repeat-rewrite_strat-topdown-regression-cubic ran for 0.037 secs (0.037u,0.s) (success)
Tactic call noop-repeat-rewrite_strat-bottomup-regression-cubic ran for 0.034 secs (0.034u,0.s) (success)
Params: n= 40
Tactic call noop-repeat-setoid_rewrite-regression-cubic ran for 0.081 secs (0.081u,0.s) (success)
Tactic call noop-repeat-rewrite_strat-topdown-regression-cubic ran for 0.073 secs (0.073u,0.s) (success)
Tactic call noop-repeat-rewrite_strat-bottomup-regression-cubic ran for 0.072 secs (0.072u,0.s) (success)
Params: n= 60
Tactic call noop-repeat-setoid_rewrite-regression-cubic ran for 0.217 secs (0.217u,0.s) (success)
Tactic call noop-repeat-rewrite_strat-topdown-regression-cubic ran for 0.22 secs (0.22u,0.s) (success)
Tactic call noop-repeat-rewrite_strat-bottomup-regression-cubic ran for 0.219 secs (0.219u,0.s) (success)
Params: n= 70
Tactic call noop-repeat-setoid_rewrite-regression-cubic ran for 0.337 secs (0.337u,0.s) (success)
Tactic call noop-repeat-rewrite_strat-topdown-regression-cubic ran for 0.32 secs (0.32u,0.s) (success)
Tactic call noop-repeat-rewrite_strat-bottomup-regression-cubic ran for 0.338 secs (0.338u,0.s) (success)
Params: n= 80
Tactic call noop-repeat-setoid_rewrite-regression-cubic ran for 0.478 secs (0.478u,0.s) (success)
Tactic call noop-repeat-rewrite_strat-topdown-regression-cubic ran for 0.475 secs (0.475u,0.s) (success)
Tactic call noop-repeat-rewrite_strat-bottomup-regression-cubic ran for 0.482 secs (0.482u,0.s) (success)
Params: n= 90
Tactic call noop-repeat-setoid_rewrite-regression-cubic ran for 0.689 secs (0.689u,0.s) (success)
Tactic call noop-repeat-rewrite_strat-topdown-regression-cubic ran for 0.648 secs (0.648u,0.s) (success)
Tactic call noop-repeat-rewrite_strat-bottomup-regression-cubic ran for 0.696 secs (0.696u,0.s) (success)
Params: n= 110
Tactic call noop-repeat-setoid_rewrite-regression-cubic ran for 1.21 secs (1.21u,0.s) (success)
Tactic call noop-repeat-rewrite_strat-topdown-regression-cubic ran for 1.188 secs (1.188u,0.s) (success)
Tactic call noop-repeat-rewrite_strat-bottomup-regression-cubic ran for 1.208 secs (1.208u,0.s) (success)
Params: n= 120
Tactic call noop-repeat-setoid_rewrite-regression-cubic ran for 1.592 secs (1.592u,0.s) (success)
Tactic call noop-repeat-rewrite_strat-topdown-regression-cubic ran for 1.561 secs (1.561u,0.s) (success)
Tactic call noop-repeat-rewrite_strat-bottomup-regression-cubic ran for 1.555 secs (1.555u,0.s) (success)
Params: n= 130
Tactic call noop-repeat-setoid_rewrite-regression-cubic ran for 2.021 secs (2.021u,0.s) (success)
Tactic call noop-repeat-rewrite_strat-topdown-regression-cubic ran for 1.987 secs (1.987u,0.s) (success)
Tactic call noop-repeat-rewrite_strat-bottomup-regression-cubic ran for 1.99 secs (1.987u,0.003s) (success)
Params: n= 140
Tactic call noop-repeat-setoid_rewrite-regression-cubic ran for 2.473 secs (2.473u,0.s) (success)
Tactic call noop-repeat-rewrite_strat-topdown-regression-cubic ran for 2.453 secs (2.453u,0.s) (success)
Tactic call noop-repeat-rewrite_strat-bottomup-regression-cubic ran for 2.47 secs (2.47u,0.s) (success)
Params: n= 160
Tactic call noop-repeat-setoid_rewrite-regression-cubic ran for 3.642 secs (3.642u,0.s) (success)
Tactic call noop-repeat-rewrite_strat-topdown-regression-cubic ran for 3.711 secs (3.711u,0.s) (success)
Tactic call noop-repeat-rewrite_strat-bottomup-regression-cubic ran for 3.655 secs (3.654u,0.s) (success)
Params: n= 170
Tactic call noop-repeat-setoid_rewrite-regression-cubic ran for 4.38 secs (4.38u,0.s) (success)
Tactic call noop-repeat-rewrite_strat-topdown-regression-cubic ran for 4.416 secs (4.412u,0.003s) (success)
Tactic call noop-repeat-rewrite_strat-bottomup-regression-cubic ran for 4.383 secs (4.383u,0.s) (success)
Params: n= 180
Tactic call noop-repeat-setoid_rewrite-regression-cubic ran for 5.288 secs (5.283u,0.004s) (success)
Tactic call noop-repeat-rewrite_strat-topdown-regression-cubic ran for 5.198 secs (5.194u,0.003s) (success)
Tactic call noop-repeat-rewrite_strat-bottomup-regression-cubic ran for 5.173 secs (5.173u,0.s) (success)
Params: n= 190
Tactic call noop-repeat-setoid_rewrite-regression-cubic ran for 6.112 secs (6.111u,0.s) (success)
Tactic call noop-repeat-rewrite_strat-topdown-regression-cubic ran for 6.08 secs (6.076u,0.003s) (success)
Tactic call noop-repeat-rewrite_strat-bottomup-regression-cubic ran for 6.138 secs (6.138u,0.s) (success)
